
         ______________________________________________________________
        |                                                              |
        |                                                              |
        |                   CENSO - Commandline ENSO                   |
        |                           v 2.1.2                            |
        |    energetic sorting of CREST Conformer Rotamer Ensembles    |
        |                    University of Bonn, MCTC                  |
        |                           Oct 2024                           |
        |                 based on ENSO version 2.0.1                  |
        |             L. M. Seidler, F. Bohle and S. Grimme            |
        |                                                              |
        |______________________________________________________________|

        Please cite:
        (TBA)
        S. Grimme, F. Bohle, A. Hansen, P. Pracht, S. Spicher, and M. Stahn
        J. Phys. Chem. A 2021, 125, 19, 4039-4054.
        DOI: https://doi.org/10.1021/acs.jpca.1c00971

        This program is distributed in the hope that it will be useful,
        but WITHOUT ANY WARRANTY; without even the implied warranty of
        MERCHANTABILITY or FITNESS FOR A PARTICULAR PURPOSE.

Reading configuration file from /home/z5358697/.censo2rc.
CALL: /srv/scratch/z5358697/.censo/bin/censo -i crest_conformers.xyz --maxcores 6 -O 1 --loglevel DEBUG
Read 6 conformers.
Number of atoms:              12
Charge:                       0
Unpaired electrons:           0


----------------------------------------------------------------------------------------------------
                                          GENERAL SETTINGS                                          
----------------------------------------------------------------------------------------------------
    
imagthr:                      -100.0
sthr:                         0.0
scale:                        1.0
temperature:                  298.15
solvent:                      h2o
sm_rrho:                      alpb
multitemp:                    False
evaluate_rrho:                False
consider_sym:                 False
bhess:                        False
rmsdbias:                     False
balance:                      False
gas-phase:                    False
copy_mo:                      True
retry_failed:                 True
trange:                       [273.15, 373.15, 5]



----------------------------------------------------------------------------------------------------
                                            PRESCREENING                                            
----------------------------------------------------------------------------------------------------
    
threshold:                    4.0
func:                         pbe-d4
basis:                        def2-sv(p)
prog:                         orca
gfnv:                         gfn2
run:                          True
template:                     False


Running xtb_gsolv calculation for CONF6.
Running xtb_gsolv calculation for CONF1.
Running xtb_gsolv calculation for CONF2.
Running xtb_gsolv calculation for CONF3.
Running xtb_gsolv calculation for CONF5.
Running xtb_gsolv calculation for CONF4.
Running sp calculation for CONF1.
Running sp calculation for CONF2.
Running sp calculation for CONF3.
Running sp calculation for CONF4.
Running sp calculation for CONF5.
Running sp calculation for CONF6.


No longer considering CONF2.
No longer considering CONF4.

-------------------------------- PRESCREENING SINGLE-POINT RESULTS ---------------------------------

CONF#        E (xTB)          ΔE (xTB)          E (DFT)           ΔE (DFT)        ΔGsolv (xTB)           Gtot             ΔGtot          Boltzmann weight   
               [Eh]          [kcal/mol]           [Eh]           [kcal/mol]        [kcal/mol]            [Eh]           [kcal/mol]        % at 298.15 K     
CONF1       -39.728088          0.00          -1148.545187          0.63           -0.751916         -1148.546385          0.32               22.75         
CONF3       -39.723184          3.08          -1148.540331          3.68           -1.152629         -1148.542167          2.96                0.26         
CONF5       -39.722718          3.37          -1148.546196          0.00           -0.425098         -1148.546874          0.01               38.17         
CONF6       -39.720121          5.00          -1148.544575          1.02           -1.452280         -1148.546889          0.00               38.81         

Boltzmann averaged free energy/enthalpy of ensemble on input geometries (not DFT optimized):
temperature /K:   avE(T) /a.u.   avG(T) /a.u.
    298.15       -1148.5315476   -1148.5329819     <<==part0==
----------------------------------------------------------------------------------------------------

Number of conformers:         4
Highest ranked conformer:     CONF6


Ran prescreening in 8.07 seconds!

----------------------------------------------------------------------------------------------------
                                             SCREENING                                              
----------------------------------------------------------------------------------------------------
    
threshold:                    3.5
func:                         r2scan-3c
basis:                        def2-tzvp
prog:                         orca
sm:                           smd
gfnv:                         gfn2
run:                          True
implicit:                     False
template:                     False


Running gsolv calculation for CONF6.
Running gsolv calculation for CONF1.
Running gsolv calculation for CONF3.
Running gsolv calculation for CONF5.

----------------------------- SCREENING SINGLE-POINT (+ mRRHO) RESULTS -----------------------------

CONF#        G (xTB)          ΔG (xTB)          E (DFT)           ΔGsolv         GmRRHO           Gtot             ΔGtot          Boltzmann weight   
               [Eh]          [kcal/mol]           [Eh]             [Eh]           [Eh]            [Eh]           [kcal/mol]        % at 298.15 K     
CONF1       -39.729287          ---           -1150.115615       -0.001373        ---         -1150.116987          0.00               41.99         
CONF3       -39.725021          ---           -1150.112695       -0.001164        ---         -1150.113860          1.96                1.53         
CONF5       -39.723395          ---           -1150.115483       -0.000839        ---         -1150.116322          0.42               20.76         
CONF6       -39.722436          ---           -1150.112500       -0.004334        ---         -1150.116834          0.10               35.72         

Boltzmann averaged free energy/enthalpy of ensemble on input geometries (not DFT optimized):
temperature /K:   avE(T) /a.u.   avG(T) /a.u.
    298.15       -1150.1144302   -1150.1167468     <<==part1==
----------------------------------------------------------------------------------------------------


----------------------------------- SCREENING RANKING COMPARISON -----------------------------------

CONF#       ΔGtot prescreening       ΔGtot screening   
                [kcal/mol]             [kcal/mol]      
CONF1              0.32                   0.00         
CONF3              2.96                   1.96         
CONF5              0.01                   0.42         
CONF6              0.00                   0.10         
----------------------------------------------------------------------------------------------------



Number of conformers:         4
Highest ranked conformer:     CONF1


Ran screening in 60.22 seconds!

----------------------------------------------------------------------------------------------------
                                            OPTIMIZATION                                            
----------------------------------------------------------------------------------------------------
    
optcycles:                    8
maxcyc:                       200
threshold:                    1.5
hlow:                         0.01
gradthr:                      0.01
func:                         r2scan-3c
basis:                        def2-tzvp
prog:                         orca
sm:                           smd
gfnv:                         gfn2
optlevel:                     normal
run:                          True
macrocycles:                  True
crestcheck:                   True
template:                     False
constrain:                    False
xtb_opt:                      True


Optimization using macrocycles, 8 microcycles per step.
Running xtb_opt calculation for CONF1.
Running xtb_opt calculation for CONF6.
Running xtb_opt calculation for CONF3.
Running xtb_opt calculation for CONF5.
Running xtb_rrho calculation for CONF1.
Running xtb_rrho calculation for CONF5.
Running xtb_rrho calculation for CONF6.
Running xtb_rrho calculation for CONF3.

----------------------------------- OPTIMIZATION CYCLE 8 UPDATE ------------------------------------

CONF#           Gtot             ΔGtot          grad_norm       converged   
                [Eh]           [kcal/mol]        [Eh/a0]                    
CONF1       -1150.101155          0.73          0.023192          False     
CONF3       -1150.097769          2.85          0.001721          False     
CONF5       -1150.101276          0.65          0.005261          False     
CONF6       -1150.102316          0.00          0.001472          False     
----------------------------------------------------------------------------------------------------
Running xtb_opt calculation for CONF1.
Running xtb_opt calculation for CONF6.
Running xtb_opt calculation for CONF5.
Running xtb_opt calculation for CONF3.
CONF1 converged after 23 steps.
CONF5 converged after 22 steps.
CONF3 converged after 18 steps.
No longer considering CONF3 (gradient too small and ΔG = 2.91).

----------------------------------- OPTIMIZATION CYCLE 16 UPDATE -----------------------------------

CONF#           Gtot             ΔGtot          grad_norm       converged   
                [Eh]           [kcal/mol]        [Eh/a0]                    
CONF1       -1150.101875          0.34          0.000738          True      
CONF5       -1150.101343          0.68          0.000880          True      
CONF6       -1150.102419          0.00          0.001748          False     
----------------------------------------------------------------------------------------------------
Running xtb_opt calculation for CONF6.
CONF6 converged after 39 steps.

----------------------------------- OPTIMIZATION CYCLE 24 UPDATE -----------------------------------

CONF#           Gtot             ΔGtot          grad_norm       converged   
                [Eh]           [kcal/mol]        [Eh/a0]                    
CONF1       -1150.101875          0.37          0.000738          True      
CONF5       -1150.101343          0.70          0.000880          True      
CONF6       -1150.102463          0.00          0.000325          True      
----------------------------------------------------------------------------------------------------
Running xtb_rrho calculation for CONF1.
Running xtb_rrho calculation for CONF6.
Running xtb_rrho calculation for CONF5.

--------------------------------------- OPTIMIZATION RESULTS ---------------------------------------

CONF#       E (DFT) (+ ΔGsolv)       ΔE (DFT) (+ δΔGsolv)       GmRRHO           Gtot             ΔGtot          Boltzmann weight   
                   [Eh]                   [kcal/mol]             [Eh]            [Eh]           [kcal/mol]        % at 298.15 K     
CONF1          -1150.120034                  0.00                ---         -1150.102079          0.31               30.73         
CONF5          -1150.119299                  0.46                ---         -1150.101543          0.65               17.42         
CONF6          -1150.119831                  0.13                ---         -1150.102573          0.00               51.85         

Boltzmann averaged free energy/enthalpy of ensemble on optimized geometries:
temperature /K:   avE(T) /a.u.   avG(T) /a.u.
    298.15       -1150.1198008   -1150.1022415     <<==part2==
----------------------------------------------------------------------------------------------------


--------------------------------------- OPTIMIZATION RESULTS ---------------------------------------

CONF#       E (DFT) (+ ΔGsolv)       ΔE (DFT) (+ δΔGsolv)       GmRRHO           Gtot             ΔGtot          Boltzmann weight   
                   [Eh]                   [kcal/mol]             [Eh]            [Eh]           [kcal/mol]        % at 298.15 K     
CONF1          -1150.120034                  0.00                ---         -1150.102079          0.31               30.73         
CONF5          -1150.119299                  0.46                ---         -1150.101543          0.65               17.42         
CONF6          -1150.119831                  0.13                ---         -1150.102573          0.00               51.85         

Boltzmann averaged free energy/enthalpy of ensemble on optimized geometries:
temperature /K:   avE(T) /a.u.   avG(T) /a.u.
    298.15       -1150.1198008   -1150.1022415     <<==part2==
----------------------------------------------------------------------------------------------------


--------------------------------- OPTIMIZATION RANKING COMPARISON ----------------------------------

CONF#       ΔGtot prescreening       ΔGtot screening       ΔGtot optimization   
                [kcal/mol]             [kcal/mol]              [kcal/mol]       
CONF1              0.32                   0.00                    0.31          
CONF5              0.01                   0.42                    0.65          
CONF6              0.00                   0.10                    0.00          
----------------------------------------------------------------------------------------------------



Number of conformers:         3
Highest ranked conformer:     CONF6


Ran optimization in 733.55 seconds!

Ran CENSO in 00:13:21

CENSO all done!
