21
 energy: -312.205585611947 gnorm: 0.002138685896 xtb: 6.7.1 (edcfbbe)
C            1.84350025493890        0.78463134618100       -1.05088719152438
C            1.45323509251361       -0.23562208889560        0.01184971110396
H            2.22262762816316       -1.02299847898847       -0.00064203238355
C            0.10320145159868       -0.92856233657294       -0.20566685189856
C           -1.17467264698499       -0.21333853570056        0.26546525822572
C           -1.40012168738945        1.16323446010598       -0.36154701061865
C           -2.37596309549187       -1.11734914700993       -0.02509177963649
O            1.43818924071788        0.36174498847712        1.32940649197198
H            1.90595828861905        0.29595082481576       -2.02951851317630
H            1.13109058963684        1.60939746487481       -1.12183112050902
H            2.83142544485738        1.20159876104803       -0.82230478975344
H            0.01518294766892       -1.15372953124774       -1.27670899105311
H            0.13656206316406       -1.89568690795049        0.31094141502392
H           -1.10804518873781       -0.08357818853507        1.35335131888385
H           -2.38455403831311        1.55151654513558       -0.07420954461295
H           -1.37030777204905        1.10575990422472       -1.45704196271790
H           -0.65375845031047        1.89289895198660       -0.03639438613106
H           -3.30027605471455       -0.67962810122112        0.36773836460072
H           -2.50292019236084       -1.25340623726078       -1.10652673435672
H           -2.25207238410114       -2.10829976833945        0.42580369548525
H            2.31703012250985        0.73099886491883        1.48621910831807
21
 energy: -312.205593188115 gnorm: 0.001112707443 xtb: 6.7.1 (edcfbbe)
C            1.84427406529666        0.78475933532768       -1.05039931722437
C            1.45327969748815       -0.23597607345211        0.01129606161455
H            2.22224703158006       -1.02372390198650       -0.00042528628889
C            0.10280357022982       -0.92777225271819       -0.20605689540870
C           -1.17499289746472       -0.21290363768210        0.26561545252242
C           -1.40085542937699        1.16308638594522       -0.36218455817196
C           -2.37597712613957       -1.11764175201577       -0.02434874390380
O            1.43822032729323        0.36158548110484        1.32988042851921
H            1.90457749877422        0.29732055347259       -2.02930585739156
H            1.13430540046632        1.61136865371331       -1.11937219532689
H            2.83342061616948        1.19864087107144       -0.82296004768067
H            0.01424168224806       -1.15177052386620       -1.27755865869357
H            0.13622056215864       -1.89552585488608        0.31001897459030
H           -1.10810711777622       -0.08280746246685        1.35335633017846
H           -2.38588057520773        1.55000143959708       -0.07664906212720
H           -1.36929392752114        1.10514335204442       -1.45720915111138
H           -0.65604248804571        1.89350740316037       -0.03604307798330
H           -3.30035541129338       -0.68053951207553        0.36849480341121
H           -2.50274185304277       -1.25403477057705       -1.10558349624104
H           -2.25118362862598       -2.10815912676453        0.42685255119312
H            2.31715165487717        0.73097423598203        1.48498549374978
21
 energy: -312.205602066922 gnorm: 0.001406241224 xtb: 6.7.1 (edcfbbe)
C            1.84685944668310        0.78546932267974       -1.04797741684048
C            1.45257667258636       -0.23671305090087        0.01005619447802
H            2.22023007871362       -1.02548196901943       -0.00038966588684
C            0.10140229714205       -0.92607953228053       -0.20793055557538
C           -1.17553315024332       -0.21136655035131        0.26571068491111
C           -1.40335941071982        1.16263973713247       -0.36527860039894
C           -2.37555866559390       -1.11877493171492       -0.02130147460630
O            1.43903066969427        0.36026575662944        1.33226427895298
H            1.89746286828020        0.30289797487969       -2.02927162693433
H            1.14469935214556        1.61897217833436       -1.10784918512535
H            2.84121869958186        1.18813086236134       -0.82462338303779
H            0.01109870853159       -1.14626418234027       -1.28051359492237
H            0.13460971370425       -1.89584156086385        0.30532659605970
H           -1.10729591293882       -0.07948691756849        1.35299855880011
H           -2.39113433587014        1.54562522108493       -0.08630793196601
H           -1.36523921675188        1.10251844949818       -1.45936884975682
H           -0.66340401961372        1.89615023877788       -0.03610725695103
H           -3.30003111216135       -0.68304944018776        0.37199129886953
H           -2.50276244950193       -1.25696015762560       -1.10196632902772
H           -2.24782453354552       -2.10796433544353        0.43138405052563
H            2.31826599352413        0.73084593928859        1.48155477935353
21
 energy: -312.205605787701 gnorm: 0.000931822665 xtb: 6.7.1 (edcfbbe)
C            1.84692053869782        0.78619586173160       -1.04686034679073
C            1.45309800891801       -0.23727536293485        0.01014915468241
H            2.22055187397294       -1.02616692228053       -0.00123618013329
C            0.10156187264696       -0.92581120159503       -0.20825963865013
C           -1.17554161794483       -0.21138230703441        0.26531264497944
C           -1.40344848272142        1.16221249143021       -0.36696195256164
C           -2.37578996869909       -1.11894860463610       -0.02013436363152
O            1.43958666829466        0.35850032195242        1.33254505641089
H            1.89373557745238        0.30555553853968       -2.02970091211884
H            1.14608445800524        1.62144201371947       -1.10319960641238
H            2.84277327079137        1.18646556304980       -0.82480536282697
H            0.01154435274235       -1.14560284601925       -1.28069670734231
H            0.13423265540828       -1.89569188282719        0.30414307641391
H           -1.10667286871831       -0.07843752467584        1.35249213964608
H           -2.39204332987906        1.54512822930916       -0.08937043990771
H           -1.36396433778808        1.10148775192868       -1.46132973995369
H           -0.66414939159478        1.89670450115533       -0.03762320746285
H           -3.30022462801005       -0.68293826314415        0.37337631360303
H           -2.50379828627965       -1.25816343443719       -1.10073768721723
H           -2.24763364413890       -2.10791184326342        0.43325741831935
H            2.31848886922932        0.73017104874614        1.48203958388350
21
 energy: -312.205605787701 gnorm: 0.000931822665 xtb: 6.7.1 (edcfbbe)
C            1.84692053869782        0.78619586173160       -1.04686034679073
C            1.45309800891801       -0.23727536293485        0.01014915468241
H            2.22055187397294       -1.02616692228053       -0.00123618013329
C            0.10156187264696       -0.92581120159503       -0.20825963865013
C           -1.17554161794483       -0.21138230703441        0.26531264497944
C           -1.40344848272142        1.16221249143021       -0.36696195256164
C           -2.37578996869909       -1.11894860463610       -0.02013436363152
O            1.43958666829466        0.35850032195242        1.33254505641089
H            1.89373557745238        0.30555553853968       -2.02970091211884
H            1.14608445800524        1.62144201371947       -1.10319960641238
H            2.84277327079137        1.18646556304980       -0.82480536282697
H            0.01154435274235       -1.14560284601925       -1.28069670734231
H            0.13423265540828       -1.89569188282719        0.30414307641391
H           -1.10667286871831       -0.07843752467584        1.35249213964608
H           -2.39204332987906        1.54512822930916       -0.08937043990771
H           -1.36396433778808        1.10148775192868       -1.46132973995369
H           -0.66414939159478        1.89670450115533       -0.03762320746285
H           -3.30022462801005       -0.68293826314415        0.37337631360303
H           -2.50379828627965       -1.25816343443719       -1.10073768721723
H           -2.24763364413890       -2.10791184326342        0.43325741831935
H            2.31848886922932        0.73017104874614        1.48203958388350
