----------------------------------------------- 
  Element       SASA      Sigma Z        Total  
     Z         Ang**2 cal/Ang**2/mol   kcal/mol 
----------------------------------------------- 
      H        112.135      48.690       5.460
      C         30.192     129.740       3.917
      O         24.878       0.000       0.000

 Subtotal:     167.204                   9.377
 -----------------------------------------------

  Elements    COT*SASA   Sigma Z,Z'     Total   
    Z,Z'       Ang**2  cal/Ang**2/mol kcal/mol  
 ---------------------------------------------- 
  H   C         75.383     -60.770      -4.581
  H   O          0.000       0.000       0.000
  C   C         26.956     -72.950      -1.966
  O   C         15.091      68.690       1.037

 Subtotal:                              -5.511
 ---------------------------------------------- 

 NONAQUEOUS SOLVENT CONTRIBUTION (kcal/mol):
 (proportional to SASA, atomic number independent)
 ---------------------------------------------- 
 Subtotal:                               0.000
 ---------------------------------------------- 

 CDS TOTAL (kcal/mol):                   3.866
...............................................................................
