23
 energy: -276.286647625410 gnorm: 0.004718608330 xtb: 6.7.1 (edcfbbe)
C           -2.44351120344924        0.85511961796028        0.51611323669922
C           -1.27643469519055       -0.10677809738692        0.27070918470515
C           -1.61395070529709       -1.06762967255163       -0.87119659035763
C            0.00069584700244        0.69801683534592       -0.00402926196183
C            1.27826913694478       -0.10813961858972       -0.27334777998555
C            2.44728716857899        0.85344715653985       -0.51186815701119
C            1.60876316103127       -1.06985720478683        0.86973473110181
H           -3.37045489113660        0.30772257334657        0.72151562374037
H           -2.24151241760312        1.51623175292900        1.36911243041226
H           -2.61311127307123        1.48701192547823       -0.36773129803868
H           -1.12911133583100       -0.69624825523096        1.18675304062032
H           -1.77122280823534       -0.51335876669508       -1.80605504941712
H           -0.81719405996940       -1.79922737976813       -1.04640822093118
H           -2.53049887530852       -1.62418154452190       -0.64986150734752
H            0.18860818838842        1.35863769043522        0.85567769298337
H           -0.18695134770898        1.35436658828445       -0.86711942009867
H            1.13544359706997       -0.69695363927395       -1.19051146451709
H            2.60705091733348        1.49064198016022        0.37030042450435
H            3.37650653823526        0.30531521961418       -0.70403479989706
H            2.25414384319136        1.50990636525213       -1.37081070685191
H            2.53501972737564       -1.61582472978986        0.66000905325717
H            1.74646820003079       -0.51759769756575        1.80931219270937
H            0.81722035950896       -1.81083599511984        1.03004823044775
23
 energy: -276.286707212570 gnorm: 0.001629172711 xtb: 6.7.1 (edcfbbe)
C           -2.44589871950233        0.85329345101861        0.51733432020202
C           -1.27844257234199       -0.10564675551802        0.27031336670015
C           -1.61410682424584       -1.06593198549767       -0.87121572279477
C            0.00061714535613        0.69646157421497       -0.00396611883275
C            1.28024751685694       -0.10685989929629       -0.27284753268248
C            2.44956003170322        0.85165275134103       -0.51330164670658
C            1.60927827309821       -1.06790548979515        0.86993774162926
H           -3.37226141211783        0.30738504127126        0.72706473664107
H           -2.24283914347572        1.51603600982135        1.36640398769197
H           -2.61881411084064        1.48189684008383       -0.36563428633025
H           -1.13103127240019       -0.69624273354802        1.18490409392274
H           -1.76488169736013       -0.51200090347686       -1.80664814468100
H           -0.81944893173004       -1.79972137953485       -1.04125183200702
H           -2.53474401340024       -1.61914750327626       -0.65588091729769
H            0.18785255851613        1.35760586229223        0.85537523585251
H           -0.18650910804073        1.35342419440092       -0.86657496312672
H            1.13709831265874       -0.69693911766423       -1.18846649307407
H            2.61360695596622        1.48447145806994        0.36842096385734
H            3.37811748834096        0.30522495227176       -0.71147870533805
H            2.25443124721980        1.51045083201154       -1.36734955241323
H            2.53814425600232       -1.61156213229161        0.66533097475665
H            1.74204626539056       -0.51617882284099        1.80950167180284
H            0.81950054573402       -1.80998073691742        1.02634184643097
23
 energy: -276.286751093386 gnorm: 0.002604777835 xtb: 6.7.1 (edcfbbe)
C           -2.44537165718508        0.85067212931548        0.51916260938926
C           -1.27876723754171       -0.10600021830567        0.26987399708782
C           -1.61245447556567       -1.06308358043586       -0.87328180963548
C            0.00054778119005        0.69735478294978       -0.00357478278674
C            1.28047251016711       -0.10704346258351       -0.27207455975834
C            2.44853618155715        0.84923954249559       -0.51578178664410
C            1.60843999568286       -1.06468426185637        0.87240618250964
H           -3.36830129662884        0.30377615568969        0.74010306613084
H           -2.23995309842099        1.51860160498940        1.36128070906065
H           -2.62924674642767        1.47190000957477       -0.36446701864117
H           -1.13078464788430       -0.69876264113701        1.18238515510283
H           -1.74747147046022       -0.50903478730212       -1.81070964687008
H           -0.82387631578875       -1.80455785847716       -1.03247549136549
H           -2.54268089126775       -1.60657005685064       -0.66992041349656
H            0.18714102673702        1.35894398542033        0.85563941080153
H           -0.18618163694059        1.35486960129423       -0.86589170098110
H            1.13608735385723       -0.69963926238800       -1.18533184468510
H            2.62624712231693        1.47224274918024        0.36777655368419
H            3.37317574263516        0.30202333924609       -0.72927028523063
H            2.24881425375098        1.51518987021322       -1.36069546102504
H            2.54391137982415       -1.60125995018335        0.67737243107254
H            1.72973592892472       -0.51260828396966        1.81253033417522
H            0.82350249740128       -1.81178300050194        1.02126114447893
23
 energy: -276.286777654346 gnorm: 0.002192197435 xtb: 6.7.1 (edcfbbe)
C           -2.44594196475755        0.84933575342703        0.52061974566431
C           -1.27885007586230       -0.10608196384058        0.26971639608448
C           -1.61091243117365       -1.06154248624111       -0.87531377778299
C            0.00047268709163        0.69766692210257       -0.00317388001439
C            1.28029649987172       -0.10707837723674       -0.27164555380820
C            2.44870100742538        0.84791963431530       -0.51774938586006
C            1.60746718974788       -1.06295152302025        0.87461506969441
H           -3.36647914054069        0.30109374177439        0.74935148891142
H           -2.23692040505863        1.52182224022192        1.35880641259793
H           -2.63602536391795        1.46594919521291       -0.36552532709594
H           -1.12983595755388       -0.69997315923298        1.18144689526968
H           -1.73513166426630       -0.50719498766439       -1.81431867943727
H           -0.82677603928630       -1.80931125762983       -1.02840468746163
H           -2.54655336802320       -1.59796939659000       -0.67809198427330
H            0.18726682671792        1.35889716249889        0.85626545846598
H           -0.18641799686613        1.35502219687353       -0.86556527205306
H            1.13436791637622       -0.70092107503951       -1.18396359146731
H            2.63459020594905        1.46488097391098        0.36904162326239
H            3.37042848571852        0.29939341649433       -0.74171287921661
H            2.24386550764565        1.51989247737757       -1.35733826841727
H            2.54697901732652       -1.59421745931180        0.68415094924437
H            1.72093895287357       -0.51006438892837        1.81551486816996
H            0.82599216122006       -1.81478074981809        1.01959345862314
23
 energy: -276.286796805096 gnorm: 0.001710153407 xtb: 6.7.1 (edcfbbe)
C           -2.44676111641718        0.84614003106585        0.52328114092637
C           -1.27763222842824       -0.10661137820869        0.26920701555235
C           -1.60797319332227       -1.05861585758455       -0.87998591854486
C            0.00029915551605        0.69978099440046       -0.00194837038638
C            1.27834709563646       -0.10748231603901       -0.27039734803056
C            2.44846772515778        0.84470351039679       -0.52190286650288
C            1.60596917403774       -1.05954827068501        0.87967372056733
H           -3.36126112990257        0.29517174466011        0.77153538978457
H           -2.22885931306716        1.53057568229207        1.35118331565895
H           -2.65204976579601        1.45155222709047       -0.36892397888329
H           -1.12716676899590       -0.70330173322961        1.17927417742020
H           -1.70488263972735       -0.50342018550932       -1.82252478711196
H           -0.83502737738794       -1.82191257642760       -1.01844778815637
H           -2.55666936982512       -1.57717011448372       -0.69782080629684
H            0.18781843236887        1.35977994155272        0.85827772522228
H           -0.18713366613562        1.35681767091853       -0.86445601805390
H            1.12941678605827       -0.70427324238860       -1.18067670728268
H            2.65443638846725        1.44719789933458        0.37240752791483
H            3.36267162690856        0.29346903607603       -0.77187185776919
H            2.23109336092906        1.53203296231647       -1.34783043251659
H            2.55539822170044       -1.57718829516729        0.70026383642942
H            1.69963297262042       -0.50456574363939        1.82233779850601
H            0.83338721156306       -1.82334419011867        1.01566920245167
23
 energy: -276.286800386489 gnorm: 0.000450633045 xtb: 6.7.1 (edcfbbe)
C           -2.44646266754745        0.84774395103773        0.52217834698564
C           -1.27776325626164       -0.10665020827187        0.26964993093685
C           -1.60891917966391       -1.06003615937861       -0.87850050502550
C            0.00036440814482        0.69862582077663       -0.00208762413663
C            1.27858506716541       -0.10762838439892       -0.27096662284765
C            2.44838529927706        0.84621771285530       -0.52049754718014
C            1.60659238504680       -1.06121321652712        0.87797636037739
H           -3.36275452861671        0.29821307418047        0.76378434701168
H           -2.23148379200362        1.52871604743872        1.35307612562935
H           -2.64587882428728        1.45669363358579       -0.36824566828803
H           -1.12821128916797       -0.70220747779788        1.18057666035680
H           -1.71475614321046       -0.50559143721961       -1.81951862920637
H           -0.83313493478610       -1.81857868048044       -1.02242273597306
H           -2.55275707023473       -1.58358148025122       -0.69076375584134
H            0.18768955842615        1.35876565200158        0.85803420126350
H           -0.18684821513397        1.35603249774252       -0.86432955638818
H            1.13085218994790       -0.70313357909436       -1.18224119574822
H            2.64676623363357        1.45378466724644        0.37097874168417
H            3.36464477313081        0.29647228142062       -0.76126377472916
H            2.23540286041882        1.52848710638630       -1.35072591079890
H            2.55257712694496       -1.58240217267667        0.69406482069901
H            1.70679590885403       -0.50723507326589        1.81999724520492
H            0.83183590342774       -1.82170727469498        1.01756861421718
23
 energy: -276.286800386489 gnorm: 0.000450633045 xtb: 6.7.1 (edcfbbe)
C           -2.44646266754745        0.84774395103773        0.52217834698564
C           -1.27776325626164       -0.10665020827187        0.26964993093685
C           -1.60891917966391       -1.06003615937861       -0.87850050502550
C            0.00036440814482        0.69862582077663       -0.00208762413663
C            1.27858506716541       -0.10762838439892       -0.27096662284765
C            2.44838529927706        0.84621771285530       -0.52049754718014
C            1.60659238504680       -1.06121321652712        0.87797636037739
H           -3.36275452861671        0.29821307418047        0.76378434701168
H           -2.23148379200362        1.52871604743872        1.35307612562935
H           -2.64587882428728        1.45669363358579       -0.36824566828803
H           -1.12821128916797       -0.70220747779788        1.18057666035680
H           -1.71475614321046       -0.50559143721961       -1.81951862920637
H           -0.83313493478610       -1.81857868048044       -1.02242273597306
H           -2.55275707023473       -1.58358148025122       -0.69076375584134
H            0.18768955842615        1.35876565200158        0.85803420126350
H           -0.18684821513397        1.35603249774252       -0.86432955638818
H            1.13085218994790       -0.70313357909436       -1.18224119574822
H            2.64676623363357        1.45378466724644        0.37097874168417
H            3.36464477313081        0.29647228142062       -0.76126377472916
H            2.23540286041882        1.52848710638630       -1.35072591079890
H            2.55257712694496       -1.58240217267667        0.69406482069901
H            1.70679590885403       -0.50723507326589        1.81999724520492
H            0.83183590342774       -1.82170727469498        1.01756861421718
