20
 energy: -19.994624230571 gnorm: 0.022252325830 xtb: 6.7.1 (edcfbbe)
C            2.82502462006225        0.20428895792275        0.16353783111403
C            1.48532202480765       -0.36967684620432       -0.29240750114959
C            0.30501359716509        0.48837860953569        0.16207019727271
C           -1.06727196112427        0.02442718462738       -0.34297875521834
C           -2.14504257617262        1.03219487808448        0.06053602838717
C           -1.42854266512117       -1.36914868390276        0.17455252830753
H            3.66298860063477       -0.41674640901385       -0.17006876940843
H            2.97678519559135        1.21428513670260       -0.23417895719496
H            2.87047068035410        0.26732921602747        1.25691323650821
H            1.47116149318482       -0.45074592776749       -1.38769251364015
H            1.38028322285654       -1.38913275336922        0.09719745055268
H            0.28341801962883        0.52425651663209        1.26161757861941
H            0.47183007138349        1.52002965698184       -0.17811268076017
H           -1.02654619578267       -0.01539552497729       -1.44153740439562
H           -1.92028839174912        2.03223226139553       -0.32641208774644
H           -2.21327925048298        1.10202608674100        1.15335606200589
H           -3.12939311585515        0.73552956234084       -0.31784471668650
H           -1.43477188175282       -1.37904245686013        1.27211253009846
H           -2.42548199611605       -1.66644160727405       -0.16902895603310
H           -0.72050532995372       -2.13124198042665       -0.16494857857233
20
 energy: -19.995325037508 gnorm: 0.007041724445 xtb: 6.7.1 (edcfbbe)
C            2.81303816334658        0.20780445764979        0.16296690741669
C            1.47988837462681       -0.37021569163179       -0.29344206500225
C            0.30655134880882        0.48922553365940        0.17129898333213
C           -1.05925216322648        0.02133393377144       -0.34548370966366
C           -2.13482752592808        1.02659914038826        0.06159067153803
C           -1.42759489129378       -1.36418561810064        0.17886170079806
H            3.63926792502825       -0.41643496677347       -0.17511095934383
H            2.95802848911943        1.21137068857966       -0.23708747138077
H            2.85388226850081        0.26674672744602        1.25071409894432
H            1.46863362369746       -0.44058298084523       -1.38594548724289
H            1.38032763832765       -1.38379693065554        0.10273206669922
H            0.28709282327457        0.51396382398147        1.26648438031770
H            0.47212010145652        1.51577473217464       -0.17250436977877
H           -1.02024322909180       -0.02008542618507       -1.44182836387668
H           -1.90774703652623        2.01830933054848       -0.32811448529956
H           -2.20279882608145        1.09491924630669        1.14793490161223
H           -3.10937332691920        0.72559774339524       -0.32111016369904
H           -1.43199173006710       -1.37132831730953        1.26958061364519
H           -2.42051980422527       -1.64966743097824       -0.16749749057440
H           -0.72330806126921       -2.11794211822563       -0.16735723638125
20
 energy: -19.995389225819 gnorm: 0.001460819742 xtb: 6.7.1 (edcfbbe)
C            2.81277519860549        0.20942865495110        0.16175343384297
C            1.47962407164725       -0.37063170817831       -0.29368590093584
C            0.30634028339739        0.48671273979034        0.17506473433096
C           -1.05893851521335        0.02072935052959       -0.34299792360941
C           -2.13453300084898        1.02842541369432        0.05927996434528
C           -1.42734044827276       -1.36491510549624        0.18064143936973
H            3.63677508352649       -0.41364453327331       -0.17732864489757
H            2.95201240221865        1.21106823083884       -0.23876714711696
H            2.85055932320844        0.26778565034457        1.24718855586318
H            1.46558939159045       -0.43561737514779       -1.38446192185093
H            1.38146040651365       -1.38240111848189        0.10242029842935
H            0.28657779248175        0.50241504367839        1.26770515651788
H            0.47155145015670        1.51264306086259       -0.16476627362304
H           -1.01598551090868       -0.02162722766083       -1.43769921090424
H           -1.90410051070205        2.01700728147702       -0.33076855326386
H           -2.20097032858566        1.09453782682665        1.14303674050786
H           -3.10557580222917        0.72596575730252       -0.32533595089246
H           -1.42931223183619       -1.36914921112634        1.26839870555793
H           -2.41992439554053       -1.64439441238296       -0.16483786860629
H           -0.72541049765060       -2.11693244135235       -0.16815711100410
20
 energy: -19.995402117844 gnorm: 0.000972237681 xtb: 6.7.1 (edcfbbe)
C            2.81329726371207        0.21150775519765        0.16016346228351
C            1.47953036562141       -0.37094774049620       -0.29459583525902
C            0.30628452619058        0.48449489902873        0.18001144424123
C           -1.05774489585245        0.01994332756661       -0.34304402600781
C           -2.13397455266663        1.02926995709406        0.05673028465682
C           -1.42929745160335       -1.36529431734808        0.18213381352576
H            3.63757173589689       -0.41024583034615       -0.18004358153563
H            2.94947357458849        1.21331135624443       -0.24061933331196
H            2.85114172383907        0.26947696490224        1.24544671139578
H            1.46293074844822       -0.43263987150453       -1.38511455124194
H            1.38357649843687       -1.38347574557707        0.09913962089321
H            0.28586445753188        0.49271716273961        1.27236737687044
H            0.47157590271883        1.51213021436218       -0.15351788996466
H           -1.01133845420716       -0.02337458280017       -1.43748395648401
H           -1.90054904086676        2.01657144738098       -0.33436800916737
H           -2.20237660643075        1.09625463778128        1.14019321939143
H           -3.10392570842400        0.72710662875890       -0.33051816471688
H           -1.42829104243280       -1.36904511487281        1.26974341433668
H           -2.42321605443980       -1.64229043114294       -0.16130013777086
H           -0.72935882850231       -2.11806483977279       -0.16864134007428
20
 energy: -19.995412632455 gnorm: 0.000947947629 xtb: 6.7.1 (edcfbbe)
C            2.81462917072799        0.21355816750341        0.15771612267389
C            1.48015721478971       -0.37013667490878       -0.29515541344119
C            0.30594615560264        0.48095209068813        0.18609287299505
C           -1.05717548357959        0.01920052432538       -0.34169748119168
C           -2.13408222797712        1.03070536638385        0.05239159338099
C           -1.43141615739542       -1.36578764808796        0.18368736781002
H            3.63940561931346       -0.40720202269891       -0.18378001606182
H            2.94871732603777        1.21577240350186       -0.24335644745948
H            2.85370080052074        0.27135315669092        1.24321291568139
H            1.46057156381716       -0.42780880547533       -1.38589206932637
H            1.38750300875405       -1.38449638250931        0.09499088474885
H            0.28482712300949        0.47966924216140        1.27862352259239
H            0.47126029049461        1.51172007136942       -0.13817181244260
H           -1.00686430088923       -0.02542713721195       -1.43589668137455
H           -1.89805521442937        2.01729718969344       -0.33969352788269
H           -2.20619461486585        1.09960892303280        1.13575809020300
H           -3.10328272502644        0.72906882878677       -0.33776600188273
H           -1.42634578217779       -1.37000660043965        1.27162694353749
H           -2.42758414521334       -1.64001911244428       -0.15616171677362
H           -0.73454345995515       -2.12061570316531       -0.16984662372590
20
 energy: -19.995417979671 gnorm: 0.000486673126 xtb: 6.7.1 (edcfbbe)
C            2.81477790627974        0.21539613838233        0.15564880785422
C            1.48044718956589       -0.36894840177011       -0.29553235230506
C            0.30583107450195        0.47804234929538        0.19128520635815
C           -1.05626729860132        0.01817424792792       -0.34030446548241
C           -2.13309097672157        1.03108585195538        0.04897574043925
C           -1.43337960463426       -1.36570919293820        0.18517623581941
H            3.63935286615215       -0.40475652635189       -0.18744215314367
H            2.94831103652380        1.21781787036424       -0.24504927524150
H            2.85613388318497        0.27284644777357        1.24108820494009
H            1.45824297202897       -0.42284373721474       -1.38652998141000
H            1.39038978023448       -1.38509755068990        0.09097153036581
H            0.28420354446479        0.46920937341246        1.28384811597248
H            0.47060242110057        1.51131180483588       -0.12546886108279
H           -1.00260322185454       -0.02748357999523       -1.43434987276667
H           -1.89511093925202        2.01681856014172       -0.34408479045445
H           -2.20925202942783        1.10231789244632        1.13195429010733
H           -3.10127378952449        0.72983650223847       -0.34404045975106
H           -1.42606853301124       -1.37099241850375        1.27311657158324
H           -2.43092086154582       -1.63748994348682       -0.15247572110772
H           -0.73915125790589       -2.12212981062713       -0.17010424863421
20
 energy: -19.995419715604 gnorm: 0.000124317274 xtb: 6.7.1 (edcfbbe)
C            2.81504346188330        0.21619731571087        0.15461531110797
C            1.48081359189723       -0.36807962015072       -0.29577225640378
C            0.30583022749157        0.47645553403439        0.19387607423873
C           -1.05599015190941        0.01744532555604       -0.33919414616243
C           -2.13252342912192        1.03134199884625        0.04730813724221
C           -1.43455577674537       -1.36591187704554        0.18601795734104
H            3.63974640035862       -0.40309030681734       -0.18991457987344
H            2.94763235245934        1.21915043183039       -0.24520379628804
H            2.85750984808590        0.27270262512893        1.24008662558129
H            1.45738652300348       -0.41974694434991       -1.38691532324552
H            1.39202502370024       -1.38525435266558        0.08844162636163
H            0.28425749977731        0.46459210608709        1.28637503251221
H            0.46986054197422        1.51067917750612       -0.11990948526241
H           -1.00058982183806       -0.02878249217460       -1.43316505573726
H           -1.89321229573694        2.01666382629494       -0.34602407600423
H           -2.21049026455902        1.10345659505634        1.13005192321172
H           -3.10030269817717        0.73054278098054       -0.34708360014195
H           -1.42799575018505       -1.37118276589957        1.27393997436300
H           -2.43222399072389       -1.63653807780087       -0.15212885566006
H           -0.74104713007606       -2.12323540293182       -0.16871896512027
20
 energy: -19.995420779761 gnorm: 0.000224465793 xtb: 6.7.1 (edcfbbe)
C            2.81510232186318        0.21665948853227        0.15423358615650
C            1.48107998766589       -0.36766120850502       -0.29624520478171
C            0.30599469389784        0.47569141898790        0.19482904587394
C           -1.05578697138071        0.01692612183165       -0.33866082345756
C           -2.13206427330680        1.03136428308969        0.04665324846248
C           -1.43546883607156       -1.36598355510104        0.18664843853966
H            3.63997761950819       -0.40164697408705       -0.19167782585932
H            2.94714575816649        1.22028101681525       -0.24419029377619
H            2.85845703113745        0.27170632954514        1.23977359025703
H            1.45714060795657       -0.41774896989168       -1.38750933614721
H            1.39283000643332       -1.38555053304955        0.08638145573850
H            0.28462392292888        0.46230642029283        1.28733321573901
H            0.46950911684160        1.51046636768242       -0.11751226954765
H           -0.99958916714775       -0.02970629339619       -1.43260287905771
H           -1.89201665299138        2.01647728648652       -0.34678034175257
H           -2.21104687622255        1.10399253235686        1.12931103933103
H           -3.09971009027678        0.73102137966410       -0.34844622279083
H           -1.43101505184606       -1.37078350364812        1.27461656796376
H           -2.43255206083634       -1.63673592434599       -0.15318065323808
H           -0.74143692476118       -2.12366980606406       -0.16629181559266
20
 energy: -19.995422290522 gnorm: 0.000311150497 xtb: 6.7.1 (edcfbbe)
C            2.81526436236358        0.21700608376615        0.15390016992710
C            1.48145488125682       -0.36703462865788       -0.29728435182354
C            0.30610469249809        0.47468786292313        0.19579177292043
C           -1.05568145540099        0.01632225171010       -0.33815712865572
C           -2.13158249888049        1.03149773422720        0.04598902347259
C           -1.43649814238954       -1.36599915847323        0.18762904169243
H            3.64042707795042       -0.39961909604712       -0.19430480109086
H            2.94621116741283        1.22182769168657       -0.24184074375733
H            2.85941616093738        0.26914933308055        1.23954271738498
H            1.45727493070239       -0.41494872069375       -1.38865493904180
H            1.39383035266959       -1.38576525371929        0.08325575856173
H            0.28517529539020        0.45962211751530        1.28828066408335
H            0.46895421610807        1.51001603916610       -0.11503342227906
H           -0.99883699778255       -0.03095471739394       -1.43204299457766
H           -1.89067243336921        2.01635156403046       -0.34752729067368
H           -2.21139359502916        1.10451772261594        1.12854623563081
H           -3.09908552902901        0.73161711834686       -0.34976120181092
H           -1.43632071676335       -1.36936355984771        1.27562202515056
H           -2.43212283771706       -1.63767471538275       -0.15571470933058
H           -0.74074476936970       -2.12384979165678       -0.16155330372239
20
 energy: -19.995424501943 gnorm: 0.000267874125 xtb: 6.7.1 (edcfbbe)
C            2.81560412829181        0.21753696884991        0.15341852955198
C            1.48207834339713       -0.36600179978231       -0.29942736514275
C            0.30635369093960        0.47309837052601        0.19731483408570
C           -1.05540912880759        0.01535228679733       -0.33726805570408
C           -2.13089708924905        1.03182656836591        0.04473210708611
C           -1.43831340156039       -1.36602268846913        0.18948875015950
H            3.64122288626143       -0.39591236026469       -0.19929837792986
H            2.94446214801175        1.22476752728472       -0.23690428790957
H            2.86093814918326        0.26364954481626        1.23928616242253
H            1.45745489067741       -0.40951809992802       -1.39095855760299
H            1.39552442193989       -1.38636074078785        0.07702300649753
H            0.28614974718881        0.45427968308045        1.28974108870739
H            0.46821862256933        1.50960925424625       -0.11015752809841
H           -0.99756064127803       -0.03309991486696       -1.43102654650896
H           -1.88861636196575        2.01612251487860       -0.34932249289958
H           -2.21177709884709        1.10575287894034        1.12713316318648
H           -3.09820119645877        0.73244490607236       -0.35186527724107
H           -1.44617928380516       -1.36613473808707        1.27748030972363
H           -2.43102702454442       -1.64008330185355       -0.16046011818130
H           -0.73885164038584       -2.12390098262265       -0.15224682214188
20
 energy: -19.995425951419 gnorm: 0.000172803202 xtb: 6.7.1 (edcfbbe)
C            2.81607151769291        0.21801230870879        0.15291088469271
C            1.48271616075986       -0.36462500971586       -0.30206699909796
C            0.30639407090644        0.47096161310407        0.19946190335515
C           -1.05518238836167        0.01436928199943       -0.33658124016930
C           -2.13027840955197        1.03231702112143        0.04307436256335
C           -1.44009084881315       -1.36591660772866        0.19174284599376
H            3.64222531357232       -0.39178263582112       -0.20484125706590
H            2.94276235504419        1.22792393699162       -0.23113464759244
H            2.86278567397337        0.25725430688999        1.23899714371422
H            1.45749016784002       -0.40295033651203       -1.39378533694673
H            1.39736858452918       -1.38686374943162        0.06950595420953
H            0.28700552212145        0.44751534746001        1.29182944918619
H            0.46725496243573        1.50885465238365       -0.10375465588811
H           -0.99598760867713       -0.03548030918966       -1.43022948226572
H           -1.88682780611233        2.01582329064893       -0.35223342016022
H           -2.21219569405930        1.10793856354067        1.12531578792911
H           -3.09739988401084        0.73309739114976       -0.35406026208844
H           -1.45632916700906       -1.36263069591535        1.27969092573908
H           -2.42969278776630       -1.64252018435328       -0.16498886896653
H           -0.73691557295542       -2.12389230813486       -0.14217056508135
20
 energy: -19.995426481097 gnorm: 0.000094472394 xtb: 6.7.1 (edcfbbe)
C            2.81629466487704        0.21831566392770        0.15262524108708
C            1.48305834798225       -0.36369116496926       -0.30364255233859
C            0.30650792322838        0.46987926650074        0.20092081578635
C           -1.05491163781112        0.01371728842170       -0.33587295723130
C           -2.12985854141966        1.03261297569242        0.04182781280574
C           -1.44128943171277       -1.36597723933587        0.19304567867895
H            3.64262472728990       -0.38943068419045       -0.20810168158600
H            2.94171378471827        1.22979058172928       -0.22761142679515
H            2.86357103385467        0.25331046884367        1.23878411347453
H            1.45754514342553       -0.39847871478856       -1.39541734768981
H            1.39851228455841       -1.38715485184597        0.06465680184243
H            0.28751961887782        0.44305356131520        1.29317114874434
H            0.46673839944221        1.50874759630209       -0.09924087389725
H           -0.99488681189913       -0.03701325512912       -1.42938240076798
H           -1.88589789698769        2.01542279042376       -0.35488077381541
H           -2.21196711339886        1.10975152995388        1.12390738596506
H           -3.09689529681000        0.73301695173082       -0.35520666625257
H           -1.46143505157153       -1.36070864723464        1.28082997481189
H           -2.42939042030337       -1.64377006033586       -0.16680090900941
H           -0.73637956478203       -2.12398817981561       -0.13692886175248
20
 energy: -19.995426767427 gnorm: 0.000093305066 xtb: 6.7.1 (edcfbbe)
C            2.81644460593243        0.21849573891349        0.15261639672030
C            1.48328514380022       -0.36304701954047       -0.30460470315458
C            0.30649482719371        0.46902835365810        0.20182474638971
C           -1.05481303020635        0.01333151087099       -0.33560571130967
C           -2.12963771317471        1.03278805581715        0.04098904489167
C           -1.44187391353466       -1.36597584007635        0.19388742251496
H            3.64290946732299       -0.38803941790922       -0.20982153871555
H            2.94129585930009        1.23089175336139       -0.22532714873445
H            2.86410280180564        0.25099564069346        1.23882709043030
H            1.45749432427196       -0.39548204491376       -1.39643605272089
H            1.39909514854970       -1.38733574323719        0.06146464014940
H            0.28777988545085        0.44011279135692        1.29400902852670
H            0.46626269804969        1.50850593686620       -0.09638174567849
H           -0.99412358527519       -0.03793650467659       -1.42906009020403
H           -1.88564708162643        2.01503386688364       -0.35710967097466
H           -2.21160152552520        1.11143980398943        1.12298163542596
H           -3.09675971438698        0.73273934350022       -0.35551524353540
H           -1.46353619441307       -1.35992027024761        1.28162243226588
H           -2.42946538239248       -1.64400150886208       -0.16711399207425
H           -0.73653245958388       -2.12421856925179       -0.13456401815248
20
 energy: -19.995427003546 gnorm: 0.000067037731 xtb: 6.7.1 (edcfbbe)
C            2.81648364327662        0.21862111478880        0.15274405324381
C            1.48346396153358       -0.36235095266096       -0.30553042322602
C            0.30648719105475        0.46837966140697        0.20264766658664
C           -1.05469465620808        0.01289940399843       -0.33532891800813
C           -2.12932027756557        1.03291990012109        0.04020024860684
C           -1.44245321220169       -1.36606963414465        0.19454353589151
H            3.64312754765168       -0.38688377832619       -0.21102224345641
H            2.94097668910582        1.23181941915612       -0.22317715517832
H            2.86432717145103        0.24898146915236        1.23901378138566
H            1.45766862022319       -0.39266665499309       -1.39743367820422
H            1.39956761673212       -1.38740347464836        0.05847939563176
H            0.28798303073794        0.43773915429376        1.29479355616191
H            0.46580485290686        1.50838451992638       -0.09390592490009
H           -0.99347196876789       -0.03886099492325       -1.42874447635330
H           -1.88558862385762        2.01453495558763       -0.35964228443854
H           -2.21078234294249        1.11336722263949        1.12211352876637
H           -3.09665241457485        0.73222792475685       -0.35533799524650
H           -1.46444701636087       -1.35960804425510        1.28228262750285
H           -2.43004080771156       -1.64393390171745       -0.16663474252515
H           -0.73726484292465       -2.12469143296292       -0.13337803018026
20
 energy: -19.995427122514 gnorm: 0.000043056713 xtb: 6.7.1 (edcfbbe)
C            2.81650024280578        0.21868231196355        0.15301714091196
C            1.48365664750244       -0.36193389012213       -0.30612863262632
C            0.30649619510455        0.46795785566285        0.20287230558779
C           -1.05469978902830        0.01262753435352       -0.33521304285855
C           -2.12917169561586        1.03298391496925        0.03972952241469
C           -1.44277086813503       -1.36609107451491        0.19499640585708
H            3.64330642849707       -0.38610324478851       -0.21157715345210
H            2.94079541515817        1.23247224744102       -0.22140938636875
H            2.86425883047603        0.24747208405567        1.23933332832300
H            1.45797972921520       -0.39067909401469       -1.39807422119783
H            1.39981246154748       -1.38752799441033        0.05639514593771
H            0.28821530810536        0.43630164452020        1.29498542575144
H            0.46542309447118        1.50828488265458       -0.09275778718558
H           -0.99322575711996       -0.03949379129413       -1.42859070076423
H           -1.88570243901203        2.01409905606684       -0.36146922810738
H           -2.20993520009766        1.11475516653034        1.12157875193728
H           -3.09674208165694        0.73178554664035       -0.35483315606607
H           -1.46448445363819       -1.35954239059464        1.28275026738734
H           -2.43056902556648       -1.64360823357194       -0.16587630005889
H           -0.73796888145450       -2.12503665435097       -0.13304616336218
20
 energy: -19.995427182385 gnorm: 0.000038539157 xtb: 6.7.1 (edcfbbe)
C            2.81642902041652        0.21858806233873        0.15331031551714
C            1.48369062621595       -0.36168223562659       -0.30653430541193
C            0.30648415319083        0.46792692422691        0.20277902745672
C           -1.05471938841841        0.01249790149537       -0.33520858541557
C           -2.12908449147701        1.03300353745913        0.03960246840945
C           -1.44279187478449       -1.36614150165281        0.19516685968356
H            3.64332970386939       -0.38589354453802       -0.21157599953123
H            2.94077624379468        1.23263733906094       -0.22037943397425
H            2.86406963064361        0.24664083727680        1.23965850549364
H            1.45822462908624       -0.38983917579659       -1.39850955186062
H            1.39972745527416       -1.38747727173970        0.05538640914582
H            0.28831205483277        0.43610989956912        1.29489488384310
H            0.46526430319197        1.50832284978955       -0.09269407167620
H           -0.99326741464685       -0.03978590510144       -1.42858239908838
H           -1.88587753001104        2.01393950975874       -0.36220247322381
H           -2.20946298903686        1.11535058457677        1.12144284865502
H           -3.09679539320172        0.73153588722168       -0.35441662082349
H           -1.46407134480819       -1.35956606159404        1.28293212599298
H           -2.43079298089372       -1.64350767381121       -0.16527285127126
H           -0.73827025167951       -2.12525408571743       -0.13311462986027
