CONF#         G (xTB)          ΔG (xTB)          E (DFT)          ΔGsolv        GmRRHO          Gtot             ΔGtot          Boltzmann weight   
                [Eh]          [kcal/mol]          [Eh]             [Eh]          [Eh]           [Eh]           [kcal/mol]        % at 298.15 K     
CONF1        -25.308753          ---           -314.383041       0.002776        ---         -314.380265          0.00               14.59         
CONF2        -25.308705          ---           -314.382911       0.002772        ---         -314.380139          0.08               12.77         
CONF3        -25.308652          ---           -314.382924       0.002776        ---         -314.380148          0.07               12.89         
CONF4        -25.308582          ---           -314.382959       0.002771        ---         -314.380188          0.05               13.45         
CONF5        -25.307790          ---           -314.382261       0.002726        ---         -314.379536          0.46                6.74         
CONF6        -25.307769          ---           -314.382178       0.002721        ---         -314.379456          0.51                6.20         
CONF7        -25.307598          ---           -314.382261       0.002714        ---         -314.379548          0.45                6.83         
CONF8        -25.307587          ---           -314.382491       0.002715        ---         -314.379776          0.31                8.69         
CONF9        -25.307451          ---           -314.381537       0.002641        ---         -314.378896          0.86                3.42         
CONF10       -25.307360          ---           -314.381237       0.002644        ---         -314.378593          1.05                2.48         
CONF11       -25.307075          ---           -314.380957       0.002625        ---         -314.378332          1.21                1.88         
CONF12       -25.306746          ---           -314.380970       0.002604        ---         -314.378366          1.19                1.95         
CONF13       -25.306525          ---           -314.380366       0.002631        ---         -314.377735          1.59                1.00         
CONF14       -25.306438          ---           -314.380402       0.002597        ---         -314.377805          1.54                1.08         
CONF15       -25.306397          ---           -314.380656       0.002597        ---         -314.378060          1.38                1.41         
CONF16       -25.306131          ---           -314.380756       0.002685        ---         -314.378071          1.38                1.43         
CONF17       -25.305858          ---           -314.379499       0.002726        ---         -314.376772          2.19                0.36         
CONF18       -25.305811          ---           -314.379739       0.002611        ---         -314.377128          1.97                0.53         
CONF19       -25.305832          ---           -314.379235       0.002643        ---         -314.376593          2.30                0.30         
CONF20       -25.305798          ---           -314.379782       0.002736        ---         -314.377045          2.02                0.48         
CONF21       -25.305774          ---           -314.378997       0.002592        ---         -314.376406          2.42                0.24         
CONF22       -25.305646          ---           -314.379387       0.002584        ---         -314.376803          2.17                0.37         
CONF23       -25.305335          ---           -314.378777       0.002645        ---         -314.376132          2.59                0.18         
CONF24       -25.305247          ---           -314.378419       0.002614        ---         -314.375804          2.80                0.13         
CONF25       -25.304643          ---           -314.378627       0.002624        ---         -314.376003          2.67                0.16         
CONF26       -25.304231          ---           -314.377914       0.002660        ---         -314.375254          3.14                0.07         
CONF27       -25.304093          ---           -314.377486       0.002635        ---         -314.374851          3.40                0.05         
CONF28       -25.303970          ---           -314.377962       0.002649        ---         -314.375313          3.11                0.08         
CONF29       -25.303152          ---           -314.377906       0.002542        ---         -314.375364          3.08                0.08         
CONF30       -25.303001          ---           -314.376495       0.002520        ---         -314.373974          3.95                0.02         
CONF31       -25.302632          ---           -314.376535       0.002485        ---         -314.374050          3.90                0.02         
CONF32       -25.302549          ---           -314.376773       0.002475        ---         -314.374298          3.74                0.03         
CONF33       -25.302054          ---           -314.376542       0.002530        ---         -314.374013          3.92                0.02         
CONF34       -25.302052          ---           -314.376509       0.002518        ---         -314.373991          3.94                0.02         
CONF35       -25.302035          ---           -314.376349       0.002486        ---         -314.373863          4.02                0.02         
CONF36       -25.302005          ---           -314.376059       0.002441        ---         -314.373617          4.17                0.01         

Boltzmann averaged free energy/enthalpy of ensemble on input geometries (not DFT optimized):
temperature /K:   avE(T) /a.u.   avG(T) /a.u.
    298.15        -314.3823689    -314.3796359     <<==part1==
----------------------------------------------------------------------------------------------------

