2025-04-11 11:55:20,906 -   censo.qm_processor   -   INFO   - worker249348:Running xtb_gsolv calculation in /srv/scratch/z5358697/.automated/5979/0_PRESCREENING/CONF1/xtb_gsolv.
2025-04-11 11:55:20,922 -   censo.qm_processor   -   INFO   - worker249366:Running xtb_gsolv calculation in /srv/scratch/z5358697/.automated/5979/0_PRESCREENING/CONF8/xtb_gsolv.
2025-04-11 11:55:21,055 -   censo.qm_processor   -   INFO   - worker249351:Running xtb_gsolv calculation in /srv/scratch/z5358697/.automated/5979/0_PRESCREENING/CONF3/xtb_gsolv.
2025-04-11 11:55:21,099 -   censo.qm_processor   -   INFO   - worker249349:Running xtb_gsolv calculation in /srv/scratch/z5358697/.automated/5979/0_PRESCREENING/CONF2/xtb_gsolv.
2025-04-11 11:55:21,106 -   censo.qm_processor   -   INFO   - worker249354:Running xtb_gsolv calculation in /srv/scratch/z5358697/.automated/5979/0_PRESCREENING/CONF4/xtb_gsolv.
2025-04-11 11:55:21,195 -   censo.qm_processor   -   INFO   - worker249360:Running xtb_gsolv calculation in /srv/scratch/z5358697/.automated/5979/0_PRESCREENING/CONF6/xtb_gsolv.
2025-04-11 11:55:21,239 -   censo.qm_processor   -   INFO   - worker249363:Running xtb_gsolv calculation in /srv/scratch/z5358697/.automated/5979/0_PRESCREENING/CONF7/xtb_gsolv.
2025-04-11 11:55:21,254 -   censo.qm_processor   -   INFO   - worker249348:Running xtb_gsolv calculation in /srv/scratch/z5358697/.automated/5979/0_PRESCREENING/CONF17/xtb_gsolv.
2025-04-11 11:55:21,270 -   censo.qm_processor   -   INFO   - worker249387:Running xtb_gsolv calculation in /srv/scratch/z5358697/.automated/5979/0_PRESCREENING/CONF15/xtb_gsolv.
2025-04-11 11:55:21,299 -   censo.qm_processor   -   INFO   - worker249391:Running xtb_gsolv calculation in /srv/scratch/z5358697/.automated/5979/0_PRESCREENING/CONF16/xtb_gsolv.
2025-04-11 11:55:21,306 -   censo.qm_processor   -   INFO   - worker249369:Running xtb_gsolv calculation in /srv/scratch/z5358697/.automated/5979/0_PRESCREENING/CONF9/xtb_gsolv.
2025-04-11 11:55:21,318 -   censo.qm_processor   -   INFO   - worker249372:Running xtb_gsolv calculation in /srv/scratch/z5358697/.automated/5979/0_PRESCREENING/CONF10/xtb_gsolv.
2025-04-11 11:55:21,333 -   censo.qm_processor   -   INFO   - worker249379:Running xtb_gsolv calculation in /srv/scratch/z5358697/.automated/5979/0_PRESCREENING/CONF12/xtb_gsolv.
2025-04-11 11:55:21,342 -   censo.qm_processor   -   INFO   - worker249375:Running xtb_gsolv calculation in /srv/scratch/z5358697/.automated/5979/0_PRESCREENING/CONF11/xtb_gsolv.
2025-04-11 11:55:21,358 -   censo.qm_processor   -   INFO   - worker249382:Running xtb_gsolv calculation in /srv/scratch/z5358697/.automated/5979/0_PRESCREENING/CONF13/xtb_gsolv.
2025-04-11 11:55:21,370 -   censo.qm_processor   -   INFO   - worker249366:Running xtb_gsolv calculation in /srv/scratch/z5358697/.automated/5979/0_PRESCREENING/CONF19/xtb_gsolv.
2025-04-11 11:55:21,383 -   censo.qm_processor   -   INFO   - worker249354:Running xtb_gsolv calculation in /srv/scratch/z5358697/.automated/5979/0_PRESCREENING/CONF20/xtb_gsolv.
2025-04-11 11:55:21,507 -   censo.qm_processor   -   INFO   - worker249357:Running xtb_gsolv calculation in /srv/scratch/z5358697/.automated/5979/0_PRESCREENING/CONF5/xtb_gsolv.
2025-04-11 11:55:21,520 -   censo.qm_processor   -   INFO   - worker249351:Running xtb_gsolv calculation in /srv/scratch/z5358697/.automated/5979/0_PRESCREENING/CONF21/xtb_gsolv.
2025-04-11 11:55:21,521 -   censo.qm_processor   -   INFO   - worker249349:Running xtb_gsolv calculation in /srv/scratch/z5358697/.automated/5979/0_PRESCREENING/CONF18/xtb_gsolv.
2025-04-11 11:55:21,546 -   censo.qm_processor   -   INFO   - worker249387:Running xtb_gsolv calculation in /srv/scratch/z5358697/.automated/5979/0_PRESCREENING/CONF22/xtb_gsolv.
2025-04-11 11:55:21,546 -   censo.qm_processor   -   INFO   - worker249348:Running xtb_gsolv calculation in /srv/scratch/z5358697/.automated/5979/0_PRESCREENING/CONF23/xtb_gsolv.
2025-04-11 11:55:21,562 -   censo.qm_processor   -   INFO   - worker249369:Running xtb_gsolv calculation in /srv/scratch/z5358697/.automated/5979/0_PRESCREENING/CONF25/xtb_gsolv.
2025-04-11 11:55:21,669 -   censo.qm_processor   -   INFO   - worker249372:Running xtb_gsolv calculation in /srv/scratch/z5358697/.automated/5979/0_PRESCREENING/CONF26/xtb_gsolv.
2025-04-11 11:55:21,670 -   censo.qm_processor   -   INFO   - worker249391:Running xtb_gsolv calculation in /srv/scratch/z5358697/.automated/5979/0_PRESCREENING/CONF24/xtb_gsolv.
2025-04-11 11:55:21,715 -   censo.qm_processor   -   INFO   - worker249379:Running xtb_gsolv calculation in /srv/scratch/z5358697/.automated/5979/0_PRESCREENING/CONF27/xtb_gsolv.
2025-04-11 11:55:21,738 -   censo.qm_processor   -   INFO   - worker249363:Running xtb_gsolv calculation in /srv/scratch/z5358697/.automated/5979/0_PRESCREENING/CONF28/xtb_gsolv.
2025-04-11 11:55:21,749 -   censo.qm_processor   -   INFO   - worker249354:Running xtb_gsolv calculation in /srv/scratch/z5358697/.automated/5979/0_PRESCREENING/CONF30/xtb_gsolv.
2025-04-11 11:55:21,754 -   censo.qm_processor   -   INFO   - worker249357:Running xtb_gsolv calculation in /srv/scratch/z5358697/.automated/5979/0_PRESCREENING/CONF35/xtb_gsolv.
2025-04-11 11:55:21,759 -   censo.qm_processor   -   INFO   - worker249387:Running xtb_gsolv calculation in /srv/scratch/z5358697/.automated/5979/0_PRESCREENING/CONF36/xtb_gsolv.
2025-04-11 11:55:21,762 -   censo.qm_processor   -   INFO   - worker249360:Running xtb_gsolv calculation in /srv/scratch/z5358697/.automated/5979/0_PRESCREENING/CONF29/xtb_gsolv.
2025-04-11 11:55:21,786 -   censo.qm_processor   -   INFO   - worker249366:Running xtb_gsolv calculation in /srv/scratch/z5358697/.automated/5979/0_PRESCREENING/CONF31/xtb_gsolv.
2025-04-11 11:55:21,788 -   censo.qm_processor   -   INFO   - worker249382:Running xtb_gsolv calculation in /srv/scratch/z5358697/.automated/5979/0_PRESCREENING/CONF32/xtb_gsolv.
2025-04-11 11:55:21,842 -   censo.qm_processor   -   INFO   - worker249349:Running xtb_gsolv calculation in /srv/scratch/z5358697/.automated/5979/0_PRESCREENING/CONF34/xtb_gsolv.
2025-04-11 11:55:21,880 -   censo.qm_processor   -   INFO   - worker249351:Running xtb_gsolv calculation in /srv/scratch/z5358697/.automated/5979/0_PRESCREENING/CONF33/xtb_gsolv.
2025-04-11 11:55:21,952 -   censo.qm_processor   -   INFO   - worker249385:Running xtb_gsolv calculation in /srv/scratch/z5358697/.automated/5979/0_PRESCREENING/CONF14/xtb_gsolv.
2025-04-11 11:55:22,279 -     censo.parallel     -   INFO   - All jobs executed successfully.
2025-04-11 11:55:22,302 -   censo.qm_processor   -   INFO   - worker249516:Running sp calculation in /srv/scratch/z5358697/.automated/5979/0_PRESCREENING/CONF1/sp.
2025-04-11 11:55:22,306 -   censo.qm_processor   -   INFO   - worker249517:Running sp calculation in /srv/scratch/z5358697/.automated/5979/0_PRESCREENING/CONF2/sp.
2025-04-11 11:55:22,318 -   censo.qm_processor   -   INFO   - worker249519:Running sp calculation in /srv/scratch/z5358697/.automated/5979/0_PRESCREENING/CONF3/sp.
2025-04-11 11:55:22,321 -   censo.qm_processor   -   INFO   - worker249522:Running sp calculation in /srv/scratch/z5358697/.automated/5979/0_PRESCREENING/CONF4/sp.
2025-04-11 11:55:22,326 -   censo.qm_processor   -   INFO   - worker249525:Running sp calculation in /srv/scratch/z5358697/.automated/5979/0_PRESCREENING/CONF5/sp.
2025-04-11 11:55:22,328 -   censo.qm_processor   -   INFO   - worker249528:Running sp calculation in /srv/scratch/z5358697/.automated/5979/0_PRESCREENING/CONF6/sp.
2025-04-11 11:55:22,338 -   censo.qm_processor   -   INFO   - worker249531:Running sp calculation in /srv/scratch/z5358697/.automated/5979/0_PRESCREENING/CONF7/sp.
2025-04-11 11:55:22,340 -   censo.qm_processor   -   INFO   - worker249534:Running sp calculation in /srv/scratch/z5358697/.automated/5979/0_PRESCREENING/CONF8/sp.
2025-04-11 11:55:22,350 -   censo.qm_processor   -   INFO   - worker249543:Running sp calculation in /srv/scratch/z5358697/.automated/5979/0_PRESCREENING/CONF11/sp.
2025-04-11 11:55:22,354 -   censo.qm_processor   -   INFO   - worker249537:Running sp calculation in /srv/scratch/z5358697/.automated/5979/0_PRESCREENING/CONF9/sp.
2025-04-11 11:55:22,366 -   censo.qm_processor   -   INFO   - worker249540:Running sp calculation in /srv/scratch/z5358697/.automated/5979/0_PRESCREENING/CONF10/sp.
2025-04-11 11:55:22,376 -   censo.qm_processor   -   INFO   - worker249549:Running sp calculation in /srv/scratch/z5358697/.automated/5979/0_PRESCREENING/CONF13/sp.
2025-04-11 11:55:22,382 -   censo.qm_processor   -   INFO   - worker249552:Running sp calculation in /srv/scratch/z5358697/.automated/5979/0_PRESCREENING/CONF14/sp.
2025-04-11 11:55:22,390 -   censo.qm_processor   -   INFO   - worker249555:Running sp calculation in /srv/scratch/z5358697/.automated/5979/0_PRESCREENING/CONF15/sp.
2025-04-11 11:55:22,402 -   censo.qm_processor   -   INFO   - worker249546:Running sp calculation in /srv/scratch/z5358697/.automated/5979/0_PRESCREENING/CONF12/sp.
2025-04-11 11:55:22,406 -   censo.qm_processor   -   INFO   - worker249558:Running sp calculation in /srv/scratch/z5358697/.automated/5979/0_PRESCREENING/CONF16/sp.
2025-04-11 11:55:33,421 -   censo.qm_processor   -   INFO   - worker249516:Running sp calculation in /srv/scratch/z5358697/.automated/5979/0_PRESCREENING/CONF19/sp.
2025-04-11 11:55:33,430 -   censo.qm_processor   -   INFO   - worker249522:Running sp calculation in /srv/scratch/z5358697/.automated/5979/0_PRESCREENING/CONF17/sp.
2025-04-11 11:55:33,438 -   censo.qm_processor   -   INFO   - worker249517:Running sp calculation in /srv/scratch/z5358697/.automated/5979/0_PRESCREENING/CONF18/sp.
2025-04-11 11:55:33,505 -   censo.qm_processor   -   INFO   - worker249519:Running sp calculation in /srv/scratch/z5358697/.automated/5979/0_PRESCREENING/CONF20/sp.
2025-04-11 11:55:33,514 -   censo.qm_processor   -   INFO   - worker249558:Running sp calculation in /srv/scratch/z5358697/.automated/5979/0_PRESCREENING/CONF21/sp.
2025-04-11 11:55:33,607 -   censo.qm_processor   -   INFO   - worker249537:Running sp calculation in /srv/scratch/z5358697/.automated/5979/0_PRESCREENING/CONF22/sp.
2025-04-11 11:55:33,628 -   censo.qm_processor   -   INFO   - worker249525:Running sp calculation in /srv/scratch/z5358697/.automated/5979/0_PRESCREENING/CONF23/sp.
2025-04-11 11:55:33,647 -   censo.qm_processor   -   INFO   - worker249543:Running sp calculation in /srv/scratch/z5358697/.automated/5979/0_PRESCREENING/CONF24/sp.
2025-04-11 11:55:33,675 -   censo.qm_processor   -   INFO   - worker249540:Running sp calculation in /srv/scratch/z5358697/.automated/5979/0_PRESCREENING/CONF25/sp.
2025-04-11 11:55:33,722 -   censo.qm_processor   -   INFO   - worker249534:Running sp calculation in /srv/scratch/z5358697/.automated/5979/0_PRESCREENING/CONF26/sp.
2025-04-11 11:55:33,739 -   censo.qm_processor   -   INFO   - worker249528:Running sp calculation in /srv/scratch/z5358697/.automated/5979/0_PRESCREENING/CONF27/sp.
2025-04-11 11:55:33,740 -   censo.qm_processor   -   INFO   - worker249549:Running sp calculation in /srv/scratch/z5358697/.automated/5979/0_PRESCREENING/CONF28/sp.
2025-04-11 11:55:33,765 -   censo.qm_processor   -   INFO   - worker249546:Running sp calculation in /srv/scratch/z5358697/.automated/5979/0_PRESCREENING/CONF29/sp.
2025-04-11 11:55:33,797 -   censo.qm_processor   -   INFO   - worker249552:Running sp calculation in /srv/scratch/z5358697/.automated/5979/0_PRESCREENING/CONF30/sp.
2025-04-11 11:55:33,832 -   censo.qm_processor   -   INFO   - worker249531:Running sp calculation in /srv/scratch/z5358697/.automated/5979/0_PRESCREENING/CONF31/sp.
2025-04-11 11:55:33,973 -   censo.qm_processor   -   INFO   - worker249555:Running sp calculation in /srv/scratch/z5358697/.automated/5979/0_PRESCREENING/CONF32/sp.
2025-04-11 11:55:44,237 -   censo.qm_processor   -   INFO   - worker249517:Running sp calculation in /srv/scratch/z5358697/.automated/5979/0_PRESCREENING/CONF33/sp.
2025-04-11 11:55:44,261 -   censo.qm_processor   -   INFO   - worker249522:Running sp calculation in /srv/scratch/z5358697/.automated/5979/0_PRESCREENING/CONF34/sp.
2025-04-11 11:55:44,329 -   censo.qm_processor   -   INFO   - worker249516:Running sp calculation in /srv/scratch/z5358697/.automated/5979/0_PRESCREENING/CONF35/sp.
2025-04-11 11:55:44,361 -   censo.qm_processor   -   INFO   - worker249519:Running sp calculation in /srv/scratch/z5358697/.automated/5979/0_PRESCREENING/CONF36/sp.
2025-04-11 11:55:54,657 -     censo.parallel     -   INFO   - All jobs executed successfully.
2025-04-11 11:55:54,722 -   censo.qm_processor   -   INFO   - worker249960:Running gsolv calculation in /srv/scratch/z5358697/.automated/5979/1_SCREENING/CONF1/gsolv.
2025-04-11 11:55:54,775 -   censo.qm_processor   -   INFO   - worker249961:Running gsolv calculation in /srv/scratch/z5358697/.automated/5979/1_SCREENING/CONF4/gsolv.
2025-04-11 11:55:54,785 -   censo.qm_processor   -   INFO   - worker249963:Running gsolv calculation in /srv/scratch/z5358697/.automated/5979/1_SCREENING/CONF3/gsolv.
2025-04-11 11:55:54,796 -   censo.qm_processor   -   INFO   - worker249972:Running gsolv calculation in /srv/scratch/z5358697/.automated/5979/1_SCREENING/CONF5/gsolv.
2025-04-11 11:55:54,840 -   censo.qm_processor   -   INFO   - worker249966:Running gsolv calculation in /srv/scratch/z5358697/.automated/5979/1_SCREENING/CONF2/gsolv.
2025-04-11 11:55:54,905 -   censo.qm_processor   -   INFO   - worker249984:Running gsolv calculation in /srv/scratch/z5358697/.automated/5979/1_SCREENING/CONF16/gsolv.
2025-04-11 11:55:54,929 -   censo.qm_processor   -   INFO   - worker249969:Running gsolv calculation in /srv/scratch/z5358697/.automated/5979/1_SCREENING/CONF8/gsolv.
2025-04-11 11:55:54,931 -   censo.qm_processor   -   INFO   - worker249990:Running gsolv calculation in /srv/scratch/z5358697/.automated/5979/1_SCREENING/CONF10/gsolv.
2025-04-11 11:55:54,931 -   censo.qm_processor   -   INFO   - worker249987:Running gsolv calculation in /srv/scratch/z5358697/.automated/5979/1_SCREENING/CONF11/gsolv.
2025-04-11 11:55:54,938 -   censo.qm_processor   -   INFO   - worker249981:Running gsolv calculation in /srv/scratch/z5358697/.automated/5979/1_SCREENING/CONF9/gsolv.
2025-04-11 11:55:54,948 -   censo.qm_processor   -   INFO   - worker249975:Running gsolv calculation in /srv/scratch/z5358697/.automated/5979/1_SCREENING/CONF7/gsolv.
2025-04-11 11:55:54,954 -   censo.qm_processor   -   INFO   - worker249993:Running gsolv calculation in /srv/scratch/z5358697/.automated/5979/1_SCREENING/CONF12/gsolv.
2025-04-11 11:55:54,985 -   censo.qm_processor   -   INFO   - worker249978:Running gsolv calculation in /srv/scratch/z5358697/.automated/5979/1_SCREENING/CONF6/gsolv.
2025-04-11 11:55:55,015 -   censo.qm_processor   -   INFO   - worker249999:Running gsolv calculation in /srv/scratch/z5358697/.automated/5979/1_SCREENING/CONF15/gsolv.
2025-04-11 11:55:55,022 -   censo.qm_processor   -   INFO   - worker249996:Running gsolv calculation in /srv/scratch/z5358697/.automated/5979/1_SCREENING/CONF13/gsolv.
2025-04-11 11:55:55,236 -   censo.qm_processor   -   INFO   - worker250002:Running gsolv calculation in /srv/scratch/z5358697/.automated/5979/1_SCREENING/CONF22/gsolv.
2025-04-11 11:56:49,173 -   censo.qm_processor   -   INFO   - worker249961:Running gsolv calculation in /srv/scratch/z5358697/.automated/5979/1_SCREENING/CONF20/gsolv.
2025-04-11 11:56:49,506 -   censo.qm_processor   -   INFO   - worker249966:Running gsolv calculation in /srv/scratch/z5358697/.automated/5979/1_SCREENING/CONF14/gsolv.
2025-04-11 11:56:49,520 -   censo.qm_processor   -   INFO   - worker249963:Running gsolv calculation in /srv/scratch/z5358697/.automated/5979/1_SCREENING/CONF18/gsolv.
2025-04-11 11:56:49,579 -   censo.qm_processor   -   INFO   - worker249960:Running gsolv calculation in /srv/scratch/z5358697/.automated/5979/1_SCREENING/CONF17/gsolv.
2025-04-11 11:56:50,222 -   censo.qm_processor   -   INFO   - worker249972:Running gsolv calculation in /srv/scratch/z5358697/.automated/5979/1_SCREENING/CONF19/gsolv.
2025-04-11 11:56:50,297 -   censo.qm_processor   -   INFO   - worker249984:Running gsolv calculation in /srv/scratch/z5358697/.automated/5979/1_SCREENING/CONF21/gsolv.
2025-04-11 11:56:50,513 -   censo.qm_processor   -   INFO   - worker249987:Running gsolv calculation in /srv/scratch/z5358697/.automated/5979/1_SCREENING/CONF25/gsolv.
2025-04-11 11:56:50,668 -   censo.qm_processor   -   INFO   - worker249990:Running gsolv calculation in /srv/scratch/z5358697/.automated/5979/1_SCREENING/CONF29/gsolv.
2025-04-11 11:56:50,861 -   censo.qm_processor   -   INFO   - worker249996:Running gsolv calculation in /srv/scratch/z5358697/.automated/5979/1_SCREENING/CONF23/gsolv.
2025-04-11 11:56:50,903 -   censo.qm_processor   -   INFO   - worker249969:Running gsolv calculation in /srv/scratch/z5358697/.automated/5979/1_SCREENING/CONF24/gsolv.
2025-04-11 11:56:50,958 -   censo.qm_processor   -   INFO   - worker249981:Running gsolv calculation in /srv/scratch/z5358697/.automated/5979/1_SCREENING/CONF32/gsolv.
2025-04-11 11:56:51,031 -   censo.qm_processor   -   INFO   - worker250002:Running gsolv calculation in /srv/scratch/z5358697/.automated/5979/1_SCREENING/CONF28/gsolv.
2025-04-11 11:56:51,066 -   censo.qm_processor   -   INFO   - worker249978:Running gsolv calculation in /srv/scratch/z5358697/.automated/5979/1_SCREENING/CONF26/gsolv.
2025-04-11 11:56:51,188 -   censo.qm_processor   -   INFO   - worker249975:Running gsolv calculation in /srv/scratch/z5358697/.automated/5979/1_SCREENING/CONF33/gsolv.
2025-04-11 11:56:51,381 -   censo.qm_processor   -   INFO   - worker249993:Running gsolv calculation in /srv/scratch/z5358697/.automated/5979/1_SCREENING/CONF34/gsolv.
2025-04-11 11:56:51,610 -   censo.qm_processor   -   INFO   - worker249999:Running gsolv calculation in /srv/scratch/z5358697/.automated/5979/1_SCREENING/CONF36/gsolv.
2025-04-11 11:57:44,807 -   censo.qm_processor   -   INFO   - worker249961:Running gsolv calculation in /srv/scratch/z5358697/.automated/5979/1_SCREENING/CONF35/gsolv.
2025-04-11 11:57:44,962 -   censo.qm_processor   -   INFO   - worker249960:Running gsolv calculation in /srv/scratch/z5358697/.automated/5979/1_SCREENING/CONF27/gsolv.
2025-04-11 11:57:45,033 -   censo.qm_processor   -   INFO   - worker249963:Running gsolv calculation in /srv/scratch/z5358697/.automated/5979/1_SCREENING/CONF31/gsolv.
2025-04-11 11:57:45,448 -   censo.qm_processor   -   INFO   - worker249966:Running gsolv calculation in /srv/scratch/z5358697/.automated/5979/1_SCREENING/CONF30/gsolv.
2025-04-11 11:58:38,887 -     censo.parallel     -   INFO   - All jobs executed successfully.
2025-04-11 11:58:38,987 -   censo.qm_processor   -   INFO   - worker252420:Running xtb_opt calculation in /srv/scratch/z5358697/.automated/5979/2_OPTIMIZATION/CONF1/xtb_opt.
2025-04-11 11:58:38,991 -   censo.qm_processor   -   INFO   - worker252423:Running xtb_opt calculation in /srv/scratch/z5358697/.automated/5979/2_OPTIMIZATION/CONF3/xtb_opt.
2025-04-11 11:58:39,003 -   censo.qm_processor   -   INFO   - worker252421:Running xtb_opt calculation in /srv/scratch/z5358697/.automated/5979/2_OPTIMIZATION/CONF4/xtb_opt.
2025-04-11 11:58:39,011 -   censo.qm_processor   -   INFO   - worker252429:Running xtb_opt calculation in /srv/scratch/z5358697/.automated/5979/2_OPTIMIZATION/CONF8/xtb_opt.
2025-04-11 11:58:39,022 -   censo.qm_processor   -   INFO   - worker252426:Running xtb_opt calculation in /srv/scratch/z5358697/.automated/5979/2_OPTIMIZATION/CONF2/xtb_opt.
2025-04-11 11:58:39,034 -   censo.qm_processor   -   INFO   - worker252433:Running xtb_opt calculation in /srv/scratch/z5358697/.automated/5979/2_OPTIMIZATION/CONF7/xtb_opt.
2025-04-11 11:58:39,036 -   censo.qm_processor   -   INFO   - worker252436:Running xtb_opt calculation in /srv/scratch/z5358697/.automated/5979/2_OPTIMIZATION/CONF5/xtb_opt.
2025-04-11 11:58:39,055 -   censo.qm_processor   -   INFO   - worker252439:Running xtb_opt calculation in /srv/scratch/z5358697/.automated/5979/2_OPTIMIZATION/CONF6/xtb_opt.
2025-04-11 11:58:39,059 -   censo.qm_processor   -   INFO   - worker252446:Running xtb_opt calculation in /srv/scratch/z5358697/.automated/5979/2_OPTIMIZATION/CONF10/xtb_opt.
2025-04-11 11:58:39,078 -   censo.qm_processor   -   INFO   - worker252442:Running xtb_opt calculation in /srv/scratch/z5358697/.automated/5979/2_OPTIMIZATION/CONF9/xtb_opt.
2025-04-11 11:58:39,103 -   censo.qm_processor   -   INFO   - worker252449:Running xtb_opt calculation in /srv/scratch/z5358697/.automated/5979/2_OPTIMIZATION/CONF12/xtb_opt.
2025-04-11 11:58:39,526 -   censo.qm_processor   -   INFO   - worker252452:Running xtb_opt calculation in /srv/scratch/z5358697/.automated/5979/2_OPTIMIZATION/CONF11/xtb_opt.
2025-04-11 11:58:39,698 -   censo.qm_processor   -   INFO   - worker252455:Running xtb_opt calculation in /srv/scratch/z5358697/.automated/5979/2_OPTIMIZATION/CONF16/xtb_opt.
2025-04-11 11:58:39,764 -   censo.qm_processor   -   INFO   - worker252458:Running xtb_opt calculation in /srv/scratch/z5358697/.automated/5979/2_OPTIMIZATION/CONF15/xtb_opt.
2025-04-11 11:58:39,953 -   censo.qm_processor   -   INFO   - worker252463:Running xtb_opt calculation in /srv/scratch/z5358697/.automated/5979/2_OPTIMIZATION/CONF14/xtb_opt.
2025-04-11 11:58:39,961 -   censo.qm_processor   -   INFO   - worker252466:Running xtb_opt calculation in /srv/scratch/z5358697/.automated/5979/2_OPTIMIZATION/CONF13/xtb_opt.
2025-04-11 12:02:22,578 -   censo.qm_processor   -   INFO   - worker252420:Running xtb_opt calculation in /srv/scratch/z5358697/.automated/5979/2_OPTIMIZATION/CONF18/xtb_opt.
2025-04-11 12:02:27,294 -   censo.qm_processor   -   INFO   - worker252421:Running xtb_opt calculation in /srv/scratch/z5358697/.automated/5979/2_OPTIMIZATION/CONF20/xtb_opt.
2025-04-11 12:02:27,515 -   censo.qm_processor   -   INFO   - worker252455:Running xtb_opt calculation in /srv/scratch/z5358697/.automated/5979/2_OPTIMIZATION/CONF22/xtb_opt.
2025-04-11 12:02:32,013 -   censo.qm_processor   -   INFO   - worker252423:Running xtb_opt calculation in /srv/scratch/z5358697/.automated/5979/2_OPTIMIZATION/CONF17/xtb_opt.
2025-04-11 12:02:39,494 -   censo.qm_processor   -   INFO   - worker252449:Running xtb_opt calculation in /srv/scratch/z5358697/.automated/5979/2_OPTIMIZATION/CONF19/xtb_opt.
2025-04-11 12:03:01,251 -   censo.qm_processor   -   INFO   - worker252426:Running xtb_opt calculation in /srv/scratch/z5358697/.automated/5979/2_OPTIMIZATION/CONF21/xtb_opt.
2025-04-11 12:03:09,159 -   censo.qm_processor   -   INFO   - worker252446:Running xtb_opt calculation in /srv/scratch/z5358697/.automated/5979/2_OPTIMIZATION/CONF23/xtb_opt.
2025-04-11 12:03:45,717 -   censo.qm_processor   -   INFO   - worker252466:Running xtb_opt calculation in /srv/scratch/z5358697/.automated/5979/2_OPTIMIZATION/CONF25/xtb_opt.
2025-04-11 12:04:17,409 -   censo.qm_processor   -   INFO   - worker252442:Running xtb_opt calculation in /srv/scratch/z5358697/.automated/5979/2_OPTIMIZATION/CONF24/xtb_opt.
2025-04-11 12:04:24,984 -   censo.qm_processor   -   INFO   - worker252436:Running xtb_opt calculation in /srv/scratch/z5358697/.automated/5979/2_OPTIMIZATION/CONF29/xtb_opt.
2025-04-11 12:04:27,663 -   censo.qm_processor   -   INFO   - worker252429:Running xtb_opt calculation in /srv/scratch/z5358697/.automated/5979/2_OPTIMIZATION/CONF28/xtb_opt.
2025-04-11 12:04:27,824 -   censo.qm_processor   -   INFO   - worker252439:Running xtb_opt calculation in /srv/scratch/z5358697/.automated/5979/2_OPTIMIZATION/CONF26/xtb_opt.
2025-04-11 12:04:36,067 -   censo.qm_processor   -   INFO   - worker252433:Running xtb_opt calculation in /srv/scratch/z5358697/.automated/5979/2_OPTIMIZATION/CONF27/xtb_opt.
2025-04-11 12:04:37,968 -   censo.qm_processor   -   INFO   - worker252452:Running xtb_opt calculation in /srv/scratch/z5358697/.automated/5979/2_OPTIMIZATION/CONF32/xtb_opt.
2025-04-11 12:04:45,887 -   censo.qm_processor   -   INFO   - worker252463:Running xtb_opt calculation in /srv/scratch/z5358697/.automated/5979/2_OPTIMIZATION/CONF31/xtb_opt.
2025-04-11 12:04:54,354 -   censo.qm_processor   -   INFO   - worker252458:Running xtb_opt calculation in /srv/scratch/z5358697/.automated/5979/2_OPTIMIZATION/CONF33/xtb_opt.
2025-04-11 12:06:49,153 -   censo.qm_processor   -   INFO   - worker252420:Running xtb_opt calculation in /srv/scratch/z5358697/.automated/5979/2_OPTIMIZATION/CONF34/xtb_opt.
2025-04-11 12:06:56,210 -   censo.qm_processor   -   INFO   - worker252421:Running xtb_opt calculation in /srv/scratch/z5358697/.automated/5979/2_OPTIMIZATION/CONF30/xtb_opt.
2025-04-11 12:07:41,987 -   censo.qm_processor   -   INFO   - worker252449:Running xtb_opt calculation in /srv/scratch/z5358697/.automated/5979/2_OPTIMIZATION/CONF35/xtb_opt.
2025-04-11 12:07:42,484 -   censo.qm_processor   -   INFO   - worker252446:Running xtb_opt calculation in /srv/scratch/z5358697/.automated/5979/2_OPTIMIZATION/CONF36/xtb_opt.
2025-04-11 12:12:57,190 -     censo.parallel     -   INFO   - All jobs executed successfully.
2025-04-11 12:12:57,217 -   censo.qm_processor   -   INFO   - worker264441:Running xtb_rrho calculation in /srv/scratch/z5358697/.automated/5979/2_OPTIMIZATION/CONF2/xtb_rrho.
2025-04-11 12:12:57,221 -   censo.qm_processor   -   INFO   - worker264474:Running xtb_rrho calculation in /srv/scratch/z5358697/.automated/5979/2_OPTIMIZATION/CONF14/xtb_rrho.
2025-04-11 12:12:57,223 -   censo.qm_processor   -   INFO   - worker264478:Running xtb_rrho calculation in /srv/scratch/z5358697/.automated/5979/2_OPTIMIZATION/CONF13/xtb_rrho.
2025-04-11 12:12:57,233 -   censo.qm_processor   -   INFO   - worker264444:Running xtb_rrho calculation in /srv/scratch/z5358697/.automated/5979/2_OPTIMIZATION/CONF8/xtb_rrho.
2025-04-11 12:12:57,235 -   censo.qm_processor   -   INFO   - worker264435:Running xtb_rrho calculation in /srv/scratch/z5358697/.automated/5979/2_OPTIMIZATION/CONF1/xtb_rrho.
2025-04-11 12:12:57,241 -   censo.qm_processor   -   INFO   - worker264450:Running xtb_rrho calculation in /srv/scratch/z5358697/.automated/5979/2_OPTIMIZATION/CONF5/xtb_rrho.
2025-04-11 12:12:57,249 -   censo.qm_processor   -   INFO   - worker264436:Running xtb_rrho calculation in /srv/scratch/z5358697/.automated/5979/2_OPTIMIZATION/CONF4/xtb_rrho.
2025-04-11 12:12:57,257 -   censo.qm_processor   -   INFO   - worker264438:Running xtb_rrho calculation in /srv/scratch/z5358697/.automated/5979/2_OPTIMIZATION/CONF3/xtb_rrho.
2025-04-11 12:12:57,265 -   censo.qm_processor   -   INFO   - worker264453:Running xtb_rrho calculation in /srv/scratch/z5358697/.automated/5979/2_OPTIMIZATION/CONF6/xtb_rrho.
2025-04-11 12:12:57,277 -   censo.qm_processor   -   INFO   - worker264447:Running xtb_rrho calculation in /srv/scratch/z5358697/.automated/5979/2_OPTIMIZATION/CONF7/xtb_rrho.
2025-04-11 12:12:57,279 -   censo.qm_processor   -   INFO   - worker264459:Running xtb_rrho calculation in /srv/scratch/z5358697/.automated/5979/2_OPTIMIZATION/CONF10/xtb_rrho.
2025-04-11 12:12:57,289 -   censo.qm_processor   -   INFO   - worker264456:Running xtb_rrho calculation in /srv/scratch/z5358697/.automated/5979/2_OPTIMIZATION/CONF9/xtb_rrho.
2025-04-11 12:12:57,293 -   censo.qm_processor   -   INFO   - worker264462:Running xtb_rrho calculation in /srv/scratch/z5358697/.automated/5979/2_OPTIMIZATION/CONF12/xtb_rrho.
2025-04-11 12:12:57,309 -   censo.qm_processor   -   INFO   - worker264466:Running xtb_rrho calculation in /srv/scratch/z5358697/.automated/5979/2_OPTIMIZATION/CONF11/xtb_rrho.
2025-04-11 12:12:57,317 -   censo.qm_processor   -   INFO   - worker264468:Running xtb_rrho calculation in /srv/scratch/z5358697/.automated/5979/2_OPTIMIZATION/CONF16/xtb_rrho.
2025-04-11 12:12:57,326 -   censo.qm_processor   -   INFO   - worker264471:Running xtb_rrho calculation in /srv/scratch/z5358697/.automated/5979/2_OPTIMIZATION/CONF15/xtb_rrho.
2025-04-11 12:13:00,071 -   censo.qm_processor   -   INFO   - worker264435:Running xtb_rrho calculation in /srv/scratch/z5358697/.automated/5979/2_OPTIMIZATION/CONF18/xtb_rrho.
2025-04-11 12:13:00,113 -   censo.qm_processor   -   INFO   - worker264441:Running xtb_rrho calculation in /srv/scratch/z5358697/.automated/5979/2_OPTIMIZATION/CONF20/xtb_rrho.
2025-04-11 12:13:00,120 -   censo.qm_processor   -   INFO   - worker264462:Running xtb_rrho calculation in /srv/scratch/z5358697/.automated/5979/2_OPTIMIZATION/CONF22/xtb_rrho.
2025-04-11 12:13:00,125 -   censo.qm_processor   -   INFO   - worker264478:Running xtb_rrho calculation in /srv/scratch/z5358697/.automated/5979/2_OPTIMIZATION/CONF17/xtb_rrho.
2025-04-11 12:13:00,253 -   censo.qm_processor   -   INFO   - worker264453:Running xtb_rrho calculation in /srv/scratch/z5358697/.automated/5979/2_OPTIMIZATION/CONF19/xtb_rrho.
2025-04-11 12:13:00,263 -   censo.qm_processor   -   INFO   - worker264456:Running xtb_rrho calculation in /srv/scratch/z5358697/.automated/5979/2_OPTIMIZATION/CONF21/xtb_rrho.
2025-04-11 12:13:00,275 -   censo.qm_processor   -   INFO   - worker264450:Running xtb_rrho calculation in /srv/scratch/z5358697/.automated/5979/2_OPTIMIZATION/CONF23/xtb_rrho.
2025-04-11 12:13:00,546 -   censo.qm_processor   -   INFO   - worker264474:Running xtb_rrho calculation in /srv/scratch/z5358697/.automated/5979/2_OPTIMIZATION/CONF25/xtb_rrho.
2025-04-11 12:13:02,246 -   censo.qm_processor   -   INFO   - worker264435:Running xtb_rrho calculation in /srv/scratch/z5358697/.automated/5979/2_OPTIMIZATION/CONF24/xtb_rrho.
2025-04-11 12:13:02,379 -   censo.qm_processor   -   INFO   - worker264478:Running xtb_rrho calculation in /srv/scratch/z5358697/.automated/5979/2_OPTIMIZATION/CONF29/xtb_rrho.
2025-04-11 12:13:02,403 -   censo.qm_processor   -   INFO   - worker264450:Running xtb_rrho calculation in /srv/scratch/z5358697/.automated/5979/2_OPTIMIZATION/CONF28/xtb_rrho.
2025-04-11 12:13:02,498 -   censo.qm_processor   -   INFO   - worker264453:Running xtb_rrho calculation in /srv/scratch/z5358697/.automated/5979/2_OPTIMIZATION/CONF26/xtb_rrho.
2025-04-11 12:13:02,602 -   censo.qm_processor   -   INFO   - worker264438:Running xtb_rrho calculation in /srv/scratch/z5358697/.automated/5979/2_OPTIMIZATION/CONF27/xtb_rrho.
2025-04-11 12:13:02,653 -   censo.qm_processor   -   INFO   - worker264436:Running xtb_rrho calculation in /srv/scratch/z5358697/.automated/5979/2_OPTIMIZATION/CONF32/xtb_rrho.
2025-04-11 12:13:02,916 -   censo.qm_processor   -   INFO   - worker264444:Running xtb_rrho calculation in /srv/scratch/z5358697/.automated/5979/2_OPTIMIZATION/CONF31/xtb_rrho.
2025-04-11 12:13:02,936 -   censo.qm_processor   -   INFO   - worker264471:Running xtb_rrho calculation in /srv/scratch/z5358697/.automated/5979/2_OPTIMIZATION/CONF33/xtb_rrho.
2025-04-11 12:13:02,945 -   censo.qm_processor   -   INFO   - worker264468:Running xtb_rrho calculation in /srv/scratch/z5358697/.automated/5979/2_OPTIMIZATION/CONF34/xtb_rrho.
2025-04-11 12:13:03,157 -   censo.qm_processor   -   INFO   - worker264466:Running xtb_rrho calculation in /srv/scratch/z5358697/.automated/5979/2_OPTIMIZATION/CONF30/xtb_rrho.
2025-04-11 12:13:03,182 -   censo.qm_processor   -   INFO   - worker264447:Running xtb_rrho calculation in /srv/scratch/z5358697/.automated/5979/2_OPTIMIZATION/CONF35/xtb_rrho.
2025-04-11 12:13:03,330 -   censo.qm_processor   -   INFO   - worker264459:Running xtb_rrho calculation in /srv/scratch/z5358697/.automated/5979/2_OPTIMIZATION/CONF36/xtb_rrho.
2025-04-11 12:13:07,732 -     censo.parallel     -   INFO   - All jobs executed successfully.
2025-04-11 12:13:07,733 -censo.ensembleopt.optimization-   INFO   - Threshold: 2.17 kcal/mol
2025-04-11 12:13:07,755 -   censo.qm_processor   -   INFO   - worker264585:Running xtb_opt calculation in /srv/scratch/z5358697/.automated/5979/2_OPTIMIZATION/CONF8/xtb_opt.
2025-04-11 12:13:07,755 -   censo.qm_processor   -   INFO   - worker264586:Running xtb_opt calculation in /srv/scratch/z5358697/.automated/5979/2_OPTIMIZATION/CONF7/xtb_opt.
2025-04-11 12:13:07,755 -   censo.qm_processor   -   INFO   - worker264588:Running xtb_opt calculation in /srv/scratch/z5358697/.automated/5979/2_OPTIMIZATION/CONF5/xtb_opt.
2025-04-11 12:13:07,756 -   censo.qm_processor   -   INFO   - worker264591:Running xtb_opt calculation in /srv/scratch/z5358697/.automated/5979/2_OPTIMIZATION/CONF6/xtb_opt.
2025-04-11 12:13:07,756 -   censo.qm_processor   -   INFO   - worker264595:Running xtb_opt calculation in /srv/scratch/z5358697/.automated/5979/2_OPTIMIZATION/CONF11/xtb_opt.
2025-04-11 12:13:07,756 -   censo.qm_processor   -   INFO   - worker264598:Running xtb_opt calculation in /srv/scratch/z5358697/.automated/5979/2_OPTIMIZATION/CONF15/xtb_opt.
2025-04-11 12:13:07,757 -   censo.qm_processor   -   INFO   - worker264600:Running xtb_opt calculation in /srv/scratch/z5358697/.automated/5979/2_OPTIMIZATION/CONF14/xtb_opt.
2025-04-11 12:13:07,757 -   censo.qm_processor   -   INFO   - worker264604:Running xtb_opt calculation in /srv/scratch/z5358697/.automated/5979/2_OPTIMIZATION/CONF22/xtb_opt.
2025-04-11 12:13:07,757 -   censo.qm_processor   -   INFO   - worker264606:Running xtb_opt calculation in /srv/scratch/z5358697/.automated/5979/2_OPTIMIZATION/CONF17/xtb_opt.
2025-04-11 12:13:07,758 -   censo.qm_processor   -   INFO   - worker264610:Running xtb_opt calculation in /srv/scratch/z5358697/.automated/5979/2_OPTIMIZATION/CONF21/xtb_opt.
2025-04-11 12:13:07,758 -   censo.qm_processor   -   INFO   - worker264613:Running xtb_opt calculation in /srv/scratch/z5358697/.automated/5979/2_OPTIMIZATION/CONF28/xtb_opt.
2025-04-11 12:13:07,759 -   censo.qm_processor   -   INFO   - worker264616:Running xtb_opt calculation in /srv/scratch/z5358697/.automated/5979/2_OPTIMIZATION/CONF26/xtb_opt.
2025-04-11 12:13:07,759 -   censo.qm_processor   -   INFO   - worker264619:Running xtb_opt calculation in /srv/scratch/z5358697/.automated/5979/2_OPTIMIZATION/CONF32/xtb_opt.
2025-04-11 12:13:07,759 -   censo.qm_processor   -   INFO   - worker264621:Running xtb_opt calculation in /srv/scratch/z5358697/.automated/5979/2_OPTIMIZATION/CONF30/xtb_opt.
2025-04-11 12:13:07,760 -   censo.qm_processor   -   INFO   - worker264625:Running xtb_opt calculation in /srv/scratch/z5358697/.automated/5979/2_OPTIMIZATION/CONF35/xtb_opt.
2025-04-11 12:13:07,760 -   censo.qm_processor   -   INFO   - worker264628:Running xtb_opt calculation in /srv/scratch/z5358697/.automated/5979/2_OPTIMIZATION/CONF36/xtb_opt.
2025-04-11 12:19:04,655 -     censo.parallel     -   INFO   - All jobs executed successfully.
2025-04-11 12:19:04,655 -censo.ensembleopt.optimization-   INFO   - Threshold: 1.79 kcal/mol
2025-04-11 12:19:04,678 -   censo.qm_processor   -   INFO   - worker267549:Running xtb_opt calculation in /srv/scratch/z5358697/.automated/5979/2_OPTIMIZATION/CONF5/xtb_opt.
2025-04-11 12:19:04,679 -   censo.qm_processor   -   INFO   - worker267552:Running xtb_opt calculation in /srv/scratch/z5358697/.automated/5979/2_OPTIMIZATION/CONF15/xtb_opt.
2025-04-11 12:19:04,679 -   censo.qm_processor   -   INFO   - worker267550:Running xtb_opt calculation in /srv/scratch/z5358697/.automated/5979/2_OPTIMIZATION/CONF11/xtb_opt.
2025-04-11 12:19:04,679 -   censo.qm_processor   -   INFO   - worker267555:Running xtb_opt calculation in /srv/scratch/z5358697/.automated/5979/2_OPTIMIZATION/CONF14/xtb_opt.
2025-04-11 12:19:04,680 -   censo.qm_processor   -   INFO   - worker267558:Running xtb_opt calculation in /srv/scratch/z5358697/.automated/5979/2_OPTIMIZATION/CONF22/xtb_opt.
2025-04-11 12:19:04,680 -   censo.qm_processor   -   INFO   - worker267561:Running xtb_opt calculation in /srv/scratch/z5358697/.automated/5979/2_OPTIMIZATION/CONF32/xtb_opt.
2025-04-11 12:19:04,680 -   censo.qm_processor   -   INFO   - worker267564:Running xtb_opt calculation in /srv/scratch/z5358697/.automated/5979/2_OPTIMIZATION/CONF36/xtb_opt.
2025-04-11 12:24:41,709 -     censo.parallel     -   INFO   - All jobs executed successfully.
2025-04-11 12:24:41,709 -censo.ensembleopt.optimization-   INFO   - Threshold: 1.58 kcal/mol
2025-04-11 12:24:41,732 -   censo.qm_processor   -   INFO   - worker271265:Running xtb_opt calculation in /srv/scratch/z5358697/.automated/5979/2_OPTIMIZATION/CONF11/xtb_opt.
2025-04-11 12:24:41,734 -   censo.qm_processor   -   INFO   - worker271266:Running xtb_opt calculation in /srv/scratch/z5358697/.automated/5979/2_OPTIMIZATION/CONF14/xtb_opt.
2025-04-11 12:29:14,721 -     censo.parallel     -   INFO   - All jobs executed successfully.
2025-04-11 12:29:14,722 -censo.ensembleopt.optimization-   INFO   - Threshold: 1.50 kcal/mol
2025-04-11 12:29:14,746 -   censo.qm_processor   -   INFO   - worker274192:Running xtb_rrho calculation in /srv/scratch/z5358697/.automated/5979/2_OPTIMIZATION/CONF4/xtb_rrho.
2025-04-11 12:29:14,746 -   censo.qm_processor   -   INFO   - worker274194:Running xtb_rrho calculation in /srv/scratch/z5358697/.automated/5979/2_OPTIMIZATION/CONF3/xtb_rrho.
2025-04-11 12:29:14,747 -   censo.qm_processor   -   INFO   - worker274197:Running xtb_rrho calculation in /srv/scratch/z5358697/.automated/5979/2_OPTIMIZATION/CONF2/xtb_rrho.
2025-04-11 12:29:14,747 -   censo.qm_processor   -   INFO   - worker274207:Running xtb_rrho calculation in /srv/scratch/z5358697/.automated/5979/2_OPTIMIZATION/CONF5/xtb_rrho.
2025-04-11 12:29:14,747 -   censo.qm_processor   -   INFO   - worker274200:Running xtb_rrho calculation in /srv/scratch/z5358697/.automated/5979/2_OPTIMIZATION/CONF8/xtb_rrho.
2025-04-11 12:29:14,747 -   censo.qm_processor   -   INFO   - worker274203:Running xtb_rrho calculation in /srv/scratch/z5358697/.automated/5979/2_OPTIMIZATION/CONF7/xtb_rrho.
2025-04-11 12:29:14,747 -   censo.qm_processor   -   INFO   - worker274210:Running xtb_rrho calculation in /srv/scratch/z5358697/.automated/5979/2_OPTIMIZATION/CONF6/xtb_rrho.
2025-04-11 12:29:14,749 -   censo.qm_processor   -   INFO   - worker274218:Running xtb_rrho calculation in /srv/scratch/z5358697/.automated/5979/2_OPTIMIZATION/CONF11/xtb_rrho.
2025-04-11 12:29:14,749 -   censo.qm_processor   -   INFO   - worker274212:Running xtb_rrho calculation in /srv/scratch/z5358697/.automated/5979/2_OPTIMIZATION/CONF9/xtb_rrho.
2025-04-11 12:29:14,749 -   censo.qm_processor   -   INFO   - worker274216:Running xtb_rrho calculation in /srv/scratch/z5358697/.automated/5979/2_OPTIMIZATION/CONF10/xtb_rrho.
2025-04-11 12:29:14,749 -   censo.qm_processor   -   INFO   - worker274225:Running xtb_rrho calculation in /srv/scratch/z5358697/.automated/5979/2_OPTIMIZATION/CONF15/xtb_rrho.
2025-04-11 12:29:14,750 -   censo.qm_processor   -   INFO   - worker274222:Running xtb_rrho calculation in /srv/scratch/z5358697/.automated/5979/2_OPTIMIZATION/CONF16/xtb_rrho.
2025-04-11 12:29:14,750 -   censo.qm_processor   -   INFO   - worker274228:Running xtb_rrho calculation in /srv/scratch/z5358697/.automated/5979/2_OPTIMIZATION/CONF14/xtb_rrho.
2025-04-11 12:29:14,786 -   censo.qm_processor   -   INFO   - worker274191:Running xtb_rrho calculation in /srv/scratch/z5358697/.automated/5979/2_OPTIMIZATION/CONF1/xtb_rrho.
2025-04-11 12:29:17,997 -     censo.parallel     -   INFO   - All jobs executed successfully.
