----------------------------------------------- 
  Element       SASA      Sigma Z        Total  
     Z         Ang**2 cal/Ang**2/mol   kcal/mol 
----------------------------------------------- 
      H        120.638      48.690       5.874
      C         33.298     129.740       4.320
      O         31.810       0.000       0.000

 Subtotal:     185.746                  10.194
 -----------------------------------------------

  Elements    COT*SASA   Sigma Z,Z'     Total   
    Z,Z'       Ang**2  cal/Ang**2/mol kcal/mol  
 ---------------------------------------------- 
  H   C         81.155     -60.770      -4.932
  H   O          0.000       0.000       0.000
  C   C         23.342     -72.950      -1.703
  O   C         16.270      68.690       1.118
  O   O          0.000       0.000       0.000

 Subtotal:                              -5.517
 ---------------------------------------------- 

 NONAQUEOUS SOLVENT CONTRIBUTION (kcal/mol):
 (proportional to SASA, atomic number independent)
 ---------------------------------------------- 
 Subtotal:                               0.000
 ---------------------------------------------- 

 CDS TOTAL (kcal/mol):                   4.677
...............................................................................
