14
 energy: -617.971936829570 gnorm: 0.001947015710 xtb: 6.7.1 (edcfbbe)
C           -2.32434668230259        0.44343065791035        0.60963650714377
C           -1.54003340834031        0.23896725689498       -0.68493102304907
C           -0.57589209771675       -0.94900009227168       -0.64171984430796
C            0.46193609409229       -0.90612856174984        0.45686526496066
Cl           1.57580200390189        0.56375652973660        0.28555153836528
H           -3.04497774076607        1.25994108523725        0.50010698878206
H           -2.87929071724927       -0.46260578646866        0.88172485397327
H           -1.66658482851676        0.69854173969969        1.44790968634768
H           -0.98026173907386        1.15035812467304       -0.92589510386910
H           -2.23983519260666        0.07474525801843       -1.51219878384145
H           -1.14539803397918       -1.87407781477022       -0.47138403744211
H           -0.07379245816454       -1.05928419083882       -1.60940720307172
H            1.12502615554157       -1.77076531284651        0.42136232520809
H            0.02474888255458       -0.82200472279630        1.45399120848924
14
 energy: -617.971949626552 gnorm: 0.000514309824 xtb: 6.7.1 (edcfbbe)
C           -2.32442762465661        0.44402554719532        0.60878579206295
C           -1.54015372836126        0.23990137817157       -0.68483307617410
C           -0.57524012698336       -0.94644864262449       -0.64179579490470
C            0.46287562563253       -0.90623356515911        0.45590410154144
Cl           1.57987364514096        0.56029474772397        0.29104587318267
H           -3.05046216057489        1.25577028104489        0.49986264235775
H           -2.87370899820243       -0.46358574781119        0.88355639513485
H           -1.66834358654394        0.70429821118161        1.44576476034449
H           -0.98339138076662        1.15251574157604       -0.92745996921603
H           -2.23928433070581        0.07448651198463       -1.51249027743209
H           -1.14447781713721       -1.87177787708614       -0.46832226357538
H           -0.07532708545997       -1.06048120866655       -1.61015541145492
H            1.12311169652564       -1.77372146943932        0.41977914919483
H            0.02605608957467       -0.82316978044763        1.45197055413985
14
 energy: -617.971954363921 gnorm: 0.000623084771 xtb: 6.7.1 (edcfbbe)
C           -2.32382210496127        0.44389563129664        0.60853800946659
C           -1.53965730923591        0.24140409275737       -0.68497358729814
C           -0.57509681024829       -0.94466206526762       -0.64144852276226
C            0.46263942080711       -0.90655436902208        0.45644907518606
Cl           1.58148491107666        0.55745202903659        0.29206403031508
H           -3.05545043313227        1.25049772175758        0.49771922760773
H           -2.86709274963229       -0.46642876295309        0.88662151994168
H           -1.66877340402667        0.71124617466732        1.44419148567317
H           -0.98394726411241        1.15465435668522       -0.92824485782035
H           -2.23837518981333        0.07513399715608       -1.51295088586234
H           -1.14478695976561       -1.86974480882909       -0.46703135585602
H           -0.07626916837560       -1.06006723747694       -1.61020573517505
H            1.12107788738825       -1.77546851591626        0.41849301570493
H            0.02516933138571       -0.82548414884137        1.45239111232686
14
 energy: -617.971954363921 gnorm: 0.000623084771 xtb: 6.7.1 (edcfbbe)
C           -2.32382210496127        0.44389563129664        0.60853800946659
C           -1.53965730923591        0.24140409275737       -0.68497358729814
C           -0.57509681024829       -0.94466206526762       -0.64144852276226
C            0.46263942080711       -0.90655436902208        0.45644907518606
Cl           1.58148491107666        0.55745202903659        0.29206403031508
H           -3.05545043313227        1.25049772175758        0.49771922760773
H           -2.86709274963229       -0.46642876295309        0.88662151994168
H           -1.66877340402667        0.71124617466732        1.44419148567317
H           -0.98394726411241        1.15465435668522       -0.92824485782035
H           -2.23837518981333        0.07513399715608       -1.51295088586234
H           -1.14478695976561       -1.86974480882909       -0.46703135585602
H           -0.07626916837560       -1.06006723747694       -1.61020573517505
H            1.12107788738825       -1.77546851591626        0.41849301570493
H            0.02516933138571       -0.82548414884137        1.45239111232686
