19
 energy: -23.033114507680 gnorm: 0.031255555728 xtb: 6.7.1 (edcfbbe)
C            1.43839460429953       -0.97999341743909        0.71304693326966
C            1.08782578694498       -0.23322054940329       -0.57297209225014
C            2.32366513721925        0.43279489847937       -1.17411759560776
C            0.00330365392519        0.83845643298637       -0.31333985121986
C           -1.24061558595566        0.26771924582550        0.31336501007779
O           -1.55265816320412        0.53831489821068        1.47168880247870
C           -2.06874634537569       -0.66374255711263       -0.51982646342777
H            2.24815066580063       -1.69525062957547        0.53536502825371
H            1.76973141161205       -0.27737349905035        1.48722219248058
H            0.58151426422804       -1.53720627221264        1.10834551679349
H            0.69279210230579       -0.95241212040433       -1.30160041140862
H            2.75088074624317        1.15824214087969       -0.47183156022772
H            2.08048470004964        0.96085076037864       -2.10204051304317
H            3.09340450061352       -0.31327253371924       -1.39799429882307
H           -0.26799991471757        1.30277528502817       -1.26944232557637
H            0.40716893170193        1.60769534600204        0.35359991023429
H           -2.30789826299468       -0.19609571757453       -1.48077000377691
H           -1.48598275806875       -1.56421264470922       -0.74828241498811
H           -2.98266062312682       -0.94688132383652        0.00430498524885
19
 energy: -23.033854326533 gnorm: 0.010240245477 xtb: 6.7.1 (edcfbbe)
C            1.44180787894361       -0.97350167469082        0.70999998272708
C            1.08519611310084       -0.23515406703683       -0.57624137652730
C            2.32196840692879        0.43084366433214       -1.17082765683193
C            0.00204776090494        0.83115335192604       -0.31185392660775
C           -1.23614656294839        0.25658381840445        0.32211652340469
O           -1.55428449103235        0.53322311906646        1.46756663544466
C           -2.06156312973463       -0.66174346902676       -0.52542779433525
H            2.24488996260959       -1.68738472545393        0.53057623584224
H            1.77129054209022       -0.27217362655261        1.47652802068670
H            0.58289732777884       -1.51689403982919        1.10360571181710
H            0.69514351257346       -0.95574510056233       -1.30283993462494
H            2.74402272029422        1.15199701352345       -0.47120513052160
H            2.07513780220924        0.95310898644306       -2.09367298098076
H            3.08485028682502       -0.31387063157408       -1.39264981939524
H           -0.26883421535504        1.29677964615904       -1.26232295115382
H            0.40524869684262        1.59634769812975        0.35541360554929
H           -2.30129660430707       -0.18738998494149       -1.47591350068668
H           -1.48777460577231       -1.56248898530978       -0.74496545037221
H           -2.97384655045118       -0.93650325025341       -0.00316534494676
19
 energy: -23.033937169900 gnorm: 0.002198533758 xtb: 6.7.1 (edcfbbe)
C            1.44194106949909       -0.97195503146683        0.71104505448101
C            1.08374677822262       -0.23607047725725       -0.57647104891917
C            2.32008319840720        0.43005770879742       -1.17312313709206
C            0.00268675207798        0.82891846275482       -0.30959314614375
C           -1.23965377793649        0.25915267490281        0.32435377606513
O           -1.55574095985416        0.52888859077504        1.46787057087079
C           -2.05714268424365       -0.66237081131385       -0.52979057692272
H            2.23949467474406       -1.68800463658750        0.52982462951966
H            1.77678252964861       -0.26788753926512        1.46924186221704
H            0.58168982084463       -1.50602086195967        1.10941549635206
H            0.69514771315503       -0.95732070546393       -1.30154081016936
H            2.73926871961949        1.14852451817391       -0.47310952958170
H            2.07205180207530        0.95064006516641       -2.09416521306676
H            3.07955016405484       -0.31539788040038       -1.39308919210476
H           -0.26874217548717        1.29856007004466       -1.25561984515550
H            0.40919238402811        1.58923057214700        0.35997038653656
H           -2.29736453057779       -0.18300361717026       -1.47428229213323
H           -1.48285535726590       -1.56001609677862       -0.74665071025429
H           -2.96938126951139       -0.93873726234550       -0.00956542601144
19
 energy: -23.033955744683 gnorm: 0.001281645211 xtb: 6.7.1 (edcfbbe)
C            1.44310831149483       -0.97103453912877        0.71244712309738
C            1.08260975026008       -0.23641275760706       -0.57586515620190
C            2.31866877675066        0.42952970809163       -1.17493425917244
C            0.00323450525081        0.82897263365648       -0.30736580916359
C           -1.23866362535285        0.25590073775476        0.32713439700424
O           -1.55839784062097        0.52721541151770        1.46893406814573
C           -2.05596256896863       -0.66259051545436       -0.53259705041431
H            2.23617348242051       -1.69142449409919        0.52963694825638
H            1.78458637465162       -0.26550808762356        1.46641614120135
H            0.58161018952371       -1.49937795708843        1.11572300072529
H            0.69347603938919       -0.95844574854060       -1.29974733507364
H            2.73818079675608        1.14820010083342       -0.47546359853783
H            2.06908061412202        0.94928010534570       -2.09596090301987
H            3.07724792632870       -0.31671411688945       -1.39504993334327
H           -0.27001896854815        1.30035022269704       -1.25185251672071
H            0.41056407354233        1.58791559218268        0.36354744566965
H           -2.29259911364376       -0.17952697513269       -1.47580909217479
H           -1.48160268146732       -1.55977002809831       -0.74882749365567
H           -2.97054119038846       -0.93937154966384       -0.01564512813449
19
 energy: -23.033977761268 gnorm: 0.002325601312 xtb: 6.7.1 (edcfbbe)
C            1.44626695837514       -0.96865186065879        0.71540165578336
C            1.07982891823049       -0.23639999266005       -0.57381232930869
C            2.31545632959449        0.42721256416381       -1.17929196570871
C            0.00378605690483        0.82982148233806       -0.30045035011404
C           -1.24100436117108        0.25400715687648        0.33015282353562
O           -1.56707266960924        0.52360685083992        1.47065945456784
C           -2.05316000134994       -0.66352312784004       -0.53871288139364
H            2.22654701497201       -1.70236564724056        0.52785819161730
H            1.80737298756549       -0.26194662375356        1.46029661675308
H            0.58131374309035       -1.48173544251782        1.13238371233075
H            0.68781159029799       -0.95976423808650       -1.29487075611358
H            2.73782139096444        1.14763495192502       -0.48267252382417
H            2.06189980485784        0.94500018529708       -2.10072911407574
H            3.07273205136718       -0.32054437246050       -1.40080849745027
H           -0.27109723120355        1.30742173740831       -1.24148723987948
H            0.41257208311230        1.58455313886532        0.37498044476263
H           -2.28276437196749       -0.17458535975497       -1.48072206315323
H           -1.47561694876334       -1.55873972406677       -0.75409190710931
H           -2.97193849376751       -0.94381393592126       -0.02936242273229
19
 energy: -23.033991271406 gnorm: 0.001985949721 xtb: 6.7.1 (edcfbbe)
C            1.44848886966786       -0.96775394917884        0.71686966249383
C            1.07924221789870       -0.23608647019416       -0.57174907746291
C            2.31327074940018        0.42632120929476       -1.18158839823253
C            0.00385372731019        0.83000341811931       -0.29622515833890
C           -1.24293298311728        0.25371573270951        0.32998552801083
O           -1.57254144054149        0.52233513460454        1.46979840769780
C           -2.05210816962636       -0.66349916446054       -0.54170412721839
H            2.22155354831911       -1.70850850770656        0.52633670487934
H            1.82073813544943       -0.26211942739593        1.45740930225844
H            0.58232841549624       -1.47262568560390        1.14163362643554
H            0.68518503475917       -0.95986000073323       -1.29127611967055
H            2.73785382117537        1.14801556213129       -0.48745438767808
H            2.05785766489040        0.94258507837461       -2.10353344467474
H            3.06999323900238       -0.32195421324864       -1.40360420507055
H           -0.26967463144714        1.31128411697770       -1.23595847104062
H            0.41211909433669        1.58235212561048        0.38214573965001
H           -2.27868458907646       -0.17391509985097       -1.48424902923940
H           -1.47346542257445       -1.55840452963802       -0.75631413299734
H           -2.97232242982213       -0.94469758705823       -0.03580157131436
19
 energy: -23.034021563527 gnorm: 0.002424724682 xtb: 6.7.1 (edcfbbe)
C            1.46043856656000       -0.96358874773954        0.72283500434490
C            1.07659230535749       -0.23529992877567       -0.56239422198334
C            2.30286089231348        0.42225913393322       -1.19078169307584
C            0.00395610995054        0.83063600566334       -0.27633235652062
C           -1.25227210262727        0.25290439434665        0.32770764257138
O           -1.59901561939189        0.51816807463337        1.46378195195057
C           -2.04759783120698       -0.66289635376325       -0.55559116307223
H            2.19984511863218       -1.73589279383684        0.51751807802886
H            1.88338296672156       -0.26389919293157        1.44335654419819
H            0.58930352185307       -1.43079024853159        1.18202745506940
H            0.67279018976065       -0.96086015935058       -1.27487588392077
H            2.73617372522315        1.15101957794730       -0.50901825706419
H            2.03793000583481        0.92991985645740       -2.11511148918750
H            3.05768290417828       -0.32760348608908       -1.41436183580014
H           -0.25979327824715        1.32918520393577       -1.21062120736512
H            0.40912803724150        1.57096329585648        0.41698812551222
H           -2.26030729352345       -0.17379788675155       -1.50215147515753
H           -1.46587803343351       -1.55805962546695       -0.76399524129415
H           -2.97446533369604       -0.94517937678369       -0.06425912874678
19
 energy: -23.034029309577 gnorm: 0.000888631343 xtb: 6.7.1 (edcfbbe)
C            1.46155048498919       -0.96380435366521        0.72308212099208
C            1.07671998182828       -0.23553691019941       -0.56182061891218
C            2.30207056420474        0.42222699641574       -1.19145571661325
C            0.00406655689889        0.83047724242326       -0.27523552719516
C           -1.25254664481109        0.25287000686709        0.32731417982082
O           -1.60032386385547        0.51843037720310        1.46287166099053
C           -2.04763912527970       -0.66241478324909       -0.55644879350330
H            2.20082043240862       -1.73466323627107        0.51836980255497
H            1.88355045879154       -0.26478164841670        1.44262760629974
H            0.59232534018576       -1.43145737186762        1.18242811774610
H            0.67243537073075       -0.96114142463920       -1.27382779811613
H            2.73473267431842        1.15174326095957       -0.51050911819260
H            2.03636535925141        0.92867769614931       -2.11604172848535
H            3.05718487786436       -0.32738123160522       -1.41440374093310
H           -0.25828771923092        1.33002764952283       -1.20911706243185
H            0.40911347904345        1.56959512038697        0.41923142118338
H           -2.25882218103147       -0.17416795324005       -1.50365262295222
H           -1.46714182581252       -1.55863939870439       -0.76295097178129
H           -2.97541936899386       -0.94287229531672       -0.06574036198391
19
 energy: -23.034033971270 gnorm: 0.000753097878 xtb: 6.7.1 (edcfbbe)
C            1.46561825106540       -0.96351535253316        0.72458191645530
C            1.07622300740011       -0.23640776831164       -0.55974081400803
C            2.29907933406736        0.42162781347438       -1.19383039944034
C            0.00451545959106        0.83004043069613       -0.27008529051582
C           -1.25417942666506        0.25210430940961        0.32687089234868
O           -1.60673818186307        0.51785745434176        1.46075245496226
C           -2.04711650034943       -0.66160316987371       -0.56045650391277
H            2.19938770898393       -1.73757166136947        0.51671305800511
H            1.89523112404586       -0.26469381493424        1.43834908418653
H            0.59754986444700       -1.42540058544927        1.18996151786613
H            0.66925254084839       -0.96232255721791       -1.26969188111301
H            2.73084084963509        1.15415685682999       -0.51612090104192
H            2.03047609773319        0.92409400115188       -2.11944232272843
H            3.05506618304236       -0.32726332843347       -1.41526398857921
H           -0.25422639294460        1.33414111258924       -1.20216398792759
H            0.40934080248567        1.56486868182720        0.42884250425962
H           -2.25150214773837       -0.17490604980387       -1.50974032485125
H           -1.46931895133000       -1.56063507083419       -0.76087665102223
H           -2.97874477095449       -0.93738355880606       -0.07393751445577
19
 energy: -23.034037180382 gnorm: 0.000587629066 xtb: 6.7.1 (edcfbbe)
C            1.46878148484058       -0.96326146958370        0.72542044064999
C            1.07564019228703       -0.23685385226545       -0.55838158392046
C            2.29693433537001        0.42116587582449       -1.19563942090262
C            0.00471122614911        0.82981527837001       -0.26616132207306
C           -1.25580256214097        0.25182214804492        0.32669709664214
O           -1.61161706055694        0.51703244641975        1.45978596240118
C           -2.04700373751859       -0.66106691281717       -0.56327555228597
H            2.19854784876093       -1.74073294387226        0.51499513005397
H            1.90488213957854       -0.26457291758477        1.43565983674886
H            0.60093778208572       -1.42086859694956        1.19582035333551
H            0.66679789463021       -0.96304427034230       -1.26692568370817
H            2.72800328586525        1.15661600035364       -0.52054091327067
H            2.02645533187464        0.92028861670560       -2.12253016942110
H            3.05408588733672       -0.32705014753265       -1.41555580638708
H           -0.25200819368118        1.33765662367173       -1.19679215918838
H            0.40949652378975        1.56158331220046        0.43601843856521
H           -2.24434600944011       -0.17607654013994       -1.51495084937206
H           -1.47143154505440       -1.56284744724495       -0.75789961768343
H           -2.98230997267592       -0.93241746050465       -0.08102333169664
19
 energy: -23.034043140210 gnorm: 0.000556106681 xtb: 6.7.1 (edcfbbe)
C            1.47346120792361       -0.96295894762669        0.72620029236870
C            1.07485615652568       -0.23756986435465       -0.55670770236223
C            2.29357650367294        0.42082214689841       -1.19879089602128
C            0.00518176004743        0.82906332387026       -0.25996547575294
C           -1.25797462503166        0.25102223968131        0.32700797383918
O           -1.61764854355185        0.51410849113028        1.45944548488334
C           -2.04734149362886       -0.65970825602722       -0.56733954928064
H            2.19977733858625       -1.74324311879224        0.51266006801161
H            1.91626636667891       -0.26409257427475        1.43245575167988
H            0.60683942583318       -1.41719243570063        1.20264512795800
H            0.66335172903047       -0.96424253985986       -1.26311942047272
H            2.72228722732964        1.16220814515159       -0.52840805100354
H            2.02087436346926        0.91317003981068       -2.12874402667326
H            3.05357742169798       -0.32588448651481       -1.41443392179740
H           -0.24924918657468        1.34298390791591       -1.18795944645761
H            0.41012142659768        1.55608809076110        0.44705306017246
H           -2.22883880933974       -0.17915617716885       -1.52452486283906
H           -1.47782393843913       -1.56830948791954       -0.74877567323435
H           -2.99053947932673       -0.91992075422710       -0.09397788453092
19
 energy: -23.034050516979 gnorm: 0.000979114295 xtb: 6.7.1 (edcfbbe)
C            1.47933195280329       -0.96290458144625        0.72654147899900
C            1.07374233074604       -0.23817664115193       -0.55466067186497
C            2.28911859988490        0.42063215546892       -1.20278302965709
C            0.00566074175235        0.82827704395766       -0.25238881572864
C           -1.26016679087407        0.24965993033470        0.32812124221355
O           -1.62336577980907        0.50870960414427        1.46043605224179
C           -2.04772933700209       -0.65733528803998       -0.57206097716656
H            2.20456521576052       -1.74374909451906        0.50985868106961
H            1.92608613192724       -0.26352046524467        1.43004060188943
H            0.61489929675686       -1.41667355437917        1.20777312476185
H            0.65898265821463       -0.96521722113516       -1.25873069299570
H            2.71407279377966        1.17029957702044       -0.53900043159721
H            2.01379125993892        0.90329901389639       -2.13714143568137
H            3.05316963810158       -0.32393023522569       -1.41196336440847
H           -0.24664665762808        1.34949796516128       -1.17699933032437
H            0.41097188352853        1.54962915357019        0.46025510506980
H           -2.20330747522081       -0.18555481345239       -1.53848869526011
H           -1.48900063849946       -1.57744877530044       -0.73116681583835
H           -3.00342097266057       -0.89830603090588       -0.11292117723503
19
 energy: -23.034057257057 gnorm: 0.001159254514 xtb: 6.7.1 (edcfbbe)
C            1.48301647721366       -0.96291780502015        0.72642100440612
C            1.07262801145984       -0.23839202424031       -0.55329543899248
C            2.28529163893589        0.42078302253222       -1.20629993531978
C            0.00618425609197        0.82805176960496       -0.24619858954503
C           -1.26140574593064        0.24847709632893        0.32968705637896
O           -1.62619577650636        0.50253923895641        1.46257465401041
C           -2.04731213758684       -0.65506485377529       -0.57555500426590
H            2.20983490807568       -1.74180515098356        0.50729724407476
H            1.93005902627710       -0.26285530233883        1.42944586972884
H            0.62092024491519       -1.41941605295949        1.20973888742926
H            0.65503013389260       -0.96554780578299       -1.25559641735700
H            2.70744476664047        1.17668187530235       -0.54789961768807
H            2.00797705307099        0.89578516341985       -2.14394096838319
H            3.05224225509112       -0.32214948710482       -1.41044441179637
H           -0.24490897538568        1.35452447687545       -1.16815183393134
H            0.41193465884724        1.54528242743619        0.47037302266420
H           -2.17660882567168       -0.19409118388211       -1.55104706376782
H           -1.50048600568211       -1.58648991744269       -0.71108028609643
H           -3.01489111224807       -0.87620774417288       -0.13130732306202
19
 energy: -23.034065182301 gnorm: 0.000640569956 xtb: 6.7.1 (edcfbbe)
C            1.48358287863141       -0.96306986020924        0.72553011651063
C            1.07168998588230       -0.23752388245418       -0.55284833617440
C            2.28348802122661        0.42103495153950       -1.20789424048448
C            0.00606607250774        0.82905472926176       -0.24399347293735
C           -1.26107674643731        0.24779598027538        0.33118274911283
O           -1.62476415098039        0.49734014517337        1.46536327642085
C           -2.04598481478124       -0.65386517942923       -0.57638831753215
H            2.21468840136267       -1.73791656507973        0.50620147009125
H            1.92549989254755       -0.26269887966070        1.43149150166341
H            0.62290889917126       -1.42507713333338        1.20618216359647
H            0.65262463788131       -0.96424572132521       -1.25474940031052
H            2.70553813643536        1.17845430610656       -0.55158253523514
H            2.00517229149871        0.89368939983328       -2.14622510564340
H            3.05070451314377       -0.32172085249220       -1.41111269872771
H           -0.24551308829238        1.35702275392822       -1.16492178514451
H            0.41227005156874        1.54506640822717        0.47343301544567
H           -2.15548937599297       -0.20338915428461       -1.55830976200282
H           -1.50924020288912       -1.59328264525578       -0.69292033854324
H           -3.02141055098365       -0.85948105806774       -0.14371745161828
19
 energy: -23.034070529757 gnorm: 0.001926482864 xtb: 6.7.1 (edcfbbe)
C            1.48495022969159       -0.96264591558133        0.72482402713676
C            1.06993499119528       -0.23612912337326       -0.55160726369185
C            2.27934950345608        0.42137903580883       -1.21191271324646
C            0.00612085122732        0.83088611089891       -0.23757776913840
C           -1.26113185440611        0.24606168139527        0.33346411012436
O           -1.62645400894534        0.48936378629463        1.46851830529775
C           -2.04260371585183       -0.65288565205395       -0.57922811043864
H            2.21781410915760       -1.73475795247345        0.50320007434977
H            1.92582227890067       -0.26288185420571        1.43206462743252
H            0.62632408274763       -1.42802432556042        1.20584792058230
H            0.64689439562116       -0.96201454244392       -1.25212119782966
H            2.70407548552203        1.17982680177203       -0.55877229826719
H            1.99785431673718        0.89211072627409       -2.15024295940347
H            3.04534010814547       -0.32216689369875       -1.41630043259771
H           -0.24461935668255        1.36327291242431       -1.15633846257986
H            0.41258125087446        1.54343718154905        0.48327368898126
H           -2.11549501231657       -0.22006725760123       -1.57370885644507
H           -1.52226840540708       -1.60679432738820       -0.66081666949900
H           -3.03373439816661       -0.83078264928365       -0.16784517228032
19
 energy: -23.034080429347 gnorm: 0.000916803857 xtb: 6.7.1 (edcfbbe)
C            1.48137044279573       -0.96194540384337        0.72422441490513
C            1.06897944078126       -0.23439031475122       -0.55223407034603
C            2.27931148960852        0.42156899892838       -1.21211388323535
C            0.00585157381981        0.83345408810640       -0.23796525907704
C           -1.25977766828959        0.24620731299709        0.33408094759725
O           -1.62430108408557        0.48751935609846        1.46968786147631
C           -2.03886681590809       -0.65471763456032       -0.57831623208359
H            2.21405490012026       -1.73363574554191        0.50278508547873
H            1.92157480199753       -0.26327088161492        1.43297908229792
H            0.62211100539928       -1.42743357395076        1.20380219341499
H            0.64508055110654       -0.95930219362004       -1.25331065706925
H            2.71113994518859        1.17253485919483       -0.55519216722636
H            1.99688975694934        0.90080635242729       -2.14581267963047
H            3.03979204043131       -0.32521348921771       -1.42488909845923
H           -0.24586343960639        1.36448121068870       -1.15721597365843
H            0.41239121065873        1.54708071435224        0.48182007769642
H           -2.10300438093293       -0.23008902378572       -1.57510225700331
H           -1.52359345276449       -1.61057981016519       -0.64897846454563
H           -3.03238546576947       -0.82588707898900       -0.17352807204495
19
 energy: -23.034089041716 gnorm: 0.001366922960 xtb: 6.7.1 (edcfbbe)
C            1.48189458649235       -0.96158751346333        0.72290562338453
C            1.06634578298413       -0.23178444160918       -0.55146878155916
C            2.27648714550023        0.42145030086330       -1.21414443682733
C            0.00508968077436        0.83705454776885       -0.23395075673287
C           -1.26052364341905        0.24709978615920        0.33476261455188
O           -1.62753793384646        0.48463239973599        1.47026838479281
C           -2.03389678991348       -0.65654479955307       -0.58014459928295
H            2.21141629777266       -1.73572250850707        0.49948572743819
H            1.92548227400009       -0.26419404601773        1.43034854546318
H            0.62246635699370       -1.42403500550838        1.20459445570108
H            0.63920071752587       -0.95525886728614       -1.25186254689313
H            2.71643079747330        1.16576006054091       -0.55486380299305
H            1.99063759487533        0.90855389239571       -2.14279646959995
H            3.03156772904787       -0.32815276527467       -1.43694647541115
H           -0.24644010525565        1.37224982454763       -1.15086091716829
H            0.41248182726054        1.54717362012640        0.48869574544074
H           -2.06710757179346       -0.25182845697879       -1.58744941607180
H           -1.53365958756507       -1.62372469016841       -0.61723529970643
H           -3.03958030740688       -0.80395359501798       -0.19461674603921
19
 energy: -23.034097214103 gnorm: 0.000786482188 xtb: 6.7.1 (edcfbbe)
C            1.48240070291812       -0.96137876038189        0.72217311482207
C            1.06501562545045       -0.23064821949097       -0.55162420368276
C            2.27574370915469        0.42152263453378       -1.21431889695629
C            0.00476579027679        0.83849068848195       -0.23233137962417
C           -1.26198208392209        0.24876365682514        0.33366386475127
O           -1.63403731602866        0.48967433936765        1.46690827305536
C           -2.03155014616592       -0.65956366842594       -0.58066866639470
H            2.20441073977464       -1.74245934308726        0.49652327763278
H            1.93564987315128       -0.26548364836440        1.42482857227830
H            0.62180397986467       -1.41543038733265        1.20970222073968
H            0.63667137640582       -0.95337268254114       -1.25180819063874
H            2.72202748311574        1.15840261911942       -0.55049063577636
H            1.98867082744400        0.91796771677755       -2.13785419412104
H            3.02653164493745       -0.32975641190683       -1.44648235033992
H           -0.24608916266886        1.37667574880515       -1.14764905403748
H            0.41237991236044        1.54617806105386        0.49239073267090
H           -2.05434610687204       -0.26391106342894       -1.59124318904855
H           -1.53643755122441       -1.62911221639664       -0.60449919597361
H           -3.04087444647173       -0.79937132085459       -0.20249925086965
19
 energy: -23.034100925853 gnorm: 0.001870906956 xtb: 6.7.1 (edcfbbe)
C            1.48234283388634       -0.96162329197415        0.72038311581138
C            1.06320223325105       -0.22995346296812       -0.55256372413184
C            2.27337988741710        0.42292036211320       -1.21574669089252
C            0.00537971719315        0.83977034899463       -0.22762833324503
C           -1.26420274320903        0.25106937585646        0.33269200959176
O           -1.64471126347613        0.49753124324169        1.46217449858340
C           -2.02753432161653       -0.66339498415843       -0.58151202521065
H            2.19564116887583       -1.74944830933044        0.49011619493824
H            1.94878136668525       -0.26837299452874        1.41750241990440
H            0.62172475610365       -1.40712193682062        1.21607439136664
H            0.63242792350247       -0.95138939720453       -1.25257398559810
H            2.72690525764434        1.15125050918121       -0.54705697051944
H            1.98471815463057        0.92983466244809       -2.13324768854926
H            3.01923443179554       -0.32985625925266       -1.45856253007153
H           -0.24380462914195        1.38311068990797       -1.14037871222564
H            0.41305858470174        1.54349398508640        0.50096272034674
H           -2.02426718117425       -0.28679903720351       -1.60073652205051
H           -1.54492676657205       -1.64081954198060       -0.57513300047956
H           -3.04659455899670       -0.78301421865458       -0.22004431908140
19
 energy: -23.034103748247 gnorm: 0.001433926555 xtb: 6.7.1 (edcfbbe)
C            1.48237418949346       -0.96333984786013        0.71937127440393
C            1.06426234914135       -0.23141178212129       -0.55376943630310
C            2.27495068979865        0.42409868431750       -1.21365704353202
C            0.00599469539329        0.83774732804260       -0.22904117667778
C           -1.26610876938241        0.25382716044137        0.33041157166235
O           -1.65118461639443        0.51088626340823        1.45619812645044
C           -2.02895670729850       -0.66547335271852       -0.57947209948382
H            2.19144344088486       -1.75455316850469        0.48814406723356
H            1.95453046447271       -0.27153649115462        1.41391692349255
H            0.62118354493322       -1.40421663342759        1.21798271108992
H            0.63536320822434       -0.95275494229743       -1.25504218333253
H            2.72620955151591        1.15153516548303       -0.54272591965143
H            1.98804484947740        0.93260137718937       -2.13062110460843
H            3.02200555639261       -0.32704472671749       -1.45625487062084
H           -0.24213302308793        1.38108523007886       -1.14212960724517
H            0.41334510931611        1.54170817333642        0.49955892833956
H           -2.03777861316446       -0.28525329958607       -1.59493051053372
H           -1.54020186865640       -1.63707816392042       -0.58224283065333
H           -3.04258919955941       -0.79363923123589       -0.21097597154302
19
 energy: -23.034109853944 gnorm: 0.000438071368 xtb: 6.7.1 (edcfbbe)
C            1.48232159056895       -0.96434959171464        0.71853253072440
C            1.06408298155737       -0.23043767054078       -0.55320812930150
C            2.27474904916025        0.42422040858364       -1.21391489836310
C            0.00569483039856        0.83865312413425       -0.22886893657978
C           -1.26581865553966        0.25410613991883        0.33118292309063
O           -1.65006639328938        0.51055859780933        1.45709077818604
C           -2.02810369951124       -0.66509605947309       -0.57873868610924
H            2.19459440959859       -1.75259634302319        0.48780518084497
H            1.94900751921788       -0.27288665283651        1.41643128614586
H            0.62133360514153       -1.40921019383796        1.21330649438934
H            0.63478697585797       -0.95102245903837       -1.25501965533284
H            2.72458360202761        1.15396360038746       -0.54467164143016
H            1.98725511536790        0.92979367188332       -2.13229388537591
H            3.02284557923842       -0.32678717906303       -1.45431694740598
H           -0.24283243745272        1.38199247927399       -1.14196081349395
H            0.41352031193601        1.54264746540724        0.49938678212466
H           -2.03079449580989       -0.28892479458503       -1.59660902277033
H           -1.54202960838659       -1.63891687647302       -0.57519828169418
H           -3.04437542858117       -0.78851992405918       -0.21421422916184
19
 energy: -23.034112243152 gnorm: 0.000174215814 xtb: 6.7.1 (edcfbbe)
C            1.48134674447828       -0.96518575975505        0.71766980279643
C            1.06377817099313       -0.23016984949453       -0.55353222490463
C            2.27460856958207        0.42456833465627       -1.21382935520495
C            0.00595180565975        0.83916880030752       -0.22858887311031
C           -1.26596816997926        0.25517619798136        0.33146599227689
O           -1.65126188856598        0.51344566733071        1.45656217333592
C           -2.02679556228411       -0.66557617888250       -0.57786729868230
H            2.19395954458602       -1.75295906510610        0.48626236708605
H            1.94745047173437       -0.27437350125714        1.41713886995295
H            0.61991548783442       -1.41108253993904        1.21133520645219
H            0.63435723929522       -0.95011737818478       -1.25600325695606
H            2.72340882941062        1.15552540359834       -0.54528081450755
H            1.98756369462899        0.92852352269081       -2.13318081222434
H            3.02345245768150       -0.32635716427676       -1.45243349760534
H           -0.24256497740441        1.38264009887262       -1.14162626428505
H            0.41384679262783        1.54324534365719        0.49960378275167
H           -2.02831483204756       -0.29119593874918       -1.59637998127231
H           -1.54048493589882       -1.63934119328057       -0.57191590236325
H           -3.04349459083168       -0.78874705741592       -0.21467906504889
19
 energy: -23.034117836849 gnorm: 0.000603252602 xtb: 6.7.1 (edcfbbe)
C            1.47851243691709       -0.96853602259875        0.71436566748478
C            1.06257949932248       -0.22889143917355       -0.55447456154255
C            2.27422874717441        0.42552328021325       -1.21361683364839
C            0.00658777905142        0.84123852002654       -0.22739545236828
C           -1.26679761335131        0.25918183070567        0.33205681949544
O           -1.65649836105820        0.52456972761396        1.45392691445938
C           -2.02262826216546       -0.66760589247346       -0.57490429321734
H            2.19266277055980       -1.75446929498476        0.48142699190304
H            1.94204530342292       -0.28014996172431        1.41841956322569
H            0.61642896832700       -1.41771862668594        1.20452584015655
H            0.63228866844219       -0.94631497839499       -1.25906182736566
H            2.71880097245520        1.16122428283229       -0.54752159839157
H            1.98888527678018        0.92358716560756       -2.13666884084416
H            3.02598905864826       -0.32474200569444       -1.44561515624887
H           -0.24197694105285        1.38627668880047       -1.13958918288646
H            0.41549703442515        1.54441554321068        0.50115517621834
H           -2.01860686077032       -0.30019649417526       -1.59597743223455
H           -1.53591800166417       -1.64123217488479       -0.55951901513858
H           -3.04132562396341       -0.78897240546692       -0.21681193056970
19
 energy: -23.034121038887 gnorm: 0.000526507340 xtb: 6.7.1 (edcfbbe)
C            1.47569281047446       -0.97109885335122        0.71127899597571
C            1.06144476224592       -0.22816837054015       -0.55619711069433
C            2.27418275738736        0.42645796560283       -1.21325711571917
C            0.00740851613222        0.84282028035362       -0.22623218048657
C           -1.26751894246840        0.26296818085243        0.33201239466312
O           -1.66169796182388        0.53527555295402        1.45068804022897
C           -2.01918743779605       -0.67008021684956       -0.57204331742008
H            2.19089731418691       -1.75558582724863        0.47680432297081
H            1.93747998447366       -0.28469318355087        1.41826142938725
H            0.61326948212620       -1.42277043657688        1.19837678874461
H            0.63029819752991       -0.94324491757085       -1.26265584961398
H            2.71499872408296        1.16551373871005       -0.54833479331253
H            1.99110978722945        0.92060757124244       -2.13914267631699
H            3.02822077148966       -0.32307839723874       -1.43990125570480
H           -0.24079422992052        1.39018162041619       -1.13720167325366
H            0.41737435404117        1.54435757159723        0.50334289671252
H           -2.00963854847486       -0.31003539773501       -1.59574951455207
H           -1.53301829533681       -1.64380124109485       -0.54705500984574
H           -3.03976719407899       -0.78843789721878       -0.21827352327597
19
 energy: -23.034123198306 gnorm: 0.000288272380 xtb: 6.7.1 (edcfbbe)
C            1.47407195999816       -0.97309242335722        0.70884026971401
C            1.06077709904586       -0.22731641248570       -0.55741187947763
C            2.27443952499575        0.42718180456543       -1.21284482780165
C            0.00772294397152        0.84402392714221       -0.22572569879974
C           -1.26805444989254        0.26552937816230        0.33154010483449
O           -1.66619547321285        0.54374911221549        1.44739217909381
C           -2.01702785161924       -0.67235578102205       -0.56989794069907
H            2.18949668829908       -1.75719427217986        0.47354394586464
H            1.93519164691329       -0.28787255537013        1.41714255678309
H            0.61124784366243       -1.42552334559684        1.19421510650691
H            0.62919640917545       -0.94066436307290       -1.26519653569690
H            2.71316459890579        1.16723950412136       -0.54769865402799
H            1.99312304894104        0.92025794193395       -2.13982448254862
H            3.02950413990829       -0.32195858345963       -1.43702954859928
H           -0.24012080266338        1.39365305316877       -1.13552486009247
H            0.41849343981746        1.54385296612265        0.50501913992683
H           -2.00297420479811       -0.31866557034680       -1.59574919315429
H           -1.53221470309847       -1.64644688077157       -0.53678790058514
H           -3.03908700684915       -0.78720975701621       -0.21928093275389
19
 energy: -23.034125147531 gnorm: 0.000215991773 xtb: 6.7.1 (edcfbbe)
C            1.47274555516491       -0.97422476411628        0.70691271172947
C            1.06028961977454       -0.22677176766874       -0.55879421614168
C            2.27490211001133        0.42790575935949       -1.21233745407282
C            0.00803403501274        0.84477374047433       -0.22542142827499
C           -1.26880978815402        0.26787051455320        0.33053364660159
O           -1.67001964244473        0.55056239075598        1.44415892331444
C           -2.01557396016326       -0.67463645556892       -0.56818251637933
H            2.18735488075844       -1.75883775724387        0.47103227561822
H            1.93458212287711       -0.29017114583075        1.41551535556543
H            0.60963877389915       -1.42606441530157        1.19185183253099
H            0.62842538004076       -0.93884233202509       -1.26760719467780
H            2.71345804527699        1.16672561515556       -0.54566831415800
H            1.99485302385309        0.92262440887654       -2.13882007703542
H            3.02968514942166       -0.32126648888559       -1.43693387835007
H           -0.23931410814058        1.39639595474899       -1.13418243025001
H            0.41941585600114        1.54311246866353        0.50643275701505
H           -1.99773387441120       -0.32680039507142       -1.59592065075702
H           -1.53228976494634       -1.64911068377047       -0.52786332099074
H           -3.03888856233138       -0.78605690435166       -0.21998517280017
19
 energy: -23.034127202179 gnorm: 0.000469020636 xtb: 6.7.1 (edcfbbe)
C            1.47135107635089       -0.97540932536674        0.70492976819979
C            1.05982192698910       -0.22602729758066       -0.56004795342943
C            2.27535242014053        0.42885881390336       -1.21167974920654
C            0.00825647250582        0.84564530541194       -0.22530499969561
C           -1.26926603906613        0.26972482126408        0.32967552982026
O           -1.67458880555280        0.55848396807224        1.44036852113818
C           -2.01379388177501       -0.67731204071292       -0.56635506139695
H            2.18407646078177       -1.76143374179645        0.46810420281716
H            1.93518436717974       -0.29280137701925        1.41339591024703
H            0.60764101663748       -1.42552712647561        1.19009740942931
H            0.62785003349115       -0.93680453104388       -1.27001893606818
H            2.71538245645472        1.16434606844779       -0.54221097540959
H            1.99613807106020        0.92773075300565       -2.13624097813477
H            3.02870884747260       -0.32081970756587       -1.43923657302881
H           -0.23880396745314        1.39893319418222       -1.13321214075955
H            0.41992670754725        1.54286147466600        0.50747162840612
H           -1.99087314944762       -0.33659651987268       -1.59640252963002
H           -1.53278799102235       -1.65245894018496       -0.51709214521273
H           -3.03882117079384       -0.78420604858101       -0.22152007959855
19
 energy: -23.034128910475 gnorm: 0.000404846639 xtb: 6.7.1 (edcfbbe)
C            1.46999023702949       -0.97660835713505        0.70320147793453
C            1.05923779564167       -0.22512912833152       -0.56080752084175
C            2.27556534843800        0.42959611474616       -1.21109199302397
C            0.00829256088882        0.84672387742646       -0.22516154990525
C           -1.27047928313879        0.27250959950048        0.32865959204173
O           -1.67886984865087        0.56569465751406        1.43703951021030
C           -2.01159719008197       -0.67978675181422       -0.56467938640059
H            2.18043744292415       -1.76440870040975        0.46527852558108
H            1.93627466471329       -0.29560260406690        1.41169559934053
H            0.60545529375567       -1.42467886540218        1.18889741692872
H            0.62716980100571       -0.93468909467524       -1.27190616373431
H            2.71805851762448        1.16110717436948       -0.53884073132066
H            1.99642313833016        0.93331226410791       -2.13308365405707
H            3.02699418637750       -0.32079985662836       -1.44291500847504
H           -0.23847939785546        1.40121499953073       -1.13247924412948
H            0.42026952029362        1.54316087367150        0.50818044504042
H           -1.98375617760494       -0.34587778155985       -1.59682445689759
H           -1.53197818098353       -1.65519994306595       -0.50672473270639
H           -3.03825357720665       -0.78335073502448       -0.22371727709808
19
 energy: -23.034130052467 gnorm: 0.000199510340 xtb: 6.7.1 (edcfbbe)
C            1.46848155457387       -0.97751234738668        0.70179665228548
C            1.05850552916223       -0.22434736681351       -0.56141293126558
C            2.27545978182301        0.43031744172512       -1.21062637130412
C            0.00838502676212        0.84783565495500       -0.22485906893590
C           -1.27105657828061        0.27425853109173        0.32835358436287
O           -1.68258048117009        0.57190140922762        1.43435566539465
C           -2.00917510987662       -0.68182981549944       -0.56321704925511
H            2.17661846279739       -1.76696479849753        0.46260459327910
H            1.93732423428603       -0.29836991469880        1.41054631553925
H            0.60332579414661       -1.42376385328543        1.18821531261553
H            0.62611873620055       -0.93281783794042       -1.27346713982707
H            2.72101121022887        1.15778664817008       -0.53600685878636
H            1.99605214167707        0.93870102618014       -2.12995422130786
H            3.02462325037901       -0.32096543355658       -1.44700200960246
H           -0.23839581198588        1.40266309111165       -1.13201809758493
H            0.42045284879132        1.54424550778880        0.50848926033191
H           -1.97591098549482       -0.35395374692370       -1.59710053023691
H           -1.53088949209169       -1.65739784004488       -0.49719446214998
H           -3.03759526042802       -0.78259861284991       -0.22678179506536
19
 energy: -23.034130301359 gnorm: 0.000061032030 xtb: 6.7.1 (edcfbbe)
C            1.46784835679378       -0.97794020735354        0.70131863673005
C            1.05815219101406       -0.22392417105656       -0.56140185955146
C            2.27524688879048        0.43046323063321       -1.21062700819004
C            0.00832563277494        0.84842256116119       -0.22459203077020
C           -1.27144123064147        0.27515189210270        0.32843000915548
O           -1.68404921843989        0.57412529925368        1.43365101793911
C           -2.00787413627826       -0.68250713340578       -0.56274159961811
H            2.17523976467273       -1.76786116219685        0.46142005167844
H            1.93751715456124       -0.29946520647878        1.41027049342120
H            0.60242016158742       -1.42373510080293        1.18784515990143
H            0.62556688007943       -0.93193601857736       -1.27378758637884
H            2.72201704649099        1.15645316138987       -0.53528991172202
H            1.99561275635056        0.94045043294734       -2.12897408327747
H            3.02346488872456       -0.32124414544873       -1.44865739522666
H           -0.23848424315292        1.40331589480336       -1.13173629648744
H            0.42039789529140        1.54486619233886        0.50870632169824
H           -1.97205345575740       -0.35702582934942       -1.59726108679067
H           -1.53007436250698       -1.65808869250867       -0.49328346936672
H           -3.03707811885430       -0.78233325469833       -0.22856851465719
19
 energy: -23.034130375879 gnorm: 0.000064854696 xtb: 6.7.1 (edcfbbe)
C            1.46771731277211       -0.97803088562209        0.70118697510918
C            1.05792521736421       -0.22379815353994       -0.56136021165114
C            2.27505548445357        0.43044966108072       -1.21067371809515
C            0.00831560828511        0.84869711228989       -0.22439206095504
C           -1.27150315864209        0.27535337543601        0.32852534559149
O           -1.68437156746237        0.57446732046564        1.43357235215826
C           -2.00740071629601       -0.68262922363918       -0.56267794461348
H            2.17507731689846       -1.76793167223927        0.46111705620005
H            1.93739760693276       -0.29974573523462        1.41037002664405
H            0.60226999396227       -1.42393330577625        1.18763347694037
H            0.62514747359029       -0.93166793440190       -1.27378738405458
H            2.72221436748418        1.15622427661225       -0.53537230112978
H            1.99524286675048        0.94062267031370       -2.12884359529072
H            3.02300527679374       -0.32141816635108       -1.44907110555334
H           -0.23853992405563        1.40361928123553       -1.13150650063067
H            0.42046123657416        1.54512650475641        0.50888360700886
H           -1.97033176964855       -0.35791411220936       -1.59736763096815
H           -1.52994197771431       -1.65829299929723       -0.49192550462394
H           -3.03698579654203       -0.78201027112597       -0.22959003359913
