----------------------------------------------- 
  Element       SASA      Sigma Z        Total  
     Z         Ang**2 cal/Ang**2/mol   kcal/mol 
----------------------------------------------- 
      H        137.038      48.690       6.672
      C         34.859     129.740       4.523
      O         31.440       0.000       0.000

 Subtotal:     203.337                  11.195
 -----------------------------------------------

  Elements    COT*SASA   Sigma Z,Z'     Total   
    Z,Z'       Ang**2  cal/Ang**2/mol kcal/mol  
 ---------------------------------------------- 
  H   C         92.126     -60.770      -5.598
  H   O          0.000       0.000       0.000
  C   C         22.692     -72.950      -1.655
  O   C         16.081      68.690       1.105
  O   O          0.000       0.000       0.000

 Subtotal:                              -6.149
 ---------------------------------------------- 

 NONAQUEOUS SOLVENT CONTRIBUTION (kcal/mol):
 (proportional to SASA, atomic number independent)
 ---------------------------------------------- 
 Subtotal:                               0.000
 ---------------------------------------------- 

 CDS TOTAL (kcal/mol):                   5.046
...............................................................................
