2025-04-08 10:37:45,196 -     censo.parallel     -  DEBUG   - Free cores decreased 8 -> 7.
2025-04-08 10:37:45,205 -     censo.parallel     -  DEBUG   - Free cores decreased 7 -> 6.
2025-04-08 10:37:45,207 -     censo.parallel     -  DEBUG   - Free cores decreased 6 -> 5.
2025-04-08 10:37:45,208 -   censo.qm_processor   -  DEBUG   - worker129934:Running on 1 cores.
2025-04-08 10:37:45,209 -   censo.qm_processor   -  DEBUG   - worker129935:Running on 1 cores.
2025-04-08 10:37:45,212 -     censo.parallel     -  DEBUG   - Free cores decreased 5 -> 4.
2025-04-08 10:37:45,213 -   censo.qm_processor   -  DEBUG   - worker129939:Running on 1 cores.
2025-04-08 10:37:45,214 -   censo.qm_processor   -  DEBUG   - worker129936:Running on 1 cores.
2025-04-08 10:37:45,215 -     censo.parallel     -  DEBUG   - Free cores decreased 4 -> 3.
2025-04-08 10:37:45,216 -     censo.parallel     -  DEBUG   - Free cores decreased 3 -> 2.
2025-04-08 10:37:45,216 -   censo.qm_processor   -  DEBUG   - worker129944:Running on 1 cores.
2025-04-08 10:37:45,217 -     censo.parallel     -  DEBUG   - Free cores decreased 2 -> 1.
2025-04-08 10:37:45,217 -     censo.parallel     -  DEBUG   - Free cores decreased 1 -> 0.
2025-04-08 10:37:45,217 -   censo.qm_processor   -  DEBUG   - worker129941:Running on 1 cores.
2025-04-08 10:37:45,218 -   censo.qm_processor   -  DEBUG   - worker129940:Running on 1 cores.
2025-04-08 10:37:45,218 -   censo.qm_processor   -  DEBUG   - worker129938:Running on 1 cores.
2025-04-08 10:37:45,263 -   censo.qm_processor   -   INFO   - worker129940:Running xtb_gsolv calculation in /srv/scratch/z5358697/.automated/5049/0_PRESCREENING/CONF8/xtb_gsolv.
2025-04-08 10:37:45,276 -   censo.qm_processor   -   INFO   - worker129934:Running xtb_gsolv calculation in /srv/scratch/z5358697/.automated/5049/0_PRESCREENING/CONF1/xtb_gsolv.
2025-04-08 10:37:45,278 -   censo.qm_processor   -   INFO   - worker129939:Running xtb_gsolv calculation in /srv/scratch/z5358697/.automated/5049/0_PRESCREENING/CONF3/xtb_gsolv.
2025-04-08 10:37:45,279 -   censo.qm_processor   -  DEBUG   - worker129940:Running ['/srv/scratch/z5358697/.xtb/bin/xtb', 'gas.coord', '--gfn2', '--sp', '--chrg', '0', '--norestart', '--parallel', '1']...
2025-04-08 10:37:45,292 -   censo.qm_processor   -  DEBUG   - worker129934:Running ['/srv/scratch/z5358697/.xtb/bin/xtb', 'gas.coord', '--gfn2', '--sp', '--chrg', '0', '--norestart', '--parallel', '1']...
2025-04-08 10:37:45,295 -   censo.qm_processor   -   INFO   - worker129936:Running xtb_gsolv calculation in /srv/scratch/z5358697/.automated/5049/0_PRESCREENING/CONF4/xtb_gsolv.
2025-04-08 10:37:45,295 -   censo.qm_processor   -  DEBUG   - worker129939:Running ['/srv/scratch/z5358697/.xtb/bin/xtb', 'gas.coord', '--gfn2', '--sp', '--chrg', '0', '--norestart', '--parallel', '1']...
2025-04-08 10:37:45,303 -   censo.qm_processor   -   INFO   - worker129938:Running xtb_gsolv calculation in /srv/scratch/z5358697/.automated/5049/0_PRESCREENING/CONF7/xtb_gsolv.
2025-04-08 10:37:45,305 -   censo.qm_processor   -   INFO   - worker129935:Running xtb_gsolv calculation in /srv/scratch/z5358697/.automated/5049/0_PRESCREENING/CONF2/xtb_gsolv.
2025-04-08 10:37:45,313 -   censo.qm_processor   -  DEBUG   - worker129936:Running ['/srv/scratch/z5358697/.xtb/bin/xtb', 'gas.coord', '--gfn2', '--sp', '--chrg', '0', '--norestart', '--parallel', '1']...
2025-04-08 10:37:45,316 -   censo.qm_processor   -   INFO   - worker129944:Running xtb_gsolv calculation in /srv/scratch/z5358697/.automated/5049/0_PRESCREENING/CONF5/xtb_gsolv.
2025-04-08 10:37:45,321 -   censo.qm_processor   -  DEBUG   - worker129935:Running ['/srv/scratch/z5358697/.xtb/bin/xtb', 'gas.coord', '--gfn2', '--sp', '--chrg', '0', '--norestart', '--parallel', '1']...
2025-04-08 10:37:45,324 -   censo.qm_processor   -  DEBUG   - worker129938:Running ['/srv/scratch/z5358697/.xtb/bin/xtb', 'gas.coord', '--gfn2', '--sp', '--chrg', '0', '--norestart', '--parallel', '1']...
2025-04-08 10:37:45,332 -   censo.qm_processor   -   INFO   - worker129941:Running xtb_gsolv calculation in /srv/scratch/z5358697/.automated/5049/0_PRESCREENING/CONF6/xtb_gsolv.
2025-04-08 10:37:45,339 -   censo.qm_processor   -  DEBUG   - worker129944:Running ['/srv/scratch/z5358697/.xtb/bin/xtb', 'gas.coord', '--gfn2', '--sp', '--chrg', '0', '--norestart', '--parallel', '1']...
2025-04-08 10:37:45,346 -   censo.qm_processor   -  DEBUG   - worker129941:Running ['/srv/scratch/z5358697/.xtb/bin/xtb', 'gas.coord', '--gfn2', '--sp', '--chrg', '0', '--norestart', '--parallel', '1']...
2025-04-08 10:37:45,414 -   censo.qm_processor   -  DEBUG   - worker129941:Started (PID: 129967).
2025-04-08 10:37:45,415 -   censo.qm_processor   -  DEBUG   - worker129939:Started (PID: 129962).
2025-04-08 10:37:45,420 -   censo.qm_processor   -  DEBUG   - worker129944:Started (PID: 129966).
2025-04-08 10:37:45,421 -   censo.qm_processor   -  DEBUG   - worker129936:Started (PID: 129963).
2025-04-08 10:37:45,422 -   censo.qm_processor   -  DEBUG   - worker129940:Started (PID: 129960).
2025-04-08 10:37:45,422 -   censo.qm_processor   -  DEBUG   - worker129938:Started (PID: 129965).
2025-04-08 10:37:45,459 -   censo.qm_processor   -  DEBUG   - worker129935:Started (PID: 129964).
2025-04-08 10:37:45,460 -   censo.qm_processor   -  DEBUG   - worker129934:Started (PID: 129961).
2025-04-08 10:37:45,895 -   censo.qm_processor   -  DEBUG   - worker129941:Done.
2025-04-08 10:37:45,901 -   censo.qm_processor   -  DEBUG   - worker129940:Done.
2025-04-08 10:37:45,902 -   censo.qm_processor   -  DEBUG   - worker129934:Done.
2025-04-08 10:37:45,902 -   censo.qm_processor   -  DEBUG   - worker129935:Done.
2025-04-08 10:37:45,903 -   censo.qm_processor   -  DEBUG   - worker129938:Done.
2025-04-08 10:37:45,904 -   censo.qm_processor   -  DEBUG   - worker129944:Done.
2025-04-08 10:37:45,905 -   censo.qm_processor   -  DEBUG   - worker129939:Done.
2025-04-08 10:37:45,913 -   censo.qm_processor   -  DEBUG   - worker129936:Done.
2025-04-08 10:37:45,919 -   censo.qm_processor   -  DEBUG   - worker129941:Running ['/srv/scratch/z5358697/.xtb/bin/xtb', 'solv.coord', '--gfn2', '--sp', '--chrg', '0', '--norestart', '--parallel', '1', '--alpb', 'water', 'reference', '-I', 'xtb_sp-xcontrol-inp']...
2025-04-08 10:37:45,922 -   censo.qm_processor   -  DEBUG   - worker129941:Started (PID: 129968).
2025-04-08 10:37:45,924 -   censo.qm_processor   -  DEBUG   - worker129940:Running ['/srv/scratch/z5358697/.xtb/bin/xtb', 'solv.coord', '--gfn2', '--sp', '--chrg', '0', '--norestart', '--parallel', '1', '--alpb', 'water', 'reference', '-I', 'xtb_sp-xcontrol-inp']...
2025-04-08 10:37:45,924 -   censo.qm_processor   -  DEBUG   - worker129934:Running ['/srv/scratch/z5358697/.xtb/bin/xtb', 'solv.coord', '--gfn2', '--sp', '--chrg', '0', '--norestart', '--parallel', '1', '--alpb', 'water', 'reference', '-I', 'xtb_sp-xcontrol-inp']...
2025-04-08 10:37:45,924 -   censo.qm_processor   -  DEBUG   - worker129935:Running ['/srv/scratch/z5358697/.xtb/bin/xtb', 'solv.coord', '--gfn2', '--sp', '--chrg', '0', '--norestart', '--parallel', '1', '--alpb', 'water', 'reference', '-I', 'xtb_sp-xcontrol-inp']...
2025-04-08 10:37:45,926 -   censo.qm_processor   -  DEBUG   - worker129944:Running ['/srv/scratch/z5358697/.xtb/bin/xtb', 'solv.coord', '--gfn2', '--sp', '--chrg', '0', '--norestart', '--parallel', '1', '--alpb', 'water', 'reference', '-I', 'xtb_sp-xcontrol-inp']...
2025-04-08 10:37:45,926 -   censo.qm_processor   -  DEBUG   - worker129938:Running ['/srv/scratch/z5358697/.xtb/bin/xtb', 'solv.coord', '--gfn2', '--sp', '--chrg', '0', '--norestart', '--parallel', '1', '--alpb', 'water', 'reference', '-I', 'xtb_sp-xcontrol-inp']...
2025-04-08 10:37:45,926 -   censo.qm_processor   -  DEBUG   - worker129939:Running ['/srv/scratch/z5358697/.xtb/bin/xtb', 'solv.coord', '--gfn2', '--sp', '--chrg', '0', '--norestart', '--parallel', '1', '--alpb', 'water', 'reference', '-I', 'xtb_sp-xcontrol-inp']...
2025-04-08 10:37:45,932 -   censo.qm_processor   -  DEBUG   - worker129940:Started (PID: 129969).
2025-04-08 10:37:45,936 -   censo.qm_processor   -  DEBUG   - worker129934:Started (PID: 129970).
2025-04-08 10:37:45,936 -   censo.qm_processor   -  DEBUG   - worker129936:Running ['/srv/scratch/z5358697/.xtb/bin/xtb', 'solv.coord', '--gfn2', '--sp', '--chrg', '0', '--norestart', '--parallel', '1', '--alpb', 'water', 'reference', '-I', 'xtb_sp-xcontrol-inp']...
2025-04-08 10:37:45,944 -   censo.qm_processor   -  DEBUG   - worker129939:Started (PID: 129974).
2025-04-08 10:37:45,944 -   censo.qm_processor   -  DEBUG   - worker129938:Started (PID: 129973).
2025-04-08 10:37:45,944 -   censo.qm_processor   -  DEBUG   - worker129944:Started (PID: 129972).
2025-04-08 10:37:45,944 -   censo.qm_processor   -  DEBUG   - worker129936:Started (PID: 129975).
2025-04-08 10:37:45,948 -   censo.qm_processor   -  DEBUG   - worker129935:Started (PID: 129971).
2025-04-08 10:37:46,006 -   censo.qm_processor   -  DEBUG   - worker129941:Done.
2025-04-08 10:37:46,008 -   censo.qm_processor   -  DEBUG   - worker129938:Done.
2025-04-08 10:37:46,009 -   censo.qm_processor   -  DEBUG   - worker129934:Done.
2025-04-08 10:37:46,010 -     censo.parallel     -  DEBUG   - Free cores increased 0 -> 1.
2025-04-08 10:37:46,011 -     censo.parallel     -  DEBUG   - Free cores increased 1 -> 2.
2025-04-08 10:37:46,012 -     censo.parallel     -  DEBUG   - Free cores increased 2 -> 3.
2025-04-08 10:37:46,013 -   censo.qm_processor   -  DEBUG   - worker129940:Done.
2025-04-08 10:37:46,015 -     censo.parallel     -  DEBUG   - Free cores increased 3 -> 4.
2025-04-08 10:37:46,033 -   censo.qm_processor   -  DEBUG   - worker129936:Done.
2025-04-08 10:37:46,033 -   censo.qm_processor   -  DEBUG   - worker129939:Done.
2025-04-08 10:37:46,035 -     censo.parallel     -  DEBUG   - Free cores increased 4 -> 5.
2025-04-08 10:37:46,036 -     censo.parallel     -  DEBUG   - Free cores increased 5 -> 6.
2025-04-08 10:37:46,036 -   censo.qm_processor   -  DEBUG   - worker129935:Done.
2025-04-08 10:37:46,038 -     censo.parallel     -  DEBUG   - Free cores increased 6 -> 7.
2025-04-08 10:37:46,039 -   censo.qm_processor   -  DEBUG   - worker129944:Done.
2025-04-08 10:37:46,041 -     censo.parallel     -  DEBUG   - Free cores increased 7 -> 8.
2025-04-08 10:37:46,059 -     censo.parallel     -  DEBUG   - Checking for failed jobs...
2025-04-08 10:37:46,059 -     censo.parallel     -   INFO   - All jobs executed successfully.
2025-04-08 10:37:46,069 -     censo.parallel     -  DEBUG   - Free cores decreased 8 -> 7.
2025-04-08 10:37:46,077 -     censo.parallel     -  DEBUG   - Free cores decreased 7 -> 6.
2025-04-08 10:37:46,078 -   censo.qm_processor   -  DEBUG   - worker130003:Running on 1 cores.
2025-04-08 10:37:46,080 -   censo.qm_processor   -  DEBUG   - worker130007:Running on 1 cores.
2025-04-08 10:37:46,081 -     censo.parallel     -  DEBUG   - Free cores decreased 6 -> 5.
2025-04-08 10:37:46,082 -     censo.parallel     -  DEBUG   - Free cores decreased 5 -> 4.
2025-04-08 10:37:46,083 -   censo.qm_processor   -   INFO   - worker130003:Running sp calculation in /srv/scratch/z5358697/.automated/5049/0_PRESCREENING/CONF1/sp.
2025-04-08 10:37:46,083 -     censo.parallel     -  DEBUG   - Free cores decreased 4 -> 3.
2025-04-08 10:37:46,083 -   censo.qm_processor   -  DEBUG   - worker130005:Running on 1 cores.
2025-04-08 10:37:46,084 -     censo.parallel     -  DEBUG   - Free cores decreased 3 -> 2.
2025-04-08 10:37:46,084 -     censo.parallel     -  DEBUG   - Free cores decreased 2 -> 1.
2025-04-08 10:37:46,084 -   censo.qm_processor   -  DEBUG   - worker130004:Running on 1 cores.
2025-04-08 10:37:46,084 -   censo.qm_processor   -  DEBUG   - worker130015:Running on 1 cores.
2025-04-08 10:37:46,085 -     censo.parallel     -  DEBUG   - Free cores decreased 1 -> 0.
2025-04-08 10:37:46,085 -   censo.qm_processor   -  DEBUG   - worker130013:Running on 1 cores.
2025-04-08 10:37:46,086 -   censo.qm_processor   -  DEBUG   - worker130008:Running on 1 cores.
2025-04-08 10:37:46,086 -   censo.qm_processor   -  DEBUG   - worker130010:Running on 1 cores.
2025-04-08 10:37:46,090 -   censo.qm_processor   -   INFO   - worker130007:Running sp calculation in /srv/scratch/z5358697/.automated/5049/0_PRESCREENING/CONF2/sp.
2025-04-08 10:37:46,098 -   censo.qm_processor   -   INFO   - worker130005:Running sp calculation in /srv/scratch/z5358697/.automated/5049/0_PRESCREENING/CONF3/sp.
2025-04-08 10:37:46,102 -   censo.qm_processor   -   INFO   - worker130015:Running sp calculation in /srv/scratch/z5358697/.automated/5049/0_PRESCREENING/CONF5/sp.
2025-04-08 10:37:46,103 -   censo.qm_processor   -  DEBUG   - worker130003:Running ['/apps/z_install_tree/linux-rocky8-ivybridge/gcc-12.2.0/orca-6.0.0-srtngmq3qlimg2qxbl6avaaiffipurdx/bin/orca', 'sp.inp']...
2025-04-08 10:37:46,110 -   censo.qm_processor   -   INFO   - worker130004:Running sp calculation in /srv/scratch/z5358697/.automated/5049/0_PRESCREENING/CONF4/sp.
2025-04-08 10:37:46,110 -   censo.qm_processor   -  DEBUG   - worker130007:Running ['/apps/z_install_tree/linux-rocky8-ivybridge/gcc-12.2.0/orca-6.0.0-srtngmq3qlimg2qxbl6avaaiffipurdx/bin/orca', 'sp.inp']...
2025-04-08 10:37:46,111 -   censo.qm_processor   -  DEBUG   - worker130003:Started (PID: 130029).
2025-04-08 10:37:46,113 -   censo.qm_processor   -  DEBUG   - worker130005:Running ['/apps/z_install_tree/linux-rocky8-ivybridge/gcc-12.2.0/orca-6.0.0-srtngmq3qlimg2qxbl6avaaiffipurdx/bin/orca', 'sp.inp']...
2025-04-08 10:37:46,119 -   censo.qm_processor   -   INFO   - worker130013:Running sp calculation in /srv/scratch/z5358697/.automated/5049/0_PRESCREENING/CONF6/sp.
2025-04-08 10:37:46,119 -   censo.qm_processor   -  DEBUG   - worker130005:Started (PID: 130031).
2025-04-08 10:37:46,123 -   censo.qm_processor   -  DEBUG   - worker130007:Started (PID: 130030).
2025-04-08 10:37:46,125 -   censo.qm_processor   -  DEBUG   - worker130004:Running ['/apps/z_install_tree/linux-rocky8-ivybridge/gcc-12.2.0/orca-6.0.0-srtngmq3qlimg2qxbl6avaaiffipurdx/bin/orca', 'sp.inp']...
2025-04-08 10:37:46,126 -   censo.qm_processor   -   INFO   - worker130008:Running sp calculation in /srv/scratch/z5358697/.automated/5049/0_PRESCREENING/CONF8/sp.
2025-04-08 10:37:46,133 -   censo.qm_processor   -  DEBUG   - worker130004:Started (PID: 130032).
2025-04-08 10:37:46,134 -   censo.qm_processor   -   INFO   - worker130010:Running sp calculation in /srv/scratch/z5358697/.automated/5049/0_PRESCREENING/CONF7/sp.
2025-04-08 10:37:46,134 -   censo.qm_processor   -  DEBUG   - worker130013:Running ['/apps/z_install_tree/linux-rocky8-ivybridge/gcc-12.2.0/orca-6.0.0-srtngmq3qlimg2qxbl6avaaiffipurdx/bin/orca', 'sp.inp']...
2025-04-08 10:37:46,141 -   censo.qm_processor   -  DEBUG   - worker130013:Started (PID: 130033).
2025-04-08 10:37:46,142 -   censo.qm_processor   -  DEBUG   - worker130015:Running ['/apps/z_install_tree/linux-rocky8-ivybridge/gcc-12.2.0/orca-6.0.0-srtngmq3qlimg2qxbl6avaaiffipurdx/bin/orca', 'sp.inp']...
2025-04-08 10:37:46,147 -   censo.qm_processor   -  DEBUG   - worker130015:Started (PID: 130034).
2025-04-08 10:37:46,151 -   censo.qm_processor   -  DEBUG   - worker130010:Running ['/apps/z_install_tree/linux-rocky8-ivybridge/gcc-12.2.0/orca-6.0.0-srtngmq3qlimg2qxbl6avaaiffipurdx/bin/orca', 'sp.inp']...
2025-04-08 10:37:46,153 -   censo.qm_processor   -  DEBUG   - worker130008:Running ['/apps/z_install_tree/linux-rocky8-ivybridge/gcc-12.2.0/orca-6.0.0-srtngmq3qlimg2qxbl6avaaiffipurdx/bin/orca', 'sp.inp']...
2025-04-08 10:37:46,160 -   censo.qm_processor   -  DEBUG   - worker130008:Started (PID: 130037).
2025-04-08 10:37:46,173 -   censo.qm_processor   -  DEBUG   - worker130010:Started (PID: 130036).
2025-04-08 10:37:53,854 -   censo.qm_processor   -  DEBUG   - worker130005:Done.
2025-04-08 10:37:53,854 -   censo.qm_processor   -  DEBUG   - worker130003:Done.
2025-04-08 10:37:53,864 -     censo.parallel     -  DEBUG   - Free cores increased 0 -> 1.
2025-04-08 10:37:53,865 -     censo.parallel     -  DEBUG   - Free cores increased 1 -> 2.
2025-04-08 10:37:53,940 -   censo.qm_processor   -  DEBUG   - worker130010:Done.
2025-04-08 10:37:53,945 -     censo.parallel     -  DEBUG   - Free cores increased 2 -> 3.
2025-04-08 10:37:54,035 -   censo.qm_processor   -  DEBUG   - worker130013:Done.
2025-04-08 10:37:54,044 -     censo.parallel     -  DEBUG   - Free cores increased 3 -> 4.
2025-04-08 10:37:54,062 -   censo.qm_processor   -  DEBUG   - worker130007:Done.
2025-04-08 10:37:54,068 -     censo.parallel     -  DEBUG   - Free cores increased 4 -> 5.
2025-04-08 10:37:54,109 -   censo.qm_processor   -  DEBUG   - worker130015:Done.
2025-04-08 10:37:54,114 -     censo.parallel     -  DEBUG   - Free cores increased 5 -> 6.
2025-04-08 10:37:54,146 -   censo.qm_processor   -  DEBUG   - worker130008:Done.
2025-04-08 10:37:54,155 -     censo.parallel     -  DEBUG   - Free cores increased 6 -> 7.
2025-04-08 10:37:54,183 -   censo.qm_processor   -  DEBUG   - worker130004:Done.
2025-04-08 10:37:54,190 -     censo.parallel     -  DEBUG   - Free cores increased 7 -> 8.
2025-04-08 10:37:54,208 -     censo.parallel     -  DEBUG   - Checking for failed jobs...
2025-04-08 10:37:54,208 -     censo.parallel     -   INFO   - All jobs executed successfully.
2025-04-08 10:37:54,209 -censo.ensembleopt.prescreening-  DEBUG   - Writing to /srv/scratch/z5358697/.automated/5049/0_PRESCREENING.out.
2025-04-08 10:37:54,266 -     censo.parallel     -  DEBUG   - Free cores decreased 8 -> 7.
2025-04-08 10:37:54,277 -   censo.qm_processor   -  DEBUG   - worker130135:Running on 1 cores.
2025-04-08 10:37:54,278 -     censo.parallel     -  DEBUG   - Free cores decreased 7 -> 6.
2025-04-08 10:37:54,279 -   censo.qm_processor   -  DEBUG   - worker130138:Running on 1 cores.
2025-04-08 10:37:54,281 -     censo.parallel     -  DEBUG   - Free cores decreased 6 -> 5.
2025-04-08 10:37:54,282 -     censo.parallel     -  DEBUG   - Free cores decreased 5 -> 4.
2025-04-08 10:37:54,283 -   censo.qm_processor   -  DEBUG   - worker130146:Running on 1 cores.
2025-04-08 10:37:54,283 -     censo.parallel     -  DEBUG   - Free cores decreased 4 -> 3.
2025-04-08 10:37:54,283 -     censo.parallel     -  DEBUG   - Free cores decreased 3 -> 2.
2025-04-08 10:37:54,284 -   censo.qm_processor   -  DEBUG   - worker130144:Running on 1 cores.
2025-04-08 10:37:54,284 -     censo.parallel     -  DEBUG   - Free cores decreased 2 -> 1.
2025-04-08 10:37:54,284 -     censo.parallel     -  DEBUG   - Free cores decreased 1 -> 0.
2025-04-08 10:37:54,284 -   censo.qm_processor   -  DEBUG   - worker130142:Running on 1 cores.
2025-04-08 10:37:54,285 -   censo.qm_processor   -  DEBUG   - worker130148:Running on 1 cores.
2025-04-08 10:37:54,285 -   censo.qm_processor   -  DEBUG   - worker130139:Running on 1 cores.
2025-04-08 10:37:54,285 -   censo.qm_processor   -  DEBUG   - worker130136:Running on 1 cores.
2025-04-08 10:37:54,337 -   censo.qm_processor   -   INFO   - worker130138:Running gsolv calculation in /srv/scratch/z5358697/.automated/5049/1_SCREENING/CONF1/gsolv.
2025-04-08 10:37:54,373 -   censo.qm_processor   -   INFO   - worker130139:Running gsolv calculation in /srv/scratch/z5358697/.automated/5049/1_SCREENING/CONF8/gsolv.
2025-04-08 10:37:54,381 -  censo.orca_processor  -  DEBUG   - worker130138:Copying .gbw file from /srv/scratch/z5358697/.automated/5049/0_PRESCREENING/CONF1/sp/sp.gbw.
2025-04-08 10:37:54,386 -   censo.qm_processor   -   INFO   - worker130146:Running gsolv calculation in /srv/scratch/z5358697/.automated/5049/1_SCREENING/CONF3/gsolv.
2025-04-08 10:37:54,399 -  censo.orca_processor  -  DEBUG   - worker130146:Copying .gbw file from /srv/scratch/z5358697/.automated/5049/0_PRESCREENING/CONF3/sp/sp.gbw.
2025-04-08 10:37:54,407 -  censo.orca_processor  -  DEBUG   - worker130139:Copying .gbw file from /srv/scratch/z5358697/.automated/5049/0_PRESCREENING/CONF8/sp/sp.gbw.
2025-04-08 10:37:54,412 -   censo.qm_processor   -  DEBUG   - worker130138:Running ['/apps/z_install_tree/linux-rocky8-ivybridge/gcc-12.2.0/orca-6.0.0-srtngmq3qlimg2qxbl6avaaiffipurdx/bin/orca', 'sp_gas.inp']...
2025-04-08 10:37:54,418 -   censo.qm_processor   -  DEBUG   - worker130138:Started (PID: 130161).
2025-04-08 10:37:54,427 -   censo.qm_processor   -  DEBUG   - worker130146:Running ['/apps/z_install_tree/linux-rocky8-ivybridge/gcc-12.2.0/orca-6.0.0-srtngmq3qlimg2qxbl6avaaiffipurdx/bin/orca', 'sp_gas.inp']...
2025-04-08 10:37:54,431 -   censo.qm_processor   -  DEBUG   - worker130146:Started (PID: 130162).
2025-04-08 10:37:54,445 -   censo.qm_processor   -  DEBUG   - worker130139:Running ['/apps/z_install_tree/linux-rocky8-ivybridge/gcc-12.2.0/orca-6.0.0-srtngmq3qlimg2qxbl6avaaiffipurdx/bin/orca', 'sp_gas.inp']...
2025-04-08 10:37:54,449 -   censo.qm_processor   -  DEBUG   - worker130139:Started (PID: 130163).
2025-04-08 10:37:54,602 -   censo.qm_processor   -   INFO   - worker130135:Running gsolv calculation in /srv/scratch/z5358697/.automated/5049/1_SCREENING/CONF2/gsolv.
2025-04-08 10:37:54,614 -  censo.orca_processor  -  DEBUG   - worker130135:Copying .gbw file from /srv/scratch/z5358697/.automated/5049/0_PRESCREENING/CONF2/sp/sp.gbw.
2025-04-08 10:37:54,616 -   censo.qm_processor   -   INFO   - worker130136:Running gsolv calculation in /srv/scratch/z5358697/.automated/5049/1_SCREENING/CONF6/gsolv.
2025-04-08 10:37:54,630 -  censo.orca_processor  -  DEBUG   - worker130136:Copying .gbw file from /srv/scratch/z5358697/.automated/5049/0_PRESCREENING/CONF6/sp/sp.gbw.
2025-04-08 10:37:54,642 -   censo.qm_processor   -  DEBUG   - worker130135:Running ['/apps/z_install_tree/linux-rocky8-ivybridge/gcc-12.2.0/orca-6.0.0-srtngmq3qlimg2qxbl6avaaiffipurdx/bin/orca', 'sp_gas.inp']...
2025-04-08 10:37:54,647 -   censo.qm_processor   -  DEBUG   - worker130135:Started (PID: 130164).
2025-04-08 10:37:54,651 -   censo.qm_processor   -   INFO   - worker130148:Running gsolv calculation in /srv/scratch/z5358697/.automated/5049/1_SCREENING/CONF4/gsolv.
2025-04-08 10:37:54,658 -   censo.qm_processor   -  DEBUG   - worker130136:Running ['/apps/z_install_tree/linux-rocky8-ivybridge/gcc-12.2.0/orca-6.0.0-srtngmq3qlimg2qxbl6avaaiffipurdx/bin/orca', 'sp_gas.inp']...
2025-04-08 10:37:54,664 -  censo.orca_processor  -  DEBUG   - worker130148:Copying .gbw file from /srv/scratch/z5358697/.automated/5049/0_PRESCREENING/CONF4/sp/sp.gbw.
2025-04-08 10:37:54,667 -   censo.qm_processor   -  DEBUG   - worker130136:Started (PID: 130166).
2025-04-08 10:37:54,676 -   censo.qm_processor   -   INFO   - worker130144:Running gsolv calculation in /srv/scratch/z5358697/.automated/5049/1_SCREENING/CONF7/gsolv.
2025-04-08 10:37:54,691 -   censo.qm_processor   -  DEBUG   - worker130148:Running ['/apps/z_install_tree/linux-rocky8-ivybridge/gcc-12.2.0/orca-6.0.0-srtngmq3qlimg2qxbl6avaaiffipurdx/bin/orca', 'sp_gas.inp']...
2025-04-08 10:37:54,699 -   censo.qm_processor   -  DEBUG   - worker130148:Started (PID: 130169).
2025-04-08 10:37:54,710 -  censo.orca_processor  -  DEBUG   - worker130144:Copying .gbw file from /srv/scratch/z5358697/.automated/5049/0_PRESCREENING/CONF7/sp/sp.gbw.
2025-04-08 10:37:54,714 -   censo.qm_processor   -   INFO   - worker130142:Running gsolv calculation in /srv/scratch/z5358697/.automated/5049/1_SCREENING/CONF5/gsolv.
2025-04-08 10:37:54,740 -   censo.qm_processor   -  DEBUG   - worker130144:Running ['/apps/z_install_tree/linux-rocky8-ivybridge/gcc-12.2.0/orca-6.0.0-srtngmq3qlimg2qxbl6avaaiffipurdx/bin/orca', 'sp_gas.inp']...
2025-04-08 10:37:54,746 -   censo.qm_processor   -  DEBUG   - worker130144:Started (PID: 130170).
2025-04-08 10:37:54,771 -  censo.orca_processor  -  DEBUG   - worker130142:Copying .gbw file from /srv/scratch/z5358697/.automated/5049/0_PRESCREENING/CONF5/sp/sp.gbw.
2025-04-08 10:37:54,797 -   censo.qm_processor   -  DEBUG   - worker130142:Running ['/apps/z_install_tree/linux-rocky8-ivybridge/gcc-12.2.0/orca-6.0.0-srtngmq3qlimg2qxbl6avaaiffipurdx/bin/orca', 'sp_gas.inp']...
2025-04-08 10:37:54,802 -   censo.qm_processor   -  DEBUG   - worker130142:Started (PID: 130171).
2025-04-08 10:38:16,839 -   censo.qm_processor   -  DEBUG   - worker130138:Done.
2025-04-08 10:38:16,860 -  censo.orca_processor  -  DEBUG   - worker130138:Copying .gbw file from /srv/scratch/z5358697/.automated/5049/0_PRESCREENING/CONF1/sp/sp.gbw.
2025-04-08 10:38:16,889 -   censo.qm_processor   -  DEBUG   - worker130138:Running ['/apps/z_install_tree/linux-rocky8-ivybridge/gcc-12.2.0/orca-6.0.0-srtngmq3qlimg2qxbl6avaaiffipurdx/bin/orca', 'sp_solv.inp']...
2025-04-08 10:38:16,893 -   censo.qm_processor   -  DEBUG   - worker130138:Started (PID: 130210).
2025-04-08 10:38:17,067 -   censo.qm_processor   -  DEBUG   - worker130146:Done.
2025-04-08 10:38:17,087 -  censo.orca_processor  -  DEBUG   - worker130146:Copying .gbw file from /srv/scratch/z5358697/.automated/5049/0_PRESCREENING/CONF3/sp/sp.gbw.
2025-04-08 10:38:17,119 -   censo.qm_processor   -  DEBUG   - worker130146:Running ['/apps/z_install_tree/linux-rocky8-ivybridge/gcc-12.2.0/orca-6.0.0-srtngmq3qlimg2qxbl6avaaiffipurdx/bin/orca', 'sp_solv.inp']...
2025-04-08 10:38:17,124 -   censo.qm_processor   -  DEBUG   - worker130146:Started (PID: 130217).
2025-04-08 10:38:17,141 -   censo.qm_processor   -  DEBUG   - worker130136:Done.
2025-04-08 10:38:17,160 -  censo.orca_processor  -  DEBUG   - worker130136:Copying .gbw file from /srv/scratch/z5358697/.automated/5049/0_PRESCREENING/CONF6/sp/sp.gbw.
2025-04-08 10:38:17,191 -   censo.qm_processor   -  DEBUG   - worker130136:Running ['/apps/z_install_tree/linux-rocky8-ivybridge/gcc-12.2.0/orca-6.0.0-srtngmq3qlimg2qxbl6avaaiffipurdx/bin/orca', 'sp_solv.inp']...
2025-04-08 10:38:17,196 -   censo.qm_processor   -  DEBUG   - worker130136:Started (PID: 130222).
2025-04-08 10:38:17,531 -   censo.qm_processor   -  DEBUG   - worker130139:Done.
2025-04-08 10:38:17,550 -  censo.orca_processor  -  DEBUG   - worker130139:Copying .gbw file from /srv/scratch/z5358697/.automated/5049/0_PRESCREENING/CONF8/sp/sp.gbw.
2025-04-08 10:38:17,576 -   censo.qm_processor   -  DEBUG   - worker130144:Done.
2025-04-08 10:38:17,580 -   censo.qm_processor   -  DEBUG   - worker130139:Running ['/apps/z_install_tree/linux-rocky8-ivybridge/gcc-12.2.0/orca-6.0.0-srtngmq3qlimg2qxbl6avaaiffipurdx/bin/orca', 'sp_solv.inp']...
2025-04-08 10:38:17,583 -   censo.qm_processor   -  DEBUG   - worker130139:Started (PID: 130236).
2025-04-08 10:38:17,596 -  censo.orca_processor  -  DEBUG   - worker130144:Copying .gbw file from /srv/scratch/z5358697/.automated/5049/0_PRESCREENING/CONF7/sp/sp.gbw.
2025-04-08 10:38:17,627 -   censo.qm_processor   -  DEBUG   - worker130144:Running ['/apps/z_install_tree/linux-rocky8-ivybridge/gcc-12.2.0/orca-6.0.0-srtngmq3qlimg2qxbl6avaaiffipurdx/bin/orca', 'sp_solv.inp']...
2025-04-08 10:38:17,631 -   censo.qm_processor   -  DEBUG   - worker130144:Started (PID: 130237).
2025-04-08 10:38:17,673 -   censo.qm_processor   -  DEBUG   - worker130148:Done.
2025-04-08 10:38:17,690 -  censo.orca_processor  -  DEBUG   - worker130148:Copying .gbw file from /srv/scratch/z5358697/.automated/5049/0_PRESCREENING/CONF4/sp/sp.gbw.
2025-04-08 10:38:17,720 -   censo.qm_processor   -  DEBUG   - worker130148:Running ['/apps/z_install_tree/linux-rocky8-ivybridge/gcc-12.2.0/orca-6.0.0-srtngmq3qlimg2qxbl6avaaiffipurdx/bin/orca', 'sp_solv.inp']...
2025-04-08 10:38:17,723 -   censo.qm_processor   -  DEBUG   - worker130148:Started (PID: 130238).
2025-04-08 10:38:17,784 -   censo.qm_processor   -  DEBUG   - worker130142:Done.
2025-04-08 10:38:17,802 -  censo.orca_processor  -  DEBUG   - worker130142:Copying .gbw file from /srv/scratch/z5358697/.automated/5049/0_PRESCREENING/CONF5/sp/sp.gbw.
2025-04-08 10:38:17,829 -   censo.qm_processor   -  DEBUG   - worker130142:Running ['/apps/z_install_tree/linux-rocky8-ivybridge/gcc-12.2.0/orca-6.0.0-srtngmq3qlimg2qxbl6avaaiffipurdx/bin/orca', 'sp_solv.inp']...
2025-04-08 10:38:17,834 -   censo.qm_processor   -  DEBUG   - worker130142:Started (PID: 130239).
2025-04-08 10:38:17,859 -   censo.qm_processor   -  DEBUG   - worker130135:Done.
2025-04-08 10:38:17,876 -  censo.orca_processor  -  DEBUG   - worker130135:Copying .gbw file from /srv/scratch/z5358697/.automated/5049/0_PRESCREENING/CONF2/sp/sp.gbw.
2025-04-08 10:38:17,911 -   censo.qm_processor   -  DEBUG   - worker130135:Running ['/apps/z_install_tree/linux-rocky8-ivybridge/gcc-12.2.0/orca-6.0.0-srtngmq3qlimg2qxbl6avaaiffipurdx/bin/orca', 'sp_solv.inp']...
2025-04-08 10:38:17,915 -   censo.qm_processor   -  DEBUG   - worker130135:Started (PID: 130242).
2025-04-08 10:38:42,488 -   censo.qm_processor   -  DEBUG   - worker130146:Done.
2025-04-08 10:38:42,496 -     censo.parallel     -  DEBUG   - Free cores increased 0 -> 1.
2025-04-08 10:38:42,842 -   censo.qm_processor   -  DEBUG   - worker130138:Done.
2025-04-08 10:38:42,851 -     censo.parallel     -  DEBUG   - Free cores increased 1 -> 2.
2025-04-08 10:38:43,227 -   censo.qm_processor   -  DEBUG   - worker130136:Done.
2025-04-08 10:38:43,230 -   censo.qm_processor   -  DEBUG   - worker130135:Done.
2025-04-08 10:38:43,238 -     censo.parallel     -  DEBUG   - Free cores increased 2 -> 3.
2025-04-08 10:38:43,240 -     censo.parallel     -  DEBUG   - Free cores increased 3 -> 4.
2025-04-08 10:38:43,523 -   censo.qm_processor   -  DEBUG   - worker130139:Done.
2025-04-08 10:38:43,530 -     censo.parallel     -  DEBUG   - Free cores increased 4 -> 5.
2025-04-08 10:38:44,111 -   censo.qm_processor   -  DEBUG   - worker130148:Done.
2025-04-08 10:38:44,122 -     censo.parallel     -  DEBUG   - Free cores increased 5 -> 6.
2025-04-08 10:38:44,252 -   censo.qm_processor   -  DEBUG   - worker130142:Done.
2025-04-08 10:38:44,263 -     censo.parallel     -  DEBUG   - Free cores increased 6 -> 7.
2025-04-08 10:38:44,516 -   censo.qm_processor   -  DEBUG   - worker130144:Done.
2025-04-08 10:38:44,527 -     censo.parallel     -  DEBUG   - Free cores increased 7 -> 8.
2025-04-08 10:38:44,546 -     censo.parallel     -  DEBUG   - Checking for failed jobs...
2025-04-08 10:38:44,546 -     censo.parallel     -   INFO   - All jobs executed successfully.
2025-04-08 10:38:44,588 -     censo.parallel     -  DEBUG   - Free cores decreased 8 -> 7.
2025-04-08 10:38:44,598 -   censo.qm_processor   -  DEBUG   - worker130365:Running on 1 cores.
2025-04-08 10:38:44,599 -     censo.parallel     -  DEBUG   - Free cores decreased 7 -> 6.
2025-04-08 10:38:44,602 -   censo.qm_processor   -  DEBUG   - worker130366:Running on 1 cores.
2025-04-08 10:38:44,602 -     censo.parallel     -  DEBUG   - Free cores decreased 6 -> 5.
2025-04-08 10:38:44,603 -   censo.qm_processor   -  DEBUG   - worker130371:Running on 1 cores.
2025-04-08 10:38:44,604 -     censo.parallel     -  DEBUG   - Free cores decreased 5 -> 4.
2025-04-08 10:38:44,605 -   censo.qm_processor   -  DEBUG   - worker130374:Running on 1 cores.
2025-04-08 10:38:44,606 -     censo.parallel     -  DEBUG   - Free cores decreased 4 -> 3.
2025-04-08 10:38:44,607 -     censo.parallel     -  DEBUG   - Free cores decreased 3 -> 2.
2025-04-08 10:38:44,607 -   censo.qm_processor   -  DEBUG   - worker130372:Running on 1 cores.
2025-04-08 10:38:44,607 -   censo.qm_processor   -  DEBUG   - worker130375:Running on 1 cores.
2025-04-08 10:38:44,608 -     censo.parallel     -  DEBUG   - Free cores decreased 2 -> 1.
2025-04-08 10:38:44,609 -     censo.parallel     -  DEBUG   - Free cores decreased 1 -> 0.
2025-04-08 10:38:44,609 -   censo.qm_processor   -  DEBUG   - worker130369:Running on 1 cores.
2025-04-08 10:38:44,609 -   censo.qm_processor   -  DEBUG   - worker130367:Running on 1 cores.
2025-04-08 10:38:44,622 -   censo.qm_processor   -   INFO   - worker130365:Running xtb_opt calculation in /srv/scratch/z5358697/.automated/5049/2_OPTIMIZATION/CONF1/xtb_opt.
2025-04-08 10:38:44,639 -   censo.qm_processor   -   INFO   - worker130371:Running xtb_opt calculation in /srv/scratch/z5358697/.automated/5049/2_OPTIMIZATION/CONF4/xtb_opt.
2025-04-08 10:38:44,642 -   censo.qm_processor   -   INFO   - worker130366:Running xtb_opt calculation in /srv/scratch/z5358697/.automated/5049/2_OPTIMIZATION/CONF2/xtb_opt.
2025-04-08 10:38:44,657 -   censo.qm_processor   -   INFO   - worker130374:Running xtb_opt calculation in /srv/scratch/z5358697/.automated/5049/2_OPTIMIZATION/CONF3/xtb_opt.
2025-04-08 10:38:44,661 -  censo.orca_processor  -  DEBUG   - worker130365:Copying .gbw file from /srv/scratch/z5358697/.automated/5049/1_SCREENING/CONF1/gsolv/sp_solv.gbw.
2025-04-08 10:38:44,674 -  censo.orca_processor  -  DEBUG   - worker130366:Copying .gbw file from /srv/scratch/z5358697/.automated/5049/1_SCREENING/CONF2/gsolv/sp_solv.gbw.
2025-04-08 10:38:44,688 -  censo.orca_processor  -  DEBUG   - worker130371:Copying .gbw file from /srv/scratch/z5358697/.automated/5049/1_SCREENING/CONF4/gsolv/sp_solv.gbw.
2025-04-08 10:38:44,692 -   censo.qm_processor   -  DEBUG   - worker130365:Running ['/srv/scratch/z5358697/.xtb/bin/xtb', 'xtb_opt.coord', '--opt', 'normal', '--orca', '-I', 'xtb_opt-xcontrol-inp']...
2025-04-08 10:38:44,694 -   censo.qm_processor   -   INFO   - worker130369:Running xtb_opt calculation in /srv/scratch/z5358697/.automated/5049/2_OPTIMIZATION/CONF5/xtb_opt.
2025-04-08 10:38:44,706 -   censo.qm_processor   -  DEBUG   - worker130366:Running ['/srv/scratch/z5358697/.xtb/bin/xtb', 'xtb_opt.coord', '--opt', 'normal', '--orca', '-I', 'xtb_opt-xcontrol-inp']...
2025-04-08 10:38:44,713 -   censo.qm_processor   -   INFO   - worker130372:Running xtb_opt calculation in /srv/scratch/z5358697/.automated/5049/2_OPTIMIZATION/CONF6/xtb_opt.
2025-04-08 10:38:44,721 -   censo.qm_processor   -  DEBUG   - worker130371:Running ['/srv/scratch/z5358697/.xtb/bin/xtb', 'xtb_opt.coord', '--opt', 'normal', '--orca', '-I', 'xtb_opt-xcontrol-inp']...
2025-04-08 10:38:44,726 -   censo.qm_processor   -   INFO   - worker130367:Running xtb_opt calculation in /srv/scratch/z5358697/.automated/5049/2_OPTIMIZATION/CONF8/xtb_opt.
2025-04-08 10:38:44,729 -  censo.orca_processor  -  DEBUG   - worker130374:Copying .gbw file from /srv/scratch/z5358697/.automated/5049/1_SCREENING/CONF3/gsolv/sp_solv.gbw.
2025-04-08 10:38:44,730 -  censo.orca_processor  -  DEBUG   - worker130369:Copying .gbw file from /srv/scratch/z5358697/.automated/5049/1_SCREENING/CONF5/gsolv/sp_solv.gbw.
2025-04-08 10:38:44,731 -   censo.qm_processor   -  DEBUG   - worker130365:Started (PID: 130391).
2025-04-08 10:38:44,734 -   censo.qm_processor   -  DEBUG   - worker130371:Started (PID: 130393).
2025-04-08 10:38:44,734 -   censo.qm_processor   -  DEBUG   - worker130366:Started (PID: 130392).
2025-04-08 10:38:44,748 -  censo.orca_processor  -  DEBUG   - worker130372:Copying .gbw file from /srv/scratch/z5358697/.automated/5049/1_SCREENING/CONF6/gsolv/sp_solv.gbw.
2025-04-08 10:38:44,759 -   censo.qm_processor   -  DEBUG   - worker130374:Running ['/srv/scratch/z5358697/.xtb/bin/xtb', 'xtb_opt.coord', '--opt', 'normal', '--orca', '-I', 'xtb_opt-xcontrol-inp']...
2025-04-08 10:38:44,762 -   censo.qm_processor   -  DEBUG   - worker130369:Running ['/srv/scratch/z5358697/.xtb/bin/xtb', 'xtb_opt.coord', '--opt', 'normal', '--orca', '-I', 'xtb_opt-xcontrol-inp']...
2025-04-08 10:38:44,762 -   censo.qm_processor   -   INFO   - worker130375:Running xtb_opt calculation in /srv/scratch/z5358697/.automated/5049/2_OPTIMIZATION/CONF7/xtb_opt.
2025-04-08 10:38:44,768 -   censo.qm_processor   -  DEBUG   - worker130374:Started (PID: 130417).
2025-04-08 10:38:44,770 -  censo.orca_processor  -  DEBUG   - worker130367:Copying .gbw file from /srv/scratch/z5358697/.automated/5049/1_SCREENING/CONF8/gsolv/sp_solv.gbw.
2025-04-08 10:38:44,780 -   censo.qm_processor   -  DEBUG   - worker130372:Running ['/srv/scratch/z5358697/.xtb/bin/xtb', 'xtb_opt.coord', '--opt', 'normal', '--orca', '-I', 'xtb_opt-xcontrol-inp']...
2025-04-08 10:38:44,781 -   censo.qm_processor   -  DEBUG   - worker130369:Started (PID: 130419).
2025-04-08 10:38:44,796 -  censo.orca_processor  -  DEBUG   - worker130375:Copying .gbw file from /srv/scratch/z5358697/.automated/5049/1_SCREENING/CONF7/gsolv/sp_solv.gbw.
2025-04-08 10:38:44,798 -   censo.qm_processor   -  DEBUG   - worker130367:Running ['/srv/scratch/z5358697/.xtb/bin/xtb', 'xtb_opt.coord', '--opt', 'normal', '--orca', '-I', 'xtb_opt-xcontrol-inp']...
2025-04-08 10:38:44,802 -   censo.qm_processor   -  DEBUG   - worker130372:Started (PID: 130427).
2025-04-08 10:38:44,824 -   censo.qm_processor   -  DEBUG   - worker130375:Running ['/srv/scratch/z5358697/.xtb/bin/xtb', 'xtb_opt.coord', '--opt', 'normal', '--orca', '-I', 'xtb_opt-xcontrol-inp']...
2025-04-08 10:38:44,829 -   censo.qm_processor   -  DEBUG   - worker130367:Started (PID: 130436).
2025-04-08 10:38:44,848 -   censo.qm_processor   -  DEBUG   - worker130375:Started (PID: 130444).
2025-04-08 10:40:48,472 -   censo.qm_processor   -  DEBUG   - worker130372:Done.
2025-04-08 10:40:48,497 -     censo.parallel     -  DEBUG   - Free cores increased 0 -> 1.
2025-04-08 10:40:51,222 -   censo.qm_processor   -  DEBUG   - worker130374:Done.
2025-04-08 10:40:51,237 -     censo.parallel     -  DEBUG   - Free cores increased 1 -> 2.
2025-04-08 10:41:09,490 -   censo.qm_processor   -  DEBUG   - worker130365:Done.
2025-04-08 10:41:09,504 -     censo.parallel     -  DEBUG   - Free cores increased 2 -> 3.
2025-04-08 10:41:54,914 -   censo.qm_processor   -  DEBUG   - worker130371:Done.
2025-04-08 10:41:54,934 -     censo.parallel     -  DEBUG   - Free cores increased 3 -> 4.
2025-04-08 10:42:06,413 -   censo.qm_processor   -  DEBUG   - worker130366:Done.
2025-04-08 10:42:06,434 -     censo.parallel     -  DEBUG   - Free cores increased 4 -> 5.
2025-04-08 10:42:20,004 -   censo.qm_processor   -  DEBUG   - worker130375:Done.
2025-04-08 10:42:20,026 -     censo.parallel     -  DEBUG   - Free cores increased 5 -> 6.
2025-04-08 10:42:28,236 -   censo.qm_processor   -  DEBUG   - worker130369:Done.
2025-04-08 10:42:28,260 -     censo.parallel     -  DEBUG   - Free cores increased 6 -> 7.
2025-04-08 10:42:39,663 -   censo.qm_processor   -  DEBUG   - worker130367:Done.
2025-04-08 10:42:39,684 -     censo.parallel     -  DEBUG   - Free cores increased 7 -> 8.
2025-04-08 10:42:39,708 -     censo.parallel     -  DEBUG   - Checking for failed jobs...
2025-04-08 10:42:39,708 -     censo.parallel     -   INFO   - All jobs executed successfully.
2025-04-08 10:42:39,720 -     censo.parallel     -  DEBUG   - Free cores decreased 8 -> 7.
2025-04-08 10:42:39,730 -   censo.qm_processor   -  DEBUG   - worker131934:Running on 1 cores.
2025-04-08 10:42:39,731 -     censo.parallel     -  DEBUG   - Free cores decreased 7 -> 6.
2025-04-08 10:42:39,732 -   censo.qm_processor   -  DEBUG   - worker131935:Running on 1 cores.
2025-04-08 10:42:39,735 -     censo.parallel     -  DEBUG   - Free cores decreased 6 -> 5.
2025-04-08 10:42:39,736 -   censo.qm_processor   -  DEBUG   - worker131938:Running on 1 cores.
2025-04-08 10:42:39,737 -     censo.parallel     -  DEBUG   - Free cores decreased 5 -> 4.
2025-04-08 10:42:39,737 -   censo.qm_processor   -   INFO   - worker131935:Running xtb_rrho calculation in /srv/scratch/z5358697/.automated/5049/2_OPTIMIZATION/CONF2/xtb_rrho.
2025-04-08 10:42:39,738 -     censo.parallel     -  DEBUG   - Free cores decreased 4 -> 3.
2025-04-08 10:42:39,738 -   censo.qm_processor   -  DEBUG   - worker131936:Running on 1 cores.
2025-04-08 10:42:39,739 -     censo.parallel     -  DEBUG   - Free cores decreased 3 -> 2.
2025-04-08 10:42:39,739 -   censo.qm_processor   -  DEBUG   - worker131943:Running on 1 cores.
2025-04-08 10:42:39,739 -     censo.parallel     -  DEBUG   - Free cores decreased 2 -> 1.
2025-04-08 10:42:39,740 -     censo.parallel     -  DEBUG   - Free cores decreased 1 -> 0.
2025-04-08 10:42:39,740 -   censo.qm_processor   -  DEBUG   - worker131940:Running on 1 cores.
2025-04-08 10:42:39,740 -   censo.qm_processor   -  DEBUG   - worker131939:Running on 1 cores.
2025-04-08 10:42:39,740 -   censo.qm_processor   -   INFO   - worker131938:Running xtb_rrho calculation in /srv/scratch/z5358697/.automated/5049/2_OPTIMIZATION/CONF4/xtb_rrho.
2025-04-08 10:42:39,741 -   censo.qm_processor   -  DEBUG   - worker131945:Running on 1 cores.
2025-04-08 10:42:39,750 -   censo.qm_processor   -   INFO   - worker131936:Running xtb_rrho calculation in /srv/scratch/z5358697/.automated/5049/2_OPTIMIZATION/CONF3/xtb_rrho.
2025-04-08 10:42:39,752 -   censo.qm_processor   -   INFO   - worker131943:Running xtb_rrho calculation in /srv/scratch/z5358697/.automated/5049/2_OPTIMIZATION/CONF7/xtb_rrho.
2025-04-08 10:42:39,754 -   censo.qm_processor   -   INFO   - worker131940:Running xtb_rrho calculation in /srv/scratch/z5358697/.automated/5049/2_OPTIMIZATION/CONF6/xtb_rrho.
2025-04-08 10:42:39,754 -   censo.qm_processor   -   INFO   - worker131934:Running xtb_rrho calculation in /srv/scratch/z5358697/.automated/5049/2_OPTIMIZATION/CONF1/xtb_rrho.
2025-04-08 10:42:39,758 -   censo.qm_processor   -  DEBUG   - worker131935:Running ['/srv/scratch/z5358697/.xtb/bin/xtb', 'xtb_rrho.coord', '--gfn2', '--bhess', 'vtight', '--chrg', '0', '--enso', '--norestart', '-I', 'rrho-xcontrol-inp', '--parallel', '1', '--alpb', 'water']...
2025-04-08 10:42:39,762 -   censo.qm_processor   -  DEBUG   - worker131938:Running ['/srv/scratch/z5358697/.xtb/bin/xtb', 'xtb_rrho.coord', '--gfn2', '--bhess', 'vtight', '--chrg', '0', '--enso', '--norestart', '-I', 'rrho-xcontrol-inp', '--parallel', '1', '--alpb', 'water']...
2025-04-08 10:42:39,766 -   censo.qm_processor   -   INFO   - worker131939:Running xtb_rrho calculation in /srv/scratch/z5358697/.automated/5049/2_OPTIMIZATION/CONF5/xtb_rrho.
2025-04-08 10:42:39,767 -   censo.qm_processor   -   INFO   - worker131945:Running xtb_rrho calculation in /srv/scratch/z5358697/.automated/5049/2_OPTIMIZATION/CONF8/xtb_rrho.
2025-04-08 10:42:39,769 -   censo.qm_processor   -  DEBUG   - worker131935:Started (PID: 131960).
2025-04-08 10:42:39,771 -   censo.qm_processor   -  DEBUG   - worker131936:Running ['/srv/scratch/z5358697/.xtb/bin/xtb', 'xtb_rrho.coord', '--gfn2', '--bhess', 'vtight', '--chrg', '0', '--enso', '--norestart', '-I', 'rrho-xcontrol-inp', '--parallel', '1', '--alpb', 'water']...
2025-04-08 10:42:39,771 -   censo.qm_processor   -  DEBUG   - worker131938:Started (PID: 131961).
2025-04-08 10:42:39,775 -   censo.qm_processor   -  DEBUG   - worker131940:Running ['/srv/scratch/z5358697/.xtb/bin/xtb', 'xtb_rrho.coord', '--gfn2', '--bhess', 'vtight', '--chrg', '0', '--enso', '--norestart', '-I', 'rrho-xcontrol-inp', '--parallel', '1', '--alpb', 'water']...
2025-04-08 10:42:39,778 -   censo.qm_processor   -  DEBUG   - worker131936:Started (PID: 131962).
2025-04-08 10:42:39,779 -   censo.qm_processor   -  DEBUG   - worker131940:Started (PID: 131963).
2025-04-08 10:42:39,785 -   censo.qm_processor   -  DEBUG   - worker131934:Running ['/srv/scratch/z5358697/.xtb/bin/xtb', 'xtb_rrho.coord', '--gfn2', '--bhess', 'vtight', '--chrg', '0', '--enso', '--norestart', '-I', 'rrho-xcontrol-inp', '--parallel', '1', '--alpb', 'water']...
2025-04-08 10:42:39,785 -   censo.qm_processor   -  DEBUG   - worker131943:Running ['/srv/scratch/z5358697/.xtb/bin/xtb', 'xtb_rrho.coord', '--gfn2', '--bhess', 'vtight', '--chrg', '0', '--enso', '--norestart', '-I', 'rrho-xcontrol-inp', '--parallel', '1', '--alpb', 'water']...
2025-04-08 10:42:39,788 -   censo.qm_processor   -  DEBUG   - worker131943:Started (PID: 131965).
2025-04-08 10:42:39,788 -   censo.qm_processor   -  DEBUG   - worker131934:Started (PID: 131964).
2025-04-08 10:42:39,797 -   censo.qm_processor   -  DEBUG   - worker131945:Running ['/srv/scratch/z5358697/.xtb/bin/xtb', 'xtb_rrho.coord', '--gfn2', '--bhess', 'vtight', '--chrg', '0', '--enso', '--norestart', '-I', 'rrho-xcontrol-inp', '--parallel', '1', '--alpb', 'water']...
2025-04-08 10:42:39,801 -   censo.qm_processor   -  DEBUG   - worker131945:Started (PID: 131966).
2025-04-08 10:42:39,802 -   censo.qm_processor   -  DEBUG   - worker131939:Running ['/srv/scratch/z5358697/.xtb/bin/xtb', 'xtb_rrho.coord', '--gfn2', '--bhess', 'vtight', '--chrg', '0', '--enso', '--norestart', '-I', 'rrho-xcontrol-inp', '--parallel', '1', '--alpb', 'water']...
2025-04-08 10:42:39,814 -   censo.qm_processor   -  DEBUG   - worker131939:Started (PID: 131967).
2025-04-08 10:42:40,663 -   censo.qm_processor   -  DEBUG   - worker131936:Done.
2025-04-08 10:42:40,668 -     censo.parallel     -  DEBUG   - Free cores increased 0 -> 1.
2025-04-08 10:42:40,675 -   censo.qm_processor   -  DEBUG   - worker131940:Done.
2025-04-08 10:42:40,679 -     censo.parallel     -  DEBUG   - Free cores increased 1 -> 2.
2025-04-08 10:42:40,699 -   censo.qm_processor   -  DEBUG   - worker131935:Done.
2025-04-08 10:42:40,700 -   censo.qm_processor   -  DEBUG   - worker131938:Done.
2025-04-08 10:42:40,704 -     censo.parallel     -  DEBUG   - Free cores increased 2 -> 3.
2025-04-08 10:42:40,705 -     censo.parallel     -  DEBUG   - Free cores increased 3 -> 4.
2025-04-08 10:42:40,727 -   censo.qm_processor   -  DEBUG   - worker131934:Done.
2025-04-08 10:42:40,731 -     censo.parallel     -  DEBUG   - Free cores increased 4 -> 5.
2025-04-08 10:42:42,237 -   censo.qm_processor   -  DEBUG   - worker131939:Done.
2025-04-08 10:42:42,243 -     censo.parallel     -  DEBUG   - Free cores increased 5 -> 6.
2025-04-08 10:42:42,274 -   censo.qm_processor   -  DEBUG   - worker131945:Done.
2025-04-08 10:42:42,280 -     censo.parallel     -  DEBUG   - Free cores increased 6 -> 7.
2025-04-08 10:42:42,426 -   censo.qm_processor   -  DEBUG   - worker131943:Done.
2025-04-08 10:42:42,432 -     censo.parallel     -  DEBUG   - Free cores increased 7 -> 8.
2025-04-08 10:42:42,453 -     censo.parallel     -  DEBUG   - Checking for failed jobs...
2025-04-08 10:42:42,453 -     censo.parallel     -   INFO   - All jobs executed successfully.
2025-04-08 10:42:42,454 -censo.ensembleopt.optimization-   INFO   - Threshold: 1.88 kcal/mol
2025-04-08 10:42:42,464 -     censo.parallel     -  DEBUG   - Free cores decreased 8 -> 7.
2025-04-08 10:42:42,475 -     censo.parallel     -  DEBUG   - Free cores decreased 7 -> 6.
2025-04-08 10:42:42,476 -   censo.qm_processor   -  DEBUG   - worker131995:Running on 1 cores.
2025-04-08 10:42:42,478 -   censo.qm_processor   -  DEBUG   - worker131998:Running on 1 cores.
2025-04-08 10:42:42,478 -   censo.qm_processor   -   INFO   - worker131995:Running xtb_opt calculation in /srv/scratch/z5358697/.automated/5049/2_OPTIMIZATION/CONF5/xtb_opt.
2025-04-08 10:42:42,479 -   censo.qm_processor   -   INFO   - worker131998:Running xtb_opt calculation in /srv/scratch/z5358697/.automated/5049/2_OPTIMIZATION/CONF8/xtb_opt.
2025-04-08 10:42:42,517 -   censo.qm_processor   -  DEBUG   - worker131998:Running ['/srv/scratch/z5358697/.xtb/bin/xtb', 'xtb_opt.coord', '--opt', 'normal', '--orca', '-I', 'xtb_opt-xcontrol-inp']...
2025-04-08 10:42:42,524 -   censo.qm_processor   -  DEBUG   - worker131998:Started (PID: 132021).
2025-04-08 10:42:42,543 -   censo.qm_processor   -  DEBUG   - worker131995:Running ['/srv/scratch/z5358697/.xtb/bin/xtb', 'xtb_opt.coord', '--opt', 'normal', '--orca', '-I', 'xtb_opt-xcontrol-inp']...
2025-04-08 10:42:42,547 -   censo.qm_processor   -  DEBUG   - worker131995:Started (PID: 132029).
2025-04-08 10:44:53,622 -   censo.qm_processor   -  DEBUG   - worker131995:Done.
2025-04-08 10:44:53,641 -     censo.parallel     -  DEBUG   - Free cores increased 6 -> 7.
2025-04-08 10:46:46,855 -   censo.qm_processor   -  DEBUG   - worker131998:Done.
2025-04-08 10:46:46,878 -     censo.parallel     -  DEBUG   - Free cores increased 7 -> 8.
2025-04-08 10:46:46,898 -     censo.parallel     -  DEBUG   - Checking for failed jobs...
2025-04-08 10:46:46,898 -     censo.parallel     -   INFO   - All jobs executed successfully.
2025-04-08 10:46:46,899 -censo.ensembleopt.optimization-   INFO   - Threshold: 1.69 kcal/mol
2025-04-08 10:46:46,907 -     censo.parallel     -  DEBUG   - Free cores decreased 8 -> 7.
2025-04-08 10:46:46,916 -   censo.qm_processor   -  DEBUG   - worker132969:Running on 1 cores.
2025-04-08 10:46:46,918 -   censo.qm_processor   -   INFO   - worker132969:Running xtb_opt calculation in /srv/scratch/z5358697/.automated/5049/2_OPTIMIZATION/CONF8/xtb_opt.
2025-04-08 10:46:46,955 -   censo.qm_processor   -  DEBUG   - worker132969:Running ['/srv/scratch/z5358697/.xtb/bin/xtb', 'xtb_opt.coord', '--opt', 'normal', '--orca', '-I', 'xtb_opt-xcontrol-inp']...
2025-04-08 10:46:46,963 -   censo.qm_processor   -  DEBUG   - worker132969:Started (PID: 132992).
2025-04-08 10:50:30,966 -   censo.qm_processor   -  DEBUG   - worker132969:Done.
2025-04-08 10:50:30,989 -     censo.parallel     -  DEBUG   - Free cores increased 7 -> 8.
2025-04-08 10:50:31,012 -     censo.parallel     -  DEBUG   - Checking for failed jobs...
2025-04-08 10:50:31,012 -     censo.parallel     -   INFO   - All jobs executed successfully.
2025-04-08 10:50:31,013 -censo.ensembleopt.optimization-   INFO   - Threshold: 1.69 kcal/mol
2025-04-08 10:50:31,023 -     censo.parallel     -  DEBUG   - Free cores decreased 8 -> 7.
2025-04-08 10:50:31,033 -   censo.qm_processor   -  DEBUG   - worker133844:Running on 1 cores.
2025-04-08 10:50:31,034 -   censo.qm_processor   -   INFO   - worker133844:Running xtb_opt calculation in /srv/scratch/z5358697/.automated/5049/2_OPTIMIZATION/CONF8/xtb_opt.
2025-04-08 10:50:31,068 -   censo.qm_processor   -  DEBUG   - worker133844:Running ['/srv/scratch/z5358697/.xtb/bin/xtb', 'xtb_opt.coord', '--opt', 'normal', '--orca', '-I', 'xtb_opt-xcontrol-inp']...
2025-04-08 10:50:31,089 -   censo.qm_processor   -  DEBUG   - worker133844:Started (PID: 133870).
2025-04-08 10:52:22,856 -   censo.qm_processor   -  DEBUG   - worker133844:Done.
2025-04-08 10:52:22,876 -     censo.parallel     -  DEBUG   - Free cores increased 7 -> 8.
2025-04-08 10:52:22,897 -     censo.parallel     -  DEBUG   - Checking for failed jobs...
2025-04-08 10:52:22,897 -     censo.parallel     -   INFO   - All jobs executed successfully.
2025-04-08 10:52:22,897 -censo.ensembleopt.optimization-   INFO   - Threshold: 1.50 kcal/mol
2025-04-08 10:52:22,897 -   censo.ensembledata   -  DEBUG   - Removed CONF4.
2025-04-08 10:52:22,897 -   censo.ensembledata   -  DEBUG   - Removed CONF7.
2025-04-08 10:52:22,897 -   censo.ensembledata   -  DEBUG   - Removed CONF6.
2025-04-08 10:52:22,905 -     censo.parallel     -  DEBUG   - Free cores decreased 8 -> 7.
2025-04-08 10:52:22,915 -   censo.qm_processor   -  DEBUG   - worker134298:Running on 1 cores.
2025-04-08 10:52:22,917 -     censo.parallel     -  DEBUG   - Free cores decreased 7 -> 6.
2025-04-08 10:52:22,919 -   censo.qm_processor   -  DEBUG   - worker134301:Running on 1 cores.
2025-04-08 10:52:22,920 -     censo.parallel     -  DEBUG   - Free cores decreased 6 -> 5.
2025-04-08 10:52:22,921 -   censo.qm_processor   -   INFO   - worker134301:Running xtb_rrho calculation in /srv/scratch/z5358697/.automated/5049/2_OPTIMIZATION/CONF2/xtb_rrho.
2025-04-08 10:52:22,921 -     censo.parallel     -  DEBUG   - Free cores decreased 5 -> 4.
2025-04-08 10:52:22,921 -   censo.qm_processor   -  DEBUG   - worker134299:Running on 1 cores.
2025-04-08 10:52:22,922 -     censo.parallel     -  DEBUG   - Free cores decreased 4 -> 3.
2025-04-08 10:52:22,922 -   censo.qm_processor   -  DEBUG   - worker134304:Running on 1 cores.
2025-04-08 10:52:22,923 -   censo.qm_processor   -   INFO   - worker134299:Running xtb_rrho calculation in /srv/scratch/z5358697/.automated/5049/2_OPTIMIZATION/CONF3/xtb_rrho.
2025-04-08 10:52:22,924 -   censo.qm_processor   -  DEBUG   - worker134302:Running on 1 cores.
2025-04-08 10:52:22,924 -   censo.qm_processor   -   INFO   - worker134304:Running xtb_rrho calculation in /srv/scratch/z5358697/.automated/5049/2_OPTIMIZATION/CONF5/xtb_rrho.
2025-04-08 10:52:22,925 -   censo.qm_processor   -   INFO   - worker134298:Running xtb_rrho calculation in /srv/scratch/z5358697/.automated/5049/2_OPTIMIZATION/CONF1/xtb_rrho.
2025-04-08 10:52:22,925 -   censo.qm_processor   -   INFO   - worker134302:Running xtb_rrho calculation in /srv/scratch/z5358697/.automated/5049/2_OPTIMIZATION/CONF8/xtb_rrho.
2025-04-08 10:52:22,955 -   censo.qm_processor   -  DEBUG   - worker134301:Running ['/srv/scratch/z5358697/.xtb/bin/xtb', 'xtb_rrho.coord', '--gfn2', '--ohess', 'vtight', '--chrg', '0', '--enso', '--norestart', '-I', 'rrho-xcontrol-inp', '--parallel', '1', '--alpb', 'water']...
2025-04-08 10:52:22,957 -   censo.qm_processor   -  DEBUG   - worker134299:Running ['/srv/scratch/z5358697/.xtb/bin/xtb', 'xtb_rrho.coord', '--gfn2', '--ohess', 'vtight', '--chrg', '0', '--enso', '--norestart', '-I', 'rrho-xcontrol-inp', '--parallel', '1', '--alpb', 'water']...
2025-04-08 10:52:22,957 -   censo.qm_processor   -  DEBUG   - worker134304:Running ['/srv/scratch/z5358697/.xtb/bin/xtb', 'xtb_rrho.coord', '--gfn2', '--ohess', 'vtight', '--chrg', '0', '--enso', '--norestart', '-I', 'rrho-xcontrol-inp', '--parallel', '1', '--alpb', 'water']...
2025-04-08 10:52:22,957 -   censo.qm_processor   -  DEBUG   - worker134302:Running ['/srv/scratch/z5358697/.xtb/bin/xtb', 'xtb_rrho.coord', '--gfn2', '--ohess', 'vtight', '--chrg', '0', '--enso', '--norestart', '-I', 'rrho-xcontrol-inp', '--parallel', '1', '--alpb', 'water']...
2025-04-08 10:52:22,958 -   censo.qm_processor   -  DEBUG   - worker134298:Running ['/srv/scratch/z5358697/.xtb/bin/xtb', 'xtb_rrho.coord', '--gfn2', '--ohess', 'vtight', '--chrg', '0', '--enso', '--norestart', '-I', 'rrho-xcontrol-inp', '--parallel', '1', '--alpb', 'water']...
2025-04-08 10:52:22,963 -   censo.qm_processor   -  DEBUG   - worker134304:Started (PID: 134326).
2025-04-08 10:52:22,963 -   censo.qm_processor   -  DEBUG   - worker134301:Started (PID: 134324).
2025-04-08 10:52:22,965 -   censo.qm_processor   -  DEBUG   - worker134299:Started (PID: 134325).
2025-04-08 10:52:22,966 -   censo.qm_processor   -  DEBUG   - worker134302:Started (PID: 134327).
2025-04-08 10:52:22,968 -   censo.qm_processor   -  DEBUG   - worker134298:Started (PID: 134328).
2025-04-08 10:52:23,866 -   censo.qm_processor   -  DEBUG   - worker134299:Done.
2025-04-08 10:52:23,872 -     censo.parallel     -  DEBUG   - Free cores increased 3 -> 4.
2025-04-08 10:52:23,890 -   censo.qm_processor   -  DEBUG   - worker134298:Done.
2025-04-08 10:52:23,894 -     censo.parallel     -  DEBUG   - Free cores increased 4 -> 5.
2025-04-08 10:52:23,915 -   censo.qm_processor   -  DEBUG   - worker134301:Done.
2025-04-08 10:52:23,920 -     censo.parallel     -  DEBUG   - Free cores increased 5 -> 6.
2025-04-08 10:52:24,086 -   censo.qm_processor   -  DEBUG   - worker134302:Done.
2025-04-08 10:52:24,092 -     censo.parallel     -  DEBUG   - Free cores increased 6 -> 7.
2025-04-08 10:52:24,120 -   censo.qm_processor   -  DEBUG   - worker134304:Done.
2025-04-08 10:52:24,126 -     censo.parallel     -  DEBUG   - Free cores increased 7 -> 8.
2025-04-08 10:52:24,147 -     censo.parallel     -  DEBUG   - Checking for failed jobs...
2025-04-08 10:52:24,147 -     censo.parallel     -   INFO   - All jobs executed successfully.
2025-04-08 10:52:24,148 -censo.ensembleopt.optimization-  DEBUG   - Writing to /srv/scratch/z5358697/.automated/5049/2_OPTIMIZATION.out.
2025-04-08 10:52:24,163 -censo.ensembleopt.optimization-  DEBUG   - Writing to /srv/scratch/z5358697/.automated/5049/2_OPTIMIZATION.out.
2025-04-08 10:52:24,221 -     censo.parallel     -  DEBUG   - Free cores decreased 8 -> 7.
2025-04-08 10:52:24,233 -   censo.qm_processor   -  DEBUG   - worker134357:Running on 1 cores.
2025-04-08 10:52:24,233 -     censo.parallel     -  DEBUG   - Free cores decreased 7 -> 6.
2025-04-08 10:52:24,235 -   censo.qm_processor   -  DEBUG   - worker134360:Running on 1 cores.
2025-04-08 10:52:24,237 -     censo.parallel     -  DEBUG   - Free cores decreased 6 -> 5.
2025-04-08 10:52:24,238 -     censo.parallel     -  DEBUG   - Free cores decreased 5 -> 4.
2025-04-08 10:52:24,238 -   censo.qm_processor   -  DEBUG   - worker134362:Running on 1 cores.
2025-04-08 10:52:24,239 -     censo.parallel     -  DEBUG   - Free cores decreased 4 -> 3.
2025-04-08 10:52:24,239 -   censo.qm_processor   -  DEBUG   - worker134368:Running on 1 cores.
2025-04-08 10:52:24,240 -   censo.qm_processor   -  DEBUG   - worker134366:Running on 1 cores.
2025-04-08 10:52:24,259 -   censo.qm_processor   -   INFO   - worker134360:Running gsolv calculation in /srv/scratch/z5358697/.automated/5049/3_REFINEMENT/CONF2/gsolv.
2025-04-08 10:52:24,264 -   censo.qm_processor   -   INFO   - worker134357:Running gsolv calculation in /srv/scratch/z5358697/.automated/5049/3_REFINEMENT/CONF1/gsolv.
2025-04-08 10:52:24,275 -  censo.orca_processor  -  DEBUG   - worker134360:Copying .gbw file from /srv/scratch/z5358697/.automated/5049/2_OPTIMIZATION/CONF2/xtb_opt/xtb_opt.gbw.
2025-04-08 10:52:24,276 -   censo.qm_processor   -   INFO   - worker134368:Running gsolv calculation in /srv/scratch/z5358697/.automated/5049/3_REFINEMENT/CONF5/gsolv.
2025-04-08 10:52:24,291 -  censo.orca_processor  -  DEBUG   - worker134368:Copying .gbw file from /srv/scratch/z5358697/.automated/5049/2_OPTIMIZATION/CONF5/xtb_opt/xtb_opt.gbw.
2025-04-08 10:52:24,294 -  censo.orca_processor  -  DEBUG   - worker134357:Copying .gbw file from /srv/scratch/z5358697/.automated/5049/2_OPTIMIZATION/CONF1/xtb_opt/xtb_opt.gbw.
2025-04-08 10:52:24,308 -   censo.qm_processor   -   INFO   - worker134366:Running gsolv calculation in /srv/scratch/z5358697/.automated/5049/3_REFINEMENT/CONF3/gsolv.
2025-04-08 10:52:24,308 -   censo.qm_processor   -  DEBUG   - worker134360:Running ['/apps/z_install_tree/linux-rocky8-ivybridge/gcc-12.2.0/orca-6.0.0-srtngmq3qlimg2qxbl6avaaiffipurdx/bin/orca', 'sp_gas.inp']...
2025-04-08 10:52:24,316 -   censo.qm_processor   -  DEBUG   - worker134360:Started (PID: 134383).
2025-04-08 10:52:24,324 -   censo.qm_processor   -  DEBUG   - worker134357:Running ['/apps/z_install_tree/linux-rocky8-ivybridge/gcc-12.2.0/orca-6.0.0-srtngmq3qlimg2qxbl6avaaiffipurdx/bin/orca', 'sp_gas.inp']...
2025-04-08 10:52:24,325 -   censo.qm_processor   -  DEBUG   - worker134368:Running ['/apps/z_install_tree/linux-rocky8-ivybridge/gcc-12.2.0/orca-6.0.0-srtngmq3qlimg2qxbl6avaaiffipurdx/bin/orca', 'sp_gas.inp']...
2025-04-08 10:52:24,328 -   censo.qm_processor   -  DEBUG   - worker134357:Started (PID: 134384).
2025-04-08 10:52:24,330 -   censo.qm_processor   -  DEBUG   - worker134368:Started (PID: 134385).
2025-04-08 10:52:24,342 -  censo.orca_processor  -  DEBUG   - worker134366:Copying .gbw file from /srv/scratch/z5358697/.automated/5049/2_OPTIMIZATION/CONF3/xtb_opt/xtb_opt.gbw.
2025-04-08 10:52:24,367 -   censo.qm_processor   -   INFO   - worker134362:Running gsolv calculation in /srv/scratch/z5358697/.automated/5049/3_REFINEMENT/CONF8/gsolv.
2025-04-08 10:52:24,376 -   censo.qm_processor   -  DEBUG   - worker134366:Running ['/apps/z_install_tree/linux-rocky8-ivybridge/gcc-12.2.0/orca-6.0.0-srtngmq3qlimg2qxbl6avaaiffipurdx/bin/orca', 'sp_gas.inp']...
2025-04-08 10:52:24,380 -  censo.orca_processor  -  DEBUG   - worker134362:Copying .gbw file from /srv/scratch/z5358697/.automated/5049/2_OPTIMIZATION/CONF8/xtb_opt/xtb_opt.gbw.
2025-04-08 10:52:24,383 -   censo.qm_processor   -  DEBUG   - worker134366:Started (PID: 134386).
2025-04-08 10:52:24,412 -   censo.qm_processor   -  DEBUG   - worker134362:Running ['/apps/z_install_tree/linux-rocky8-ivybridge/gcc-12.2.0/orca-6.0.0-srtngmq3qlimg2qxbl6avaaiffipurdx/bin/orca', 'sp_gas.inp']...
2025-04-08 10:52:24,415 -   censo.qm_processor   -  DEBUG   - worker134362:Started (PID: 134387).
2025-04-08 10:54:27,886 -   censo.qm_processor   -  DEBUG   - worker134357:Done.
2025-04-08 10:54:27,908 -  censo.orca_processor  -  DEBUG   - worker134357:Copying .gbw file from /srv/scratch/z5358697/.automated/5049/2_OPTIMIZATION/CONF1/xtb_opt/xtb_opt.gbw.
2025-04-08 10:54:27,937 -   censo.qm_processor   -  DEBUG   - worker134357:Running ['/apps/z_install_tree/linux-rocky8-ivybridge/gcc-12.2.0/orca-6.0.0-srtngmq3qlimg2qxbl6avaaiffipurdx/bin/orca', 'sp_solv.inp']...
2025-04-08 10:54:27,940 -   censo.qm_processor   -  DEBUG   - worker134357:Started (PID: 134784).
2025-04-08 10:54:29,478 -   censo.qm_processor   -  DEBUG   - worker134366:Done.
2025-04-08 10:54:29,496 -  censo.orca_processor  -  DEBUG   - worker134366:Copying .gbw file from /srv/scratch/z5358697/.automated/5049/2_OPTIMIZATION/CONF3/xtb_opt/xtb_opt.gbw.
2025-04-08 10:54:29,523 -   censo.qm_processor   -  DEBUG   - worker134366:Running ['/apps/z_install_tree/linux-rocky8-ivybridge/gcc-12.2.0/orca-6.0.0-srtngmq3qlimg2qxbl6avaaiffipurdx/bin/orca', 'sp_solv.inp']...
2025-04-08 10:54:29,527 -   censo.qm_processor   -  DEBUG   - worker134366:Started (PID: 134790).
2025-04-08 10:54:30,188 -   censo.qm_processor   -  DEBUG   - worker134362:Done.
2025-04-08 10:54:30,207 -  censo.orca_processor  -  DEBUG   - worker134362:Copying .gbw file from /srv/scratch/z5358697/.automated/5049/2_OPTIMIZATION/CONF8/xtb_opt/xtb_opt.gbw.
2025-04-08 10:54:30,236 -   censo.qm_processor   -  DEBUG   - worker134362:Running ['/apps/z_install_tree/linux-rocky8-ivybridge/gcc-12.2.0/orca-6.0.0-srtngmq3qlimg2qxbl6avaaiffipurdx/bin/orca', 'sp_solv.inp']...
2025-04-08 10:54:30,240 -   censo.qm_processor   -  DEBUG   - worker134362:Started (PID: 134796).
2025-04-08 10:54:30,990 -   censo.qm_processor   -  DEBUG   - worker134360:Done.
2025-04-08 10:54:31,014 -  censo.orca_processor  -  DEBUG   - worker134360:Copying .gbw file from /srv/scratch/z5358697/.automated/5049/2_OPTIMIZATION/CONF2/xtb_opt/xtb_opt.gbw.
2025-04-08 10:54:31,044 -   censo.qm_processor   -  DEBUG   - worker134360:Running ['/apps/z_install_tree/linux-rocky8-ivybridge/gcc-12.2.0/orca-6.0.0-srtngmq3qlimg2qxbl6avaaiffipurdx/bin/orca', 'sp_solv.inp']...
2025-04-08 10:54:31,048 -   censo.qm_processor   -  DEBUG   - worker134360:Started (PID: 134809).
2025-04-08 10:54:31,516 -   censo.qm_processor   -  DEBUG   - worker134368:Done.
2025-04-08 10:54:31,532 -  censo.orca_processor  -  DEBUG   - worker134368:Copying .gbw file from /srv/scratch/z5358697/.automated/5049/2_OPTIMIZATION/CONF5/xtb_opt/xtb_opt.gbw.
2025-04-08 10:54:31,560 -   censo.qm_processor   -  DEBUG   - worker134368:Running ['/apps/z_install_tree/linux-rocky8-ivybridge/gcc-12.2.0/orca-6.0.0-srtngmq3qlimg2qxbl6avaaiffipurdx/bin/orca', 'sp_solv.inp']...
2025-04-08 10:54:31,563 -   censo.qm_processor   -  DEBUG   - worker134368:Started (PID: 134812).
2025-04-08 10:56:33,345 -   censo.qm_processor   -  DEBUG   - worker134357:Done.
2025-04-08 10:56:33,362 -     censo.parallel     -  DEBUG   - Free cores increased 3 -> 4.
2025-04-08 10:56:36,182 -   censo.qm_processor   -  DEBUG   - worker134366:Done.
2025-04-08 10:56:36,193 -     censo.parallel     -  DEBUG   - Free cores increased 4 -> 5.
2025-04-08 10:56:40,024 -   censo.qm_processor   -  DEBUG   - worker134362:Done.
2025-04-08 10:56:40,033 -     censo.parallel     -  DEBUG   - Free cores increased 5 -> 6.
2025-04-08 10:56:41,304 -   censo.qm_processor   -  DEBUG   - worker134360:Done.
2025-04-08 10:56:41,316 -     censo.parallel     -  DEBUG   - Free cores increased 6 -> 7.
2025-04-08 10:56:43,113 -   censo.qm_processor   -  DEBUG   - worker134368:Done.
2025-04-08 10:56:43,122 -     censo.parallel     -  DEBUG   - Free cores increased 7 -> 8.
2025-04-08 10:56:43,140 -     censo.parallel     -  DEBUG   - Checking for failed jobs...
2025-04-08 10:56:43,141 -     censo.parallel     -   INFO   - All jobs executed successfully.
2025-04-08 10:56:43,141 -censo.ensembleopt.refinement-  DEBUG   - Writing to /srv/scratch/z5358697/.automated/5049/3_REFINEMENT.out.
