----------------------------------------------- 
  Element       SASA      Sigma Z        Total  
     Z         Ang**2 cal/Ang**2/mol   kcal/mol 
----------------------------------------------- 
      H        120.533      48.690       5.869
      C         33.813     129.740       4.387
      O         30.725       0.000       0.000

 Subtotal:     185.071                  10.256
 -----------------------------------------------

  Elements    COT*SASA   Sigma Z,Z'     Total   
    Z,Z'       Ang**2  cal/Ang**2/mol kcal/mol  
 ---------------------------------------------- 
  H   C         81.070     -60.770      -4.927
  H   O          0.000       0.000       0.000
  C   C         23.602     -72.950      -1.722
  O   C         16.025      68.690       1.101
  O   O          0.000       0.000       0.000

 Subtotal:                              -5.548
 ---------------------------------------------- 

 NONAQUEOUS SOLVENT CONTRIBUTION (kcal/mol):
 (proportional to SASA, atomic number independent)
 ---------------------------------------------- 
 Subtotal:                               0.000
 ---------------------------------------------- 

 CDS TOTAL (kcal/mol):                   4.708
...............................................................................
