----------------------------------------------- 
  Element       SASA      Sigma Z        Total  
     Z         Ang**2 cal/Ang**2/mol   kcal/mol 
----------------------------------------------- 
      H        149.349      48.690       7.272
      C         25.345     129.740       3.288
      O         17.835       0.000       0.000

 Subtotal:     192.528                  10.560
 -----------------------------------------------

  Elements    COT*SASA   Sigma Z,Z'     Total   
    Z,Z'       Ang**2  cal/Ang**2/mol kcal/mol  
 ---------------------------------------------- 
  H   C         92.610     -60.770      -5.628
  H   O          8.170       0.000       0.000
  C   C         18.474     -72.950      -1.348
  O   C          0.000      68.690       0.000

 Subtotal:                              -6.976
 ---------------------------------------------- 

 NONAQUEOUS SOLVENT CONTRIBUTION (kcal/mol):
 (proportional to SASA, atomic number independent)
 ---------------------------------------------- 
 Subtotal:                               0.000
 ---------------------------------------------- 

 CDS TOTAL (kcal/mol):                   3.584
...............................................................................
