2025-04-11 11:48:59,417 -   censo.qm_processor   -   INFO   - worker416788:Running xtb_gsolv calculation in /srv/scratch/z5358697/.automated/5967/0_PRESCREENING/CONF14/xtb_gsolv.
2025-04-11 11:48:59,934 -   censo.qm_processor   -   INFO   - worker416752:Running xtb_gsolv calculation in /srv/scratch/z5358697/.automated/5967/0_PRESCREENING/CONF1/xtb_gsolv.
2025-04-11 11:48:59,947 -   censo.qm_processor   -   INFO   - worker416755:Running xtb_gsolv calculation in /srv/scratch/z5358697/.automated/5967/0_PRESCREENING/CONF3/xtb_gsolv.
2025-04-11 11:48:59,963 -   censo.qm_processor   -   INFO   - worker416761:Running xtb_gsolv calculation in /srv/scratch/z5358697/.automated/5967/0_PRESCREENING/CONF5/xtb_gsolv.
2025-04-11 11:48:59,999 -   censo.qm_processor   -   INFO   - worker416758:Running xtb_gsolv calculation in /srv/scratch/z5358697/.automated/5967/0_PRESCREENING/CONF4/xtb_gsolv.
2025-04-11 11:49:00,008 -   censo.qm_processor   -   INFO   - worker416767:Running xtb_gsolv calculation in /srv/scratch/z5358697/.automated/5967/0_PRESCREENING/CONF7/xtb_gsolv.
2025-04-11 11:49:00,028 -   censo.qm_processor   -   INFO   - worker416753:Running xtb_gsolv calculation in /srv/scratch/z5358697/.automated/5967/0_PRESCREENING/CONF2/xtb_gsolv.
2025-04-11 11:49:00,040 -   censo.qm_processor   -   INFO   - worker416776:Running xtb_gsolv calculation in /srv/scratch/z5358697/.automated/5967/0_PRESCREENING/CONF10/xtb_gsolv.
2025-04-11 11:49:00,081 -   censo.qm_processor   -   INFO   - worker416764:Running xtb_gsolv calculation in /srv/scratch/z5358697/.automated/5967/0_PRESCREENING/CONF6/xtb_gsolv.
2025-04-11 11:49:00,114 -   censo.qm_processor   -   INFO   - worker416779:Running xtb_gsolv calculation in /srv/scratch/z5358697/.automated/5967/0_PRESCREENING/CONF11/xtb_gsolv.
2025-04-11 11:49:00,127 -   censo.qm_processor   -   INFO   - worker416773:Running xtb_gsolv calculation in /srv/scratch/z5358697/.automated/5967/0_PRESCREENING/CONF9/xtb_gsolv.
2025-04-11 11:49:00,148 -   censo.qm_processor   -   INFO   - worker416770:Running xtb_gsolv calculation in /srv/scratch/z5358697/.automated/5967/0_PRESCREENING/CONF8/xtb_gsolv.
2025-04-11 11:49:00,150 -   censo.qm_processor   -   INFO   - worker416782:Running xtb_gsolv calculation in /srv/scratch/z5358697/.automated/5967/0_PRESCREENING/CONF12/xtb_gsolv.
2025-04-11 11:49:00,196 -   censo.qm_processor   -   INFO   - worker416785:Running xtb_gsolv calculation in /srv/scratch/z5358697/.automated/5967/0_PRESCREENING/CONF13/xtb_gsolv.
2025-04-11 11:49:00,209 -   censo.qm_processor   -   INFO   - worker416791:Running xtb_gsolv calculation in /srv/scratch/z5358697/.automated/5967/0_PRESCREENING/CONF15/xtb_gsolv.
2025-04-11 11:49:00,223 -   censo.qm_processor   -   INFO   - worker416795:Running xtb_gsolv calculation in /srv/scratch/z5358697/.automated/5967/0_PRESCREENING/CONF16/xtb_gsolv.
2025-04-11 11:49:00,349 -   censo.qm_processor   -   INFO   - worker416758:Running xtb_gsolv calculation in /srv/scratch/z5358697/.automated/5967/0_PRESCREENING/CONF19/xtb_gsolv.
2025-04-11 11:49:00,360 -   censo.qm_processor   -   INFO   - worker416788:Running xtb_gsolv calculation in /srv/scratch/z5358697/.automated/5967/0_PRESCREENING/CONF17/xtb_gsolv.
2025-04-11 11:49:00,379 -   censo.qm_processor   -   INFO   - worker416755:Running xtb_gsolv calculation in /srv/scratch/z5358697/.automated/5967/0_PRESCREENING/CONF18/xtb_gsolv.
2025-04-11 11:49:00,395 -   censo.qm_processor   -   INFO   - worker416752:Running xtb_gsolv calculation in /srv/scratch/z5358697/.automated/5967/0_PRESCREENING/CONF20/xtb_gsolv.
2025-04-11 11:49:00,403 -   censo.qm_processor   -   INFO   - worker416767:Running xtb_gsolv calculation in /srv/scratch/z5358697/.automated/5967/0_PRESCREENING/CONF22/xtb_gsolv.
2025-04-11 11:49:00,421 -   censo.qm_processor   -   INFO   - worker416761:Running xtb_gsolv calculation in /srv/scratch/z5358697/.automated/5967/0_PRESCREENING/CONF21/xtb_gsolv.
2025-04-11 11:49:00,465 -   censo.qm_processor   -   INFO   - worker416753:Running xtb_gsolv calculation in /srv/scratch/z5358697/.automated/5967/0_PRESCREENING/CONF24/xtb_gsolv.
2025-04-11 11:49:00,524 -   censo.qm_processor   -   INFO   - worker416776:Running xtb_gsolv calculation in /srv/scratch/z5358697/.automated/5967/0_PRESCREENING/CONF23/xtb_gsolv.
2025-04-11 11:49:00,534 -   censo.qm_processor   -   INFO   - worker416770:Running xtb_gsolv calculation in /srv/scratch/z5358697/.automated/5967/0_PRESCREENING/CONF25/xtb_gsolv.
2025-04-11 11:49:00,556 -   censo.qm_processor   -   INFO   - worker416791:Running xtb_gsolv calculation in /srv/scratch/z5358697/.automated/5967/0_PRESCREENING/CONF32/xtb_gsolv.
2025-04-11 11:49:00,563 -   censo.qm_processor   -   INFO   - worker416764:Running xtb_gsolv calculation in /srv/scratch/z5358697/.automated/5967/0_PRESCREENING/CONF28/xtb_gsolv.
2025-04-11 11:49:00,590 -   censo.qm_processor   -   INFO   - worker416782:Running xtb_gsolv calculation in /srv/scratch/z5358697/.automated/5967/0_PRESCREENING/CONF29/xtb_gsolv.
2025-04-11 11:49:00,596 -   censo.qm_processor   -   INFO   - worker416779:Running xtb_gsolv calculation in /srv/scratch/z5358697/.automated/5967/0_PRESCREENING/CONF26/xtb_gsolv.
2025-04-11 11:49:00,598 -   censo.qm_processor   -   INFO   - worker416773:Running xtb_gsolv calculation in /srv/scratch/z5358697/.automated/5967/0_PRESCREENING/CONF27/xtb_gsolv.
2025-04-11 11:49:00,609 -   censo.qm_processor   -   INFO   - worker416785:Running xtb_gsolv calculation in /srv/scratch/z5358697/.automated/5967/0_PRESCREENING/CONF31/xtb_gsolv.
2025-04-11 11:49:00,702 -   censo.qm_processor   -   INFO   - worker416795:Running xtb_gsolv calculation in /srv/scratch/z5358697/.automated/5967/0_PRESCREENING/CONF30/xtb_gsolv.
2025-04-11 11:49:00,720 -   censo.qm_processor   -   INFO   - worker416758:Running xtb_gsolv calculation in /srv/scratch/z5358697/.automated/5967/0_PRESCREENING/CONF33/xtb_gsolv.
2025-04-11 11:49:00,739 -   censo.qm_processor   -   INFO   - worker416755:Running xtb_gsolv calculation in /srv/scratch/z5358697/.automated/5967/0_PRESCREENING/CONF37/xtb_gsolv.
2025-04-11 11:49:00,755 -   censo.qm_processor   -   INFO   - worker416753:Running xtb_gsolv calculation in /srv/scratch/z5358697/.automated/5967/0_PRESCREENING/CONF38/xtb_gsolv.
2025-04-11 11:49:00,774 -   censo.qm_processor   -   INFO   - worker416752:Running xtb_gsolv calculation in /srv/scratch/z5358697/.automated/5967/0_PRESCREENING/CONF36/xtb_gsolv.
2025-04-11 11:49:00,783 -   censo.qm_processor   -   INFO   - worker416761:Running xtb_gsolv calculation in /srv/scratch/z5358697/.automated/5967/0_PRESCREENING/CONF35/xtb_gsolv.
2025-04-11 11:49:00,785 -   censo.qm_processor   -   INFO   - worker416788:Running xtb_gsolv calculation in /srv/scratch/z5358697/.automated/5967/0_PRESCREENING/CONF34/xtb_gsolv.
2025-04-11 11:49:00,792 -   censo.qm_processor   -   INFO   - worker416767:Running xtb_gsolv calculation in /srv/scratch/z5358697/.automated/5967/0_PRESCREENING/CONF39/xtb_gsolv.
2025-04-11 11:49:00,807 -   censo.qm_processor   -   INFO   - worker416764:Running xtb_gsolv calculation in /srv/scratch/z5358697/.automated/5967/0_PRESCREENING/CONF41/xtb_gsolv.
2025-04-11 11:49:00,843 -   censo.qm_processor   -   INFO   - worker416791:Running xtb_gsolv calculation in /srv/scratch/z5358697/.automated/5967/0_PRESCREENING/CONF40/xtb_gsolv.
2025-04-11 11:49:00,862 -   censo.qm_processor   -   INFO   - worker416776:Running xtb_gsolv calculation in /srv/scratch/z5358697/.automated/5967/0_PRESCREENING/CONF43/xtb_gsolv.
2025-04-11 11:49:00,878 -   censo.qm_processor   -   INFO   - worker416773:Running xtb_gsolv calculation in /srv/scratch/z5358697/.automated/5967/0_PRESCREENING/CONF42/xtb_gsolv.
2025-04-11 11:49:00,905 -   censo.qm_processor   -   INFO   - worker416785:Running xtb_gsolv calculation in /srv/scratch/z5358697/.automated/5967/0_PRESCREENING/CONF46/xtb_gsolv.
2025-04-11 11:49:00,920 -   censo.qm_processor   -   INFO   - worker416782:Running xtb_gsolv calculation in /srv/scratch/z5358697/.automated/5967/0_PRESCREENING/CONF44/xtb_gsolv.
2025-04-11 11:49:00,934 -   censo.qm_processor   -   INFO   - worker416779:Running xtb_gsolv calculation in /srv/scratch/z5358697/.automated/5967/0_PRESCREENING/CONF45/xtb_gsolv.
2025-04-11 11:49:00,951 -   censo.qm_processor   -   INFO   - worker416758:Running xtb_gsolv calculation in /srv/scratch/z5358697/.automated/5967/0_PRESCREENING/CONF50/xtb_gsolv.
2025-04-11 11:49:00,958 -   censo.qm_processor   -   INFO   - worker416770:Running xtb_gsolv calculation in /srv/scratch/z5358697/.automated/5967/0_PRESCREENING/CONF47/xtb_gsolv.
2025-04-11 11:49:00,964 -   censo.qm_processor   -   INFO   - worker416795:Running xtb_gsolv calculation in /srv/scratch/z5358697/.automated/5967/0_PRESCREENING/CONF48/xtb_gsolv.
2025-04-11 11:49:00,975 -   censo.qm_processor   -   INFO   - worker416755:Running xtb_gsolv calculation in /srv/scratch/z5358697/.automated/5967/0_PRESCREENING/CONF49/xtb_gsolv.
2025-04-11 11:49:00,986 -   censo.qm_processor   -   INFO   - worker416752:Running xtb_gsolv calculation in /srv/scratch/z5358697/.automated/5967/0_PRESCREENING/CONF52/xtb_gsolv.
2025-04-11 11:49:01,011 -   censo.qm_processor   -   INFO   - worker416761:Running xtb_gsolv calculation in /srv/scratch/z5358697/.automated/5967/0_PRESCREENING/CONF54/xtb_gsolv.
2025-04-11 11:49:01,019 -   censo.qm_processor   -   INFO   - worker416753:Running xtb_gsolv calculation in /srv/scratch/z5358697/.automated/5967/0_PRESCREENING/CONF51/xtb_gsolv.
2025-04-11 11:49:01,041 -   censo.qm_processor   -   INFO   - worker416788:Running xtb_gsolv calculation in /srv/scratch/z5358697/.automated/5967/0_PRESCREENING/CONF53/xtb_gsolv.
2025-04-11 11:49:01,057 -   censo.qm_processor   -   INFO   - worker416767:Running xtb_gsolv calculation in /srv/scratch/z5358697/.automated/5967/0_PRESCREENING/CONF55/xtb_gsolv.
2025-04-11 11:49:01,091 -   censo.qm_processor   -   INFO   - worker416791:Running xtb_gsolv calculation in /srv/scratch/z5358697/.automated/5967/0_PRESCREENING/CONF56/xtb_gsolv.
2025-04-11 11:49:01,119 -   censo.qm_processor   -   INFO   - worker416764:Running xtb_gsolv calculation in /srv/scratch/z5358697/.automated/5967/0_PRESCREENING/CONF57/xtb_gsolv.
2025-04-11 11:49:01,150 -   censo.qm_processor   -   INFO   - worker416785:Running xtb_gsolv calculation in /srv/scratch/z5358697/.automated/5967/0_PRESCREENING/CONF59/xtb_gsolv.
2025-04-11 11:49:01,178 -   censo.qm_processor   -   INFO   - worker416773:Running xtb_gsolv calculation in /srv/scratch/z5358697/.automated/5967/0_PRESCREENING/CONF58/xtb_gsolv.
2025-04-11 11:49:01,432 -     censo.parallel     -   INFO   - All jobs executed successfully.
2025-04-11 11:49:01,459 -   censo.qm_processor   -   INFO   - worker416964:Running sp calculation in /srv/scratch/z5358697/.automated/5967/0_PRESCREENING/CONF1/sp.
2025-04-11 11:49:01,462 -   censo.qm_processor   -   INFO   - worker416973:Running sp calculation in /srv/scratch/z5358697/.automated/5967/0_PRESCREENING/CONF5/sp.
2025-04-11 11:49:01,466 -   censo.qm_processor   -   INFO   - worker416965:Running sp calculation in /srv/scratch/z5358697/.automated/5967/0_PRESCREENING/CONF2/sp.
2025-04-11 11:49:01,467 -   censo.qm_processor   -   INFO   - worker416977:Running sp calculation in /srv/scratch/z5358697/.automated/5967/0_PRESCREENING/CONF6/sp.
2025-04-11 11:49:01,468 -   censo.qm_processor   -   INFO   - worker416967:Running sp calculation in /srv/scratch/z5358697/.automated/5967/0_PRESCREENING/CONF3/sp.
2025-04-11 11:49:01,475 -   censo.qm_processor   -   INFO   - worker416980:Running sp calculation in /srv/scratch/z5358697/.automated/5967/0_PRESCREENING/CONF7/sp.
2025-04-11 11:49:01,476 -   censo.qm_processor   -   INFO   - worker416970:Running sp calculation in /srv/scratch/z5358697/.automated/5967/0_PRESCREENING/CONF4/sp.
2025-04-11 11:49:01,483 -   censo.qm_processor   -   INFO   - worker416983:Running sp calculation in /srv/scratch/z5358697/.automated/5967/0_PRESCREENING/CONF8/sp.
2025-04-11 11:49:01,491 -   censo.qm_processor   -   INFO   - worker416989:Running sp calculation in /srv/scratch/z5358697/.automated/5967/0_PRESCREENING/CONF9/sp.
2025-04-11 11:49:01,500 -   censo.qm_processor   -   INFO   - worker416990:Running sp calculation in /srv/scratch/z5358697/.automated/5967/0_PRESCREENING/CONF10/sp.
2025-04-11 11:49:01,508 -   censo.qm_processor   -   INFO   - worker416986:Running sp calculation in /srv/scratch/z5358697/.automated/5967/0_PRESCREENING/CONF11/sp.
2025-04-11 11:49:01,516 -   censo.qm_processor   -   INFO   - worker416992:Running sp calculation in /srv/scratch/z5358697/.automated/5967/0_PRESCREENING/CONF12/sp.
2025-04-11 11:49:01,523 -   censo.qm_processor   -   INFO   - worker416996:Running sp calculation in /srv/scratch/z5358697/.automated/5967/0_PRESCREENING/CONF13/sp.
2025-04-11 11:49:01,537 -   censo.qm_processor   -   INFO   - worker417003:Running sp calculation in /srv/scratch/z5358697/.automated/5967/0_PRESCREENING/CONF15/sp.
2025-04-11 11:49:01,539 -   censo.qm_processor   -   INFO   - worker416999:Running sp calculation in /srv/scratch/z5358697/.automated/5967/0_PRESCREENING/CONF14/sp.
2025-04-11 11:49:01,543 -   censo.qm_processor   -   INFO   - worker417006:Running sp calculation in /srv/scratch/z5358697/.automated/5967/0_PRESCREENING/CONF16/sp.
2025-04-11 11:49:11,638 -   censo.qm_processor   -   INFO   - worker416973:Running sp calculation in /srv/scratch/z5358697/.automated/5967/0_PRESCREENING/CONF17/sp.
2025-04-11 11:49:11,699 -   censo.qm_processor   -   INFO   - worker417006:Running sp calculation in /srv/scratch/z5358697/.automated/5967/0_PRESCREENING/CONF18/sp.
2025-04-11 11:49:11,716 -   censo.qm_processor   -   INFO   - worker417003:Running sp calculation in /srv/scratch/z5358697/.automated/5967/0_PRESCREENING/CONF19/sp.
2025-04-11 11:49:11,743 -   censo.qm_processor   -   INFO   - worker416990:Running sp calculation in /srv/scratch/z5358697/.automated/5967/0_PRESCREENING/CONF20/sp.
2025-04-11 11:49:11,759 -   censo.qm_processor   -   INFO   - worker416964:Running sp calculation in /srv/scratch/z5358697/.automated/5967/0_PRESCREENING/CONF21/sp.
2025-04-11 11:49:11,770 -   censo.qm_processor   -   INFO   - worker416983:Running sp calculation in /srv/scratch/z5358697/.automated/5967/0_PRESCREENING/CONF22/sp.
2025-04-11 11:49:11,788 -   censo.qm_processor   -   INFO   - worker416967:Running sp calculation in /srv/scratch/z5358697/.automated/5967/0_PRESCREENING/CONF23/sp.
2025-04-11 11:49:11,822 -   censo.qm_processor   -   INFO   - worker416999:Running sp calculation in /srv/scratch/z5358697/.automated/5967/0_PRESCREENING/CONF24/sp.
2025-04-11 11:49:11,833 -   censo.qm_processor   -   INFO   - worker416980:Running sp calculation in /srv/scratch/z5358697/.automated/5967/0_PRESCREENING/CONF25/sp.
2025-04-11 11:49:11,848 -   censo.qm_processor   -   INFO   - worker416992:Running sp calculation in /srv/scratch/z5358697/.automated/5967/0_PRESCREENING/CONF26/sp.
2025-04-11 11:49:11,850 -   censo.qm_processor   -   INFO   - worker416996:Running sp calculation in /srv/scratch/z5358697/.automated/5967/0_PRESCREENING/CONF27/sp.
2025-04-11 11:49:11,863 -   censo.qm_processor   -   INFO   - worker416989:Running sp calculation in /srv/scratch/z5358697/.automated/5967/0_PRESCREENING/CONF28/sp.
2025-04-11 11:49:11,870 -   censo.qm_processor   -   INFO   - worker416986:Running sp calculation in /srv/scratch/z5358697/.automated/5967/0_PRESCREENING/CONF29/sp.
2025-04-11 11:49:11,884 -   censo.qm_processor   -   INFO   - worker416965:Running sp calculation in /srv/scratch/z5358697/.automated/5967/0_PRESCREENING/CONF30/sp.
2025-04-11 11:49:11,915 -   censo.qm_processor   -   INFO   - worker416977:Running sp calculation in /srv/scratch/z5358697/.automated/5967/0_PRESCREENING/CONF31/sp.
2025-04-11 11:49:11,957 -   censo.qm_processor   -   INFO   - worker416970:Running sp calculation in /srv/scratch/z5358697/.automated/5967/0_PRESCREENING/CONF32/sp.
2025-04-11 11:49:20,856 -   censo.qm_processor   -   INFO   - worker416973:Running sp calculation in /srv/scratch/z5358697/.automated/5967/0_PRESCREENING/CONF33/sp.
2025-04-11 11:49:20,885 -   censo.qm_processor   -   INFO   - worker417006:Running sp calculation in /srv/scratch/z5358697/.automated/5967/0_PRESCREENING/CONF34/sp.
2025-04-11 11:49:20,978 -   censo.qm_processor   -   INFO   - worker417003:Running sp calculation in /srv/scratch/z5358697/.automated/5967/0_PRESCREENING/CONF35/sp.
2025-04-11 11:49:21,102 -   censo.qm_processor   -   INFO   - worker416990:Running sp calculation in /srv/scratch/z5358697/.automated/5967/0_PRESCREENING/CONF36/sp.
2025-04-11 11:49:21,113 -   censo.qm_processor   -   INFO   - worker416980:Running sp calculation in /srv/scratch/z5358697/.automated/5967/0_PRESCREENING/CONF37/sp.
2025-04-11 11:49:21,152 -   censo.qm_processor   -   INFO   - worker416983:Running sp calculation in /srv/scratch/z5358697/.automated/5967/0_PRESCREENING/CONF38/sp.
2025-04-11 11:49:21,217 -   censo.qm_processor   -   INFO   - worker416964:Running sp calculation in /srv/scratch/z5358697/.automated/5967/0_PRESCREENING/CONF39/sp.
2025-04-11 11:49:21,282 -   censo.qm_processor   -   INFO   - worker416996:Running sp calculation in /srv/scratch/z5358697/.automated/5967/0_PRESCREENING/CONF40/sp.
2025-04-11 11:49:21,329 -   censo.qm_processor   -   INFO   - worker416992:Running sp calculation in /srv/scratch/z5358697/.automated/5967/0_PRESCREENING/CONF41/sp.
2025-04-11 11:49:21,334 -   censo.qm_processor   -   INFO   - worker416967:Running sp calculation in /srv/scratch/z5358697/.automated/5967/0_PRESCREENING/CONF42/sp.
2025-04-11 11:49:21,344 -   censo.qm_processor   -   INFO   - worker416986:Running sp calculation in /srv/scratch/z5358697/.automated/5967/0_PRESCREENING/CONF43/sp.
2025-04-11 11:49:21,353 -   censo.qm_processor   -   INFO   - worker416999:Running sp calculation in /srv/scratch/z5358697/.automated/5967/0_PRESCREENING/CONF44/sp.
2025-04-11 11:49:21,364 -   censo.qm_processor   -   INFO   - worker416989:Running sp calculation in /srv/scratch/z5358697/.automated/5967/0_PRESCREENING/CONF45/sp.
2025-04-11 11:49:21,375 -   censo.qm_processor   -   INFO   - worker416977:Running sp calculation in /srv/scratch/z5358697/.automated/5967/0_PRESCREENING/CONF46/sp.
2025-04-11 11:49:21,389 -   censo.qm_processor   -   INFO   - worker416965:Running sp calculation in /srv/scratch/z5358697/.automated/5967/0_PRESCREENING/CONF47/sp.
2025-04-11 11:49:21,411 -   censo.qm_processor   -   INFO   - worker416970:Running sp calculation in /srv/scratch/z5358697/.automated/5967/0_PRESCREENING/CONF48/sp.
2025-04-11 11:49:30,812 -   censo.qm_processor   -   INFO   - worker416973:Running sp calculation in /srv/scratch/z5358697/.automated/5967/0_PRESCREENING/CONF49/sp.
2025-04-11 11:49:31,149 -   censo.qm_processor   -   INFO   - worker416990:Running sp calculation in /srv/scratch/z5358697/.automated/5967/0_PRESCREENING/CONF50/sp.
2025-04-11 11:49:31,156 -   censo.qm_processor   -   INFO   - worker416980:Running sp calculation in /srv/scratch/z5358697/.automated/5967/0_PRESCREENING/CONF51/sp.
2025-04-11 11:49:31,322 -   censo.qm_processor   -   INFO   - worker417006:Running sp calculation in /srv/scratch/z5358697/.automated/5967/0_PRESCREENING/CONF52/sp.
2025-04-11 11:49:31,440 -   censo.qm_processor   -   INFO   - worker416983:Running sp calculation in /srv/scratch/z5358697/.automated/5967/0_PRESCREENING/CONF53/sp.
2025-04-11 11:49:31,485 -   censo.qm_processor   -   INFO   - worker416967:Running sp calculation in /srv/scratch/z5358697/.automated/5967/0_PRESCREENING/CONF54/sp.
2025-04-11 11:49:31,513 -   censo.qm_processor   -   INFO   - worker417003:Running sp calculation in /srv/scratch/z5358697/.automated/5967/0_PRESCREENING/CONF55/sp.
2025-04-11 11:49:31,531 -   censo.qm_processor   -   INFO   - worker416965:Running sp calculation in /srv/scratch/z5358697/.automated/5967/0_PRESCREENING/CONF56/sp.
2025-04-11 11:49:31,621 -   censo.qm_processor   -   INFO   - worker416964:Running sp calculation in /srv/scratch/z5358697/.automated/5967/0_PRESCREENING/CONF57/sp.
2025-04-11 11:49:31,659 -   censo.qm_processor   -   INFO   - worker416989:Running sp calculation in /srv/scratch/z5358697/.automated/5967/0_PRESCREENING/CONF58/sp.
2025-04-11 11:49:31,720 -   censo.qm_processor   -   INFO   - worker416999:Running sp calculation in /srv/scratch/z5358697/.automated/5967/0_PRESCREENING/CONF59/sp.
2025-04-11 11:49:41,355 -     censo.parallel     -   INFO   - All jobs executed successfully.
2025-04-11 11:49:41,495 -   censo.qm_processor   -   INFO   - worker417896:Running gsolv calculation in /srv/scratch/z5358697/.automated/5967/1_SCREENING/CONF10/gsolv.
2025-04-11 11:49:41,507 -   censo.qm_processor   -   INFO   - worker417884:Running gsolv calculation in /srv/scratch/z5358697/.automated/5967/1_SCREENING/CONF1/gsolv.
2025-04-11 11:49:41,515 -   censo.qm_processor   -   INFO   - worker417883:Running gsolv calculation in /srv/scratch/z5358697/.automated/5967/1_SCREENING/CONF5/gsolv.
2025-04-11 11:49:41,523 -   censo.qm_processor   -   INFO   - worker417886:Running gsolv calculation in /srv/scratch/z5358697/.automated/5967/1_SCREENING/CONF8/gsolv.
2025-04-11 11:49:41,540 -   censo.qm_processor   -   INFO   - worker417892:Running gsolv calculation in /srv/scratch/z5358697/.automated/5967/1_SCREENING/CONF9/gsolv.
2025-04-11 11:49:41,581 -   censo.qm_processor   -   INFO   - worker417889:Running gsolv calculation in /srv/scratch/z5358697/.automated/5967/1_SCREENING/CONF16/gsolv.
2025-04-11 11:49:41,601 -   censo.qm_processor   -   INFO   - worker417909:Running gsolv calculation in /srv/scratch/z5358697/.automated/5967/1_SCREENING/CONF4/gsolv.
2025-04-11 11:49:41,614 -   censo.qm_processor   -   INFO   - worker417924:Running gsolv calculation in /srv/scratch/z5358697/.automated/5967/1_SCREENING/CONF35/gsolv.
2025-04-11 11:49:41,630 -   censo.qm_processor   -   INFO   - worker417915:Running gsolv calculation in /srv/scratch/z5358697/.automated/5967/1_SCREENING/CONF19/gsolv.
2025-04-11 11:49:41,639 -   censo.qm_processor   -   INFO   - worker417905:Running gsolv calculation in /srv/scratch/z5358697/.automated/5967/1_SCREENING/CONF18/gsolv.
2025-04-11 11:49:41,654 -   censo.qm_processor   -   INFO   - worker417899:Running gsolv calculation in /srv/scratch/z5358697/.automated/5967/1_SCREENING/CONF11/gsolv.
2025-04-11 11:49:41,659 -   censo.qm_processor   -   INFO   - worker417908:Running gsolv calculation in /srv/scratch/z5358697/.automated/5967/1_SCREENING/CONF12/gsolv.
2025-04-11 11:49:41,734 -   censo.qm_processor   -   INFO   - worker417918:Running gsolv calculation in /srv/scratch/z5358697/.automated/5967/1_SCREENING/CONF14/gsolv.
2025-04-11 11:49:41,743 -   censo.qm_processor   -   INFO   - worker417902:Running gsolv calculation in /srv/scratch/z5358697/.automated/5967/1_SCREENING/CONF3/gsolv.
2025-04-11 11:49:41,752 -   censo.qm_processor   -   INFO   - worker417911:Running gsolv calculation in /srv/scratch/z5358697/.automated/5967/1_SCREENING/CONF13/gsolv.
2025-04-11 11:49:41,753 -   censo.qm_processor   -   INFO   - worker417921:Running gsolv calculation in /srv/scratch/z5358697/.automated/5967/1_SCREENING/CONF2/gsolv.
2025-04-11 11:50:47,278 -   censo.qm_processor   -   INFO   - worker417921:Running gsolv calculation in /srv/scratch/z5358697/.automated/5967/1_SCREENING/CONF23/gsolv.
2025-04-11 11:50:47,876 -   censo.qm_processor   -   INFO   - worker417915:Running gsolv calculation in /srv/scratch/z5358697/.automated/5967/1_SCREENING/CONF31/gsolv.
2025-04-11 11:50:47,889 -   censo.qm_processor   -   INFO   - worker417884:Running gsolv calculation in /srv/scratch/z5358697/.automated/5967/1_SCREENING/CONF24/gsolv.
2025-04-11 11:50:47,917 -   censo.qm_processor   -   INFO   - worker417902:Running gsolv calculation in /srv/scratch/z5358697/.automated/5967/1_SCREENING/CONF25/gsolv.
2025-04-11 11:50:47,923 -   censo.qm_processor   -   INFO   - worker417896:Running gsolv calculation in /srv/scratch/z5358697/.automated/5967/1_SCREENING/CONF30/gsolv.
2025-04-11 11:50:47,963 -   censo.qm_processor   -   INFO   - worker417924:Running gsolv calculation in /srv/scratch/z5358697/.automated/5967/1_SCREENING/CONF28/gsolv.
2025-04-11 11:50:47,992 -   censo.qm_processor   -   INFO   - worker417886:Running gsolv calculation in /srv/scratch/z5358697/.automated/5967/1_SCREENING/CONF6/gsolv.
2025-04-11 11:50:48,007 -   censo.qm_processor   -   INFO   - worker417883:Running gsolv calculation in /srv/scratch/z5358697/.automated/5967/1_SCREENING/CONF42/gsolv.
2025-04-11 11:50:48,018 -   censo.qm_processor   -   INFO   - worker417905:Running gsolv calculation in /srv/scratch/z5358697/.automated/5967/1_SCREENING/CONF36/gsolv.
2025-04-11 11:50:48,042 -   censo.qm_processor   -   INFO   - worker417918:Running gsolv calculation in /srv/scratch/z5358697/.automated/5967/1_SCREENING/CONF20/gsolv.
2025-04-11 11:50:48,048 -   censo.qm_processor   -   INFO   - worker417892:Running gsolv calculation in /srv/scratch/z5358697/.automated/5967/1_SCREENING/CONF26/gsolv.
2025-04-11 11:50:48,194 -   censo.qm_processor   -   INFO   - worker417909:Running gsolv calculation in /srv/scratch/z5358697/.automated/5967/1_SCREENING/CONF40/gsolv.
2025-04-11 11:50:48,898 -   censo.qm_processor   -   INFO   - worker417899:Running gsolv calculation in /srv/scratch/z5358697/.automated/5967/1_SCREENING/CONF15/gsolv.
2025-04-11 11:50:48,926 -   censo.qm_processor   -   INFO   - worker417911:Running gsolv calculation in /srv/scratch/z5358697/.automated/5967/1_SCREENING/CONF37/gsolv.
2025-04-11 11:50:49,088 -   censo.qm_processor   -   INFO   - worker417889:Running gsolv calculation in /srv/scratch/z5358697/.automated/5967/1_SCREENING/CONF7/gsolv.
2025-04-11 11:50:50,533 -   censo.qm_processor   -   INFO   - worker417908:Running gsolv calculation in /srv/scratch/z5358697/.automated/5967/1_SCREENING/CONF22/gsolv.
2025-04-11 11:51:52,882 -   censo.qm_processor   -   INFO   - worker417883:Running gsolv calculation in /srv/scratch/z5358697/.automated/5967/1_SCREENING/CONF39/gsolv.
2025-04-11 11:51:54,031 -   censo.qm_processor   -   INFO   - worker417918:Running gsolv calculation in /srv/scratch/z5358697/.automated/5967/1_SCREENING/CONF51/gsolv.
2025-04-11 11:51:54,158 -   censo.qm_processor   -   INFO   - worker417909:Running gsolv calculation in /srv/scratch/z5358697/.automated/5967/1_SCREENING/CONF46/gsolv.
2025-04-11 11:51:54,261 -   censo.qm_processor   -   INFO   - worker417905:Running gsolv calculation in /srv/scratch/z5358697/.automated/5967/1_SCREENING/CONF29/gsolv.
2025-04-11 11:51:54,959 -   censo.qm_processor   -   INFO   - worker417911:Running gsolv calculation in /srv/scratch/z5358697/.automated/5967/1_SCREENING/CONF38/gsolv.
2025-04-11 11:51:54,985 -   censo.qm_processor   -   INFO   - worker417892:Running gsolv calculation in /srv/scratch/z5358697/.automated/5967/1_SCREENING/CONF52/gsolv.
2025-04-11 11:51:55,089 -   censo.qm_processor   -   INFO   - worker417915:Running gsolv calculation in /srv/scratch/z5358697/.automated/5967/1_SCREENING/CONF34/gsolv.
2025-04-11 11:51:55,304 -   censo.qm_processor   -   INFO   - worker417921:Running gsolv calculation in /srv/scratch/z5358697/.automated/5967/1_SCREENING/CONF27/gsolv.
2025-04-11 11:51:55,366 -   censo.qm_processor   -   INFO   - worker417924:Running gsolv calculation in /srv/scratch/z5358697/.automated/5967/1_SCREENING/CONF49/gsolv.
2025-04-11 11:51:55,695 -   censo.qm_processor   -   INFO   - worker417896:Running gsolv calculation in /srv/scratch/z5358697/.automated/5967/1_SCREENING/CONF53/gsolv.
2025-04-11 11:51:56,035 -   censo.qm_processor   -   INFO   - worker417902:Running gsolv calculation in /srv/scratch/z5358697/.automated/5967/1_SCREENING/CONF33/gsolv.
2025-04-11 11:51:56,300 -   censo.qm_processor   -   INFO   - worker417886:Running gsolv calculation in /srv/scratch/z5358697/.automated/5967/1_SCREENING/CONF17/gsolv.
2025-04-11 11:51:56,388 -   censo.qm_processor   -   INFO   - worker417884:Running gsolv calculation in /srv/scratch/z5358697/.automated/5967/1_SCREENING/CONF43/gsolv.
2025-04-11 11:51:56,514 -   censo.qm_processor   -   INFO   - worker417899:Running gsolv calculation in /srv/scratch/z5358697/.automated/5967/1_SCREENING/CONF41/gsolv.
2025-04-11 11:51:56,851 -   censo.qm_processor   -   INFO   - worker417889:Running gsolv calculation in /srv/scratch/z5358697/.automated/5967/1_SCREENING/CONF45/gsolv.
2025-04-11 11:51:57,389 -   censo.qm_processor   -   INFO   - worker417908:Running gsolv calculation in /srv/scratch/z5358697/.automated/5967/1_SCREENING/CONF54/gsolv.
2025-04-11 11:52:56,576 -   censo.qm_processor   -   INFO   - worker417883:Running gsolv calculation in /srv/scratch/z5358697/.automated/5967/1_SCREENING/CONF32/gsolv.
2025-04-11 11:52:59,906 -   censo.qm_processor   -   INFO   - worker417886:Running gsolv calculation in /srv/scratch/z5358697/.automated/5967/1_SCREENING/CONF21/gsolv.
2025-04-11 11:53:00,557 -   censo.qm_processor   -   INFO   - worker417915:Running gsolv calculation in /srv/scratch/z5358697/.automated/5967/1_SCREENING/CONF50/gsolv.
2025-04-11 11:53:00,693 -   censo.qm_processor   -   INFO   - worker417909:Running gsolv calculation in /srv/scratch/z5358697/.automated/5967/1_SCREENING/CONF44/gsolv.
2025-04-11 11:54:03,280 -     censo.parallel     -   INFO   - All jobs executed successfully.
2025-04-11 11:54:03,360 -   censo.qm_processor   -   INFO   - worker419667:Running xtb_opt calculation in /srv/scratch/z5358697/.automated/5967/2_OPTIMIZATION/CONF19/xtb_opt.
2025-04-11 11:54:03,371 -   censo.qm_processor   -   INFO   - worker419666:Running xtb_opt calculation in /srv/scratch/z5358697/.automated/5967/2_OPTIMIZATION/CONF16/xtb_opt.
2025-04-11 11:54:03,379 -   censo.qm_processor   -   INFO   - worker419672:Running xtb_opt calculation in /srv/scratch/z5358697/.automated/5967/2_OPTIMIZATION/CONF3/xtb_opt.
2025-04-11 11:54:03,407 -   censo.qm_processor   -   INFO   - worker419675:Running xtb_opt calculation in /srv/scratch/z5358697/.automated/5967/2_OPTIMIZATION/CONF8/xtb_opt.
2025-04-11 11:54:03,409 -   censo.qm_processor   -   INFO   - worker419678:Running xtb_opt calculation in /srv/scratch/z5358697/.automated/5967/2_OPTIMIZATION/CONF1/xtb_opt.
2025-04-11 11:54:03,415 -   censo.qm_processor   -   INFO   - worker419681:Running xtb_opt calculation in /srv/scratch/z5358697/.automated/5967/2_OPTIMIZATION/CONF18/xtb_opt.
2025-04-11 11:54:03,454 -   censo.qm_processor   -   INFO   - worker419690:Running xtb_opt calculation in /srv/scratch/z5358697/.automated/5967/2_OPTIMIZATION/CONF10/xtb_opt.
2025-04-11 11:54:03,456 -   censo.qm_processor   -   INFO   - worker419696:Running xtb_opt calculation in /srv/scratch/z5358697/.automated/5967/2_OPTIMIZATION/CONF12/xtb_opt.
2025-04-11 11:54:03,498 -   censo.qm_processor   -   INFO   - worker419669:Running xtb_opt calculation in /srv/scratch/z5358697/.automated/5967/2_OPTIMIZATION/CONF9/xtb_opt.
2025-04-11 11:54:04,052 -   censo.qm_processor   -   INFO   - worker419709:Running xtb_opt calculation in /srv/scratch/z5358697/.automated/5967/2_OPTIMIZATION/CONF36/xtb_opt.
2025-04-11 11:54:04,053 -   censo.qm_processor   -   INFO   - worker419684:Running xtb_opt calculation in /srv/scratch/z5358697/.automated/5967/2_OPTIMIZATION/CONF5/xtb_opt.
2025-04-11 11:54:04,263 -   censo.qm_processor   -   INFO   - worker419700:Running xtb_opt calculation in /srv/scratch/z5358697/.automated/5967/2_OPTIMIZATION/CONF37/xtb_opt.
2025-04-11 11:54:04,279 -   censo.qm_processor   -   INFO   - worker419702:Running xtb_opt calculation in /srv/scratch/z5358697/.automated/5967/2_OPTIMIZATION/CONF42/xtb_opt.
2025-04-11 11:54:04,291 -   censo.qm_processor   -   INFO   - worker419687:Running xtb_opt calculation in /srv/scratch/z5358697/.automated/5967/2_OPTIMIZATION/CONF4/xtb_opt.
2025-04-11 11:54:04,301 -   censo.qm_processor   -   INFO   - worker419706:Running xtb_opt calculation in /srv/scratch/z5358697/.automated/5967/2_OPTIMIZATION/CONF38/xtb_opt.
2025-04-11 11:54:05,311 -   censo.qm_processor   -   INFO   - worker419693:Running xtb_opt calculation in /srv/scratch/z5358697/.automated/5967/2_OPTIMIZATION/CONF11/xtb_opt.
2025-04-11 11:59:07,245 -   censo.qm_processor   -   INFO   - worker419709:Running xtb_opt calculation in /srv/scratch/z5358697/.automated/5967/2_OPTIMIZATION/CONF2/xtb_opt.
2025-04-11 11:59:10,341 -   censo.qm_processor   -   INFO   - worker419669:Running xtb_opt calculation in /srv/scratch/z5358697/.automated/5967/2_OPTIMIZATION/CONF45/xtb_opt.
2025-04-11 11:59:11,065 -   censo.qm_processor   -   INFO   - worker419666:Running xtb_opt calculation in /srv/scratch/z5358697/.automated/5967/2_OPTIMIZATION/CONF26/xtb_opt.
2025-04-11 11:59:12,916 -   censo.qm_processor   -   INFO   - worker419702:Running xtb_opt calculation in /srv/scratch/z5358697/.automated/5967/2_OPTIMIZATION/CONF14/xtb_opt.
2025-04-11 11:59:15,399 -   censo.qm_processor   -   INFO   - worker419706:Running xtb_opt calculation in /srv/scratch/z5358697/.automated/5967/2_OPTIMIZATION/CONF15/xtb_opt.
2025-04-11 11:59:17,486 -   censo.qm_processor   -   INFO   - worker419684:Running xtb_opt calculation in /srv/scratch/z5358697/.automated/5967/2_OPTIMIZATION/CONF28/xtb_opt.
2025-04-11 11:59:18,511 -   censo.qm_processor   -   INFO   - worker419672:Running xtb_opt calculation in /srv/scratch/z5358697/.automated/5967/2_OPTIMIZATION/CONF23/xtb_opt.
2025-04-11 11:59:23,307 -   censo.qm_processor   -   INFO   - worker419678:Running xtb_opt calculation in /srv/scratch/z5358697/.automated/5967/2_OPTIMIZATION/CONF13/xtb_opt.
2025-04-11 11:59:23,412 -   censo.qm_processor   -   INFO   - worker419675:Running xtb_opt calculation in /srv/scratch/z5358697/.automated/5967/2_OPTIMIZATION/CONF32/xtb_opt.
2025-04-11 11:59:26,675 -   censo.qm_processor   -   INFO   - worker419700:Running xtb_opt calculation in /srv/scratch/z5358697/.automated/5967/2_OPTIMIZATION/CONF30/xtb_opt.
2025-04-11 11:59:28,542 -   censo.qm_processor   -   INFO   - worker419690:Running xtb_opt calculation in /srv/scratch/z5358697/.automated/5967/2_OPTIMIZATION/CONF27/xtb_opt.
2025-04-11 11:59:28,686 -   censo.qm_processor   -   INFO   - worker419693:Running xtb_opt calculation in /srv/scratch/z5358697/.automated/5967/2_OPTIMIZATION/CONF20/xtb_opt.
2025-04-11 11:59:30,971 -   censo.qm_processor   -   INFO   - worker419667:Running xtb_opt calculation in /srv/scratch/z5358697/.automated/5967/2_OPTIMIZATION/CONF39/xtb_opt.
2025-04-11 11:59:32,657 -   censo.qm_processor   -   INFO   - worker419696:Running xtb_opt calculation in /srv/scratch/z5358697/.automated/5967/2_OPTIMIZATION/CONF7/xtb_opt.
2025-04-11 11:59:33,036 -   censo.qm_processor   -   INFO   - worker419681:Running xtb_opt calculation in /srv/scratch/z5358697/.automated/5967/2_OPTIMIZATION/CONF40/xtb_opt.
2025-04-11 11:59:33,178 -   censo.qm_processor   -   INFO   - worker419687:Running xtb_opt calculation in /srv/scratch/z5358697/.automated/5967/2_OPTIMIZATION/CONF31/xtb_opt.
2025-04-11 12:03:41,716 -   censo.qm_processor   -   INFO   - worker419684:Running xtb_opt calculation in /srv/scratch/z5358697/.automated/5967/2_OPTIMIZATION/CONF6/xtb_opt.
2025-04-11 12:04:06,547 -   censo.qm_processor   -   INFO   - worker419700:Running xtb_opt calculation in /srv/scratch/z5358697/.automated/5967/2_OPTIMIZATION/CONF35/xtb_opt.
2025-04-11 12:04:08,067 -   censo.qm_processor   -   INFO   - worker419666:Running xtb_opt calculation in /srv/scratch/z5358697/.automated/5967/2_OPTIMIZATION/CONF24/xtb_opt.
2025-04-11 12:04:15,234 -   censo.qm_processor   -   INFO   - worker419706:Running xtb_opt calculation in /srv/scratch/z5358697/.automated/5967/2_OPTIMIZATION/CONF29/xtb_opt.
2025-04-11 12:04:24,609 -   censo.qm_processor   -   INFO   - worker419709:Running xtb_opt calculation in /srv/scratch/z5358697/.automated/5967/2_OPTIMIZATION/CONF46/xtb_opt.
2025-04-11 12:04:25,519 -   censo.qm_processor   -   INFO   - worker419702:Running xtb_opt calculation in /srv/scratch/z5358697/.automated/5967/2_OPTIMIZATION/CONF52/xtb_opt.
2025-04-11 12:04:29,266 -   censo.qm_processor   -   INFO   - worker419669:Running xtb_opt calculation in /srv/scratch/z5358697/.automated/5967/2_OPTIMIZATION/CONF25/xtb_opt.
2025-04-11 12:04:34,039 -   censo.qm_processor   -   INFO   - worker419675:Running xtb_opt calculation in /srv/scratch/z5358697/.automated/5967/2_OPTIMIZATION/CONF22/xtb_opt.
2025-04-11 12:04:37,078 -   censo.qm_processor   -   INFO   - worker419681:Running xtb_opt calculation in /srv/scratch/z5358697/.automated/5967/2_OPTIMIZATION/CONF44/xtb_opt.
2025-04-11 12:04:37,551 -   censo.qm_processor   -   INFO   - worker419693:Running xtb_opt calculation in /srv/scratch/z5358697/.automated/5967/2_OPTIMIZATION/CONF43/xtb_opt.
2025-04-11 12:04:38,676 -   censo.qm_processor   -   INFO   - worker419678:Running xtb_opt calculation in /srv/scratch/z5358697/.automated/5967/2_OPTIMIZATION/CONF41/xtb_opt.
2025-04-11 12:04:40,163 -   censo.qm_processor   -   INFO   - worker419667:Running xtb_opt calculation in /srv/scratch/z5358697/.automated/5967/2_OPTIMIZATION/CONF53/xtb_opt.
2025-04-11 12:04:41,542 -   censo.qm_processor   -   INFO   - worker419696:Running xtb_opt calculation in /srv/scratch/z5358697/.automated/5967/2_OPTIMIZATION/CONF49/xtb_opt.
2025-04-11 12:04:41,853 -   censo.qm_processor   -   INFO   - worker419687:Running xtb_opt calculation in /srv/scratch/z5358697/.automated/5967/2_OPTIMIZATION/CONF34/xtb_opt.
2025-04-11 12:04:43,538 -   censo.qm_processor   -   INFO   - worker419690:Running xtb_opt calculation in /srv/scratch/z5358697/.automated/5967/2_OPTIMIZATION/CONF21/xtb_opt.
2025-04-11 12:04:44,845 -   censo.qm_processor   -   INFO   - worker419672:Running xtb_opt calculation in /srv/scratch/z5358697/.automated/5967/2_OPTIMIZATION/CONF33/xtb_opt.
2025-04-11 12:08:56,252 -   censo.qm_processor   -   INFO   - worker419684:Running xtb_opt calculation in /srv/scratch/z5358697/.automated/5967/2_OPTIMIZATION/CONF17/xtb_opt.
2025-04-11 12:08:56,379 -   censo.qm_processor   -   INFO   - worker419702:Running xtb_opt calculation in /srv/scratch/z5358697/.automated/5967/2_OPTIMIZATION/CONF50/xtb_opt.
2025-04-11 12:09:05,026 -   censo.qm_processor   -   INFO   - worker419690:Running xtb_opt calculation in /srv/scratch/z5358697/.automated/5967/2_OPTIMIZATION/CONF54/xtb_opt.
2025-04-11 12:09:16,739 -   censo.qm_processor   -   INFO   - worker419675:Running xtb_opt calculation in /srv/scratch/z5358697/.automated/5967/2_OPTIMIZATION/CONF51/xtb_opt.
2025-04-11 12:14:10,682 -     censo.parallel     -   INFO   - All jobs executed successfully.
2025-04-11 12:14:10,713 -   censo.qm_processor   -   INFO   - worker430366:Running xtb_rrho calculation in /srv/scratch/z5358697/.automated/5967/2_OPTIMIZATION/CONF18/xtb_rrho.
2025-04-11 12:14:10,719 -   censo.qm_processor   -   INFO   - worker430360:Running xtb_rrho calculation in /srv/scratch/z5358697/.automated/5967/2_OPTIMIZATION/CONF8/xtb_rrho.
2025-04-11 12:14:10,727 -   censo.qm_processor   -   INFO   - worker430363:Running xtb_rrho calculation in /srv/scratch/z5358697/.automated/5967/2_OPTIMIZATION/CONF1/xtb_rrho.
2025-04-11 12:14:10,729 -   censo.qm_processor   -   INFO   - worker430369:Running xtb_rrho calculation in /srv/scratch/z5358697/.automated/5967/2_OPTIMIZATION/CONF5/xtb_rrho.
2025-04-11 12:14:10,741 -   censo.qm_processor   -   INFO   - worker430376:Running xtb_rrho calculation in /srv/scratch/z5358697/.automated/5967/2_OPTIMIZATION/CONF10/xtb_rrho.
2025-04-11 12:14:10,753 -   censo.qm_processor   -   INFO   - worker430385:Running xtb_rrho calculation in /srv/scratch/z5358697/.automated/5967/2_OPTIMIZATION/CONF37/xtb_rrho.
2025-04-11 12:14:10,756 -   censo.qm_processor   -   INFO   - worker430381:Running xtb_rrho calculation in /srv/scratch/z5358697/.automated/5967/2_OPTIMIZATION/CONF12/xtb_rrho.
2025-04-11 12:14:10,760 -   censo.qm_processor   -   INFO   - worker430391:Running xtb_rrho calculation in /srv/scratch/z5358697/.automated/5967/2_OPTIMIZATION/CONF38/xtb_rrho.
2025-04-11 12:14:10,767 -   censo.qm_processor   -   INFO   - worker430354:Running xtb_rrho calculation in /srv/scratch/z5358697/.automated/5967/2_OPTIMIZATION/CONF9/xtb_rrho.
2025-04-11 12:14:10,769 -   censo.qm_processor   -   INFO   - worker430357:Running xtb_rrho calculation in /srv/scratch/z5358697/.automated/5967/2_OPTIMIZATION/CONF3/xtb_rrho.
2025-04-11 12:14:10,772 -   censo.qm_processor   -   INFO   - worker430372:Running xtb_rrho calculation in /srv/scratch/z5358697/.automated/5967/2_OPTIMIZATION/CONF4/xtb_rrho.
2025-04-11 12:14:10,774 -   censo.qm_processor   -   INFO   - worker430387:Running xtb_rrho calculation in /srv/scratch/z5358697/.automated/5967/2_OPTIMIZATION/CONF42/xtb_rrho.
2025-04-11 12:14:10,774 -   censo.qm_processor   -   INFO   - worker430351:Running xtb_rrho calculation in /srv/scratch/z5358697/.automated/5967/2_OPTIMIZATION/CONF16/xtb_rrho.
2025-04-11 12:14:10,779 -   censo.qm_processor   -   INFO   - worker430379:Running xtb_rrho calculation in /srv/scratch/z5358697/.automated/5967/2_OPTIMIZATION/CONF11/xtb_rrho.
2025-04-11 12:14:10,787 -   censo.qm_processor   -   INFO   - worker430393:Running xtb_rrho calculation in /srv/scratch/z5358697/.automated/5967/2_OPTIMIZATION/CONF36/xtb_rrho.
2025-04-11 12:14:11,692 -   censo.qm_processor   -   INFO   - worker430352:Running xtb_rrho calculation in /srv/scratch/z5358697/.automated/5967/2_OPTIMIZATION/CONF19/xtb_rrho.
2025-04-11 12:14:12,369 -   censo.qm_processor   -   INFO   - worker430387:Running xtb_rrho calculation in /srv/scratch/z5358697/.automated/5967/2_OPTIMIZATION/CONF26/xtb_rrho.
2025-04-11 12:14:12,383 -   censo.qm_processor   -   INFO   - worker430363:Running xtb_rrho calculation in /srv/scratch/z5358697/.automated/5967/2_OPTIMIZATION/CONF14/xtb_rrho.
2025-04-11 12:14:12,386 -   censo.qm_processor   -   INFO   - worker430360:Running xtb_rrho calculation in /srv/scratch/z5358697/.automated/5967/2_OPTIMIZATION/CONF15/xtb_rrho.
2025-04-11 12:14:12,389 -   censo.qm_processor   -   INFO   - worker430391:Running xtb_rrho calculation in /srv/scratch/z5358697/.automated/5967/2_OPTIMIZATION/CONF2/xtb_rrho.
2025-04-11 12:14:12,428 -   censo.qm_processor   -   INFO   - worker430376:Running xtb_rrho calculation in /srv/scratch/z5358697/.automated/5967/2_OPTIMIZATION/CONF28/xtb_rrho.
2025-04-11 12:14:12,476 -   censo.qm_processor   -   INFO   - worker430351:Running xtb_rrho calculation in /srv/scratch/z5358697/.automated/5967/2_OPTIMIZATION/CONF23/xtb_rrho.
2025-04-11 12:14:12,492 -   censo.qm_processor   -   INFO   - worker430357:Running xtb_rrho calculation in /srv/scratch/z5358697/.automated/5967/2_OPTIMIZATION/CONF13/xtb_rrho.
2025-04-11 12:14:12,573 -   censo.qm_processor   -   INFO   - worker430381:Running xtb_rrho calculation in /srv/scratch/z5358697/.automated/5967/2_OPTIMIZATION/CONF45/xtb_rrho.
2025-04-11 12:14:12,606 -   censo.qm_processor   -   INFO   - worker430354:Running xtb_rrho calculation in /srv/scratch/z5358697/.automated/5967/2_OPTIMIZATION/CONF32/xtb_rrho.
2025-04-11 12:14:12,631 -   censo.qm_processor   -   INFO   - worker430369:Running xtb_rrho calculation in /srv/scratch/z5358697/.automated/5967/2_OPTIMIZATION/CONF30/xtb_rrho.
2025-04-11 12:14:12,668 -   censo.qm_processor   -   INFO   - worker430372:Running xtb_rrho calculation in /srv/scratch/z5358697/.automated/5967/2_OPTIMIZATION/CONF20/xtb_rrho.
2025-04-11 12:14:12,674 -   censo.qm_processor   -   INFO   - worker430379:Running xtb_rrho calculation in /srv/scratch/z5358697/.automated/5967/2_OPTIMIZATION/CONF27/xtb_rrho.
2025-04-11 12:14:12,933 -   censo.qm_processor   -   INFO   - worker430393:Running xtb_rrho calculation in /srv/scratch/z5358697/.automated/5967/2_OPTIMIZATION/CONF39/xtb_rrho.
2025-04-11 12:14:13,823 -   censo.qm_processor   -   INFO   - worker430385:Running xtb_rrho calculation in /srv/scratch/z5358697/.automated/5967/2_OPTIMIZATION/CONF7/xtb_rrho.
2025-04-11 12:14:14,017 -   censo.qm_processor   -   INFO   - worker430376:Running xtb_rrho calculation in /srv/scratch/z5358697/.automated/5967/2_OPTIMIZATION/CONF40/xtb_rrho.
2025-04-11 12:14:14,055 -   censo.qm_processor   -   INFO   - worker430360:Running xtb_rrho calculation in /srv/scratch/z5358697/.automated/5967/2_OPTIMIZATION/CONF31/xtb_rrho.
2025-04-11 12:14:14,124 -   censo.qm_processor   -   INFO   - worker430387:Running xtb_rrho calculation in /srv/scratch/z5358697/.automated/5967/2_OPTIMIZATION/CONF6/xtb_rrho.
2025-04-11 12:14:14,287 -   censo.qm_processor   -   INFO   - worker430372:Running xtb_rrho calculation in /srv/scratch/z5358697/.automated/5967/2_OPTIMIZATION/CONF35/xtb_rrho.
2025-04-11 12:14:14,305 -   censo.qm_processor   -   INFO   - worker430354:Running xtb_rrho calculation in /srv/scratch/z5358697/.automated/5967/2_OPTIMIZATION/CONF24/xtb_rrho.
2025-04-11 12:14:14,558 -   censo.qm_processor   -   INFO   - worker430369:Running xtb_rrho calculation in /srv/scratch/z5358697/.automated/5967/2_OPTIMIZATION/CONF29/xtb_rrho.
2025-04-11 12:14:14,783 -   censo.qm_processor   -   INFO   - worker430366:Running xtb_rrho calculation in /srv/scratch/z5358697/.automated/5967/2_OPTIMIZATION/CONF46/xtb_rrho.
2025-04-11 12:14:15,449 -   censo.qm_processor   -   INFO   - worker430385:Running xtb_rrho calculation in /srv/scratch/z5358697/.automated/5967/2_OPTIMIZATION/CONF52/xtb_rrho.
2025-04-11 12:14:15,621 -   censo.qm_processor   -   INFO   - worker430376:Running xtb_rrho calculation in /srv/scratch/z5358697/.automated/5967/2_OPTIMIZATION/CONF25/xtb_rrho.
2025-04-11 12:14:15,782 -   censo.qm_processor   -   INFO   - worker430352:Running xtb_rrho calculation in /srv/scratch/z5358697/.automated/5967/2_OPTIMIZATION/CONF22/xtb_rrho.
2025-04-11 12:14:15,790 -   censo.qm_processor   -   INFO   - worker430387:Running xtb_rrho calculation in /srv/scratch/z5358697/.automated/5967/2_OPTIMIZATION/CONF44/xtb_rrho.
2025-04-11 12:14:15,970 -   censo.qm_processor   -   INFO   - worker430351:Running xtb_rrho calculation in /srv/scratch/z5358697/.automated/5967/2_OPTIMIZATION/CONF41/xtb_rrho.
2025-04-11 12:14:16,037 -   censo.qm_processor   -   INFO   - worker430391:Running xtb_rrho calculation in /srv/scratch/z5358697/.automated/5967/2_OPTIMIZATION/CONF43/xtb_rrho.
2025-04-11 12:14:16,188 -   censo.qm_processor   -   INFO   - worker430379:Running xtb_rrho calculation in /srv/scratch/z5358697/.automated/5967/2_OPTIMIZATION/CONF53/xtb_rrho.
2025-04-11 12:14:16,218 -   censo.qm_processor   -   INFO   - worker430369:Running xtb_rrho calculation in /srv/scratch/z5358697/.automated/5967/2_OPTIMIZATION/CONF49/xtb_rrho.
2025-04-11 12:14:16,324 -   censo.qm_processor   -   INFO   - worker430357:Running xtb_rrho calculation in /srv/scratch/z5358697/.automated/5967/2_OPTIMIZATION/CONF34/xtb_rrho.
2025-04-11 12:14:16,350 -   censo.qm_processor   -   INFO   - worker430393:Running xtb_rrho calculation in /srv/scratch/z5358697/.automated/5967/2_OPTIMIZATION/CONF21/xtb_rrho.
2025-04-11 12:14:16,380 -   censo.qm_processor   -   INFO   - worker430363:Running xtb_rrho calculation in /srv/scratch/z5358697/.automated/5967/2_OPTIMIZATION/CONF33/xtb_rrho.
2025-04-11 12:14:17,090 -   censo.qm_processor   -   INFO   - worker430385:Running xtb_rrho calculation in /srv/scratch/z5358697/.automated/5967/2_OPTIMIZATION/CONF17/xtb_rrho.
2025-04-11 12:14:17,150 -   censo.qm_processor   -   INFO   - worker430381:Running xtb_rrho calculation in /srv/scratch/z5358697/.automated/5967/2_OPTIMIZATION/CONF50/xtb_rrho.
2025-04-11 12:14:17,412 -   censo.qm_processor   -   INFO   - worker430352:Running xtb_rrho calculation in /srv/scratch/z5358697/.automated/5967/2_OPTIMIZATION/CONF54/xtb_rrho.
2025-04-11 12:14:17,471 -   censo.qm_processor   -   INFO   - worker430387:Running xtb_rrho calculation in /srv/scratch/z5358697/.automated/5967/2_OPTIMIZATION/CONF51/xtb_rrho.
2025-04-11 12:14:21,756 -     censo.parallel     -   INFO   - All jobs executed successfully.
2025-04-11 12:14:21,757 -censo.ensembleopt.optimization-   INFO   - Threshold: 2.60 kcal/mol
2025-04-11 12:14:21,781 -   censo.qm_processor   -   INFO   - worker430507:Running xtb_opt calculation in /srv/scratch/z5358697/.automated/5967/2_OPTIMIZATION/CONF19/xtb_opt.
2025-04-11 12:14:21,781 -   censo.qm_processor   -   INFO   - worker430508:Running xtb_opt calculation in /srv/scratch/z5358697/.automated/5967/2_OPTIMIZATION/CONF9/xtb_opt.
2025-04-11 12:14:21,782 -   censo.qm_processor   -   INFO   - worker430510:Running xtb_opt calculation in /srv/scratch/z5358697/.automated/5967/2_OPTIMIZATION/CONF3/xtb_opt.
2025-04-11 12:14:21,783 -   censo.qm_processor   -   INFO   - worker430513:Running xtb_opt calculation in /srv/scratch/z5358697/.automated/5967/2_OPTIMIZATION/CONF8/xtb_opt.
2025-04-11 12:14:21,783 -   censo.qm_processor   -   INFO   - worker430516:Running xtb_opt calculation in /srv/scratch/z5358697/.automated/5967/2_OPTIMIZATION/CONF1/xtb_opt.
2025-04-11 12:14:21,783 -   censo.qm_processor   -   INFO   - worker430519:Running xtb_opt calculation in /srv/scratch/z5358697/.automated/5967/2_OPTIMIZATION/CONF18/xtb_opt.
2025-04-11 12:14:21,784 -   censo.qm_processor   -   INFO   - worker430522:Running xtb_opt calculation in /srv/scratch/z5358697/.automated/5967/2_OPTIMIZATION/CONF5/xtb_opt.
2025-04-11 12:14:21,784 -   censo.qm_processor   -   INFO   - worker430525:Running xtb_opt calculation in /srv/scratch/z5358697/.automated/5967/2_OPTIMIZATION/CONF4/xtb_opt.
2025-04-11 12:14:21,785 -   censo.qm_processor   -   INFO   - worker430528:Running xtb_opt calculation in /srv/scratch/z5358697/.automated/5967/2_OPTIMIZATION/CONF10/xtb_opt.
2025-04-11 12:14:21,785 -   censo.qm_processor   -   INFO   - worker430531:Running xtb_opt calculation in /srv/scratch/z5358697/.automated/5967/2_OPTIMIZATION/CONF11/xtb_opt.
2025-04-11 12:14:21,786 -   censo.qm_processor   -   INFO   - worker430534:Running xtb_opt calculation in /srv/scratch/z5358697/.automated/5967/2_OPTIMIZATION/CONF12/xtb_opt.
2025-04-11 12:14:21,787 -   censo.qm_processor   -   INFO   - worker430537:Running xtb_opt calculation in /srv/scratch/z5358697/.automated/5967/2_OPTIMIZATION/CONF37/xtb_opt.
2025-04-11 12:14:21,787 -   censo.qm_processor   -   INFO   - worker430540:Running xtb_opt calculation in /srv/scratch/z5358697/.automated/5967/2_OPTIMIZATION/CONF2/xtb_opt.
2025-04-11 12:14:21,787 -   censo.qm_processor   -   INFO   - worker430543:Running xtb_opt calculation in /srv/scratch/z5358697/.automated/5967/2_OPTIMIZATION/CONF45/xtb_opt.
2025-04-11 12:14:21,788 -   censo.qm_processor   -   INFO   - worker430549:Running xtb_opt calculation in /srv/scratch/z5358697/.automated/5967/2_OPTIMIZATION/CONF26/xtb_opt.
2025-04-11 12:14:21,788 -   censo.qm_processor   -   INFO   - worker430545:Running xtb_opt calculation in /srv/scratch/z5358697/.automated/5967/2_OPTIMIZATION/CONF14/xtb_opt.
2025-04-11 12:15:32,827 -   censo.qm_processor   -   INFO   - worker430513:Running xtb_opt calculation in /srv/scratch/z5358697/.automated/5967/2_OPTIMIZATION/CONF23/xtb_opt.
2025-04-11 12:15:33,949 -   censo.qm_processor   -   INFO   - worker430508:Running xtb_opt calculation in /srv/scratch/z5358697/.automated/5967/2_OPTIMIZATION/CONF13/xtb_opt.
2025-04-11 12:15:35,226 -   censo.qm_processor   -   INFO   - worker430549:Running xtb_opt calculation in /srv/scratch/z5358697/.automated/5967/2_OPTIMIZATION/CONF32/xtb_opt.
2025-04-11 12:16:30,495 -   censo.qm_processor   -   INFO   - worker430537:Running xtb_opt calculation in /srv/scratch/z5358697/.automated/5967/2_OPTIMIZATION/CONF27/xtb_opt.
2025-04-11 12:16:36,652 -   censo.qm_processor   -   INFO   - worker430510:Running xtb_opt calculation in /srv/scratch/z5358697/.automated/5967/2_OPTIMIZATION/CONF20/xtb_opt.
2025-04-11 12:16:46,106 -   censo.qm_processor   -   INFO   - worker430549:Running xtb_opt calculation in /srv/scratch/z5358697/.automated/5967/2_OPTIMIZATION/CONF39/xtb_opt.
2025-04-11 12:16:56,366 -   censo.qm_processor   -   INFO   - worker430543:Running xtb_opt calculation in /srv/scratch/z5358697/.automated/5967/2_OPTIMIZATION/CONF6/xtb_opt.
2025-04-11 12:17:36,929 -   censo.qm_processor   -   INFO   - worker430525:Running xtb_opt calculation in /srv/scratch/z5358697/.automated/5967/2_OPTIMIZATION/CONF35/xtb_opt.
2025-04-11 12:17:37,217 -   censo.qm_processor   -   INFO   - worker430528:Running xtb_opt calculation in /srv/scratch/z5358697/.automated/5967/2_OPTIMIZATION/CONF24/xtb_opt.
2025-04-11 12:17:44,163 -   censo.qm_processor   -   INFO   - worker430513:Running xtb_opt calculation in /srv/scratch/z5358697/.automated/5967/2_OPTIMIZATION/CONF29/xtb_opt.
2025-04-11 12:18:36,272 -   censo.qm_processor   -   INFO   - worker430537:Running xtb_opt calculation in /srv/scratch/z5358697/.automated/5967/2_OPTIMIZATION/CONF46/xtb_opt.
2025-04-11 12:18:43,023 -   censo.qm_processor   -   INFO   - worker430510:Running xtb_opt calculation in /srv/scratch/z5358697/.automated/5967/2_OPTIMIZATION/CONF25/xtb_opt.
2025-04-11 12:18:49,698 -   censo.qm_processor   -   INFO   - worker430525:Running xtb_opt calculation in /srv/scratch/z5358697/.automated/5967/2_OPTIMIZATION/CONF22/xtb_opt.
2025-04-11 12:18:56,684 -   censo.qm_processor   -   INFO   - worker430513:Running xtb_opt calculation in /srv/scratch/z5358697/.automated/5967/2_OPTIMIZATION/CONF43/xtb_opt.
2025-04-11 12:19:02,377 -   censo.qm_processor   -   INFO   - worker430531:Running xtb_opt calculation in /srv/scratch/z5358697/.automated/5967/2_OPTIMIZATION/CONF53/xtb_opt.
2025-04-11 12:19:14,380 -   censo.qm_processor   -   INFO   - worker430540:Running xtb_opt calculation in /srv/scratch/z5358697/.automated/5967/2_OPTIMIZATION/CONF49/xtb_opt.
2025-04-11 12:19:14,648 -   censo.qm_processor   -   INFO   - worker430545:Running xtb_opt calculation in /srv/scratch/z5358697/.automated/5967/2_OPTIMIZATION/CONF34/xtb_opt.
2025-04-11 12:19:17,306 -   censo.qm_processor   -   INFO   - worker430522:Running xtb_opt calculation in /srv/scratch/z5358697/.automated/5967/2_OPTIMIZATION/CONF33/xtb_opt.
2025-04-11 12:19:17,479 -   censo.qm_processor   -   INFO   - worker430534:Running xtb_opt calculation in /srv/scratch/z5358697/.automated/5967/2_OPTIMIZATION/CONF17/xtb_opt.
2025-04-11 12:19:26,968 -   censo.qm_processor   -   INFO   - worker430516:Running xtb_opt calculation in /srv/scratch/z5358697/.automated/5967/2_OPTIMIZATION/CONF50/xtb_opt.
2025-04-11 12:19:31,672 -   censo.qm_processor   -   INFO   - worker430519:Running xtb_opt calculation in /srv/scratch/z5358697/.automated/5967/2_OPTIMIZATION/CONF54/xtb_opt.
2025-04-11 12:19:39,238 -   censo.qm_processor   -   INFO   - worker430507:Running xtb_opt calculation in /srv/scratch/z5358697/.automated/5967/2_OPTIMIZATION/CONF51/xtb_opt.
2025-04-11 12:24:18,090 -     censo.parallel     -   INFO   - All jobs executed successfully.
2025-04-11 12:24:18,091 -censo.ensembleopt.optimization-   INFO   - Threshold: 1.99 kcal/mol
2025-04-11 12:24:18,118 -   censo.qm_processor   -   INFO   - worker436912:Running xtb_opt calculation in /srv/scratch/z5358697/.automated/5967/2_OPTIMIZATION/CONF19/xtb_opt.
2025-04-11 12:24:18,119 -   censo.qm_processor   -   INFO   - worker436916:Running xtb_opt calculation in /srv/scratch/z5358697/.automated/5967/2_OPTIMIZATION/CONF18/xtb_opt.
2025-04-11 12:24:18,119 -   censo.qm_processor   -   INFO   - worker436913:Running xtb_opt calculation in /srv/scratch/z5358697/.automated/5967/2_OPTIMIZATION/CONF1/xtb_opt.
2025-04-11 12:24:18,120 -   censo.qm_processor   -   INFO   - worker436919:Running xtb_opt calculation in /srv/scratch/z5358697/.automated/5967/2_OPTIMIZATION/CONF5/xtb_opt.
2025-04-11 12:24:18,121 -   censo.qm_processor   -   INFO   - worker436936:Running xtb_opt calculation in /srv/scratch/z5358697/.automated/5967/2_OPTIMIZATION/CONF39/xtb_opt.
2025-04-11 12:24:18,121 -   censo.qm_processor   -   INFO   - worker436924:Running xtb_opt calculation in /srv/scratch/z5358697/.automated/5967/2_OPTIMIZATION/CONF2/xtb_opt.
2025-04-11 12:24:18,121 -   censo.qm_processor   -   INFO   - worker436927:Running xtb_opt calculation in /srv/scratch/z5358697/.automated/5967/2_OPTIMIZATION/CONF14/xtb_opt.
2025-04-11 12:24:18,122 -   censo.qm_processor   -   INFO   - worker436938:Running xtb_opt calculation in /srv/scratch/z5358697/.automated/5967/2_OPTIMIZATION/CONF46/xtb_opt.
2025-04-11 12:24:18,123 -   censo.qm_processor   -   INFO   - worker436944:Running xtb_opt calculation in /srv/scratch/z5358697/.automated/5967/2_OPTIMIZATION/CONF43/xtb_opt.
2025-04-11 12:24:18,123 -   censo.qm_processor   -   INFO   - worker436932:Running xtb_opt calculation in /srv/scratch/z5358697/.automated/5967/2_OPTIMIZATION/CONF6/xtb_opt.
2025-04-11 12:24:18,123 -   censo.qm_processor   -   INFO   - worker436941:Running xtb_opt calculation in /srv/scratch/z5358697/.automated/5967/2_OPTIMIZATION/CONF22/xtb_opt.
2025-04-11 12:24:18,123 -   censo.qm_processor   -   INFO   - worker436951:Running xtb_opt calculation in /srv/scratch/z5358697/.automated/5967/2_OPTIMIZATION/CONF53/xtb_opt.
2025-04-11 12:24:18,124 -   censo.qm_processor   -   INFO   - worker436953:Running xtb_opt calculation in /srv/scratch/z5358697/.automated/5967/2_OPTIMIZATION/CONF33/xtb_opt.
2025-04-11 12:24:18,124 -   censo.qm_processor   -   INFO   - worker436948:Running xtb_opt calculation in /srv/scratch/z5358697/.automated/5967/2_OPTIMIZATION/CONF17/xtb_opt.
2025-04-11 12:24:18,157 -   censo.qm_processor   -   INFO   - worker436930:Running xtb_opt calculation in /srv/scratch/z5358697/.automated/5967/2_OPTIMIZATION/CONF13/xtb_opt.
2025-04-11 12:24:18,194 -   censo.qm_processor   -   INFO   - worker436921:Running xtb_opt calculation in /srv/scratch/z5358697/.automated/5967/2_OPTIMIZATION/CONF12/xtb_opt.
2025-04-11 12:25:27,827 -   censo.qm_processor   -   INFO   - worker436924:Running xtb_opt calculation in /srv/scratch/z5358697/.automated/5967/2_OPTIMIZATION/CONF50/xtb_opt.
2025-04-11 12:29:40,535 -     censo.parallel     -   INFO   - All jobs executed successfully.
2025-04-11 12:29:40,537 -censo.ensembleopt.optimization-   INFO   - Threshold: 1.62 kcal/mol
2025-04-11 12:29:40,562 -   censo.qm_processor   -   INFO   - worker520310:Running xtb_opt calculation in /srv/scratch/z5358697/.automated/5967/2_OPTIMIZATION/CONF18/xtb_opt.
2025-04-11 12:29:40,562 -   censo.qm_processor   -   INFO   - worker520313:Running xtb_opt calculation in /srv/scratch/z5358697/.automated/5967/2_OPTIMIZATION/CONF43/xtb_opt.
2025-04-11 12:29:40,562 -   censo.qm_processor   -   INFO   - worker520311:Running xtb_opt calculation in /srv/scratch/z5358697/.automated/5967/2_OPTIMIZATION/CONF22/xtb_opt.
2025-04-11 12:29:40,562 -   censo.qm_processor   -   INFO   - worker520316:Running xtb_opt calculation in /srv/scratch/z5358697/.automated/5967/2_OPTIMIZATION/CONF17/xtb_opt.
2025-04-11 12:34:16,872 -     censo.parallel     -   INFO   - All jobs executed successfully.
2025-04-11 12:34:16,873 -censo.ensembleopt.optimization-   INFO   - Threshold: 1.56 kcal/mol
2025-04-11 12:34:16,897 -   censo.qm_processor   -   INFO   - worker658310:Running xtb_opt calculation in /srv/scratch/z5358697/.automated/5967/2_OPTIMIZATION/CONF22/xtb_opt.
2025-04-11 12:34:16,898 -   censo.qm_processor   -   INFO   - worker658311:Running xtb_opt calculation in /srv/scratch/z5358697/.automated/5967/2_OPTIMIZATION/CONF17/xtb_opt.
2025-04-11 12:38:35,208 -     censo.parallel     -   INFO   - All jobs executed successfully.
2025-04-11 12:38:35,208 -censo.ensembleopt.optimization-   INFO   - Threshold: 1.53 kcal/mol
2025-04-11 12:38:35,232 -   censo.qm_processor   -   INFO   - worker694134:Running xtb_opt calculation in /srv/scratch/z5358697/.automated/5967/2_OPTIMIZATION/CONF22/xtb_opt.
2025-04-11 12:41:55,406 -     censo.parallel     -   INFO   - All jobs executed successfully.
2025-04-11 12:41:55,407 -censo.ensembleopt.optimization-   INFO   - Threshold: 1.50 kcal/mol
2025-04-11 12:41:55,436 -   censo.qm_processor   -   INFO   - worker694881:Running xtb_rrho calculation in /srv/scratch/z5358697/.automated/5967/2_OPTIMIZATION/CONF22/xtb_rrho.
2025-04-11 12:41:55,444 -   censo.qm_processor   -   INFO   - worker694863:Running xtb_rrho calculation in /srv/scratch/z5358697/.automated/5967/2_OPTIMIZATION/CONF18/xtb_rrho.
2025-04-11 12:41:55,445 -   censo.qm_processor   -   INFO   - worker694848:Running xtb_rrho calculation in /srv/scratch/z5358697/.automated/5967/2_OPTIMIZATION/CONF16/xtb_rrho.
2025-04-11 12:41:55,450 -   censo.qm_processor   -   INFO   - worker694869:Running xtb_rrho calculation in /srv/scratch/z5358697/.automated/5967/2_OPTIMIZATION/CONF4/xtb_rrho.
2025-04-11 12:41:55,453 -   censo.qm_processor   -   INFO   - worker694860:Running xtb_rrho calculation in /srv/scratch/z5358697/.automated/5967/2_OPTIMIZATION/CONF1/xtb_rrho.
2025-04-11 12:41:55,454 -   censo.qm_processor   -   INFO   - worker694879:Running xtb_rrho calculation in /srv/scratch/z5358697/.automated/5967/2_OPTIMIZATION/CONF12/xtb_rrho.
2025-04-11 12:41:55,454 -   censo.qm_processor   -   INFO   - worker694875:Running xtb_rrho calculation in /srv/scratch/z5358697/.automated/5967/2_OPTIMIZATION/CONF11/xtb_rrho.
2025-04-11 12:41:55,457 -   censo.qm_processor   -   INFO   - worker694872:Running xtb_rrho calculation in /srv/scratch/z5358697/.automated/5967/2_OPTIMIZATION/CONF10/xtb_rrho.
2025-04-11 12:41:55,457 -   censo.qm_processor   -   INFO   - worker694854:Running xtb_rrho calculation in /srv/scratch/z5358697/.automated/5967/2_OPTIMIZATION/CONF3/xtb_rrho.
2025-04-11 12:41:55,458 -   censo.qm_processor   -   INFO   - worker694857:Running xtb_rrho calculation in /srv/scratch/z5358697/.automated/5967/2_OPTIMIZATION/CONF8/xtb_rrho.
2025-04-11 12:41:55,459 -   censo.qm_processor   -   INFO   - worker694851:Running xtb_rrho calculation in /srv/scratch/z5358697/.automated/5967/2_OPTIMIZATION/CONF9/xtb_rrho.
2025-04-11 12:41:55,543 -   censo.qm_processor   -   INFO   - worker694866:Running xtb_rrho calculation in /srv/scratch/z5358697/.automated/5967/2_OPTIMIZATION/CONF5/xtb_rrho.
2025-04-11 12:41:56,085 -   censo.qm_processor   -   INFO   - worker694849:Running xtb_rrho calculation in /srv/scratch/z5358697/.automated/5967/2_OPTIMIZATION/CONF19/xtb_rrho.
2025-04-11 12:41:58,787 -     censo.parallel     -   INFO   - All jobs executed successfully.
