18
 energy: -20.895867504147 gnorm: 0.029244346794 xtb: 6.7.1 (edcfbbe)
C            2.22499930278485       -0.30852596627231       -0.78044676996456
C            1.52791742121381       -0.60371299111009        0.54604156786644
C            0.34300700093216        0.32346887401485        0.83641573825225
C           -0.75931079064293        0.31443189101020       -0.22098684994884
H           -0.36471449353881        0.69163438974979       -1.17118648391398
C           -1.37244583278441       -1.05901241503647       -0.43613636636523
O           -1.78640606575255        1.27493562646035        0.13893128830997
H            1.57488399075299       -0.51577077863806       -1.63689838617667
H            3.12437233577429       -0.92215909718714       -0.89520030651052
H            2.52697240787508        0.74373198517403       -0.83834155136062
H            1.19665246795191       -1.64903183514792        0.56461535023523
H            2.25038573038475       -0.49895998923117        1.36417060369397
H           -0.11092240330317        0.04445445615670        1.79806777331978
H            0.70780090230934        1.35400437202639        0.93761599145891
H           -2.19685800845756       -1.00147855581288       -1.15349792304361
H           -0.63248037966410       -1.76434864615076       -0.82740467322859
H           -1.75756018048651       -1.45829994743019        0.51031628166495
H           -2.14752339480592        0.99031341686877        0.99009066319773
18
 energy: -20.896749928694 gnorm: 0.014136528795 xtb: 6.7.1 (edcfbbe)
C            2.22527119860711       -0.30425014890943       -0.77705860790929
C            1.52867456159170       -0.60541369996413        0.54321429354528
C            0.34608978468052        0.31947607775877        0.83434958924530
C           -0.75913151702948        0.31255000926853       -0.22481115208454
H           -0.37183510253974        0.69439564560228       -1.17477179287543
C           -1.37762952759649       -1.06296010042689       -0.43120508357834
O           -1.77150828752804        1.26816160528043        0.12902670137577
H            1.57432892827751       -0.51429458007924       -1.62439183324198
H            3.11971853348873       -0.91725571276645       -0.88051791623897
H            2.52154253637326        0.74347044987838       -0.82580657622269
H            1.19580726473655       -1.64635634375051        0.55218186983715
H            2.25015828745729       -0.49201112153325        1.35723753588847
H           -0.09384855075938        0.03294491742629        1.79604503124426
H            0.70828004057236        1.34740538317800        0.93259594794965
H           -2.20341711899649       -0.99525618971529       -1.13769872055902
H           -0.64097749239012       -1.75656101301839       -0.83050126580996
H           -1.75557962265712       -1.46097203858395        0.51128984815155
H           -2.14717390574495        0.99260164979894        0.97698807876938
18
 energy: -20.896962780107 gnorm: 0.003750368620 xtb: 6.7.1 (edcfbbe)
C            2.23008405446318       -0.30062547503428       -0.77656501951739
C            1.53067077179680       -0.60801641407013        0.54119508480616
C            0.34781834121114        0.31531686033846        0.83420244986060
C           -0.76329241063911        0.31275314450126       -0.22317918928152
H           -0.37362504994232        0.68840440772732       -1.17405529607916
C           -1.38209985269014       -1.06697240719502       -0.42736661892958
O           -1.76157652942385        1.26815849171552        0.12126644631214
H            1.58038609241450       -0.50934146557639       -1.62118013795727
H            3.12320263604313       -0.91145001152984       -0.87573320895766
H            2.52187095777297        0.74527557580571       -0.81718314998874
H            1.19619920512968       -1.64595628306889        0.54249222471117
H            2.24883316961516       -0.49444063771287        1.35593117133712
H           -0.08869584618375        0.02524612715652        1.79376167969727
H            0.70790086471346        1.34222114028666        0.93032826325788
H           -2.21355823571878       -0.99163603423451       -1.12312318997816
H           -0.64939663192386       -1.75434752085354       -0.83575739556991
H           -1.74954370511389       -1.46195172275877        0.51660852892810
H           -2.15640782098111        1.00303701394689        0.96452330483556
18
 energy: -20.897007755036 gnorm: 0.001827811529 xtb: 6.7.1 (edcfbbe)
C            2.23378364006416       -0.29738603999473       -0.77598604286043
C            1.53062769959203       -0.61026954928760        0.53981507010584
C            0.34807611438834        0.31340763480544        0.83451060057666
C           -0.76441870918360        0.31317369550449       -0.22346553301772
H           -0.37046718480539        0.68139851436949       -1.17608219501864
C           -1.38563955510490       -1.06807541126991       -0.42394974399029
O           -1.75711226000182        1.27026651002268        0.11644030954768
H            1.58617963947426       -0.50404681127059       -1.62285356018354
H            3.12785401372028       -0.90707882806228       -0.87468622557093
H            2.52443738635831        0.74917174985500       -0.81186717789665
H            1.19559650481627       -1.64792906651510        0.53600736892609
H            2.24698009430698       -0.50051252661118        1.35655971841598
H           -0.08904060673967        0.02234562823230        1.79338033752936
H            0.70828627622179        1.34024195277278        0.93122171414855
H           -2.22324112367443       -0.99103396275909       -1.11258291900155
H           -0.65616208769922       -1.75417528483013       -0.83995644714992
H           -1.74443902169466       -1.46371450336030        0.52330869994376
H           -2.16253080949552        1.00989108784283        0.95635197298235
18
 energy: -20.897047796621 gnorm: 0.003589643997 xtb: 6.7.1 (edcfbbe)
C            2.24105858147670       -0.29025191780804       -0.77359305094151
C            1.52999525846494       -0.61442335471809        0.53682300678111
C            0.34821112301721        0.30959457309548        0.83461291073341
C           -0.76540364897377        0.31253673710755       -0.22439567174723
H           -0.36312714944874        0.66578533875056       -1.18029166342918
C           -1.39267372059652       -1.06942473638267       -0.41641537895110
O           -1.74949168109754        1.27736751934486        0.10536048860251
H            1.59912039079375       -0.49167107617182       -1.62738300550837
H            3.13774733696965       -0.89759472669578       -0.87261081330985
H            2.53038261375931        0.75806547003601       -0.80018664457941
H            1.19307652724248       -1.65197360023803        0.52130187541016
H            2.24322593073295       -0.51566644253452        1.35838911836716
H           -0.09094052166617        0.01734692847864        1.79275158476486
H            0.70948301905785        1.33641494993963        0.93395201093968
H           -2.24504189683296       -0.99036857492257       -1.08831645637032
H           -0.67188727057586       -1.75525524019715       -0.85020329494564
H           -1.73162673786774       -1.46839252962233        0.53820904413170
H           -2.17333814391235        1.02358547198241        0.93816188753862
18
 energy: -20.897064042976 gnorm: 0.002637226615 xtb: 6.7.1 (edcfbbe)
C            2.24315099562653       -0.28777177446791       -0.77220543751849
C            1.52956305925616       -0.61549304983292        0.53552935528178
C            0.34810839245006        0.30835131708158        0.83407038843292
C           -0.76460441452137        0.31097769940669       -0.22537710672738
H           -0.36162033351989        0.66154982840916       -1.18175449332599
C           -1.39492524572756       -1.06953040443097       -0.41383462435604
O           -1.74731735415187        1.27949071811310        0.10159065836932
H            1.60334534712520       -0.48719330085470       -1.62815059707882
H            3.14039088881784       -0.89441260898585       -0.87122094200339
H            2.53224909256507        0.76073761307295       -0.79591282031830
H            1.19179805150644       -1.65281410690359        0.51613830276746
H            2.24158152119626       -0.52026690273775        1.35866517246952
H           -0.09117836311790        0.01587796051897        1.79222527613468
H            0.70948054375694        1.33515142406323        0.93408977081824
H           -2.25120717347172       -0.98967388121148       -1.08044381434000
H           -0.67790784829744       -1.75630077655592       -0.85242984688246
H           -1.72846708421436       -1.46916024113525        0.54234261262814
H           -2.17367006473519        1.02615527589480        0.93284409313540
18
 energy: -20.897088913157 gnorm: 0.000763640244 xtb: 6.7.1 (edcfbbe)
C            2.24811785773216       -0.28238520596532       -0.76887092413926
C            1.52896480259120       -0.61788641916413        0.53274906862422
C            0.34795458391656        0.30569440349440        0.83198737819346
C           -0.76287929625471        0.30705679906028       -0.22796274259161
H           -0.35949216200030        0.65268543177685       -1.18534170670960
C           -1.39999857213406       -1.06988069412364       -0.40830918138082
O           -1.74304794463809        1.28345519786657        0.09354701233929
H            1.61294480106369       -0.47730363278012       -1.62915336490752
H            3.14619828538350       -0.88765031952335       -0.86720417846009
H            2.53656196214585        0.76626642321058       -0.78549677202276
H            1.18885932119658       -1.65422865648535        0.50439970207387
H            2.23768479809917       -0.53010026178083        1.35959576182606
H           -0.09107533184246        0.01279253078919        1.79014447766101
H            0.70919238564456        1.33242210188156        0.93273483506913
H           -2.26508732145999       -0.98697586043146       -1.06253452910746
H           -0.69182033944556       -1.75868755800853       -0.85796028243237
H           -1.72103560247945       -1.47015057481487        0.55153570104172
H           -2.17327221697550        1.03055108444231        0.92230569240936
18
 energy: -20.897099250216 gnorm: 0.001194446357 xtb: 6.7.1 (edcfbbe)
C            2.25488000440337       -0.27663854610079       -0.76541546109604
C            1.52840358114563       -0.62074633538539        0.52956039536963
C            0.34773345303463        0.30307612529360        0.82920800137438
C           -0.76216652772559        0.30331222474736       -0.23088814732380
H           -0.35845966605737        0.64334344000429       -1.18984464082558
C           -1.40626835895939       -1.07081024971190       -0.40276139252278
O           -1.73887879642476        1.28657808787054        0.08598614738780
H            1.62463192955751       -0.46611480941163       -1.63028217075986
H            3.15361371893191       -0.88076024687188       -0.86256423782032
H            2.54281297108271        0.77206414291572       -0.77334848715805
H            1.18595104600676       -1.65588790201565        0.49157863507182
H            2.23286821793863       -0.54027613553699        1.36065623859195
H           -0.09103717526344        0.01013533021699        1.78731641354624
H            0.70913531971042        1.32961392867964        0.92977171806077
H           -2.28019514114989       -0.98440095549823       -1.04429786077407
H           -0.70732965217452       -1.76174930680661       -0.86316098882427
H           -1.71466249998192       -1.47073638687257        0.56106307630203
H           -2.17226241353155        1.03567238392768        0.91358870888678
18
 energy: -20.897104028024 gnorm: 0.000650202885 xtb: 6.7.1 (edcfbbe)
C            2.25797156857916       -0.27482854701098       -0.76429991498770
C            1.52838167816883       -0.62173763568053        0.52844214729589
C            0.34761956553743        0.30241098781384        0.82756844208287
C           -0.76325883582565        0.30248464568370       -0.23178669086601
H           -0.35975083783844        0.64044215601620       -1.19167022654229
C           -1.40884343210855       -1.07159233905087       -0.40141771351541
O           -1.73857783295613        1.28661458123193        0.08465106891110
H            1.62941310525060       -0.46150402615925       -1.63094745009628
H            3.15649430860416       -0.87933259985336       -0.86081298694219
H            2.54659133600102        0.77367517842698       -0.76853000446937
H            1.18539229094986       -1.65643622327030        0.48718429300026
H            2.23103474892290       -0.54350228891341        1.36114837075473
H           -0.09099341399417        0.01006937709441        1.78586865989365
H            0.70933072209437        1.32888790707217        0.92726482555693
H           -2.28417126874401       -0.98432354452634       -1.04049738161541
H           -0.71211409089891       -1.76341671104784       -0.86317744907201
H           -1.71506662912055       -1.47047750469347        0.56333951665572
H           -2.17068297207879        1.03824137631130        0.91383844144214
18
 energy: -20.897109414127 gnorm: 0.000338954764 xtb: 6.7.1 (edcfbbe)
C            2.26163616121735       -0.27293372890709       -0.76298328660902
C            1.52789869960737       -0.62256917000455        0.52695572202453
C            0.34726946045856        0.30211539264893        0.82538600664546
C           -0.76508416850852        0.30140847396979       -0.23279348223377
H           -0.36261616668982        0.63770310889635       -1.19383798618195
C           -1.41165409255200       -1.07295537315110       -0.40052887980729
O           -1.73919752947784        1.28558554497705        0.08429916158671
H            1.63470491622087       -0.45516242530500       -1.63175831522442
H            3.15905299005812       -0.87921746931081       -0.85921702912794
H            2.55269466104896        0.77493642391883       -0.76280326511577
H            1.18433304720701       -1.65686272504120        0.48224068804715
H            2.22824988397117       -0.54671393820863        1.36174210966038
H           -0.09092074247128        0.01122691556414        1.78436270944623
H            0.70944792544720        1.32863870045792        0.92325521403978
H           -2.28705185638072       -0.98537948751889       -1.03949293631649
H           -0.71551394058057       -1.76594626536833       -0.86133441175016
H           -1.71814739828769       -1.46980337607504        0.56507983940269
H           -2.16633183974503        1.04160418790180        0.91759408900052
18
 energy: -20.897113545737 gnorm: 0.000545482652 xtb: 6.7.1 (edcfbbe)
C            2.26512461683732       -0.27060170798556       -0.76146051118722
C            1.52743029402963       -0.62348507675572        0.52534994774457
C            0.34692503733351        0.30161944842212        0.82285761240541
C           -0.76698807890562        0.30013621111865       -0.23375756631911
H           -0.36556973384776        0.63468528172056       -1.19591969055773
C           -1.41433005385902       -1.07439800047741       -0.39915500635009
O           -1.74029340106467        1.28486677097997        0.08331670487438
H            1.63959796336386       -0.44667200845334       -1.63259228473132
H            3.16068038892146       -0.87959112666606       -0.85823761682437
H            2.55990154458635        0.77627616378317       -0.75585695023193
H            1.18288403640440       -1.65725921854475        0.47632802980996
H            2.22551246880447       -0.55109284456428        1.36240401510829
H           -0.09061302222640        0.01230549300488        1.78262817434955
H            0.70941120268586        1.32823458200575        0.91882116289083
H           -2.28878954846822       -0.98747103560149       -1.03939614337742
H           -0.71829569025215       -1.76905199537496       -0.85751985149684
H           -1.72261583648736       -1.46887392408548        0.56683681287634
H           -2.16120217731252        1.04604777691815        0.92151910850334
18
 energy: -20.897116152114 gnorm: 0.000465088963 xtb: 6.7.1 (edcfbbe)
C            2.26760245694006       -0.26854136816198       -0.76034863721855
C            1.52663392410670       -0.62416171817463        0.52376971350591
C            0.34653027520246        0.30123749367302        0.82160191335831
C           -0.76777960866484        0.29875391030289       -0.23456578946724
H           -0.36693022248256        0.63171215256000       -1.19753536614441
C           -1.41629634993928       -1.07549675846496       -0.39778635549521
O           -1.74015949896023        1.28452758556654        0.08186955512364
H            1.64278649391941       -0.43919369180757       -1.63303545656725
H            3.16143935616298       -0.87988105314632       -0.85833327438469
H            2.56556126730868        0.77739469110029       -0.75021621901650
H            1.18139077148824       -1.65752127710340        0.47138114520781
H            2.22303349125155       -0.55463555896669        1.36243130810645
H           -0.09051514551759        0.01269123900051        1.78186087487228
H            0.70928998714412        1.32788214793609        0.91652413689761
H           -2.29028002873400       -0.98921388832880       -1.03900717110038
H           -0.72027297852320       -1.77156365984349       -0.85421159388785
H           -1.72573355657054       -1.46773259049336        0.56884192988751
H           -2.15753062358883        1.04941713379605        0.92292523380920
18
 energy: -20.897118283909 gnorm: 0.000234853084 xtb: 6.7.1 (edcfbbe)
C            2.26901833870790       -0.26663304793338       -0.75957031788103
C            1.52644273991603       -0.62483537068686        0.52275285242075
C            0.34639787120810        0.30046660050220        0.82077818096081
C           -0.76806816442126        0.29771261538187       -0.23510049337100
H           -0.36712055779012        0.62907109725831       -1.19853424479676
C           -1.41767219653226       -1.07614412614168       -0.39621253509995
O           -1.73967425865128        1.28496436397731        0.07988403798799
H            1.64445916544734       -0.43265045727793       -1.63332995121810
H            3.16130860327181       -0.87995323712559       -0.85909414732484
H            2.56970991844325        0.77845591958018       -0.74567124220534
H            1.18058020023101       -1.65785692499923        0.46752202214869
H            2.22185013580426       -0.55773094458154        1.36247353898398
H           -0.09035136071926        0.01199090865871        1.78118598908725
H            0.70909376783280        1.32714433821253        0.91552871235004
H           -2.29119663759257       -0.99040236142552       -1.03828375883749
H           -0.72180956511530       -1.77361713444436       -0.85101064478124
H           -1.72814823063960       -1.46649027551086        0.57090133176159
H           -2.15604975885773        1.05218282600005        0.92194661730128
18
 energy: -20.897120332353 gnorm: 0.000148393041 xtb: 6.7.1 (edcfbbe)
C            2.27024632033471       -0.26479078625308       -0.75909551663459
C            1.52647882217041       -0.62536736450632        0.52175453575937
C            0.34631181933672        0.29949056906157        0.82059457985204
C           -0.76786927162246        0.29664517636482       -0.23547800532149
H           -0.36634663827683        0.62617250350460       -1.19924740756502
C           -1.41914170249521       -1.07651096143938       -0.39453053506723
O           -1.73837418713654        1.28583554381984        0.07760542994230
H            1.64555457305256       -0.42656067047961       -1.63352504275228
H            3.16120604672213       -0.87974468334504       -0.86050835480214
H            2.57321059074314        0.77956084219766       -0.74171898178861
H            1.18048316107190       -1.65820631532034        0.46415777974821
H            2.22124300830342       -0.56017320817191        1.36214508986010
H           -0.09034755407479        0.01046507165009        1.78087900291660
H            0.70879180018308        1.32620082432265        0.91580996087438
H           -2.29201037022738       -0.99122003006955       -1.03751274677063
H           -0.72376022509593       -1.77571629280304       -0.84740919214357
H           -1.73084814634214       -1.46479993543491        0.57296428534792
H           -2.15605803610367        1.05439450634615        0.91928106603127
18
 energy: -20.897122215116 gnorm: 0.000199632718 xtb: 6.7.1 (edcfbbe)
C            2.27144709024248       -0.26282922150639       -0.75873346659476
C            1.52691167733594       -0.62594944217272        0.52093592263730
C            0.34635918098404        0.29819336291758        0.82044618369107
C           -0.76755763369768        0.29560342159049       -0.23590158207621
H           -0.36531720242378        0.62307080437654       -1.20003658399743
C           -1.42091219805269       -1.07670140580159       -0.39281198521854
O           -1.73662623275701        1.28689294575040        0.07527926502526
H            1.64670145645637       -0.42099048909953       -1.63375644632786
H            3.16131074877405       -0.87906746904957       -0.86178385574092
H            2.57628696907849        0.78089449589231       -0.73828722785474
H            1.18108449826061       -1.65873398445546        0.46128693040167
H            2.22111736063433       -0.56212052973687        1.36190095260055
H           -0.09020192695553        0.00814709457107        1.78044889861432
H            0.70839107931966        1.32497255581135        0.91656450031919
H           -2.29319892592756       -0.99132642201935       -1.03666544984171
H           -0.72618615102862       -1.77788910400486       -0.84376769187031
H           -1.73390187452450       -1.46254796345225        0.57530754413517
H           -2.15693790517549        1.05605613983305        0.91574003958459
18
 energy: -20.897123700354 gnorm: 0.000192630724 xtb: 6.7.1 (edcfbbe)
C            2.27283173215899       -0.26125241720069       -0.75854052785513
C            1.52753163595657       -0.62630566213057        0.52013216521801
C            0.34637138781647        0.29690086470047        0.82036259935015
C           -0.76738776390463        0.29473222634123       -0.23616794046668
H           -0.36441370268714        0.62036042875109       -1.20059936148764
C           -1.42280437879311       -1.07675148041883       -0.39133352316517
O           -1.73500610775801        1.28792861524788        0.07353456443810
H            1.64817205410544       -0.41689273088839       -1.63405489968295
H            3.16217512037424       -0.87807515920684       -0.86271349966857
H            2.57857463730682        0.78215020415349       -0.73563250770866
H            1.18219878681628       -1.65916222665769        0.45879714044012
H            2.22126124359359       -0.56338758754107        1.36156303391493
H           -0.09024839151402        0.00585016990596        1.78002719457299
H            0.70788124559588        1.32377514707205        0.91734879477575
H           -2.29410693224508       -0.99121446657153       -1.03638973203037
H           -0.72877526338068       -1.78003498351347       -0.84001170676185
H           -1.73764246384903       -1.46024447913012        0.57707879175809
H           -2.15784282904950        1.05729832653125        0.91276536184552
18
 energy: -20.897124806120 gnorm: 0.000134641675 xtb: 6.7.1 (edcfbbe)
C            2.27395594071115       -0.25985287733502       -0.75835391640749
C            1.52806670869132       -0.62673388954381        0.51952553284113
C            0.34648247154506        0.29582000396498        0.82016814936473
C           -0.76727394210686        0.29399663487243       -0.23644860534139
H           -0.36384585464849        0.61810602091873       -1.20120684237873
C           -1.42456061629213       -1.07674660513358       -0.39027032593337
O           -1.73362395146303        1.28864024062102        0.07232159623339
H            1.64977473135174       -0.41429548336835       -1.63441128557632
H            3.16327649538845       -0.87663363648670       -0.86285256102521
H            2.57985346237942        0.78346856047797       -0.73391511218050
H            1.18319012056710       -1.65967732770394        0.45693315709181
H            2.22132902775294       -0.56439334461084        1.36138477710625
H           -0.09004672103390        0.00387921220982        1.77959022085347
H            0.70757041684050        1.32278038032883        0.91789503541515
H           -2.29497395153885       -0.99098036079840       -1.03648041501230
H           -0.73104852915571       -1.78180639674392       -0.83686755469190
H           -1.74108863115959       -1.45811043244759        0.57844742716928
H           -2.15826716728602        1.05821409022257        0.91070666995862
18
 energy: -20.897125687238 gnorm: 0.000089657272 xtb: 6.7.1 (edcfbbe)
C            2.27502436832201       -0.25882467734833       -0.75821452059456
C            1.52851595404437       -0.62703976360253        0.51894717591258
C            0.34646053395817        0.29481091290360        0.81999815826463
C           -0.76731020392864        0.29342104671398       -0.23665560609689
H           -0.36349727141066        0.61633584368285       -1.20166295341964
C           -1.42602672603490       -1.07676667311612       -0.38941392134651
O           -1.73256749965347        1.28926088916781        0.07144923860588
H            1.65149699484609       -0.41300261331381       -1.63477982718905
H            3.16484194779223       -0.87492562684001       -0.86258416822925
H            2.58017727165779        0.78469630626992       -0.73272751409218
H            1.18403190253771       -1.66004359345924        0.45517617794063
H            2.22135722228427       -0.56526254789891        1.36120217297208
H           -0.09003463708107        0.00227426694156        1.77925164132249
H            0.70722655451050        1.32182974394996        0.91819870232290
H           -2.29559343409320       -0.99068204722098       -1.03673035280908
H           -0.73288209747232       -1.78332478511808       -0.83422298341313
H           -1.74418800390176       -1.45633328842756        0.57949921728161
H           -2.15826286583404        1.05925139616012        0.90943531005415
18
 energy: -20.897126497121 gnorm: 0.000081733694 xtb: 6.7.1 (edcfbbe)
C            2.27591207948783       -0.25778757833919       -0.75803696948465
C            1.52882268788219       -0.62747404058702        0.51840102707685
C            0.34652044269787        0.29396621042488        0.81979822689905
C           -0.76729679666357        0.29284236842191       -0.23683675784129
H           -0.36314234437291        0.61467736617437       -1.20206670095290
C           -1.42742609091419       -1.07679064310297       -0.38869373816219
O           -1.73160325908523        1.28975016777845        0.07062817524615
H            1.65329917075368       -0.41235903817525       -1.63519867615645
H            3.16656426583048       -0.87277099376914       -0.86190834191404
H            2.57980321368413        0.78610299450147       -0.73186991253482
H            1.18462726064466       -1.66050965609738        0.45345665559672
H            2.22122388981010       -0.56634053561985        1.36106270316547
H           -0.08996758729153        0.00088861547496        1.77887976539479
H            0.70705207744448        1.32103847230287        0.91844986262400
H           -2.29613047372471       -0.99060308991018       -1.03712123221174
H           -0.73458730048613       -1.78472148619439       -0.83171508600302
H           -1.74716709746097       -1.45475566792063        0.58031049031230
H           -2.15773412769307        1.06052132408133        0.90862645643245
18
 energy: -20.897127280909 gnorm: 0.000081990264 xtb: 6.7.1 (edcfbbe)
C            2.27675256899076       -0.25669029575590       -0.75781115225822
C            1.52903970686228       -0.62795426153373        0.51782627382719
C            0.34645064481775        0.29296923829849        0.81963014103237
C           -0.76728958848195        0.29223902385426       -0.23710723897988
H           -0.36276733250558        0.61290538980826       -1.20258570284324
C           -1.42874950152738       -1.07686392547953       -0.38794477609167
O           -1.73062005175807        1.29028994743257        0.06962447089210
H            1.65525728781624       -0.41206133537954       -1.63563590018539
H            3.16854160470236       -0.87013833553808       -0.86099170274487
H            2.57888027905287        0.78770551531213       -0.73108277724428
H            1.18503830488856       -1.66095802980715        0.45154850274402
H            2.22097566487106       -0.56766452048789        1.36092466052972
H           -0.08995747648652       -0.00058229959750        1.77860949949458
H            0.70684286447578        1.32004810287092        0.91868132693722
H           -2.29669467846558       -0.99049567846457       -1.03738377220240
H           -0.73622280169890       -1.78613273583324       -0.82932472769190
H           -1.74993945628294       -1.45320216315448        0.58123650148216
H           -2.15676802872765        1.06226115289921        0.90795232078914
18
 energy: -20.897127962090 gnorm: 0.000071709880 xtb: 6.7.1 (edcfbbe)
C            2.27753558658051       -0.25557999718022       -0.75755047993191
C            1.52920750269703       -0.62847253753887        0.51723723986250
C            0.34641528663266        0.29206011310106        0.81945671411031
C           -0.76723938269945        0.29156218432629       -0.23734033046727
H           -0.36225587729794        0.61106317233352       -1.20299586907930
C           -1.43006144790690       -1.07699755801909       -0.38718364860154
O           -1.72962375501256        1.29081650639787        0.06842699110364
H            1.65718057531699       -0.41177395361336       -1.63605323952720
H            3.17052237470376       -0.86740699155297       -0.86002568700592
H            2.57776561666692        0.78936563160887       -0.73018196575225
H            1.18538336323875       -1.66144622062023        0.44947723851334
H            2.22067243684335       -0.56912212496540        1.36078493920857
H           -0.09006228418059       -0.00202310632574        1.77822954942413
H            0.70661593679239        1.31917158278470        0.91899777582914
H           -2.29739231434415       -0.99049528575450       -1.03745197732165
H           -0.73788464398715       -1.78751675936279       -0.82713241601618
H           -1.75248016417191       -1.45185637347302        0.58216922452171
H           -2.15552879932862        1.06432650729809        0.90730188861655
18
 energy: -20.897128267165 gnorm: 0.000054739037 xtb: 6.7.1 (edcfbbe)
C            2.27796555216512       -0.25501286240368       -0.75731941266445
C            1.52918749038211       -0.62872323125725        0.51696110920512
C            0.34632073212425        0.29165062828907        0.81926748893643
C           -0.76725490225604        0.29125636014890       -0.23760013381994
H           -0.36219851134940        0.61024762412334       -1.20339307629661
C           -1.43059564837775       -1.07711082905949       -0.38677770797461
O           -1.72927846553825        1.29100904298410        0.06778881787746
H            1.65796236818476       -0.41066542522088       -1.63615628792097
H            3.17100507963797       -0.86673347909881       -0.85986377567230
H            2.57819899062043        0.78990526469234       -0.72924141462136
H            1.18535467719009       -1.66164532151680        0.44858671002549
H            2.22038656619407       -0.56982068044386        1.36075349901656
H           -0.09014960914455       -0.00249384771506        1.77803562919349
H            0.70657118391769        1.31872629147741        0.91890427115836
H           -2.29802183449748       -0.99058471019161       -1.03689782808927
H           -0.73877006652978       -1.78804313415401       -0.82659357188757
H           -1.75297865434195       -1.45153481035204        0.58274439800028
H           -2.15493493783817        1.06524790914255        0.90696723302056
18
 energy: -20.897128572705 gnorm: 0.000049869119 xtb: 6.7.1 (edcfbbe)
C            2.27838281255163       -0.25444011919588       -0.75709100163572
C            1.52914907418168       -0.62893350395232        0.51667327851825
C            0.34623843036327        0.29133501830290        0.81911834947496
C           -0.76727770921155        0.29088004616718       -0.23777720514379
H           -0.36205944925690        0.60923665039851       -1.20369761337448
C           -1.43112120954218       -1.07729344208770       -0.38638032550478
O           -1.72893289981622        1.29120728529350        0.06703169149909
H            1.65869349594334       -0.40946335840873       -1.63626354922105
H            3.17143462533035       -0.86612261652910       -0.85974980163860
H            2.57863467645850        0.79044695837132       -0.72818405964227
H            1.18528529144693       -1.66178401704957        0.44746506636008
H            2.22004019685804       -0.57065531530469        1.36076475859150
H           -0.09024003362166       -0.00296640748332        1.77783542704482
H            0.70642619885230        1.31842778849331        0.91887602863890
H           -2.29867041847021       -0.99073850458392       -1.03633218736255
H           -0.73962031293310       -1.78859828057306       -0.82611733039325
H           -1.75338352723904       -1.45128941824536        0.58333996533989
H           -2.15420923135208        1.06642602583115        0.90665445593564
18
 energy: -20.897128859441 gnorm: 0.000045098770 xtb: 6.7.1 (edcfbbe)
C            2.27888015089876       -0.25383810066143       -0.75685076666300
C            1.52912769715284       -0.62913886441554        0.51637710897006
C            0.34613912341868        0.29100483262663        0.81894667814381
C           -0.76732483450135        0.29052443853240       -0.23798497097157
H           -0.36191707535531        0.60822522176453       -1.20404551251800
C           -1.43168194373177       -1.07748879364966       -0.38593439132298
O           -1.72862525397677        1.29136852498828        0.06626012377240
H            1.65947159119918       -0.40820792308276       -1.63634182085377
H            3.17189649634149       -0.86556015114712       -0.85961802061082
H            2.57921421020857        0.79101059244658       -0.72712132544487
H            1.18519366388655       -1.66191297183027        0.44629094880657
H            2.21969126980378       -0.57151262475496        1.36078208711682
H           -0.09031106368042       -0.00345673661803        1.77762539941356
H            0.70621345322669        1.31813086512372        0.91878715454115
H           -2.29934763692563       -0.99081173497913       -1.03571550778624
H           -0.74051880628032       -1.78915338965830       -0.82563933678127
H           -1.75383738099196       -1.45109349753065        0.58398228823258
H           -2.15349365014992        1.06758510228993        0.90636581144222
18
 energy: -20.897129105718 gnorm: 0.000040171491 xtb: 6.7.1 (edcfbbe)
C            2.27937784856992       -0.25328714687288       -0.75662565177064
C            1.52911929701691       -0.62931516818412        0.51609656147722
C            0.34607437094332        0.29071659159063        0.81877180631224
C           -0.76739495220111        0.29017705270740       -0.23815572303528
H           -0.36187315280449        0.60728504484526       -1.20436052833949
C           -1.43225866587436       -1.07766831125418       -0.38557113210996
O           -1.72832401568320        1.29149528848862        0.06562134646860
H            1.66027335227765       -0.40699506310200       -1.63644522204361
H            3.17234768315159       -0.86505673007520       -0.85946599869124
H            2.57985227180601        0.79149382967212       -0.72611301930519
H            1.18513466194751       -1.66201933159778        0.44525558788141
H            2.21936774209820       -0.57224241043250        1.36078981626874
H           -0.09033828792900       -0.00385534064617        1.77743146069194
H            0.70610910231518        1.31785086474109        0.91867723515178
H           -2.30005458477804       -0.99089569809888       -1.03516242851891
H           -0.74144559376333       -1.78970741788606       -0.82521401774450
H           -1.75430897111399       -1.45085994377638        0.58452992336959
H           -2.15288809543567        1.06855867932524        0.90610593142395
18
 energy: -20.897129312646 gnorm: 0.000037471489 xtb: 6.7.1 (edcfbbe)
C            2.27984929708326       -0.25282363557040       -0.75641944923032
C            1.52912809989180       -0.62949741055431        0.51583299977294
C            0.34602077338716        0.29044082209962        0.81856506137210
C           -0.76747393328916        0.28991450299527       -0.23832933642966
H           -0.36187773298587        0.60653338433308       -1.20466372900882
C           -1.43276082040675       -1.07779416004424       -0.38519856444628
O           -1.72808585986924        1.29162341873424        0.06511772814135
H            1.66101391030902       -0.40589754811148       -1.63653774192549
H            3.17276643079392       -0.86466164608878       -0.85933270107685
H            2.58046195969563        0.79189719961124       -0.72515535961000
H            1.18514184739464       -1.66215168334445        0.44431286818028
H            2.21910087374913       -0.57289219355253        1.36078447765349
H           -0.09037117986057       -0.00419302366724        1.77721619280203
H            0.70599433802143        1.31759473343100        0.91849416379353
H           -2.30063811254321       -0.99092646237814       -1.03466756790032
H           -0.74224912090705       -1.79017309150047       -0.82476320400703
H           -1.75477326637254       -1.45061053058112        0.58506336593810
H           -2.15247749354849        1.06929211363293        0.90584674346760
18
 energy: -20.897129493709 gnorm: 0.000035487201 xtb: 6.7.1 (edcfbbe)
C            2.28029902640856       -0.25239190406969       -0.75623859839142
C            1.52913602236590       -0.62965731566109        0.51558424270097
C            0.34600148773340        0.29021358730566        0.81838849196917
C           -0.76753196128654        0.28965962888667       -0.23847070776424
H           -0.36190457274567        0.60585339803726       -1.20493183977272
C           -1.43324693734756       -1.07789337296541       -0.38487451900857
O           -1.72783824379181        1.29173390435826        0.06471596240817
H            1.66169207989555       -0.40485317076835       -1.63662230742645
H            3.17313400232679       -0.86433521504931       -0.85924621465199
H            2.58109987819282        0.79225808088132       -0.72430347244253
H            1.18510735207948       -1.66225770380967        0.44347737367976
H            2.21884499917465       -0.57348421897512        1.36078062704803
H           -0.09035366434822       -0.00446015078001        1.77704423503697
H            0.70596662098915        1.31737105660835        0.91833067979610
H           -2.30116675713008       -0.99097638047234       -1.03428531119738
H           -0.74298213486576       -1.79060795013952       -0.82428095607111
H           -1.75527147234407       -1.45031502923881        0.58553618775746
H           -2.15221571476351        1.06981754529606        0.90556207381643
18
 energy: -20.897129661435 gnorm: 0.000033720843 xtb: 6.7.1 (edcfbbe)
C            2.28072642486509       -0.25199598427329       -0.75607453412938
C            1.52916634865925       -0.62981566411501        0.51534599141758
C            0.34599460113139        0.28998768153192        0.81821023953627
C           -0.76759977438985        0.28944806361808       -0.23858788011239
H           -0.36194490567924        0.60524122416121       -1.20516685094602
C           -1.43368835234742       -1.07796929074439       -0.38453982373877
O           -1.72761884553870        1.29187907160501        0.06435851469114
H            1.66232562302170       -0.40381658532174       -1.63671373043451
H            3.17346755292698       -0.86405427940030       -0.85919247975622
H            2.58173638762593        0.79256929762608       -0.72345678833705
H            1.18510148380683       -1.66235959379351        0.44264527725280
H            2.21863901478235       -0.57408631765154        1.36076482123282
H           -0.09031695142444       -0.00470867740219        1.77687766137932
H            0.70594015430294        1.31715008684890        0.91815143026063
H           -2.30159185571198       -0.99102211272088       -1.03396256731911
H           -0.74364703960283       -1.79104445442301       -0.82371180236810
H           -1.75581635091820       -1.44997161681268        0.58599493311143
H           -2.15210350496670        1.07024394071158        0.90522353574623
18
 energy: -20.897129821346 gnorm: 0.000031815050 xtb: 6.7.1 (edcfbbe)
C            2.28114742544160       -0.25159356105698       -0.75592203330150
C            1.52917887417945       -0.62997942522019        0.51508705081366
C            0.34600342082749        0.28978369833238        0.81805839224771
C           -0.76763047844524        0.28922716492894       -0.23870135972637
H           -0.36194452342823        0.60463077209461       -1.20539498017959
C           -1.43413746632045       -1.07803082342931       -0.38418955553739
O           -1.72736508387679        1.29200232659124        0.06401647668856
H            1.66292776531282       -0.40275846931169       -1.63679896645596
H            3.17377363508708       -0.86379982801141       -0.85917708423206
H            2.58238755415078        0.79288718029125       -0.72261947020308
H            1.18507800508154       -1.66247134355040        0.44180243096597
H            2.21841874760213       -0.57468602572023        1.36072217551279
H           -0.09026346050122       -0.00494903439664        1.77673487578729
H            0.70592775101692        1.31695553232232        0.91800303271069
H           -2.30196694296273       -0.99107086884548       -1.03371329315104
H           -0.74427424472324       -1.79147171434276       -0.82304405486815
H           -1.75644469130195       -1.44957816256542        0.58646510646127
H           -2.15204627659689        1.07057737133401        0.90483720395386
18
 energy: -20.897129972725 gnorm: 0.000029849223 xtb: 6.7.1 (edcfbbe)
C            2.28155988239709       -0.25118629340339       -0.75578236600398
C            1.52922934919573       -0.63013409167360        0.51485065393634
C            0.34601569970931        0.28954909870352        0.81790518138562
C           -0.76768642139571        0.28901738848058       -0.23879015902799
H           -0.36195531644414        0.60401258611921       -1.20559606684075
C           -1.43457895677280       -1.07809227572324       -0.38384952905829
O           -1.72712286410511        1.29216206155700        0.06367459948524
H            1.66350796612750       -0.40168966126319       -1.63689090200174
H            3.17406492873134       -0.86354172409314       -0.85919648800029
H            2.58304197291594        0.79320402233960       -0.72180639970314
H            1.18506986455480       -1.66256341825679        0.44098632947476
H            2.21824713843395       -0.57529212269825        1.36069917265798
H           -0.09019570566387       -0.00522551062806        1.77659106954740
H            0.70592690247086        1.31672240444765        0.91786660987785
H           -2.30229356997128       -0.99112922746423       -1.03352669363309
H           -0.74487903400257       -1.79193642409135       -0.82230948804084
H           -1.75713448439201       -1.44913502423305        0.58691580972088
H           -2.15204734124594        1.07093300132497        0.90442461371069
18
 energy: -20.897130112064 gnorm: 0.000027782600 xtb: 6.7.1 (edcfbbe)
C            2.28194892311668       -0.25079534014036       -0.75565276712708
C            1.52926172870682       -0.63028400254256        0.51460242609638
C            0.34602106844579        0.28932872471972        0.81778195087782
C           -0.76771059669373        0.28880721427384       -0.23888909993460
H           -0.36192875425335        0.60341187865764       -1.20580187081081
C           -1.43501444609956       -1.07814678814785       -0.38350753036750
O           -1.72685252136772        1.29230439900200        0.06333260286808
H            1.66405291250442       -0.40066120222089       -1.63697838564083
H            3.17435045956450       -0.86327479309988       -0.85922098569777
H            2.58364354826538        0.79350894049401       -0.72101254335051
H            1.18510071159120       -1.66267224273860        0.44017362576108
H            2.21807625666887       -0.57585301544682        1.36063955110703
H           -0.09014481784567       -0.00551544444409        1.77646665544302
H            0.70589075133998        1.31651373966803        0.91777967470668
H           -2.30257843431189       -0.99119293940553       -1.03338246194715
H           -0.74546288946559       -1.79239726600690       -0.82153276850075
H           -1.75787577276092       -1.44868725852206        0.58734790902294
H           -2.15200811686213        1.07128018534454        0.90401996498063
18
 energy: -20.897130236800 gnorm: 0.000026576514 xtb: 6.7.1 (edcfbbe)
C            2.28230551845061       -0.25040340982076       -0.75553462826139
C            1.52931644338129       -0.63043018776011        0.51438408453731
C            0.34602951467302        0.28908854050139        0.81765712860227
C           -0.76774226474638        0.28859745415442       -0.23897549613161
H           -0.36189575776965        0.60281564081973       -1.20598486424669
C           -1.43543848854255       -1.07820112629648       -0.38319428444331
O           -1.72660127353123        1.29244221445036        0.06299000578012
H            1.66455911471627       -0.39971291001213       -1.63705813193287
H            3.17461728260875       -0.86299048474132       -0.85924449818225
H            2.58417664825061        0.79383417957445       -0.72030304211960
H            1.18514297758400       -1.66277803337155        0.43944960471098
H            2.21793821667902       -0.57636522685520        1.36060292388886
H           -0.09010021164132       -0.00584419277330        1.77632864546746
H            0.70585942503067        1.31628261111726        0.91771305781700
H           -2.30284025905684       -0.99124550441750       -1.03329017236757
H           -0.74600756894412       -1.79283977939534       -0.82077770758738
H           -1.75861219520528       -1.44823951989241        0.58775285247774
H           -2.15193711139378        1.07166452416273        0.90365046947758
18
 energy: -20.897130347483 gnorm: 0.000026062539 xtb: 6.7.1 (edcfbbe)
C            2.28263451567098       -0.25005079083190       -0.75543281403555
C            1.52936195387827       -0.63054615775841        0.51417791457551
C            0.34601163140106        0.28885581353778        0.81756707518078
C           -0.76776555935967        0.28839718256016       -0.23906528739421
H           -0.36184918582010        0.60225272874267       -1.20616359934740
C           -1.43583174241540       -1.07825950836962       -0.38291168405900
O           -1.72634652137304        1.29257973721544        0.06265828230373
H            1.66503171427293       -0.39887428294562       -1.63713900670035
H            3.17489827808667       -0.86268832023965       -0.85926712876346
H            2.58461848523966        0.79413384990428       -0.71965883676862
H            1.18521006802200       -1.66286567099623        0.43876979604663
H            2.21781242130373       -0.57681289606173        1.36055715544948
H           -0.09008692316604       -0.00617713359723        1.77622240176963
H            0.70579500534077        1.31605865320747        0.91769421701842
H           -2.30307466847326       -0.99130264120720       -1.03321581876969
H           -0.74652640257986       -1.79328037696975       -0.82006794910905
H           -1.75932268015500       -1.44782646762962        0.58810845188995
H           -2.15180037933060        1.07208107088339        0.90333277819986
18
 energy: -20.897130445910 gnorm: 0.000024952831 xtb: 6.7.1 (edcfbbe)
C            2.28291423103868       -0.24970230420342       -0.75533066656704
C            1.52941334038757       -0.63067805318773        0.51399932950651
C            0.34600993606478        0.28863059525570        0.81746728321391
C           -0.76778030192520        0.28820458800373       -0.23915140775032
H           -0.36178999576618        0.60171691291359       -1.20632814657691
C           -1.43620718480357       -1.07831062200680       -0.38265269321509
O           -1.72611436051774        1.29269724221432        0.06232384680919
H            1.66546057386772       -0.39813758590499       -1.63720606897821
H            3.17515402139205       -0.86235665815602       -0.85924823550196
H            2.58496529844570        0.79444774521867       -0.71909102097506
H            1.18529161696496       -1.66297811069984        0.43816730737624
H            2.21771059544332       -0.57722592356775        1.36052027864054
H           -0.09006812075114       -0.00652088188089        1.77609270469998
H            0.70573227003596        1.31584753612571        0.91768572766127
H           -2.30330234110144       -0.99135019272373       -1.03315267540929
H           -0.74701396285074       -1.79367503649442       -0.81941931293010
H           -1.75998725901460       -1.44744850040991        0.58843483483789
H           -2.15161834636706        1.07251403894803        0.90305486264512
