17
 energy: -23.957105270105 gnorm: 0.034794190887 xtb: 6.7.1 (edcfbbe)
C           -2.62775849631533        1.08351280616163       -0.12641747438278
C           -2.18633261423363       -0.22854877688561        0.51485477588025
C           -0.88940872412350       -0.76478046422371       -0.04631792988545
O            0.16479865736596        0.19560220619314        0.28264416342273
C            1.40518832280571       -0.10512063165146       -0.13963746940175
O            1.66884413898633       -1.11942703952160       -0.76703788482945
C            2.38942332674173        0.95093518009647        0.24826177618822
H           -2.73244946213655        0.97084819617216       -1.21116882384134
H           -3.59374236744997        1.40551937693856        0.27392320060363
H           -1.90578135008529        1.88400555725307        0.06179825084146
H           -2.94493207438774       -1.00207979146282        0.34629711721574
H           -2.08871439186945       -0.11386524002356        1.60094695243078
H           -0.62421870646017       -1.73041276097949        0.39463127288096
H           -0.93253751578592       -0.86797377591824       -1.13591293817055
H            3.38963111753927        0.66637800257797       -0.07595773173553
H            2.37243172806175        1.09371820095945        1.33258762817279
H            2.10586754202598        1.90234117750169       -0.21243962822211
17
 energy: -23.958214495293 gnorm: 0.013733310682 xtb: 6.7.1 (edcfbbe)
C           -2.62647155786603        1.07818013502275       -0.12720995286522
C           -2.19538982330951       -0.23116746852879        0.51746105486567
C           -0.88539321929801       -0.75059100229115       -0.04557149081852
O            0.16856925844136        0.19143590832224        0.27721213940852
C            1.40044132879834       -0.10319952437993       -0.14180919367725
O            1.66172401512920       -1.11316431911373       -0.76366442948008
C            2.38636478943885        0.95079157371519        0.24910785124618
H           -2.72915819432348        0.95956557452640       -1.20546359529042
H           -3.58498347252503        1.39863635579173        0.27675025077380
H           -1.89326276485506        1.86009455420135        0.06420265087977
H           -2.95661986871155       -0.99719858606881        0.34716193854189
H           -2.08841042781255       -0.09668424181175        1.59652750888766
H           -0.61437793438593       -1.71717763101955        0.38784217327670
H           -0.92188723380544       -0.85475572557423       -1.13400703192396
H            3.38205146504152        0.66224530736639       -0.07425245493348
H            2.36397344403651        1.08793418298832        1.32867286513534
H            2.10313932668597        1.89570713004123       -0.21190502685898
17
 energy: -23.958406181283 gnorm: 0.004522579451 xtb: 6.7.1 (edcfbbe)
C           -2.62392811063349        1.07794218315995       -0.12885800119891
C           -2.19399056031813       -0.23102875679712        0.52034030254564
C           -0.88004584034576       -0.74629397130831       -0.04586701924947
O            0.16666468074161        0.18798592491088        0.27610111021375
C            1.39328668337256       -0.10335379219700       -0.14044386879827
O            1.65476142751802       -1.11065545639733       -0.76434698302989
C            2.38023064296214        0.95234978051706        0.25150235548009
H           -2.72980658287355        0.95412513093417       -1.20350842317628
H           -3.57699302514955        1.40227289002672        0.27807880663733
H           -1.88335817060343        1.85021373874907        0.05898673879569
H           -2.95121964039298       -0.99722377025313        0.35147960079061
H           -2.07963473753596       -0.08837458600359        1.59538558974565
H           -0.61063362394509       -1.71754118135302        0.38060327531490
H           -0.92132479540662       -0.84945797594085       -1.13455868531421
H            3.37328375228927        0.66041542148097       -0.07251921159149
H            2.35580459345628        1.08524253754875        1.32909425185072
H            2.09721243754386        1.89403410611045       -0.21041458184827
17
 energy: -23.958435516376 gnorm: 0.001489253250 xtb: 6.7.1 (edcfbbe)
C           -2.62155906519452        1.07793746998937       -0.12987186404084
C           -2.19224253974967       -0.23095774299514        0.52254413512873
C           -0.87875974702617       -0.74628380722606       -0.04699975389459
O            0.16485854140048        0.18571800360497        0.27528992646996
C            1.39057873395349       -0.10280695548816       -0.14153793241579
O            1.65487615845357       -1.10965725088821       -0.76681247877163
C            2.37751936818222        0.95350403565380        0.25355570696512
H           -2.73316265619344        0.94971457350669       -1.20351951923752
H           -3.57134671809380        1.40713943619088        0.28078065833735
H           -1.87682200427237        1.84769874552136        0.05166915008855
H           -2.94895670123381       -0.99763936975495        0.35746194734671
H           -2.07367736873366       -0.08500721966155        1.59635210227108
H           -0.61200372194283       -1.72080960418771        0.37536563569591
H           -0.92525355402608       -0.84860925320869       -1.13622628519399
H            3.37090220045607        0.66117184337660       -0.06924182182181
H            2.35062818167626        1.08469829182064        1.33125952816971
H            2.09473002302346        1.89484102693383       -0.20901387792933
17
 energy: -23.958449693870 gnorm: 0.002224011565 xtb: 6.7.1 (edcfbbe)
C           -2.61918006534988        1.07742541146542       -0.13124331326197
C           -2.18942126111203       -0.23011862868430        0.52532284712800
C           -0.87875268038492       -0.74807433723885       -0.04975213917259
O            0.16328758169265        0.18091513237245        0.27420182967658
C            1.38974580898679       -0.10371214038806       -0.14182765932939
O            1.65875820777820       -1.10728649156527       -0.77250320906648
C            2.37452688809091        0.95466676100568        0.25688170265907
H           -2.74328400506898        0.94200581094415       -1.20334521366916
H           -3.56282059706289        1.41614964838169        0.28734966633830
H           -1.86765973994403        1.84449210493588        0.03667065670447
H           -2.94805159060972       -0.99653292022138        0.36832203844699
H           -2.06438495973823       -0.07981119095292        1.59792824991093
H           -0.61536989758565       -1.72655606735290        0.36718919631012
H           -0.93170124170892       -0.84790592157423       -1.13973031409394
H            3.36951244273632        0.66427073791144       -0.06342356116382
H            2.34383801766356        1.08450104956869        1.33504447626193
H            2.09126622229600        1.89622326458018       -0.20602999651146
17
 energy: -23.958455504700 gnorm: 0.001577996203 xtb: 6.7.1 (edcfbbe)
C           -2.61948965569984        1.07686103216495       -0.13159878940062
C           -2.18896353255598       -0.22968461691309        0.52577015810610
C           -0.87929662741406       -0.74856509508398       -0.05034630348101
O            0.16371654431710        0.18009320345208        0.27383972780667
C            1.39037022328496       -0.10343725647568       -0.14323780218655
O            1.66002704932836       -1.10645378023815       -0.77416590342986
C            2.37450651550951        0.95435168504675        0.25777484705343
H           -2.74780875015607        0.93984461354043       -1.20301044266629
H           -3.56116196689957        1.41773585495395        0.28965221587647
H           -1.86668220574086        1.84363382038978        0.03189990252034
H           -2.94846993772070       -0.99594242633694        0.37113539234411
H           -2.06238084712637       -0.07836175419768        1.59815840181874
H           -0.61592313335776       -1.72723398211275        0.36580970219090
H           -0.93249005415149       -0.84713839569578       -1.14034260932939
H            3.37007579047610        0.66447269588322       -0.06116340582822
H            2.34237103496976        1.08426658184349        1.33597118300966
H            2.09190868361611        1.89621004296708       -0.20509101723689
17
 energy: -23.958466833813 gnorm: 0.001415168400 xtb: 6.7.1 (edcfbbe)
C           -2.62167142048569        1.07458302377522       -0.13338153677542
C           -2.18739616283111       -0.22781400817737        0.52709380308209
C           -0.88100504323166       -0.74924174789469       -0.05279184338422
O            0.16622992011515        0.17704344186463        0.27464540637435
C            1.39335474195079       -0.10420331004487       -0.14492162366940
O            1.66290317012467       -1.10246622301126       -0.78175245038345
C            2.37478397426565        0.95282251873803        0.26119519360282
H           -2.76743185160288        0.93064710850177       -1.20157177829328
H           -3.55502889034234        1.42325976173932        0.29944844673768
H           -1.86343017715842        1.83959196434613        0.01220940151059
H           -2.94920954314811       -0.99411151093921        0.38122312611776
H           -2.05472806730642       -0.07200116956955        1.59833120860717
H           -0.61783467995836       -1.72856457243817        0.36034456567098
H           -0.93347829737172       -0.84218710134417       -1.14282571745201
H            3.37202035571716        0.66490399847518       -0.05390949110341
H            2.33836512785453        1.08299361805129        1.33918912692374
H            2.09386597408794        1.89539643111537       -0.20147058039838
17
 energy: -23.958472415943 gnorm: 0.001033469225 xtb: 6.7.1 (edcfbbe)
C           -2.62306609144253        1.07346756384969       -0.13466720443640
C           -2.18613263610181       -0.22703358443330        0.52837578905734
C           -0.88064330562274       -0.74863331624707       -0.05382614359679
O            0.16676424967885        0.17646144308194        0.27507027075131
C            1.39301757480339       -0.10316256728009       -0.14706475400109
O            1.66208669788161       -1.10000899933105       -0.78637151688606
C            2.37482270501813        0.95211699920070        0.26349438939362
H           -2.77838798147930        0.92455179774132       -1.20078426044558
H           -3.55159574197014        1.42663304892314        0.30477833690672
H           -1.86124136404178        1.83674238045654        0.00085370639386
H           -2.94747913838960       -0.99435053272587        0.38706852488856
H           -2.04958993845190       -0.06763050640232        1.59849988211594
H           -0.61795411130215       -1.72916001948284        0.35689857972223
H           -0.93400239810612       -0.83902165034077       -1.14401504154900
H            3.37268476714018        0.66330315141895       -0.04879765300774
H            2.33481343912848        1.08145406647476        1.34138010127564
H            2.09621240393662        1.89492294828392       -0.19983774941499
17
 energy: -23.958477647524 gnorm: 0.000328449000 xtb: 6.7.1 (edcfbbe)
C           -2.62586206126478        1.07155850036807       -0.13674483709925
C           -2.18417466499287       -0.22592523252299        0.53031241098529
C           -0.88002741661294       -0.74706894313355       -0.05581803776149
O            0.16758906775474        0.17590591066215        0.27624325847197
C            1.39298373018923       -0.10240570924065       -0.14804232084585
O            1.66042614293865       -1.09539208718022       -0.79465847078628
C            2.37563666161812        0.95090757046505        0.26705115926270
H           -2.79695999756049        0.91486488449040       -1.19929057806391
H           -3.54649674036857        1.43173955112589        0.31339069123097
H           -1.85896766582728        1.83244572328370       -0.01766176210670
H           -2.94455841883250       -0.99511662856790        0.39635604259737
H           -2.04171182584782       -0.06102461958703        1.59867890603976
H           -0.61819769191669       -1.72945028867046        0.35133251653003
H           -0.93480485297425       -0.83404342551289       -1.14627052933696
H            3.37439233373413        0.65993519858727       -0.04045110152225
H            2.32979941278092        1.07964303950144        1.34467646239698
H            2.10124311786157        1.89407877911938       -0.19804855282479
17
 energy: -23.958479160113 gnorm: 0.000279664121 xtb: 6.7.1 (edcfbbe)
C           -2.62795212359007        1.07065032873724       -0.13721998968777
C           -2.18356123504923       -0.22542541646348        0.53087318810039
C           -0.87971025128719       -0.74602176667637       -0.05633005946288
O            0.16795328027747        0.17663483075866        0.27608873380870
C            1.39311770662810       -0.10138781531619       -0.14916316971776
O            1.65980257514765       -1.09335534001584       -0.79766051351913
C            2.37687474509922        0.95004060272197        0.26822710929044
H           -2.80383981595005        0.91144002757293       -1.19840667594303
H           -3.54630576414239        1.43233275663370        0.31603826561190
H           -1.86034460592326        1.83135281202963       -0.02340002991274
H           -2.94335959882156       -0.99553775153447        0.39923839270037
H           -2.03964934325357       -0.05890339566790        1.59874361005475
H           -0.61760049436872       -1.72876526958235        0.34987741505404
H           -0.93505502227528       -0.83224844298149       -1.14682590269027
H            3.37588849806065        0.65665058752360       -0.03614452785678
H            2.32795029007314        1.07969859967427        1.34563208752589
H            2.10610029005426        1.89349687577377       -0.19851267618852
17
 energy: -23.958480872682 gnorm: 0.000245802950 xtb: 6.7.1 (edcfbbe)
C           -2.63053661969009        1.06958451775364       -0.13748487165008
C           -2.18325180800905       -0.22500076376789        0.53143806411386
C           -0.87943439020418       -0.74433374706406       -0.05677593131878
O            0.16842145567161        0.17808977715403        0.27581839367204
C            1.39343363888446       -0.10015153796635       -0.15014313582572
O            1.65903162502533       -1.09111368324398       -0.80054041392533
C            2.37873257231506        0.94888675690076        0.26922096775033
H           -2.81001779027565        0.90826530725209       -1.19764214579249
H           -3.54756844070456        1.43132142131563        0.31823925860157
H           -1.86321881109480        1.83104293598260       -0.02767397975018
H           -2.94212510680667       -0.99637826584116        0.40145993728499
H           -2.03841916152192       -0.05736111094817        1.59903740189831
H           -0.61670443916601       -1.72724129965536        0.34869139268357
H           -0.93526198902520       -0.83000531338629       -1.14730687090598
H            3.37786436385278        0.65152136481190       -0.03086385032610
H            2.32607563880901        1.08113493959808        1.34613523212653
H            2.11328839261905        1.89239092429221       -0.20055419146896
17
 energy: -23.958482693090 gnorm: 0.000260536558 xtb: 6.7.1 (edcfbbe)
C           -2.63505995939725        1.06787256393882       -0.13771932829218
C           -2.18254880076238       -0.22420019996717        0.53238264700476
C           -0.87879612061608       -0.74176670413059       -0.05742900887049
O            0.16942407657009        0.18013118017215        0.27585941070803
C            1.39403952731792       -0.09848214003148       -0.15145655456013
O            1.65768486574503       -1.08754052239687       -0.80554906518919
C            2.38173203843502        0.94695656061506        0.27077165783243
H           -2.81903126538193        0.90345693785434       -1.19664426187693
H           -3.55072820848831        1.42933686890067        0.32110302533586
H           -1.86853427903082        1.83096433139997       -0.03339519917471
H           -2.93987559414275       -0.99766628061667        0.40516613966651
H           -2.03618630005104       -0.05463270316663        1.59952718661191
H           -0.61515776299797       -1.72515056676362        0.34638118225667
H           -0.93543563301297       -0.82585987497453       -1.14803304848923
H            3.38121616937743        0.64293276651868       -0.02164614274467
H            2.32242188088150        1.08428005431488        1.34671827762890
H            2.12514449623371        1.89001995152064       -0.20498166067995
17
 energy: -23.958483885115 gnorm: 0.000288410671 xtb: 6.7.1 (edcfbbe)
C           -2.63787012503738        1.06668232440624       -0.13771134682698
C           -2.18209751095298       -0.22373906860447        0.53328248196822
C           -0.87842312883191       -0.73978564937615       -0.05802903039941
O            0.17025069016130        0.18129147470237        0.27622472110081
C            1.39442680495404       -0.09755097739312       -0.15225920545792
O            1.65666302281003       -1.08536563427533       -0.80880013966845
C            2.38374701290014        0.94562259076563        0.27166280924782
H           -2.82325618933153        0.90074392630963       -1.19612124205582
H           -3.55358531322468        1.42667319240268        0.32201589558526
H           -1.87303015703246        1.83166720461726       -0.03548879105400
H           -2.93820731374837       -0.99875714903785        0.40805844427066
H           -2.03444799291080       -0.05278780757521        1.60004450544960
H           -0.61453215140491       -1.72373695430028        0.34419711537482
H           -0.93563191178963       -0.82235303339756       -1.14872807952541
H            3.38360481535826        0.63659795787911       -0.01423581849416
H            2.31888934692563        1.08778539724027        1.34662914013375
H            2.13380923183441        1.88766442882447       -0.20968620248118
17
 energy: -23.958485823171 gnorm: 0.000259946814 xtb: 6.7.1 (edcfbbe)
C           -2.64181912384350        1.06522501589926       -0.13729788095775
C           -2.18120252763819       -0.22296000367286        0.53448497249381
C           -0.87788436973133       -0.73746465797963       -0.05897120029738
O            0.17161674175294        0.18203467046233        0.27725993967552
C            1.39512316818068       -0.09677987068476       -0.15316809144001
O            1.65557732251876       -1.08266926549546       -0.81332149695996
C            2.38621511794688        0.94387483261202        0.27274083532507
H           -2.82725002256791        0.89751424245603       -1.19547321757480
H           -3.55864913428031        1.42242410836155        0.32264409318885
H           -1.87956328543605        1.83306511404069       -0.03629722094622
H           -2.93591341559097       -0.99982814960934        0.41230232717621
H           -2.03138022479171       -0.05007836132019        1.60062204761825
H           -0.61398603396513       -1.72262979384912        0.34025920858683
H           -0.93578303189019       -0.81686784561181       -1.14985493120369
H            3.38689019862334        0.62742966872199       -0.00213646188685
H            2.31208331129605        1.09491905333017        1.34587694793817
H            2.14623444009582        1.88344346552680       -0.21861461356847
17
 energy: -23.958488341461 gnorm: 0.000435289109 xtb: 6.7.1 (edcfbbe)
C           -2.64610879920018        1.06357127865562       -0.13612143719906
C           -2.17991033292509       -0.22224455080169        0.53634217784457
C           -0.87737318940488       -0.73484434900088       -0.06054355073934
O            0.17346497131592        0.18192899807015        0.27914738764808
C            1.39603503404940       -0.09638445527089       -0.15414403142888
O            1.65446971450257       -1.07974818675816       -0.81887455117947
C            2.38879452352938        0.94188759983327        0.27376821275683
H           -2.82870495536043        0.89510005304562       -1.19472309675472
H           -3.56595454811402        1.41548183289187        0.32203804300086
H           -1.88856805955304        1.83594549757656       -0.03358513236447
H           -2.93309235885867       -1.00117411529453        0.41810446707789
H           -2.02674748669861       -0.04717588633669        1.60162943845822
H           -0.61405255345400       -1.72206771282099        0.33386927920591
H           -0.93610857226644       -0.80910187354369       -1.15174658250364
H            3.39106086280594        0.61469579876470        0.01712098068264
H            2.29958897716718        1.10849877646392        1.34353917089627
H            2.16351590314413        1.87628351771349       -0.23476551823410
17
 energy: -23.958490618714 gnorm: 0.000287002147 xtb: 6.7.1 (edcfbbe)
C           -2.64674965026392        1.06339455862006       -0.13471499633534
C           -2.17930245621203       -0.22229285976755        0.53702011742639
C           -0.87735267648896       -0.73463068444587       -0.06140629526255
O            0.17420574794427        0.18043875433123        0.28051909265352
C            1.39639110452473       -0.09698688269765       -0.15421684015255
O            1.65450752591315       -1.07918177521775       -0.82078744778419
C            2.38885698310119        0.94158950584069        0.27370257515305
H           -2.82495031024631        0.89614148162900       -1.19436780518190
H           -3.56939303349619        1.41178613699559        0.32076898367584
H           -1.89173516293620        1.83782314200551       -0.02807722124042
H           -2.93245757274539       -1.00131878989168        0.41998601478212
H           -2.02458538157366       -0.04696280041058        1.60196890519674
H           -0.61487320584869       -1.72314339834016        0.33021942762896
H           -0.93631051574133       -0.80581824060973       -1.15277874549391
H            3.39216897896237        0.60919223886171        0.02899335085087
H            2.29031291416921        1.11928363739444        1.34062514589260
H            2.17157584161696        1.87133819889040       -0.24639900464163
17
 energy: -23.958493519810 gnorm: 0.000931362948 xtb: 6.7.1 (edcfbbe)
C           -2.64765504608534        1.06288559181866       -0.13220294878026
C           -2.17815265179433       -0.22272514731814        0.53842901383509
C           -0.87737879302474       -0.73451977756385       -0.06306875324320
O            0.17524312702643        0.17793022556519        0.28253699463917
C            1.39680479905214       -0.09726963184670       -0.15529181810589
O            1.65437957511629       -1.07674756078719       -0.82616702936122
C            2.38877156294140        0.94127316794003        0.27407382699008
H           -2.82206316972620        0.89723219221765       -1.19294060513247
H           -3.57291363942337        1.40742466222200        0.32120243169261
H           -1.89520442719007        1.83954530537956       -0.02171836257534
H           -2.93147338171968       -1.00186271191729        0.42358213502952
H           -2.02038971127660       -0.04712971082277        1.60286147529381
H           -0.61596190218351       -1.72513146614969        0.32384057569703
H           -0.93684851407812       -0.80049160147385       -1.15472676814373
H            3.39465532251602        0.59770598105058        0.05405608909389
H            2.27007700398175        1.14005366996364        1.33562166563747
H            2.18841897654711        1.86247903490985       -0.26903266539898
17
 energy: -23.958499256486 gnorm: 0.000868361953 xtb: 6.7.1 (edcfbbe)
C           -2.64561252086845        1.06332447476319       -0.12988926798084
C           -2.17754839664299       -0.22391157169016        0.53903374061680
C           -0.87773475151224       -0.73642028751715       -0.06397756567578
O            0.17529623008941        0.17446522195886        0.28415797777491
C            1.39653226390414       -0.09762745262721       -0.15639943390720
O            1.65462175007671       -1.07450942291635       -0.83101091463091
C            2.38668257862052        0.94224927279642        0.27418097706646
H           -2.81910913268343        0.89979442357972       -1.19124430921255
H           -3.57094623757488        1.40789979065983        0.32322879697023
H           -1.89240198597402        1.83904966886773       -0.01736653073437
H           -2.93216263749045       -1.00173367646437        0.42422407957850
H           -2.01822385066653       -0.04948326944058        1.60341704405150
H           -0.61734313807218       -1.72824823190425        0.32037265214774
H           -0.93728873589553       -0.79946025897670       -1.15577235682083
H            3.39439288133412        0.59188840770081        0.07458340559877
H            2.25180681513830        1.15790109135567        1.33022444836049
H            2.19934799889667        1.85547404304223       -0.28670748603534
17
 energy: -23.958513021820 gnorm: 0.001672586928 xtb: 6.7.1 (edcfbbe)
C           -2.63893067710233        1.06489130522608       -0.12417880449064
C           -2.17729796415187       -0.22773877211320        0.53908764435736
C           -0.87853752127933       -0.74165065300093       -0.06500720993538
O            0.17447992845594        0.16738587805264        0.28722856263444
C            1.39504456685938       -0.09702673262891       -0.15950117093230
O            1.65463085427529       -1.06788013947215       -0.84216804502556
C            2.38119980751548        0.94548398036445        0.27396929492601
H           -2.81422267736409        0.90617660411096       -1.18585357146010
H           -3.56156069497315        1.41336245619694        0.33115059147713
H           -1.88083231258017        1.83538330150915       -0.00957186857079
H           -2.93504829979287       -1.00173951864882        0.42050724819225
H           -2.01781211211230       -0.05836365338688        1.60413436997458
H           -0.61993063400202       -1.73490797726957        0.31669263995422
H           -0.93754154990551       -0.80143946104361       -1.15696104195596
H            3.39219078296127        0.57967764695742        0.12028431980882
H            2.21006449729273        1.19820573916401        1.31699624525016
H            2.22441313658273        1.84083221917011       -0.32575394703665
17
 energy: -23.958522499156 gnorm: 0.001990639798 xtb: 6.7.1 (edcfbbe)
C           -2.61385545886303        1.07184032436435       -0.11573149918204
C           -2.18024818943833       -0.23790266837277        0.53505470212233
C           -0.88147185065189       -0.75942536837043       -0.06235622765576
O            0.16840486319649        0.15213346530088        0.29091122459853
C            1.38917510969101       -0.09541470263940       -0.16484925909914
O            1.65617289041854       -1.05747682741106       -0.85698727844759
C            2.36331484884784        0.95732250744287        0.27160370268466
H           -2.80533929815339        0.92440480325540       -1.17612168467805
H           -3.52058932913356        1.44455148772500        0.35208445078230
H           -1.83174561000616        1.81880096422983       -0.00485360542174
H           -2.94833578111465       -0.99887110150768        0.39778155285570
H           -2.02924085252500       -0.08525568218375        1.60405165293983
H           -0.62551056691824       -1.75063282855546        0.32608603924593
H           -0.93639739884134       -0.82515199141632       -1.15402863755882
H            3.37627316284700        0.58447077945849        0.17303912463388
H            2.15093879825143        1.25067935708576        1.29336521630769
H            2.23876379307247        1.82657970478198       -0.36799421696010
17
 energy: -23.958244860901 gnorm: 0.014858367690 xtb: 6.7.1 (edcfbbe)
C           -2.59774713872839        1.07607445777883       -0.10228143578271
C           -2.18271053625593       -0.24790755208065        0.53310254691401
C           -0.88276606848654       -0.77083377043438       -0.06058483887182
O            0.16604355891647        0.13880589923557        0.30036941952885
C            1.38461963628337       -0.09242929693812       -0.17030194243743
O            1.65374399861486       -1.04236247670567       -0.87880088812168
C            2.35222419951729        0.96545581493002        0.26791227247859
H           -2.78632684237406        0.94623434646542       -1.16512624079634
H           -3.50147471157098        1.45395844132040        0.36634957401889
H           -1.80724219954839        1.81148024521831        0.02283028250639
H           -2.95629125712244       -0.99989625370345        0.37601849352930
H           -2.04058746260677       -0.11378224372650        1.60617687661779
H           -0.63004985553717       -1.76354122039425        0.32668432471325
H           -0.93313331175515       -0.83365596254837       -1.15281838098539
H            3.36896410808223        0.55698011909485        0.26886351379375
H            2.06498088961644        1.34197110298084        1.25840794633769
H            2.29806212363437        1.79410057269485       -0.45574626627553
17
 energy: -23.958539018546 gnorm: 0.003186350689 xtb: 6.7.1 (edcfbbe)
C           -2.60067510264444        1.07484064572816       -0.10213800150306
C           -2.18406941461118       -0.24752145760968        0.53258644710626
C           -0.88248250493890       -0.76848508174502       -0.05946431767550
O            0.16712862227241        0.14028069594806        0.30216279583890
C            1.38464010867239       -0.09170962578482       -0.16967479099921
O            1.65185811321676       -1.04170891301575       -0.87810050192052
C            2.35453537720223        0.96415110905671        0.26628142575846
H           -2.78654194631833        0.94490473167297       -1.16554379185859
H           -3.50657851361618        1.44902199026538        0.36557783537299
H           -1.81289579752680        1.81272681910923        0.02476973483891
H           -2.95570286132871       -1.00069014995895        0.37423995240220
H           -2.04474196822903       -0.11309493836336        1.60568499711714
H           -0.63026870349776       -1.76146149828707        0.32744141825798
H           -0.93139822059449       -0.83068417405375       -1.15185751431551
H            3.36387717444009        0.56164540630043        0.26890022786224
H            2.07586888779829        1.34053793628137        1.24753551542158
H            2.30775588038287        1.78789872764377       -0.44734617453666
17
 energy: -23.958557162475 gnorm: 0.000600422671 xtb: 6.7.1 (edcfbbe)
C           -2.60392029267180        1.07399974311888       -0.10229492553986
C           -2.18447230794995       -0.24700666201023        0.53248318760372
C           -0.88143980879137       -0.76606956316652       -0.05813705376309
O            0.16837443909344        0.14255641745908        0.30392966378253
C            1.38497717206984       -0.09011062462830       -0.16943107408463
O            1.65045544013388       -1.04047798019048       -0.87800423966636
C            2.35743347941167        0.96379832609931        0.26566150966606
H           -2.78699562671748        0.94440443207261       -1.16629424104073
H           -3.51229638490547        1.44465906944155        0.36361975830568
H           -1.81928574909982        1.81484983362429        0.02671570844722
H           -2.95382231554689       -1.00214074045012        0.37286994070213
H           -2.04718140287774       -0.11277435088324        1.60581717624819
H           -0.62920156948389       -1.75915212820861        0.32849889760019
H           -0.92936957681141       -0.82779207618447       -1.15063433450540
H            3.36339672367965        0.55795286144636        0.26797803243000
H            2.08052526741793        1.33899378304825        1.24509529809221
H            2.31313164372862        1.78496188259934       -0.44681804711023
17
 energy: -23.958564992807 gnorm: 0.001021193162 xtb: 6.7.1 (edcfbbe)
C           -2.60861315462254        1.07288613960582       -0.10257501173011
C           -2.18507008881768       -0.24639776565397        0.53247918618264
C           -0.88023747878270       -0.76268830394815       -0.05657905245582
O            0.16976417613282        0.14565051597822        0.30638462698424
C            1.38526825693233       -0.08849629132485       -0.16880319677216
O            1.64781307165434       -1.03878748855025       -0.87872325844433
C            2.36174244012136        0.96281327816777        0.26504443907998
H           -2.78716689675081        0.94353014180680       -1.16744124138085
H           -3.52087894825143        1.43816903898930        0.36022181834079
H           -1.82867192160643        1.81813618892285        0.02996951906787
H           -2.95140796634681       -1.00435286939867        0.37141834344924
H           -2.05015838015018       -0.11214183521159        1.60610447985680
H           -0.62770952978644       -1.75577422983721        0.32982211678687
H           -0.92675044463081       -0.82388311775580       -1.14919036188157
H            3.36512873598476        0.55126829694885        0.26677155755097
H            2.08665797021631        1.33827843702232        1.24421817117560
H            2.32059928938312        1.78244208742625       -0.44806687864258
17
 energy: -23.958571391527 gnorm: 0.000594526830 xtb: 6.7.1 (edcfbbe)
C           -2.61376417392815        1.07161422661415       -0.10288996137496
C           -2.18557913390294       -0.24581966575719        0.53278533032277
C           -0.87923010050577       -0.75924168109445       -0.05521491430008
O            0.17080398987351        0.14907398709053        0.30843277297201
C            1.38512775741943       -0.08655773865017       -0.16905384446516
O            1.64450959619632       -1.03676857977305       -0.88036965785970
C            2.36630190075186        0.96090079551831        0.26466480052533
H           -2.78652668100651        0.94234483896090       -1.16875317908523
H           -3.53063519168220        1.43064372417663        0.35583991936795
H           -1.83923157588187        1.82172524380807        0.03415413411599
H           -2.94910614039801       -1.00660566119067        0.37107796441594
H           -2.05228243669735       -0.11101395576157        1.60653704026947
H           -0.62602242582656       -1.75229987819928        0.33081955593754
H           -0.92470517510435       -0.81990665465386       -1.14788913911463
H            3.36791539685732        0.54346215744369        0.26719787747798
H            2.09267466262859        1.33905613437795        1.24384228360220
H            2.33005886188588        1.78004493027769       -0.45012572563980
17
 energy: -23.958573855106 gnorm: 0.000344449619 xtb: 6.7.1 (edcfbbe)
C           -2.61774576377936        1.07056134945290       -0.10321463556879
C           -2.18572383621262       -0.24520791195993        0.53342057293411
C           -0.87861096603641       -0.75654551138249       -0.05449995841058
O            0.17171758008237        0.15134285912831        0.30987780021290
C            1.38539692990803       -0.08568940479266       -0.16879438992450
O            1.64200596576598       -1.03445359366202       -0.88308112308787
C            2.36951268651627        0.95883397920932        0.26453376321864
H           -2.78503046118175        0.94106585218183       -1.16991090484506
H           -3.53865852735335        1.42417866203658        0.35157121458860
H           -1.84790313115386        1.82467826800216        0.03787073632908
H           -2.94749554656121       -1.00791787275294        0.37231356895562
H           -2.05276656302415       -0.10932231383646        1.60706400702684
H           -0.62489195282448       -1.74972369359118        0.33092597530178
H           -0.92377500347676       -0.81666168784413       -1.14720162382038
H            3.36980462087582        0.53798616431559        0.26871376472842
H            2.09670417467089        1.33998987959348        1.24296632394777
H            2.33776892446378        1.77753719908935       -0.45149983441896
17
 energy: -23.958574879655 gnorm: 0.000342799227 xtb: 6.7.1 (edcfbbe)
C           -2.61963449187144        1.06989875870836       -0.10336514311329
C           -2.18538610492907       -0.24471803957444        0.53429852300019
C           -0.87836919590193       -0.75541889957693       -0.05427155859535
O            0.17210629632672        0.15245768632726        0.30976262986648
C            1.38529491436407       -0.08431114138648       -0.17055672007377
O            1.64093196006699       -1.03284536060009       -0.88549564241251
C            2.37083816512532        0.95757501365558        0.26485608008334
H           -2.78348112131875        0.93993897480065       -1.17050920645702
H           -3.54293988098405        1.42046729221633        0.34878077961562
H           -1.85261971795764        1.82638377121211        0.03990458932915
H           -2.94649834616710       -1.00838024750303        0.37467627007260
H           -2.05162740910476       -0.10751727089726        1.60766753187051
H           -0.62417007596161       -1.74876211218937        0.33047686389653
H           -0.92412326165518       -0.81500509575715       -1.14697059832483
H            3.37020681457509        0.53453741710066        0.27179066032319
H            2.09677701444381        1.34068952527489        1.24219607982356
H            2.34300357162872        1.77566195137662       -0.45218588173681
17
 energy: -23.958575907811 gnorm: 0.000292034425 xtb: 6.7.1 (edcfbbe)
C           -2.62028106108577        1.06952226385780       -0.10347281076166
C           -2.18477915740844       -0.24422328529992        0.53518622433002
C           -0.87842212490339       -0.75510891312387       -0.05465251862857
O            0.17240168269218        0.15222129157374        0.30950260995528
C            1.38555510129652       -0.08421414360440       -0.17128502584971
O            1.64059296643766       -1.03142135630401       -0.88822174925364
C            2.37099902825993        0.95704013765404        0.26529014865570
H           -2.78226983390889        0.93887575545321       -1.17078915486146
H           -3.54483954051162        1.41856900649224        0.34711487171462
H           -1.85481645852330        1.82733055624830        0.04062199302204
H           -2.94594503289697       -1.00823624631909        0.37765135055011
H           -2.04941851680415       -0.10564042166199        1.60818743773564
H           -0.62420332945315       -1.74873108873599        0.32937157611327
H           -0.92497245996058       -0.81409385804025       -1.14736459377076
H            3.36991400496374        0.53296760885005        0.27509085386701
H            2.09484095688852        1.34139947901367        1.24156595219177
H            2.34595290559691        1.77439543713419       -0.45274190784207
17
 energy: -23.958576937252 gnorm: 0.000229397628 xtb: 6.7.1 (edcfbbe)
C           -2.62073647223783        1.06901656444042       -0.10354229353568
C           -2.18391638011108       -0.24362796860058        0.53642198702942
C           -0.87859631363174       -0.75515186887181       -0.05524951574667
O            0.17282443275956        0.15119074866468        0.30918877007059
C            1.38577784227414       -0.08408132007599       -0.17276775937386
O            1.64035109152631       -1.02937403206782       -0.89235831234853
C            2.37088088296576        0.95669421319874        0.26593635225318
H           -2.78119637428381        0.93732276214899       -1.17098066086558
H           -3.54640155418568        1.41690898598353        0.34566428222986
H           -1.85661579432792        1.82814053656947        0.04086929719371
H           -2.94549103020092       -1.00786563995492        0.38203848405953
H           -2.04599120711123       -0.10311630420263        1.60886415675160
H           -0.62469324327748       -1.74934276481365        0.32749527833324
H           -0.92626265455696       -0.81300667473395       -1.14798224679444
H            3.36913945913506        0.53131281240323        0.28103617145201
H            2.09076762646814        1.34307033645318        1.24021017582902
H            2.35046881947487        1.77256183664683       -0.45378890936979
17
 energy: -23.958577639747 gnorm: 0.000188530906 xtb: 6.7.1 (edcfbbe)
C           -2.62081945830853        1.06870152847873       -0.10349621118372
C           -2.18340050261789       -0.24339424595550        0.53711152771758
C           -0.87867473138758       -0.75535831876575       -0.05557905082455
O            0.17313960041134        0.15022557133463        0.30941513863049
C            1.38578637820820       -0.08387200239109       -0.17377134407289
O            1.64024065558539       -1.02773027913044       -0.89525621555085
C            2.37063703165394        0.95669295791428        0.26635505894341
H           -2.78144915042497        0.93637934948035       -1.17082714492345
H           -3.54651088023330        1.41658299812836        0.34565576256786
H           -1.85696755269924        1.82822915237110        0.04027536200563
H           -2.94520906480007       -1.00771925221659        0.38441131914441
H           -2.04407458623735       -0.10192031571055        1.60925372112684
H           -0.62522321972744       -1.74999958054392        0.32628269467035
H           -0.92676549498865       -0.81229150404716       -1.14835086690256
H            3.36829261053761        0.53007918759114        0.28584280886700
H            2.08736965770994        1.34505933127603        1.23889373118452
H            2.35393783799780        1.77098764537410       -0.45516103423246
17
 energy: -23.958579347607 gnorm: 0.000234893085 xtb: 6.7.1 (edcfbbe)
C           -2.62107489534380        1.06798708033412       -0.10323859529692
C           -2.18254062597208       -0.24317637967598        0.53834315963868
C           -0.87876984923334       -0.75586565994032       -0.05598278740468
O            0.17390790534062        0.14795270354394        0.31072280277061
C            1.38559763468710       -0.08301896558130       -0.17600788641302
O            1.63964462745152       -1.02323444520268       -0.90237994586819
C            2.37024680569149        0.95676415993968        0.26725646542733
H           -2.78355512218421        0.93422241183880       -1.17012798526505
H           -3.54599787080941        1.41658053663952        0.34701848039849
H           -1.85698717278258        1.82779140051225        0.03812263419084
H           -2.94474209571260       -1.00766263799354        0.38854805905518
H           -2.04073946376386       -0.10007526776483        1.60995196267939
H           -0.62642740892134       -1.75154259757940        0.32388080349438
H           -0.92723956575414       -0.81055773781928       -1.14884839779654
H            3.36619336869520        0.52665977843989        0.29822468347016
H            2.07926524821547        1.35128315927879        1.23501702168465
H            2.36352761107515        1.76654468421805       -0.45944521759772
17
 energy: -23.958581802536 gnorm: 0.000503386776 xtb: 6.7.1 (edcfbbe)
C           -2.62128938745146        1.06677212051473       -0.10258989746726
C           -2.18144194248424       -0.24335989106170        0.54008032839945
C           -0.87886026577411       -0.75684612276478       -0.05633737583649
O            0.17504814728391        0.14422318235431        0.31368049913467
C            1.38491663708658       -0.08092159304889       -0.17973616618903
O            1.63801908748651       -1.01453780200940       -0.91498206201244
C            2.36958428960804        0.95702870096253        0.26871361883724
H           -2.78921473685996        0.93078615819155       -1.16838020544535
H           -3.54350146837528        1.41787840152813        0.35132360785593
H           -1.85551589318117        1.82597699772372        0.03318828026493
H           -2.94413091213444       -1.00797871606873        0.39367304250780
H           -2.03664508829149       -0.09848483412520        1.61106951751569
H           -0.62833860135347       -1.75410636551258        0.32050346616189
H           -0.92725934598937       -0.80793177920602       -1.14937989205294
H            3.36202197457440        0.52010619519594        0.32117104441271
H            2.06495398424518        1.36416304746439        1.22719458314727
H            2.38196265228956        1.75788452304973       -0.46813713206648
17
 energy: -23.958584023507 gnorm: 0.000551482731 xtb: 6.7.1 (edcfbbe)
C           -2.62116298487322        1.06609790887208       -0.10189498819779
C           -2.18126044848579       -0.24411006226384        0.54056657974273
C           -0.87878173663931       -0.75773572150105       -0.05595385476244
O            0.17564130320153        0.14186899982756        0.31650999318634
C            1.38408593880179       -0.07887737744651       -0.18202262724778
O            1.63617358732770       -1.00770885752087       -0.92367943460764
C            2.36917058207003        0.95743678162456        0.26946375250228
H           -2.79493412740973        0.92883095337677       -1.16661403156662
H           -3.54015295786333        1.42034389793504        0.35624077829788
H           -1.85274613503442        1.82360144790990        0.02878539444893
H           -2.94411971431331       -1.00859600732912        0.39447483752204
H           -2.03601749188746       -0.09923107077208        1.61146723739805
H           -0.62931705794802       -1.75579604148471        0.31939820892589
H           -0.92631909879132       -0.80679970220719       -1.14909231565530
H            3.35845660341087        0.51544374203838        0.33752288660024
H            2.05565936474286        1.37473188133857        1.22066203165439
H            2.39593350437035        1.75115145079025       -0.47477919107359
17
 energy: -23.958586477909 gnorm: 0.000304837339 xtb: 6.7.1 (edcfbbe)
C           -2.62116761412390        1.06553912174952       -0.10117608160700
C           -2.18190213785771       -0.24541422204035        0.54040383500745
C           -0.87848471718092       -0.75803305006792       -0.05475740252675
O            0.17576368932778        0.14135743730571        0.31928816504453
C            1.38296098388288       -0.07607068135224       -0.18369724869894
O            1.63330525685978       -1.00126756285125       -0.93043648417705
C            2.36946652316108        0.95772982563680        0.26958233062516
H           -2.80021152504680        0.92803604536702       -1.16497649480356
H           -3.53706785666327        1.42255434206151        0.36097564512906
H           -1.85012620897433        1.82101053788328        0.02561927071749
H           -2.94433189876415       -1.00986514217036        0.39179546654761
H           -2.03864991410258       -0.10203735146801        1.61176912183273
H           -0.62919049033099       -1.75611717425274        0.32056512717399
H           -0.92446835165990       -0.80664384750795       -1.14795365418572
H            3.35516238487526        0.51051021336259        0.35040969928696
H            2.05005485823627        1.38440197156064        1.21428237076167
H            2.40919614904069        1.74496175997148       -0.48063840896002
17
 energy: -23.958587260793 gnorm: 0.000845803961 xtb: 6.7.1 (edcfbbe)
C           -2.62262448030409        1.06449061943534       -0.10025310708499
C           -2.18208333937487       -0.24625161015446        0.54106006349367
C           -0.87797956749770       -0.75761331810023       -0.05351694738304
O            0.17626259068784        0.14138611892748        0.32182658841571
C            1.38192961457780       -0.07243748896020       -0.18681273744718
O            1.62942142790713       -0.99281616062682       -0.94073595069940
C            2.37064606339795        0.95733293173687        0.26993524960657
H           -2.80331577258389        0.92636272390176       -1.16364653115019
H           -3.53782926500634        1.42146571598912        0.36318937140746
H           -1.85150608439173        1.82006873188319        0.02497896090780
H           -2.94368472750398       -1.01141705366582        0.39162212364007
H           -2.03973242469939       -0.10316858871948        1.61259002906020
H           -0.62847460366165       -1.75589849450494        0.32121406498708
H           -0.92324392753464       -0.80540963453792       -1.14676976767686
H            3.35172983814911        0.50202415520109        0.36852157140868
H            2.04210464829694        1.39610089514200        1.20636297659959
H            2.42868914022069        1.73643268024075       -0.48851070091757
17
 energy: -23.958588237700 gnorm: 0.000254983131 xtb: 6.7.1 (edcfbbe)
C           -2.62243196757214        1.06475407987815       -0.09997241872815
C           -2.18262521263410       -0.24664778994692        0.54054918380578
C           -0.87780237391754       -0.75753312530437       -0.05278196893822
O            0.17587692752841        0.14249725170892        0.32155648631737
C            1.38165819444662       -0.07189945084118       -0.18676410516731
O            1.62851838863602       -0.99274243595874       -0.94017301507428
C            2.37089985640856        0.95740853988134        0.26935797197231
H           -2.80141307251756        0.92765567282608       -1.16375176642900
H           -3.53839267160905        1.42102858683642        0.36241349400229
H           -1.85163250214591        1.82026472161571        0.02722390033388
H           -2.94389756679435       -1.01173858896883        0.38898791956116
H           -2.04210673053877       -0.10478126364880        1.61247161342432
H           -0.62755844316958       -1.75515491922060        0.32328475823771
H           -0.92284615880671       -0.80682377333559       -1.14598295152719
H            3.35132832533660        0.50191852473700        0.36705685479607
H            2.04386866373056        1.39616661342073        1.20585583437042
H            2.42886547429811        1.73627957950841       -0.48827653378957
17
 energy: -23.958588861838 gnorm: 0.000196841407 xtb: 6.7.1 (edcfbbe)
C           -2.62221544432338        1.06457788205023       -0.09963392773503
C           -2.18267640907322       -0.24686770337828        0.54094146337756
C           -0.87781983933377       -0.75757505850758       -0.05249880539294
O            0.17592747915577        0.14232046879307        0.32181668623576
C            1.38137441878105       -0.07122739145853       -0.18774479723303
O            1.62771852702025       -0.99095857195874       -0.94261452233609
C            2.37087399726053        0.95753462791571        0.26915000962536
H           -2.79955329525383        0.92814397015496       -1.16383310191925
H           -3.53912880610310        1.41989716871672        0.36165684268157
H           -1.85213876601880        1.82060596191709        0.02923605627867
H           -2.94390215801359       -1.01191263398650        0.38899410057418
H           -2.04239021367197       -0.10528086744809        1.61293773302214
H           -0.62766762115539       -1.75514906556133        0.32371749578686
H           -0.92285098897373       -0.80707087818588       -1.14571427159239
H            3.35007324189362        0.50035617422107        0.37153179435832
H            2.04139104031671        1.39906991696772        1.20347825438723
H            2.43329396817204        1.73418822293610       -0.49036575295135
17
 energy: -23.958590315927 gnorm: 0.000654401673 xtb: 6.7.1 (edcfbbe)
C           -2.62125185467049        1.06421624980409       -0.09728683124154
C           -2.18270309629257       -0.24799599465830        0.54217839874261
C           -0.87760550804430       -0.75890011586456       -0.05073760858924
O            0.17641693266261        0.14025133162595        0.32396050159043
C            1.37988447988863       -0.06791320835019       -0.19280921284697
O            1.62384601320705       -0.98122061462394       -0.95621909020642
C            2.37030187730938        0.95839856423517        0.26817777396252
H           -2.79068137630298        0.93067636970955       -1.16327100002807
H           -3.54250396796791        1.41570954828335        0.35854384372285
H           -1.85416404821016        1.82210484285214        0.03920704855162
H           -2.94401746654275       -1.01258692418175        0.38855803675266
H           -2.04346366351532       -0.10772412180217        1.61445659060058
H           -0.62810088304589       -1.75656441261936        0.32572049973281
H           -0.92243618297075       -0.80860506394406       -1.14398916414480
H            3.34295858670597        0.49245774763267        0.39646783681198
H            2.02695691920007        1.41576923928957        1.19019749328374
H            2.45687236926860        1.72257878579959       -0.50209985952716
17
 energy: -23.958591004091 gnorm: 0.000254124359 xtb: 6.7.1 (edcfbbe)
C           -2.62012710354666        1.06467682273477       -0.09722829444822
C           -2.18272598170082       -0.24802709024759        0.54199140552377
C           -0.87781965506694       -0.75959056355371       -0.05082960053827
O            0.17630770440644        0.13946239930442        0.32383110232607
C            1.37988331305255       -0.06869017490723       -0.19238489042230
O            1.62470741328314       -0.98263075012370       -0.95471065182902
C            2.36949505424903        0.95882832611906        0.26790440847371
H           -2.78830538476799        0.93187332166308       -1.16344824260785
H           -3.54180233233381        1.41607809170421        0.35766734430305
H           -1.85309881507691        1.82230074311408        0.04064702294192
H           -2.94459485962545       -1.01205116118537        0.38819056681354
H           -2.04340726638815       -0.10802383294281        1.61431106828603
H           -0.62873488328968       -1.75728435344396        0.32580808780650
H           -0.92255915285903       -0.80942088031089       -1.14407846961889
H            3.34282313893339        0.49478823829069        0.39389179151534
H            2.02721273172905        1.41456544436476        1.19070125360901
H            2.45305520968104        1.72379764260792       -0.50120864496678
17
 energy: -23.958591636470 gnorm: 0.000130417539 xtb: 6.7.1 (edcfbbe)
C           -2.61880933026701        1.06490042282228       -0.09636840612451
C           -2.18299962270854       -0.24881091197838        0.54193431985538
C           -0.87787483532041       -0.76073712925995       -0.05007420621608
O            0.17636947846871        0.13790113377734        0.32548651652781
C            1.37908334064424       -0.06767553954682       -0.19352921099956
O            1.62353475413248       -0.97947878309903       -0.95860496618349
C            2.36866393604552        0.95954340499253        0.26746610208642
H           -2.78603421407125        0.93332359872940       -1.16280800811725
H           -3.54060567188769        1.41640923342753        0.35799379338043
H           -1.85144862867354        1.82178736562749        0.04305472057349
H           -2.94528039385667       -1.01213910346666        0.38657823887703
H           -2.04467006708978       -0.10999296087582        1.61455512844156
H           -0.62944547674669       -1.75856378956936        0.32662064829234
H           -0.92172597269247       -0.81031680230481       -1.14335936914304
H            3.33994483322635        0.49352174954360        0.40161685342103
H            2.02222149223909        1.42098349796864        1.18582577324085
H            2.45938550923682        1.71999683639976       -0.50533267074483
17
 energy: -23.958592165195 gnorm: 0.000211140012 xtb: 6.7.1 (edcfbbe)
C           -2.61689962259458        1.06522490886217       -0.09498933791123
C           -2.18339137518747       -0.25005218506784        0.54178154207070
C           -0.87790423064355       -0.76256726604971       -0.04883581159175
O            0.17644340362084        0.13551659133260        0.32809026565678
C            1.37782297397550       -0.06599314989856       -0.19531243164530
O            1.62153603518840       -0.97434658603090       -0.96479634611253
C            2.36739149043309        0.96068990794111        0.26675522267262
H           -2.78295626915666        0.93537064301374       -1.16184250079970
H           -3.53880368234552        1.41724368214921        0.35885968552151
H           -1.84864563682207        1.82084882245043        0.04652412845572
H           -2.94625188144490       -1.01228180157890        0.38395836630671
H           -2.04670175441852       -0.11310554258199        1.61483696927985
H           -0.63040573998825       -1.76059925689486        0.32789735240219
H           -0.92040442490770       -0.81171697078225       -1.14216931958255
H            3.33543007383061        0.49139411978619        0.41403172708215
H            2.01448169494525        1.43105304732487        1.17815828122891
H            2.46956807619472        1.71397325921242       -0.51189253586648
17
 energy: -23.958592309832 gnorm: 0.000080632450 xtb: 6.7.1 (edcfbbe)
C           -2.61591103576890        1.06545057003558       -0.09465893060700
C           -2.18358626698159       -0.25048107174448        0.54157876301395
C           -0.87799376723067       -0.76328502896976       -0.04852620118676
O            0.17633901144223        0.13470126879187        0.32876658527817
C            1.37747698030644       -0.06584218706756       -0.19542389300380
O            1.62124031380738       -0.97365470387655       -0.96551715106592
C            2.36675045673029        0.96117742642677        0.26649991571500
H           -2.78195969028411        0.93623521821975       -1.16157725507592
H           -3.53753375692609        1.41812425023205        0.35923597004176
H           -1.84701831190657        1.82034566758084        0.04725593702127
H           -2.94676734866732       -1.01219539779926        0.38284569599460
H           -2.04747814719641       -0.11419859689664        1.61478419653142
H           -0.63080060065966       -1.76134728855442        0.32830328149084
H           -0.92003678709532       -0.81239100243331       -1.14187333867518
H            3.33434507565967        0.49191699386670        0.41567400711904
H            2.01297905541422        1.43295311285752        1.17670228850562
H            2.47026395003559        1.71314299251864       -0.51301461392950
17
 energy: -23.958592368380 gnorm: 0.000057711268 xtb: 6.7.1 (edcfbbe)
C           -2.61499089563163        1.06556184212320       -0.09420788036397
C           -2.18372956102911       -0.25089357642797        0.54162048764947
C           -0.87805854242434       -0.76393872129991       -0.04812498476531
O            0.17628816738773        0.13390256393269        0.32940234539860
C            1.37707414672855       -0.06540987015057       -0.19609945776948
O            1.62062924573114       -0.97216696205974       -0.96751924946531
C            2.36617977847578        0.96163162432968        0.26621633531960
H           -2.78010453806413        0.93714526627970       -1.16137302267956
H           -3.53689971670182        1.41828203722280        0.35904756024957
H           -1.84599389416267        1.82013695782235        0.04888704316710
H           -2.94718054313599       -1.01217425195098        0.38208693577246
H           -2.04810135180411       -0.11520203104906        1.61496344218091
H           -0.63115939932823       -1.76201679603809        0.32884712219625
H           -0.91982887101067       -0.81311977461957       -1.14148776517722
H            3.33280357921028        0.49158953305169        0.41934349099282
H            2.01034440831067        1.43587602382331        1.17434310267429
H            2.47303711812772        1.71144835819820       -0.51489024821263
