----------------------------------------------- 
  Element       SASA      Sigma Z        Total  
     Z         Ang**2 cal/Ang**2/mol   kcal/mol 
----------------------------------------------- 
      H        134.066      48.690       6.528
      C         22.291     129.740       2.892
      O         19.281       0.000       0.000

 Subtotal:     175.637                   9.420
 -----------------------------------------------

  Elements    COT*SASA   Sigma Z,Z'     Total   
    Z,Z'       Ang**2  cal/Ang**2/mol kcal/mol  
 ---------------------------------------------- 
  H   C         81.664     -60.770      -4.963
  H   O          8.884       0.000       0.000
  C   C         16.379     -72.950      -1.195
  O   C          0.000      68.690       0.000

 Subtotal:                              -6.158
 ---------------------------------------------- 

 NONAQUEOUS SOLVENT CONTRIBUTION (kcal/mol):
 (proportional to SASA, atomic number independent)
 ---------------------------------------------- 
 Subtotal:                               0.000
 ---------------------------------------------- 

 CDS TOTAL (kcal/mol):                   3.262
...............................................................................
