----------------------------------------------- 
  Element       SASA      Sigma Z        Total  
     Z         Ang**2 cal/Ang**2/mol   kcal/mol 
----------------------------------------------- 
      H         93.088      48.690       4.532
      C         10.186     129.740       1.322
      O         50.026       0.000       0.000

 Subtotal:     153.300                   5.854
 -----------------------------------------------

  Elements    COT*SASA   Sigma Z,Z'     Total   
    Z,Z'       Ang**2  cal/Ang**2/mol kcal/mol  
 ---------------------------------------------- 
  H   C         38.682     -60.770      -2.351
  H   O         25.283       0.000       0.000
  C   C          7.038     -72.950      -0.513
  O   C          0.318      68.690       0.022
  O   O          0.000       0.000       0.000

 Subtotal:                              -2.842
 ---------------------------------------------- 

 NONAQUEOUS SOLVENT CONTRIBUTION (kcal/mol):
 (proportional to SASA, atomic number independent)
 ---------------------------------------------- 
 Subtotal:                               0.000
 ---------------------------------------------- 

 CDS TOTAL (kcal/mol):                   3.012
...............................................................................
