----------------------------------------------- 
  Element       SASA      Sigma Z        Total  
     Z         Ang**2 cal/Ang**2/mol   kcal/mol 
----------------------------------------------- 
      H         95.182      48.690       4.634
      C          9.698     129.740       1.258
      O         49.589       0.000       0.000

 Subtotal:     154.469                   5.893
 -----------------------------------------------

  Elements    COT*SASA   Sigma Z,Z'     Total   
    Z,Z'       Ang**2  cal/Ang**2/mol kcal/mol  
 ---------------------------------------------- 
  H   C         38.999     -60.770      -2.370
  H   O         26.426       0.000       0.000
  C   C          6.582     -72.950      -0.480
  O   C          0.532      68.690       0.037
  O   O          0.000       0.000       0.000

 Subtotal:                              -2.814
 ---------------------------------------------- 

 NONAQUEOUS SOLVENT CONTRIBUTION (kcal/mol):
 (proportional to SASA, atomic number independent)
 ---------------------------------------------- 
 Subtotal:                               0.000
 ---------------------------------------------- 

 CDS TOTAL (kcal/mol):                   3.079
...............................................................................
