----------------------------------------------- 
  Element       SASA      Sigma Z        Total  
     Z         Ang**2 cal/Ang**2/mol   kcal/mol 
----------------------------------------------- 
      H         92.942      48.690       4.525
      C         69.398     129.740       9.004
      O         69.699       0.000       0.000

 Subtotal:     232.038                  13.529
 -----------------------------------------------

  Elements    COT*SASA   Sigma Z,Z'     Total   
    Z,Z'       Ang**2  cal/Ang**2/mol kcal/mol  
 ---------------------------------------------- 
  H   C         53.928     -60.770      -3.277
  H   O          9.245       0.000       0.000
  C   C         80.797     -72.950      -5.894
  O   C         33.903      68.690       2.329
  O   O          0.000       0.000       0.000

 Subtotal:                              -6.843
 ---------------------------------------------- 

 NONAQUEOUS SOLVENT CONTRIBUTION (kcal/mol):
 (proportional to SASA, atomic number independent)
 ---------------------------------------------- 
 Subtotal:                               0.000
 ---------------------------------------------- 

 CDS TOTAL (kcal/mol):                   6.686
...............................................................................
