----------------------------------------------- 
  Element       SASA      Sigma Z        Total  
     Z         Ang**2 cal/Ang**2/mol   kcal/mol 
----------------------------------------------- 
      H        118.431      48.690       5.766
      C         34.406     129.740       4.464
      O         33.066       0.000       0.000

 Subtotal:     185.903                  10.230
 -----------------------------------------------

  Elements    COT*SASA   Sigma Z,Z'     Total   
    Z,Z'       Ang**2  cal/Ang**2/mol kcal/mol  
 ---------------------------------------------- 
  H   C         79.880     -60.770      -4.854
  H   O          0.000       0.000       0.000
  C   C         23.687     -72.950      -1.728
  O   C         18.007      68.690       1.237
  O   O          0.000       0.000       0.000

 Subtotal:                              -5.345
 ---------------------------------------------- 

 NONAQUEOUS SOLVENT CONTRIBUTION (kcal/mol):
 (proportional to SASA, atomic number independent)
 ---------------------------------------------- 
 Subtotal:                               0.000
 ---------------------------------------------- 

 CDS TOTAL (kcal/mol):                   4.885
...............................................................................
