----------------------------------------------- 
  Element       SASA      Sigma Z        Total  
     Z         Ang**2 cal/Ang**2/mol   kcal/mol 
----------------------------------------------- 
      H        137.660      48.690       6.703
      C         37.040     129.740       4.806
      O         30.864       0.000       0.000

 Subtotal:     205.564                  11.508
 -----------------------------------------------

  Elements    COT*SASA   Sigma Z,Z'     Total   
    Z,Z'       Ang**2  cal/Ang**2/mol kcal/mol  
 ---------------------------------------------- 
  H   C         92.547     -60.770      -5.624
  H   O          0.000       0.000       0.000
  C   C         24.089     -72.950      -1.757
  O   C         16.028      68.690       1.101
  O   O          0.000       0.000       0.000

 Subtotal:                              -6.280
 ---------------------------------------------- 

 NONAQUEOUS SOLVENT CONTRIBUTION (kcal/mol):
 (proportional to SASA, atomic number independent)
 ---------------------------------------------- 
 Subtotal:                               0.000
 ---------------------------------------------- 

 CDS TOTAL (kcal/mol):                   5.228
...............................................................................
