15
 energy: -16.906789846003 gnorm: 0.020128973785 xtb: 6.7.1 (edcfbbe)
C            2.87036817081481       -0.38333087536328       -0.08067365258344
C            1.41990605305168       -0.35526561298911        0.39307709232993
C            0.63839320930198        0.80588982006148       -0.21575986553436
C           -0.78410648917118        0.94946905902550        0.30628807867085
S           -1.92793433132967       -0.43167335182471       -0.16538384970856
H            3.41742294706246       -1.22334571623825        0.35884793893107
H            3.39238504440415        0.53922195673984        0.19639780588965
H            2.92412468248089       -0.48230203991949       -1.17060339342917
H            1.38808367113905       -0.27471469271301        1.48782431642304
H            0.93637306335154       -1.30483421124968        0.13280544143461
H            0.62345605141197        0.71452351220214       -1.30890369665143
H            1.16070170615849        1.74501085830715        0.01705678679988
H           -0.79780257597082        1.04682706423629        1.39602284203899
H           -1.25904258115039        1.84192392319718       -0.11208329681933
H           -1.35762483519492       -1.38924419196411        0.58722237665242
15
 energy: -16.907556706853 gnorm: 0.008470579460 xtb: 6.7.1 (edcfbbe)
C            2.86123317321612       -0.37980874421339       -0.08107709657735
C            1.41566389360284       -0.35672962819371        0.39564885766795
C            0.64447044675236        0.80826455083036       -0.21765287967004
C           -0.77330670162233        0.94977779316732        0.31090578581508
S           -1.89693479307045       -0.42441849271970       -0.17696979493986
H            3.39691226637227       -1.21869096603242        0.36047278797339
H            3.37578222872151        0.53926340716824        0.19899650934623
H            2.90737334464300       -0.47858048665697       -1.16545947058722
H            1.39346177936332       -0.27160836395616        1.48688556156906
H            0.93502809475665       -1.30123608626689        0.12443170914697
H            0.61903248043815        0.70182041413774       -1.30608748972753
H            1.16687778167171        1.74356809468573        0.01133884239070
H           -0.79991775689968        1.01930540581306        1.39935176054560
H           -1.25662474360731        1.83113458626845       -0.11342080928519
H           -1.34434770797811       -1.36390598252372        0.59477065077637
15
 energy: -16.907660707253 gnorm: 0.002096964209 xtb: 6.7.1 (edcfbbe)
C            2.86034027461841       -0.37999241720647       -0.08030775557822
C            1.41439109387140       -0.35508554287604        0.39684858536588
C            0.64457612032629        0.81080250349617       -0.21779839183249
C           -0.77327014148874        0.94947403147262        0.31125615218037
S           -1.88274766211092       -0.42630796969949       -0.18299115603441
H            3.39232695678246       -1.21849720532170        0.36113908908845
H            3.37116686053001        0.53790843709332        0.20053810764858
H            2.90233939540171       -0.47764359400811       -1.16238171694192
H            1.39310673948089       -0.26876574950633        1.48592571933831
H            0.93312782573827       -1.29571988658336        0.12096140893123
H            0.61274765679474        0.69436930786814       -1.30334067490880
H            1.17009053250572        1.74329100470542        0.00474812578545
H           -0.79706411929444        1.00815026551952        1.39819629965753
H           -1.25420159698886        1.83295866012141       -0.10761687165323
H           -1.34222614980690       -1.35678634356717        0.59695800339742
15
 energy: -16.907673831167 gnorm: 0.000777788788 xtb: 6.7.1 (edcfbbe)
C            2.86148521549015       -0.37953405838281       -0.07993283911011
C            1.41459209999337       -0.35439215469325        0.39719198115751
C            0.64466120796630        0.81132137898155       -0.21914929825932
C           -0.77362505797050        0.94715020039930        0.31222364121032
S           -1.88040202222823       -0.42667488391863       -0.18882850011562
H            3.39266720333465       -1.21840123829530        0.36174587802737
H            3.37226659734490        0.53833743150150        0.20110452476760
H            2.90286347728989       -0.47731509855741       -1.16201040026882
H            1.39247303228142       -0.26764831908164        1.48597645703152
H            0.93324994441268       -1.29462871902281        0.12108558256070
H            0.61093312031713        0.69209084491268       -1.30423087701992
H            1.17033928635137        1.74398911132316        0.00030715041918
H           -0.79535938735580        1.00300788239210        1.39922730185305
H           -1.25404460324186        1.83298276848817       -0.10202000207405
H           -1.34739632762545       -1.35212964453868        0.59944432426474
15
 energy: -16.907680580828 gnorm: 0.001041869282 xtb: 6.7.1 (edcfbbe)
C            2.86407323157179       -0.37863864022522       -0.07928007782980
C            1.41604013602214       -0.35315726050988        0.39679838299448
C            0.64466137661314        0.81126017178572       -0.22155949725482
C           -0.77406074495452        0.94502323827718        0.31264878654977
S           -1.87893862919971       -0.42627399488778       -0.19592071941495
H            3.39488220842361       -1.21784251092719        0.36304573530445
H            3.37517424277339        0.53943733007717        0.20197789730790
H            2.90596067671797       -0.47678506705756       -1.16168448393087
H            1.39279550389230       -0.26507337528828        1.48554001726983
H            0.93515693177067       -1.29403127256408        0.12185546948963
H            0.60877270939138        0.68924371233692       -1.30636498059711
H            1.16966047500875        1.74504322216874       -0.00597229716481
H           -0.79298576636267        0.99431236583324        1.40031762100834
H           -1.25380197608882        1.83569514745892       -0.09302758301501
H           -1.36268658921938       -1.35005756496997        0.60376065372713
15
 energy: -16.907682968769 gnorm: 0.000458329266 xtb: 6.7.1 (edcfbbe)
C            2.86472023683920       -0.37789203385741       -0.07935496496540
C            1.41708960995476       -0.35283180533564        0.39646044082979
C            0.64497658524798        0.81057116195976       -0.22191536603845
C           -0.77328955743900        0.94385152115848        0.31272891040047
S           -1.88098262257636       -0.42487560486865       -0.19799217198441
H            3.39585714367741       -1.21682383276357        0.36314858181957
H            3.37576452026466        0.54022389043390        0.20193988481995
H            2.90754985758425       -0.47608014308438       -1.16174750306247
H            1.39403929908563       -0.26397106170409        1.48529484779898
H            0.93654416404293       -1.29433788657845        0.12248592398584
H            0.60873600929226        0.68853044407212       -1.30676790252997
H            1.16936410943442        1.74498492015546       -0.00661597521549
H           -0.79220437463183        0.99109636227678        1.40050804380821
H           -1.25305891864495        1.83511526744210       -0.09151139883538
H           -1.37040227577132       -1.34940569779847        0.60547357361292
15
 energy: -16.907683551736 gnorm: 0.000174637677 xtb: 6.7.1 (edcfbbe)
C            2.86486800681265       -0.37733885308759       -0.07944984736758
C            1.41757050269135       -0.35281108547921        0.39651840607562
C            0.64498399137643        0.80988347038558       -0.22212584963729
C           -0.77267774338169        0.94391662719455        0.31284875286553
S           -1.88143862257003       -0.42412828382319       -0.19886066223283
H            3.39642514883218       -1.21589306928656        0.36308703358305
H            3.37553669839274        0.54095730433194        0.20167830307272
H            2.90787277570499       -0.47559701952215       -1.16174472520266
H            1.39501951479068       -0.26328314939073        1.48531617448746
H            0.93711713484717       -1.29463262759811        0.12341641316251
H            0.60868004241707        0.68759781817389       -1.30694186273670
H            1.16927939883423        1.74449234801785       -0.00719643727126
H           -0.79176250942370        0.98928241022524        1.40053593026499
H           -1.25201234001184        1.83560683479846       -0.09070062576518
H           -1.37475821295217       -1.34989722343206        0.60575392114577
15
 energy: -16.907683703726 gnorm: 0.000066198911 xtb: 6.7.1 (edcfbbe)
C            2.86505383434686       -0.37720694531975       -0.07953430385650
C            1.41781202364587       -0.35281104742524        0.39677418789426
C            0.64502498760004        0.80970771882042       -0.22206844748891
C           -0.77262258712964        0.94366822224959        0.31293051958709
S           -1.88192221374581       -0.42381398532297       -0.19969225820341
H            3.39694852345465       -1.21556421352695        0.36298220544972
H            3.37547083310624        0.54130362836703        0.20136549812310
H            2.90774011798915       -0.47556118634069       -1.16183829274197
H            1.39542145496361       -0.26298562221143        1.48553407498359
H            0.93741933369997       -1.29475429659053        0.12403295067792
H            0.60855196368688        0.68696697287101       -1.30682177359847
H            1.16944552364400        1.74438058533495       -0.00765457245092
H           -0.79172438131259        0.98842287941207        1.40058522550767
H           -1.25183014454426        1.83561026004110       -0.09015495728207
H           -1.37608548304493       -1.34920746885067        0.60569486784305
15
 energy: -16.907683748134 gnorm: 0.000041245003 xtb: 6.7.1 (edcfbbe)
C            2.86510629213469       -0.37712132462526       -0.07962201447012
C            1.41792198455167       -0.35281793861583        0.39706910452391
C            0.64501872518584        0.80954182232101       -0.22204402582978
C           -0.77261426985515        0.94364006745819        0.31302192664770
S           -1.88211179036135       -0.42357868348964       -0.20010700504590
H            3.39728005975462       -1.21528134089854        0.36295527502348
H            3.37546959971311        0.54155937241027        0.20088441405777
H            2.90747230360789       -0.47576071297462       -1.16192949793741
H            1.39572271711117       -0.26272215575409        1.48581466745468
H            0.93757346761176       -1.29487575437576        0.12463991274689
H            0.60848189431150        0.68650406504246       -1.30677091215808
H            1.16948249749597        1.74424739074255       -0.00792068520538
H           -0.79179399244697        0.98814630913013        1.40069999251907
H           -1.25164125310474        1.83579359790459       -0.08982831549113
H           -1.37666444934997       -1.34911921276754        0.60527208760845
