----------------------------------------------- 
  Element       SASA      Sigma Z        Total  
     Z         Ang**2 cal/Ang**2/mol   kcal/mol 
----------------------------------------------- 
      H        126.076      48.690       6.139
      C         24.296     129.740       3.152
      N          8.275       0.000       0.000

 Subtotal:     158.648                   9.291
 -----------------------------------------------

  Elements    COT*SASA   Sigma Z,Z'     Total   
    Z,Z'       Ang**2  cal/Ang**2/mol kcal/mol  
 ---------------------------------------------- 
  H   C         76.784     -60.770      -4.666
  C   C         14.926     -72.950      -1.089
  C   N          3.173       0.000       0.000
  N   C         64.835     -48.220      -3.126
  N  C(3)        0.000      84.100       0.000

 Subtotal:                              -8.881
 ---------------------------------------------- 

 NONAQUEOUS SOLVENT CONTRIBUTION (kcal/mol):
 (proportional to SASA, atomic number independent)
 ---------------------------------------------- 
 Subtotal:                               0.000
 ---------------------------------------------- 

 CDS TOTAL (kcal/mol):                   0.409
...............................................................................
