17
 energy: -23.963818472318 gnorm: 0.034670905506 xtb: 6.7.1 (edcfbbe)
C            1.86773517505802        0.65937902990649       -0.86082929742840
C            1.38626662800220        0.04368922126622        0.45442332036440
C            1.50701789186407       -1.48154956380055        0.44805710527667
C           -0.01535001878065        0.52176225166753        0.85004808777720
C           -1.14750883285915        0.15338727086905       -0.06445432093711
O           -1.08946528466318       -0.49136630894721       -1.09535726058295
O           -2.32807532992605        0.64475164169530        0.40195082793158
H            1.28124693584831        0.29943349404035       -1.71153469304398
H            2.91555069207253        0.39705020551951       -1.04156386067000
H            1.79427738042557        1.75220875196691       -0.83470123816699
H            2.04342256822805        0.41922867759269        1.24977851739718
H            2.54957272950776       -1.77964574809830        0.29411229036864
H            1.17304642962262       -1.90726676840600        1.40076740142405
H            0.90957114525767       -1.92862958702366       -0.35214608591883
H           -0.03328898714214        1.61535051395169        0.94266250538022
H           -0.28199680136654        0.13970517577971        1.84396995828427
H           -3.02949782515616        0.37970041885388       -0.21756914084406
17
 energy: -23.965264755923 gnorm: 0.016457752116 xtb: 6.7.1 (edcfbbe)
C            1.85816079162352        0.65382349092240       -0.85475168241103
C            1.39870892592915        0.05148378903788        0.47075397711038
C            1.49997097214244       -1.47167359529362        0.44473808456046
C           -0.00919908712511        0.52253235016399        0.85283113050155
C           -1.13271820690097        0.14895615110883       -0.06850002888384
O           -1.07029027700607       -0.49260401955653       -1.09217217739130
O           -2.30627240472856        0.62954380457397        0.38449718524852
H            1.25222561282692        0.28758776757345       -1.68278560448917
H            2.89640695302297        0.38569335424108       -1.04641926405336
H            1.78594058606293        1.74064710171809       -0.82848347587621
H            2.06771692115042        0.42028351886417        1.25839564517511
H            2.53317690783254       -1.77419385741583        0.27860095354524
H            1.16905051982677       -1.89498234813728        1.39259307998012
H            0.88837555856652       -1.89168194695444       -0.35302207019362
H           -0.02891627548024        1.61355335694219        0.93723547721291
H           -0.27822426598183        0.13479192313589        1.84036841941195
H           -3.02158873576846        0.37342783590934       -0.22626553283582
17
 energy: -23.965704211647 gnorm: 0.006659391570 xtb: 6.7.1 (edcfbbe)
C            1.85027365286444        0.65477949643399       -0.85155314921643
C            1.40432538960058        0.05611638616302        0.47991660988059
C            1.49278917523434       -1.46740101007644        0.44597143531702
C           -0.00383016700547        0.52701165079123        0.86193408699930
C           -1.11540588100108        0.14293657487236       -0.07217015919227
O           -1.04045230939782       -0.49869902470165       -1.09376014002628
O           -2.28319638481288        0.61399983573562        0.36613033179723
H            1.22352730087358        0.28387342157884       -1.65845925500933
H            2.87993622025989        0.37805683366749       -1.05964287520114
H            1.78257359515313        1.73888986194493       -0.82780498373578
H            2.07965846473466        0.42070576025800        1.26230744210513
H            2.51739909133954       -1.77829380019704        0.26251486163571
H            1.16725963829160       -1.89279299115376        1.39122830726306
H            0.86483831750690       -1.86216600607892       -0.34858322028280
H           -0.02687603863616        1.61647931975164        0.93936494634960
H           -0.27641584280042        0.13469596973023        1.84442710359352
H           -3.01387972621190        0.36899639811405       -0.23420722566526
17
 energy: -23.965763422649 gnorm: 0.002516345792 xtb: 6.7.1 (edcfbbe)
C            1.84766284509405        0.65587934141859       -0.85088948763813
C            1.40668456452033        0.05771497141729        0.48333783300514
C            1.49019292515941       -1.46679257235535        0.44689421075643
C           -0.00180821687603        0.52866540420608        0.86517424548051
C           -1.11066008706579        0.14172173066714       -0.07415366947876
O           -1.02646726270472       -0.50209591250868       -1.09590334897157
O           -2.27874230416188        0.60852525619429        0.35887749842460
H            1.21303296637446        0.28863600970354       -1.65321209356927
H            2.87437124479919        0.37385214964021       -1.06756879496989
H            1.78534887315281        1.74066546570116       -0.82581670221961
H            2.08387237541040        0.42128306374375        1.26456158973695
H            2.51192027023557       -1.78215878984289        0.25374527545920
H            1.17048412824697       -1.89259440877788        1.39439751238493
H            0.85399511876118       -1.85729919261100       -0.34311907478547
H           -0.02640743608981        1.61793239556800        0.94140189201769
H           -0.27626286725035        0.13581510619585        1.84668672337511
H           -3.01469264161285        0.36743865847349       -0.23679949239601
17
 energy: -23.965782176767 gnorm: 0.000960453954 xtb: 6.7.1 (edcfbbe)
C            1.84755656512665        0.65712359083260       -0.85076842019786
C            1.40663878721430        0.05755492404155        0.48303950232671
C            1.48996120508597       -1.46716477517007        0.44810335439745
C           -0.00164865999388        0.52865115280618        0.86555110529065
C           -1.11073555824120        0.14051259766800       -0.07501946725552
O           -1.02067167213951       -0.50357045066245       -1.09729439235875
O           -2.27892858063154        0.60647952937271        0.35534481879706
H            1.20863920553919        0.29611966505181       -1.65253136162451
H            2.87226449398179        0.37007264617605       -1.07225386852119
H            1.79155682901759        1.74288080703848       -0.82250746861236
H            2.08399439322994        0.42107859552604        1.26410762368678
H            2.51018315251308       -1.78400896028473        0.24733117453385
H            1.17728795490980       -1.89208462893284        1.39916794946917
H            0.84769299680475       -1.85897846396677       -0.33634600632600
H           -0.02692812282057        1.61805099905743        0.94201337641887
H           -0.27657494570459        0.13599462819720        1.84716174268545
H           -3.01776354789882        0.36847682008241       -0.23748554609792
17
 energy: -23.965789344145 gnorm: 0.001296474896 xtb: 6.7.1 (edcfbbe)
C            1.84860356316794        0.65775172498028       -0.85055584298671
C            1.40565631325746        0.05685158953134        0.48184050845527
C            1.49088244678592       -1.46768707926402        0.44898604730096
C           -0.00262776942031        0.52783385167532        0.86380007149639
C           -1.11282631914655        0.14106345035187       -0.07710961018641
O           -1.02028005373682       -0.50392106132881       -1.09873783879499
O           -2.28074773424023        0.60579718138647        0.35410626997646
H            1.20667846146418        0.30524132317832       -1.65388261954825
H            2.87128608213987        0.36481873561645       -1.07446020574958
H            1.80075896128878        1.74421495072772       -0.81756364697089
H            2.08181405514864        0.42110220862246        1.26376561388798
H            2.51007284133658       -1.78359015884809        0.24078995739468
H            1.18743662345773       -1.89070858623255        1.40439798534159
H            0.84280646552384       -1.86382348238545       -0.32867887195988
H           -0.02756058812429        1.61740731093475        0.94102980947862
H           -0.27765283190540        0.13555842783368        1.84582269670589
H           -3.02177602100441        0.36927829005384       -0.23593620722927
17
 energy: -23.965791978631 gnorm: 0.000665136652 xtb: 6.7.1 (edcfbbe)
C            1.84922319835080        0.65769287847335       -0.85039479202523
C            1.40518163461593        0.05689034338348        0.48155471441660
C            1.49163234510158       -1.46747731033600        0.44918795481013
C           -0.00344712498171        0.52710638434823        0.86291934523273
C           -1.11397761090509        0.13952324562702       -0.07683215380068
O           -1.02259218238885       -0.50366360640659       -1.09919429879687
O           -2.28117087648392        0.60647402556136        0.35457776419503
H            1.20648884970172        0.30743086775509       -1.65406442392850
H            2.87108017169821        0.36239886091278       -1.07424133392513
H            1.80415010387637        1.74397292352679       -0.81635757946617
H            2.08059916706725        0.42167821551478        1.26396915165773
H            2.51051929996393       -1.78206069497684        0.23836645718729
H            1.19152698282034       -1.89010623839241        1.40550773872261
H            0.84184285192644       -1.86483653246139       -0.32640904926337
H           -0.02854381262726        1.61670908351892        0.94023173657966
H           -0.27806219580084        0.13463211724479        1.84494139443404
H           -3.02192630594197        0.37082411354024       -0.23614850941799
17
 energy: -23.965793334838 gnorm: 0.000542692132 xtb: 6.7.1 (edcfbbe)
C            1.84952576984349        0.65756644008552       -0.84993700565320
C            1.40506449709414        0.05705789655409        0.48199837705727
C            1.49193124672538       -1.46727445624925        0.44936291239926
C           -0.00389102540928        0.52712604718430        0.86247242771834
C           -1.11374500480573        0.14054618999470       -0.07799044215975
O           -1.02389978694854       -0.50343887417507       -1.09969226464240
O           -2.28112689013653        0.60641259894306        0.35493966302540
H            1.20544202451889        0.30869130255034       -1.65309168480167
H            2.87042493075615        0.35982791638335       -1.07435026429480
H            1.80684331711337        1.74364617286450       -0.81558476251305
H            2.08009435246222        0.42203988965221        1.26469559402283
H            2.51029267921184       -1.78111488180753        0.23553627832830
H            1.19464330992262       -1.89007307223567        1.40614079135511
H            0.84024789099306       -1.86439169092806       -0.32472015220567
H           -0.02891472098583        1.61664179901567        0.93961656761111
H           -0.27899630426469        0.13440597205471        1.84421089606449
H           -3.02141179009761        0.36951942694671       -0.23599281469971
17
 energy: -23.965794010789 gnorm: 0.000164315866 xtb: 6.7.1 (edcfbbe)
C            1.84934082830428        0.65771240076557       -0.84978104332518
C            1.40531562696726        0.05732346622265        0.48244985786126
C            1.49178598611122       -1.46711238684219        0.44957933954166
C           -0.00381058031984        0.52719868688293        0.86280631636186
C           -1.11330228430987        0.14001006819288       -0.07794355851353
O           -1.02290587393537       -0.50366366732233       -1.10002117531239
O           -2.28100347150263        0.60600282765826        0.35412434512445
H            1.20369372713938        0.31017885054280       -1.65225457333421
H            2.86945093539818        0.35820324644449       -1.07564205265200
H            1.80860772303939        1.74393252187405       -0.81496292913088
H            2.08043472311505        0.42227849607299        1.26505365193061
H            2.50951915072017       -1.78124884696302        0.23296679958989
H            1.19685399405060       -1.88999076938711        1.40715368502602
H            0.83803316830291       -1.86390424628367       -0.32293012198182
H           -0.02927793976488        1.61668708699899        0.93987863876974
H           -0.27920438360306        0.13436161912919        1.84437349574380
H           -3.02100683371985        0.36921932284709       -0.23723655908741
17
 energy: -23.965794165985 gnorm: 0.000063885111 xtb: 6.7.1 (edcfbbe)
C            1.84929435540362        0.65786515029884       -0.84973716332395
C            1.40532627414429        0.05730429903027        0.48242259894003
C            1.49174114950621       -1.46712830728028        0.44975028541238
C           -0.00377130344509        0.52719819374925        0.86289325882322
C           -1.11319098392999        0.13995319301330       -0.07792986009214
O           -1.02255561087531       -0.50367648066179       -1.10008785601416
O           -2.28115223703822        0.60581673117708        0.35366673486136
H            1.20285454684666        0.31150463815726       -1.65198611644749
H            2.86893784300401        0.35745433864198       -1.07640778500197
H            1.80978638828978        1.74417541954791       -0.81438415888012
H            2.08049581761917        0.42222050715216        1.26494609299892
H            2.50904118642481       -1.78145996159857        0.23155969718299
H            1.19839181277119       -1.88985678967614        1.40794140579170
H            0.83672882580853       -1.86408348979991       -0.32149533504713
H           -0.02934554591997        1.61669397436394        0.94006648396513
H           -0.27924487694315        0.13435732796878        1.84445270692456
H           -3.02081314567360        0.36884993274951       -0.23805687348145
17
 energy: -23.965794182853 gnorm: 0.000037605465 xtb: 6.7.1 (edcfbbe)
C            1.84924504131202        0.65787545975406       -0.84972684231833
C            1.40533850985769        0.05730334962926        0.48244301930911
C            1.49171156658829       -1.46712659009989        0.44976541497383
C           -0.00377116186569        0.52717624972863        0.86288538311409
C           -1.11317254194851        0.13998081506425       -0.07796178768680
O           -1.02246196940419       -0.50369434223253       -1.10008706433109
O           -2.28117668693479        0.60578329091843        0.35352011794286
H            1.20255902656643        0.31193883643228       -1.65197839553421
H            2.86876740947938        0.35719258987625       -1.07658914771384
H            1.81011378163912        1.74419335944934       -0.81406581407251
H            2.08054196363151        0.42221439439982        1.26495295423181
H            2.50889929190205       -1.78146366079411        0.23104237924076
H            1.19894516336828       -1.88966931729738        1.40822221326932
H            0.83622020696540       -1.86421176523085       -0.32102848784703
H           -0.02930902400517        1.61667731405207        0.94011057071751
H           -0.27922307018789        0.13431892328544        1.84445464070304
H           -3.02070301097100        0.36869976989854       -0.23834503738666
