----------------------------------------------- 
  Element       SASA      Sigma Z        Total  
     Z         Ang**2 cal/Ang**2/mol   kcal/mol 
----------------------------------------------- 
      H         94.313      48.690       4.592
      C         20.008     129.740       2.596
      O         31.094       0.000       0.000

 Subtotal:     145.415                   7.188
 -----------------------------------------------

  Elements    COT*SASA   Sigma Z,Z'     Total   
    Z,Z'       Ang**2  cal/Ang**2/mol kcal/mol  
 ---------------------------------------------- 
  H   C         54.083     -60.770      -3.287
  H   O          9.872       0.000       0.000
  C   C          5.791     -72.950      -0.422
  O   C          0.173      68.690       0.012
  O   O          0.000       0.000       0.000

 Subtotal:                              -3.697
 ---------------------------------------------- 

 NONAQUEOUS SOLVENT CONTRIBUTION (kcal/mol):
 (proportional to SASA, atomic number independent)
 ---------------------------------------------- 
 Subtotal:                               0.000
 ---------------------------------------------- 

 CDS TOTAL (kcal/mol):                   3.491
...............................................................................
