19
 energy: -23.033799814980 gnorm: 0.033932571239 xtb: 6.7.1 (edcfbbe)
C            2.48656392220195        0.79742485416533        0.32007370289854
C            1.25393699766724       -0.10272007560003        0.23821338674548
C            1.43233377533067       -1.16177345671349       -0.85117326823581
C            0.00776035393597        0.74269614594228       -0.02475329366947
C           -1.31279932587028        0.03132542215604        0.12038447360610
O           -1.42844427894374       -1.00794657544890        0.76418204423342
C           -2.49009826219115        0.67188619278161       -0.55246747527035
H            2.62842877190695        1.34164984296736       -0.62143416479798
H            2.39031891112561        1.53437534534889        1.12459091166524
H            3.38976440666865        0.20667410476142        0.50561807071757
H            1.12595715696458       -0.60881591333199        1.20314821297927
H            1.58624473386247       -0.68250951572074       -1.82553771178527
H            0.55759711488952       -1.81528424026266       -0.92954190146420
H            2.30465161731314       -1.79049707090735       -0.64383941502690
H            0.05269816453390        1.21130019224406       -1.01663512317409
H           -0.04597452387998        1.58002681588395        0.68973717469579
H           -2.46569411020391        1.75889323562940       -0.42684609574715
H           -2.41095851247814        0.47634814542213       -1.62966392766656
H           -3.42996260995860        0.25956036059847       -0.18122894125188
19
 energy: -23.034792863982 gnorm: 0.011773056303 xtb: 6.7.1 (edcfbbe)
C            2.48167831075055        0.79583891837591        0.31769284480969
C            1.24663829850034       -0.09792766962335        0.23808432214660
C            1.42691731730878       -1.15071675116243       -0.85235190344337
C            0.00512814177133        0.75254002737580       -0.03298568643617
C           -1.30349730413306        0.02262008193862        0.12030760676744
O           -1.41511480040177       -1.00976350887574        0.75999373590685
C           -2.47520073025636        0.66996581741582       -0.55475888913359
H            2.62469344838403        1.33495287113544       -0.61910614950077
H            2.38396737820419        1.52395485414944        1.12173611382623
H            3.37316147907024        0.19960509949000        0.50554925982338
H            1.11108147378902       -0.60980442435001        1.19791255885563
H            1.57845620868564       -0.67669347112350       -1.82287905487744
H            0.55106855331194       -1.79575026365789       -0.91290641519113
H            2.29251357825262       -1.77635551985041       -0.63873689805847
H            0.05606044032502        1.20531070216945       -1.02757215870342
H           -0.03572232667840        1.57917061051878        0.68810675657489
H           -2.45576868626271        1.74981296629030       -0.41936271627659
H           -2.40644165336577        0.47008167853263       -1.62541830517674
H           -3.40729482438078        0.25577179116692       -0.18047836246126
19
 energy: -23.034918696498 gnorm: 0.001891252042 xtb: 6.7.1 (edcfbbe)
C            2.48395643113642        0.79642755189467        0.32128979128826
C            1.24633166238379       -0.09288713788939        0.23568047052891
C            1.42033363226448       -1.14750955272040       -0.85413533100063
C            0.00459427595820        0.75993936584275       -0.03635647087084
C           -1.29884832283746        0.02055431472409        0.12353990493415
O           -1.40496560827277       -1.01047594180376        0.75860693851897
C           -2.47035864964838        0.66668666614357       -0.55674233750391
H            2.62677756105073        1.33186991240514       -0.61425714228870
H            2.38566810081407        1.52200634777770        1.12471856674182
H            3.36913847412215        0.19508244613796        0.50992024835135
H            1.10360442876331       -0.60623564452910        1.19286725125533
H            1.56793705523585       -0.67437802182560       -1.82236143575990
H            0.54303326342430       -1.78841959643679       -0.90656527478838
H            2.28406607431654       -1.77192928640791       -0.64122490395760
H            0.05493400827431        1.20040541464268       -1.03325717493919
H           -0.03006467049272        1.58375415926399        0.68363991373956
H           -2.45142399997824        1.74293085512101       -0.41563970129758
H           -2.40143805688256        0.46465568341364       -1.62397142048237
H           -3.40095135675716        0.25013627416150       -0.18292523301750
19
 energy: -23.034933830009 gnorm: 0.001322187461 xtb: 6.7.1 (edcfbbe)
C            2.48679711671357        0.79494391347765        0.32384511612968
C            1.24632637018532       -0.09073471281092        0.23674079991751
C            1.41746760183881       -1.14477768954019       -0.85531850649332
C            0.00505729789637        0.76438146964993       -0.03801133428182
C           -1.29641957530467        0.01989533697223        0.12353509050695
O           -1.39897114196861       -1.00963632387091        0.76108260687293
C           -2.47073985100920        0.66391610001758       -0.55732342658791
H            2.63327489673247        1.33086197512898       -0.61104635653160
H            2.38818563674563        1.51977312938703        1.12793123945153
H            3.36934011397113        0.19015835309146        0.51454156875268
H            1.09968341222198       -0.60430045398731        1.19330744975775
H            1.56017154340168       -0.67151543782669       -1.82434478355737
H            0.53913839637591       -1.78459882034270       -0.90326774737088
H            2.28166200278541       -1.76992217999731       -0.64605866503056
H            0.05329073480298        1.19731765083316       -1.03756217323851
H           -0.02879964286546        1.59097110740139        0.67728948837306
H           -2.45165634113571        1.73982371711658       -0.41558365057321
H           -2.40014833752414        0.46011257338076       -1.62380873897953
H           -3.40133593098860        0.24594410183506       -0.18312131766562
19
 energy: -23.034939431637 gnorm: 0.000850971996 xtb: 6.7.1 (edcfbbe)
C            2.48856039658892        0.79346816501241        0.32650481523461
C            1.24643687027090       -0.08949612360891        0.23615896683746
C            1.41557760470727       -1.14350867560337       -0.85642586550018
C            0.00564176897421        0.76640854704216       -0.03942623452182
C           -1.29619009314764        0.02282320240040        0.12691607750278
O           -1.39631730388081       -1.00701145186973        0.76497039990486
C           -2.47174923987492        0.66178180842422       -0.55730215527332
H            2.63895116227765        1.32982215067292       -0.60786949229827
H            2.39047774896482        1.51849314278980        1.13096582164261
H            3.36961074432187        0.18649916484724        0.51881914430388
H            1.09798044776142       -0.60316648516629        1.19229489184123
H            1.55461929722675       -0.66915700023628       -1.82581505202849
H            0.53774405584116       -1.78452970719510       -0.90243835618667
H            2.28144519528660       -1.76794018904685       -0.65068528161551
H            0.05212585075507        1.19518740692353       -1.04105124018132
H           -0.02685299349980        1.59644467536654        0.67191607437879
H           -2.45539940049291        1.73814437691933       -0.41718056403393
H           -2.39849261250638        0.45651902752311       -1.62364395841952
H           -3.40184519669930        0.24183177472066       -0.18388133213544
19
 energy: -23.034942712130 gnorm: 0.000476388164 xtb: 6.7.1 (edcfbbe)
C            2.48898249390392        0.79212034868081        0.32852856655307
C            1.24606708579904       -0.08905160776127        0.23566806003604
C            1.41504150934891       -1.14231540808848       -0.85733977798935
C            0.00614069383705        0.76712612720278       -0.04105983784031
C           -1.29563970443450        0.02401245045804        0.12714014809923
O           -1.39553017561683       -1.00323470819712        0.76957824828187
C           -2.47213108559970        0.66066668173374       -0.55668624407931
H            2.64239713783509        1.32851255714094       -0.60538843883320
H            2.39097969342246        1.51729747603743        1.13298143699363
H            3.36886887155569        0.18381179374452        0.52229064839843
H            1.09626864915235       -0.60323766347487        1.19129405328597
H            1.55127325370915       -0.66716416741315       -1.82681624137157
H            0.53844296849544       -1.78516218280783       -0.90223154474827
H            2.28260966395293       -1.76522385864897       -0.65407450542953
H            0.05224443179415        1.19315324423590       -1.04409368848480
H           -0.02574125451535        1.60003156883373        0.66735992397843
H           -2.45795585406579        1.73750478635238       -0.41894940123726
H           -2.39870289203783        0.45390936302264       -1.62285724705229
H           -3.40129118366130        0.23985700886453       -0.18251749910902
19
 energy: -23.034944693402 gnorm: 0.000299030577 xtb: 6.7.1 (edcfbbe)
C            2.48876840125023        0.79086613880029        0.32978197046008
C            1.24536191630429       -0.08917126541586        0.23509277618324
C            1.41545072809385       -1.14127759304512       -0.85863007245790
C            0.00646112477714        0.76766503865211       -0.04278082447521
C           -1.29549062610722        0.02599670423187        0.12900332000265
O           -1.39537977877654       -0.99891707638465        0.77501115982898
C           -2.47201141693703        0.65995167123146       -0.55633772027620
H            2.64439108699529        1.32706666563481       -0.60373122432791
H            2.38972793916153        1.51586483210860        1.13405598791910
H            3.36753320509476        0.18170976648315        0.52537126482277
H            1.09398542319556       -0.60409774380899        1.19018408354419
H            1.54931900288871       -0.66576922150493       -1.82813527690905
H            0.54017929242380       -1.78584500697995       -0.90232551836394
H            2.28447996715458       -1.76235316190375       -0.65666338667039
H            0.05224226124684        1.19164026969992       -1.04670801453594
H           -0.02407631221175        1.60211902672169        0.66393340422755
H           -2.45997012645929        1.73698316828392       -0.42039531882824
H           -2.39818912573664        0.45195536085911       -1.62217856768895
H           -3.40045865948323        0.23822623625209       -0.18172138300307
19
 energy: -23.034944487393 gnorm: 0.000674648424 xtb: 6.7.1 (edcfbbe)
C            2.48855594082179        0.78963809292078        0.33099143353635
C            1.24466843368855       -0.08928693245943        0.23454361487034
C            1.41584939428103       -1.14025576714177       -0.85987863074601
C            0.00677425054595        0.76819181120782       -0.04445388643407
C           -1.29534209152232        0.02792936962927        0.13081384035775
O           -1.39522820457424       -0.99472926795117        0.78026673161450
C           -2.47188815214351        0.65925620910025       -0.55599478464282
H            2.64632990007318        1.32565439702840       -0.60212621828330
H            2.38851012270262        1.51445849122746        1.13509302243926
H            3.36622462465864        0.17965125249910        0.52835850920008
H            1.09175879857198       -0.60493247750722        1.18911777292191
H            1.54740777402290       -0.66440805166271       -1.82941635712767
H            0.54187102218297       -1.78649752928526       -0.90239521283454
H            2.28629992034567       -1.75954668241172       -0.65918028434121
H            0.05224784982003        1.19017332584165       -1.04925074198191
H           -0.02245739459750        1.60415569130004        0.66059897023572
H           -2.46194038875683        1.73647553347424       -0.42180040208454
H           -2.39768394547754        0.45005925782958       -1.62151472847252
H           -3.39963355176850        0.23662708627645       -0.18094598877555
19
 energy: -23.034945883195 gnorm: 0.000255747097 xtb: 6.7.1 (edcfbbe)
C            2.48866345455979        0.79013487362485        0.33128814998017
C            1.24503070916149       -0.08941088611954        0.23401544158146
C            1.41599507390089       -1.14095069339430       -0.86019286330796
C            0.00664748229022        0.76794455932800       -0.04442856930108
C           -1.29556591304075        0.02767214282707        0.13080823846841
O           -1.39570310187376       -0.99419765899233        0.78161880354956
C           -2.47215845983656        0.65939550139749       -0.55620889918224
H            2.64603958881703        1.32597959865670       -0.60200409353615
H            2.38827897269940        1.51515797421217        1.13529284192358
H            3.36664227400151        0.18054666181197        0.52860716740300
H            1.09209703177478       -0.60513216082798        1.18844984304291
H            1.54834731256013       -0.66480295786816       -1.82948225608437
H            0.54184459497603       -1.78704970179819       -0.90353402095823
H            2.28633622202731       -1.76034187397236       -0.65893383638355
H            0.05184447849503        1.19008508190300       -1.04904425929144
H           -0.02245552447335        1.60345224217450        0.66106955586475
H           -2.46118866371812        1.73659770033079       -0.42179321462480
H           -2.39800616697238        0.45003008291469       -1.62169815179022
H           -3.40036506247382        0.23750332370741       -0.18100321790201
19
 energy: -23.034946452408 gnorm: 0.000181816002 xtb: 6.7.1 (edcfbbe)
C            2.48858447864535        0.79012796309356        0.33148937988262
C            1.24512772713503       -0.08979021649137        0.23368539892376
C            1.41648930927336       -1.14110776107471       -0.86084780101349
C            0.00652112025267        0.76765904450721       -0.04455181824223
C           -1.29599984490136        0.02803674303064        0.13178055559032
O           -1.39647424769789       -0.99239257004649        0.78490524964877
C           -2.47248244784368        0.65923468308294       -0.55643891285334
H            2.64629891593791        1.32616888632309       -0.60175331612940
H            2.38755426751725        1.51520066231459        1.13548421758954
H            3.36681709136318        0.18093276233641        0.52925764826377
H            1.09216509662095       -0.60569207589306        1.18796665840373
H            1.54971538737311       -0.66465368875479       -1.82997292493880
H            0.54214530628421       -1.78697625303272       -0.90513857396343
H            2.28657131634138       -1.76087914094133       -0.65919077585521
H            0.05115473631552        1.18961893583336       -1.04925194164259
H           -0.02205354424808        1.60320181422116        0.66092896696426
H           -2.46081559355566        1.73656417955697       -0.42249496859287
H           -2.39784271201004        0.44921592300975       -1.62178781121043
H           -3.40115205992836        0.23814391884057       -0.18124257137320
19
 energy: -23.034946806544 gnorm: 0.000129461449 xtb: 6.7.1 (edcfbbe)
C            2.48846247384889        0.78996522466607        0.33184652181454
C            1.24506670153998       -0.08995768872364        0.23329642591483
C            1.41656086832077       -1.14087772292541       -0.86159295123674
C            0.00647740390822        0.76770727593364       -0.04477392747276
C           -1.29616230718764        0.02856682375422        0.13319935341491
O           -1.39687410161035       -0.99023167218629        0.78872128458740
C           -2.47235792267937        0.65875502570329       -0.55668866289668
H            2.64659300390536        1.32605994856959       -0.60127069028385
H            2.38696913808764        1.51497192540137        1.13584674125301
H            3.36659575777368        0.18075608136228        0.52999827254964
H            1.09180151986859       -0.60622853192370        1.18729629992645
H            1.55061820144147       -0.66402446757075       -1.83038282575761
H            0.54193477584131       -1.78631871707840       -0.90670436278765
H            2.28626869557497       -1.76107479533759       -0.65967331157186
H            0.05057900401964        1.18896076554677       -1.04972950548554
H           -0.02127127245040        1.60351503818768        0.66036399893664
H           -2.46075590608557        1.73617923609095       -0.42349314505200
H           -2.39692647197620        0.44786981105655       -1.62174418396092
H           -3.40125525926611        0.23802024938913       -0.18168867244003
19
 energy: -23.034947152223 gnorm: 0.000129239990 xtb: 6.7.1 (edcfbbe)
C            2.48846153254943        0.78962146907024        0.33211935673562
C            1.24493876231559       -0.09002103454230        0.23311567636328
C            1.41638251668426       -1.14033877704450       -0.86232377361668
C            0.00649588877249        0.76791937780257       -0.04476406220304
C           -1.29625373582288        0.02932209832319        0.13480635554153
O           -1.39718597414887       -0.98776039952562        0.79289699745978
C           -2.47213259796302        0.65796306143918       -0.55702749507605
H            2.64691668359624        1.32593149530313       -0.60081983139038
H            2.38683969969544        1.51444133841142        1.13625776129412
H            3.36645903663143        0.18025388411002        0.53039281857724
H            1.09144398839765       -0.60671228202564        1.18687001673393
H            1.55166302476620       -0.66302055640987       -1.83072573128650
H            0.54118090310615       -1.78492992276397       -0.90855474000493
H            2.28532592118428       -1.76151868362376       -0.66012168162653
H            0.05004965116777        1.18844337551390       -1.05002291487875
H           -0.02048956502628        1.60416291238370        0.65987157643948
H           -2.46110460816443        1.73554303854707       -0.42494825951271
H           -2.39546358729332        0.44603890187249       -1.62177238541139
H           -3.40120323757324        0.23727451307451       -0.18242302468623
19
 energy: -23.034947460446 gnorm: 0.000080190018 xtb: 6.7.1 (edcfbbe)
C            2.48857644609811        0.78921984072079        0.33239094130900
C            1.24477773243575       -0.08992889669181        0.23298413494352
C            1.41594928636890       -1.13971680960665       -0.86295930990203
C            0.00659828461487        0.76837850530169       -0.04469285395836
C           -1.29619523995343        0.03019802787114        0.13628230323241
O           -1.39723258630470       -0.98526341926840        0.79685258595018
C           -2.47186178339269        0.65697403158112       -0.55740863490238
H            2.64725291485107        1.32591518161660       -0.60028115004191
H            2.38722032460123        1.51366739720634        1.13688111671045
H            3.36632459104846        0.17942431743731        0.53040283188300
H            1.09106852090779       -0.60701265266617        1.18651367462821
H            1.55270186746844       -0.66192118632542       -1.83091337896590
H            0.53999183238242       -1.78319674985185       -0.91040552922988
H            2.28391747908701       -1.76212688239876       -0.66041631191388
H            0.04972077733788        1.18828590981617       -1.05023173275982
H           -0.01969855341763        1.60504901561770        0.65948534631448
H           -2.46189914375096        1.73472935950898       -0.42663224752988
H           -2.39396259850106        0.44394212883190       -1.62184329965133
H           -3.40092584900658        0.23599669121509       -0.18318182666410
19
 energy: -23.034947678191 gnorm: 0.000041810975 xtb: 6.7.1 (edcfbbe)
C            2.48887709168435        0.78879297787989        0.33266293670213
C            1.24466168099720       -0.08969602424275        0.23287987134390
C            1.41539307860178       -1.13909693279152       -0.86349787961981
C            0.00671746028448        0.76898401246445       -0.04457204244628
C           -1.29608087312080        0.03107259017273        0.13750624815465
O           -1.39710911667075       -0.98291116808905        0.80036417382550
C           -2.47168286816378        0.65591483422898       -0.55786862598912
H            2.64763599619871        1.32608566749934       -0.59964378905285
H            2.38800366843006        1.51269663366578        1.13769467211314
H            3.36636357961278        0.17842899276625        0.53007901511716
H            1.09070178492761       -0.60706366736993        1.18622042503918
H            1.55357923307304       -0.66093140155619       -1.83106822569818
H            0.53862636667645       -1.78139846139754       -0.91203916943959
H            2.28235587447207       -1.76278075261130       -0.66058981009570
H            0.04949299462017        1.18844004865459       -1.05031156727305
H           -0.01899781970390        1.60596498941630        0.65927085841059
H           -2.46285648847103        1.73384238569674       -0.42840235203573
H           -2.39270925505001        0.44173328190367       -1.62200492932457
H           -3.40064808552353        0.23453580362531       -0.18385315027962
19
 energy: -23.034947785766 gnorm: 0.000025663317 xtb: 6.7.1 (edcfbbe)
C            2.48910018948575        0.78852835226147        0.33285665390839
C            1.24459107551399       -0.08950993619869        0.23281482569417
C            1.41489343309057       -1.13870160209687       -0.86384417106416
C            0.00683035257369        0.76952813467412       -0.04442762936639
C           -1.29593447977618        0.03169333193116        0.13831927705522
O           -1.39691893439897       -0.98127165186289        0.80277441312295
C           -2.47153046286014        0.65511101395557       -0.55829245137127
H            2.64783155791616        1.32641720313283       -0.59911584863316
H            2.38876622937177        1.51188912669819        1.13845185830138
H            3.36639020359088        0.17766265020959        0.52958595460496
H            1.09047667703415       -0.60706666424245        1.18602642816913
H            1.55395945342906       -0.66027437466309       -1.83115984689522
H            0.53757432441246       -1.78020539248269       -0.91304799687119
H            2.28120713355610       -1.76323302286533       -0.66077861517900
H            0.04936188041476        1.18878665241107       -1.05026052677719
H           -0.01851886536496        1.60661830924848        0.65930814052537
H           -2.46346710426513        1.73317254831006       -0.42988533163124
H           -2.39187357803699        0.43995833873172       -1.62218687880883
H           -3.40041478281209        0.23351079276350       -0.18431159533217
19
 energy: -23.034947826353 gnorm: 0.000060078052 xtb: 6.7.1 (edcfbbe)
C            2.48932328728715        0.78826372664305        0.33305037111465
C            1.24452047003078       -0.08932384815462        0.23274978004444
C            1.41439378757936       -1.13830627140223       -0.86419046250851
C            0.00694324486291        0.77007225688380       -0.04428321628649
C           -1.29578808643156        0.03231407368959        0.13913230595579
O           -1.39672875212719       -0.97963213563672        0.80518465242040
C           -2.47137805755650        0.65430719368215       -0.55871627675342
H            2.64802711963360        1.32674873876632       -0.59858790821346
H            2.38952879031347        1.51108161973061        1.13920904448962
H            3.36641682756899        0.17689630765293        0.52909289409276
H            1.09025156914069       -0.60706966111496        1.18583243129909
H            1.55433967378508       -0.65961734776999       -1.83125146809226
H            0.53652228214848       -1.77901232356785       -0.91405682430278
H            2.28005839264012       -1.76368529311936       -0.66096742026230
H            0.04923076620935        1.18913325616754       -1.05020948628133
H           -0.01803991102602        1.60727162908066        0.65934542264015
H           -2.46407772005923        1.73250271092339       -0.43136831122676
H           -2.39103790102396        0.43818339555977       -1.62236882829309
H           -3.40018148010064        0.23248578190169       -0.18477004038473
