
         ______________________________________________________________
        |                                                              |
        |                                                              |
        |                   CENSO - Commandline ENSO                   |
        |                           v 2.1.2                            |
        |    energetic sorting of CREST Conformer Rotamer Ensembles    |
        |                    University of Bonn, MCTC                  |
        |                           Oct 2024                           |
        |                 based on ENSO version 2.0.1                  |
        |             L. M. Seidler, F. Bohle and S. Grimme            |
        |                                                              |
        |______________________________________________________________|

        Please cite:
        (TBA)
        S. Grimme, F. Bohle, A. Hansen, P. Pracht, S. Spicher, and M. Stahn
        J. Phys. Chem. A 2021, 125, 19, 4039-4054.
        DOI: https://doi.org/10.1021/acs.jpca.1c00971

        This program is distributed in the hope that it will be useful,
        but WITHOUT ANY WARRANTY; without even the implied warranty of
        MERCHANTABILITY or FITNESS FOR A PARTICULAR PURPOSE.

Reading configuration file from /home/z5358697/.censo2rc.
CALL: /srv/scratch/z5358697/.censo/bin/censo -i crest_conformers.xyz --maxcores 7 -O 1 --loglevel DEBUG
Read 7 conformers.
Number of atoms:              16
Charge:                       0
Unpaired electrons:           0


----------------------------------------------------------------------------------------------------
                                          GENERAL SETTINGS                                          
----------------------------------------------------------------------------------------------------
    
imagthr:                      -100.0
sthr:                         0.0
scale:                        1.0
temperature:                  298.15
solvent:                      h2o
sm_rrho:                      alpb
multitemp:                    False
evaluate_rrho:                False
consider_sym:                 False
bhess:                        False
rmsdbias:                     False
balance:                      False
gas-phase:                    False
copy_mo:                      True
retry_failed:                 True
trange:                       [273.15, 373.15, 5]



----------------------------------------------------------------------------------------------------
                                            PRESCREENING                                            
----------------------------------------------------------------------------------------------------
    
threshold:                    4.0
func:                         pbe-d4
basis:                        def2-sv(p)
prog:                         orca
gfnv:                         gfn2
run:                          True
template:                     False


Running xtb_gsolv calculation for CONF1.
Running xtb_gsolv calculation for CONF7.
Running xtb_gsolv calculation for CONF3.
Running xtb_gsolv calculation for CONF4.
Running xtb_gsolv calculation for CONF5.
Running xtb_gsolv calculation for CONF2.
Running xtb_gsolv calculation for CONF6.
Running sp calculation for CONF1.
Running sp calculation for CONF2.
Running sp calculation for CONF3.
Running sp calculation for CONF4.
Running sp calculation for CONF5.
Running sp calculation for CONF6.
Running sp calculation for CONF7.



-------------------------------- PRESCREENING SINGLE-POINT RESULTS ---------------------------------

CONF#        E (xTB)          ΔE (xTB)          E (DFT)          ΔE (DFT)        ΔGsolv (xTB)          Gtot             ΔGtot          Boltzmann weight   
               [Eh]          [kcal/mol]          [Eh]           [kcal/mol]        [kcal/mol]           [Eh]           [kcal/mol]        % at 298.15 K     
CONF1       -19.860533          0.00          -271.145328          0.00           -2.130017         -271.148722          0.00               73.58         
CONF2       -19.859916          0.39          -271.142647          1.68           -2.285821         -271.146290          1.53                5.60         
CONF3       -19.859910          0.39          -271.142727          1.63           -2.289681         -271.146376          1.47                6.13         
CONF4       -19.859925          0.38          -271.143818          0.95           -2.066660         -271.147112          1.01               13.36         
CONF5       -19.859607          0.58          -271.140648          2.94           -1.999830         -271.143835          3.07                0.42         
CONF6       -19.859299          0.77          -271.140408          3.09           -2.179142         -271.143881          3.04                0.44         
CONF7       -19.859182          0.85          -271.140842          2.82           -1.960769         -271.143967          2.98                0.48         

Boltzmann averaged free energy/enthalpy of ensemble on input geometries (not DFT optimized):
temperature /K:   avE(T) /a.u.   avG(T) /a.u.
    298.15        -271.1447544    -271.1481630     <<==part0==
----------------------------------------------------------------------------------------------------

Number of conformers:         7
Highest ranked conformer:     CONF1


Ran prescreening in 6.43 seconds!

----------------------------------------------------------------------------------------------------
                                             SCREENING                                              
----------------------------------------------------------------------------------------------------
    
threshold:                    3.5
func:                         r2scan-3c
basis:                        def2-tzvp
prog:                         orca
sm:                           smd
gfnv:                         gfn2
run:                          True
implicit:                     False
template:                     False


Running gsolv calculation for CONF1.
Running gsolv calculation for CONF3.
Running gsolv calculation for CONF2.
Running gsolv calculation for CONF7.
Running gsolv calculation for CONF6.
Running gsolv calculation for CONF5.
Running gsolv calculation for CONF4.

----------------------------- SCREENING SINGLE-POINT (+ mRRHO) RESULTS -----------------------------

CONF#        G (xTB)          ΔG (xTB)          E (DFT)          ΔGsolv         GmRRHO          Gtot             ΔGtot          Boltzmann weight   
               [Eh]          [kcal/mol]          [Eh]             [Eh]           [Eh]           [Eh]           [kcal/mol]        % at 298.15 K     
CONF1       -19.863928          ---           -271.705611       -0.006231        ---         -271.711843          0.00               62.94         
CONF2       -19.863559          ---           -271.703264       -0.006934        ---         -271.710198          1.03               11.03         
CONF3       -19.863558          ---           -271.703244       -0.006948        ---         -271.710192          1.04               10.96         
CONF4       -19.863218          ---           -271.704039       -0.006205        ---         -271.710244          1.00               11.58         
CONF5       -19.862794          ---           -271.701443       -0.006669        ---         -271.708112          2.34                1.21         
CONF6       -19.862772          ---           -271.701166       -0.007153        ---         -271.708319          2.21                1.51         
CONF7       -19.862307          ---           -271.701362       -0.006342        ---         -271.707704          2.60                0.79         

Boltzmann averaged free energy/enthalpy of ensemble on input geometries (not DFT optimized):
temperature /K:   avE(T) /a.u.   avG(T) /a.u.
    298.15        -271.7047602    -271.7111647     <<==part1==
----------------------------------------------------------------------------------------------------


----------------------------------- SCREENING RANKING COMPARISON -----------------------------------

CONF#       ΔGtot prescreening       ΔGtot screening   
                [kcal/mol]             [kcal/mol]      
CONF1              0.00                   0.00         
CONF2              1.53                   1.03         
CONF3              1.47                   1.04         
CONF4              1.01                   1.00         
CONF5              3.07                   2.34         
CONF6              3.04                   2.21         
CONF7              2.98                   2.60         
----------------------------------------------------------------------------------------------------



Number of conformers:         7
Highest ranked conformer:     CONF1


Ran screening in 37.56 seconds!

----------------------------------------------------------------------------------------------------
                                            OPTIMIZATION                                            
----------------------------------------------------------------------------------------------------
    
optcycles:                    8
maxcyc:                       200
threshold:                    1.5
hlow:                         0.01
gradthr:                      0.01
func:                         r2scan-3c
basis:                        def2-tzvp
prog:                         orca
sm:                           smd
gfnv:                         gfn2
optlevel:                     normal
run:                          True
macrocycles:                  True
crestcheck:                   True
template:                     False
constrain:                    False
xtb_opt:                      True


Optimization using macrocycles, 8 microcycles per step.
Running xtb_opt calculation for CONF1.
Running xtb_opt calculation for CONF4.
Running xtb_opt calculation for CONF2.
Running xtb_opt calculation for CONF3.
Running xtb_opt calculation for CONF5.
Running xtb_opt calculation for CONF7.
Running xtb_opt calculation for CONF6.
Running xtb_rrho calculation for CONF1.
Running xtb_rrho calculation for CONF5.
Running xtb_rrho calculation for CONF4.
Running xtb_rrho calculation for CONF6.
Running xtb_rrho calculation for CONF2.
Running xtb_rrho calculation for CONF3.
Running xtb_rrho calculation for CONF7.
CONF2 converged after 6 steps.
CONF3 converged after 5 steps.
CONF6 converged after 3 steps.
CONF5 converged after 5 steps.

----------------------------------- OPTIMIZATION CYCLE 8 UPDATE ------------------------------------

CONF#          Gtot             ΔGtot          grad_norm       converged   
               [Eh]           [kcal/mol]        [Eh/a0]                    
CONF1       -271.607035          0.00          0.000815          False     
CONF2       -271.604486          1.60          0.000464          True      
CONF3       -271.604493          1.60          0.000743          True      
CONF4       -271.605612          0.89          0.002154          False     
CONF5       -271.601156          3.69          0.000382          True      
CONF6       -271.600931          3.83          0.000562          True      
CONF7       -271.602355          2.94          0.001109          False     
----------------------------------------------------------------------------------------------------
Running xtb_opt calculation for CONF1.
Running xtb_opt calculation for CONF4.
Running xtb_opt calculation for CONF7.
No longer considering CONF6 (gradient too small and ΔG = 3.86).
No longer considering CONF5 (gradient too small and ΔG = 3.72).

----------------------------------- OPTIMIZATION CYCLE 16 UPDATE -----------------------------------

CONF#          Gtot             ΔGtot          grad_norm       converged   
               [Eh]           [kcal/mol]        [Eh/a0]                    
CONF1       -271.607082          0.00          0.000889          False     
CONF2       -271.604486          1.63          0.000464          True      
CONF3       -271.604493          1.62          0.000743          True      
CONF4       -271.606223          0.54          0.004386          False     
CONF7       -271.602908          2.62          0.008961          False     
----------------------------------------------------------------------------------------------------
Running xtb_opt calculation for CONF1.
Running xtb_opt calculation for CONF4.
Running xtb_opt calculation for CONF7.
CONF1 converged after 33 steps.

----------------------------------- OPTIMIZATION CYCLE 24 UPDATE -----------------------------------

CONF#          Gtot             ΔGtot          grad_norm       converged   
               [Eh]           [kcal/mol]        [Eh/a0]                    
CONF1       -271.607087          0.03          0.000398          True      
CONF2       -271.604486          1.67          0.000464          True      
CONF3       -271.604493          1.66          0.000743          True      
CONF4       -271.607142          0.00          0.003828          False     
CONF7       -271.604275          1.80          0.003944          False     
----------------------------------------------------------------------------------------------------
Running xtb_opt calculation for CONF7.
Running xtb_opt calculation for CONF4.

----------------------------------- OPTIMIZATION CYCLE 32 UPDATE -----------------------------------

CONF#          Gtot             ΔGtot          grad_norm       converged   
               [Eh]           [kcal/mol]        [Eh/a0]                    
CONF1       -271.607087          0.21          0.000398          True      
CONF2       -271.604486          1.84          0.000464          True      
CONF3       -271.604493          1.83          0.000743          True      
CONF4       -271.607417          0.00          0.001296          False     
CONF7       -271.604924          1.56          0.003034          False     
----------------------------------------------------------------------------------------------------
Running xtb_opt calculation for CONF4.
Running xtb_opt calculation for CONF7.
CONF4 converged after 66 steps.
CONF7 converged after 70 steps.
No longer considering CONF2 (gradient too small and ΔG = 1.85).
No longer considering CONF3 (gradient too small and ΔG = 1.84).
No longer considering CONF7 (gradient too small and ΔG = 1.54).

----------------------------------- OPTIMIZATION CYCLE 40 UPDATE -----------------------------------

CONF#          Gtot             ΔGtot          grad_norm       converged   
               [Eh]           [kcal/mol]        [Eh/a0]                    
CONF1       -271.607087          0.21          0.000398          True      
CONF4       -271.607427          0.00          0.000483          True      
----------------------------------------------------------------------------------------------------
Running xtb_rrho calculation for CONF1.
Running xtb_rrho calculation for CONF4.

--------------------------------------- OPTIMIZATION RESULTS ---------------------------------------

CONF#       E (DFT) (+ ΔGsolv)       ΔE (DFT) (+ δΔGsolv)       GmRRHO          Gtot             ΔGtot          Boltzmann weight   
                   [Eh]                   [kcal/mol]             [Eh]           [Eh]           [kcal/mol]        % at 298.15 K     
CONF1          -271.713324                   0.00                ---         -271.607111          0.00               51.63         
CONF4          -271.713332                   0.00                ---         -271.607049          0.04               48.37         

Boltzmann averaged free energy/enthalpy of ensemble on optimized geometries:
temperature /K:   avE(T) /a.u.   avG(T) /a.u.
    298.15        -271.7133277    -271.6070808     <<==part2==
----------------------------------------------------------------------------------------------------


--------------------------------------- OPTIMIZATION RESULTS ---------------------------------------

CONF#       E (DFT) (+ ΔGsolv)       ΔE (DFT) (+ δΔGsolv)       GmRRHO          Gtot             ΔGtot          Boltzmann weight   
                   [Eh]                   [kcal/mol]             [Eh]           [Eh]           [kcal/mol]        % at 298.15 K     
CONF1          -271.713324                   0.00                ---         -271.607111          0.00               51.63         
CONF4          -271.713332                   0.00                ---         -271.607049          0.04               48.37         

Boltzmann averaged free energy/enthalpy of ensemble on optimized geometries:
temperature /K:   avE(T) /a.u.   avG(T) /a.u.
    298.15        -271.7133277    -271.6070808     <<==part2==
----------------------------------------------------------------------------------------------------


--------------------------------- OPTIMIZATION RANKING COMPARISON ----------------------------------

CONF#       ΔGtot prescreening       ΔGtot screening       ΔGtot optimization   
                [kcal/mol]             [kcal/mol]              [kcal/mol]       
CONF1              0.00                   0.00                    0.00          
CONF4              1.01                   1.00                    0.04          
----------------------------------------------------------------------------------------------------



Number of conformers:         2
Highest ranked conformer:     CONF1


Ran optimization in 818.61 seconds!

----------------------------------------------------------------------------------------------------
                                             REFINEMENT                                             
----------------------------------------------------------------------------------------------------
    
threshold:                    0.95
func:                         wb97x-v
basis:                        def2-tzvp
prog:                         orca
sm:                           smd
gfnv:                         gfn2
run:                          True
implicit:                     False
template:                     False


Running gsolv calculation for CONF1.
Running gsolv calculation for CONF4.
No longer considering CONF1.
No longer considering CONF4.

---------------------------- REFINEMENT SINGLE-POINT (+ mRRHO) RESULTS -----------------------------

CONF#         E (DFT)          ΔGsolv         GmRRHO          Gtot             ΔGtot          Boltzmann weight   
               [Eh]             [Eh]           [Eh]           [Eh]           [kcal/mol]        % at 298.15 K     
CONF1       -271.794774       -0.007320        ---         -271.802094          0.00               49.98         
CONF4       -271.794689       -0.007406        ---         -271.802095          0.00               50.02         

Boltzmann averaged free energy/enthalpy of ensemble (high level single-points):
temperature /K:   avE(T) /a.u.   avG(T) /a.u.
    298.15        -271.7947315    -271.8020946     <<==part3==
----------------------------------------------------------------------------------------------------


---------------------------------- REFINEMENT RANKING COMPARISON -----------------------------------

CONF#       ΔGtot prescreening       ΔGtot screening       ΔGtot optimization       ΔGtot refinement   
                [kcal/mol]             [kcal/mol]              [kcal/mol]              [kcal/mol]      
CONF1              0.00                   0.00                    0.00                    0.00         
CONF4              1.01                   1.00                    0.04                    0.00         
----------------------------------------------------------------------------------------------------



Number of conformers:         2
Highest ranked conformer:     CONF4


Ran refinement in 172.75 seconds!

Ran CENSO in 00:17:15

CENSO all done!
