----------------------------------------------- 
  Element       SASA      Sigma Z        Total  
     Z         Ang**2 cal/Ang**2/mol   kcal/mol 
----------------------------------------------- 
      H         84.695      48.690       4.124
      C        102.309     129.740      13.274
      O         52.716       0.000       0.000
      F         44.691      38.180       1.706

 Subtotal:     284.410                  19.104
 -----------------------------------------------

  Elements    COT*SASA   Sigma Z,Z'     Total   
    Z,Z'       Ang**2  cal/Ang**2/mol kcal/mol  
 ---------------------------------------------- 
  H   C         44.090     -60.770      -2.679
  H   O         13.951       0.000       0.000
  C   C        141.017     -72.950     -10.287
  O   C         24.024      68.690       1.650
  O   O          0.000       0.000       0.000

 Subtotal:                             -11.316
 ---------------------------------------------- 

 NONAQUEOUS SOLVENT CONTRIBUTION (kcal/mol):
 (proportional to SASA, atomic number independent)
 ---------------------------------------------- 
 Subtotal:                               0.000
 ---------------------------------------------- 

 CDS TOTAL (kcal/mol):                   7.787
...............................................................................
