----------------------------------------------- 
  Element       SASA      Sigma Z        Total  
     Z         Ang**2 cal/Ang**2/mol   kcal/mol 
----------------------------------------------- 
      H        131.642      48.690       6.410
      C         23.589     129.740       3.060
      O         14.761       0.000       0.000

 Subtotal:     169.991                   9.470
 -----------------------------------------------

  Elements    COT*SASA   Sigma Z,Z'     Total   
    Z,Z'       Ang**2  cal/Ang**2/mol kcal/mol  
 ---------------------------------------------- 
  H   C         81.663     -60.770      -4.963
  H   O          7.398       0.000       0.000
  C   C         17.430     -72.950      -1.272
  O   C          0.084      68.690       0.006

 Subtotal:                              -6.228
 ---------------------------------------------- 

 NONAQUEOUS SOLVENT CONTRIBUTION (kcal/mol):
 (proportional to SASA, atomic number independent)
 ---------------------------------------------- 
 Subtotal:                               0.000
 ---------------------------------------------- 

 CDS TOTAL (kcal/mol):                   3.242
...............................................................................
