----------------------------------------------- 
  Element       SASA      Sigma Z        Total  
     Z         Ang**2 cal/Ang**2/mol   kcal/mol 
----------------------------------------------- 
      H        132.183      48.690       6.436
      C         25.755     129.740       3.341
      N          7.587       0.000       0.000

 Subtotal:     165.526                   9.777
 -----------------------------------------------

  Elements    COT*SASA   Sigma Z,Z'     Total   
    Z,Z'       Ang**2  cal/Ang**2/mol kcal/mol  
 ---------------------------------------------- 
  H   C         81.823     -60.770      -4.972
  C   C         15.891     -72.950      -1.159
  C   N          3.073       0.000       0.000
  N   C         59.713     -48.220      -2.879
  N  C(3)        0.000      84.100       0.000

 Subtotal:                              -9.011
 ---------------------------------------------- 

 NONAQUEOUS SOLVENT CONTRIBUTION (kcal/mol):
 (proportional to SASA, atomic number independent)
 ---------------------------------------------- 
 Subtotal:                               0.000
 ---------------------------------------------- 

 CDS TOTAL (kcal/mol):                   0.767
...............................................................................
