26
 energy: -315.582375135482 gnorm: 0.001452264664 xtb: 6.7.1 (edcfbbe)
C           -2.47974241089589        0.74473088275034        0.47498307205807
C           -1.23763772704367       -0.15201559696404        0.52156675430986
C           -1.62548919252457       -1.57051634203606        0.09413360456213
C           -0.09006972047398        0.43457673197254       -0.33468619945395
C            0.29699720654747        1.83585150606652        0.15585185789828
C            1.13516453552796       -0.50633642806469       -0.44208156683551
C            2.17874119582799        0.02196608979912       -1.43167739590151
C            1.79213573148428       -0.80394059033873        0.90745560621541
H           -2.29660117407087        1.73327932803853        0.90476145733283
H           -2.81836409722729        0.88260622226223       -0.56017204126821
H           -3.30277508551329        0.28987373393650        1.03711510459652
H           -0.89488318398653       -0.19022489814645        1.56549200252001
H           -1.86541867915480       -1.60270856146772       -0.97614672896805
H           -2.51361949964548       -1.90283907763807        0.64279252835761
H           -0.83214906861312       -2.29857567896147        0.28430217395748
H           -0.48510778627711        0.53493002290218       -1.35887262318915
H            1.17733981823274        2.21832270115538       -0.36786527761012
H            0.51976070861405        1.83313486765322        1.22935437400523
H           -0.51008050998980        2.55335519233301       -0.01171725424340
H            0.77104408255323       -1.45579791370439       -0.85363719156168
H            2.92644765991205       -0.74880852302749       -1.64621069536213
H            1.71612889472291        0.31383880138538       -2.38056736221718
H            2.71336025048964        0.89068461253512       -1.03551036622292
H            1.09512591941570       -1.26509837867562        1.61407079118581
H            2.18380687031767        0.11034619141317        1.36816796321410
H            2.63542333911909       -1.49123919172468        0.77761009055041
26
 energy: -315.582380878624 gnorm: 0.000356177546 xtb: 6.7.1 (edcfbbe)
C           -2.48103042836993        0.74415812216100        0.47539299975104
C           -1.23779925743253       -0.15137702618731        0.52138946977371
C           -1.62443522395717       -1.57009072093557        0.09334470570836
C           -0.09010932236490        0.43588090785268       -0.33474589774661
C            0.29728604941127        1.83646056867662        0.15593309940439
C            1.13510460399061       -0.50581269181999       -0.44196250099886
C            2.17944704650050        0.02040670979587       -1.43159727654550
C            1.79121748365316       -0.80325472725813        0.90769136174472
H           -2.29913344855370        1.73249495519809        0.90560432706602
H           -2.81987279146083        0.88169391481704       -0.55949533781038
H           -3.30304636027811        0.28823114374454        1.03753159905938
H           -0.89425379990559       -0.18942082608221        1.56556363944191
H           -1.86674069823469       -1.60015404481751       -0.97665645194672
H           -2.51024438598869       -1.90473938017865        0.64420505868609
H           -0.82943425886686       -2.29762834591578        0.28039589294050
H           -0.48462622045734        0.53626522689176       -1.35895333658509
H            1.17657067685149        2.21926288671510       -0.36947955434485
H            0.52178425460201        1.83286089713901        1.22899504528122
H           -0.51026743969101        2.55410697349923       -0.01006340925155
H            0.76970568834906       -1.45498508412419       -0.85266053352371
H            2.92595143692193       -0.75265810704462       -1.64508796461976
H            1.71688467666691        0.31291555007406       -2.38167815135700
H            2.71571602799661        0.88921521809179       -1.03505880018206
H            1.09363661330973       -1.26412161926418        1.61457131566337
H            2.18324824114035        0.11120301299870        1.36766915871801
H            2.63397908397838       -1.49151759298102        0.77766373663128
26
 energy: -315.582383146670 gnorm: 0.000403023699 xtb: 6.7.1 (edcfbbe)
C           -2.48170753678657        0.74350029333818        0.47554735421169
C           -1.23760261994325       -0.15095242007464        0.52121251322330
C           -1.62377408836785       -1.56962510546140        0.09265760633782
C           -0.09026287025166        0.43701887375463       -0.33516193201210
C            0.29753455726394        1.83710245759326        0.15582514782976
C            1.13462684373086       -0.50561353457035       -0.44173549638704
C            2.17975595602084        0.01911799946973       -1.43111588162480
C            1.79051316373781       -0.80277119824246        0.90799586024244
H           -2.30084458933641        1.73190632144484        0.90606604031054
H           -2.82107233074398        0.88077466343818       -0.55917224843202
H           -3.30294748197056        0.28632555912324        1.03783378182377
H           -0.89390518184715       -0.18878826610594        1.56540521537674
H           -1.86932622694361       -1.59831726793410       -0.97664153621655
H           -2.50721997691051       -1.90652756162830        0.64586644344652
H           -0.82703124404658       -2.29621441563580        0.27592286985572
H           -0.48458067171167        0.53745847589317       -1.35943256436040
H            1.17543168151399        2.22069246624078       -0.37146128175747
H            0.52467358808769        1.83286562945003        1.22830330406924
H           -0.51063250722076        2.55474106348880       -0.00757501581969
H            0.76861676017900       -1.45452979606612       -0.85225889965455
H            2.92525035343626       -0.75504074886968       -1.64421866675581
H            1.71825915880994        0.31197615300939       -2.38163995967515
H            2.71742462309456        0.88733616956012       -1.03501753476942
H            1.09252692633559       -1.26292324078084        1.61492810378398
H            2.18297675148471        0.11155652029371        1.36776840859279
H            2.63285535152349       -1.49167300067736        0.77861012700338
26
 energy: -315.582383146670 gnorm: 0.000403023699 xtb: 6.7.1 (edcfbbe)
C           -2.48170753678657        0.74350029333818        0.47554735421169
C           -1.23760261994325       -0.15095242007464        0.52121251322330
C           -1.62377408836785       -1.56962510546140        0.09265760633782
C           -0.09026287025166        0.43701887375463       -0.33516193201210
C            0.29753455726394        1.83710245759326        0.15582514782976
C            1.13462684373086       -0.50561353457035       -0.44173549638704
C            2.17975595602084        0.01911799946973       -1.43111588162480
C            1.79051316373781       -0.80277119824246        0.90799586024244
H           -2.30084458933641        1.73190632144484        0.90606604031054
H           -2.82107233074398        0.88077466343818       -0.55917224843202
H           -3.30294748197056        0.28632555912324        1.03783378182377
H           -0.89390518184715       -0.18878826610594        1.56540521537674
H           -1.86932622694361       -1.59831726793410       -0.97664153621655
H           -2.50721997691051       -1.90652756162830        0.64586644344652
H           -0.82703124404658       -2.29621441563580        0.27592286985572
H           -0.48458067171167        0.53745847589317       -1.35943256436040
H            1.17543168151399        2.22069246624078       -0.37146128175747
H            0.52467358808769        1.83286562945003        1.22830330406924
H           -0.51063250722076        2.55474106348880       -0.00757501581969
H            0.76861676017900       -1.45452979606612       -0.85225889965455
H            2.92525035343626       -0.75504074886968       -1.64421866675581
H            1.71825915880994        0.31197615300939       -2.38163995967515
H            2.71742462309456        0.88733616956012       -1.03501753476942
H            1.09252692633559       -1.26292324078084        1.61492810378398
H            2.18297675148471        0.11155652029371        1.36776840859279
H            2.63285535152349       -1.49167300067736        0.77861012700338
