----------------------------------------------- 
  Element       SASA      Sigma Z        Total  
     Z         Ang**2 cal/Ang**2/mol   kcal/mol 
----------------------------------------------- 
      H        120.966      48.690       5.890
      C         34.175     129.740       4.434
      O         31.754       0.000       0.000

 Subtotal:     186.895                  10.324
 -----------------------------------------------

  Elements    COT*SASA   Sigma Z,Z'     Total   
    Z,Z'       Ang**2  cal/Ang**2/mol kcal/mol  
 ---------------------------------------------- 
  H   C         81.327     -60.770      -4.942
  H   O          0.000       0.000       0.000
  C   C         23.735     -72.950      -1.731
  O   C         16.905      68.690       1.161
  O   O          0.000       0.000       0.000

 Subtotal:                              -5.513
 ---------------------------------------------- 

 NONAQUEOUS SOLVENT CONTRIBUTION (kcal/mol):
 (proportional to SASA, atomic number independent)
 ---------------------------------------------- 
 Subtotal:                               0.000
 ---------------------------------------------- 

 CDS TOTAL (kcal/mol):                   4.811
...............................................................................
