----------------------------------------------- 
  Element       SASA      Sigma Z        Total  
     Z         Ang**2 cal/Ang**2/mol   kcal/mol 
----------------------------------------------- 
      H        152.762      48.690       7.438
      C         26.095     129.740       3.386
      O         17.343       0.000       0.000

 Subtotal:     196.200                  10.824
 -----------------------------------------------

  Elements    COT*SASA   Sigma Z,Z'     Total   
    Z,Z'       Ang**2  cal/Ang**2/mol kcal/mol  
 ---------------------------------------------- 
  H   C         94.309     -60.770      -5.731
  H   O          8.773       0.000       0.000
  C   C         18.514     -72.950      -1.351
  O   C          0.000      68.690       0.000

 Subtotal:                              -7.082
 ---------------------------------------------- 

 NONAQUEOUS SOLVENT CONTRIBUTION (kcal/mol):
 (proportional to SASA, atomic number independent)
 ---------------------------------------------- 
 Subtotal:                               0.000
 ---------------------------------------------- 

 CDS TOTAL (kcal/mol):                   3.742
...............................................................................
