18
 energy: -20.891435598804 gnorm: 0.027338691763 xtb: 6.7.1 (edcfbbe)
C           -2.03703791358632        0.83375364678811       -0.65805814671195
C           -1.32896479851648        0.53722941316070        0.66440652201439
C           -0.00469507296169       -0.23697395392440        0.54394053346584
H            0.40859464549997       -0.32103330115970        1.55947663295213
C           -0.20345176853952       -1.64876409859871       -0.00993294221374
C            1.00777664325537        0.54693033910427       -0.27876490754329
O            2.30356300891615       -0.07215874110828       -0.13388181752091
H           -1.43617812848526        1.48032232123217       -1.30577196063915
H           -2.26242705938696       -0.08216775926444       -1.21347389889299
H           -2.98600111289829        1.34762974847217       -0.47381169060275
H           -2.00095875384076       -0.04196764296647        1.30965276489656
H           -1.13545485046310        1.48305938317432        1.18636511312421
H            0.73126435253798       -2.21678767325349        0.00780305528139
H           -0.55655557054441       -1.62142699063260       -1.04653935760697
H           -0.94083135608650       -2.19907224706475        0.58449000949187
H            1.05116825499225        1.58838209107884        0.07295476499056
H            0.71905502295435        0.55339472801854       -1.33904115158273
H            2.91019310751934        0.38759300737271       -0.72678196809535
18
 energy: -20.892337027562 gnorm: 0.012313612681 xtb: 6.7.1 (edcfbbe)
C           -2.03839509765209        0.83138483463326       -0.65537648152849
C           -1.33627516050444        0.53579087122767        0.66436448118390
C           -0.01204949433511       -0.23406960444630        0.54258205209741
H            0.40679701171510       -0.32760534956720        1.55255464934255
C           -0.20826780215716       -1.64059889632671       -0.01442184164335
C            1.01053436610479        0.53901689179186       -0.28566353507667
O            2.29489273329476       -0.06891212010151       -0.13199959080652
H           -1.43180062955469        1.47461679321392       -1.29112910012290
H           -2.25772278572805       -0.08542462961973       -1.19937087275468
H           -2.98138562992547        1.34212629700508       -0.46403313123204
H           -2.00914512140888       -0.04599631645243        1.30032097428272
H           -1.14037316895112        1.48172906803022        1.17812053939175
H            0.73518418848783       -2.18408864092465        0.00869080288764
H           -0.55602842810393       -1.60899849790896       -1.04619479446523
H           -0.93704110549651       -2.18733589395512        0.58309337176404
H            1.05864884739950        1.57880202815096        0.06529779702030
H            0.72809163116196        0.53317755902269       -1.34512052381378
H            2.91339429601962        0.38432787665593       -0.71868324171953
18
 energy: -20.892511687240 gnorm: 0.003717362974 xtb: 6.7.1 (edcfbbe)
C           -2.03944153822364        0.83066886560971       -0.65421131842451
C           -1.33712670026508        0.53885418246141        0.66656657701758
C           -0.01561521752472       -0.23205837688651        0.54166858638010
H            0.40821138867076       -0.32807629213074        1.54806065608711
C           -0.20938447995438       -1.63829362262272       -0.01872020389273
C            1.01207348926630        0.53747135904378       -0.29025389179519
O            2.28497834811543       -0.06819075621053       -0.12440426314507
H           -1.43128091981107        1.47078759438266       -1.28656262930900
H           -2.25683075427808       -0.08699071230554       -1.19176351517152
H           -2.97985206090171        1.34008283395445       -0.46113541294759
H           -2.00656951935248       -0.04592416468477        1.30004266724913
H           -1.14086495173041        1.48389604945475        1.17829170682135
H            0.73899907775805       -2.16882613656690        0.00213114357094
H           -0.55782988996415       -1.60311994608748       -1.04689650894980
H           -0.93136059567870       -2.18709722240593        0.57958375178366
H            1.05436179823755        1.58019875282440        0.05289813470727
H            0.72851102567637        0.51875306840995       -1.34855693717606
H            2.91808015032609        0.37580679418902       -0.70370698799855
18
 energy: -20.892547308722 gnorm: 0.001624517723 xtb: 6.7.1 (edcfbbe)
C           -2.04105572530371        0.83122777087185       -0.65297306425788
C           -1.33704783552072        0.53937233615018        0.66814250487213
C           -0.01606343782884       -0.23110999442933        0.54115613039891
H            0.41013848427376       -0.32747816334402        1.54639786185257
C           -0.20948169204486       -1.63775668895746       -0.02097669198378
C            1.01365624188870        0.53615860593994       -0.29339438748829
O            2.28297248196541       -0.06630494927192       -0.11710551834209
H           -1.43199438331445        1.46942415788352       -1.28631502615438
H           -2.25944945852749       -0.08739594268746       -1.18830911282629
H           -2.98078400788400        1.34194614040716       -0.45985748798543
H           -2.00574425273316       -0.04481716036442        1.30286953084332
H           -1.14006980028666        1.48453070677970        1.17889724314771
H            0.74076103732835       -2.16475623271157       -0.00461480235801
H           -0.56184322039222       -1.60083376671188       -1.04776173876882
H           -0.92749446659712       -2.18961679128858        0.57901554171226
H            1.04832326699986        1.58250289195615        0.04133948620867
H            0.73007156289197        0.51002011488224       -1.35207864014041
H            2.92416385545129        0.37282923532487       -0.69140027392308
18
 energy: -20.892569181414 gnorm: 0.002204744063 xtb: 6.7.1 (edcfbbe)
C           -2.04366681473036        0.83229379411252       -0.65043377881471
C           -1.33535258221590        0.54022969602227        0.66960427361763
C           -0.01600797683196       -0.23116045710408        0.53878651983798
H            0.41331979052061       -0.32744907478069        1.54285556581809
C           -0.21024439612229       -1.63844112459326       -0.02399570113439
C            1.01518645185278        0.53383838685874       -0.29843694609005
O            2.28305540539422       -0.05951706370601       -0.10241468651573
H           -1.43380471270741        1.46698494983588       -1.28769915454875
H           -2.26752374941504       -0.08700541032165       -1.18376871965600
H           -2.98146993409688        1.34743557922971       -0.45600523256194
H           -2.00337473650444       -0.04230150555304        1.30736649793727
H           -1.13659723334649        1.48581488953365        1.17969854189443
H            0.74179046513202       -2.16324065357017       -0.01802538607061
H           -0.57276382031445       -1.59984849477771       -1.04807700035239
H           -0.92135166236481       -2.19525460975999        0.58084207015296
H            1.03685683875332        1.58666414493591        0.02057759795167
H            0.73668972056923        0.49390198431087       -1.35935853942763
H            2.93431759679396        0.37499723975606       -0.66848436723069
18
 energy: -20.892577385132 gnorm: 0.001541462538 xtb: 6.7.1 (edcfbbe)
C           -2.04376171176258        0.83242972606313       -0.64990243599629
C           -1.33478065288353        0.53998183334410        0.66931514695497
C           -0.01569885260521       -0.23178307857020        0.53787200054337
H            0.41403342408367       -0.32814376059081        1.54185176790277
C           -0.21122818125339       -1.63870231877975       -0.02441573818708
C            1.01502073465781        0.53313581801317       -0.29917193116501
O            2.28463730144399       -0.05662001127778       -0.09931009323461
H           -1.43371458038382        1.46571487128416       -1.28858428600505
H           -2.27003440441224       -0.08662720371333       -1.18281249218585
H           -2.98054062640969        1.34932395710839       -0.45486247782243
H           -2.00272634043263       -0.04202539798955        1.30781691554582
H           -1.13515414761959        1.48559563721966        1.17925397807513
H            0.74066019141282       -2.16394346470541       -0.02117188524920
H           -0.57689756703838       -1.60064011508156       -1.04748219345777
H           -0.92059641743979       -2.19568052653047        0.58247578331509
H            1.03456659842802        1.58657331098596        0.01722576873124
H            0.73976465700819        0.48995604570757       -1.36079538426567
H            2.93550922557248        0.37939694794169       -0.66427088869229
18
 energy: -20.892593093551 gnorm: 0.001462003752 xtb: 6.7.1 (edcfbbe)
C           -2.04328207480110        0.83252317880991       -0.64797564017749
C           -1.33259726833466        0.53975156209825        0.66881257649378
C           -0.01491458480424       -0.23434944923199        0.53432354957955
H            0.41678447716732       -0.33183194482517        1.53752550594964
C           -0.21562535780287       -1.63985715214981       -0.02642796731791
C            1.01395957807158        0.53051932959651       -0.30226718587421
O            2.29012364891420       -0.04520265111905       -0.08709866251657
H           -1.43076070315984        1.45832977064520       -1.29179883348406
H           -2.27954000864165       -0.08609868156793       -1.17745957582173
H           -2.97506331594899        1.35767985275108       -0.45141053103676
H           -2.00008506854964       -0.04074013236077        1.30926836733254
H           -1.12968383425424        1.48528139403234        1.17797000796245
H            0.73623217968676       -2.16549627017671       -0.03538575274934
H           -0.59463653093607       -1.60254116777002       -1.04462566223694
H           -0.91697459819116       -2.19749996370298        0.58926431163752
H            1.02449849099843        1.58623069243777        0.00391268516541
H            0.75121351350845        0.47301061520146       -1.36607432297794
H            2.93941010744383        0.39823328776091       -0.64752131512081
18
 energy: -20.892597102240 gnorm: 0.000687265154 xtb: 6.7.1 (edcfbbe)
C           -2.04377911604101        0.83326441659328       -0.64744225032354
C           -1.33235164399484        0.53966406660559        0.66912026817368
C           -0.01499186662115       -0.23487807009108        0.53369741279832
H            0.41757735472177       -0.33252396373453        1.53642246828571
C           -0.21639129487014       -1.64049288336038       -0.02735995822342
C            1.01419233104792        0.52931391891055       -0.30396765733092
O            2.29077314353864       -0.04229570169821       -0.08284800815463
H           -1.42958949350003        1.45582697163653       -1.29255833303427
H           -2.28355386342947       -0.08545558335117       -1.17481825792654
H           -2.97347851329861        1.36184044023528       -0.45068428065668
H           -1.99958039140655       -0.04041900077543        1.31001018824834
H           -1.12834685873622        1.48492960518353        1.17794847366066
H            0.73616308744124       -2.16448701034842       -0.03996556174354
H           -0.59900166435989       -1.60272500416284       -1.04398720657188
H           -0.91459128844733       -2.19932468638697        0.59050777973848
H            1.02067203900780        1.58644111420480       -0.00241757897551
H            0.75387110682077        0.46636563169328       -1.36793845887583
H            2.94146558249323        0.40289800927519       -0.64068748428129
18
 energy: -20.892599044292 gnorm: 0.000205171276 xtb: 6.7.1 (edcfbbe)
C           -2.04400276404293        0.83414435440407       -0.64700187590508
C           -1.33207321001332        0.53981467248561        0.66954903776607
C           -0.01533539258864       -0.23554578139495        0.53282939414843
H            0.41789838302094       -0.33306450408876        1.53516333322935
C           -0.21659715151783       -1.64165722419570       -0.02806601857922
C            1.01415818912292        0.52816538204067       -0.30577501475258
O            2.29101326293996       -0.03951331919427       -0.07896228639754
H           -1.42763615733533        1.45294539139292       -1.29352979498545
H           -2.28859194426662       -0.08442802403793       -1.17239828943390
H           -2.97094756178112        1.36731578315461       -0.44958479446288
H           -1.99939661233157       -0.04026552289625        1.31021585682074
H           -1.12729317307470        1.48470556826584        1.17866557141421
H            0.73681480325849       -2.16389445295007       -0.04397961183222
H           -0.60257881122547       -1.60336240360951       -1.04332474311676
H           -0.91188076136527       -2.20181523634254        0.59176275469574
H            1.01668470715128        1.58659924038123       -0.00883959627883
H            0.75591322001286        0.45987300413607       -1.36982313604496
H            2.94290962440249        0.40792534287795       -0.63386923147796
18
 energy: -20.892599374668 gnorm: 0.000179768820 xtb: 6.7.1 (edcfbbe)
C           -2.04416887265931        0.83482287208697       -0.64679502088265
C           -1.33201143500256        0.53922142707519        0.66940216210255
C           -0.01516218062145       -0.23587207982047        0.53270318907361
H            0.41843886062743       -0.33320793482349        1.53493859551370
C           -0.21673629484333       -1.64195580963658       -0.02816801896542
C            1.01409680663768        0.52764753769086       -0.30646903543845
O            2.29134839010566       -0.03824805307707       -0.07767977941076
H           -1.42677342940718        1.45171763142350       -1.29415085722239
H           -2.29113783598046       -0.08350374179664       -1.17141533603063
H           -2.96978957800354        1.37025179326140       -0.44925864516044
H           -1.99940818205266       -0.04086966052750        1.31000722063475
H           -1.12694340897008        1.48383683123116        1.17883791268550
H            0.73690205207431       -2.16366972943334       -0.04503631436399
H           -0.60385450364050       -1.60396123230497       -1.04302433604396
H           -0.91102233549842       -2.20249883797404        0.59242282031989
H            1.01506043969514        1.58655116171425       -0.01131660349065
H            0.75675168829185        0.45726301359595       -1.37064707503971
H            2.94346846961353        0.41041708174384       -0.63131932347380
18
 energy: -20.892599481537 gnorm: 0.000072741037 xtb: 6.7.1 (edcfbbe)
C           -2.04407344459576        0.83501147301591       -0.64670456583818
C           -1.33205095444732        0.53911252595522        0.66942494893511
C           -0.01523844519683       -0.23598379441098        0.53243619206769
H            0.41847575683633       -0.33317929128225        1.53463467086419
C           -0.21669165895899       -1.64215424006617       -0.02810122886377
C            1.01396726615361        0.52748970246353       -0.30676418523828
O            2.29142429623431       -0.03781152617859       -0.07749180366906
H           -1.42629054048474        1.45120556166272       -1.29433474722217
H           -2.29212292375797       -0.08312336725402       -1.17115389968416
H           -2.96907754390978        1.37138610688566       -0.44901094890461
H           -1.99948383534798       -0.04122602414934        1.30977827198300
H           -1.12705193050166        1.48357325202049        1.17922681535030
H            0.73692656484425       -2.16391561347540       -0.04506491860443
H           -0.60398687247278       -1.60433434294708       -1.04288295283815
H           -0.91088191190890       -2.20262590500871        0.59264910767290
H            1.01455896199029        1.58649427326431       -0.01206771148303
H            0.75700853847221        0.45660060035483       -1.37101260247102
H            2.94364732741781        0.41142287957887       -0.63052888724918
18
 energy: -20.892599510360 gnorm: 0.000032001162 xtb: 6.7.1 (edcfbbe)
C           -2.04400537689700        0.83511509353846       -0.64667906474458
C           -1.33203115389191        0.53900009341645        0.66938787579566
C           -0.01518968307160       -0.23604871788296        0.53235155574121
H            0.41859419007025       -0.33310265633076        1.53454407082226
C           -0.21665435249538       -1.64226253217720       -0.02800125293175
C            1.01383069415977        0.52751321110803       -0.30691884554120
O            2.29134943886714       -0.03767993375728       -0.07760535016388
H           -1.42592936281044        1.45095294604442       -1.29437463745368
H           -2.29259986737180       -0.08290861498506       -1.17110344765087
H           -2.96868943061023        1.37203209720038       -0.44891678570530
H           -1.99948342273494       -0.04161159349561        1.30947826097981
H           -1.12718269002287        1.48333022171868        1.17953209298992
H            0.73691564628674       -2.16416822196026       -0.04468850074831
H           -0.60375003998783       -1.60454637680119       -1.04288622630681
H           -0.91105197192964       -2.20256593657913        0.59270489396029
H            1.01437298163917        1.58653652671554       -0.01229509510406
H            0.75694046941190        0.45651137104924       -1.37119219432615
H            2.94362258175479        0.41184529360724       -0.63030579480541
