----------------------------------------------- 
  Element       SASA      Sigma Z        Total  
     Z         Ang**2 cal/Ang**2/mol   kcal/mol 
----------------------------------------------- 
      H        138.001      48.690       6.719
      C         23.653     129.740       3.069
      O         17.578       0.000       0.000

 Subtotal:     179.232                   9.788
 -----------------------------------------------

  Elements    COT*SASA   Sigma Z,Z'     Total   
    Z,Z'       Ang**2  cal/Ang**2/mol kcal/mol  
 ---------------------------------------------- 
  H   C         84.540     -60.770      -5.137
  H   O          8.627       0.000       0.000
  C   C         18.743     -72.950      -1.367
  O   C          0.000      68.690       0.000

 Subtotal:                              -6.505
 ---------------------------------------------- 

 NONAQUEOUS SOLVENT CONTRIBUTION (kcal/mol):
 (proportional to SASA, atomic number independent)
 ---------------------------------------------- 
 Subtotal:                               0.000
 ---------------------------------------------- 

 CDS TOTAL (kcal/mol):                   3.283
...............................................................................
