16
 energy: -19.863908405803 gnorm: 0.029454909023 xtb: 6.7.1 (edcfbbe)
C            2.19168351995582        0.68734917560366        0.34441398863722
C            1.09352897417097        0.35289183072390       -0.67972196811116
C            0.00008660195321       -0.42675399681443        0.00005673546496
O            0.00018853271123       -1.65619091918430       -0.00055462188390
C           -1.09386242636232        0.35206685889454        0.67993923581807
C           -2.19157713052760        0.68807090323874       -0.34416700449197
H            1.79568777134651        1.28801857758060        1.16864625681702
H            2.62640779028425       -0.22665639766721        0.75939315527478
H            2.98817946895238        1.25773884478053       -0.14050129873257
H            0.68605069212314        1.28123849613005       -1.09324149016256
H            1.50976587981680       -0.25126615487560       -1.49078884658216
H           -0.68646942202607        1.27981500475288        1.09489753495805
H           -1.51056016876818       -0.25310812660468        1.48999885771505
H           -1.79520578292037        1.28985517160657       -1.16740011656679
H           -2.98825654277340        1.25783237140777        0.14119006233433
H           -2.62619612352475       -0.22532373015167       -0.76059578911023
16
 energy: -19.864526372598 gnorm: 0.009250142621 xtb: 6.7.1 (edcfbbe)
C            2.18519924773249        0.68800476727130        0.34179345705533
C            1.08809927498905        0.35704982419150       -0.67639497476830
C           -0.00011248874223       -0.43300172120064       -0.00027280510713
O            0.00016569429169       -1.65285604373992       -0.00055081240880
C           -1.08840694427839        0.35626291167970        0.67662795827441
C           -2.18511237450105        0.68868189356484       -0.34149497888517
H            1.78649251927510        1.28247578853295        1.16161593126570
H            2.60893262045095       -0.22721941854498        0.75195202720507
H            2.97916806074969        1.25235764701014       -0.14282413082284
H            0.68205790821587        1.28320883752780       -1.08613907583160
H            1.51390082173009       -0.24510065545889       -1.48064181938726
H           -0.68236435612279        1.28185148074546        1.08768797559567
H           -1.51450511007644       -0.24688033404685        1.47997586747064
H           -1.78609278227833        1.28424888507374       -1.16036847530390
H           -2.97917948046987        1.25243327136557        0.14365278258931
H           -2.60879097655418       -0.22593922455037       -0.75305423556300
16
 energy: -19.864593113748 gnorm: 0.001273778567 xtb: 6.7.1 (edcfbbe)
C            2.17949425599836        0.68832069334449        0.34236369540127
C            1.08398467385827        0.35917088083811       -0.67769833764915
C            0.00000842103138       -0.43798467022310       -0.00007475352902
O            0.00013790097443       -1.65395105166824       -0.00060425301397
C           -1.08430205172823        0.35836860955010        0.67794708129542
C           -2.17938383138810        0.68901259447498       -0.34209627703642
H            1.78153368906309        1.28143151069869        1.16118824706866
H            2.59890217104761       -0.22777149835625        0.75101468510169
H            2.97332096604532        1.24941301042448       -0.14157755834776
H            0.67404004710359        1.28323183759333       -1.08344532306935
H            1.51240782436981       -0.23995939704924       -1.48209315605645
H           -0.67441567655554        1.28184150084465        1.08509398299920
H           -1.51312505646307       -0.24176416249815        1.48137875040108
H           -1.78106757679518        1.28320420520354       -1.15996012354491
H           -2.97337332265691        1.24950230536331        0.14228050641684
H           -2.59871079949320       -0.22648845911936       -0.75215247505900
16
 energy: -19.864603555404 gnorm: 0.001213863517 xtb: 6.7.1 (edcfbbe)
C            2.17573463980147        0.68833709772266        0.34255222432376
C            1.08137013278821        0.35988733452240       -0.67981441174796
C           -0.00014578153819       -0.44132897446700       -0.00034287787121
O            0.00011553318539       -1.65671881749831       -0.00062316643330
C           -1.08165722235950        0.35911314971822        0.68005457265263
C           -2.17565504424728        0.68899551452523       -0.34222701306790
H            1.77650272689813        1.28236314827511        1.16010950498605
H            2.59179663857885       -0.22887942663322        0.75245558355030
H            2.97167680363672        1.24763627746593       -0.13979119701891
H            0.66754966005874        1.28310686683096       -1.08215552682599
H            1.51141493106456       -0.23556148229060       -1.48606924577909
H           -0.66781526179168        1.28177705614730        1.08367491578117
H           -1.51195783387391       -0.23732075754420        1.48544967432564
H           -1.77612682975709        1.28408050227168       -1.15886803713696
H           -2.97167369265093        1.24772366025286        0.14064344266836
H           -2.59167776538185       -0.22763323987766       -0.75348375102845
16
 energy: -19.864605366240 gnorm: 0.000251861595 xtb: 6.7.1 (edcfbbe)
C            2.17494161846857        0.68814829662012        0.34240773763804
C            1.08093683779938        0.35958821359948       -0.68037145618667
C            0.00006790463477       -0.44141754009861        0.00000200627426
O            0.00010975435045       -1.65727831875854       -0.00066744233759
C           -1.08123684376244        0.35878445316052        0.68060874290849
C           -2.17483797071100        0.68884271683419       -0.34213448536730
H            1.77559719317221        1.28420392482037        1.15883383051305
H            2.58982208400731       -0.22896838014258        0.75434891357996
H            2.97238086260643        1.24605708283781       -0.13978171233616
H            0.66632786162520        1.28305225912834       -1.08200136629381
H            1.51073179319835       -0.23485981805582       -1.48749478805829
H           -0.66670373882066        1.28166123631992        1.08365112366277
H           -1.51144909514737       -0.23666551727160        1.48676529671967
H           -1.77514598098970        1.28595210270255       -1.15761521013886
H           -2.97244684584909        1.24616541152366        0.14046361022888
H           -2.58964380017077       -0.22768821379845       -0.75545010942828
16
 energy: -19.864606173145 gnorm: 0.000296089984 xtb: 6.7.1 (edcfbbe)
C            2.17439833628448        0.68817103374607        0.34230423629025
C            1.08065193870901        0.35941808955166       -0.68053209180594
C           -0.00019686585419       -0.44144675814895       -0.00045178027429
O            0.00008584672909       -1.65737010473235       -0.00067689484897
C           -1.08090321274797        0.35866554174198        0.68075215209524
C           -2.17434584413789        0.68881155296356       -0.34193655772734
H            1.77540462051470        1.28654780021795        1.15722102160628
H            2.58749560008663       -0.22876376987201        0.75645162942182
H            2.97327006987115        1.24381682027334       -0.14020801771330
H            0.66608059500096        1.28293749171478       -1.08226814877519
H            1.51053919379794       -0.23486396672094       -1.48765196624910
H           -0.66626957956509        1.28164793782873        1.08369668854876
H           -1.51097040576910       -0.23658383931665        1.48707081297967
H           -1.77510904257655        1.28822006836764       -1.15597573437153
H           -2.97324195716628        1.24390757447254        0.14115285160325
H           -2.58743765876524       -0.22753756266599       -0.75738350940148
16
 energy: -19.864606896496 gnorm: 0.000319886406 xtb: 6.7.1 (edcfbbe)
C            2.17401365351458        0.68832840672244        0.34210926905328
C            1.08043840215689        0.35927473840434       -0.68065374410089
C            0.00006291671556       -0.44148560525362       -0.00003903283362
O            0.00006135574000       -1.65736336919631       -0.00075835249510
C           -1.08069439906021        0.35849257895874        0.68086774092582
C           -2.17393677120542        0.68901031350507       -0.34179497076967
H            1.77571476335283        1.28974476206518        1.15505375463620
H            2.58473252798115       -0.22836029703612        0.75904097568105
H            2.97442520312621        1.24083498946143       -0.14129983728227
H            0.66594907086241        1.28271761579168       -1.08270664049074
H            1.51033545805470       -0.23525326943062       -1.48756996157017
H           -0.66625816227229        1.28136007240551        1.08427843576591
H           -1.51095472956715       -0.23701533642987        1.48686142833993
H           -1.77534337133419        1.29144120857148       -1.15383948685020
H           -2.97448212665285        1.24095265684020        0.14204947839678
H           -2.58461215700060       -0.22710155595816       -0.76003436502815
16
 energy: -19.864607110617 gnorm: 0.000306674556 xtb: 6.7.1 (edcfbbe)
C            2.17408458208387        0.68874669795109        0.34205594102219
C            1.08066592404082        0.35889517840038       -0.68064418979580
C            0.00004230115162       -0.44152935614176       -0.00004663880118
O           -0.00146921388604       -1.65736185484619       -0.00155910610272
C           -1.08058472800233        0.35849622092324        0.68100295020367
C           -2.17381076174418        0.68920424676565       -0.34164567854071
H            1.77610471127745        1.29234279993787        1.15347638914736
H            2.58338350245744       -0.22756240286139        0.76107787663960
H            2.97534827315832        1.23919402755771       -0.14212916044882
H            0.66634222842295        1.28212186105078       -1.08328212214781
H            1.51069720411519       -0.23613312666558       -1.48715057214898
H           -0.66629306126050        1.28108222021395        1.08508236087921
H           -1.51104770651787       -0.23762921588430        1.48648561606142
H           -1.77584353372984        1.29374377048479       -1.15234829241847
H           -2.97543919872376        1.23878174448989        0.14293194175082
H           -2.58272888843150       -0.22681490195476       -0.76174262392163
16
 energy: -19.864607453802 gnorm: 0.000132100312 xtb: 6.7.1 (edcfbbe)
C            2.17436172619209        0.68905125897392        0.34216692201283
C            1.08108517571024        0.35862747737653       -0.68068463365682
C           -0.00025928201533       -0.44152400838916       -0.00069013214575
O           -0.00146540143396       -1.65738095016329       -0.00195157265509
C           -1.08083199239016        0.35838113019333        0.68098274438851
C           -2.17427045478844        0.68950134667029       -0.34146733075370
H            1.77642012601385        1.29355839054110        1.15292681387758
H            2.58328217166282       -0.22703766833316        0.76210197139669
H            2.97593942144598        1.23871814040283       -0.14240539176187
H            0.66689911851192        1.28145616273299       -1.08425677778016
H            1.51153549662173       -0.23711818558491       -1.48650814641897
H           -0.66664236495464        1.28079651117677        1.08545544259570
H           -1.51116279741738       -0.23827433519740        1.48620531058906
H           -1.77658968700739        1.29491893930725       -1.15166850359328
H           -2.97610667463183        1.23830695343871        0.14363867080945
H           -2.58274294710784       -0.22640325372441       -0.76228069552605
16
 energy: -19.864607555442 gnorm: 0.000080558343 xtb: 6.7.1 (edcfbbe)
C            2.17425160623417        0.68930262575213        0.34219278103981
C            1.08123525366405        0.35836752611270       -0.68076813160394
C           -0.00025889680639       -0.44172007287109       -0.00080748359577
O           -0.00129980526614       -1.65759170068540       -0.00222563509098
C           -1.08087152534452        0.35816641087867        0.68094581382306
C           -2.17436121195952        0.68971680068118       -0.34133435381217
H            1.77622649074797        1.29450954036770        1.15240652548823
H            2.58285972549316       -0.22661159133414        0.76288370072606
H            2.97616195196545        1.23843381083205       -0.14253570755378
H            0.66707491580429        1.28096536715980       -1.08489682636789
H            1.51196025503048       -0.23773247367368       -1.48616429236287
H           -0.66652411689501        1.28043415847924        1.08559141804379
H           -1.51119410791303       -0.23861824439080        1.48604445551126
H           -1.77676245810885        1.29585742841169       -1.15106484816291
H           -2.97635735218884        1.23806215653590        0.14411672841714
H           -2.58268909004562       -0.22596383283458       -0.76281945312090
16
 energy: -19.864607635380 gnorm: 0.000049238639 xtb: 6.7.1 (edcfbbe)
C            2.17393378760381        0.68961887767749        0.34223424645566
C            1.08134835501292        0.35802231335434       -0.68094683757744
C           -0.00021862396086       -0.44201532704288       -0.00094537392040
O           -0.00106507926133       -1.65788038814190       -0.00247477960172
C           -1.08081391648249        0.35782754371702        0.68087051749853
C           -2.17430008913655        0.69004759921185       -0.34116218332953
H            1.77577787970949        1.29578125051244        1.15166380062061
H            2.58209678696807       -0.22599194847805        0.76403825707466
H            2.97627437419608        1.23800081890937       -0.14265001060097
H            0.66717091871940        1.28032916268015       -1.08574532547798
H            1.51242085893511       -0.23847303840822       -1.48585785973497
H           -0.66620323894163        1.27988361357851        1.08573988126754
H           -1.51119828673667       -0.23907677683380        1.48583722713281
H           -1.77687074573696        1.29708553490444       -1.15030495632299
H           -2.97646974046799        1.23773201652835        0.14479073908409
H           -2.58243160600877       -0.22531334274775       -0.76352265118978
