13
 energy: -18.617594381814 gnorm: 0.030851176377 xtb: 6.7.1 (edcfbbe)
C           -1.78881214535304       -0.43819563398129       -0.58281029259788
O           -1.08814246413299       -0.08501772269165        0.61191538051749
C           -0.06706468811631        0.89356093737396        0.39537911557915
C            1.09682977865546        0.41048583397465       -0.44874955304957
O            1.73080107018253       -0.75899378876085        0.09290067728930
H           -2.64984356853884       -1.03884450191168       -0.27952248098197
H           -1.16752431184269       -1.03363254237246       -1.26415965345582
H           -2.14225663096503        0.45847743167923       -1.11170824979832
H           -0.49491639418537        1.79182207470635       -0.07954857897159
H            0.29203191607881        1.16884941882732        1.39380602159079
H            1.81288680480741        1.24045542577143       -0.53998656207702
H            0.77245505691419        0.13948646009807       -1.45763736514645
H            2.04320143254743       -0.53363327859042        0.97949402258110
13
 energy: -18.618759668140 gnorm: 0.014316619145 xtb: 6.7.1 (edcfbbe)
C           -1.79349626159667       -0.43692726191289       -0.58325516371296
O           -1.08968124948033       -0.07576528984468        0.59428627995197
C           -0.07244161302205        0.89463805187326        0.38953699365268
C            1.10878187880322        0.41570924452538       -0.45021820576460
O            1.73683599182169       -0.74514945095460        0.07663056848720
H           -2.64401075292849       -1.03319939132820       -0.25659884720159
H           -1.16917697413059       -1.03596350729899       -1.25271833789107
H           -2.14682167302854        0.45720375201020       -1.10870264666355
H           -0.50372855517031        1.78929393658032       -0.08333218135593
H            0.26349160441307        1.15527394108771        1.39770053782376
H            1.83360649199404        1.23616691104184       -0.53153235077075
H            0.79092373483068        0.13780470578761       -1.45706747890170
H            2.03536323354586       -0.54426552744429        0.97464331382575
13
 energy: -18.618995694345 gnorm: 0.004417983161 xtb: 6.7.1 (edcfbbe)
C           -1.79542405267993       -0.43801159005097       -0.58170062014037
O           -1.08553650546238       -0.07178968632993        0.58436430255431
C           -0.07438971118361        0.89641796640206        0.38564096777206
C            1.11890012339765        0.41890752744638       -0.44986924413775
O            1.74049115813256       -0.73693704196140        0.06798950800772
H           -2.63939338389282       -1.03171417356351       -0.23966749213681
H           -1.17654790368933       -1.03927368148520       -1.25186075707296
H           -2.15440937989467        0.45121808798775       -1.10882137407682
H           -0.50099662915288        1.79031087367341       -0.09120222647280
H            0.25246772085235        1.14974964606456        1.39721065241403
H            1.84034669037313        1.24213856034744       -0.52331391664704
H            0.80060434146182        0.14479822242497       -1.45700771013760
H            2.02353338778967       -0.56099459683288        0.97761039155325
13
 energy: -18.619033153912 gnorm: 0.002056775695 xtb: 6.7.1 (edcfbbe)
C           -1.79597761829149       -0.43965043696495       -0.58008327682396
O           -1.08243993030786       -0.07156444668603        0.58260225104891
C           -0.07429392469859        0.89754443488993        0.38445794865313
C            1.12333790605502        0.42024338072824       -0.44935831641886
O            1.74173764091832       -0.73536819139165        0.06508168894029
H           -2.63806205405169       -1.03342721930481       -0.23362726521007
H           -1.18069669739821       -1.04146937007491       -1.25376815409018
H           -2.15915256740192        0.44754534241458       -1.10865906911489
H           -0.49768935039086        1.79133807615471       -0.09578417027526
H            0.25191841040537        1.15246354305676        1.39545268681143
H            1.84165003224574        1.24728257721977       -0.51887648992395
H            0.80506242734621        0.15189288942840       -1.45844417150785
H            2.01425158162152       -0.57201046534736        0.98037881939047
13
 energy: -18.619048818726 gnorm: 0.001581518589 xtb: 6.7.1 (edcfbbe)
C           -1.79577308941193       -0.44123639894975       -0.57807989380110
O           -1.07953710150184       -0.07220070033970        0.58296270804460
C           -0.07393724013383        0.89858748330375        0.38327015637589
C            1.12618758467043        0.42154702874272       -0.44921899407188
O            1.74191439549082       -0.73543803222198        0.06227270255338
H           -2.63649252204245       -1.03640644458034       -0.22991610730218
H           -1.18227310170431       -1.04226571963814       -1.25505401001048
H           -2.16251654050474        0.44507821077597       -1.10674967305182
H           -0.49636162761097        1.79138816937193       -0.10018782815190
H            0.25284446594006        1.15780579582487        1.39304441933846
H            1.84336559558436        1.25090658555949       -0.51448516761741
H            0.80934651103176        0.15916690221245       -1.46078472392201
H            2.00287852624418       -0.58211276593858        0.98229889309567
13
 energy: -18.619061684040 gnorm: 0.001844726656 xtb: 6.7.1 (edcfbbe)
C           -1.79419570202409       -0.44331708794673       -0.57482123112282
O           -1.07519823692514       -0.07308102741656        0.58460010391655
C           -0.07317372225758        0.90051277326742        0.38098368656884
C            1.12888678482246        0.42409738434607       -0.44984465531696
O            1.74004890642570       -0.73673163826168        0.05724771943758
H           -2.63237903674114       -1.04193705223855       -0.22554512883508
H           -1.18094269763048       -1.04147239608905       -1.25526919437566
H           -2.16576252849813        0.44246385567814       -1.10175023920922
H           -0.49741708761627        1.79042894843648       -0.10656542261898
H            0.25424945757945        1.16677315287356        1.38906344993136
H            1.84759298318156        1.25370128441481       -0.50785176286585
H            0.81544325525792        0.16970487081929       -1.46489331866755
H            1.98249348047729       -0.59632295376054        0.98401847463700
13
 energy: -18.619073817815 gnorm: 0.001016918579 xtb: 6.7.1 (edcfbbe)
C           -1.79152595801903       -0.44478810906816       -0.57230346149329
O           -1.07178431660251       -0.07292063507353        0.58625095149478
C           -0.07226308578349        0.90285623827878        0.37893497212961
C            1.12960405516788        0.42684624464906       -0.45110869982803
O            1.73594690976363       -0.73869202008682        0.05263136941791
H           -2.62717047247945       -1.04662970067919       -0.22254289432916
H           -1.17668136864524       -1.03997610550232       -1.25360577679457
H           -2.16636291296355        0.44061517918885       -1.09713457338268
H           -0.50037410275001        1.78966537540582       -0.11067613666928
H            0.25511988418693        1.17347436355575        1.38605818188736
H            1.85242369009783        1.25329860649824       -0.50287616957037
H            0.81909487778915        0.17768499438524       -1.46822729281825
H            1.96361865628942       -0.60661431742905        0.98397201143520
13
 energy: -18.619082562798 gnorm: 0.000438436399 xtb: 6.7.1 (edcfbbe)
C           -1.78784619700558       -0.44686758008808       -0.56969491087370
O           -1.06798121448565       -0.07083237486996        0.58729409126176
C           -0.07096843905396        0.90700021862261        0.37670313460820
C            1.13036567224859        0.43060952895031       -0.45277734951747
O            1.72886208590910       -0.74150136585156        0.04692265048165
H           -2.61952009639869       -1.05264218234654       -0.21774463465722
H           -1.17082213897218       -1.03905984324646       -1.25108634090437
H           -2.16774518369693        0.43661294987896       -1.09359802685835
H           -0.50250452088718        1.79118211736111       -0.11423805609536
H            0.25595783582130        1.17997922042008        1.38318878739393
H            1.85889116242025        1.25203656944236       -0.49710381631685
H            0.82227228705123        0.18778863682277       -1.47195063963900
H            1.94068460310126       -0.61948578097293        0.98345759259599
13
 energy: -18.619086187471 gnorm: 0.000534441943 xtb: 6.7.1 (edcfbbe)
C           -1.78511244968028       -0.44838435560747       -0.56814604438317
O           -1.06653064429199       -0.06790683406347        0.58816635992131
C           -0.07029794243400        0.91055567226031        0.37573372826802
C            1.13033663191800        0.43273059645160       -0.45356346442573
O            1.72231378688787       -0.74432452145309        0.04342486880325
H           -2.61368542500466       -1.05744322450799       -0.21483198642390
H           -1.16574368112620       -1.03858600805713       -1.24902516424111
H           -2.16926105776444        0.43276007239127       -1.09277851208272
H           -0.50267398668947        1.79389421617261       -0.11580798359640
H            0.25678996047420        1.18442028269855        1.38183859304375
H            1.86321379854363        1.25024813416168       -0.49312577348096
H            0.82338257618533        0.19488082112978       -1.47418766181044
H            1.92691428903357       -0.62802473745398        0.98167552188731
13
 energy: -18.619088393437 gnorm: 0.000316892961 xtb: 6.7.1 (edcfbbe)
C           -1.78304461685199       -0.44966320285130       -0.56674358129649
O           -1.06608227005482       -0.06472779299112        0.58897563295627
C           -0.06996840763879        0.91344837825958        0.37497069514695
C            1.13055169341567        0.43431505458816       -0.45412620706133
O            1.71723878063841       -0.74659480019844        0.03974973461898
H           -2.60917882721304       -1.06126353523230       -0.21222070847426
H           -1.16142055699317       -1.03869839860990       -1.24659299904732
H           -2.17059389867844        0.42904801419299       -1.09296356436430
H           -0.50215789590254        1.79648812479881       -0.11723097682413
H            0.25736521722954        1.18806051438670        1.38075732480910
H            1.86641226679847        1.24927676323945       -0.48940937161567
H            0.82456624032978        0.20121548743565       -1.47616267785034
H            1.91595813097248       -0.63608449289560        0.98036918048173
13
 energy: -18.619089938055 gnorm: 0.000320691731 xtb: 6.7.1 (edcfbbe)
C           -1.78089751343520       -0.45070085662728       -0.56557056378306
O           -1.06642663104544       -0.06110721103130        0.59012974017655
C           -0.06992442364610        0.91633862830755        0.37462723711292
C            1.13007447457035        0.43519534347756       -0.45431288220235
O            1.71120423550314       -0.74948089313302        0.03685198605026
H           -2.60472123386694       -1.06521734667398       -0.21067858594668
H           -1.15631518637095       -1.03827268786440       -1.24404545175943
H           -2.17180546422626        0.42548973216949       -1.09359948143857
H           -0.50138425895389        1.79927320953908       -0.11849320839923
H            0.25798330500379        1.19180634054379        1.38000705846053
H            1.86888673240112        1.24767249344883       -0.48585791321998
H            0.82478853120227        0.20678361174448       -1.47763354036407
H            1.90818328891564       -0.64296024977813        0.97794808679233
13
 energy: -18.619090544453 gnorm: 0.000176051039 xtb: 6.7.1 (edcfbbe)
C           -1.77957361851805       -0.45130005606845       -0.56485928750719
O           -1.06687903758927       -0.05890393537243        0.59102206855646
C           -0.07009077197589        0.91801015619636        0.37449524633586
C            1.12964261408271        0.43566235668591       -0.45432336522549
O            1.70746934656504       -0.75132177226750        0.03487200842805
H           -2.60241411572976       -1.06713053668881       -0.20999180864962
H           -1.15319821145924       -1.03836998594982       -1.24210595596226
H           -2.17185103687146        0.42345103094159       -1.09425401970499
H           -0.50115606583178        1.80080090848701       -0.11928227779979
H            0.25811567863336        1.19427384577380        1.37956047752265
H            1.87024917022784        1.24664228134701       -0.48363470394427
H            0.82484751556264        0.21018480000978       -1.47845043246281
H            1.90448438895541       -0.64717897897181        0.97632453189259
13
 energy: -18.619090872076 gnorm: 0.000116204535 xtb: 6.7.1 (edcfbbe)
C           -1.77890360341660       -0.45156937639961       -0.56459730748406
O           -1.06733338428860       -0.05771869011375        0.59149856557318
C           -0.07031029762613        0.91883731776111        0.37457739233126
C            1.12922320565915        0.43580289153935       -0.45422734463360
O            1.70519179030582       -0.75242873515030        0.03387602939684
H           -2.60170652016646       -1.06752172445002       -0.20983972213523
H           -1.15158334461708       -1.03893480603093       -1.24068661909799
H           -2.17116103762862        0.42249029238529       -1.09513352161724
H           -0.50115622515863        1.80153466124922       -0.11958360295492
H            0.25799627360776        1.19546558858132        1.37951356678048
H            1.87081776459686        1.24593035037612       -0.48235157126567
H            0.82457781813012        0.21187486559037       -1.47873673618219
H            1.90399341665397       -0.64894252121551        0.97506335276833
13
 energy: -18.619091140277 gnorm: 0.000056009438 xtb: 6.7.1 (edcfbbe)
C           -1.77842098064004       -0.45179673252965       -0.56448707658295
O           -1.06785828608989       -0.05685704153137        0.59188789195756
C           -0.07061262149895        0.91942285081567        0.37474929043137
C            1.12878604894843        0.43590793168004       -0.45405615105042
O            1.70329649526858       -0.75338648125984        0.03310033977697
H           -2.60184913138347       -1.06697351706030       -0.20986172515535
H           -1.15061860781424       -1.04022615081194       -1.23918621988578
H           -2.16976352220799        0.42180231403033       -1.09644202806871
H           -0.50128932047705        1.80210909464718       -0.11959475147373
H            0.25772710800042        1.19618605790697        1.37962157788139
H            1.87117184727158        1.24531011921944       -0.48128413106551
H            0.82419689619650        0.21321486368406       -1.47884259777661
H            1.90487993047768       -0.64989319466794        0.97376806249095
13
 energy: -18.619091285338 gnorm: 0.000078492323 xtb: 6.7.1 (edcfbbe)
C           -1.77814282011299       -0.45197937173631       -0.56447214558421
O           -1.06822404855186       -0.05636944417733        0.59207126332855
C           -0.07081698579935        0.91973914216258        0.37498495410610
C            1.12843890179429        0.43601651971839       -0.45396923769850
O            1.70205291029908       -0.75395138556397        0.03254915594443
H           -2.60249976466264       -1.06594935971486       -0.20987095437520
H           -1.15023516708758       -1.04180959881711       -1.23784822016013
H           -2.16812969489533        0.42137532061952       -1.09782306433842
H           -0.50138087832814        1.80244666763401       -0.11941316558952
H            0.25751041828717        1.19645271462561        1.37987165472784
H            1.87132187154880        1.24494997831862       -0.48053246206914
H            0.82383726280920        0.21415082631196       -1.47893315135696
H            1.90591385075091       -0.65025189525846        0.97275785454434
13
 energy: -18.619091357838 gnorm: 0.000081431739 xtb: 6.7.1 (edcfbbe)
C           -1.77797003858316       -0.45210621385585       -0.56445845471011
O           -1.06836265546792       -0.05619661538371        0.59217102907541
C           -0.07092483962677        0.91987949652417        0.37508732144118
C            1.12830268295369        0.43615330021114       -0.45392944011180
O            1.70158153359880       -0.75415963949640        0.03220387162053
H           -2.60303340676497       -1.06511010759663       -0.20983067561940
H           -1.15017646495249       -1.04298419719593       -1.23703371948134
H           -2.16697463690989        0.42114539879357       -1.09869629976039
H           -0.50148167957613        1.80265302413245       -0.11920805851116
H            0.25743798742003        1.19646027637006        1.37998343202873
H            1.87139005754731        1.24488032840811       -0.48022144609530
H            0.82364646253017        0.21468801028134       -1.47894977349023
H            1.90621085388288       -0.65048294706966        0.97225469509309
