CONF#         G (xTB)          ΔG (xTB)          E (DFT)          ΔGsolv         GmRRHO          Gtot             ΔGtot          Boltzmann weight   
                [Eh]          [kcal/mol]          [Eh]             [Eh]           [Eh]           [Eh]           [kcal/mol]        % at 298.15 K     
CONF1        -23.956042          ---           -346.937902       -0.005018        ---         -346.942921          0.50                5.44         
CONF2        -23.956035          ---           -346.937936       -0.005025        ---         -346.942961          0.47                5.67         
CONF3        -23.956012          ---           -346.937850       -0.004982        ---         -346.942832          0.55                4.95         
CONF4        -23.955993          ---           -346.937728       -0.004945        ---         -346.942673          0.65                4.18         
CONF5        -23.955980          ---           -346.935655       -0.005598        ---         -346.941253          1.54                0.93         
CONF6        -23.955975          ---           -346.937638       -0.004913        ---         -346.942551          0.73                3.68         
CONF7        -23.955963          ---           -346.936199       -0.005121        ---         -346.941320          1.50                1.00         
CONF8        -23.955957          ---           -346.936187       -0.005121        ---         -346.941309          1.51                0.99         
CONF9        -23.955940          ---           -346.936113       -0.005116        ---         -346.941229          1.56                0.91         
CONF10       -23.955951          ---           -346.936146       -0.005120        ---         -346.941267          1.53                0.94         
CONF11       -23.955937          ---           -346.936149       -0.005115        ---         -346.941264          1.54                0.94         
CONF12       -23.955918          ---           -346.936025       -0.005077        ---         -346.941102          1.64                0.79         
CONF13       -23.955916          ---           -346.937227       -0.004845        ---         -346.942072          1.03                2.21         
CONF14       -23.955915          ---           -346.935990       -0.005077        ---         -346.941067          1.66                0.76         
CONF15       -23.955917          ---           -346.935996       -0.005077        ---         -346.941073          1.66                0.77         
CONF16       -23.955911          ---           -346.935976       -0.005072        ---         -346.941048          1.67                0.75         
CONF17       -23.955908          ---           -346.936145       -0.005079        ---         -346.941224          1.56                0.90         
CONF18       -23.955905          ---           -346.936091       -0.005079        ---         -346.941169          1.60                0.85         
CONF19       -23.955882          ---           -346.936121       -0.005061        ---         -346.941182          1.59                0.86         
CONF20       -23.955882          ---           -346.935905       -0.005056        ---         -346.940961          1.73                0.68         
CONF21       -23.955877          ---           -346.936117       -0.005088        ---         -346.941205          1.57                0.88         
CONF22       -23.955852          ---           -346.936196       -0.005028        ---         -346.941224          1.56                0.90         
CONF23       -23.955845          ---           -346.935974       -0.005087        ---         -346.941062          1.66                0.76         
CONF24       -23.955840          ---           -346.936020       -0.005107        ---         -346.941127          1.62                0.81         
CONF25       -23.955824          ---           -346.935919       -0.005123        ---         -346.941042          1.68                0.74         
CONF26       -23.955835          ---           -346.936778       -0.004834        ---         -346.941612          1.32                1.36         
CONF27       -23.955819          ---           -346.935798       -0.005097        ---         -346.940895          1.77                0.64         
CONF28       -23.955818          ---           -346.935792       -0.005305        ---         -346.941097          1.64                0.79         
CONF29       -23.955818          ---           -346.935793       -0.005203        ---         -346.940996          1.70                0.71         
CONF30       -23.955815          ---           -346.936393       -0.004946        ---         -346.941339          1.49                1.02         
CONF31       -23.955814          ---           -346.936537       -0.004912        ---         -346.941449          1.42                1.14         
CONF32       -23.955808          ---           -346.936175       -0.005017        ---         -346.941193          1.58                0.87         
CONF33       -23.955795          ---           -346.936374       -0.004929        ---         -346.941303          1.51                0.98         
CONF34       -23.955787          ---           -346.936240       -0.004998        ---         -346.941238          1.55                0.92         
CONF35       -23.955584          ---           -346.937979       -0.005733        ---         -346.943712          0.00               12.57         
CONF36       -23.955576          ---           -346.934306       -0.005680        ---         -346.939986          2.34                0.24         
CONF37       -23.955564          ---           -346.935565       -0.006299        ---         -346.941864          1.16                1.78         
CONF38       -23.955556          ---           -346.934425       -0.005757        ---         -346.940182          2.21                0.30         
CONF39       -23.955550          ---           -346.937536       -0.005576        ---         -346.943113          0.38                6.67         
CONF40       -23.955548          ---           -346.937067       -0.005345        ---         -346.942412          0.82                3.17         
CONF41       -23.955529          ---           -346.936065       -0.004972        ---         -346.941037          1.68                0.74         
CONF42       -23.955509          ---           -346.934514       -0.005005        ---         -346.939519          2.63                0.15         
CONF43       -23.955500          ---           -346.934664       -0.005140        ---         -346.939803          2.45                0.20         
CONF44       -23.955494          ---           -346.936061       -0.005832        ---         -346.941893          1.14                1.83         
CONF45       -23.955490          ---           -346.936105       -0.005840        ---         -346.941946          1.11                1.94         
CONF46       -23.955490          ---           -346.935802       -0.005748        ---         -346.941551          1.36                1.27         
CONF47       -23.955487          ---           -346.934885       -0.005283        ---         -346.940168          2.22                0.29         
CONF48       -23.955486          ---           -346.935840       -0.005742        ---         -346.941582          1.34                1.32         
CONF49       -23.955485          ---           -346.935568       -0.005645        ---         -346.941213          1.57                0.89         
CONF50       -23.955472          ---           -346.936034       -0.005808        ---         -346.941842          1.17                1.74         
CONF51       -23.955443          ---           -346.934934       -0.005302        ---         -346.940236          2.18                0.32         
CONF52       -23.955439          ---           -346.935614       -0.005648        ---         -346.941261          1.54                0.94         
CONF53       -23.955470          ---           -346.935208       -0.005450        ---         -346.940659          1.92                0.50         
CONF54       -23.955437          ---           -346.935045       -0.005358        ---         -346.940403          2.08                0.38         
CONF55       -23.955433          ---           -346.935321       -0.005518        ---         -346.940838          1.80                0.60         
CONF56       -23.955430          ---           -346.934937       -0.005270        ---         -346.940206          2.20                0.31         
CONF57       -23.955428          ---           -346.936010       -0.005807        ---         -346.941817          1.19                1.69         
CONF58       -23.955388          ---           -346.935960       -0.005841        ---         -346.941801          1.20                1.66         
CONF59       -23.955381          ---           -346.935895       -0.005857        ---         -346.941753          1.23                1.58         
CONF60       -23.955359          ---           -346.934423       -0.005355        ---         -346.939778          2.47                0.20         
CONF61       -23.955358          ---           -346.934913       -0.005089        ---         -346.940002          2.33                0.25         
CONF62       -23.955357          ---           -346.935129       -0.005474        ---         -346.940603          1.95                0.47         
CONF63       -23.955343          ---           -346.936258       -0.005543        ---         -346.941801          1.20                1.66         
CONF64       -23.955334          ---           -346.935753       -0.005462        ---         -346.941214          1.57                0.89         
CONF65       -23.955333          ---           -346.935236       -0.005235        ---         -346.940472          2.03                0.41         
CONF66       -23.955327          ---           -346.936271       -0.005623        ---         -346.941895          1.14                1.83         
CONF67       -23.955325          ---           -346.935393       -0.005272        ---         -346.940664          1.91                0.50         

Boltzmann averaged free energy/enthalpy of ensemble on input geometries (not DFT optimized):
temperature /K:   avE(T) /a.u.   avG(T) /a.u.
    298.15        -346.9368203    -346.9421580     <<==part1==
----------------------------------------------------------------------------------------------------

