----------------------------------------------- 
  Element       SASA      Sigma Z        Total  
     Z         Ang**2 cal/Ang**2/mol   kcal/mol 
----------------------------------------------- 
      H         91.756      48.690       4.468
      C          9.458     129.740       1.227
      O         53.069       0.000       0.000

 Subtotal:     154.283                   5.695
 -----------------------------------------------

  Elements    COT*SASA   Sigma Z,Z'     Total   
    Z,Z'       Ang**2  cal/Ang**2/mol kcal/mol  
 ---------------------------------------------- 
  H   C         39.180     -60.770      -2.381
  H   O         23.763       0.000       0.000
  C   C          6.420     -72.950      -0.468
  O   C          0.000      68.690       0.000
  O   O          0.000       0.000       0.000

 Subtotal:                              -2.849
 ---------------------------------------------- 

 NONAQUEOUS SOLVENT CONTRIBUTION (kcal/mol):
 (proportional to SASA, atomic number independent)
 ---------------------------------------------- 
 Subtotal:                               0.000
 ---------------------------------------------- 

 CDS TOTAL (kcal/mol):                   2.845
...............................................................................
