----------------------------------------------- 
  Element       SASA      Sigma Z        Total  
     Z         Ang**2 cal/Ang**2/mol   kcal/mol 
----------------------------------------------- 
      H        118.240      48.690       5.757
      C         32.045     129.740       4.157
      O         32.928       0.000       0.000

 Subtotal:     183.213                   9.915
 -----------------------------------------------

  Elements    COT*SASA   Sigma Z,Z'     Total   
    Z,Z'       Ang**2  cal/Ang**2/mol kcal/mol  
 ---------------------------------------------- 
  H   C         79.717     -60.770      -4.844
  H   O          0.000       0.000       0.000
  C   C         18.438     -72.950      -1.345
  O   C         17.807      68.690       1.223
  O   O          0.000       0.000       0.000

 Subtotal:                              -4.966
 ---------------------------------------------- 

 NONAQUEOUS SOLVENT CONTRIBUTION (kcal/mol):
 (proportional to SASA, atomic number independent)
 ---------------------------------------------- 
 Subtotal:                               0.000
 ---------------------------------------------- 

 CDS TOTAL (kcal/mol):                   4.948
...............................................................................
