----------------------------------------------- 
  Element       SASA      Sigma Z        Total  
     Z         Ang**2 cal/Ang**2/mol   kcal/mol 
----------------------------------------------- 
      H        150.261      48.690       7.316
      C         35.831     129.740       4.649
      O         20.671       0.000       0.000

 Subtotal:     206.763                  11.965
 -----------------------------------------------

  Elements    COT*SASA   Sigma Z,Z'     Total   
    Z,Z'       Ang**2  cal/Ang**2/mol kcal/mol  
 ---------------------------------------------- 
  H   C        101.364     -60.770      -6.160
  H   O          0.000       0.000       0.000
  C   C         25.991     -72.950      -1.896
  O   C         12.922      68.690       0.888

 Subtotal:                              -7.168
 ---------------------------------------------- 

 NONAQUEOUS SOLVENT CONTRIBUTION (kcal/mol):
 (proportional to SASA, atomic number independent)
 ---------------------------------------------- 
 Subtotal:                               0.000
 ---------------------------------------------- 

 CDS TOTAL (kcal/mol):                   4.797
...............................................................................
