
         ______________________________________________________________
        |                                                              |
        |                                                              |
        |                   CENSO - Commandline ENSO                   |
        |                           v 2.1.2                            |
        |    energetic sorting of CREST Conformer Rotamer Ensembles    |
        |                    University of Bonn, MCTC                  |
        |                           Oct 2024                           |
        |                 based on ENSO version 2.0.1                  |
        |             L. M. Seidler, F. Bohle and S. Grimme            |
        |                                                              |
        |______________________________________________________________|

        Please cite:
        (TBA)
        S. Grimme, F. Bohle, A. Hansen, P. Pracht, S. Spicher, and M. Stahn
        J. Phys. Chem. A 2021, 125, 19, 4039-4054.
        DOI: https://doi.org/10.1021/acs.jpca.1c00971

        This program is distributed in the hope that it will be useful,
        but WITHOUT ANY WARRANTY; without even the implied warranty of
        MERCHANTABILITY or FITNESS FOR A PARTICULAR PURPOSE.

Reading configuration file from /home/z5358697/.censo2rc.
CALL: /srv/scratch/z5358697/.censo/bin/censo -i crest_conformers.xyz --maxcores 16 -O 1
Read 21 conformers.
Number of atoms:              22
Charge:                       0
Unpaired electrons:           0


----------------------------------------------------------------------------------------------------
                                          GENERAL SETTINGS                                          
----------------------------------------------------------------------------------------------------
    
imagthr:                      -100.0
sthr:                         0.0
scale:                        1.0
temperature:                  298.15
solvent:                      h2o
sm_rrho:                      alpb
multitemp:                    False
evaluate_rrho:                False
consider_sym:                 False
bhess:                        False
rmsdbias:                     False
balance:                      False
gas-phase:                    False
copy_mo:                      True
retry_failed:                 True
trange:                       [273.15, 373.15, 5]



----------------------------------------------------------------------------------------------------
                                            PRESCREENING                                            
----------------------------------------------------------------------------------------------------
    
threshold:                    4.0
func:                         pbe-d4
basis:                        def2-sv(p)
prog:                         orca
gfnv:                         gfn2
run:                          True
template:                     False


Running xtb_gsolv calculation for CONF1.
Running xtb_gsolv calculation for CONF3.
Running xtb_gsolv calculation for CONF2.
Running xtb_gsolv calculation for CONF5.
Running xtb_gsolv calculation for CONF9.
Running xtb_gsolv calculation for CONF6.
Running xtb_gsolv calculation for CONF4.
Running xtb_gsolv calculation for CONF8.
Running xtb_gsolv calculation for CONF7.
Running xtb_gsolv calculation for CONF11.
Running xtb_gsolv calculation for CONF16.
Running xtb_gsolv calculation for CONF12.
Running xtb_gsolv calculation for CONF10.
Running xtb_gsolv calculation for CONF13.
Running xtb_gsolv calculation for CONF15.
Running xtb_gsolv calculation for CONF14.
Running xtb_gsolv calculation for CONF17.
Running xtb_gsolv calculation for CONF18.
Running xtb_gsolv calculation for CONF19.
Running xtb_gsolv calculation for CONF21.
Running xtb_gsolv calculation for CONF20.
Running sp calculation for CONF1.
Running sp calculation for CONF6.
Running sp calculation for CONF7.
Running sp calculation for CONF2.
Running sp calculation for CONF9.
Running sp calculation for CONF10.
Running sp calculation for CONF3.
Running sp calculation for CONF11.
Running sp calculation for CONF12.
Running sp calculation for CONF4.
Running sp calculation for CONF5.
Running sp calculation for CONF13.
Running sp calculation for CONF14.
Running sp calculation for CONF8.
Running sp calculation for CONF16.
Running sp calculation for CONF15.
Running sp calculation for CONF17.
Running sp calculation for CONF18.
Running sp calculation for CONF19.
Running sp calculation for CONF20.
Running sp calculation for CONF21.


No longer considering CONF9.
No longer considering CONF10.
No longer considering CONF11.
No longer considering CONF12.
No longer considering CONF13.
No longer considering CONF14.
No longer considering CONF15.
No longer considering CONF16.
No longer considering CONF17.
No longer considering CONF18.
No longer considering CONF19.
No longer considering CONF20.
No longer considering CONF21.

-------------------------------- PRESCREENING SINGLE-POINT RESULTS ---------------------------------

CONF#        E (xTB)          ΔE (xTB)          E (DFT)           ΔE (DFT)        ΔGsolv (xTB)           Gtot             ΔGtot          Boltzmann weight   
               [Eh]          [kcal/mol]           [Eh]           [kcal/mol]        [kcal/mol]            [Eh]           [kcal/mol]        % at 298.15 K     
CONF1       -39.972680          0.42          -1397.094108          1.09           -7.553087         -1397.106144          1.18                5.47         
CONF2       -39.972291          0.66          -1397.095843          0.00           -7.645900         -1397.108027          0.00               40.21         
CONF3       -39.973348          0.00          -1397.094033          1.14           -6.820523         -1397.104902          1.96                1.47         
CONF4       -39.971544          1.13          -1397.093793          1.29           -7.865143         -1397.106327          1.07                6.64         
CONF5       -39.972949          0.25          -1397.095766          0.05           -6.949205         -1397.106841          0.74               11.44         
CONF6       -39.971606          1.09          -1397.095488          0.22           -7.615067         -1397.107624          0.25               26.23         
CONF7       -39.972258          0.68          -1397.093695          1.35           -7.071580         -1397.104964          1.92                1.57         
CONF8       -39.972257          0.68          -1397.095341          0.31           -6.912559         -1397.106357          1.05                6.86         

Boltzmann averaged free energy/enthalpy of ensemble on input geometries (not DFT optimized):
temperature /K:   avE(T) /a.u.   avG(T) /a.u.
    298.15       -1395.5747462   -1395.5866788     <<==part0==
----------------------------------------------------------------------------------------------------

Number of conformers:         8
Highest ranked conformer:     CONF2


Ran prescreening in 34.20 seconds!

----------------------------------------------------------------------------------------------------
                                             SCREENING                                              
----------------------------------------------------------------------------------------------------
    
threshold:                    3.5
func:                         r2scan-3c
basis:                        def2-tzvp
prog:                         orca
sm:                           smd
gfnv:                         gfn2
run:                          True
implicit:                     False
template:                     False


Running gsolv calculation for CONF2.
Running gsolv calculation for CONF5.
Running gsolv calculation for CONF6.
Running gsolv calculation for CONF8.
Running gsolv calculation for CONF1.
Running gsolv calculation for CONF4.
Running gsolv calculation for CONF7.
Running gsolv calculation for CONF3.

----------------------------- SCREENING SINGLE-POINT (+ mRRHO) RESULTS -----------------------------

CONF#        G (xTB)          ΔG (xTB)          E (DFT)           ΔGsolv         GmRRHO           Gtot             ΔGtot          Boltzmann weight   
               [Eh]          [kcal/mol]           [Eh]             [Eh]           [Eh]            [Eh]           [kcal/mol]        % at 298.15 K     
CONF1       -39.984717          ---           -1398.617355       -0.013653        ---         -1398.631008          0.62                8.82         
CONF2       -39.984476          ---           -1398.619108       -0.012887        ---         -1398.631995          0.00               25.08         
CONF3       -39.984217          ---           -1398.617477       -0.012982        ---         -1398.630459          0.96                4.93         
CONF4       -39.984078          ---           -1398.617601       -0.013707        ---         -1398.631308          0.43               12.12         
CONF5       -39.984024          ---           -1398.619225       -0.012338        ---         -1398.631563          0.27               15.87         
CONF6       -39.983741          ---           -1398.618542       -0.013075        ---         -1398.631618          0.24               16.82         
CONF7       -39.983528          ---           -1398.617582       -0.012955        ---         -1398.630537          0.91                5.36         
CONF8       -39.983273          ---           -1398.618635       -0.012581        ---         -1398.631216          0.49               11.00         

Boltzmann averaged free energy/enthalpy of ensemble on input geometries (not DFT optimized):
temperature /K:   avE(T) /a.u.   avG(T) /a.u.
    298.15       -1398.6184799   -1398.6314531     <<==part1==
----------------------------------------------------------------------------------------------------


----------------------------------- SCREENING RANKING COMPARISON -----------------------------------

CONF#       ΔGtot prescreening       ΔGtot screening   
                [kcal/mol]             [kcal/mol]      
CONF1              1.18                   0.62         
CONF2              0.00                   0.00         
CONF3              1.96                   0.96         
CONF4              1.07                   0.43         
CONF5              0.74                   0.27         
CONF6              0.25                   0.24         
CONF7              1.92                   0.91         
CONF8              1.05                   0.49         
----------------------------------------------------------------------------------------------------



Number of conformers:         8
Highest ranked conformer:     CONF2


Ran screening in 112.36 seconds!

----------------------------------------------------------------------------------------------------
                                            OPTIMIZATION                                            
----------------------------------------------------------------------------------------------------
    
optcycles:                    8
maxcyc:                       200
threshold:                    1.5
hlow:                         0.01
gradthr:                      0.01
func:                         r2scan-3c
basis:                        def2-tzvp
prog:                         orca
sm:                           smd
gfnv:                         gfn2
optlevel:                     normal
run:                          True
macrocycles:                  True
crestcheck:                   True
template:                     False
constrain:                    False
xtb_opt:                      True


Optimization using macrocycles, 8 microcycles per step.
Running xtb_opt calculation for CONF1.
Running xtb_opt calculation for CONF2.
Running xtb_opt calculation for CONF5.
Running xtb_opt calculation for CONF4.
Running xtb_opt calculation for CONF7.
Running xtb_opt calculation for CONF3.
Running xtb_opt calculation for CONF6.
Running xtb_opt calculation for CONF8.
Running xtb_rrho calculation for CONF2.
Running xtb_rrho calculation for CONF8.
Running xtb_rrho calculation for CONF4.
Running xtb_rrho calculation for CONF7.
Running xtb_rrho calculation for CONF5.
Running xtb_rrho calculation for CONF3.
Running xtb_rrho calculation for CONF6.
Running xtb_rrho calculation for CONF1.
CONF2 converged after 5 steps.
CONF6 converged after 7 steps.
CONF5 converged after 5 steps.
CONF8 converged after 8 steps.

----------------------------------- OPTIMIZATION CYCLE 8 UPDATE ------------------------------------

CONF#           Gtot             ΔGtot          grad_norm       converged   
                [Eh]           [kcal/mol]        [Eh/a0]                    
CONF1       -1398.514606          1.73          0.002601          False     
CONF2       -1398.516226          0.71          0.000657          True      
CONF3       -1398.514184          1.99          0.003132          False     
CONF4       -1398.517362          0.00          0.001327          False     
CONF5       -1398.515835          0.96          0.000800          True      
CONF6       -1398.515659          1.07          0.000529          True      
CONF7       -1398.515871          0.94          0.003113          False     
CONF8       -1398.515402          1.23          0.000660          True      
----------------------------------------------------------------------------------------------------
Running xtb_opt calculation for CONF4.
Running xtb_opt calculation for CONF1.
Running xtb_opt calculation for CONF7.
Running xtb_opt calculation for CONF3.
CONF4 converged after 19 steps.

----------------------------------- OPTIMIZATION CYCLE 16 UPDATE -----------------------------------

CONF#           Gtot             ΔGtot          grad_norm       converged   
                [Eh]           [kcal/mol]        [Eh/a0]                    
CONF1       -1398.514820          1.60          0.002539          False     
CONF2       -1398.516226          0.72          0.000657          True      
CONF3       -1398.514515          1.79          0.003496          False     
CONF4       -1398.517375          0.00          0.000720          True      
CONF5       -1398.515835          0.97          0.000800          True      
CONF6       -1398.515659          1.08          0.000529          True      
CONF7       -1398.515966          0.88          0.002311          False     
CONF8       -1398.515402          1.24          0.000660          True      
----------------------------------------------------------------------------------------------------
Running xtb_opt calculation for CONF1.
Running xtb_opt calculation for CONF3.
Running xtb_opt calculation for CONF7.
CONF7 converged after 33 steps.

----------------------------------- OPTIMIZATION CYCLE 24 UPDATE -----------------------------------

CONF#           Gtot             ΔGtot          grad_norm       converged   
                [Eh]           [kcal/mol]        [Eh/a0]                    
CONF1       -1398.514973          1.51          0.002777          False     
CONF2       -1398.516226          0.72          0.000657          True      
CONF3       -1398.514672          1.70          0.001689          False     
CONF4       -1398.517375          0.00          0.000720          True      
CONF5       -1398.515835          0.97          0.000800          True      
CONF6       -1398.515659          1.08          0.000529          True      
CONF7       -1398.515971          0.88          0.000703          True      
CONF8       -1398.515402          1.24          0.000660          True      
----------------------------------------------------------------------------------------------------
Running xtb_opt calculation for CONF1.
Running xtb_opt calculation for CONF3.
CONF1 converged after 53 steps.
CONF3 converged after 50 steps.
No longer considering CONF3 (gradient too small and ΔG = 1.69).

----------------------------------- OPTIMIZATION CYCLE 32 UPDATE -----------------------------------

CONF#           Gtot             ΔGtot          grad_norm       converged   
                [Eh]           [kcal/mol]        [Eh/a0]                    
CONF1       -1398.515033          1.47          0.000737          True      
CONF2       -1398.516226          0.72          0.000657          True      
CONF4       -1398.517375          0.00          0.000720          True      
CONF5       -1398.515835          0.97          0.000800          True      
CONF6       -1398.515659          1.08          0.000529          True      
CONF7       -1398.515971          0.88          0.000703          True      
CONF8       -1398.515402          1.24          0.000660          True      
----------------------------------------------------------------------------------------------------
Running xtb_rrho calculation for CONF2.
Running xtb_rrho calculation for CONF5.
Running xtb_rrho calculation for CONF6.
Running xtb_rrho calculation for CONF1.
Running xtb_rrho calculation for CONF7.
Running xtb_rrho calculation for CONF4.
Running xtb_rrho calculation for CONF8.

--------------------------------------- OPTIMIZATION RESULTS ---------------------------------------

CONF#       E (DFT) (+ ΔGsolv)       ΔE (DFT) (+ δΔGsolv)       GmRRHO           Gtot             ΔGtot          Boltzmann weight   
                   [Eh]                   [kcal/mol]             [Eh]            [Eh]           [kcal/mol]        % at 298.15 K     
CONF1          -1398.632930                  0.36                ---         -1398.515064          0.73                8.35         
CONF2          -1398.633504                  0.00                ---         -1398.516226          0.00               28.57         
CONF4          -1398.632681                  0.52                ---         -1398.513111          1.95                1.05         
CONF5          -1398.633176                  0.21                ---         -1398.515835          0.24               18.90         
CONF6          -1398.633056                  0.28                ---         -1398.515192          0.65                9.56         
CONF7          -1398.632174                  0.83                ---         -1398.516162          0.04               26.70         
CONF8          -1398.632741                  0.48                ---         -1398.514879          0.85                6.86         

Boltzmann averaged free energy/enthalpy of ensemble on optimized geometries:
temperature /K:   avE(T) /a.u.   avG(T) /a.u.
    298.15       -1398.6329351   -1398.5158139     <<==part2==
----------------------------------------------------------------------------------------------------


--------------------------------------- OPTIMIZATION RESULTS ---------------------------------------

CONF#       E (DFT) (+ ΔGsolv)       ΔE (DFT) (+ δΔGsolv)       GmRRHO           Gtot             ΔGtot          Boltzmann weight   
                   [Eh]                   [kcal/mol]             [Eh]            [Eh]           [kcal/mol]        % at 298.15 K     
CONF1          -1398.632930                  0.36                ---         -1398.515064          0.73                8.35         
CONF2          -1398.633504                  0.00                ---         -1398.516226          0.00               28.57         
CONF4          -1398.632681                  0.52                ---         -1398.513111          1.95                1.05         
CONF5          -1398.633176                  0.21                ---         -1398.515835          0.24               18.90         
CONF6          -1398.633056                  0.28                ---         -1398.515192          0.65                9.56         
CONF7          -1398.632174                  0.83                ---         -1398.516162          0.04               26.70         
CONF8          -1398.632741                  0.48                ---         -1398.514879          0.85                6.86         

Boltzmann averaged free energy/enthalpy of ensemble on optimized geometries:
temperature /K:   avE(T) /a.u.   avG(T) /a.u.
    298.15       -1398.6329351   -1398.5158139     <<==part2==
----------------------------------------------------------------------------------------------------


--------------------------------- OPTIMIZATION RANKING COMPARISON ----------------------------------

CONF#       ΔGtot prescreening       ΔGtot screening       ΔGtot optimization   
                [kcal/mol]             [kcal/mol]              [kcal/mol]       
CONF1              1.18                   0.62                    0.73          
CONF2              0.00                   0.00                    0.00          
CONF4              1.07                   0.43                    1.95          
CONF5              0.74                   0.27                    0.24          
CONF6              0.25                   0.24                    0.65          
CONF7              1.92                   0.91                    0.04          
CONF8              1.05                   0.49                    0.85          
----------------------------------------------------------------------------------------------------



Number of conformers:         7
Highest ranked conformer:     CONF2


Ran optimization in 1748.92 seconds!

Ran CENSO in 00:31:35

CENSO all done!
