----------------------------------------------- 
  Element       SASA      Sigma Z        Total  
     Z         Ang**2 cal/Ang**2/mol   kcal/mol 
----------------------------------------------- 
      H         93.904      48.690       4.572
      C         31.518     129.740       4.089
      O         33.390       0.000       0.000

 Subtotal:     158.811                   8.661
 -----------------------------------------------

  Elements    COT*SASA   Sigma Z,Z'     Total   
    Z,Z'       Ang**2  cal/Ang**2/mol kcal/mol  
 ---------------------------------------------- 
  H   C         63.296     -60.770      -3.846
  H   O          0.000       0.000       0.000
  C   C         12.024     -72.950      -0.877
  O   C         19.415      68.690       1.334
  O   O          0.000       0.000       0.000

 Subtotal:                              -3.390
 ---------------------------------------------- 

 NONAQUEOUS SOLVENT CONTRIBUTION (kcal/mol):
 (proportional to SASA, atomic number independent)
 ---------------------------------------------- 
 Subtotal:                               0.000
 ---------------------------------------------- 

 CDS TOTAL (kcal/mol):                   5.271
...............................................................................
