23
 energy: -23.160267988519 gnorm: 0.024384462100 xtb: 6.7.1 (edcfbbe)
C           -1.62492746734574        1.06638851896776       -0.84435429981483
C           -1.27371096394518        0.10620240658641        0.29231472428215
C           -2.43684060959700       -0.85181844196205        0.55671839187378
C            0.00053874466933       -0.69590308645656       -0.00534798221363
C            1.27344621421256        0.11292924931746       -0.29050028236014
C            1.62312146526865        1.05582286255661        0.86095002347782
C            2.43817217135348       -0.83891132458867       -0.56976448686260
H           -1.73755938010100        0.51832086102940       -1.78852452533002
H           -2.57027212261636        1.58203250701946       -0.64184345689510
H           -0.85575008739285        1.83127299365223       -0.99108608470998
H           -1.11075975207117        0.69630109952771        1.20455764143188
H           -3.34871971684099       -0.30611788122819        0.82294544043926
H           -2.65340660057091       -1.45090397692880       -0.33654301775480
H           -2.20467827687144       -1.54216634708146        1.37526897308372
H           -0.20059491157585       -1.34815390282641       -0.86837771272887
H            0.20294175052171       -1.36120336956867        0.84735522641989
H            1.10946890473907        0.71679243149171       -1.19351013949388
H            0.85228848088908        1.81651326463655        1.02026338746141
H            1.73765259777787        0.49301763015042        1.79617636495862
H            2.56715302533742        1.57678008481625        0.66604673021690
H            2.20707782186870       -1.51729302378865       -1.39855228342542
H            3.34902707935775       -0.28767853434785       -0.82793521270659
H            2.65620463911567       -1.45111527314304        0.31421002877749
23
 energy: -23.161042137719 gnorm: 0.007495216726 xtb: 6.7.1 (edcfbbe)
C           -1.62748864549726        1.05951061320148       -0.84690918598607
C           -1.26858293421587        0.11023030904846        0.29295063085437
C           -2.42936199848859       -0.84891115325517        0.55120360598899
C            0.00055368936656       -0.69768685474988       -0.00536563707663
C            1.26833564966398        0.11692923926421       -0.29108708686104
C            1.62574276605225        1.04891367328032        0.86339434695015
C            2.43072083052005       -0.83611355168185       -0.56422128185255
H           -1.73727116648450        0.51076066590616       -1.78321526868734
H           -2.56911620889207        1.56653676256289       -0.63713935827978
H           -0.86153218126778        1.82065331700183       -0.98366677797013
H           -1.10940213975912        0.69975953674021        1.20319284389549
H           -3.33224824758094       -0.29956970424044        0.81585442285059
H           -2.64210284185719       -1.44401675308182       -0.33768487881042
H           -2.19452437439575       -1.53043434550087        1.36825054422303
H           -0.19646388934894       -1.34231391288955       -0.86927998826694
H            0.19870673900440       -1.35535840499793        0.84839500280474
H            1.10810722458520        0.72025227317803       -1.19206215736540
H            0.85815832061117        1.80606194290939        1.01260038792346
H            1.73731719346423        0.48566756160878        1.79083677631916
H            2.56609880970249        1.56132979648715        0.66114695781634
H            2.19685820612801       -1.50558177585649       -1.39145427497711
H            3.33256155632625       -0.28122049900959       -0.82073683702315
H            2.64480664854623       -1.44428998809371        0.31546466165729
23
 energy: -23.161110734209 gnorm: 0.001304597711 xtb: 6.7.1 (edcfbbe)
C           -1.62857034774187        1.05835077415965       -0.85012154212189
C           -1.26900568305986        0.11110575142977        0.29129309997114
C           -2.42864461540335       -0.84922559639946        0.55267607687976
C            0.00056406796611       -0.69597750278020       -0.00533317871635
C            1.26876130574305        0.11776831037516       -0.28940199559203
C            1.62683652121041        1.04772423403728        0.86659580452817
C            2.43001042572513       -0.83641121759476       -0.56572587758785
H           -1.73566490288322        0.50590447282085       -1.78111212041645
H           -2.57062126783427        1.55925741331876       -0.63870199552055
H           -0.86546093948368        1.81973219294884       -0.98540166299061
H           -1.10965099748750        0.70151589935148        1.19918980644735
H           -3.32895159289948       -0.29868328697936        0.81515243627219
H           -2.63685221536284       -1.44200427530683       -0.33549802587726
H           -2.19166000866408       -1.52743433709438        1.36913445215622
H           -0.19534805865740       -1.33719985255484       -0.86911618888438
H            0.19757471999216       -1.35022113399762        0.84837627311439
H            1.10833114763951        0.72196388275910       -1.18799210861352
H            0.86213601004365        1.80520103477585        1.01423746905015
H            1.73563318858221        0.48091827559089        1.78871517508252
H            2.56767701049865        1.55396900111274        0.66262410555744
H            2.19399483511554       -1.50250272954646       -1.39237944762617
H            3.32927432948815       -0.28033687143350       -0.81999353379219
H            2.63951007365580       -1.44230569116133        0.31325042680694
23
 energy: -23.161120834917 gnorm: 0.000707426185 xtb: 6.7.1 (edcfbbe)
C           -1.63077819656699        1.05681162805353       -0.85322618849024
C           -1.26867348971616        0.11286002990652        0.29128746884855
C           -2.42807553786637       -0.84876428957113        0.55415156350174
C            0.00056940905516       -0.69508114098071       -0.00530671635421
C            1.26842032995631        0.11952450130820       -0.28935586105720
C            1.62905376394765        1.04615767650060        0.86967901123560
C            2.42943669227761       -0.83591865195695       -0.56721118256631
H           -1.73474493540714        0.50153604914595       -1.78282739791863
H           -2.57471618706549        1.55489127552281       -0.64346652985389
H           -0.86977336009653        1.82012266763661       -0.98893460840150
H           -1.10900222382052        0.70554887803124        1.19760489835942
H           -3.32872359200163       -0.29838781979997        0.81567305481245
H           -2.63494495137303       -1.44328065501353       -0.33317041272274
H           -2.18949890543459       -1.52467637888471        1.37193544837943
H           -0.19524927855022       -1.33581791410511       -0.86918443585430
H            0.19748914545102       -1.34880489911747        0.84853147364061
H            1.10765515809841        0.72597659194203       -1.18632629214458
H            0.86650392724025        1.80563200732474        1.01768219426461
H            1.73461469892468        0.47657168536743        1.79040156514079
H            2.57184630086062        1.54946204165077        0.66736193223804
H            2.19184195767809       -1.49962641166653       -1.39521388253140
H            3.32905466125237       -0.28001639033770       -0.82045783813092
H            2.63756761933931       -1.44361173312501        0.31084018373168
23
 energy: -23.161130270707 gnorm: 0.000933039146 xtb: 6.7.1 (edcfbbe)
C           -1.63352936164368        1.05488754173271       -0.85713562739677
C           -1.26923903827200        0.11457063148920        0.29031224626829
C           -2.42754911021151       -0.84818270330705        0.55686228887758
C            0.00057608044264       -0.69286333454392       -0.00526306605944
C            1.26897994643355        0.12122690663783       -0.28834149340983
C            1.63181125439703        1.04420118114411        0.87355884424218
C            2.42890572561487       -0.83528094182995       -0.56993617048284
H           -1.73259937288373        0.49686814718691       -1.78585781928382
H           -2.58058170929441        1.54870230436363       -0.65046900168630
H           -0.87596242815347        1.82193620474667       -0.99282273589092
H           -1.10955110562427        0.71028069127150        1.19458710527329
H           -3.32928806549837       -0.29866216544565        0.81690478822542
H           -2.63323781315108       -1.44561752378506       -0.32897331326625
H           -2.18745171717727       -1.52139472660459        1.37661645813822
H           -0.19481102702871       -1.33371260523053       -0.86924303410491
H            0.19707471501551       -1.34664248084507        0.84871867850371
H            1.10817436375633        0.73066095723986       -1.18322343308605
H            0.87277799622649        1.80753511533491        1.02145831651700
H            1.73229501238526        0.47191973621039        1.79341084020387
H            2.57782252792011        1.54305364237295        0.67434437498377
H            2.18981788734335       -1.49615488572626       -1.39996150649190
H            3.32963948331326       -0.28024056524019       -0.82160075416966
H            2.63579876227291       -1.44598237934078        0.30652146222235
23
 energy: -23.161138993963 gnorm: 0.000685972765 xtb: 6.7.1 (edcfbbe)
C           -1.63600280774560        1.05230554655633       -0.86123688441443
C           -1.26962639788767        0.11639520914707        0.28896111558730
C           -2.42616820009486       -0.84714091336953        0.55967051044322
C            0.00058236069109       -0.69072343472891       -0.00522470418003
C            1.26936598303877        0.12303850405699       -0.28695673767800
C            1.63428415867344        1.04158283664910        0.87761602712331
C            2.42752470095699       -0.83418212816620       -0.57274598207185
H           -1.72934933347302        0.49224978986026       -1.78936787217034
H           -2.58643783582089        1.54125307287358       -0.65839546645602
H           -0.88239012621034        1.82344552153388       -0.99626439076846
H           -1.10992262496867        0.71546417509936        1.19103790915507
H           -3.32874653088038       -0.29826376987533        0.81815599414461
H           -2.63155091552950       -1.44841679135628       -0.32370728753720
H           -2.18472312201954       -1.51693291084171        1.38186715390070
H           -0.19401815965815       -1.33180312855600       -0.86936682548550
H            0.19630801153861       -1.34467496493756        0.84896052534694
H            1.10852157115474        0.73578582014021       -1.17959254373363
H            0.87929875805525        1.80915677920632        1.02476525827764
H            1.72882804476753        0.46730775683942        1.79689805446949
H            2.58379639479955        1.53535098344688        0.68225225348680
H            2.18713345507257       -1.49148176934543       -1.40526964480272
H            3.32913304055928       -0.27979611624121       -0.82271732140480
H            2.63403258116361       -1.44881132015965        0.30112830689486
23
 energy: -23.161145236200 gnorm: 0.000243809960 xtb: 6.7.1 (edcfbbe)
C           -1.63722894056454        1.04974898905573       -0.86493680261142
C           -1.26995022526571        0.11757695500172        0.28764121537492
C           -2.42530652762501       -0.84567363567833        0.56259613014990
C            0.00058534802509       -0.68934457365942       -0.00521317148159
C            1.26969476090339        0.12420575361462       -0.28562384261690
C            1.63550244771640        1.03898304297937        0.88127130251775
C            2.42666835264003       -0.83266266657622       -0.57564669969052
H           -1.72616420457431        0.48786104630443       -1.79236481007871
H           -2.59007130592384        1.53520915248328       -0.66535094956130
H           -0.88650127415090        1.82371940099229       -0.99961997883249
H           -1.10976289341869        0.71947698645426        1.18777436009277
H           -3.32834413881910       -0.29683975806761        0.81962378064342
H           -2.63065703148530       -1.45047180306994       -0.31834385892757
H           -2.18279738534409       -1.51225575541400        1.38708234231937
H           -0.19329720152650       -1.33049371869097       -0.86947276348930
H            0.19560070519967       -1.34334373770268        0.84910633144647
H            1.10836240151345        0.73974449872917       -1.17627786670956
H            0.88347108438528        1.80948956838085        1.02800484005929
H            1.72546987325634        0.46291138265700        1.79985703348521
H            2.58750332010961        1.52910174996367        0.68919463952893
H            2.18526116386239       -1.48663369059922       -1.41049121728634
H            3.32876904771912       -0.27833844496010       -0.82403629578109
H            2.63306562955003       -1.45086199436630        0.29569372957568
23
 energy: -23.161149055179 gnorm: 0.000205275487 xtb: 6.7.1 (edcfbbe)
C           -1.63758991165364        1.04786164449026       -0.86759051179631
C           -1.26988634335249        0.11825638349092        0.28671559923684
C           -2.42476222895283       -0.84435396071388        0.56477540896538
C            0.00058621382287       -0.68907141616398       -0.00522813976382
C            1.26964019628350        0.12487193792034       -0.28469860182813
C            1.63584674087758        1.03705838969764        0.88389215588351
C            2.42613458360479       -0.83131272896213       -0.57778696477969
H           -1.72449112828066        0.48441593997519       -1.79425852871110
H           -2.59147557987771        1.53203892806622       -0.67008240214211
H           -0.88808478376119        1.82291685830214       -1.00275692522825
H           -1.10917078077568        0.72216630445028        1.18543230804588
H           -3.32773309498909       -0.29491531388699        0.82069680822470
H           -2.63074526001903       -1.45176501439640       -0.31421189178635
H           -2.18205559828382       -1.50857673681783        1.39111989711280
H           -0.19287715798702       -1.33027672645542       -0.86959537822841
H            0.19518201370128       -1.34314909270574        0.84918328575288
H            1.10779608333454        0.74239539045788       -1.17391006140767
H            0.88506550253655        1.80868195856966        1.03107138302499
H            1.72370037293376        0.45944499705694        1.80170448082317
H            2.58892741488583        1.52581405753500        0.69392425241031
H            2.18456450948037       -1.48286536297328       -1.41448700446194
H            3.32818847500534       -0.27640430908739       -0.82499290001403
H            2.63311276764956       -1.45212338001784        0.29155117879427
23
 energy: -23.161151745427 gnorm: 0.000246767268 xtb: 6.7.1 (edcfbbe)
C           -1.63768750345006        1.04632619441797       -0.86949032945339
C           -1.26987819457809        0.11854413739286        0.28618646865524
C           -2.42486520546902       -0.84318431840148        0.56633177860360
C            0.00058412115975       -0.68896085405160       -0.00525498327523
C            1.26963991152379        0.12515006095308       -0.28417884042152
C            1.63592878866216        1.03548770823959        0.88576669021671
C            2.42624983177002       -0.83012520712733       -0.57929761554664
H           -1.72432038752382        0.48162465382164       -1.79539146223497
H           -2.59164711124903        1.53057977482339       -0.67276758645810
H           -0.88834743079610        1.82134156770044       -1.00560006859342
H           -1.10867278498679        0.72377822485952        1.18390829230777
H           -3.32764842535666       -0.29300876060281        0.82138712969784
H           -2.63116427062102       -1.45237067211452       -0.31131847738325
H           -2.18202686498202       -1.50571764046913        1.39396583963589
H           -0.19256503290843       -1.33012817269829       -0.86968902871970
H            0.19485878257438       -1.34304610397411        0.84919170599376
H            1.10733259177666        0.74398262096275       -1.17237954765764
H            0.88531285999714        1.80705955494914        1.03387007167503
H            1.72348957111410        0.45662826294777        1.80279340666554
H            2.58908838841691        1.52430579233710        0.69661107142424
H            2.18456779881149       -1.47997466319830       -1.41726138393917
H            3.32812534924899       -0.27450101440782       -0.82560304783570
H            2.63351822304844       -1.45268239852824        0.28868736477002
23
 energy: -23.161154131345 gnorm: 0.000215682813 xtb: 6.7.1 (edcfbbe)
C           -1.63781297843732        1.04521976916319       -0.87113554729471
C           -1.26976484847893        0.11878785734376        0.28557819305878
C           -2.42485847095568       -0.84229197621510        0.56753743810628
C            0.00058229767557       -0.68915201129965       -0.00528945333259
C            1.26953711367943        0.12538041483807       -0.28358049952889
C            1.63603357443255        1.03434712154275        0.88739503120104
C            2.42625748816784       -0.82922629522630       -0.58045857520353
H           -1.72539428994885        0.47911209178980       -1.79607193525387
H           -2.59132798675722        1.53038387874182       -0.67452124795196
H           -0.88804493149689        1.81952281301536       -1.00891621087892
H           -1.10819800040467        0.72512939819795        1.18246697658322
H           -3.32737670933368       -0.29130460746883        0.82174884769104
H           -2.63152515157438       -1.45289503138603       -0.30901275948608
H           -2.18216811122213       -1.50342344509765        1.39632928721024
H           -0.19231973928620       -1.33025404321735       -0.86981530562827
H            0.19459861432415       -1.34323681873284        0.84920416962409
H            1.10690239413989        0.74531141630198       -1.17093468742022
H            0.88497463809112        1.80516345362821        1.03716312000159
H            1.72455163289931        0.45408694717753        1.80342722366400
H            2.58873804540904        1.52409541432347        0.69837336926887
H            2.18473463161012       -1.47768761678085       -1.41953696825285
H            3.32786913197039       -0.27281135016828       -0.82591384691128
H            2.63388466167936       -1.45314863263940        0.28643082886093
23
 energy: -23.161156592646 gnorm: 0.000150262332 xtb: 6.7.1 (edcfbbe)
C           -1.63825738727273        1.04401613342706       -0.87283192330667
C           -1.26979607266305        0.11915248876284        0.28506217268104
C           -2.42495727135862       -0.84145752142808        0.56856834652670
C            0.00057842361644       -0.68894727028019       -0.00532568006492
C            1.26957712779622        0.12573296950093       -0.28307411712258
C            1.63645815599618        1.03310475189028        0.88907353844885
C            2.42637191246286       -0.82838746572273       -0.58144102243029
H           -1.72776759448341        0.47639721495545       -1.79668404515219
H           -2.59089533034726        1.53075192007306       -0.67579523509022
H           -0.88770110556437        1.81715024429038       -1.01294527084649
H           -1.10797909364273        0.72665975532353        1.18111416634445
H           -3.32740993936586       -0.28993093983024        0.82185143657211
H           -2.63173435019458       -1.45358239161031       -0.30690722970812
H           -2.18230734610300       -1.50113371569111        1.39852738852648
H           -0.19196591281817       -1.33001369149749       -0.86995395515725
H            0.19422419048839       -1.34307100440152        0.84921816373416
H            1.10673079066973        0.74682270066092       -1.16957705096652
H            0.88458748567512        1.80268761833563        1.04117080855413
H            1.72692876580270        0.45133776648038        1.80398690180536
H            2.58826680525951        1.52446575445813        0.69966060566007
H            2.18489146901577       -1.47542521744008       -1.42162646536057
H            3.32791402029758       -0.27145647309974       -0.82598981495786
H            2.63411526291608       -1.45376487932553        0.28438572943722
23
 energy: -23.161159248025 gnorm: 0.000115436215 xtb: 6.7.1 (edcfbbe)
C           -1.63919734925275        1.04277875965456       -0.87485270813801
C           -1.26994942696607        0.11970105497313        0.28426797402047
C           -2.42488301196797       -0.84070977610344        0.56959910339102
C            0.00057483347019       -0.68847448626566       -0.00535761196248
C            1.26973873653038        0.12626518845655       -0.28228501773344
C            1.63737931545710        1.03182373003929        0.89107832668407
C            2.42631192329181       -0.82763568754850       -0.58242988865900
H           -1.73133905187885        0.47327496158784       -1.79727957932893
H           -2.59069099730919        1.53143054623493       -0.67698238317799
H           -0.88765835808237        1.81439367765487       -1.01798847491407
H           -1.10808183043819        0.72855358981751        1.17936771426898
H           -3.32746993925538       -0.28885602263469        0.82170007241608
H           -2.63131370270717       -1.45453746919003       -0.30474250276265
H           -2.18205868932030       -1.49866989083860        1.40085740897978
H           -0.19151949972113       -1.32944779220746       -0.87012386888314
H            0.19375733499390       -1.34257914893354        0.84927394951348
H            1.10687632419970        0.74869172596359       -1.16781772690570
H            0.88450470187549        1.79981223099985        1.04619215295786
H            1.73050921200819        0.44818439213219        1.80452646801596
H            2.58802294229087        1.52514813473189        0.70086562711313
H            2.18465208280019       -1.47299806710126       -1.42384090372630
H            3.32797944177404       -0.27040311315788       -0.82583732731166
H            2.63372801439029       -1.45463779043353        0.28227664426942
23
 energy: -23.161161801721 gnorm: 0.000117198960 xtb: 6.7.1 (edcfbbe)
C           -1.64036995779379        1.04149124837393       -0.87705153775122
C           -1.27020790668411        0.12050212986274        0.28347398570553
C           -2.42459995235893       -0.84011583880663        0.57062019715187
C            0.00057131356635       -0.68755743469990       -0.00537365196465
C            1.27000059255144        0.12705207085965       -0.28148630221494
C            1.63854177374267        1.03049398704426        0.89325987279498
C            2.42603804328463       -0.82703166237997       -0.58342215464179
H           -1.73534512562257        0.46998509265841       -1.79797925462719
H           -2.59072502280575        1.53204102798933       -0.67831451729882
H           -0.88797299585165        1.81166121345249       -1.02356774694891
H           -1.10836784341837        0.73092853405090        1.17751547611655
H           -3.32758478601302       -0.28831193894629        0.82137102522271
H           -2.63053285360434       -1.45594793186072       -0.30245170851826
H           -2.18154717242871       -1.49615891347697        1.40333144277876
H           -0.19095812600177       -1.32851047856829       -0.87028651653431
H            0.19318030012746       -1.34169316491416        0.84936970582640
H            1.10718728740080        0.75104296627993       -1.16593634532505
H            0.88479946181269        1.79697046823236        1.05174006485571
H            1.73451719611601        0.44486920337170        1.80517022713201
H            2.58803669886057        1.52574520914822        0.70221643762333
H            2.18413505465571       -1.47050576524863       -1.42621464724517
H            3.32809191813601       -0.26987260573630       -0.82553164699737
H            2.63298510851149       -1.45596866885450        0.28001504298669
23
 energy: -23.161163938967 gnorm: 0.000131747509 xtb: 6.7.1 (edcfbbe)
C           -1.64179148922209        1.04025821764195       -0.87916060674338
C           -1.27049840031444        0.12128198402282        0.28260420436178
C           -2.42427643771041       -0.83952974771613        0.57158089009711
C            0.00057063356586       -0.68664571511523       -0.00537125800962
C            1.27029075578226        0.12781946408054       -0.28060534376853
C            1.63996204332629        1.02922662544359        0.89535442721286
C            2.42571502409785       -0.82643063540108       -0.58437449000424
H           -1.73892526405597        0.46690045569450       -1.79872491381219
H           -2.59127196939531        1.53230641675290       -0.67983868806344
H           -0.88878815812906        1.80926670324114       -1.02855457646288
H           -1.10882748455494        0.73318746679932        1.17565601709056
H           -3.32777706289560       -0.28793393045904        0.82098878535411
H           -2.62943740829742       -1.45734628558330       -0.30027887909507
H           -2.18081554323445       -1.49363529096556        1.40570193053934
H           -0.19045348980683       -1.32758455657292       -0.87040264762239
H            0.19267299629245       -1.34078190247013        0.84948192848442
H            1.10764734886903        0.75327582385250       -1.16404223378109
H            0.88562072845349        1.79450229686835        1.05669027096553
H            1.73808979363974        0.44177473825190        1.80587368457404
H            2.58858479939653        1.52597672626889        0.70375659224100
H            2.18338660719637       -1.46797746102786       -1.42851924675558
H            3.32827383366233       -0.26949883068809       -0.82518401469205
H            2.63192114951712       -1.45730381508750        0.27783561601656
23
 energy: -23.161165596123 gnorm: 0.000130009198 xtb: 6.7.1 (edcfbbe)
C           -1.64279773098169        1.03922235158318       -0.88097613317513
C           -1.27075868959153        0.12203321779274        0.28196427296819
C           -2.42388159772580       -0.83915209932741        0.57248768407263
C            0.00057011607245       -0.68570360914095       -0.00535364508103
C            1.27054564914966        0.12856259421101       -0.27994773724082
C            1.64097762551510        1.02816608695686        0.89715574513432
C            2.42531546555338       -0.82603238248464       -0.58528736184174
H           -1.74131044982874        0.46435243753030       -1.79943681916207
H           -2.59184005882477        1.53197502300448       -0.68135913963531
H           -0.88965172624649        1.80767015830086       -1.03254788035599
H           -1.10914987128345        0.73526732599514        1.17411752625264
H           -3.32783209216818       -0.28776272664549        0.82065216562939
H           -2.62840317646110       -1.45869735396182       -0.29828648974856
H           -2.18016168562321       -1.49155948321829        1.40785338394176
H           -0.18998037156223       -1.32663835682408       -0.87048282510204
H            0.19220162625742       -1.33981964376198        0.84961080894372
H            1.10795037198502        0.75533549213585       -1.16246172433998
H            0.88651055160355        1.79286603734109        1.06064471767027
H            1.74045978496833        0.43922662035892        1.80655399643189
H            2.58917621101340        1.52559926122055        0.70528252380924
H            2.18270882225377       -1.46586677072266       -1.43064281936156
H            3.32831563605835       -0.26932116459191       -0.82488108365626
H            2.63090859604955       -1.45861426792020        0.27580828197325
23
 energy: -23.161166916824 gnorm: 0.000113150107 xtb: 6.7.1 (edcfbbe)
C           -1.64366193426778        1.03833048935408       -0.88240245493260
C           -1.27092659121146        0.12258173547248        0.28143190712135
C           -2.42360976292697       -0.83871377134000        0.57327667854027
C            0.00057221243132       -0.68506989544383       -0.00532895045465
C            1.27070831703705        0.12910613843504       -0.27939844296662
C            1.64185350209203        1.02725905269699        0.89857031197323
C            2.42503470615710       -0.82557400606665       -0.58609032002797
H           -1.74259775560272        0.46234213330958       -1.80012379003713
H           -2.59262585995043        1.53132774146782       -0.68295628054052
H           -0.89061969629299        1.80661031872929       -1.03531239906360
H           -1.10935164118221        0.73689098666102        1.17285117765932
H           -3.32794788411856       -0.28750850173515        0.82045743008675
H           -2.62763366864410       -1.45977464120652       -0.29654758797177
H           -2.17963290147271       -1.48967608133585        1.40969730443290
H           -0.18967264868407       -1.32603784634422       -0.87051396416522
H            0.19190472367959       -1.33918485620950        0.84971679669446
H            1.10812380623979        0.75694122305462       -1.16115850015938
H            0.88751192263096        1.79179611752608        1.06337600092622
H            1.74173153932017        0.43722247736666        1.80722108678980
H            2.58999136353357        1.52490068913218        0.70687650285038
H            2.18215608306649       -1.46393534379545       -1.43248403874800
H            3.32841733382571       -0.26905525536840       -0.82471023749880
H            2.63014784052302       -1.45967015652870        0.27401921761842
23
 energy: -23.161168068584 gnorm: 0.000100543339 xtb: 6.7.1 (edcfbbe)
C           -1.64422414341633        1.03752511830699       -0.88364578941167
C           -1.27103010263885        0.12302285775115        0.28101461509915
C           -2.42336228257583       -0.83829731980091        0.57408346468097
C            0.00057346867969       -0.68461111724288       -0.00530372486738
C            1.27080452566513        0.12954373435355       -0.27896473999596
C            1.64243128827115        1.02644235629865        0.89980168194891
C            2.42477661560490       -0.82513579208512       -0.58691284669049
H           -1.74298609533944        0.46065597119569       -1.80083332515544
H           -2.59337363153418        1.53031072495127       -0.68459141431450
H           -0.89151630206806        1.80598112909856       -1.03730122966948
H           -1.10942232641523        0.73823247235723        1.17180263493336
H           -3.32793270614515       -0.28709142012403        0.82041022990596
H           -2.62703823488498       -1.46060819671662       -0.29491989331852
H           -2.17922445848078       -1.48802300429721        1.41141978933667
H           -0.18941700586907       -1.32560460435626       -0.87052451474094
H            0.19165952401326       -1.33870823636904        0.84980955545884
H            1.10816163992077        0.75826611791666       -1.16007681249821
H            0.88844376921989        1.79116783579987        1.06533878117856
H            1.74211100870057        0.43554408601810        1.80791483356099
H            2.59077104973330        1.52383675572108        0.70849924972154
H            2.18172602167624       -1.46222401068805       -1.43421726556786
H            3.32839010322705       -0.26862444130293       -0.82467341089982
H            2.62955128083873       -1.46049226895420        0.27233757943215
23
 energy: -23.161169173710 gnorm: 0.000085213255 xtb: 6.7.1 (edcfbbe)
C           -1.64462591155987        1.03671875823899       -0.88480574349157
C           -1.27108732604143        0.12338144345872        0.28063895766364
C           -2.42320458244507       -0.83780761247239        0.57492023995339
C            0.00057636233840       -0.68428605423548       -0.00527880861032
C            1.27085723932771        0.12989925258091       -0.27857560789976
C            1.64284513068409        1.02562593614837        0.90094837044735
C            2.42460883563393       -0.82462756895773       -0.58776174036500
H           -1.74281193739886        0.45904426858923       -1.80154372626886
H           -2.59413572205014        1.52906036365690       -0.68639542065962
H           -0.89236991880543        1.80552240045117       -1.03894050422272
H           -1.10932966457105        0.73949409787333        1.17077742926704
H           -3.32790340241717       -0.28650620073691        0.82054700668429
H           -2.62676463075679       -1.46133840132490       -0.29323296963947
H           -2.17892763935726       -1.48636057559176        1.41311823921634
H           -0.18921997760479       -1.32530014290858       -0.87052871660183
H            0.19147484322773       -1.33836651614482        0.84989137205354
H            1.10804054514494        0.75951259527275       -1.15902101326541
H            0.88932220124608        1.79070729855088        1.06696331367930
H            1.74194005843814        0.43393503417869        1.80860482691371
H            2.59155493360737        1.52254652598085        0.71027747879959
H            2.18141216271232       -1.46050391622267       -1.43592767839316
H            3.32835058641156       -0.26802619521661       -0.82480850737469
H            2.62927082041839       -1.46121604333739        0.27060065024104
23
 energy: -23.161170215113 gnorm: 0.000075209557 xtb: 6.7.1 (edcfbbe)
C           -1.64492182446620        1.03586599340499       -0.88600180012575
C           -1.27109815430225        0.12371255550940        0.28028375486002
C           -2.42303936228869       -0.83725584974629        0.57584410269206
C            0.00057459894793       -0.68406859756433       -0.00526467002245
C            1.27086013585966        0.13022555626372       -0.27820787813687
C            1.64315710382826        1.02476046222716        0.90212923436960
C            2.42443457564950       -0.82405470664132       -0.58868921489796
H           -1.74234986677506        0.45745050179965       -1.80235804655454
H           -2.59485184457628        1.52766502933005       -0.68831260780808
H           -0.89319233205653        1.80512306282316       -1.04043773546900
H           -1.10918558955324        0.74066561178634        1.16980616474267
H           -3.32778133174650       -0.28574110575899        0.82084894845504
H           -2.62659351091133       -1.46186031262858       -0.29152819481550
H           -2.17863241031618       -1.48474633551967        1.41483077088235
H           -0.18901990472791       -1.32510679589502       -0.87054326561260
H            0.19127759758349       -1.33813912625984        0.84995837508222
H            1.10787139570094        0.76066433699745       -1.15802399127705
H            0.89016222421679        1.79029230790096        1.06845441003279
H            1.74149980081984        0.43233967493172        1.80939559386210
H            2.59228710395093        1.52112664246217        0.71216284090299
H            2.18110468825463       -1.45883303290971       -1.43764384332452
H            3.32822334197068       -0.26724895559631       -0.82509447582106
H            2.62908657112034       -1.46172816908511        0.26885897611034
23
 energy: -23.161171141366 gnorm: 0.000069976350 xtb: 6.7.1 (edcfbbe)
C           -1.64520125466171        1.03504433967006       -0.88714196406969
C           -1.27111428009228        0.12400485461235        0.27991636054257
C           -2.42294946099394       -0.83669835545623        0.57670580577989
C            0.00057976758849       -0.68386615052062       -0.00524763129180
C            1.27087825207319        0.13051400619589       -0.27783504813035
C            1.64343745314548        1.02392568790666        0.90325525490677
C            2.42433850105366       -0.82348857590884       -0.58955158129183
H           -1.74186224730725        0.45585321507831       -1.80308627262034
H           -2.59556160313591        1.52629951312886       -0.69019413262028
H           -0.89395600039256        1.80471435782524       -1.04189376516976
H           -1.10897667768720        0.74184040890484        1.16878351006775
H           -3.32766374014333       -0.28495248815171        0.82128275265599
H           -2.62664462705241       -1.46232490622164       -0.28989541279541
H           -2.17835717982312       -1.48319489998039        1.41639866650551
H           -0.18884831211437       -1.32490610262346       -0.87055687507346
H            0.19111714900757       -1.33793094971728        0.85001361509888
H            1.10765154677004        0.76182569104544       -1.15698036092230
H            0.89092079163174        1.78985839015801        1.06992047568374
H            1.74104329920970        0.43073280517451        1.81009356539047
H            2.59298836904274        1.51974684796563        0.71399988594629
H            2.18082576133760       -1.45724528963595       -1.43921118590521
H            3.32810148105635       -0.26645586583691       -0.82550791035421
H            2.62912601767031       -1.46218778578122        0.26719969579358
23
 energy: -23.161171920540 gnorm: 0.000065759564 xtb: 6.7.1 (edcfbbe)
C           -1.64546431850176        1.03426705523009       -0.88823741165807
C           -1.27112168297052        0.12429805204362        0.27958876961514
C           -2.42283025411147       -0.83618299370951        0.57752156551692
C            0.00057078746746       -0.68368860544421       -0.00525361125092
C            1.27087529323688        0.13079840345139       -0.27749711309571
C            1.64371786977332        1.02313297609744        0.90433396436475
C            2.42421571186239       -0.82295430675161       -0.59035389850647
H           -1.74156272519178        0.45438133446291       -1.80380133211446
H           -2.59614487512417        1.52512191766397       -0.69189343612077
H           -0.89463923042485        1.80427070327832       -1.04336037787975
H           -1.10883131106519        0.74290083039193        1.16789026753349
H           -3.32751254260577       -0.28422729543364        0.82175258876443
H           -2.62669322434700       -1.46261879516376       -0.28844562213943
H           -2.17805283472140       -1.48188265299318        1.41777592722880
H           -0.18867143552728       -1.32473864276359       -0.87060031553415
H            0.19092581252710       -1.33774624175212        0.85005554876927
H            1.10749542209371        0.76286278228428       -1.15606701955086
H            0.89160333347970        1.78937104490276        1.07139172342845
H            1.74078842261036        0.42925028619076        1.81077736786524
H            2.59357390792501        1.51857403118555        0.71566597309771
H            2.18051730112306       -1.45589370872176       -1.44057085997521
H            3.32795352282392       -0.26572214283825       -0.82594920612033
H            2.62916005585106       -1.46246528377982        0.26574395588874
23
 energy: -23.161171926921 gnorm: 0.000064706838 xtb: 6.7.1 (edcfbbe)
C           -1.64546802603169        1.03426242539992       -0.88824606465700
C           -1.27111853136104        0.12429980334275        0.27958546535639
C           -2.42283310666898       -0.83617997433368        0.57752566803272
C            0.00057197944884       -0.68368614702039       -0.00525155560197
C            1.27087398495328        0.13080128224437       -0.27749588534135
C            1.64371914864084        1.02312772812800        0.90434301173414
C            2.42421805752152       -0.82295252843409       -0.59035824527576
H           -1.74156731669141        0.45436691947326       -1.80380477976989
H           -2.59614965807464        1.52511924906514       -0.69190368771140
H           -0.89464066685487        1.80426343160582       -1.04337677816276
H           -1.10883139060176        0.74291035086809        1.16788153074672
H           -3.32751193160635       -0.28422177334686        0.82175887846788
H           -2.62669490012353       -1.46262211004455       -0.28843862344877
H           -2.17804891586356       -1.48187408299873        1.41778550055165
H           -0.18867081097370       -1.32473462545880       -0.87059941775836
H            0.19092521165907       -1.33774404743974        0.85005492547610
H            1.10749590232048        0.76287297119224       -1.15605869460742
H            0.89160437582148        1.78936427089385        1.07140862780567
H            1.74079354655521        0.42923560133330        1.81078081665784
H            2.59357810219921        1.51857056976132        0.71567535156066
H            2.18051369710120       -1.45588564129225       -1.44058060281234
H            3.32795226790763       -0.26571638808974       -0.82595517193038
H            2.62916198690553       -1.46246853701766        0.26573717881441
