----------------------------------------------- 
  Element       SASA      Sigma Z        Total  
     Z         Ang**2 cal/Ang**2/mol   kcal/mol 
----------------------------------------------- 
      H        136.563      48.690       6.649
      C         23.444     129.740       3.042
      O         16.412       0.000       0.000

 Subtotal:     176.419                   9.691
 -----------------------------------------------

  Elements    COT*SASA   Sigma Z,Z'     Total   
    Z,Z'       Ang**2  cal/Ang**2/mol kcal/mol  
 ---------------------------------------------- 
  H   C         82.495     -60.770      -5.013
  H   O          9.756       0.000       0.000
  C   C         16.908     -72.950      -1.233
  O   C          0.000      68.690       0.000

 Subtotal:                              -6.247
 ---------------------------------------------- 

 NONAQUEOUS SOLVENT CONTRIBUTION (kcal/mol):
 (proportional to SASA, atomic number independent)
 ---------------------------------------------- 
 Subtotal:                               0.000
 ---------------------------------------------- 

 CDS TOTAL (kcal/mol):                   3.444
...............................................................................
