14
 energy: -344.746832158955 gnorm: 0.002205489153 xtb: 6.7.1 (edcfbbe)
C           -1.43229899059665        0.09746137719286        0.63973942198582
C            0.05060461419512        0.37424494547404        0.46571769570536
C            0.81983308095261       -0.87787921626080        0.05950131976243
O            2.23665514336090       -0.66132022825809        0.02245088817019
O            0.28034461821404        1.44997911527106       -0.45949716210379
O           -1.95987214034723       -0.36497971403046       -0.61574564437111
H           -1.93638929867177        1.02108895839873        0.95270466638683
H           -1.57189890679365       -0.65977980249794        1.42486362120971
H            0.43405141326539        0.72638685186649        1.43182728624917
H            0.53535678539557       -1.18319139491574       -0.95207446157997
H            0.56817892220977       -1.69468649133761        0.75057193060188
H            2.52014227155021       -0.43749812825114        0.91765881465191
H           -0.08110261249034        1.17077673885246       -1.31207078197381
H           -2.92143555438835       -0.38287490897807       -0.53945451155635
14
 energy: -344.746837540755 gnorm: 0.000960852972 xtb: 6.7.1 (edcfbbe)
C           -1.43243315480385        0.09768974860718        0.63965378047583
C            0.05043176921660        0.37391971779599        0.46605610203053
C            0.81933009013322       -0.87785293215644        0.05919302005388
O            2.23660105089674       -0.66016560595099        0.02134369772667
O            0.28125882793693        1.45063685750656       -0.45861112201643
O           -1.95966399573730       -0.36687587003799       -0.61543058849531
H           -1.93651933143668        1.02193465857104        0.95012968452746
H           -1.57266668307521       -0.65858023234417        1.42534094846041
H            0.43450290164916        0.72600379685005        1.43205626599703
H            0.53467198667722       -1.18346970380836       -0.95248489948524
H            0.56909199758643       -1.69481342056507        0.75099428475258
H            2.52033634325681       -0.43918976471942        0.91805747066617
H           -0.08150591972074        1.17244043597022       -1.31123208993770
H           -2.92126661842905       -0.38394956252806       -0.53887348905377
14
 energy: -344.746841360632 gnorm: 0.001634937710 xtb: 6.7.1 (edcfbbe)
C           -1.43283178142234        0.09882919316693        0.63909323443380
C            0.05002388475260        0.37355508491201        0.46699587248866
C            0.81836284267971       -0.87718759030198        0.05839964699064
O            2.23678077802353       -0.65667061327808        0.01803608651178
O            0.28330236038260        1.45296811413813       -0.45598350282129
O           -1.95839824733287       -0.37410122700600       -0.61449260496401
H           -1.93722998016968        1.02516748669915        0.94157980983315
H           -1.57494153886871       -0.65297264533833        1.42831885853274
H            0.43474424498632        0.72418596262421        1.43342683453759
H            0.53281433993790       -1.18353735718688       -0.95306676688319
H            0.57200662807506       -1.69479013854709        0.75133834006967
H            2.52150328909220       -0.44737830819567        0.91846394155506
H           -0.08385353446103        1.17805995149842       -1.30811457034016
H           -2.92011436921769       -0.38839963991291       -0.53780213665332
14
 energy: -344.746843265375 gnorm: 0.000414567600 xtb: 6.7.1 (edcfbbe)
C           -1.43269843483272        0.09873787007239        0.63912525552104
C            0.05013095285023        0.37384638976464        0.46709383481661
C            0.81869335462712       -0.87694168518112        0.05848002810363
O            2.23687818171449       -0.65751339765325        0.01859189949856
O            0.28258506317353        1.45271148577150       -0.45626747685916
O           -1.95823358300080       -0.37361006043661       -0.61454187104418
H           -1.93732283729492        1.02488522935614        0.94226415830362
H           -1.57473819262891       -0.65290361766103        1.42867500490831
H            0.43419383234909        0.72464859086041        1.43357340097996
H            0.53328118898492       -1.18305776920900       -0.95284790656068
H            0.57141115432005       -1.69433889370397        0.75080979907210
H            2.52199863814372       -0.44780376781411        0.91794026672323
H           -0.08407600431267        1.17758192571807       -1.30836194094537
H           -2.91993440252764       -0.38851400203807       -0.53834138478078
14
 energy: -344.746843265375 gnorm: 0.000414567600 xtb: 6.7.1 (edcfbbe)
C           -1.43269843483272        0.09873787007239        0.63912525552104
C            0.05013095285023        0.37384638976464        0.46709383481661
C            0.81869335462712       -0.87694168518112        0.05848002810363
O            2.23687818171449       -0.65751339765325        0.01859189949856
O            0.28258506317353        1.45271148577150       -0.45626747685916
O           -1.95823358300080       -0.37361006043661       -0.61454187104418
H           -1.93732283729492        1.02488522935614        0.94226415830362
H           -1.57473819262891       -0.65290361766103        1.42867500490831
H            0.43419383234909        0.72464859086041        1.43357340097996
H            0.53328118898492       -1.18305776920900       -0.95284790656068
H            0.57141115432005       -1.69433889370397        0.75080979907210
H            2.52199863814372       -0.44780376781411        0.91794026672323
H           -0.08407600431267        1.17758192571807       -1.30836194094537
H           -2.91993440252764       -0.38851400203807       -0.53834138478078
