----------------------------------------------- 
  Element       SASA      Sigma Z        Total  
     Z         Ang**2 cal/Ang**2/mol   kcal/mol 
----------------------------------------------- 
      H        121.047      48.690       5.894
      C         33.564     129.740       4.355
      O         30.574       0.000       0.000

 Subtotal:     185.185                  10.248
 -----------------------------------------------

  Elements    COT*SASA   Sigma Z,Z'     Total   
    Z,Z'       Ang**2  cal/Ang**2/mol kcal/mol  
 ---------------------------------------------- 
  H   C         81.396     -60.770      -4.946
  H   O          0.000       0.000       0.000
  C   C         23.235     -72.950      -1.695
  O   C         15.252      68.690       1.048
  O   O          0.000       0.000       0.000

 Subtotal:                              -5.594
 ---------------------------------------------- 

 NONAQUEOUS SOLVENT CONTRIBUTION (kcal/mol):
 (proportional to SASA, atomic number independent)
 ---------------------------------------------- 
 Subtotal:                               0.000
 ---------------------------------------------- 

 CDS TOTAL (kcal/mol):                   4.655
...............................................................................
