----------------------------------------------- 
  Element       SASA      Sigma Z        Total  
     Z         Ang**2 cal/Ang**2/mol   kcal/mol 
----------------------------------------------- 
      H        149.630      48.690       7.285
      C         26.838     129.740       3.482
      O         15.818       0.000       0.000

 Subtotal:     192.287                  10.768
 -----------------------------------------------

  Elements    COT*SASA   Sigma Z,Z'     Total   
    Z,Z'       Ang**2  cal/Ang**2/mol kcal/mol  
 ---------------------------------------------- 
  H   C         93.060     -60.770      -5.655
  H   O          7.923       0.000       0.000
  C   C         19.956     -72.950      -1.456
  O   C          0.000      68.690       0.000

 Subtotal:                              -7.111
 ---------------------------------------------- 

 NONAQUEOUS SOLVENT CONTRIBUTION (kcal/mol):
 (proportional to SASA, atomic number independent)
 ---------------------------------------------- 
 Subtotal:                               0.000
 ---------------------------------------------- 

 CDS TOTAL (kcal/mol):                   3.656
...............................................................................
