----------------------------------------------- 
  Element       SASA      Sigma Z        Total  
     Z         Ang**2 cal/Ang**2/mol   kcal/mol 
----------------------------------------------- 
      H        156.452      48.690       7.618
      C         26.756     129.740       3.471
      O         15.493       0.000       0.000

 Subtotal:     198.701                  11.089
 -----------------------------------------------

  Elements    COT*SASA   Sigma Z,Z'     Total   
    Z,Z'       Ang**2  cal/Ang**2/mol kcal/mol  
 ---------------------------------------------- 
  H   C         96.792     -60.770      -5.882
  H   O          8.769       0.000       0.000
  C   C         18.924     -72.950      -1.380
  O   C          0.000      68.690       0.000

 Subtotal:                              -7.263
 ---------------------------------------------- 

 NONAQUEOUS SOLVENT CONTRIBUTION (kcal/mol):
 (proportional to SASA, atomic number independent)
 ---------------------------------------------- 
 Subtotal:                               0.000
 ---------------------------------------------- 

 CDS TOTAL (kcal/mol):                   3.826
...............................................................................
