18
 energy: -272.905543890274 gnorm: 0.003350081353 xtb: 6.7.1 (edcfbbe)
C            1.84204748782415       -1.37592909356045        0.05483642377044
C            0.81921222151175       -0.26284173549558        0.29250715849045
C            1.50239591512108        1.10425302932686        0.23056976900877
C           -0.31869468040100       -0.38718758948598       -0.73084929728762
C           -1.46874726110250        0.58784559189093       -0.56006432207538
O           -2.10780284682295        0.33392989974810        0.71216857775356
H            2.26499705438582       -1.29193218115889       -0.95329918044882
H            1.38288614698540       -2.36625898534755        0.14654754997550
H            2.66709400744493       -1.31511845144031        0.77137875612460
H            0.39657933072095       -0.39456341394566        1.29744525025628
H            2.30988937091313        1.16447228615839        0.96790108771389
H            0.80670798470862        1.92506973759741        0.43454943445613
H            1.93968924953162        1.26850438331439       -0.76304284287632
H           -0.72551045054952       -1.40704626345443       -0.69256668582750
H            0.09231343815360       -0.24604443941235       -1.73992569709461
H           -1.11506505524203        1.62918566394882       -0.60056100115749
H           -2.19222168821644        0.44644548015533       -1.37504743922429
H           -2.83730942588564        0.95815967483557        0.79661661449029
18
 energy: -272.905573447635 gnorm: 0.001150159817 xtb: 6.7.1 (edcfbbe)
C            1.84182604130225       -1.37611042619439        0.05563030609662
C            0.81909382871211       -0.26322806123770        0.29160051945666
C            1.50096389018928        1.10408313489304        0.23063442729978
C           -0.31902488133991       -0.38714316259996       -0.73187324660525
C           -1.46846285394302        0.58666739382861       -0.56047818402919
O           -2.10312280847522        0.33711209028173        0.71373506379813
H            2.26994241082051       -1.29361604941582       -0.95102910942162
H            1.38185831737778       -2.36623354350008        0.14552805688562
H            2.66431225977912       -1.31720615173814        0.77619063473151
H            0.39696523060141       -0.39495661827721        1.29669355963354
H            2.31166725171946        1.16450803538183        0.96457794067878
H            0.80562176077750        1.92336878055670        0.43930030540381
H            1.93393750549525        1.27242504762858       -0.76359595699614
H           -0.72412124329577       -1.40761073556753       -0.69811436235633
H            0.09224601859684       -0.24321461697682       -1.74058087338591
H           -1.11656972564225        1.62685729734931       -0.60460884967782
H           -2.19486818713977        0.44373993575727       -1.37243949441970
H           -2.83380406046132        0.96150141019830        0.79799267260014
18
 energy: -272.905607112882 gnorm: 0.002995344730 xtb: 6.7.1 (edcfbbe)
C            1.84098876346918       -1.37746154053998        0.05890347723706
C            0.81836518493712       -0.26487930270832        0.28896168701424
C            1.49506956189317        1.10412159108267        0.23037199518544
C           -0.31877505061490       -0.38692904173778       -0.73648863689035
C           -1.46688812404560        0.58409526952407       -0.56200171818456
O           -2.08654808274328        0.34864231521211        0.72082452727462
H            2.28545436976863       -1.29530871613207       -0.94172693281825
H            1.37809070930530       -2.36719966623149        0.13987159242331
H            2.65408536439606       -1.32476755120140        0.79222227864576
H            0.39553127292365       -0.39719867744323        1.29361205475529
H            2.31656136513931        1.16234247885931        0.95300865111669
H            0.79996868494528        1.91835872557029        0.45697063559803
H            1.91295720178382        1.28549360036230       -0.76753734598942
H           -0.71885488584024       -1.40940539804608       -0.71341428034697
H            0.09411610175634       -0.23482693949207       -1.74376764394417
H           -1.11873348759720        1.62261154808443       -0.62172550746782
H           -2.20266497182619        0.43171619797613       -1.36395357100987
H           -2.82026330513556        0.97153951025663        0.80502950685816
18
 energy: -272.905619045809 gnorm: 0.002065192115 xtb: 6.7.1 (edcfbbe)
C            1.84123798439088       -1.37751032759978        0.05950189862170
C            0.81780345151336       -0.26542917955539        0.28861781838562
C            1.49379381735071        1.10414154081865        0.23117778342177
C           -0.31834266344774       -0.38786676112611       -0.73783304597199
C           -1.46674362766821        0.58348782582052       -0.56301180891487
O           -2.08170869847101        0.35291362214270        0.72321957976535
H            2.28908935870655       -1.29265767318216       -0.93907137613897
H            1.37750371732090       -2.36722012226224        0.13627356451588
H            2.65141024820265       -1.32667047527936        0.79576256351849
H            0.39335003067365       -0.39815022018057        1.29251656730902
H            2.31834337198319        1.16083871434590        0.95034983409511
H            0.79867102748568        1.91703804584946        0.46327260647214
H            1.90676328424961        1.28858654816087       -0.76840386256276
H           -0.71831570647154       -1.41038183637293       -0.71490574830802
H            0.09510450101627       -0.23468242758650       -1.74470326725799
H           -1.11866325789572        1.62244635337908       -0.62866897669278
H           -2.20512298467677        0.42728096855196       -1.36194269455990
H           -2.81571301290063        0.97478002224608        0.80700875119996
18
 energy: -272.905633066019 gnorm: 0.000749264100 xtb: 6.7.1 (edcfbbe)
C            1.84257105924190       -1.37752011893026        0.05998606206978
C            0.81657600254421       -0.26728437724854        0.28874867841564
C            1.49013402681861        1.10415101252175        0.23341595555561
C           -0.31731642035873       -0.39057200891640       -0.73971445244105
C           -1.46614775910921        0.58272776582543       -0.56541799313205
O           -2.07205619410074        0.36325534042239        0.72752676869954
H            2.29631520014802       -1.28450897291122       -0.93453300868979
H            1.37822567545453       -2.36768959490142        0.12659759076897
H            2.64694267492055       -1.33050730293348        0.80181879430839
H            0.38886829588989       -0.40141652981209        1.29101952687190
H            2.32096167007642        1.15696931737424        0.94532047524039
H            0.79545543527775        1.91462673763630        0.47689235376863
H            1.89327602924636        1.29471803242937       -0.76940151232107
H           -0.71836904808142       -1.41258991653813       -0.71443340465869
H            0.09668049911698       -0.23761358063857       -1.74623951914079
H           -1.11763290262110        1.62231084170312       -0.64380958326550
H           -2.20958317801863        0.41847015521581       -1.35813063948149
H           -2.80643951654629        0.98341826814072        0.80951327630055
18
 energy: -272.905638258923 gnorm: 0.000903479822 xtb: 6.7.1 (edcfbbe)
C            1.84410512902899       -1.37678471899112        0.05914773847736
C            0.81574253115232       -0.26869054345339        0.28906426200562
C            1.48770106074183        1.10382996498256        0.23550185869543
C           -0.31778327874519       -0.39307997425440       -0.73937878543168
C           -1.46548192286743        0.58281680334137       -0.56753061858097
O           -2.06755374467954        0.37063094550261        0.72855653273971
H            2.30090383814478       -1.27806209860765       -0.93329501763873
H            1.38061791265275       -2.36774512326870        0.11926750370484
H            2.64565450717544       -1.33220145893785        0.80393837314398
H            0.38780694736998       -0.40467567431526        1.29093128801148
H            2.32198584451936        1.15494709384530        0.94336228595441
H            0.79316876721166        1.91255030806020        0.48509324653661
H            1.88555030218133        1.29803597532354       -0.76874724107927
H           -0.72047826348694       -1.41441988142018       -0.71106007955699
H            0.09649158294034       -0.24302265913458       -1.74610173703881
H           -1.11617350709452        1.62179472882301       -0.65204691485243
H           -2.21158824639829        0.41444578135882       -1.35662466458270
H           -2.80220711485874        0.99057583573128        0.80908135801686
18
 energy: -272.905648998618 gnorm: 0.001243705140 xtb: 6.7.1 (edcfbbe)
C            1.84929644068997       -1.37434002832496        0.05438439746156
C            0.81393192594897       -0.27368514504804        0.29096218339055
C            1.47845806953844        1.10293588678974        0.24235210606779
C           -0.32000875170276       -0.40134986097359       -0.73606134952531
C           -1.46247807198700        0.58300502891729       -0.57313548331735
O           -2.05674357958210        0.39505001754393        0.73078697919770
H            2.31476223311685       -1.25830564768751       -0.93230605293251
H            1.39031301860953       -2.36842242356799        0.09528477471383
H            2.64352373438736       -1.33678150173888        0.80725216104953
H            0.38837063642020       -0.41694308114973        1.29276405949138
H            2.32225212229066        1.14993121610515        0.93918839785122
H            0.78390975709866        1.90595839375863        0.50952204850835
H            1.86204249166067        1.30893439371768       -0.76515730582522
H           -0.72867307212601       -1.42005003994153       -0.69684606196011
H            0.09461392924156       -0.26401023402635       -1.74443329172988
H           -1.10893688674534        1.61858774418931       -0.67648151709983
H           -2.21465768616158        0.40437207925575       -1.35371015824988
H           -2.79151098117245        1.01605917585990        0.80479436071291
18
 energy: -272.905655399001 gnorm: 0.001108988732 xtb: 6.7.1 (edcfbbe)
C            1.85265967944800       -1.37277961320868        0.05055991067877
C            0.81401802842744       -0.27639190839527        0.29219742698473
C            1.47435859554325        1.10212317190267        0.24578468695370
C           -0.32248195426743       -0.40577472069727       -0.73187805599775
C           -1.46065249774570        0.58381145813510       -0.57498309172562
O           -2.05653643672093        0.40432156862746        0.72899362728981
H            2.31792059189205       -1.25075656461628       -0.93538378572150
H            1.39662784091873       -2.36820350348612        0.08639884135056
H            2.64688234630776       -1.33711217153550        0.80357299865289
H            0.39196616709333       -0.42323356927270        1.29500231574018
H            2.31941815907919        1.15017530164620        0.94071113938678
H            0.77840283413559        1.90222243471414        0.51654140701185
H            1.85514939092926        1.31198853583103       -0.76157006541994
H           -0.73459816962431       -1.42287888080098       -0.68639898440458
H            0.09148801409422       -0.27621730378420       -1.74164945700778
H           -1.10346898189138        1.61703877177587       -0.68293386410137
H           -2.21297243620158        0.40468428230248       -1.35493318835740
H           -2.78971416995844        1.02792881374757        0.79912971165989
18
 energy: -272.905659728509 gnorm: 0.000349145870 xtb: 6.7.1 (edcfbbe)
C            1.85511996417154       -1.37198821398899        0.04689608027300
C            0.81445269211156       -0.27903516891594        0.29370453565913
C            1.46944894213335        1.10182481705672        0.24896264531512
C           -0.32382962756495       -0.40973550382918       -0.72873367364805
C           -1.45839852974902        0.58357992690631       -0.57608069815268
O           -2.05559045455625        0.41353258169103        0.72845595148918
H            2.31982193594789       -1.24563988390028       -0.93883871365339
H            1.40156585827999       -2.36867278240250        0.07950253518373
H            2.64982835731687       -1.33724050403838        0.79968109249249
H            0.39538822876791       -0.42940165029526        1.29736114446325
H            2.31586714760329        1.15100002144360        0.94237302577171
H            0.77110017391644        1.89860737765894        0.52393294314919
H            1.84720352438233        1.31645318807630       -0.75865096300346
H           -0.73848943082147       -1.42543169289614       -0.67835414961382
H            0.08934373036836       -0.28623357554172       -1.73967368842320
H           -1.09708133082520        1.61489388655002       -0.68988496153824
H           -2.21094504735997        0.40397276352683       -1.35616989099091
H           -2.78633758734561        1.04046068455370        0.79467943802627
18
 energy: -272.905659728509 gnorm: 0.000349145870 xtb: 6.7.1 (edcfbbe)
C            1.85511996417154       -1.37198821398899        0.04689608027300
C            0.81445269211156       -0.27903516891594        0.29370453565913
C            1.46944894213335        1.10182481705672        0.24896264531512
C           -0.32382962756495       -0.40973550382918       -0.72873367364805
C           -1.45839852974902        0.58357992690631       -0.57608069815268
O           -2.05559045455625        0.41353258169103        0.72845595148918
H            2.31982193594789       -1.24563988390028       -0.93883871365339
H            1.40156585827999       -2.36867278240250        0.07950253518373
H            2.64982835731687       -1.33724050403838        0.79968109249249
H            0.39538822876791       -0.42940165029526        1.29736114446325
H            2.31586714760329        1.15100002144360        0.94237302577171
H            0.77110017391644        1.89860737765894        0.52393294314919
H            1.84720352438233        1.31645318807630       -0.75865096300346
H           -0.73848943082147       -1.42543169289614       -0.67835414961382
H            0.08934373036836       -0.28623357554172       -1.73967368842320
H           -1.09708133082520        1.61489388655002       -0.68988496153824
H           -2.21094504735997        0.40397276352683       -1.35616989099091
H           -2.78633758734561        1.04046068455370        0.79467943802627
