----------------------------------------------- 
  Element       SASA      Sigma Z        Total  
     Z         Ang**2 cal/Ang**2/mol   kcal/mol 
----------------------------------------------- 
      H        152.872      48.690       7.443
      C         26.289     129.740       3.411
      O         16.077       0.000       0.000

 Subtotal:     195.238                  10.854
 -----------------------------------------------

  Elements    COT*SASA   Sigma Z,Z'     Total   
    Z,Z'       Ang**2  cal/Ang**2/mol kcal/mol  
 ---------------------------------------------- 
  H   C         94.507     -60.770      -5.743
  H   O          8.649       0.000       0.000
  C   C         19.203     -72.950      -1.401
  O   C          0.000      68.690       0.000

 Subtotal:                              -7.144
 ---------------------------------------------- 

 NONAQUEOUS SOLVENT CONTRIBUTION (kcal/mol):
 (proportional to SASA, atomic number independent)
 ---------------------------------------------- 
 Subtotal:                               0.000
 ---------------------------------------------- 

 CDS TOTAL (kcal/mol):                   3.710
...............................................................................
