22
 energy: -425.309969075518 gnorm: 0.000905672363 xtb: 6.7.1 (edcfbbe)
C           -2.99897889636844        0.88347886447341       -1.00762039970952
C           -3.02359855567947        0.37845933081532        0.43133820314414
C           -2.09445502487055       -0.82491597534376        0.66522342945355
C           -0.64216866307257       -0.50627881974021        0.42085650460234
C            0.01484949020865       -0.92745343831010       -0.73746669612708
C            1.34836402284248       -0.60382321618178       -0.97843931806561
C            2.04805686334243        0.15986333994426       -0.04632773842327
C            1.41516192713939        0.59449179478804        1.11825243034150
C            0.08423288622137        0.26030025766095        1.33982036295081
O            3.37024305920842        0.51222572075986       -0.22189073711868
H           -2.00507078423891        1.25020481734965       -1.28507222660608
H           -3.26655955035293        0.08409497828344       -1.70827743365866
H           -3.70866044085685        1.70490246943123       -1.14864645982809
H           -4.04533288079936        0.08513368840854        0.70109079172228
H           -2.73829725463851        1.18910155251808        1.11393083696221
H           -2.40086585294568       -1.64531452664387        0.00539985719261
H           -2.22275042728354       -1.17360235706649        1.69698830246577
H           -0.52393128580940       -1.52277619112514       -1.46986328911269
H            1.84599058210129       -0.94333947990563       -1.88312978268285
H            1.97059134804169        1.18430607803163        1.84095270640900
H           -0.39964910853613        0.60040872738997        2.25210274743807
H            3.68545244408421        0.14759430585925       -1.06042588321044
22
 energy: -425.309972929490 gnorm: 0.000373753346 xtb: 6.7.1 (edcfbbe)
C           -2.99710458445038        0.88263811865747       -1.00815452054791
C           -3.02285319889640        0.37888843930191        0.43110028404638
C           -2.09477196528318       -0.82524783949543        0.66580050500778
C           -0.64234384577880       -0.50714294174871        0.42172843746950
C            0.01418644238634       -0.92776764061697       -0.73710495653331
C            1.34753548040338       -0.60330530164584       -0.97850570889160
C            2.04686791344682        0.16025162288756       -0.04617259964523
C            1.41469185077300        0.59415173577243        1.11881968494871
C            0.08409623580795        0.25925878929460        1.34086920458238
O            3.36913633648733        0.51379053558773       -0.22251468721465
H           -2.00177735637158        1.24566277421283       -1.28639512344333
H           -3.26778799706201        0.08340218020846       -1.70802458072899
H           -3.70401196065253        1.70663641212493       -1.14962534829116
H           -4.04491803116709        0.08644104824097        0.70082780300894
H           -2.73687177117650        1.18954168706257        1.11341511578109
H           -2.40148943436289       -1.64570396316454        0.00613162062596
H           -2.22339570257871       -1.17334544313342        1.69769105973260
H           -0.52516094984341       -1.52231671554880       -1.46991267039461
H            1.84486627508677       -0.94190853459932       -1.88376141510839
H            1.97033691585082        1.18379409788768        1.84137439185208
H           -0.39987136189229        0.59890252224546        2.25321274824973
H            3.68326399428438        0.15044031819037       -1.06200440432456
22
 energy: -425.309972929490 gnorm: 0.000373753346 xtb: 6.7.1 (edcfbbe)
C           -2.99710458445038        0.88263811865747       -1.00815452054791
C           -3.02285319889640        0.37888843930191        0.43110028404638
C           -2.09477196528318       -0.82524783949543        0.66580050500778
C           -0.64234384577880       -0.50714294174871        0.42172843746950
C            0.01418644238634       -0.92776764061697       -0.73710495653331
C            1.34753548040338       -0.60330530164584       -0.97850570889160
C            2.04686791344682        0.16025162288756       -0.04617259964523
C            1.41469185077300        0.59415173577243        1.11881968494871
C            0.08409623580795        0.25925878929460        1.34086920458238
O            3.36913633648733        0.51379053558773       -0.22251468721465
H           -2.00177735637158        1.24566277421283       -1.28639512344333
H           -3.26778799706201        0.08340218020846       -1.70802458072899
H           -3.70401196065253        1.70663641212493       -1.14962534829116
H           -4.04491803116709        0.08644104824097        0.70082780300894
H           -2.73687177117650        1.18954168706257        1.11341511578109
H           -2.40148943436289       -1.64570396316454        0.00613162062596
H           -2.22339570257871       -1.17334544313342        1.69769105973260
H           -0.52516094984341       -1.52231671554880       -1.46991267039461
H            1.84486627508677       -0.94190853459932       -1.88376141510839
H            1.97033691585082        1.18379409788768        1.84137439185208
H           -0.39987136189229        0.59890252224546        2.25321274824973
H            3.68326399428438        0.15044031819037       -1.06200440432456
