14
 energy: -17.242668533867 gnorm: 0.015053488270 xtb: 6.7.1 (edcfbbe)
C           -3.40804091300014       -0.67025836828807       -0.53713512193725
C           -2.78622773387095        0.09396436276465        0.63009005283731
C           -1.28211898519592       -0.16065233658806        0.81337668825876
C           -0.49459148073380        0.31792132007813       -0.38514554662039
Br           1.46904787531758        0.08953035500240       -0.09688439392522
H           -3.01894731382444       -0.33006318945910       -1.50215122946701
H           -3.20592339664681       -1.74431759244504       -0.45306374275686
H           -4.49393557878215       -0.53361790948923       -0.55547988676468
H           -3.28588378117997       -0.19651021489198        1.56149096462379
H           -2.95845277934947        1.17027945645114        0.50508877368102
H           -0.93497912358646        0.36431711444289        1.70950731255940
H           -1.10578690325214       -1.23123996015065        0.96918132548282
H           -0.62646956271204        1.38444954859313       -0.57238042335810
H           -0.70102940994068       -0.24867941247270       -1.29224211007214
14
 energy: -17.243063571657 gnorm: 0.006298425060 xtb: 6.7.1 (edcfbbe)
C           -3.40257179507049       -0.67147289823335       -0.53269498465940
C           -2.78642132848978        0.09624887531112        0.62904970904020
C           -1.28604997658005       -0.16365965260833        0.80428792338073
C           -0.49246673738613        0.32000895819810       -0.38886155844182
Br           1.45529689968400        0.08795214834116       -0.08385907392948
H           -3.01513317216279       -0.32606909923783       -1.48991424075709
H           -3.19814529582047       -1.73805814621761       -0.44186944638776
H           -4.48216178328305       -0.53205375050788       -0.54069226448265
H           -3.28621377973889       -0.19891478541360        1.55495183240420
H           -2.95473872933033        1.16805360328567        0.49207624533532
H           -0.94162533139127        0.35822193172625        1.70065526071973
H           -1.11279046833882       -1.23274205036180        0.95381223288043
H           -0.62833019646129        1.38512266342384       -0.57026381206663
H           -0.70198739238801       -0.24751462415824       -1.29242516049433
14
 energy: -17.243119078876 gnorm: 0.001866504973 xtb: 6.7.1 (edcfbbe)
C           -3.40410455997824       -0.67312256885905       -0.53214890596167
C           -2.78607432854214        0.09821900981949        0.62726578505908
C           -1.28782742429641       -0.16489877130121        0.80351967726044
C           -0.48784778692799        0.32133646033831       -0.38714199896249
Br           1.45165801609288        0.09035599925047       -0.08402876985105
H           -3.01778010285560       -0.32812414635621       -1.48716077067584
H           -3.19678038412018       -1.73597110599990       -0.43689125191867
H           -4.48165030036147       -0.53485974166896       -0.53699596123314
H           -3.28493182707190       -0.19371361497290        1.55256617440610
H           -2.95023816039232        1.16797514377966        0.48401398884659
H           -0.94183855074050        0.35142598468811        1.70184591903836
H           -1.11784711964156       -1.23423532897501        0.94584216216956
H           -0.62830461263675        1.38565181978412       -0.56597338494762
H           -0.69977194528520       -0.24491596597944       -1.29046000068819
14
 energy: -17.243130301605 gnorm: 0.001538878507 xtb: 6.7.1 (edcfbbe)
C           -3.40525841411515       -0.67535138548445       -0.53108792188428
C           -2.78417737671348        0.10147669927945        0.62547696974124
C           -1.28741695346122       -0.16791113844924        0.80204462459548
C           -0.48518829136949        0.32363314258667       -0.38788215091064
Br           1.44841551695542        0.09140203812161       -0.07487833744980
H           -3.02126180223063       -0.33285062177809       -1.48771029427650
H           -3.19613572049692       -1.73726332947361       -0.43184380669661
H           -4.48275911509861       -0.53784460654250       -0.53303268074145
H           -3.28366439300157       -0.18361273625671        1.55213303234412
H           -2.94458797578547        1.17061359270934        0.47593809457272
H           -0.93917222855148        0.34200842604897        1.70319603460501
H           -1.12038048010208       -1.23861377251621        0.93730099634507
H           -0.63026764594555        1.38838126277826       -0.56238939525959
H           -0.70148420684116       -0.23894439747600       -1.29301250244331
14
 energy: -17.243137001458 gnorm: 0.001437305599 xtb: 6.7.1 (edcfbbe)
C           -3.40696036908869       -0.67688959020845       -0.52993775016648
C           -2.78449494597468        0.10307671996181        0.62437689054866
C           -1.28861264757280       -0.16999728059858        0.80195878399191
C           -0.48282473989128        0.32506560391591       -0.38506437387223
Br           1.45134782839695        0.09400933579960       -0.07982058385364
H           -3.02389857647486       -0.33696697757001       -1.48860124224767
H           -3.19744783661492       -1.73920247908371       -0.42834336372282
H           -4.48503622989704       -0.53959120079991       -0.53131684374153
H           -3.28631864411342       -0.17616151787767        1.55207371350115
H           -2.94196218295406        1.17241635264628        0.47037996833167
H           -0.93975784742625        0.33548650470825        1.70549720276854
H           -1.12318433798610       -1.24172024349575        0.93318701795385
H           -0.62764388835504        1.39046387692280       -0.55744892700676
H           -0.69654466880518       -0.23486593077308       -1.29268782994319
14
 energy: -17.243141506831 gnorm: 0.000572721168 xtb: 6.7.1 (edcfbbe)
C           -3.40806091143015       -0.67762990510981       -0.52874908403801
C           -2.78374374651639        0.10309506491528        0.62305104309502
C           -1.28808130006645       -0.17054810187423        0.80100784589054
C           -0.48330672816099        0.32635074760621       -0.38479156706080
Br           1.45232509435833        0.09352428648883       -0.07720784018435
H           -3.02540001852636       -0.34017290010275       -1.48873014246196
H           -3.19959778052749       -1.74028909527590       -0.42608373849077
H           -4.48629700150325       -0.53982809337335       -0.53031422807586
H           -3.28623342465663       -0.17299449375803        1.55165133225456
H           -2.93979442672614        1.17259918272284        0.46709949414729
H           -0.93915516740323        0.33283924632466        1.70573613405722
H           -1.12346009460215       -1.24269148779015        0.93025332722748
H           -0.62646579185897        1.39234414724543       -0.55474736873689
H           -0.69606778913750       -0.23147542447153       -1.29392254508202
14
 energy: -17.243143978729 gnorm: 0.000323034297 xtb: 6.7.1 (edcfbbe)
C           -3.40876218793136       -0.67897486915966       -0.52746747820121
C           -2.78344295663277        0.10411697675954        0.62161017033194
C           -1.28822287205052       -0.17179884509213        0.79935470472528
C           -0.48289740760946        0.32804250051107       -0.38417206908496
Br           1.45289304049306        0.09298027039853       -0.07512535331683
H           -3.02646427689227       -0.34465269828197       -1.48846056033887
H           -3.20176140825370       -1.74144282815670       -0.42225147172722
H           -4.48657300336556       -0.53990666559045       -0.52864543348644
H           -3.28567974474689       -0.16854460410322        1.55119568247422
H           -2.93761231809478        1.17337890213023        0.46271602901706
H           -0.93960472920072        0.32860159080511        1.70573260951293
H           -1.12471531029610       -1.24438305795612        0.92556796503013
H           -0.62501009128894        1.39454892767977       -0.55082589224456
H           -0.69548582088739       -0.22684242639652       -1.29497624015002
14
 energy: -17.243145396240 gnorm: 0.000236346818 xtb: 6.7.1 (edcfbbe)
C           -3.40991724032474       -0.68016093985154       -0.52671672363124
C           -2.78319931261986        0.10462272584062        0.62051104864671
C           -1.28807653895298       -0.17249803725664        0.79848692059941
C           -0.48212365485769        0.32965636407468       -0.38356112956058
Br           1.45322988290902        0.09230739416550       -0.07436730263067
H           -3.02686791468582       -0.34874182399456       -1.48830630286500
H           -3.20436033987451       -1.74251213397353       -0.41859700463247
H           -4.48746366792462       -0.53942886454260       -0.52822255323975
H           -3.28533550612120       -0.16551603848061        1.55073809790159
H           -2.93609258896694        1.17358305495644        0.45926162097723
H           -0.93957083293557        0.32544656088284        1.70624929264705
H           -1.12556032931326       -1.24546221839596        0.92214654011602
H           -0.62329052715937        1.39664117200410       -0.54756869152812
H           -0.69471051592984       -0.22281404188125       -1.29580115025874
14
 energy: -17.243146557456 gnorm: 0.000188976331 xtb: 6.7.1 (edcfbbe)
C           -3.41058852655337       -0.68118741733258       -0.52620313356073
C           -2.78320638343456        0.10496593326070        0.61995695338227
C           -1.28805673193934       -0.17291748276045        0.79781938712576
C           -0.48135920262260        0.33090293607138       -0.38309372849898
Br           1.45387090493335        0.09142167822973       -0.07452931325112
H           -3.02605405164524       -0.35271931334248       -1.48822913720862
H           -3.20737513234867       -1.74374299785771       -0.41547929234805
H           -4.48785387523749       -0.53808670041704       -0.52880461770438
H           -3.28525288901508       -0.16376245406683        1.55060368958226
H           -2.93548658028897        1.17376287523699        0.45731901937804
H           -0.93970355031425        0.32351877657382        1.70643797122347
H           -1.12590768621211       -1.24610536916155        0.91985177370877
H           -0.62165184183537        1.39836534918627       -0.54483211760280
H           -0.69471354024369       -0.21929264007275       -1.29656479168445
14
 energy: -17.243147736900 gnorm: 0.000206518885 xtb: 6.7.1 (edcfbbe)
C           -3.41098840869862       -0.68222398181486       -0.52573882041483
C           -2.78312530951508        0.10503306839845        0.61951997249483
C           -1.28800431249585       -0.17311092559610        0.79737093743353
C           -0.48101975691140        0.33256451861811       -0.38268712080927
Br           1.45369314862186        0.08930523777501       -0.07541766421904
H           -3.02399350918824       -0.35739195787799       -1.48804160025441
H           -3.21118802344297       -1.74513634611315       -0.41197794117131
H           -4.48784110413623       -0.53581747528010       -0.53034727534488
H           -3.28507473996528       -0.16280252222334        1.55048000025638
H           -2.93527326672819        1.17369988667821        0.45587398037557
H           -0.93985848643854        0.32221104115709        1.70666590463425
H           -1.12577975434490       -1.24645930590434        0.91799423540838
H           -0.61996779567622        1.40060205631253       -0.54203249905510
H           -0.69491776783772       -0.21535012058205       -1.29740944679263
14
 energy: -17.243148730887 gnorm: 0.000120727442 xtb: 6.7.1 (edcfbbe)
C           -3.41144228743732       -0.68334024953855       -0.52517305265112
C           -2.78306037261042        0.10491073304834        0.61901282116764
C           -1.28802933880890       -0.17317510433020        0.79685875656803
C           -0.48051249464757        0.33404058289702       -0.38226155343384
Br           1.45392808545483        0.08737344382103       -0.07669115861600
H           -3.02117976280855       -0.36288564017265       -1.48763349131414
H           -3.21567700887776       -1.74661466356590       -0.40775155895596
H           -4.48776626417661       -0.53305430546261       -0.53257436003687
H           -3.28509937712200       -0.16187463542961        1.55027633751085
H           -2.93509852486470        1.17345497087380        0.45427077328876
H           -0.93986902863083        0.32086564866123        1.70687771109173
H           -1.12576718583005       -1.24668935317872        0.91596467705049
H           -0.61744341167025        1.40280726969330       -0.53845867437428
H           -0.69632211472725       -0.21069552376899       -1.29846456475383
14
 energy: -17.243149216545 gnorm: 0.000126276625 xtb: 6.7.1 (edcfbbe)
C           -3.41161719592281       -0.68421594767885       -0.52475610948958
C           -2.78297511747339        0.10495489867959        0.61859485314628
C           -1.28799164155843       -0.17319542357238        0.79644629518039
C           -0.48026190564871        0.33557878238747       -0.38186213424477
Br           1.45400068571931        0.08477737923891       -0.07758731715597
H           -3.01938495517999       -0.36674790756653       -1.48741128183813
H           -3.21848591351875       -1.74771009480828       -0.40492484722991
H           -4.48758006553317       -0.53148305553399       -0.53399056712325
H           -3.28505273495710       -0.16090143612830        1.55014825063138
H           -2.93485816953857        1.17344125666598        0.45307051138452
H           -0.93997548715830        0.31981382238042        1.70709411523262
H           -1.12562165137294       -1.24684516278241        0.91439577674701
H           -0.61649981056547        1.40475671183544       -0.53593341985429
H           -0.69703512404906       -0.20710064956959       -1.29903146284483
14
 energy: -17.243149470345 gnorm: 0.000084730791 xtb: 6.7.1 (edcfbbe)
C           -3.41166869101958       -0.68469139808335       -0.52449033523831
C           -2.78292124600753        0.10518198535967        0.61831891679449
C           -1.28802768954712       -0.17342482906814        0.79623776340812
C           -0.48034434006642        0.33614387804764       -0.38173614956770
Br           1.45370058827685        0.08401209143037       -0.07782440770661
H           -3.01889940709855       -0.36854271708833       -1.48735859517182
H           -3.21946767037356       -1.74822999535825       -0.40358380607268
H           -4.48749494408531       -0.53114321811380       -0.53428512999151
H           -3.28502607484807       -0.15996440804929        1.55007155510207
H           -2.93455197862528        1.17364011182022        0.45217098569879
H           -0.94003976600899        0.31895218885955        1.70723397439049
H           -1.12579856643404       -1.24718800172099        0.91351116923533
H           -0.61533934722311        1.40567031978922       -0.53445398777175
H           -0.69745995369666       -0.20529283427704       -1.29955929056746
14
 energy: -17.243149661958 gnorm: 0.000061057120 xtb: 6.7.1 (edcfbbe)
C           -3.41184079847417       -0.68501397063146       -0.52430778918168
C           -2.78290524521665        0.10532818220120        0.61804140476018
C           -1.28806709561285       -0.17349861401843        0.79606607771730
C           -0.48015854875882        0.33654918591126       -0.38152021702246
Br           1.45377724044802        0.08324552657987       -0.07796530259781
H           -3.01912172724044       -0.36937706810747       -1.48733928775243
H           -3.21965600265632       -1.74846418149459       -0.40282363959125
H           -4.48764902643633       -0.53142867462279       -0.53404628530815
H           -3.28508315492841       -0.15921267292216        1.54990525230384
H           -2.93429634695324        1.17370008247350        0.45123690865210
H           -0.94010534909421        0.31836627724575        1.70733283989629
H           -1.12603692885187       -1.24733675451648        0.91277747365848
H           -0.61454136698493        1.40626690458044       -0.53333848859029
H           -0.69765473599716       -0.20400104913117       -1.29976628440266
14
 energy: -17.243149846250 gnorm: 0.000033687509 xtb: 6.7.1 (edcfbbe)
C           -3.41203230503661       -0.68535579563647       -0.52415933461075
C           -2.78291398918082        0.10553269766307        0.61773240143694
C           -1.28810987331495       -0.17348127801326        0.79590337636831
C           -0.47990329306120        0.33694566869322       -0.38128900125021
Br           1.45392188478632        0.08216216512897       -0.07802695568375
H           -3.01982540449397       -0.36980419135317       -1.48741705902687
H           -3.21932658522407       -1.74868382039873       -0.40245314794339
H           -4.48790935000803       -0.53223371551352       -0.53348796739143
H           -3.28511525286212       -0.15837262330395        1.54973926171032
H           -2.93405247233082        1.17381789612245        0.45032738483849
H           -0.94022042479578        0.31787698231766        1.70747157642523
H           -1.12630590201474       -1.24739118032549        0.91213090103824
H           -0.61370634199956        1.40684447793886       -0.53227809467499
H           -0.69783977722105       -0.20273410977216       -1.29994067869469
14
 energy: -17.243149983666 gnorm: 0.000032179369 xtb: 6.7.1 (edcfbbe)
C           -3.41214223422346       -0.68565525693926       -0.52404359215188
C           -2.78295040580353        0.10572098270037        0.61747438641968
C           -1.28816179433458       -0.17344230501340        0.79578084377083
C           -0.47971047910872        0.33733519235912       -0.38107607148432
Br           1.45398113713062        0.08082746182243       -0.07819447463747
H           -3.02049316322890       -0.37008199351296       -1.48752930237971
H           -3.21880497714758       -1.74885720510526       -0.40219130228430
H           -4.48811198789299       -0.53312374521653       -0.53292832069989
H           -3.28519843418106       -0.15766830534484        1.54959429932261
H           -2.93396684425888        1.17392611613539        0.44949643944569
H           -0.94035290667867        0.31757454877493        1.70755599772742
H           -1.12647650345794       -1.24740636562776        0.91166640182946
H           -0.61278431497172        1.40744441865938       -0.53123485927848
H           -0.69816617859997       -0.20147037014412       -1.30011778305819
14
 energy: -17.243150074389 gnorm: 0.000033118005 xtb: 6.7.1 (edcfbbe)
C           -3.41216566614247       -0.68594151194423       -0.52396762180143
C           -2.78298635495144        0.10585459498091        0.61728297162336
C           -1.28822192754471       -0.17331112653907        0.79573732358335
C           -0.47960533645112        0.33765770264135       -0.38091623855940
Br           1.45395415749205        0.07952375590793       -0.07852507477717
H           -3.02088565252503       -0.37034983393772       -1.48759211534983
H           -3.21841468095861       -1.74906328824789       -0.40204939706587
H           -4.48819207825544       -0.53381219721838       -0.53261547516608
H           -3.28525295068476       -0.15721491852897        1.54947511084055
H           -2.93392931836514        1.17401164965661        0.44897690568790
H           -0.94050054299967        0.31748308267029        1.70766813012484
H           -1.12661302989173       -1.24730840628963        0.91139962642098
H           -0.61192723162842        1.40796038309387       -0.53033456973726
H           -0.69859847385089       -0.20036671269760       -1.30028691328249
