----------------------------------------------- 
  Element       SASA      Sigma Z        Total  
     Z         Ang**2 cal/Ang**2/mol   kcal/mol 
----------------------------------------------- 
      H        120.699      48.690       5.877
      C         35.165     129.740       4.562
      O         30.570       0.000       0.000

 Subtotal:     186.434                  10.439
 -----------------------------------------------

  Elements    COT*SASA   Sigma Z,Z'     Total   
    Z,Z'       Ang**2  cal/Ang**2/mol kcal/mol  
 ---------------------------------------------- 
  H   C         81.391     -60.770      -4.946
  H   O          0.000       0.000       0.000
  C   C         24.402     -72.950      -1.780
  O   C         16.714      68.690       1.148
  O   O          0.000       0.000       0.000

 Subtotal:                              -5.578
 ---------------------------------------------- 

 NONAQUEOUS SOLVENT CONTRIBUTION (kcal/mol):
 (proportional to SASA, atomic number independent)
 ---------------------------------------------- 
 Subtotal:                               0.000
 ---------------------------------------------- 

 CDS TOTAL (kcal/mol):                   4.861
...............................................................................
