----------------------------------------------- 
  Element       SASA      Sigma Z        Total  
     Z         Ang**2 cal/Ang**2/mol   kcal/mol 
----------------------------------------------- 
      H        118.796      48.690       5.784
      C         96.826     129.740      12.562
      N         17.298       0.000       0.000

 Subtotal:     232.920                  18.346
 -----------------------------------------------

  Elements    COT*SASA   Sigma Z,Z'     Total   
    Z,Z'       Ang**2  cal/Ang**2/mol kcal/mol  
 ---------------------------------------------- 
  H   C         80.477     -60.770      -4.891
  C   C         97.529     -72.950      -7.115
  C   N         34.974       0.000       0.000
  N   C         65.670     -48.220      -3.167
  N  C(3)        0.000      84.100       0.000

 Subtotal:                             -15.172
 ---------------------------------------------- 

 NONAQUEOUS SOLVENT CONTRIBUTION (kcal/mol):
 (proportional to SASA, atomic number independent)
 ---------------------------------------------- 
 Subtotal:                               0.000
 ---------------------------------------------- 

 CDS TOTAL (kcal/mol):                   3.174
...............................................................................
