18
 energy: -18.940249114830 gnorm: 0.024908208541 xtb: 6.7.1 (edcfbbe)
C           -1.94926930585721       -0.49793682259625       -0.72250929492112
C           -1.53348079162759        0.56856056882285        0.28641848881986
C           -0.22726827234811        0.24068550202617        1.03080436077931
C            0.95815152724865        0.07330360122002        0.10422895530139
C            1.55977185920771        1.12907572789651       -0.45308875926261
C            1.40448333998186       -1.33338307667506       -0.16388833341218
H           -2.90550669946109       -0.24234295957694       -1.19092662991084
H           -2.06158240430469       -1.47565852503078       -0.23937945142641
H           -1.20700476957842       -0.60167379879502       -1.52156407222691
H           -1.41348928466809        1.53165978855186       -0.22520047145728
H           -2.32980164160124        0.70112492499687        1.02916245434135
H           -0.02268763585371        1.04659000663431        1.74455032804985
H           -0.36867191836033       -0.67913075655338        1.61126056993723
H            2.39420098589358        1.01108324335749       -1.13988888379925
H            1.23498673520609        2.14453528732163       -0.23613294803592
H            1.73980546089227       -1.80776128085602        0.76735770378382
H            0.57201651294270       -1.94356366327341       -0.53501898475235
H            2.22176912503201       -1.37240753958591       -0.88921251332617
18
 energy: -18.941124372553 gnorm: 0.006679474729 xtb: 6.7.1 (edcfbbe)
C           -1.94438728550321       -0.49570961777043       -0.71809046676160
C           -1.52872360710235        0.57174272766044        0.28321731822921
C           -0.22827237645257        0.23089002985361        1.02517313781384
C            0.94929288367829        0.07015793976055        0.09557902162749
C            1.54785071129602        1.11878468355553       -0.45201409585452
C            1.40205105585832       -1.33283885712958       -0.16152453787727
H           -2.89758043286466       -0.23448402091413       -1.17649740606961
H           -2.05652089135335       -1.46383396622375       -0.22905562049495
H           -1.20338356835105       -0.59035395256115       -1.51126491703207
H           -1.40466085021134        1.52576046283511       -0.23700504563954
H           -2.32393965879589        0.69921840919385        1.02350436105410
H           -0.02248193183853        1.03810358906022        1.73328417177530
H           -0.37182115927736       -0.68940940320813        1.59751756062645
H            2.38553327754706        1.00963782510588       -1.12291848160156
H            1.22613665288727        2.12720263112563       -0.24244436048540
H            1.74375766153055       -1.79191024304709        0.76888083771532
H            0.57695835688578       -1.93934792907831       -0.53730380569574
H            2.21661398481139       -1.36085008033330       -0.88206515284765
18
 energy: -18.941193783979 gnorm: 0.001848874372 xtb: 6.7.1 (edcfbbe)
C           -1.94459519585048       -0.49405669884294       -0.71829822938692
C           -1.52683761153823        0.57411177749940        0.28267199179781
C           -0.22915203090025        0.22632531914523        1.02472146091911
C            0.94901682596367        0.06844736626017        0.09746819932667
C            1.54511929496664        1.11649504060684       -0.44839866500138
C            1.40402171748818       -1.33427881383100       -0.15938659577593
H           -2.89670265191251       -0.23187737637936       -1.17397748866607
H           -2.05579860714004       -1.45824747289315       -0.22655240295542
H           -1.20393211087991       -0.58707552596159       -1.50882028358928
H           -1.39493408172015        1.52391841236129       -0.23967067785933
H           -2.32151844930895        0.70569014061659        1.02089343089733
H           -0.02159179997959        1.02916498200697        1.73586550970432
H           -0.37795682392426       -0.69619056737008        1.58852696289693
H            2.37584357896637        1.01180405012074       -1.12491373447287
H            1.21789847782166        2.12285957235248       -0.24912319883712
H            1.74877465953066       -1.78650792995790        0.77039941365157
H            0.58162887177385       -1.94041603456282       -0.53460296963591
H            2.21713875938773       -1.35740601328593       -0.87983020453172
18
 energy: -18.941217819819 gnorm: 0.002751206285 xtb: 6.7.1 (edcfbbe)
C           -1.94692959313726       -0.49124105582761       -0.71830876017634
C           -1.52485624722804        0.57848600757763        0.28170692794146
C           -0.23092845533471        0.21977531369234        1.02504642756078
C            0.94491404175819        0.06571843189159        0.09462076993872
C            1.53346168781856        1.11521722828196       -0.45602486456047
C            1.40927260101992       -1.33635773956537       -0.15648729267188
H           -2.89872351562793       -0.22766329351643       -1.17194205713727
H           -2.05783205044279       -1.45289080695091       -0.22374670350477
H           -1.20684195191727       -0.58490502083304       -1.50790263695496
H           -1.38344354258782        1.52459974382548       -0.24314735697633
H           -2.31920592581529        0.71737733209557        1.01776764779766
H           -0.02030160897125        1.01600758319397        1.74216617820363
H           -0.38485800567142       -0.70660885260998        1.57941448423803
H            2.37196104765843        1.01601131091108       -1.12356323734158
H            1.21082928542939        2.12131915972366       -0.25089076105505
H            1.75950003135215       -1.77957341912730        0.77433434846187
H            0.58997384917153       -1.94722841317433       -0.52716135681021
H            2.22043117526999       -1.35528328170334       -0.87890923847152
18
 energy: -18.941242950194 gnorm: 0.002355981158 xtb: 6.7.1 (edcfbbe)
C           -1.94891649223541       -0.48825115888524       -0.71835113209458
C           -1.52318002510817        0.58173611944805        0.28080152817288
C           -0.23201013294619        0.21507483561753        1.02561252499399
C            0.94564250035230        0.06399521207579        0.09650229621765
C            1.53031854505029        1.11519524113643       -0.45614632315525
C            1.41435544345759       -1.33728718335490       -0.15407540393776
H           -2.90073229194836       -0.22312018091830       -1.17147644019931
H           -2.06107072965730       -1.44942624953127       -0.22256744476805
H           -1.20920121938103       -0.58411654440352       -1.50838122516171
H           -1.37571376183829        1.52633385849588       -0.24530854686085
H           -2.31822418155250        0.72592988677146        1.01515461033318
H           -0.02060252842623        1.00568534677948        1.74889304852224
H           -0.38974052937615       -0.71465711180331        1.57361159173618
H            2.36635976831360        1.01822764647375       -1.12786859425423
H            1.20090998662631        2.12093412256849       -0.25620626485220
H            1.76795985568589       -1.77739255164497        0.77705424304471
H            0.59606312942400       -1.95171482426082       -0.52187996764252
H            2.22420548630405       -1.35438623667957       -0.87839598161258
18
 energy: -18.941266236353 gnorm: 0.001279855302 xtb: 6.7.1 (edcfbbe)
C           -1.95305780285441       -0.48234466007339       -0.71849721459014
C           -1.52038409791839        0.58584742125241        0.27954371334014
C           -0.23348711441543        0.20764083957758        1.02580202981488
C            0.94690296086429        0.06144336205827        0.09859536210691
C            1.52393821528791        1.11503697529392       -0.45843754210155
C            1.42383709489060       -1.33751816605877       -0.14936480993962
H           -2.90431524372280       -0.21355284309439       -1.17184754618182
H           -2.06959368035477       -1.44324018482725       -0.22169579603815
H           -1.21407995068966       -0.58412285748931       -1.50954320481780
H           -1.36332330164825        1.52856253151683       -0.24789857925794
H           -2.31623153289301        0.73914095472968        1.01176000654082
H           -0.02119482469204        0.98858960460895        1.75986544217398
H           -0.39696775802093       -0.72776002403073        1.56347671191566
H            2.35761981669720        1.02093045906062       -1.13446540941639
H            1.18482722553530        2.11955197814510       -0.26359468821999
H            1.78379481516679       -1.77341617259640        0.78206406959843
H            0.60722184998462       -1.95911530427814       -0.51155186562391
H            2.23091615152740       -1.35291368590998       -0.87723816082173
18
 energy: -18.941277047206 gnorm: 0.000862727313 xtb: 6.7.1 (edcfbbe)
C           -1.95721194303951       -0.47660869207958       -0.71867594384391
C           -1.51812064006755        0.58834427422620        0.27883022709109
C           -0.23450916589402        0.20081037508200        1.02499782834874
C            0.94741787668838        0.05910616190117        0.09880423827387
C            1.51747165272497        1.11445850049299       -0.46205646960720
C            1.43242877130206       -1.33709777938351       -0.14479837447112
H           -2.90656264437764       -0.20223006093594       -1.17316279036383
H           -2.08050171248219       -1.43729490474439       -0.22233924849632
H           -1.21858005907538       -0.58443806128473       -1.50976144191477
H           -1.35450746047609        1.53023890365748       -0.24840480553836
H           -2.31351006754989        0.74768359494237        1.01051329865200
H           -0.02156967232590        0.97427252784049        1.76688156540103
H           -0.40145667477277       -0.73879648502153        1.55465712937365
H            2.35137798953777        1.02266881251004       -1.13793297598762
H            1.17072974069228        2.11699028359497       -0.27064251993556
H            1.79805371772285       -1.76835680486835        0.78707086679197
H            0.61819783722861       -1.96567998391402       -0.50186801591297
H            2.23727527690846       -1.35131043413067       -0.87514004937892
18
 energy: -18.941284109702 gnorm: 0.000587111393 xtb: 6.7.1 (edcfbbe)
C           -1.95993917142761       -0.47340908616406       -0.71937669934438
C           -1.51799094434309        0.58821280940567        0.27958074498060
C           -0.23463621805441        0.19765381986164        1.02383094892332
C            0.94728360190035        0.05780572796203        0.09746350145684
C            1.51411295337069        1.11372197675182       -0.46518786042785
C            1.43700739897515       -1.33685046160717       -0.14221947004269
H           -2.90666502074821       -0.19377574519009       -1.17593985061352
H           -2.08952521761401       -1.43376026552658       -0.22426143608670
H           -1.22018949806432       -0.58466574899557       -1.50875782648485
H           -1.35334064472243        1.53070427925149       -0.24593144331260
H           -2.31215674127323        0.74769646188420        1.01240995150964
H           -0.02107207709331        0.96877266243246        1.76758264338360
H           -0.40189946113838       -0.74312835990853        1.55072370215545
H            2.34952574815669        1.02292445984510       -1.13869935175691
H            1.16488356538287        2.11491093581029       -0.27466685218247
H            1.80479555312964       -1.76443344645744        0.79038165848246
H            0.62485171491851       -1.96905393552790       -0.49704683042723
H            2.24137728138952       -1.35056585594236       -0.87291301173095
18
 energy: -18.941290000873 gnorm: 0.000491179783 xtb: 6.7.1 (edcfbbe)
C           -1.96311382961682       -0.46933660619740       -0.72058247875376
C           -1.51822878469013        0.58849498975048        0.28108829923446
C           -0.23476394274196        0.19352371560919        1.02285311534869
C            0.94700674459475        0.05602406096221        0.09581533688678
C            1.50990454841144        1.11275865391968       -0.46924896400802
C            1.44286952531567       -1.33719384014251       -0.13906259202970
H           -2.90557613276487       -0.18216186389898       -1.18113521438583
H           -2.10209508541808       -1.42904387149565       -0.22697861063768
H           -1.22052859236957       -0.58518492862992       -1.50645267169058
H           -1.35285289131907        1.53238468843521       -0.24160482843109
H           -2.31114158191595        0.74662234874906        1.01549478688282
H           -0.01984769693638        0.96184657855451        1.76907723271423
H           -0.40266936369369       -0.74905296363952        1.54616452611347
H            2.34685224335205        1.02348260833350       -1.14085406825183
H            1.15683362652531        2.11287377741220       -0.28131911349486
H            1.81312729802857       -1.75929954734041        0.79491031526693
H            0.63354696477389       -1.97421107125567       -0.49126862743648
H            2.24709977320928       -1.34976650124098       -0.86992392484580
18
 energy: -18.941293336621 gnorm: 0.000271160604 xtb: 6.7.1 (edcfbbe)
C           -1.96595488802976       -0.46501795233574       -0.72206775849168
C           -1.51879791643576        0.58875265309944        0.28316114020931
C           -0.23497885811491        0.18955262439660        1.02213624564628
C            0.94692735753953        0.05428333952904        0.09475496603577
C            1.50569391933689        1.11157733549713       -0.47332804624408
C            1.44902100062884       -1.33766490338286       -0.13580744907080
H           -2.90370626243198       -0.17035931420126       -1.18752536875215
H           -2.11467866907106       -1.42387768780723       -0.22977348189483
H           -1.21967861694827       -0.58564592968362       -1.50369843096610
H           -1.35277135295369        1.53416273876447       -0.23647963322826
H           -2.31093041598464        0.74525974620525        1.01877964128642
H           -0.01873430933555        0.95464402264004        1.77136355168382
H           -0.40375682502488       -0.75475328581203        1.54191094737344
H            2.34253369723982        1.02378667309216       -1.14535972463645
H            1.14923386048401        2.11104127642963       -0.28812370210968
H            1.82118464438363       -1.75470652986421        0.79958134234981
H            0.64251312883194       -1.97932425150973       -0.48586493811440
H            2.25330332863028       -1.34895032717207       -0.86668678259466
18
 energy: -18.941294235115 gnorm: 0.000143932923 xtb: 6.7.1 (edcfbbe)
C           -1.96614487670279       -0.46323944929614       -0.72262526941259
C           -1.51869003646092        0.58906503738301        0.28419495388355
C           -0.23503523500104        0.18797151976758        1.02248723796246
C            0.94651286679547        0.05363284585840        0.09449714268903
C            1.50350621067099        1.11098531800430       -0.47524594390013
C            1.45083444985165       -1.33786965554233       -0.13462693790100
H           -2.90178663726491       -0.16580917623805       -1.19038407923921
H           -2.11869458514268       -1.42197130722331       -0.23138942404735
H           -1.21815734979044       -0.58533055143953       -1.50233157437812
H           -1.35273143626957        1.53544530199925       -0.23376870524938
H           -2.31073482381338        0.74419881086420        1.02017989199640
H           -0.01822219098722        0.95176325593235        1.77294086363759
H           -0.40410778165717       -0.75716790930519        1.54082118826342
H            2.34053276533733        1.02365926651579       -1.14728666358371
H            1.14495194040227        2.11034550338693       -0.29243468176632
H            1.82339122425480       -1.75314113838195        0.80138669472132
H            0.64555064742733       -1.98134139522554       -0.48428361823450
H            2.25544767109472       -1.34843604917475       -0.86515855695974
18
 energy: -18.941294812777 gnorm: 0.000121490512 xtb: 6.7.1 (edcfbbe)
C           -1.96539930297249       -0.46253260311209       -0.72300990077303
C           -1.51887064261559        0.58900916383278        0.28505416867750
C           -0.23504165798702        0.18769015503819        1.02290127588198
C            0.94626639742429        0.05347153542545        0.09459313508894
C            1.50236663861142        1.11064627866291       -0.47638485938336
C            1.45113746575665       -1.33795472566406       -0.13410587640111
H           -2.90026543179370       -0.16446540674889       -1.19183516503964
H           -2.11890042687165       -1.42143154507270       -0.23247713002034
H           -1.21638395467220       -0.58445675258747       -1.50178126575853
H           -1.35322816186759        1.53597916940413       -0.23196713710108
H           -2.31122555707854        0.74305095987927        1.02098740596881
H           -0.01796059710580        0.95117270058336        1.77361534004805
H           -0.40405588520012       -0.75761666654692        1.54100449929504
H            2.33868579561804        1.02321558069385       -1.14935553963106
H            1.14382628859953        2.11007852040407       -0.29392812411923
H            1.82315633823976       -1.75318546436580        0.80214653727201
H            0.64617834492067       -1.98158452831015       -0.48425922287929
H            2.25613717173878       -1.34832614363091       -0.86422562264392
18
 energy: -18.941295456011 gnorm: 0.000121585840 xtb: 6.7.1 (edcfbbe)
C           -1.96399555802842       -0.46182324796296       -0.72354973852966
C           -1.51894438497006        0.58877126431787        0.28615787752486
C           -0.23487023392738        0.18778329907304        1.02369129564888
C            0.94587377605261        0.05338607995601        0.09470534628428
C            1.50097366716851        1.11025192356114       -0.47777188139324
C            1.45086569237630       -1.33806344283302       -0.13366942174901
H           -2.89849866658796       -0.16379410971959       -1.19316617330761
H           -2.11744216407011       -1.42130783872169       -0.23411539119449
H           -1.21394182863563       -0.58250766299018       -1.50155359254998
H           -1.35405838465225        1.53656424613893       -0.22957985179951
H           -2.31173888821732        0.74114587962187        1.02197949362312
H           -0.01749410500813        0.95123319221656        1.77436015441327
H           -0.40366717933189       -0.75748861423829        1.54190681991547
H            2.33665541320829        1.02245992336228       -1.15151153198055
H            1.14227891793910        2.10975987698732       -0.29591389168068
H            1.82160435669361       -1.75376482326962        0.80289582513219
H            0.64613827993057       -1.98140371381557       -0.48501454592912
H            2.25668411280459       -1.34844200379910       -0.86287827394646
18
 energy: -18.941296007945 gnorm: 0.000094017663 xtb: 6.7.1 (edcfbbe)
C           -1.96207892433398       -0.46108871505300       -0.72410546379777
C           -1.51906975439364        0.58867027630232        0.28734000667728
C           -0.23470833462522        0.18790409939049        1.02448200581652
C            0.94542960775040        0.05325569090942        0.09475950184355
C            1.49945446561061        1.10981076347829       -0.47932336391432
C            1.45031537570193       -1.33828388076723       -0.13313428222045
H           -2.89675926322220       -0.16370700232362       -1.19371991533349
H           -2.11437190912941       -1.42160731941033       -0.23632041387783
H           -1.21148966272392       -0.57942655181520       -1.50193781218184
H           -1.35523202736471        1.53746612808134       -0.22689490283524
H           -2.31227770795089        0.73885726648651        1.02315425067115
H           -0.01700573036603        0.95162182362256        1.77475256359208
H           -0.40314067039409       -0.75721275783463        1.54309708342671
H            2.33437464997476        1.02163663388961       -1.15391943809438
H            1.14065110903656        2.10931078706632       -0.29790694024277
H            1.81929244544516       -1.75461749014558        0.80384988977437
H            0.64580587511531       -1.98106360358953       -0.48608798864279
H            2.25723327861380       -1.34876592040272       -0.86111226217903
18
 energy: -18.941296332600 gnorm: 0.000069197805 xtb: 6.7.1 (edcfbbe)
C           -1.96088375404554       -0.46042387906196       -0.72472707639444
C           -1.51914712492635        0.58837634231985        0.28823949211332
C           -0.23447032911295        0.18815134227128        1.02509016667601
C            0.94513736177949        0.05313987952776        0.09473449984840
C            1.49845563806394        1.10944283779607       -0.48048693263494
C            1.44991555481084       -1.33848740615805       -0.13265897786005
H           -2.89619084346186       -0.16392070730625       -1.19367904615679
H           -2.11138582652210       -1.42192278200353       -0.23833149418770
H           -1.21023486704186       -0.57632656990616       -1.50287916308838
H           -1.35623423257303        1.53797293541832       -0.22477681956443
H           -2.31261814046930        0.73681163854238        1.02411280663374
H           -0.01644144848298        0.95208397365914        1.77507626187381
H           -0.40267930960063       -0.75684647453114        1.54398873622754
H            2.33303871949703        1.02101349278703       -1.15545344129197
H            1.13932322308912        2.10891218998052       -0.29960280976218
H            1.81753640254085       -1.75511747541752        0.80472149396524
H            0.64559537168002       -1.98091431228113       -0.48672753761098
H            2.25770642751976       -1.34918479775159       -0.85966764030444
18
 energy: -18.941296537849 gnorm: 0.000041791117 xtb: 6.7.1 (edcfbbe)
C           -1.96034811892257       -0.45992381441562       -0.72511975224209
C           -1.51928479222588        0.58831522349858        0.28871192838441
C           -0.23440742520711        0.18813651483591        1.02523425106690
C            0.94500111218564        0.05298260726511        0.09463094826957
C            1.49792020516295        1.10915221653057       -0.48118803049250
C            1.44992754174865       -1.33865861891890       -0.13223773648671
H           -2.89636018265439       -0.16402014066774       -1.19307900981569
H           -2.10933239923564       -1.42221071738254       -0.23975494757063
H           -1.21007315198949       -0.57396909783222       -1.50392493684839
H           -1.35695708801809        1.53845325019827       -0.22348162982282
H           -2.31281097483546        0.73565159520559        1.02473598850147
H           -0.01622425014924        0.95217049778205        1.77504921980907
H           -0.40244668359156       -0.75676132672552        1.54433456515728
H            2.33238045745113        1.02064602757365       -1.15627562994613
H            1.13854777121171        2.10857771214950       -0.30059933867908
H            1.81691694011173       -1.75518818189760        0.80542542436936
H            0.64579927965804       -1.98108035912626       -0.48675714359818
H            2.25817458204401       -1.34951316018781       -0.85873165157410
18
 energy: -18.941296710720 gnorm: 0.000031555489 xtb: 6.7.1 (edcfbbe)
C           -1.96037111457642       -0.45938887085092       -0.72545741357188
C           -1.51935805391923        0.58832851090195        0.28893644915528
C           -0.23441587717946        0.18789551375165        1.02520618664241
C            0.94495023654977        0.05278574580257        0.09453317332855
C            1.49756393617260        1.10892216795941       -0.48165182110271
C            1.45028766486552       -1.33879303207689       -0.13176405594496
H           -2.89703848161209       -0.16389365622411       -1.19235916783337
H           -2.10814315543247       -1.42222740103361       -0.24082118270359
H           -1.21065179194794       -0.57215346461726       -1.50497802723635
H           -1.35722795578449        1.53878099640071       -0.22273985353581
H           -2.31283211723116        0.73511247154082        1.02512338555176
H           -0.01606548986313        0.95179704624238        1.77511986396513
H           -0.40249898636323       -0.75709342756989        1.54415350734492
H            2.33205386155798        1.02047194681836       -1.15669157419280
H            1.13785472443772        2.10828317228379       -0.30142476780791
H            1.81729744651351       -1.75483928107222        0.80609928671824
H            0.64638850845614       -1.98155775340758       -0.48615885364614
H            2.25862946810083       -1.34967045696415       -0.85815261664905
18
 energy: -18.941296841074 gnorm: 0.000028389120 xtb: 6.7.1 (edcfbbe)
C           -1.96062279394025       -0.45882517429528       -0.72576189190269
C           -1.51947765656037        0.58835219668645        0.28913038438663
C           -0.23447193222674        0.18755614675263        1.02506792595040
C            0.94492094502535        0.05257004601643        0.09439734708945
C            1.49724455582436        1.10868279357040       -0.48209886073575
C            1.45087661944354       -1.33888297202246       -0.13128186165874
H           -2.89776690309929       -0.16340370350246       -1.19178044169727
H           -2.10760496967571       -1.42212951557418       -0.24178324869993
H           -1.21137239085259       -0.57062378605073       -1.50588868940906
H           -1.35745747937981        1.53909960738929       -0.22203229446466
H           -2.31285528212599        0.73471705395056        1.02551097497114
H           -0.01601603721232        0.95117824830058        1.77523347466120
H           -0.40260345928812       -0.75755942335025        1.54374958898491
H            2.33190123298331        1.02027202835497       -1.15695129910404
H            1.13714565423209        2.10799215834436       -0.30232089502495
H            1.81818697175601       -1.75424735993667        0.80676303754571
H            0.64723683337797       -1.98220694639597       -0.48524055352675
H            2.25915891446298       -1.34978117035267       -0.85774017888386
18
 energy: -18.941296915625 gnorm: 0.000024423722 xtb: 6.7.1 (edcfbbe)
C           -1.96086222862376       -0.45837078594702       -0.72597990042384
C           -1.51951791677476        0.58839716591920        0.28925475994634
C           -0.23452504721538        0.18719463398449        1.02499458652061
C            0.94489012646507        0.05241467195629        0.09432180408582
C            1.49693772304108        1.10853726713298       -0.48243051117207
C            1.45137310656275       -1.33892501790508       -0.13088962638353
H           -2.89812918893077       -0.16281376382879       -1.19165466349449
H           -2.10769500506759       -1.42187208429940       -0.24236517242696
H           -1.21177577858601       -0.56984569473858       -1.50630733299642
H           -1.35748955511228        1.53931725705460       -0.22158408030917
H           -2.31282137800716        0.73454944370751        1.02575783402052
H           -0.01595183925789        0.95052915270469        1.77542458093684
H           -0.40274109076939       -0.75810132088097        1.54334242284586
H            2.33163093296178        1.02016647254847       -1.15723827590502
H            1.13656596602762        2.10780206173285       -0.30299683662354
H            1.81909449427356       -1.75371925410540        0.80724799499959
H            0.64793646848062       -1.98273760907846       -0.48441113684342
H            2.25950303327694       -1.34976236807236       -0.85751392829539
