----------------------------------------------- 
  Element       SASA      Sigma Z        Total  
     Z         Ang**2 cal/Ang**2/mol   kcal/mol 
----------------------------------------------- 
      H         91.756      48.690       4.468
      C         19.493     129.740       2.529
      O         31.857       0.000       0.000

 Subtotal:     143.107                   6.997
 -----------------------------------------------

  Elements    COT*SASA   Sigma Z,Z'     Total   
    Z,Z'       Ang**2  cal/Ang**2/mol kcal/mol  
 ---------------------------------------------- 
  H   C         54.614     -60.770      -3.319
  H   O          7.420       0.000       0.000
  C   C          5.850     -72.950      -0.427
  O   C          0.000      68.690       0.000
  O   O          0.000       0.000       0.000

 Subtotal:                              -3.746
 ---------------------------------------------- 

 NONAQUEOUS SOLVENT CONTRIBUTION (kcal/mol):
 (proportional to SASA, atomic number independent)
 ---------------------------------------------- 
 Subtotal:                               0.000
 ---------------------------------------------- 

 CDS TOTAL (kcal/mol):                   3.251
...............................................................................
