----------------------------------------------- 
  Element       SASA      Sigma Z        Total  
     Z         Ang**2 cal/Ang**2/mol   kcal/mol 
----------------------------------------------- 
      H        133.813      48.690       6.515
      C         23.553     129.740       3.056
      O         16.164       0.000       0.000

 Subtotal:     173.529                   9.571
 -----------------------------------------------

  Elements    COT*SASA   Sigma Z,Z'     Total   
    Z,Z'       Ang**2  cal/Ang**2/mol kcal/mol  
 ---------------------------------------------- 
  H   C         80.813     -60.770      -4.911
  H   O          9.854       0.000       0.000
  C   C         17.337     -72.950      -1.265
  O   C          0.015      68.690       0.001

 Subtotal:                              -6.175
 ---------------------------------------------- 

 NONAQUEOUS SOLVENT CONTRIBUTION (kcal/mol):
 (proportional to SASA, atomic number independent)
 ---------------------------------------------- 
 Subtotal:                               0.000
 ---------------------------------------------- 

 CDS TOTAL (kcal/mol):                   3.396
...............................................................................
