----------------------------------------------- 
  Element       SASA      Sigma Z        Total  
     Z         Ang**2 cal/Ang**2/mol   kcal/mol 
----------------------------------------------- 
      H        141.411      48.690       6.885
      C         66.717     129.740       8.656
      O         18.698       0.000       0.000

 Subtotal:     226.827                  15.541
 -----------------------------------------------

  Elements    COT*SASA   Sigma Z,Z'     Total   
    Z,Z'       Ang**2  cal/Ang**2/mol kcal/mol  
 ---------------------------------------------- 
  H   C         87.108     -60.770      -5.294
  H   O          8.514       0.000       0.000
  C   C         84.665     -72.950      -6.176
  O   C          2.391      68.690       0.164

 Subtotal:                             -11.306
 ---------------------------------------------- 

 NONAQUEOUS SOLVENT CONTRIBUTION (kcal/mol):
 (proportional to SASA, atomic number independent)
 ---------------------------------------------- 
 Subtotal:                               0.000
 ---------------------------------------------- 

 CDS TOTAL (kcal/mol):                   4.236
...............................................................................
