16
 energy: -19.865977896906 gnorm: 0.032425218645 xtb: 6.7.1 (edcfbbe)
C           -2.14912205667052        0.69777255069986       -0.35172464439739
C           -1.62306607495530       -0.45609581868340        0.50015017992098
C           -0.26522578655101       -0.96589981950088        0.03196166306942
C            0.90918020570986       -0.07979516031262        0.35861817938352
O            0.79172532446536        0.95185508369400        1.01315552781769
C            2.25535043420544       -0.55281466110579       -0.11029289032927
H           -3.11939917152279        1.04768412449201        0.01484223248371
H           -2.27856423031166        0.38169725841414       -1.39278101353110
H           -1.46112094203380        1.54894146592238       -0.34333595387271
H           -2.33638369873692       -1.28679795219049        0.46373139007434
H           -1.55271260539416       -0.14843892573047        1.54976811455204
H           -0.02916844638649       -1.94730135031716        0.46971656299426
H           -0.25838139153003       -1.13586246677657       -1.05388441816396
H            2.60509284901715       -1.32057037225012        0.59185230463233
H            2.97485969279670        0.26792220654666       -0.11467561595947
H            2.19623301789892       -1.02176875760615       -1.09592142765406
16
 energy: -19.866953734905 gnorm: 0.012119993216 xtb: 6.7.1 (edcfbbe)
C           -2.13500928142766        0.69083766317489       -0.35333759282343
C           -1.61705854921970       -0.46129568950175        0.49739947141298
C           -0.26073661807030       -0.97107290612866        0.02391789650648
C            0.90016024925022       -0.07196662965766        0.36236873804213
O            0.77929840855034        0.95584913965281        1.00675042087920
C            2.24172258110724       -0.55393577544978       -0.10874197769699
H           -3.09720108862371        1.03749097331734        0.02098894648822
H           -2.26401826393598        0.37696694973440       -1.38943259838477
H           -1.43965362504502        1.52922615105403       -0.32910101749834
H           -2.33644038146162       -1.28375328216764        0.46056462637140
H           -1.53424491105090       -0.13543848286156        1.53814369001550
H           -0.04149853515126       -1.94562748141403        0.47507046163870
H           -0.26840375258031       -1.12822739325924       -1.05983139397095
H            2.59598965875615       -1.31178579805756        0.59233344639741
H            2.95492597800770        0.26587863406058       -0.11311821651481
H            2.18146525089554       -1.01261866720077       -1.09279470984241
16
 energy: -19.867091014133 gnorm: 0.001843018431 xtb: 6.7.1 (edcfbbe)
C           -2.12623162215040        0.68933610198941       -0.35408780991348
C           -1.61659561182583       -0.46638089271939        0.49830287386461
C           -0.25967628080205       -0.97893018522933        0.02124172120622
C            0.89302367792863       -0.06857309788175        0.36274467762428
O            0.76634326883649        0.95751069986900        1.00097723723831
C            2.23553417870445       -0.55220564426261       -0.10834511905530
H           -3.08532045121174        1.03920768999909        0.01850288541051
H           -2.25156326994359        0.37798421865499       -1.38868241079142
H           -1.42452492473010        1.51962741393626       -0.32217409032691
H           -2.33862633070185       -1.28447968479218        0.46585331103615
H           -1.52437605937707       -0.13314516213049        1.53444293029335
H           -0.04314441907733       -1.94901648035913        0.47575062835875
H           -0.27336516218790       -1.12628504640779       -1.06077882367608
H            2.58960594498921       -1.30662205897775        0.59201289450234
H            2.94729002549689        0.26809277316439       -0.11293674074616
H            2.17092415605294       -1.00559323955730       -1.09164397400485
16
 energy: -19.867104975248 gnorm: 0.001306968887 xtb: 6.7.1 (edcfbbe)
C           -2.12132214505778        0.68920457688548       -0.35413727252310
C           -1.61812170783986       -0.46896069891050        0.50062133520181
C           -0.26092257615154       -0.98403845155134        0.02184944255620
C            0.88963670057373       -0.06902823142042        0.36348240288526
O            0.75801733185551        0.95980749469336        0.99578642145072
C            2.23416863898555       -0.54989580300108       -0.10883403187027
H           -3.08074416759587        1.04273897314110        0.01415973622486
H           -2.24180942735765        0.37896724109622       -1.38969371910675
H           -1.41552099016850        1.51579963591641       -0.31723215514994
H           -2.34239064237337       -1.28430372254168        0.46968458845690
H           -1.52306598489187       -0.13485617229422        1.53573597986262
H           -0.04332958870407       -1.95310186357746        0.47530760363729
H           -0.27550179478719       -1.12760062751004       -1.05977224809874
H            2.58813488451618       -1.30483779454236        0.59054845173656
H            2.94531111135500        0.27171025695742       -0.11349225340913
H            2.16675747764246       -1.00107740804547       -1.09283409083399
16
 energy: -19.867108584049 gnorm: 0.000671978016 xtb: 6.7.1 (edcfbbe)
C           -2.11967914589493        0.68920847080106       -0.35348261111567
C           -1.61870450672490       -0.46949140866256        0.50179386795050
C           -0.26178199262345       -0.98512010984595        0.02331280940615
C            0.88875704248022       -0.06830116108692        0.36096575904847
O            0.75625398133076        0.96133592419028        0.99234992074669
C            2.23406129366855       -0.54908787551365       -0.10906918620476
H           -3.08037342735543        1.04335175512877        0.01157045820437
H           -2.23714637685978        0.37906420172548       -1.38970915028900
H           -1.41390010009893        1.51587491058701       -0.31480685177957
H           -2.34368947945677       -1.28429051722172        0.47030887747658
H           -1.52432505046799       -0.13598602724331        1.53721189139306
H           -0.04286403970501       -1.95454016791894        0.47597217831645
H           -0.27696750960336       -1.12920887971956       -1.05847692251825
H            2.58669527905590       -1.30635347805519        0.58889938806803
H            2.94537432858734        0.27238416789111       -0.11130361493933
H            2.16758682366851       -0.99831239976050       -1.09435662274339
16
 energy: -19.867111796319 gnorm: 0.000765329227 xtb: 6.7.1 (edcfbbe)
C           -2.11777730154809        0.68937278212162       -0.35284184187922
C           -1.61902987655555       -0.46979217815060        0.50256587070923
C           -0.26247649635344       -0.98618050846848        0.02540733237171
C            0.88824791544133       -0.06870952236244        0.36045764107733
O            0.75485227475435        0.96400211635474        0.98710472442867
C            2.23351749783151       -0.54828411273173       -0.10967960556396
H           -3.08030664043496        1.04269843961361        0.00843491774430
H           -2.23107931341257        0.38001769223368       -1.38994094544143
H           -1.41301746561295        1.51677653008416       -0.31098490596248
H           -2.34469052319651       -1.28411577120309        0.46956028837516
H           -1.52625624496522       -0.13730107575596        1.53857292797366
H           -0.04310424686763       -1.95544790287269        0.47883670257098
H           -0.27783178915428       -1.13253639990498       -1.05647234161246
H            2.58511942559659       -1.30884339877173        0.58539453026753
H            2.94489493593237        0.27296235773633       -0.10834612839705
H            2.16823496854579       -0.99409164262701       -1.09688897564167
16
 energy: -19.867115827432 gnorm: 0.000781801806 xtb: 6.7.1 (edcfbbe)
C           -2.11560263113638        0.68940264400816       -0.35230537569381
C           -1.61920247993632       -0.47036888463439        0.50328454186271
C           -0.26264746164459       -0.98747952029798        0.02781617357048
C            0.88726236495935       -0.06739547038635        0.35803950363449
O            0.75325362521055        0.96823062813233        0.97946973928380
C            2.23243689649503       -0.54770146482772       -0.11044576551891
H           -3.08041233315421        1.04033089135214        0.00487944407184
H           -2.22317122296978        0.38197095269220       -1.39051346616164
H           -1.41246125894406        1.51780336416909       -0.30518543434824
H           -2.34548278132744       -1.28414388003576        0.46850530343204
H           -1.52812819230355       -0.13845763168481        1.53971030856582
H           -0.04271061437206       -1.95503925231636        0.48464905355642
H           -0.27871330612509       -1.13799773283754       -1.05360850184268
H            2.58045968318834       -1.31417309136894        0.57972257075532
H            2.94541549189590        0.27199705915633       -0.10187027012102
H            2.16900134016505       -0.98645120582498       -1.10096763402631
16
 energy: -19.867121629279 gnorm: 0.000709940023 xtb: 6.7.1 (edcfbbe)
C           -2.11450893244314        0.68987534123892       -0.35195942152500
C           -1.61956963375806       -0.47079087298627        0.50337491559896
C           -0.26206243204460       -0.98866048370524        0.03137595264213
C            0.88690819988246       -0.06535409955504        0.35526199317399
O            0.75269479360076        0.97420679773079        0.96985545744770
C            2.23186909506426       -0.54741716288911       -0.11175494560266
H           -3.08253359517680        1.03628611158236        0.00074830106361
H           -2.21482728294432        0.38519070245371       -1.39155963257600
H           -1.41445165325612        1.52041197365455       -0.29823445435142
H           -2.34585786729029       -1.28451506365279        0.46621635673984
H           -1.53112966592876       -0.13962741552737        1.54028393563683
H           -0.04142892530388       -1.95256655932007        0.49544365573459
H           -0.27816624764183       -1.14708509778202       -1.04889095362766
H            2.57304380447046       -1.32444466904803        0.56994315764417
H            2.94891967062069        0.26871851053756       -0.09099224669900
H            2.17039779214991       -0.97370060743654       -1.10793188027977
16
 energy: -19.867126883384 gnorm: 0.000505432364 xtb: 6.7.1 (edcfbbe)
C           -2.11376979711419        0.68995650412963       -0.35232061054356
C           -1.61996335776890       -0.47074506609829        0.50396996709751
C           -0.26125183832403       -0.98944958380683        0.03541580770022
C            0.88684968412261       -0.06270357041651        0.35272526578500
O            0.75263834458727        0.98012045808972        0.96146780425404
C            2.23160493639735       -0.54705231076743       -0.11354685269518
H           -3.08495853367978        1.03176565563066       -0.00387653014119
H           -2.20734170861916        0.38740705684697       -1.39310563316429
H           -1.41706745672603        1.52284110691185       -0.29273447172145
H           -2.34567168420815       -1.28481830921253        0.46442246829809
H           -1.53426799329191       -0.13992188794920        1.54118154116220
H           -0.04001743882741       -1.94880080143804        0.50833772620909
H           -0.27700145982319       -1.15722281628905       -1.04330139009706
H            2.56318024915820       -1.33847778269049        0.55631140936962
H            2.95445563080275        0.26360588068864       -0.07648905988506
H            2.17187954331531       -0.95597712833371       -1.11727725060768
16
 energy: -19.867131152917 gnorm: 0.000791201081 xtb: 6.7.1 (edcfbbe)
C           -2.11295731079796        0.68974987639042       -0.35322219731475
C           -1.62040785469941       -0.47050595197453        0.50464371821194
C           -0.26035657165685       -0.99067443207980        0.04063568303584
C            0.88692721439509       -0.06043537189616        0.35132771223869
O            0.75266819860047        0.98508513905530        0.95514105630510
C            2.23122005465321       -0.54614171037414       -0.11589227697515
H           -3.08694965732328        1.02849396282311       -0.00949524011507
H           -2.20026321728663        0.38748992244818       -1.39452946370760
H           -1.41885143906076        1.52441389705635       -0.28963477463178
H           -2.34578163185543       -1.28480125522993        0.46407360455433
H           -1.53713830662398       -0.13871293495813        1.54161246018647
H           -0.03854413388658       -1.94531849778643        0.52251927217857
H           -0.27570612127307       -1.16791837066027       -1.03634103390487
H            2.55173016265997       -1.35566247683027        0.53776040944527
H            2.96055008864682        0.25776130373691       -0.05837351713854
H            2.17315764550914       -0.93229569442522       -1.12904522134816
16
 energy: -19.867136370964 gnorm: 0.000845403866 xtb: 6.7.1 (edcfbbe)
C           -2.11183059781089        0.68886641097504       -0.35493831260292
C           -1.62074307827239       -0.46998328762002        0.50590164366222
C           -0.26008627323133       -0.99161926739359        0.04470816373829
C            0.88686937808134       -0.05957949949896        0.35181558984589
O            0.75260770348218        0.98670609184387        0.95414828110110
C            2.23066623377509       -0.54494090749419       -0.11789937376873
H           -3.08663954383619        1.02747856925746       -0.01356372430483
H           -2.19686413639696        0.38548571615150       -1.39608593954442
H           -1.41838105130263        1.52400997756623       -0.29083065544358
H           -2.34604035516737       -1.28432112785754        0.46564157643082
H           -1.53882827500100       -0.13650647432109        1.54238871415043
H           -0.03845738935585       -1.94323995988800        0.53233566222921
H           -0.27458494241235       -1.17490840618324       -1.03106416803146
H            2.54352910897385       -1.36891438869679        0.52086965950535
H            2.96440783954348        0.25339494149399       -0.04386018025686
H            2.17367249893176       -0.91140098303926       -1.13838674569021
16
 energy: -19.867148261136 gnorm: 0.000878503065 xtb: 6.7.1 (edcfbbe)
C           -2.10928665284936        0.68708660173850       -0.35828515979231
C           -1.62111317386923       -0.46900320733004        0.50793771140324
C           -0.26014627236378       -0.99397843585819        0.05123679598219
C            0.88643549801040       -0.05999400270347        0.35481937188057
O            0.75200205818963        0.98587063754930        0.95786142911774
C            2.22927214891930       -0.54220343779191       -0.12120353922008
H           -3.08362479301479        1.02934833500392       -0.01920883922227
H           -2.19401224876473        0.37939559258601       -1.39820830238880
H           -1.41406268600794        1.52105418225637       -0.29713431731679
H           -2.34718480547700       -1.28273528877489        0.46982424537240
H           -1.54046542263252       -0.13142531835638        1.54314099962570
H           -0.03956367706570       -1.94233344387501        0.54548445695558
H           -0.27316170453331       -1.18421126317531       -1.02314587399072
H            2.53303177166823       -1.38761829105652        0.49297790412822
H            2.96790891870734        0.24859118082079       -0.02229159337677
H            2.17326816108421       -0.87731643573776       -1.15262509813761
16
 energy: -19.867128104886 gnorm: 0.007508715208 xtb: 6.7.1 (edcfbbe)
C           -2.09985675725483        0.68030727629808       -0.37099335927989
C           -1.62251868831276       -0.46523727282223        0.51528315634000
C           -0.26099992161403       -1.00160834119947        0.07384728557005
C            0.88511719234726       -0.06312406050112        0.36740684274448
O            0.75150478964747        0.97864627111097        0.97763037280322
C            2.22398878989528       -0.53195562435970       -0.13301902037545
H           -3.07109597216319        1.03744254012451       -0.03800610862055
H           -2.18698717990730        0.35601344493279       -1.40592999693829
H           -1.39720239246285        1.50933974549161       -0.32350411902453
H           -2.35191242263021       -1.27642696498695        0.48523729469767
H           -1.54593006243599       -0.11285834595400        1.54600394000845
H           -0.04518526668552       -1.94030632355116        0.58898413256495
H           -0.26886375427387       -1.21413291271828       -0.99652725215952
H            2.50035829494068       -1.44938763558808        0.39570563316896
H            2.97853680996644        0.23383969434168        0.04963170320857
H            2.17034366094416       -0.76002408532324       -1.20057031368789
16
 energy: -19.867194686840 gnorm: 0.001216245983 xtb: 6.7.1 (edcfbbe)
C           -2.10241455091184        0.67965911234913       -0.37206349222671
C           -1.62185498455296       -0.46430669078416        0.51427020505271
C           -0.26156900746261       -0.99930690009887        0.06818975978149
C            0.88619340185907       -0.06707417299748        0.37307934688242
O            0.75417716998829        0.96723055639922        0.99632298125024
C            2.22470309306350       -0.53255479728174       -0.13117930754360
H           -3.06802563334900        1.04372041509609       -0.03052789983844
H           -2.20239645365414        0.35070478396948       -1.40438330884068
H           -1.39483993373678        1.50533675357163       -0.33620922890351
H           -2.35121689793001       -1.27563621976253        0.48834838343935
H           -1.54112163247684       -0.11031511625356        1.54409802058962
H           -0.04765809644752       -1.94379466844617        0.57223782167111
H           -0.26895977481899       -1.19926782441155       -1.00406215755428
H            2.51369767368329       -1.43117837123549        0.40991619585093
H            2.97284548345312        0.23796694800483        0.03081058634212
H            2.16773726329417       -0.78065640282342       -1.18766771493253
16
 energy: -19.867218803624 gnorm: 0.001759023597 xtb: 6.7.1 (edcfbbe)
C           -2.09929726027213        0.67497651900046       -0.38098928530090
C           -1.62159417838095       -0.46055739808202        0.51744236696286
C           -0.26215723654718       -1.00247390528767        0.07733956404718
C            0.88666023657625       -0.07274982183381        0.38648277490752
O            0.75757589913642        0.95161004546760        1.02745648370411
C            2.22170885825731       -0.52642243692015       -0.13735377714875
H           -3.05852060571110        1.05375127242204       -0.03657289686328
H           -2.21137219573017        0.33164136811353       -1.40774816056590
H           -1.38317218167065        1.49445381683836       -0.36331496814542
H           -2.35304343912018       -1.27018407053571        0.49999029129067
H           -1.54017129427702       -0.09582663857360        1.54355578991376
H           -0.05320598995838       -1.94621124204359        0.58545043055959
H           -0.26592047583563       -1.20567879117068       -0.99435417530074
H            2.50476416475259       -1.45206274784663        0.36068936516900
H            2.97528398701962        0.23137799649849        0.05793217217725
H            2.16175883176196       -0.72511656075120       -1.20482578438674
16
 energy: -19.867180967184 gnorm: 0.008670628807 xtb: 6.7.1 (edcfbbe)
C           -2.09160514485716        0.66690144535589       -0.39665995470148
C           -1.62185279354404       -0.45445133519157        0.52328685232401
C           -0.26310338288551       -1.00920711388536        0.09698178102288
C            0.88775470095846       -0.08214879052113        0.40868568942952
O            0.76511626700076        0.92576883086767        1.07759003338454
C            2.21539121117446       -0.51428616386859       -0.15021537156781
H           -3.04333823579596        1.06659479149733       -0.05451164769353
H           -2.21616105140513        0.30197289714906       -1.41458184543959
H           -1.36475769287279        1.47696540695076       -0.40308215356159
H           -2.35743700975281       -1.26039537365406        0.51876639919829
H           -1.54106130898595       -0.07146090362742        1.54284384197894
H           -0.06283785044485       -1.94927308186748        0.61789820511385
H           -0.26047330720703       -1.22450437854525       -0.97316096074541
H            2.48243096969709       -1.49196290135939        0.26483024734137
H            2.98291374079811        0.21627862061047        0.10996056653594
H            2.14831800812311       -0.61626454461551       -1.23745149159978
16
 energy: -19.867248559226 gnorm: 0.002793415911 xtb: 6.7.1 (edcfbbe)
C           -2.09405052071133        0.66971801932972       -0.39129758332777
C           -1.62141884083708       -0.45621312133272        0.52098243191151
C           -0.26270136116501       -1.00716879636088        0.09007546488745
C            0.88771075882779       -0.07961235070107        0.40171504141326
O            0.76407467738618        0.93258335744753        1.06318517369373
C            2.21702122580378       -0.51799529516497       -0.14628437655635
H           -3.04904534127526        1.06125881190661       -0.04991113753632
H           -2.21291816415073        0.31290508605973       -1.41221764895821
H           -1.37168366759401        1.48286106359625       -0.38801856793161
H           -2.35585457804557       -1.26299319296003        0.51176556397879
H           -1.54058751917049       -0.07966046364850        1.54270316588289
H           -0.05989306160916       -1.94919677688636        0.60639946522021
H           -0.26235251998520       -1.21796346345796       -0.98109644276878
H            2.49054391047804       -1.47409249890443        0.29856893561159
H            2.98020362249776        0.22147211505123        0.08818476427325
H            2.15024849955105       -0.65537508867875       -1.22357405877348
16
 energy: -19.867262861245 gnorm: 0.001568495091 xtb: 6.7.1 (edcfbbe)
C           -2.09195460765581        0.66914831746876       -0.39333148535506
C           -1.62204901099201       -0.45590265810558        0.52168425405382
C           -0.26310008627717       -1.00770603329740        0.09302778816638
C            0.88772071639467       -0.08121800077734        0.40565660128162
O            0.76499309928073        0.92833911773623        1.07106692625677
C            2.21549432929848       -0.51683104570589       -0.14819809858651
H           -3.04758769162046        1.06100781181248       -0.05422069473468
H           -2.20883819896972        0.31076783432787       -1.41395272005799
H           -1.36953580597690        1.48226494600285       -0.38967004574706
H           -2.35698511300006       -1.26227162426914        0.51295038737089
H           -1.54174790744156       -0.07775289886405        1.54287473340810
H           -0.06153214143014       -1.94919581030245        0.61030934909981
H           -0.26144960688703       -1.21962542007495       -0.97772631040426
H            2.49045380334299       -1.47528341653082        0.28807632148955
H            2.97858288210312        0.22019926667199        0.08824371945107
H            2.14683245983163       -0.64541298079715       -1.22561053467227
16
 energy: -19.867319833669 gnorm: 0.001412949305 xtb: 6.7.1 (edcfbbe)
C           -2.08022159978904        0.66602226893654       -0.40348874215974
C           -1.62440988128486       -0.45356881276776        0.52565234969536
C           -0.26447867855105       -1.01379682458980        0.11224697700067
C            0.88710535692683       -0.08805858836378        0.42243881247872
O            0.76955414512289        0.90990134220984        1.10488623899942
C            2.20662770009315       -0.50835422657668       -0.16151295010155
H           -3.04243652049314        1.05697939490787       -0.08284550268452
H           -2.17850399928397        0.30194387308043       -1.42381102257675
H           -1.35969434086108        1.48009131804465       -0.39103285360818
H           -2.36268627707798       -1.25676377126881        0.51710028578365
H           -1.55069150213256       -0.06734921196323        1.54433446982374
H           -0.06873192180675       -1.94843843263873        0.64371112828365
H           -0.25603461699117       -1.24080935079342       -0.95514617590181
H            2.47809275095824       -1.49006395977044        0.21803782657861
H            2.97716532567188        0.20900359626365        0.10342305311678
H            2.12864117949937       -0.57621120941490       -1.24281370370793
16
 energy: -19.865631489966 gnorm: 0.035267898193 xtb: 6.7.1 (edcfbbe)
C           -2.03269541646464        0.65187837124023       -0.44548693354290
C           -1.63279653802406       -0.44383785081023        0.54108767821084
C           -0.26947075602285       -1.04129377319053        0.19121980982405
C            0.88467558037873       -0.11505628000942        0.48794030235560
O            0.78986057699585        0.83530922462703        1.24368934632473
C            2.17133369529299       -0.47043224540288       -0.21742563105836
H           -3.01810375740199        1.04501707157356       -0.19626150935703
H           -2.06291118929477        0.26156102327900       -1.46304193027841
H           -1.31656357658349        1.46880742521855       -0.40552480996151
H           -2.38564122627273       -1.23360395306473        0.53611858837552
H           -1.58532182754399       -0.02241009940667        1.54862885665033
H           -0.09805454627294       -1.94510511316523        0.78812986454681
H           -0.23451485304325       -1.33604934741780       -0.86163544567857
H            2.41416441193171       -1.55925280451019       -0.08172221713194
H            2.97964949321851        0.15877955366617        0.18434151678898
H            2.05568704910772       -0.27378379733142       -1.31887729504819
16
 energy: -19.867391074760 gnorm: 0.007899148570 xtb: 6.7.1 (edcfbbe)
C           -2.04373294108295        0.65862048586700       -0.42786322011494
C           -1.63010568595840       -0.44995881510506        0.53434724237131
C           -0.26826385196122       -1.03684786929035        0.16513971585647
C            0.88327409566747       -0.10537186659236        0.45957719346046
O            0.78258923465225        0.86036404504303        1.19186384705542
C            2.18068980281856       -0.47900721709638       -0.20384159602644
H           -3.02654376798870        1.04457744880467       -0.16383449892721
H           -2.08257025730494        0.28565691821065       -1.45032983815496
H           -1.32952182823832        1.47840724260227       -0.38226507783915
H           -2.37982547416136       -1.24255261373314        0.52127436234912
H           -1.57795137284375       -0.04519842931438        1.54735096829438
H           -0.08756434781636       -1.94747026453431        0.74617764579166
H           -0.24361933430575       -1.31368419204270       -0.89103290899759
H            2.42834096781665       -1.51762499808325        0.02866357185021
H            2.97913951914326        0.18066532480441        0.14414673784977
H            2.07496236156434       -0.39004779424467       -1.28819395379849
16
 energy: -19.867483643304 gnorm: 0.001732246862 xtb: 6.7.1 (edcfbbe)
C           -2.04332224291959        0.65841023387023       -0.42818117542708
C           -1.63041166188532       -0.45063768269436        0.53311196193459
C           -0.26801005759367       -1.03668391053667        0.16583924975574
C            0.88383822774374       -0.10615281026748        0.46089385818147
O            0.78366476131512        0.85985820817870        1.19126150366390
C            2.18004340451518       -0.47876977218345       -0.20196855980095
H           -3.02394499517534        1.04577561499805       -0.16304613756598
H           -2.08446494513519        0.28586166952972       -1.44969707885835
H           -1.32931243056341        1.47809592196677       -0.38478921698669
H           -2.37956602870816       -1.24370189138889        0.51915217692795
H           -1.57822621935480       -0.04679189526743        1.54626619957249
H           -0.08792403070556       -1.94440952129333        0.74862354219924
H           -0.24243552592550       -1.31579555258183       -0.88845576839535
H            2.42649141308937       -1.51414657069018        0.02296290208672
H            2.97887916607356        0.17530894928417        0.14009046723714
H            2.07399828523034       -0.38569358562857       -1.28088373350482
16
 energy: -19.867495680717 gnorm: 0.001170952246 xtb: 6.7.1 (edcfbbe)
C           -2.04249741050348        0.65796808903821       -0.42895214365498
C           -1.62977825324167       -0.45085796433940        0.53217573331461
C           -0.26681979834794       -1.03725322363492        0.16719872809571
C            0.88398411376546       -0.10512052684267        0.46145175731943
O            0.78390194073264        0.86083547339064        1.19163563336907
C            2.17894451278740       -0.47887793511608       -0.20160587007151
H           -3.02102232162191        1.04782215153211       -0.16161888767818
H           -2.08666890660303        0.28496970249281       -1.44977093273882
H           -1.32685599213409        1.47633684848603       -0.38787247908129
H           -2.37845132873029       -1.24426604523851        0.51628921164606
H           -1.57931903833232       -0.04794258015034        1.54575077618701
H           -0.08676980704675       -1.94188554017601        0.75341711656032
H           -0.24013791733096       -1.31931797259192       -0.88561634863914
H            2.42114880248276       -1.51485363422579        0.01470808033349
H            2.97854868071795        0.17006869433015        0.14185363240907
H            2.07108984340699       -0.37709813165887       -1.27786381635084
16
 energy: -19.867507182864 gnorm: 0.001063225406 xtb: 6.7.1 (edcfbbe)
C           -2.04100285071976        0.65743745085828       -0.43006779945894
C           -1.63022636067801       -0.45144079097886        0.53174910123290
C           -0.26630699096160       -1.03782318504547        0.16989600226262
C            0.88436678723325       -0.10501798504292        0.46339739563438
O            0.78401896497793        0.86167966079411        1.19255297735519
C            2.17811227317221       -0.47800381180121       -0.20262418137278
H           -3.01784255550258        1.05040017486012       -0.16115088628252
H           -2.08815570755976        0.28335008921548       -1.45032857280498
H           -1.32296943557958        1.47396372439949       -0.39128549223034
H           -2.37878850617797       -1.24499630602007        0.51409856314152
H           -1.58182160332347       -0.04881376752103        1.54551786214292
H           -0.08667907098842       -1.94001759739076        0.75983949448312
H           -0.23814012912616       -1.32322458018095       -0.88186057562430
H            2.41583077435421       -1.51697343035892        0.00375809147078
H            2.98021394008754        0.16536786162890        0.14571425609562
H            2.06868759079297       -0.36536010212073       -1.27802604502517
16
 energy: -19.867515148089 gnorm: 0.005191937793 xtb: 6.7.1 (edcfbbe)
C           -2.03036763536003        0.65257022845335       -0.43823135664546
C           -1.63280421183371       -0.45444375592927        0.53128396281918
C           -0.26375213423072       -1.04322929024144        0.19068875062864
C            0.88360755674188       -0.10084616011334        0.47074759326898
O            0.78426911616223        0.86610799416362        1.19960921964345
C            2.17088675824762       -0.47055684936663       -0.21106252208135
H           -2.99598172661626        1.06880334267259       -0.16143357968199
H           -2.09704333706330        0.26897930042579       -1.45416361363566
H           -1.29506449504203        1.45517066246034       -0.41584048941267
H           -2.38075490564839       -1.24857567643815        0.50303108389762
H           -1.59936463256078       -0.05101291952778        1.54537978430047
H           -0.08489510972505       -1.92912989783794        0.80643131889575
H           -0.22700708572292       -1.35352776926886       -0.85377554952240
H            2.37370469986684       -1.53405458078285       -0.08354024295221
H            2.99304784554619        0.12562343766349        0.18205332272979
H            2.06081641723920       -0.27135066103748       -1.27999749123214
16
 energy: -19.867546995465 gnorm: 0.001593060271 xtb: 6.7.1 (edcfbbe)
C           -2.03257130324486        0.65405864690845       -0.43590452058984
C           -1.63236098368114       -0.45364361643700        0.53182481543154
C           -0.26515620980469       -1.04243347606094        0.18544242456889
C            0.88352648202811       -0.10360311394536        0.46962700823150
O            0.78368863232845        0.86422835782830        1.19737778758240
C            2.17234824243369       -0.47191743612697       -0.20952220918674
H           -3.00173738652792        1.06368899746511       -0.16276143705132
H           -2.09252306612546        0.27335575330102       -1.45319139592003
H           -1.30225009452027        1.46037305102410       -0.40780319495600
H           -2.38103081241087       -1.24706088749863        0.50683615282413
H           -1.59465231903536       -0.05002029212703        1.54563061252804
H           -0.08659470613018       -1.93343198861461        0.79337098836631
H           -0.23078444228153       -1.34572252042855       -0.86120371825183
H            2.38699073621837       -1.52701937912351       -0.05975530464301
H            2.98829983973792        0.13765664911860        0.17067150562384
H            2.06410451101651       -0.29798133998751       -1.27945932353788
16
 energy: -19.867557424908 gnorm: 0.000815853755 xtb: 6.7.1 (edcfbbe)
C           -2.03032252726215        0.65325309834646       -0.43694753066230
C           -1.63266630160413       -0.45352879224319        0.53297849867504
C           -0.26597730085189       -1.04379863892045        0.18805842938324
C            0.88289200676658       -0.10529661069306        0.47090984360335
O            0.78384893335572        0.86265857629716        1.19866359305895
C            2.17063887687712       -0.47034571293989       -0.21147419164551
H           -2.99967393761098        1.06389603630637       -0.16651706148772
H           -2.08859264599938        0.27126842792443       -1.45378969183486
H           -1.29957365496567        1.45885505524137       -0.40841879944954
H           -2.38233431200284       -1.24597126585268        0.50890196111406
H           -1.59522754465180       -0.04810403716897        1.54603264130570
H           -0.08809853220677       -1.93419283369196        0.79699100801706
H           -0.23154972711937       -1.34917460356383       -0.85808671409051
H            2.38368756077878       -1.52629428666042       -0.07111551403009
H            2.98732477246196        0.13404563344487        0.17407865525834
H            2.06492145403557       -0.28674264053077       -1.27908493619522
16
 energy: -19.867578594517 gnorm: 0.000787136199 xtb: 6.7.1 (edcfbbe)
C           -2.02370579198758        0.64993892431417       -0.44134852282358
C           -1.63307638345581       -0.45273876792846        0.53632084322734
C           -0.26735140713481       -1.04801391677987        0.19747798620786
C            0.88091810694047       -0.10786473056070        0.47391134683975
O            0.78503854445048        0.85786592590690        1.20533325660639
C            2.16535896193515       -0.46592273581291       -0.21738915603375
H           -2.99324499237769        1.06462280032994       -0.17847451033481
H           -2.07756948225606        0.26259678403632       -1.45636095757060
H           -1.29092268961682        1.45334256723908       -0.41322077615350
H           -2.38526792002014       -1.24275117765650        0.51492877066654
H           -1.59709996797651       -0.04135580996660        1.54700810063854
H           -0.09075408768202       -1.93457147053731        0.81247616822236
H           -0.23222685339345       -1.36128088392841       -0.84647660746989
H            2.36713629451781       -1.52854436683668       -0.11525503752432
H            2.98739579910746        0.11676477785605        0.18990539981115
H            2.06466898895029       -0.24156051437956       -1.27765611328948
16
 energy: -19.867587418018 gnorm: 0.002326177146 xtb: 6.7.1 (edcfbbe)
C           -2.01764194493763        0.64582209459865       -0.44721467864848
C           -1.63305432484984       -0.45060589535208        0.53994548907684
C           -0.26828190538195       -1.05197296679938        0.20776041305696
C            0.88015733741641       -0.11133073985289        0.48010735466637
O            0.78780305768853        0.85077708528718        1.21708047227353
C            2.15999707153238       -0.46158800231670       -0.22377998459659
H           -2.98920906947390        1.06211944823460       -0.19411620137120
H           -2.06379589264650        0.25190109037805       -1.46026129275514
H           -1.28484820772620        1.44935153682288       -0.41870402871044
H           -2.38767340999323       -1.23834155770958        0.52284442371707
H           -1.59787910134157       -0.03170067554458        1.54768837403079
H           -0.09395318009790       -1.93435246711861        0.82982376627860
H           -0.23165843544096       -1.37272775942946       -0.83405370509830
H            2.34808328371312       -1.53161333230657       -0.16715933050736
H            2.98998635976106        0.09462197463219        0.20606453366820
H            2.06126548177897       -0.18983242822821       -1.27484541406086
16
 energy: -19.867594869194 gnorm: 0.001032406160 xtb: 6.7.1 (edcfbbe)
C           -2.01803856349827        0.64525791906395       -0.44783538630802
C           -1.63257045489578       -0.44945697243301        0.54073798469556
C           -0.26843898166284       -1.05172553805202        0.20737676477312
C            0.88047266391235       -0.11181004084326        0.48043416215446
O            0.78929942248125        0.84789837506231        1.22072870092976
C            2.15997248828742       -0.46187171067115       -0.22404396914412
H           -2.99225142512696        1.05768740613977       -0.19840740200405
H           -2.05883299139615        0.25088917340595       -1.46101763276043
H           -1.28840096056431        1.45174084325394       -0.41685264977434
H           -2.38759359322229       -1.23687478304336        0.52642646949860
H           -1.59531354015042       -0.02864123587004        1.54762722334118
H           -0.09452619821254       -1.93518278297008        0.82795350924545
H           -0.23254599680475       -1.37050287429057       -0.83493282064587
H            2.34768197146973       -1.53053670054382       -0.16851510532050
H            2.99025199207094        0.09310543385433        0.20480111954250
H            2.06013128731339       -0.18944910676747       -1.27330077720330
16
 energy: -19.867599557215 gnorm: 0.000381204009 xtb: 6.7.1 (edcfbbe)
C           -2.01803258910455        0.64376297866281       -0.45024813823187
C           -1.63202440550276       -0.44754405061809        0.54166417488885
C           -0.26818251388921       -1.05137166837123        0.20952758531832
C            0.88233147843984       -0.11369826914851        0.48486820195617
O            0.79322923217205        0.84285282065535        1.22923792341420
C            2.15911910591842       -0.46143738029330       -0.22576305366402
H           -2.99521572458416        1.05203655944371       -0.20573632792814
H           -2.05289320140888        0.24760026311859       -1.46286832893273
H           -1.29242974483047        1.45396273171460       -0.41794290436820
H           -2.38717885230848       -1.23485658020452        0.53071324460595
H           -1.59364856347092       -0.02345319284479        1.54709608015383
H           -0.09616739961687       -1.93470976504999        0.83067741645245
H           -0.23162566911328       -1.37015388482089       -0.83263989598375
H            2.34221394621468       -1.53064536992286       -0.18219220403378
H            2.99265986105843        0.08546851174812        0.20592821704588
H            2.05714216002695       -0.17728629877351       -1.27114179967316
16
 energy: -19.867601158295 gnorm: 0.000409079275 xtb: 6.7.1 (edcfbbe)
C           -2.01752383173062        0.64225849451621       -0.45276256718462
C           -1.63183504531338       -0.44630827389789        0.54222730192071
C           -0.26778899797796       -1.05111076577408        0.21254457341039
C            0.88390384960561       -0.11479838008235        0.48883247340635
O            0.79685662794146        0.83895956524047        1.23691664397801
C            2.15797641414368       -0.46044386458726       -0.22767374604315
H           -2.99567673092985        1.04943905781373       -0.21042974187928
H           -2.05047278893328        0.24379926903948       -1.46447246920231
H           -1.29334911520274        1.45378898779610       -0.42144282548012
H           -2.38689041739010       -1.23375666750206        0.53290833346766
H           -1.59396707784902       -0.01967648417619        1.54657034269329
H           -0.09742157572147       -1.93326700315206        0.83580148105147
H           -0.22994894729189       -1.37168591900090       -0.82895735031304
H            2.33479589379814       -1.53159886345879       -0.19840851711181
H            2.99555729465000        0.07683713670090        0.20914450898502
H            2.05508156820219       -0.16190888417983       -1.26961825067859
16
 energy: -19.867601656692 gnorm: 0.000155162218 xtb: 6.7.1 (edcfbbe)
C           -2.01817125695637        0.64232014851501       -0.45296035048148
C           -1.63163351392685       -0.44607345464303        0.54189191008000
C           -0.26750681897886       -1.05072592881075        0.21227552568541
C            0.88438783433650       -0.11484555651912        0.48946088107383
O            0.79766005501291        0.83810077747806        1.23858307267204
C            2.15812023976032       -0.46049882119956       -0.22753279973452
H           -2.99590693509888        1.04984694254187       -0.20946505859179
H           -2.05248844433031        0.24355450815373       -1.46447959985678
H           -1.29367095120037        1.45358609115367       -0.42274786599706
H           -2.38636481755377       -1.23383427403809        0.53243916084966
H           -1.59404017522301       -0.01956733719806        1.54628648226622
H           -0.09734557483266       -1.93298280964874        0.83545395104372
H           -0.22935254926390       -1.37098920275651       -0.82929492063421
H            2.33486803465543       -1.53130321054617       -0.19740562061946
H            2.99581447431281        0.07703974065213        0.20817363929672
H            2.05492751928776       -0.16310020783897       -1.26949821603230
16
 energy: -19.867602041475 gnorm: 0.000133748116 xtb: 6.7.1 (edcfbbe)
C           -2.01806681020868        0.64193746967576       -0.45368709988579
C           -1.63155930507327       -0.44579924117265        0.54197360298628
C           -0.26747619527625       -1.05068939955910        0.21273096976008
C            0.88460572438399       -0.11519805979679        0.49036712209298
O            0.79865400739180        0.83616903138206        1.24162327733911
C            2.15779800129204       -0.45997518777724       -0.22791262538320
H           -2.99514486593817        1.05070533406401       -0.20949950315348
H           -2.05398001892680        0.24204720543386       -1.46474324139203
H           -1.29271129424565        1.45251201104428       -0.42520640633551
H           -2.38633899223932       -1.23355925513423        0.53304234440596
H           -1.59393364730410       -0.01861957808356        1.54608974645392
H           -0.09769608109619       -1.93289768345515        0.83608505909567
H           -0.22911292690701       -1.37102448836340       -0.82877507645969
H            2.33380485335682       -1.53088117942735       -0.20040177591455
H            2.99600581618623        0.07592099156020        0.20857775691655
H            2.05444885460533       -0.16012056509520       -1.26908395950632
16
 energy: -19.867602479584 gnorm: 0.000137458108 xtb: 6.7.1 (edcfbbe)
C           -2.01752544330960        0.64123500821486       -0.45494749817906
C           -1.63141310159772       -0.44529896746834        0.54218922134762
C           -0.26759333750747       -1.05114583288024        0.21363259662567
C            0.88475291334784       -0.11638405602900        0.49226705399743
O            0.79982056858031        0.83265501249826        1.24659682540679
C            2.15706529990495       -0.45876864199395       -0.22867586278552
H           -2.99311769365209        1.05290503012919       -0.20963708592849
H           -2.05651191202669        0.23926577470870       -1.46508221503855
H           -1.29014090364018        1.45007342138852       -0.42965766890415
H           -2.38657526146118       -1.23268940179661        0.53430157004818
H           -1.59360156013790       -0.01681886798493        1.54575555697938
H           -0.09858959334038       -1.93335893521675        0.83724593086290
H           -0.22885871060077       -1.37161520945823       -0.82780903455260
H            2.33253091493126       -1.52989962464717       -0.20608231957010
H            2.99591187521922        0.07463647033365        0.20950595777364
H            2.05314306529119       -0.15426377450249       -1.26842283706318
16
 energy: -19.867602656185 gnorm: 0.000097581040 xtb: 6.7.1 (edcfbbe)
C           -2.01686523108630        0.64078676256547       -0.45561776992789
C           -1.63145606986290       -0.44512873346521        0.54244505212401
C           -0.26785332853283       -1.05154898963145        0.21405738915359
C            0.88467723071632       -0.11719271292610        0.49326447658483
O            0.80017051570616        0.83064273456154        1.24916063029695
C            2.15661794853183       -0.45799795935147       -0.22906815055628
H           -2.99157395758947        1.05416975485025       -0.20985676195540
H           -2.05747494729880        0.23769451135980       -1.46521561709999
H           -1.28832307631598        1.44862421150426       -0.43204646519175
H           -2.38702391240298       -1.23212705959260        0.53541535693386
H           -1.59311738120848       -0.01581915304830        1.54563003433257
H           -0.09940735431496       -1.93399094905701        0.83749378813121
H           -0.22903972083867       -1.37181520749329       -0.82744174781547
H            2.33227988239748       -1.52915940619734       -0.20885337266497
H            2.99565788818511        0.07459300497758        0.20985305763460
H            2.05202863391523       -0.15120340376063       -1.26803970895988
16
 energy: -19.867602725129 gnorm: 0.000072094508 xtb: 6.7.1 (edcfbbe)
C           -2.01661929328141        0.64069193380763       -0.45577924443216
C           -1.63139957819532       -0.44504645752506        0.54251076480139
C           -0.26796269697388       -1.05187644511561        0.21408528918889
C            0.88458287207076       -0.11764110392122        0.49367583051561
O            0.80000194440114        0.82989124665296        1.24994102713448
C            2.15644870597684       -0.45773719162655       -0.22911507273985
H           -2.99097060188948        1.05482220789273       -0.20988921998104
H           -2.05778063177364        0.23722967207238       -1.46519510211834
H           -1.28754554586205        1.44805644219216       -0.43274555128594
H           -2.38721825153076       -1.23178044247464        0.53585658033829
H           -1.59272744590461       -0.01545528672903        1.54556248584946
H           -0.09972843263367       -1.93455840174847        0.83722865071245
H           -0.22914293878540       -1.37179137927509       -0.82753011563454
H            2.33273228464288       -1.52880467271559       -0.20909513095980
H            2.99532323055064        0.07530689413976        0.20964636242113
H            2.05130349918873       -0.15077961033087       -1.26797736279004
