16
 energy: -271.711118788134 gnorm: 0.003025721802 xtb: 6.7.1 (edcfbbe)
C            2.07303494169116        0.72664562184859       -0.62521076222991
C            1.44579110093759        0.19796047540475        0.66644798116953
C            0.00036010480314       -0.22360928579011        0.55384689896488
O           -0.40066099966259       -1.24732841331327        1.10589023144375
C           -0.93074891308234        0.66852767495095       -0.22124870497263
C           -2.39805707850497        0.28537131667990       -0.11663781511496
H            3.12951344149460        0.95382170745977       -0.45450806478405
H            2.01294318673216       -0.01975037202927       -1.42469520828316
H            1.58585764478790        1.64294977429916       -0.97065983798364
H            2.01342356988203       -0.64923739437087        1.06281899064455
H            1.46627350181792        0.98887802548792        1.43133554887683
H           -0.59350080777800        0.64968037752882       -1.26717510441296
H           -0.75287180035366        1.70018903226510        0.11147712018773
H           -3.01167165495686        0.97841359681455       -0.69882349069909
H           -2.74099020275742        0.31582128648580        0.92199986744480
H           -2.57130256729076       -0.72444567124019       -0.49943073601335
16
 energy: -271.711127646337 gnorm: 0.000786369768 xtb: 6.7.1 (edcfbbe)
C            2.07269323826275        0.72759147366379       -0.62431302648934
C            1.44573958455517        0.19700916483787        0.66654767332096
C            0.00038348981565       -0.22315183691748        0.55410565248270
O           -0.40062865078938       -1.24500316563356        1.10683499875872
C           -0.93051721630951        0.66757275450610       -0.22288119124182
C           -2.39766100043167        0.28536249444923       -0.11645150087341
H            3.12898743561949        0.95403332045389       -0.45450419027361
H            2.01150849597704       -0.01663912337960       -1.42463494942923
H            1.58624442244874        1.64430621083729       -0.96788190284599
H            2.01277579066278       -0.65079292069736        1.06190315828228
H            1.46686695033567        0.98675464440812        1.43216465227099
H           -0.59419557750487        0.64641111294309       -1.26902584367623
H           -0.75206477589967        1.69980643123817        0.10768058743310
H           -3.01140133190490        0.97839360036803       -0.69836228044827
H           -2.73936837158734        0.31678279834587        0.92235302955216
H           -2.57196898003843       -0.72454924841005       -0.49810751452522
16
 energy: -271.711135507562 gnorm: 0.002188409086 xtb: 6.7.1 (edcfbbe)
C            2.07179155948330        0.73074384852313       -0.62222695056914
C            1.44540415433764        0.19498476653945        0.66644883296308
C            0.00024325792219       -0.22381164547569        0.55394691235652
O           -0.40237404620550       -1.24072884058724        1.11147893860933
C           -0.92936334909553        0.66492291236891       -0.22756594685365
C           -2.39653903493775        0.28569180243016       -0.11568714688199
H            3.12817611073048        0.95495817168901       -0.45335537072227
H            2.00796233507221       -0.00844655223005       -1.42581045938396
H            1.58645367051470        1.64950180763271       -0.96000151739993
H            2.01144140617737       -0.65469550625671        1.05849737353483
H            1.46791571646109        0.98131220573630        1.43508226209847
H           -0.59526916634428        0.63655905931892       -1.27424931862747
H           -0.74874889521650        1.69892215398972        0.09631358027300
H           -3.01074784136688        0.97848688471766       -0.69719260899009
H           -2.73487428908907        0.32018307886063        0.92390905227725
H           -2.57407796885914       -0.72469657191021       -0.49415888751059
16
 energy: -271.711142440373 gnorm: 0.002119668019 xtb: 6.7.1 (edcfbbe)
C            2.07100633287562        0.73359884937351       -0.62088361204428
C            1.44565741289757        0.19334650277948        0.66631314191044
C           -0.00004076265839       -0.22365684005085        0.55529035173817
O           -0.40387043466154       -1.23839482210871        1.11590322919769
C           -0.92861485534068        0.66248001622511       -0.23084736744672
C           -2.39628350383310        0.28621672861751       -0.11553900298494
H            3.12788986356050        0.95583318349839       -0.45237106924245
H            2.00520830207572       -0.00202191546690       -1.42761298161611
H            1.58631789711924        1.65447514543116       -0.95399891239643
H            2.01156471176352       -0.65802135199900        1.05499790157813
H            1.46935359665459        0.97662645434608        1.43805695268849
H           -0.59535512498340        0.62803860892980       -1.27765926718038
H           -0.74618952843535        1.69785284005504        0.08750019444208
H           -3.01063960264506        0.97859084586079       -0.69739866655601
H           -2.73229345421992        0.32377532626412        0.92473712199919
H           -2.57631717113100       -0.72485209458582       -0.49105815650353
16
 energy: -271.711152465670 gnorm: 0.002369459995 xtb: 6.7.1 (edcfbbe)
C            2.06446751788120        0.75798533008510       -0.60976757178633
C            1.44747326758153        0.17963487433748        0.66460550568332
C           -0.00171818768664       -0.22662424683770        0.56122855956728
O           -0.41716644712152       -1.21930948760346        1.15482811862027
C           -0.92228240396491        0.64188142459915       -0.25701259321679
C           -2.39446239585701        0.29082805269004       -0.11349876332700
H            3.12531298376195        0.96461037927140       -0.44336389755771
H            1.98391584478493        0.05133672446978       -1.44245735264687
H            1.58472614641290        1.69578883759867       -0.90553257732549
H            2.01318023017193       -0.68488920556262        1.02606169226215
H            1.47965863931213        0.93817120039667        1.46207388426735
H           -0.59582530427570        0.55690774668730       -1.30486151977897
H           -0.72319719290203        1.68838292126799        0.01573549861643
H           -3.00823428112457        0.97995730531023       -0.69994451083084
H           -2.71280765699423        0.35504618534829        0.93183633593841
H           -2.59564655816469       -0.72582140497290       -0.46449152181483
16
 energy: -271.711165727146 gnorm: 0.000905614599 xtb: 6.7.1 (edcfbbe)
C            2.06711096436209        0.74923102295951       -0.61407452587249
C            1.44682308465271        0.18488038721643        0.66459131712198
C           -0.00120847363638       -0.22578690738446        0.55897080460510
O           -0.41191413960007       -1.22666363782484        1.14115173795313
C           -0.92497765385479        0.64897534347959       -0.24598035594057
C           -2.39565518099394        0.28928638855241       -0.11444236787100
H            3.12648701232688        0.96210759337035       -0.44684817471183
H            1.99272348644904        0.03160047944575       -1.43678925771738
H            1.58526466222644        1.68009567391732       -0.92420653020439
H            2.01308452188593       -0.67463207524623        1.03534445488914
H            1.47619307294079        0.95199898729615        1.45289846872172
H           -0.59535529249808        0.58322661669174       -1.29262163028871
H           -0.73197925732486        1.69059968348003        0.04382757127710
H           -3.00832632722180        0.97939727124829       -0.70085740897948
H           -2.72201914187744        0.34488886205520        0.92828017783038
H           -2.58885736941131       -0.72531872879444       -0.47380851208850
16
 energy: -271.711169193575 gnorm: 0.000353063595 xtb: 6.7.1 (edcfbbe)
C            2.06625485057381        0.75150769767446       -0.61367174990061
C            1.44699419737988        0.18355007014946        0.66378077589709
C           -0.00166459871382       -0.22615142237248        0.55994354129680
O           -0.41244872384141       -1.22556589821939        1.14521154837786
C           -0.92450281413467        0.64715167802172       -0.24621809149988
C           -2.39570336808045        0.28961353676998       -0.11443544175385
H            3.12573430342286        0.96407439196964       -0.44633301990451
H            1.99202600955433        0.03593063123930       -1.43828278137199
H            1.58438896224897        1.68310482849227       -0.92152602058192
H            2.01344814474248       -0.67729345524747        1.03125668661320
H            1.47765493134497        0.94797026311886        1.45478406959511
H           -0.59436533487620        0.57799932918671       -1.29247405190596
H           -0.73030960871546        1.68933477359861        0.04041120166461
H           -3.00630007279291        0.97868687719080       -0.70426250260708
H           -2.72343672333185        0.34989479384081        0.92761160979182
H           -2.59037625448078       -0.72592118408091       -0.47035929596956
16
 energy: -271.711169193575 gnorm: 0.000353063595 xtb: 6.7.1 (edcfbbe)
C            2.06625485057381        0.75150769767446       -0.61367174990061
C            1.44699419737988        0.18355007014946        0.66378077589709
C           -0.00166459871382       -0.22615142237248        0.55994354129680
O           -0.41244872384141       -1.22556589821939        1.14521154837786
C           -0.92450281413467        0.64715167802172       -0.24621809149988
C           -2.39570336808045        0.28961353676998       -0.11443544175385
H            3.12573430342286        0.96407439196964       -0.44633301990451
H            1.99202600955433        0.03593063123930       -1.43828278137199
H            1.58438896224897        1.68310482849227       -0.92152602058192
H            2.01344814474248       -0.67729345524747        1.03125668661320
H            1.47765493134497        0.94797026311886        1.45478406959511
H           -0.59436533487620        0.57799932918671       -1.29247405190596
H           -0.73030960871546        1.68933477359861        0.04041120166461
H           -3.00630007279291        0.97868687719080       -0.70426250260708
H           -2.72343672333185        0.34989479384081        0.92761160979182
H           -2.59037625448078       -0.72592118408091       -0.47035929596956
