20
 energy: -236.984516727359 gnorm: 0.001884185750 xtb: 6.7.1 (edcfbbe)
C           -1.88458999972415       -1.21376525187311       -0.19392663094058
C           -1.22125700476665       -0.02476853842965        0.49678087877218
C           -0.13209119952007        0.66714275520187       -0.33734011805176
C            0.42722854324191        1.87078273953227        0.42373637297056
C            0.98170530001400       -0.29033466430007       -0.79605051333669
C            1.79139301937154       -0.92797750612873        0.33150263610670
H           -2.25694710169404       -0.93450976675201       -1.18679007978530
H           -1.18963092242649       -2.05010063981432       -0.32185995093022
H           -2.73542454547112       -1.58052891874909        0.38967935200065
H           -0.79665649863003       -0.34672018468246        1.45704242884930
H           -1.98628527374929        0.72386747972089        0.74052842064438
H           -0.61617825118765        1.04355064785768       -1.25101297455049
H            1.21471809433425        2.37571988718407       -0.14717983839599
H            0.85195373616028        1.56904690510026        1.38789719983331
H           -0.36238655583918        2.60232354500370        0.62880408095197
H            0.53739374717091       -1.08234828046043       -1.41119622091763
H            1.66120043800503        0.26242249813018       -1.45813056747530
H            1.15148490131797       -1.48074109038322        1.03012194159996
H            2.34454468452262       -0.17718125422443        0.90804016507297
H            2.52383587175045       -1.63500714506888       -0.07456701741364
20
 energy: -236.984539897668 gnorm: 0.000553113841 xtb: 6.7.1 (edcfbbe)
C           -1.88431921804617       -1.21393519668134       -0.19165036509620
C           -1.22076301139035       -0.02452507493376        0.49766518886814
C           -0.13296204207915        0.66698285060933       -0.33825047251753
C            0.42733887193959        1.87115677686113        0.42134287568316
C            0.98253231223637       -0.28873132131650       -0.79648731905054
C            1.78900905041123       -0.93022945032561        0.33158715372469
H           -2.25870845461875       -0.93533405308070       -1.18383297229655
H           -1.18891695978188       -2.04961314183131       -0.32057096780429
H           -2.73391657875673       -1.58141621934880        0.39329834876215
H           -0.79533231266750       -0.34533168804799        1.45793387994610
H           -1.98563290058762        0.72421281083047        0.74139764038629
H           -0.61778957375945        1.04266767520622       -1.25183756553895
H            1.21428939297575        2.37474232106677       -0.15139671969125
H            0.85367903084629        1.57011812299218        1.38494326089028
H           -0.36127160543682        2.60344071393430        0.62683168771539
H            0.54295956912073       -1.07864618878892       -1.41737221410673
H            1.66379293591266        0.26864954145540       -1.45251359695450
H            1.14884334138702       -1.48942662835623        1.02190972885471
H            2.33503290066274       -0.18243416909680        0.91552764002777
H            2.52614566356484       -1.63147527537136       -0.07244581129072
20
 energy: -236.984574596364 gnorm: 0.001171568215 xtb: 6.7.1 (edcfbbe)
C           -1.88218223915625       -1.21480822030974       -0.18610075683579
C           -1.21853915071758       -0.02368883829185        0.49959367456955
C           -0.13320029365200        0.66716465295591       -0.33946470323480
C            0.42755554942615        1.87410906620744        0.41558470852456
C            0.98522648851834       -0.28529617686295       -0.79768435838887
C            1.78130855874716       -0.93693594422851        0.33249033939829
H           -2.26213134188216       -0.93725812747554       -1.17642063815994
H           -1.18493315686539       -2.04840352787727       -0.31838210263983
H           -2.72818287775645       -1.58472894260181        0.40266607721262
H           -0.79061037747635       -0.34206199349595        1.45954813075626
H           -1.98359807463564        0.72476993713456        0.74370241173184
H           -0.62021371007993        1.04006478663361       -1.25305048379612
H            1.21261627572217        2.37574198138147       -0.16140726665604
H            0.85745257033746        1.57525760174888        1.37818976697840
H           -0.36026764454489        2.60684004598702        0.62182680952144
H            0.55317121432838       -1.06946329429419       -1.43113444429059
H            1.67186515972829        0.28068389418013       -1.44074003688650
H            1.13675936317138       -1.51357811802379        1.00324610386900
H            2.31112070091728       -0.19359410547617        0.93575158408739
H            2.53079166059166       -1.62394443316455       -0.07213570576467
20
 energy: -236.984603286880 gnorm: 0.003275481269 xtb: 6.7.1 (edcfbbe)
C           -1.87153225444376       -1.21689089470666       -0.17047203276107
C           -1.20965093922713       -0.01956341793750        0.50548499215298
C           -0.13403992579681        0.67158751023600       -0.34478519913491
C            0.42661683887375        1.88612916931222        0.39872461982089
C            0.99098406889732       -0.27561187912209       -0.79890790872050
C            1.75755184804821       -0.96101100996313        0.33334564223972
H           -2.26975425430302       -0.94286218203120       -1.15481060915063
H           -1.16751847425392       -2.04317430849709       -0.31406665926099
H           -2.70495994647807       -1.59573944245119        0.43102288709711
H           -0.77385452117737       -0.33084447862596        1.46448985310468
H           -1.97664335131223        0.72662426585051        0.75072643236568
H           -0.62715063483418        1.03553134994907       -1.25886553052527
H            1.20444965036652        2.38569318081018       -0.18975088031741
H            0.86711564937266        1.59589783357116        1.35928216405815
H           -0.36188899743447        2.61727183538015        0.60680327279300
H            0.57524965778516       -1.04210726201252       -1.46576963107966
H            1.69606943300797        0.30786541943063       -1.40716246753418
H            1.09862823785330       -1.59060917039775        0.94554031793672
H            2.23859170332086       -0.23173242682125        0.99810722020249
H            2.54573893885643       -1.60559051312509       -0.07285777877693
20
 energy: -236.984624290997 gnorm: 0.001066420207 xtb: 6.7.1 (edcfbbe)
C           -1.87143042919221       -1.21669669813763       -0.17284661494072
C           -1.21011468351946       -0.01962420249730        0.50451576581130
C           -0.13260389603776        0.67182636606202       -0.34330138132992
C            0.42620511497428        1.88643334129900        0.40124091162433
C            0.99017326325550       -0.27733690324512       -0.79864699117475
C            1.75928436223127       -0.95913209552649        0.33289120086514
H           -2.26755628487671       -0.94200135144781       -1.15770542439780
H           -1.16766718492203       -2.04325355907795       -0.31570946047318
H           -2.70575455036477       -1.59538060929386        0.42717077766499
H           -0.77492009603489       -0.33189886086472        1.46334410050132
H           -1.97749377349163        0.72614367565985        0.74986527159217
H           -0.62485611357953        1.03646381914912       -1.25745161723352
H            1.20385995754457        2.38830439503869       -0.18543393984735
H            0.86555154450791        1.59561855358162        1.36209487700250
H           -0.36386013776269        2.61615740394099        0.60928860146249
H            0.56965287318446       -1.04557133920633       -1.45923577609232
H            1.69336288683881        0.30046380192626       -1.41301950175079
H            1.10318903806296       -1.58033217303420        0.95313369286296
H            2.24756392897309       -0.22948969055190        0.98867761646146
H            2.54141737479733       -1.60982950826114       -0.07279319175262
20
 energy: -236.984633567666 gnorm: 0.000732739997 xtb: 6.7.1 (edcfbbe)
C           -1.86717942042754       -1.21679018718837       -0.17199630604694
C           -1.20781116010795       -0.01814026484745        0.50488030890923
C           -0.13070608549618        0.67382918016996       -0.34325793693187
C            0.42528562570899        1.89025534242373        0.40021053162899
C            0.99027595098021       -0.27754999178962       -0.79837797099747
C            1.75481612902591       -0.96342774395770        0.33265148143227
H           -2.26569407129943       -0.94235077059798       -1.15585274601057
H           -1.16137543197559       -2.04114324195800       -0.31696039685530
H           -2.69886651829252       -1.59820361129291        0.42962340542571
H           -0.77145663334332       -0.32941760003043        1.46339915900874
H           -1.97654855778345        0.72615979355224        0.75026515555777
H           -0.62309319029598        1.03735091700296       -1.25770410425915
H            1.19932537753098        2.39677805148033       -0.18722916848121
H            0.86693644325898        1.60175834270622        1.36073560281525
H           -0.36824880389501        2.61623986967190        0.60939731873727
H            0.56574305113872       -1.04306961647370       -1.45880948317469
H            1.69578454450901        0.29614881862646       -1.41291116940745
H            1.09836479583353       -1.58814177374924        0.94671119706619
H            2.23971855888476       -0.23820168457024        0.99386560176551
H            2.53873139242913       -1.61122028091448       -0.07256128702096
20
 energy: -236.984636323333 gnorm: 0.000158460766 xtb: 6.7.1 (edcfbbe)
C           -1.86480017535714       -1.21702978395596       -0.17034794992653
C           -1.20660895192582       -0.01714842972392        0.50539618348679
C           -0.13068168539883        0.67505164911516       -0.34399452519116
C            0.42516013372460        1.89210678910196        0.39846299151147
C            0.99049220046542       -0.27663197037079       -0.79811199116719
C            1.75166221790582       -0.96686869367132        0.33261980843598
H           -2.26549387730213       -0.94330561265858       -1.15351228300298
H           -1.15754641926764       -2.03988157067958       -0.31657717527238
H           -2.69467130437203       -1.60016172223866        0.43266325143858
H           -0.76955474429801       -0.32708125818212        1.46408921639865
H           -1.97590309355958        0.72668031687616        0.75028716373523
H           -0.62333581180828        1.03783899559923       -1.25860794446741
H            1.19666416725910        2.40045203132324       -0.19075780296615
H            0.86963678107934        1.60479994951219        1.35807443921407
H           -0.36945628447103        2.61637089622253        0.60941594351656
H            0.56642536507922       -1.04042295624744       -1.46121016537755
H            1.69819722918401        0.29764558577178       -1.40997824326150
H            1.09325789693017       -1.59740751538519        0.93926779323383
H            2.23081441472715       -0.24387983427566        1.00111047906767
H            2.53974302784908       -1.61026416290239       -0.07220992339232
20
 energy: -236.984636323333 gnorm: 0.000158460766 xtb: 6.7.1 (edcfbbe)
C           -1.86480017535714       -1.21702978395596       -0.17034794992653
C           -1.20660895192582       -0.01714842972392        0.50539618348679
C           -0.13068168539883        0.67505164911516       -0.34399452519116
C            0.42516013372460        1.89210678910196        0.39846299151147
C            0.99049220046542       -0.27663197037079       -0.79811199116719
C            1.75166221790582       -0.96686869367132        0.33261980843598
H           -2.26549387730213       -0.94330561265858       -1.15351228300298
H           -1.15754641926764       -2.03988157067958       -0.31657717527238
H           -2.69467130437203       -1.60016172223866        0.43266325143858
H           -0.76955474429801       -0.32708125818212        1.46408921639865
H           -1.97590309355958        0.72668031687616        0.75028716373523
H           -0.62333581180828        1.03783899559923       -1.25860794446741
H            1.19666416725910        2.40045203132324       -0.19075780296615
H            0.86963678107934        1.60479994951219        1.35807443921407
H           -0.36945628447103        2.61637089622253        0.60941594351656
H            0.56642536507922       -1.04042295624744       -1.46121016537755
H            1.69819722918401        0.29764558577178       -1.40997824326150
H            1.09325789693017       -1.59740751538519        0.93926779323383
H            2.23081441472715       -0.24387983427566        1.00111047906767
H            2.53974302784908       -1.61026416290239       -0.07220992339232
