----------------------------------------------- 
  Element       SASA      Sigma Z        Total  
     Z         Ang**2 cal/Ang**2/mol   kcal/mol 
----------------------------------------------- 
      H        114.562      48.690       5.578
      C         80.243     129.740      10.411
      O         42.296       0.000       0.000

 Subtotal:     237.100                  15.989
 -----------------------------------------------

  Elements    COT*SASA   Sigma Z,Z'     Total   
    Z,Z'       Ang**2  cal/Ang**2/mol kcal/mol  
 ---------------------------------------------- 
  H   C         77.377     -60.770      -4.702
  H   O          0.000       0.000       0.000
  C   C         78.655     -72.950      -5.738
  O   C         19.490      68.690       1.339
  O   O          0.000       0.000       0.000

 Subtotal:                              -9.101
 ---------------------------------------------- 

 NONAQUEOUS SOLVENT CONTRIBUTION (kcal/mol):
 (proportional to SASA, atomic number independent)
 ---------------------------------------------- 
 Subtotal:                               0.000
 ---------------------------------------------- 

 CDS TOTAL (kcal/mol):                   6.887
...............................................................................
