----------------------------------------------- 
  Element       SASA      Sigma Z        Total  
     Z         Ang**2 cal/Ang**2/mol   kcal/mol 
----------------------------------------------- 
      H        134.616      48.690       6.554
      C         24.094     129.740       3.126
      O         17.548       0.000       0.000

 Subtotal:     176.257                   9.680
 -----------------------------------------------

  Elements    COT*SASA   Sigma Z,Z'     Total   
    Z,Z'       Ang**2  cal/Ang**2/mol kcal/mol  
 ---------------------------------------------- 
  H   C         81.933     -60.770      -4.979
  H   O          8.977       0.000       0.000
  C   C         17.402     -72.950      -1.269
  O   C          0.000      68.690       0.000

 Subtotal:                              -6.249
 ---------------------------------------------- 

 NONAQUEOUS SOLVENT CONTRIBUTION (kcal/mol):
 (proportional to SASA, atomic number independent)
 ---------------------------------------------- 
 Subtotal:                               0.000
 ---------------------------------------------- 

 CDS TOTAL (kcal/mol):                   3.432
...............................................................................
