----------------------------------------------- 
  Element       SASA      Sigma Z        Total  
     Z         Ang**2 cal/Ang**2/mol   kcal/mol 
----------------------------------------------- 
      H        137.632      48.690       6.701
      C         56.854     129.740       7.376
      N          6.066       0.000       0.000
      O         37.142       0.000       0.000
      Br        40.387      -8.720      -0.352

 Subtotal:     278.081                  13.725
 -----------------------------------------------

  Elements    COT*SASA   Sigma Z,Z'     Total   
    Z,Z'       Ang**2  cal/Ang**2/mol kcal/mol  
 ---------------------------------------------- 
  H   C         84.909     -60.770      -5.160
  H   O          0.000       0.000       0.000
  C   C         40.683     -72.950      -2.968
  O   C         23.157      68.690       1.591
  O   O          0.000       0.000       0.000
  C   N         22.074       0.000       0.000
  N   C         24.585     -48.220      -1.185
  N  C(3)        0.000      84.100       0.000
  O   N          0.000     121.980       0.000

 Subtotal:                              -7.723
 ---------------------------------------------- 

 NONAQUEOUS SOLVENT CONTRIBUTION (kcal/mol):
 (proportional to SASA, atomic number independent)
 ---------------------------------------------- 
 Subtotal:                               0.000
 ---------------------------------------------- 

 CDS TOTAL (kcal/mol):                   6.003
...............................................................................
