----------------------------------------------- 
  Element       SASA      Sigma Z        Total  
     Z         Ang**2 cal/Ang**2/mol   kcal/mol 
----------------------------------------------- 
      H        106.721      48.690       5.196
      C         35.152     129.740       4.561
      N         27.750       0.000       0.000

 Subtotal:     169.623                   9.757
 -----------------------------------------------

  Elements    COT*SASA   Sigma Z,Z'     Total   
    Z,Z'       Ang**2  cal/Ang**2/mol kcal/mol  
 ---------------------------------------------- 
  H   C         71.688     -60.770      -4.356
  C   C         28.742     -72.950      -2.097
  C   N          8.401       0.000       0.000
  N   C          6.030     -48.220      -0.291
  N  C(3)       16.925      84.100       1.423

 Subtotal:                              -5.321
 ---------------------------------------------- 

 NONAQUEOUS SOLVENT CONTRIBUTION (kcal/mol):
 (proportional to SASA, atomic number independent)
 ---------------------------------------------- 
 Subtotal:                               0.000
 ---------------------------------------------- 

 CDS TOTAL (kcal/mol):                   4.436
...............................................................................
