17
 energy: -23.953985503643 gnorm: 0.030022545268 xtb: 6.7.1 (edcfbbe)
C           -2.13538895207579        0.92005075517146        0.72706850544337
C           -1.85709782747539        0.35410975585450       -0.66209163329079
C           -0.92208287301698       -0.86617576430525       -0.62577640678297
C            0.38687542304602       -0.55669106243875        0.04296969780430
O            0.77475431202393       -1.04207591347410        1.09421759357537
O            1.10255708828047        0.34969867958072       -0.65028102564498
C            2.37934331423185        0.72311835746907       -0.07510579838388
H           -2.83917790096488        1.75642169050095        0.67397265416226
H           -2.56642238696642        0.15581102638035        1.38358408396018
H           -1.21702050539429        1.28897964815463        1.19954760074181
H           -1.42389007057804        1.12726385560834       -1.30482636207205
H           -2.79426119870889        0.03778339422539       -1.13119322981681
H           -0.71611991101282       -1.20761554100570       -1.64618052236315
H           -1.38611895870041       -1.68475864210921       -0.07047306872529
H            2.81155673062659        1.44150837354809       -0.77068282731996
H            3.02388698794939       -0.15471589527708        0.01415194769600
H            2.23347102095858        1.18360504610401        0.90533690765930
17
 energy: -23.954927524405 gnorm: 0.010983129155 xtb: 6.7.1 (edcfbbe)
C           -2.13449085441314        0.91478990396846        0.72386233461347
C           -1.85215089860041        0.35572075478474       -0.66313617227227
C           -0.92214852393148       -0.86464367237769       -0.61747517089976
C            0.38588007543914       -0.54650544892273        0.05121047831335
O            0.77608225626098       -1.03667418399685        1.09022589321012
O            1.10290512548755        0.34718989557331       -0.63825411011865
C            2.37390549238547        0.72456902179907       -0.08206803718480
H           -2.83285634545566        1.74807446093828        0.66416621127847
H           -2.56482950103512        0.14996531759256        1.36951832595529
H           -1.21764173972796        1.27252377837879        1.19346094466082
H           -1.40133841457111        1.12910934378285       -1.28918920292564
H           -2.79034602654328        0.04761788333949       -1.12993492310826
H           -0.71328081876120       -1.19549774325179       -1.63701566278661
H           -1.39061491990726       -1.67978761313127       -0.06329172972559
H            2.79880840649222        1.43959152822882       -0.78161262083707
H            3.00942892399830       -0.15568341213055        0.01445953571304
H            2.22755205510587        1.17595794941192        0.89931202275679
17
 energy: -23.955085942723 gnorm: 0.004560903771 xtb: 6.7.1 (edcfbbe)
C           -2.13438213777234        0.91304505798247        0.72405857074885
C           -1.84495732774080        0.35914298275854       -0.66451210565397
C           -0.92269149298742       -0.86619664084450       -0.61416573305349
C            0.38879748928111       -0.54996833437374        0.05179842273045
O            0.77634394277490       -1.03510295274677        1.09277232197892
O            1.09943329276980        0.34240179431327       -0.63330057366899
C            2.36512621230153        0.72585442417168       -0.08726666217616
H           -2.82822658878872        1.74670110683931        0.66212756043794
H           -2.56925254149066        0.14609208483124        1.35999132478482
H           -1.21931920094988        1.26201587401292        1.19805077228730
H           -1.37914691117798        1.13099385900024       -1.27923033665830
H           -2.78132548877730        0.06076351427099       -1.13772212218551
H           -0.71267342480779       -1.19736981599651       -1.63145829715907
H           -1.39435627386433       -1.67519126577205       -0.05592888776216
H            2.78343461503256        1.43966635774292       -0.78919230498288
H            3.00393730198857       -0.15136548548180        0.01250072003294
H            2.22412282643165        1.17483520327923        0.89571544694199
17
 energy: -23.955136906078 gnorm: 0.002162629270 xtb: 6.7.1 (edcfbbe)
C           -2.13585012018727        0.91122680926405        0.72487788095983
C           -1.83815317029319        0.36239722796311       -0.66536922705133
C           -0.92373599668773       -0.86870023656429       -0.61180538751809
C            0.38756885144012       -0.54981486041799        0.05578661029064
O            0.77642682524575       -1.03730545526000        1.09638051104957
O            1.09571724645184        0.33910940938933       -0.63096563758848
C            2.36008384425607        0.72651315482184       -0.09201105387700
H           -2.82552558439647        1.74772674368475        0.66153656518997
H           -2.57843009151667        0.14201099087694        1.35254063321210
H           -1.22251905169606        1.25319461780951        1.20689877826636
H           -1.36062786618507        1.13383820145097       -1.27114786802976
H           -2.77174897544290        0.07281622851783       -1.14846563077810
H           -0.71250060944797       -1.20266138637028       -1.62758804178469
H           -1.39819287273088       -1.67368688350135       -0.05097264726996
H            2.77424930869629        1.43967946159276       -0.79644523341196
H            3.00391232929565       -0.14766310079669        0.00954276502802
H            2.22419022542140        1.17763684152694        0.89144509995557
17
 energy: -23.955176490095 gnorm: 0.003169189362 xtb: 6.7.1 (edcfbbe)
C           -2.13921816893687        0.90857906253095        0.72550357003690
C           -1.82879035587445        0.36722468571054       -0.66604098887886
C           -0.92528215953738       -0.87192806850773       -0.60737305931463
C            0.38876675204720       -0.55537305971916        0.05822235178303
O            0.77734013919798       -1.04212891341831        1.10069839941849
O            1.09244198842560        0.33361522400868       -0.62997315895633
C            2.35565261561491        0.72859293397231       -0.09758047892639
H           -2.82196398145054        1.75102169105392        0.66039465721696
H           -2.59545516639004        0.13717634292159        1.34177719477444
H           -1.22860305055156        1.23985966470929        1.22144496164890
H           -1.33569052196178        1.13821949662474       -1.26010507484817
H           -2.75876276213617        0.09076010985013       -1.16409485623804
H           -0.71536704093601       -1.21292263068812       -1.62114259217020
H           -1.40535730397629       -1.67055017523184       -0.04253183602672
H            2.76422644692897        1.44215540640375       -0.80530015346345
H            3.00695382102692       -0.14104914218205        0.00448472546254
H            2.22397304073242        1.18306513594875        0.88585445512422
17
 energy: -23.955198547496 gnorm: 0.002800456110 xtb: 6.7.1 (edcfbbe)
C           -2.14315598361952        0.90673690718117        0.72544384941147
C           -1.82370719987886        0.37003388355718       -0.66566630975893
C           -0.92584516555732       -0.87289433916156       -0.60419674542075
C            0.38958269055019       -0.55800592386269        0.05974552406426
O            0.77953221335240       -1.04597276251315        1.10137102734889
O            1.09201662366336        0.33105760203050       -0.63059033539864
C            2.35574440669044        0.72963316494778       -0.10044950941304
H           -2.82096596141562        1.75360051839162        0.65942371729187
H           -2.60892660044323        0.13496234768594        1.33470607892377
H           -1.23490917249042        1.23094994340904        1.23124640445699
H           -1.32258919671813        1.14109509516907       -1.25286490993107
H           -2.75065524371293        0.10032872356037       -1.17330920278073
H           -0.71809754067526       -1.21931849760261       -1.61694596039984
H           -1.40920563271403       -1.66781261526533       -0.03676150892287
H            2.76160698642189        1.44328759031186       -0.81026031754668
H            3.00999039167927       -0.13795672310360        0.00131565728478
H            2.22444867709066        1.18659284925185        0.88203065743319
17
 energy: -23.955222655477 gnorm: 0.001578009929 xtb: 6.7.1 (edcfbbe)
C           -2.14998024870963        0.90405742674527        0.72507538219547
C           -1.81788762098292        0.37379955799853       -0.66476847023965
C           -0.92611475249204       -0.87289401406227       -0.59919111785532
C            0.39191730272559       -0.56130992302607        0.06068502201486
O            0.78495097699815       -1.05056772228825        1.10009015587157
O            1.09273412774791        0.32879944068124       -0.63219848484615
C            2.35760669470620        0.73071026148594       -0.10394027431596
H           -2.82020882881916        1.75718679962041        0.65709732948868
H           -2.62964916319117        0.13262274688138        1.32425630697785
H           -1.24544061715739        1.21780546793457        1.24456783750482
H           -1.30708951694191        1.14538143605295       -1.24274958054736
H           -2.74026220412452        0.11135282675340       -1.18451602225097
H           -0.72231224692313       -1.22655952546455       -1.61060633374900
H           -1.41291874604586       -1.66298342881012       -0.02760086656207
H            2.76056269812459        1.44396108442894       -0.81634082237723
H            3.01347377160283       -0.13525344624785       -0.00256333357118
H            2.22548266570534        1.19020877530394        0.87694138890430
17
 energy: -23.955242147050 gnorm: 0.001875107041 xtb: 6.7.1 (edcfbbe)
C           -2.16238877542539        0.90023556049921        0.72464940418898
C           -1.81008975464436        0.37912868671576       -0.66295277912191
C           -0.92568431704455       -0.87203635272576       -0.59113696751879
C            0.39626740455328       -0.56416824844206        0.06164546161058
O            0.79638186167933       -1.05612165308292        1.09622201301923
O            1.09395146847744        0.32792374753498       -0.63421786119501
C            2.36117165847786        0.73159411923180       -0.10965727026971
H           -2.81919906498478        1.76358394414733        0.65220052401619
H           -2.66512979661629        0.13009148827229        1.30673251945367
H           -1.26387533282532        1.19576684760473        1.26541941052589
H           -1.28529252358776        1.15193537390581       -1.22667456421899
H           -2.72496829486162        0.12567046829908       -1.20012704397349
H           -0.72735458425440       -1.23498261052952       -1.60050546771079
H           -1.41572229226456       -1.65538519681123       -0.01270868397500
H            2.76065088621864        1.44352621906932       -0.82538457951269
H            3.01689935873439       -0.13371285557752       -0.00889377535569
H            2.22924639059099        1.19326822587615        0.86962777668017
17
 energy: -23.955252667141 gnorm: 0.001134252506 xtb: 6.7.1 (edcfbbe)
C           -2.16860890312619        0.89929832199546        0.72448811102612
C           -1.80872384269165        0.38027144800687       -0.66194531919074
C           -0.92466825768203       -0.87105855051513       -0.58803735209699
C            0.39863280967558       -0.56333961777940        0.06165331847283
O            0.80293456808641       -1.05719016262648        1.09371303647838
O            1.09410680981562        0.33065243125887       -0.63370554498867
C            2.36311845872121        0.73123702611838       -0.11193275156004
H           -2.81863374858657        1.76708401897397        0.64943990917498
H           -2.68112249586618        0.13098535890933        1.29921534384643
H           -1.27286939850914        1.18644555938796        1.27289092523645
H           -1.28092603675801        1.15377686361997       -1.22112897622321
H           -2.72052841144761        0.12788353659065       -1.20386434273059
H           -0.72745594397332       -1.23543958685843       -1.59677650724783
H           -1.41393934198885       -1.65302390046102       -0.00740244789644
H            2.76227063906943        1.44276267154604       -0.82779299951094
H            3.01691934577631       -0.13572521987164       -0.01290464690758
H            2.23435804170790        1.19169756569205        0.86832836076049
17
 energy: -23.955261415990 gnorm: 0.000608232985 xtb: 6.7.1 (edcfbbe)
C           -2.17725722255034        0.89758614994477        0.72452571331206
C           -1.80799651989468        0.38144907419540       -0.66100912076717
C           -0.92311770017745       -0.86933312259854       -0.58364669503675
C            0.40160050699376       -0.56065950705996        0.06246610227114
O            0.81139182774007       -1.05807649188256        1.09093768530899
O            1.09385901887942        0.33633624633081       -0.63150385116582
C            2.36630580398347        0.73076270203591       -0.11517364251330
H           -2.81590045671478        1.77339021145470        0.64500307080771
H           -2.70646913323012        0.13244837276005        1.28839420067488
H           -1.28452030419390        1.17099936499691        1.28471476652934
H           -1.27645402473760        1.15616902988330       -1.21499338768320
H           -2.71611238148676        0.12925559548421       -1.20910385264426
H           -0.72644694712020       -1.23546541142116       -1.59173079963134
H           -1.41098230551813       -1.65019640914699       -0.00052641860857
H            2.76554005626623        1.44182326754032       -0.83113707517780
H            3.01675190280392       -0.13950279424859       -0.02007797687732
H            2.24467217118000        1.18933148571886        0.86709939784405
17
 energy: -23.955263696402 gnorm: 0.000506766051 xtb: 6.7.1 (edcfbbe)
C           -2.18132169432263        0.89732302946995        0.72411000432149
C           -1.80905457305741        0.38103706116948       -0.66053049947921
C           -0.92190386380273       -0.86810002448736       -0.58265766748280
C            0.40282203920539       -0.55867383515396        0.06303419762257
O            0.81384969730846       -1.05833097229415        1.09005297280683
O            1.09392704752212        0.34034641541228       -0.62932045807327
C            2.36869963412702        0.73027472929267       -0.11575706720730
H           -2.81483380176954        1.77655722422757        0.64430963472495
H           -2.71599311151544        0.13467760641532        1.28494417930292
H           -1.28951296752558        1.16509811510262        1.28744086414893
H           -1.27933588580893        1.15668796781290       -1.21462460941672
H           -2.71628983375981        0.12675092433389       -1.20893369068329
H           -0.72459518442285       -1.23456263493814       -1.59064529937878
H           -1.40863463408749       -1.64957849196846        0.00058313782045
H            2.76831060413965        1.44162954375651       -0.83132220449356
H            3.01702009579361       -0.14214398012003       -0.02429524171752
H            2.25171072419905        1.18732508595638        0.86784986382695
17
 energy: -23.955264257969 gnorm: 0.000189426235 xtb: 6.7.1 (edcfbbe)
C           -2.18243819025377        0.89669592258954        0.72396222720030
C           -1.80902073738074        0.38135525594701       -0.66067576092415
C           -0.92179100491873       -0.86753155326684       -0.58178310533692
C            0.40314799139810       -0.55819592276497        0.06385347108926
O            0.81427639814196       -1.05869197980749        1.09039743388896
O            1.09386699786971        0.34112790654455       -0.62836836038359
C            2.36946723731816        0.73031758043136       -0.11628459876023
H           -2.81349679635009        1.77770153995553        0.64375555400676
H           -2.72074645499622        0.13458216115305        1.28260965950573
H           -1.29101488955969        1.16143279069410        1.28985897420598
H           -1.27879638974389        1.15742024372544       -1.21411206516403
H           -2.71577116377432        0.12704924578882       -1.21029233053631
H           -0.72433703622251       -1.23472361304018       -1.58951857274046
H           -1.40864283148533       -1.64883326642348        0.00169024277140
H            2.76853814762276        1.44165450253528       -0.83227888594173
H            3.01751773284931       -0.14237507775261       -0.02602829488328
H            2.25410528170818        1.18733202767834        0.86745252864496
17
 energy: -23.955264350789 gnorm: 0.000057004879 xtb: 6.7.1 (edcfbbe)
C           -2.18205546856823        0.89674523797971        0.72394333371854
C           -1.80914876865434        0.38125891825449       -0.66075032457833
C           -0.92185977546616       -0.86751716023888       -0.58204239018875
C            0.40293227804829       -0.55816807957881        0.06410110414702
O            0.81351972974931       -1.05866726116131        1.09082652585982
O            1.09386699130475        0.34087741214296       -0.62818775308729
C            2.36945123412387        0.73036234761602       -0.11612784385837
H           -2.81325237101697        1.77770425415280        0.64406142545180
H           -2.71990004356414        0.13460418076536        1.28296465300368
H           -1.29035672986600        1.16158758544896        1.28931217654844
H           -1.27927472298977        1.15729542429644       -1.21468099147462
H           -2.71614040113328        0.12674735766968       -1.20994542111354
H           -0.72406311181093       -1.23462879351634       -1.58975346365353
H           -1.40884729757723       -1.64893736630747        0.00120454587770
H            2.76821988393661        1.44183092555240       -0.83219038920396
H            3.01773013217277       -0.14214649507281       -0.02606839152369
H            2.25404273353437        1.18736927598425        0.86757132071773
