22
 energy: -39.984138729998 gnorm: 0.031569750352 xtb: 6.7.1 (edcfbbe)
C            5.17039429964351        0.35818335884982       -1.06655782022040
C            4.49870426046387        0.15136317902735        0.29655695182369
C            3.06033624151273       -0.26602682776797        0.10693900219288
O            2.76243323849185       -1.38404071777994       -0.32609918404336
N            2.13478318863041        0.69336853228997        0.41062823516093
C            0.74115869629575        0.64613248260724        0.26224148521740
C            0.04923792602203        1.86339601129318        0.29405013367299
C           -1.32894602377964        1.89036437238849        0.17488381449204
C           -2.04273050473221        0.70560535343196        0.01796029775625
C           -1.35364467998808       -0.50573106476523       -0.00546556394873
C            0.03033031713084       -0.54769396193639        0.11805390833092
Cl          -2.21072526926673       -2.01851386430630       -0.18199196068505
Cl          -3.78056444625273        0.76973932533377       -0.14298711407195
H            5.12269659641235       -0.55527680020682       -1.66573385223292
H            6.22173131907616        0.62342696951798       -0.92945401346794
H            4.68261781050167        1.16399975587538       -1.62328047213134
H            4.57208874606169        1.06064985144775        0.89947907774126
H            4.99893211859501       -0.65757693751057        0.83854802565136
H            2.50500832729433        1.59345308805139        0.68652396010197
H            0.59555105331003        2.79387549970418        0.41065621784081
H           -1.85740125360666        2.83651030407912        0.19715374480973
H            0.53946208576048       -1.49948713438880        0.11178802889922
22
 energy: -39.985249949845 gnorm: 0.011602889150 xtb: 6.7.1 (edcfbbe)
C            5.16434767184228        0.35816984185117       -1.06063446629099
C            4.48991765951722        0.14955679620139        0.29663346683612
C            3.05076334737699       -0.26917498371607        0.09998458958786
O            2.74954241255973       -1.38359912982400       -0.31047034286718
N            2.13558726039246        0.69383922701265        0.40034539977218
C            0.74610184573068        0.65158595715143        0.26605741728467
C            0.05132343190355        1.86360190997744        0.29816006628183
C           -1.32279187256362        1.88845866720812        0.17537558307879
C           -2.02909585345585        0.70429784215770        0.01979781481733
C           -1.34178115472443       -0.50071687079039       -0.00333478364256
C            0.03778324013876       -0.53838173951331        0.12080206263035
Cl          -2.20886207001880       -2.00064517216814       -0.18470701386538
Cl          -3.76174952343421        0.74471592030662       -0.14024421220661
H            5.10655840359130       -0.55363766156423       -1.65221606493706
H            6.21193782277211        0.61777078387585       -0.92230656452498
H            4.67746780201349        1.15876759964415       -1.61474843188145
H            4.56165257878923        1.05999402878348        0.89239337926018
H            4.99819718784128       -0.65797499668515        0.82824569960561
H            2.50760632066572        1.59654043811527        0.66756689589078
H            0.59069799815394        2.79128263071261        0.41497961465712
H           -1.85601091055473        2.82599877310111        0.19771289753548
H            0.55226044903953       -1.48472908660214        0.09449989586769
22
 energy: -39.985468716466 gnorm: 0.004515760028 xtb: 6.7.1 (edcfbbe)
C            5.15537106489444        0.35787182445501       -1.05909778197906
C            4.48570880580714        0.14815608420382        0.30078709323457
C            3.04608793112369       -0.27729920716488        0.10752074665088
O            2.74491811188455       -1.39100169729954       -0.29172200832707
N            2.13803678813724        0.69545300796002        0.39109724127983
C            0.75143658125207        0.65773028034971        0.26060959188308
C            0.05317416592922        1.86659845584330        0.29896789223192
C           -1.32011988450313        1.88904023017174        0.17856453985050
C           -2.02212096530385        0.70355425979746        0.02316730250331
C           -1.33350299304069       -0.49964468913204       -0.00541346688612
C            0.04474034174685       -0.53179844823777        0.11355838016965
Cl          -2.20083999602036       -1.99380736429943       -0.18759053199456
Cl          -3.75058387927039        0.73086553016830       -0.13544680055490
H            5.09102991168379       -0.55282850286106       -1.64872054679597
H            6.20189731907831        0.61259594402271       -0.92226405474766
H            4.66966046955982        1.15838155966403       -1.61019034012973
H            4.55285364777950        1.05791055043196        0.89497117239659
H            4.99886144408108       -0.65862771343827        0.82583529995770
H            2.51046091224423        1.60146672215085        0.64834196515792
H            0.58786785401452        2.79394684151123        0.41947852018811
H           -1.85767940380643        2.82155316932849        0.20083146320198
H            0.56419582030504       -1.47439606239008        0.08060722559879
22
 energy: -39.985579078600 gnorm: 0.003562899934 xtb: 6.7.1 (edcfbbe)
C            5.14725963798984        0.35709701113975       -1.05783288208310
C            4.48511505933676        0.14590725002427        0.30633914079809
C            3.04493004398505       -0.28288255336542        0.11397050935163
O            2.74414644952007       -1.40327011047772       -0.26441209391602
N            2.14100863407642        0.69949527290990        0.37870615545749
C            0.75517146944351        0.66305286704167        0.25503075476324
C            0.05391433921909        1.86980174399166        0.30015064199555
C           -1.31971050339885        1.88962912714614        0.18249975234780
C           -2.01933673497121        0.70289455092978        0.02494898174257
C           -1.32838178304964       -0.50023058840355       -0.00962313141094
C            0.04971930928364       -0.52734736871239        0.10473961948000
Cl          -2.19150190457428       -1.99261880406622       -0.19328574689966
Cl          -3.74532459845687        0.72383279333181       -0.12819579868183
H            5.07551886435358       -0.55259098919487       -1.64793889763498
H            6.19484699142722        0.60730594379124       -0.92541215743215
H            4.66086762885775        1.16005984082263       -1.60407522796679
H            4.54920276515864        1.05552583416572        0.89963866874652
H            5.00222197377895       -0.65981601848044        0.82798697299681
H            2.51351590471961        1.60947550651794        0.62262853385970
H            0.58565139610300        2.79825058808852        0.42347276924823
H           -1.86105822467260        2.81931350137836        0.20874390924892
H            0.57367732944695       -1.46716462334325        0.06581242887869
22
 energy: -39.985728087961 gnorm: 0.006296887725 xtb: 6.7.1 (edcfbbe)
C            5.13173879911379        0.35650920080132       -1.05575929047997
C            4.48707965948536        0.14151407987396        0.31764791698617
C            3.04585973947879       -0.29353163359738        0.13599505554260
O            2.74667533281767       -1.42961105793855       -0.19824034920857
N            2.14671249807723        0.70764480223451        0.35301252501815
C            0.76097032322095        0.67166585123586        0.23947699774106
C            0.05503185919813        1.87505863151712        0.29960736726988
C           -1.32003904843356        1.88987635335377        0.19121448429637
C           -2.01712256933648        0.70176140658676        0.02911838145757
C           -1.32162512775910       -0.50128546134879       -0.01965462504439
C            0.05701940832325       -0.52038730110657        0.08350386688322
Cl          -2.17580112104513       -1.99271386855715       -0.20797516429016
Cl          -3.74042618345292        0.71560564347124       -0.11119259811772
H            5.04489973834047       -0.55052015778106       -1.64885585114843
H            6.18309806167821        0.59833388972502       -0.93688866333076
H            4.64225166253915        1.16568252190217       -1.59048956193009
H            4.54954016485971        1.05077000734308        0.91045793547422
H            5.01321159563399       -0.66209844600905        0.83265740977040
H            2.51943292143682        1.62565281609250        0.56757346992215
H            0.58242943337397        2.80589273402084        0.42897705911534
H           -1.86722959829281        2.81605711674059        0.22864033708982
H            0.58774649831915       -1.45615635332469        0.03506619987289
22
 energy: -39.985830285189 gnorm: 0.008276700795 xtb: 6.7.1 (edcfbbe)
C            5.11887141510869        0.35726469784117       -1.05400278221588
C            4.49059814089129        0.13871602155993        0.32706960891782
C            3.04900850305212       -0.29919035020171        0.15645242948957
O            2.75079302898604       -1.44829443947090       -0.13819783130955
N            2.15119343284981        0.71305351521576        0.33180460661201
C            0.76447378490159        0.67560817467973        0.22595615571815
C            0.05645855026629        1.87727275064539        0.29756568484342
C           -1.31990717278231        1.88908045341768        0.19794301845099
C           -2.01672700485706        0.70101533791992        0.03239534147233
C           -1.31847223784650       -0.50150250519148       -0.02885566269239
C            0.06093989057044       -0.51697944113943        0.06493756102780
Cl          -2.16749495646407       -1.99368230233494       -0.22129814991624
Cl          -3.74029970582630        0.71303936530614       -0.09433824483708
H            5.02078187061516       -0.54694839614171       -1.65073240412005
H            6.17361224088172        0.59304275541983       -0.94791832846402
H            4.62657238342216        1.17189329063234       -1.57888578202411
H            4.55566604290244        1.04730683899259        0.92101767362539
H            5.02378248353323       -0.66417446902379        0.83627272257589
H            2.52460882509215        1.63642835654156        0.52189968494798
H            0.58201068660634        2.80961802074898        0.42930349249719
H           -1.86950258780019        2.81415473026662        0.24593283497801
H            0.59448643347355       -1.45100163044817        0.00957127331250
22
 energy: -39.985974306209 gnorm: 0.008149872179 xtb: 6.7.1 (edcfbbe)
C            5.10403172295549        0.36071832808027       -1.05182233461824
C            4.49577181118550        0.13642999978219        0.33722063256268
C            3.05425654753358       -0.30283149112641        0.18296067542371
O            2.75593966758781       -1.46344591492577       -0.06810493873915
N            2.15581243040135        0.71609648895014        0.30972842857263
C            0.76736586120628        0.67595751570074        0.21008385356843
C            0.05943743794707        1.87709423606607        0.29236635372474
C           -1.31828693016570        1.88733281388956        0.20374860435021
C           -2.01686594562834        0.70048486802765        0.03627586178699
C           -1.31722184918303       -0.50083992214369       -0.03906973373374
C            0.06333498232760       -0.51609123298113        0.04373467400925
Cl          -2.16416632874438       -1.99516656864463       -0.23635873076625
Cl          -3.74346676667483        0.71472597931480       -0.07237036577352
H            4.99507456133211       -0.53983840349077       -1.65326995375898
H            6.16233157416265        0.59157111585239       -0.96158658089595
H            4.60757398823009        1.18098106860938       -1.56529967184525
H            4.56831252394280        1.04324087153645        0.93480095667293
H            5.03679765257543       -0.66719348597325        0.83812064094767
H            2.53108277663432        1.64322973287036        0.47341091610718
H            0.58512870604983        2.81020891188434        0.42393083664401
H           -1.86738627135249        2.81312513815242        0.26361868506256
H            0.59659589525345       -1.45006927419560       -0.01822590641217
22
 energy: -39.986104839602 gnorm: 0.005324368689 xtb: 6.7.1 (edcfbbe)
C            5.09180801347711        0.36710408771807       -1.05002579815034
C            4.49937993235221        0.13532238490617        0.34353199653688
C            3.05839611633212       -0.30435788976500        0.20446792674554
O            2.75759788522325       -1.47066291932331       -0.01192660435711
N            2.15897794160042        0.71416482220835        0.29519451138416
C            0.76928599943421        0.67187502383806        0.19887778887510
C            0.06390111125937        1.87407883978235        0.28591057314302
C           -1.31427915605611        1.88565681093944        0.20617878475957
C           -2.01554448289483        0.70057593447669        0.03985792628698
C           -1.31731900624303       -0.49903560798588       -0.04563831066352
C            0.06399936032609       -0.51840115730565        0.02979429154143
Cl          -2.16833543342578       -1.99474584428787       -0.24758815016779
Cl          -3.74630866235153        0.71937243004328       -0.05488952689574
H            4.97792592382360       -0.53012169304050       -1.65526026059611
H            6.15115737502878        0.59802739852824       -0.97112234893565
H            4.59045712589975        1.18990615286374       -1.55461969466910
H            4.58057417692697        1.03961715198603        0.94577209254540
H            5.04641197721735       -0.67022385347056        0.83568387220746
H            2.53747013916761        1.64209322834544        0.43954319735929
H            0.59192398073732        2.80620450607135        0.41487433506474
H           -1.85970365094100        2.81339843890274        0.27302479130613
H            0.59367738068270       -1.45412747019566       -0.03774849043063
22
 energy: -39.986176218455 gnorm: 0.009318645791 xtb: 6.7.1 (edcfbbe)
C            5.07399327804897        0.37603808908599       -1.04823620797898
C            4.50153730514604        0.13245014001396        0.35137527892814
C            3.06084474377415       -0.31276681685966        0.23163953282750
O            2.75693903222678       -1.48975847326708        0.06855020540706
N            2.16377209809622        0.71190323875913        0.27378041257090
C            0.77405202614714        0.66913577494103        0.18436097189655
C            0.07029384596779        1.87177812873917        0.27922316159376
C           -1.30799715273521        1.88510483432955        0.21047382870255
C           -2.01048879985716        0.70115131830368        0.04492780683575
C           -1.31400626735648       -0.49651391745537       -0.05388069664806
C            0.06765346370064       -0.51916504491109        0.01297941550377
Cl          -2.17047839243319       -1.99073877232718       -0.26322425591070
Cl          -3.74356987156706        0.72085041762079       -0.03626982462707
H            4.95437414808307       -0.51676578398923       -1.65797597295396
H            6.13322409884534        0.60897775348984       -0.98162996313983
H            4.56430706055746        1.20073780767539       -1.54033342117871
H            4.58798987599978        1.03391539802809        0.95737903631038
H            5.05861882255743       -0.67364845331061        0.83132968061711
H            2.54658984718893        1.64340512016600        0.38952652433050
H            0.59984923939415        2.80211986615862        0.40852407133934
H           -1.85097642181134        2.81305422646795        0.28564392309701
H            0.59493206760310       -1.45554407642346       -0.06427060463329
22
 energy: -39.986248738159 gnorm: 0.005060648937 xtb: 6.7.1 (edcfbbe)
C            5.06164410748626        0.38678538035204       -1.04768667439885
C            4.50143768434817        0.12897728638362        0.35397120043525
C            3.06091110485357       -0.31952786800916        0.24687884518205
O            2.75325926237276       -1.49445882500186        0.10944736499995
N            2.16648983659760        0.70403097450708        0.26652945901335
C            0.77779258836676        0.66339304330305        0.17843274354508
C            0.07718679795541        1.86808929625468        0.27310605473071
C           -1.30030863722659        1.88614810538406        0.20848664396350
C           -2.00442470382058        0.70284325460617        0.04648263730671
C           -1.31208611402928       -0.49421190175759       -0.05637482595533
C            0.06945270754189       -0.52269825686188        0.00844008592587
Cl          -2.17764080101573       -1.98607617940524       -0.26653871333752
Cl          -3.73877459179320        0.72518572432560       -0.03042690258947
H            4.94541432892942       -0.50256834608237       -1.66163016036942
H            6.11803821756048        0.62863902901007       -0.98552997398429
H            4.54204629778208        1.20950890247242       -1.53112815862964
H            4.58922807967931        1.02621540211594        0.96530891710966
H            5.06552211279828       -0.67871581988878        0.82225859639035
H            2.55333788642035        1.63452689417894        0.37003393143326
H            0.61039582819688        2.79556604830627        0.40030350365080
H           -1.83954660236633        2.81496374286799        0.28436871632906
H            0.59207865693901       -1.46089511182551       -0.07084038786139
22
 energy: -39.986297533793 gnorm: 0.005648278155 xtb: 6.7.1 (edcfbbe)
C            5.04534314624526        0.39631266238546       -1.04679879066235
C            4.50267168364878        0.12333198101768        0.35998519000678
C            3.06188124596205       -0.32895850877979        0.26533022829276
O            2.75176151645189       -1.50872042859870        0.16964308777840
N            2.17125458490861        0.69994374957355        0.25102897399263
C            0.78297041053090        0.66135647868115        0.16880249373651
C            0.08365046597362        1.86682284467609        0.26815388617543
C           -1.29388915031759        1.88744370318095        0.20899838308509
C           -1.99935105420949        0.70448109290066        0.04739906918295
C           -1.30889571883096       -0.49320313981395       -0.06208445843683
C            0.07290482188833       -0.52363286097068       -0.00233369435672
Cl          -2.17739751206204       -1.98306484297230       -0.27336349682624
Cl          -3.73353052640335        0.72811801245627       -0.02100510597804
H            4.92870011339764       -0.48868349199829       -1.66709900443849
H            6.10073812583649        0.64492671612706       -0.99358076244384
H            4.51445511905268        1.21946570862750       -1.51768462610563
H            4.59058310210919        1.01622648013746        0.97709303158213
H            5.07581104443947       -0.68500633950612        0.81565190756135
H            2.56095626777476        1.63160532169729        0.33545403301386
H            0.61914005650601        2.79297455298832        0.39512615532544
H           -1.83235246834184        2.81610531760322        0.28993050794062
H            0.59404877301610       -1.46212423417724       -0.08475410553610
22
 energy: -39.986342027344 gnorm: 0.003221590934 xtb: 6.7.1 (edcfbbe)
C            5.03245330961119        0.40640626465835       -1.04655224338544
C            4.50314828633541        0.11591910081404        0.36248550274578
C            3.06165931985091       -0.33806190390740        0.27494649003039
O            2.74886590370480       -1.51804668205597        0.20888535905428
N            2.17540477281648        0.69422107166973        0.24282065807919
C            0.78733215439380        0.65934004685652        0.16491817017290
C            0.08976395737169        1.86598209972444        0.26444597657731
C           -1.28782395283729        1.88948423325694        0.20602240397918
C           -1.99545209248455        0.70697020557222        0.04485979783265
C           -1.30714495605274       -0.49349778345569       -0.06375344661258
C            0.07477452940383       -0.52509019822871       -0.00522390620775
Cl          -2.17625554618556       -1.98106442254937       -0.27309453953804
Cl          -3.72772766382336        0.73332526584258       -0.02114302524786
H            4.92064544166715       -0.47451342738377       -1.67425803409748
H            6.08589930018345        0.66603778668620       -0.99867227760237
H            4.48905001210767        1.22824953955148       -1.50598149075243
H            4.59007649340954        1.00297390570074        0.98775878082038
H            5.08294299607728       -0.69378609302869        0.80576961747218
H            2.56681632077560        1.62541357184825        0.31676189461330
H            0.62805223335797        2.79122645879171        0.39119807237768
H           -1.82630259776242        2.81826198617608        0.28804721724207
H            0.59527582565566       -1.46403025130411       -0.08634807466366
22
 energy: -39.986367060984 gnorm: 0.002093452152 xtb: 6.7.1 (edcfbbe)
C            5.02521272365982        0.41465689836655       -1.04711556645685
C            4.50382246159206        0.11004544494346        0.36148964304876
C            3.06151743234509       -0.34437135475634        0.28092203315528
O            2.74630608238032       -1.52266709667911        0.22885873505234
N            2.17759412843669        0.68918539984802        0.24237720089523
C            0.78923583643216        0.65720781408606        0.16511519178806
C            0.09384022302238        1.86501758070521        0.26206667073588
C           -1.28377257326593        1.89041370905824        0.20220696411496
C           -1.99380109368208        0.70911916071392        0.04133931206487
C           -1.30735296614022       -0.49377307206781       -0.06308185101668
C            0.07444954222324       -0.52659260232829       -0.00295803040150
Cl          -2.17702653977639       -1.97949868855516       -0.27076843997772
Cl          -3.72476740061504        0.73866389442850       -0.02623053316530
H            4.91997660214852       -0.46324725334316       -1.68040749867486
H            6.07653179437198        0.68408688104133       -1.00127192850978
H            4.47306298617327        1.23439884352587       -1.49948819680707
H            4.59261954993848        0.99163109615680        0.99474565381159
H            5.08733359120082       -0.70203189379541        0.79513370946159
H            2.57001714773765        1.62023076114335        0.31093256220272
H            0.63397509844148        2.78967085013552        0.38877290990156
H           -1.82163672979469        2.81995702895999        0.28225167221587
H            0.59431615074689       -1.46638262635194       -0.08099731054932
22
 energy: -39.986386684300 gnorm: 0.001628057288 xtb: 6.7.1 (edcfbbe)
C            5.01412716348006        0.42598645112788       -1.04792139116800
C            4.50571565733417        0.10262954934301        0.36070464527346
C            3.06246109238610       -0.35157213203335        0.29290159170008
O            2.74346373661445       -1.53023276096887        0.26575092687470
N            2.18069643935328        0.68324188732809        0.24013843544674
C            0.79171325103782        0.65385442302421        0.16402912401018
C            0.09934396123129        1.86323936188504        0.25856303019538
C           -1.27827645380543        1.89085544636098        0.19812125222603
C           -1.99139639920242        0.71155973768903        0.03793672911868
C           -1.30734457064980       -0.49335446019346       -0.06367382812059
C            0.07431996083945       -0.52867234724238       -0.00218187220053
Cl          -2.17951827210413       -1.97689823789844       -0.27095942704748
Cl          -3.72194649890509        0.74534278338397       -0.03087294218036
H            4.91602294377554       -0.44725892224872       -1.68886416734258
H            6.06271389538019        0.70721308290656       -1.00609718178877
H            4.45058164375622        1.24349658887585       -1.49007120693855
H            4.59989721477207        0.97654294067105        1.00486382338354
H            5.09424513190721       -0.71366902009338        0.78019772386405
H            2.57502950025740        1.61448187030765        0.29778609923173
H            0.64135874616497        2.78699745078863        0.38459046272653
H           -1.81427936509554        2.82183040267418        0.27622740522779
H            0.59252526904862       -1.46989332045187       -0.07727632960241
22
 energy: -39.986401331324 gnorm: 0.004186841304 xtb: 6.7.1 (edcfbbe)
C            5.00619237134758        0.43833273537809       -1.04988276268943
C            4.50856848666485        0.09287353191638        0.35567394739527
C            3.06399512889887       -0.35654477221343        0.29946106536275
O            2.74164576805952       -1.53249653792161        0.28120333868523
N            2.18251503358428        0.67720646543912        0.24835960524314
C            0.79260559639200        0.65014765484715        0.17004379967042
C            0.10361997708387        1.86163098931777        0.25670133764366
C           -1.27388018695067        1.89116948265644        0.18990201750702
C           -1.99018044439604        0.71436020855010        0.03133538829556
C           -1.30850392608724       -0.49308137692147       -0.06046100159473
C            0.07267985875836       -0.53122805830037        0.00800394892629
Cl          -2.18374677396209       -1.97453826933155       -0.26452331659099
Cl          -3.72041368547562        0.75315951490554       -0.04829549718405
H            4.91873649881820       -0.42864263882244       -1.70105493239238
H            6.05086099667172        0.73357929920894       -1.00807603887834
H            4.43098170338045        1.25262600080667       -1.48189997152319
H            4.61187974559891        0.95571309415276        1.01433448608542
H            5.09828938456198       -0.73145756983573        0.75815140982984
H            2.57776607781887        1.60769334295903        0.30217672535569
H            0.64611048990452        2.78504540450667        0.38071108101226
H           -1.80726722581361        2.82461016837871        0.26052165739393
H            0.58899917271772       -1.47443789444107       -0.05849338466377
22
 energy: -39.986412013359 gnorm: 0.002484863828 xtb: 6.7.1 (edcfbbe)
C            4.99795120165862        0.44530635532389       -1.05008298217318
C            4.50985768712762        0.08763746596370        0.35640642766174
C            3.06479090735292       -0.36114183114570        0.30865753778324
O            2.74080206496689       -1.53770240157079        0.30314574614596
N            2.18455272273631        0.67466647865491        0.24704967608728
C            0.79474276020544        0.64864206697901        0.16940062992557
C            0.10685966456924        1.86096468278160        0.25434553881299
C           -1.27061733445413        1.89180362938312        0.18700452401283
C           -1.98770721729749        0.71545993598219        0.02945012685260
C           -1.30723362279576       -0.49248623826287       -0.06087547723279
C            0.07385254234484       -0.53214947060207        0.00850017274108
Cl          -2.18450831421721       -1.97320963078240       -0.26445405823390
Cl          -3.71821585591463        0.75562975063852       -0.05189720341810
H            4.91136602515645       -0.41750137416080       -1.70689036973956
H            6.04150115976396        0.74518332850270       -1.01193358533326
H            4.41610065954683        1.25983504306757       -1.47370736423302
H            4.61734341949140        0.94521250961151        1.02114827767556
H            5.10261797505288       -0.74004692293868        0.74834257859558
H            2.58137253183568        1.60556961878637        0.29278715677885
H            0.64970481431603        2.78406652176932        0.37746534846972
H           -1.80279448038658        2.82593030645257        0.25680592543759
H            0.58911473651712       -1.47594904919796       -0.05677572372718
22
 energy: -39.986423172584 gnorm: 0.000916241358 xtb: 6.7.1 (edcfbbe)
C            4.99440433261614        0.44871794593477       -1.05014435054284
C            4.50986983685719        0.08482462875890        0.35599609524454
C            3.06474217162400       -0.36256871791229        0.30953656039981
O            2.74019033397466       -1.53999186519575        0.30502414817077
N            2.18526827891520        0.67393985989577        0.24960797357066
C            0.79595492934140        0.64817001600529        0.17210999499414
C            0.10802458193153        1.86094062171015        0.25408575391520
C           -1.26931364389560        1.89270168501401        0.18428940196957
C           -1.98586846930753        0.71579826397251        0.02761728678988
C           -1.30589285768676       -0.49220738166621       -0.05949426439184
C            0.07505931097537       -0.53267878202688        0.01209516191565
Cl          -2.18401008404624       -1.97337523500575       -0.26198015159922
Cl          -3.71667926469595        0.75608291697137       -0.05819146187095
H            4.90547484929774       -0.41077669572380       -1.71052471158144
H            6.03771006357169        0.74836099033436       -1.01297031741322
H            4.41121690707121        1.26489827071813       -1.46829679041160
H            4.62009940511077        0.93905904240096        1.02339300015471
H            5.10241627427776       -0.74518543243091        0.74188065999059
H            2.58309596356775        1.60434493250693        0.29399049741023
H            0.65074429576783        2.78417668985252        0.37593995387931
H           -1.80084045480286        2.82713089493100        0.25173119732201
H            0.58978728711111       -1.47664187380936       -0.05180273502636
22
 energy: -39.986444486621 gnorm: 0.002585480481 xtb: 6.7.1 (edcfbbe)
C            4.98419894525501        0.45942929178956       -1.05077012312207
C            4.51049517194378        0.07518352263259        0.35476690351076
C            3.06458345683400       -0.36826426330331        0.31072867366151
O            2.73970750165486       -1.54558782328820        0.29305533311707
N            2.18688973748761        0.67164535825050        0.26357046246805
C            0.79912590033381        0.64762823198076        0.18223602090684
C            0.11089735375622        1.86159513684279        0.25253618124005
C           -1.26606747276849        1.89567859821797        0.17326126269464
C           -1.98128307335015        0.71712464625086        0.02001409356447
C           -1.30243568772594       -0.49167331233318       -0.05326947476826
C            0.07798989907798       -0.53375818378172        0.02683191533929
Cl          -2.18126769331058       -1.97476585473107       -0.24945310488828
Cl          -3.71248984078851        0.75772992275893       -0.08196327622222
H            4.88590386585363       -0.38906462440528       -1.72352274475009
H            6.02821437254023        0.75538037567868       -1.01755728673296
H            4.39887861603143        1.28318788876528       -1.45057935611820
H            4.62881528443547        0.91826911008650        1.03285501962422
H            5.10346966736695       -0.76303266867196        0.72042801460180
H            2.58730497508139        1.60076688056879        0.30819596419331
H            0.65318219894440        2.78550282505675        0.37108607390110
H           -1.79639994332056        2.83099002318992        0.23067704662924
H            0.59174081224384       -1.47824430631940       -0.02923469596072
22
 energy: -39.986459105336 gnorm: 0.002389960203 xtb: 6.7.1 (edcfbbe)
C            4.97902899537328        0.46721114291347       -1.05160430265511
C            4.51130891544447        0.06972168673280        0.35245735436924
C            3.06477091787797       -0.37202271189421        0.30957861463346
O            2.73884733296262       -1.54923013510899        0.28553361668673
N            2.18788305615953        0.66824073299909        0.27349448715507
C            0.80021765153600        0.64607246113262        0.18862162507878
C            0.11325531126875        1.86116173741717        0.25116405716483
C           -1.26336521187346        1.89680139583487        0.16580103220113
C           -1.97970455326149        0.71862511064211        0.01458416885222
C           -1.30223372730884       -0.49162796643600       -0.04933426925293
C            0.07779016750366       -0.53515864209271        0.03659627835750
Cl          -2.18171494344937       -1.97492938577207       -0.24114747733127
Cl          -3.71052908331197        0.76143538656961       -0.09617873979046
H            4.87760536584858       -0.37527891456148       -1.73172695657059
H            6.02344244699678        0.76262519130451       -1.02048404911390
H            4.39250542702394        1.29508635819046       -1.44113961648108
H            4.63346020853234        0.90599278766386        1.03908004629119
H            5.10505521686904       -0.77277407860709        0.70718710360141
H            2.58958034478380        1.59636859435120        0.32024096329214
H            0.65651648499516        2.78492553398867        0.36787651321946
H           -1.79280477802243        2.83316434332892        0.21605104438781
H            0.59053850162801       -1.48068985336103       -0.01275859120610
22
 energy: -39.986475134427 gnorm: 0.001216337616 xtb: 6.7.1 (edcfbbe)
C            4.97829798360396        0.47142514920308       -1.05205337606041
C            4.51176343914006        0.06803783049746        0.34972210214758
C            3.06508300805223       -0.37455282278312        0.30426198678082
O            2.73999181424473       -1.55118455978310        0.26275334681178
N            2.18764878620842        0.66547993629230        0.28509438196594
C            0.79974476955039        0.64485405218179        0.19434177605481
C            0.11424471078044        1.86072431676220        0.25004388031400
C           -1.26192245779916        1.89707086593408        0.15950630159616
C           -1.97991186657874        0.71972600992169        0.01011582758930
C           -1.30355391301195       -0.49192659726674       -0.04539393728283
C            0.07601930825282       -0.53621540738508        0.04577094673312
Cl          -2.18299946770258       -1.97519649233109       -0.23288167161331
Cl          -3.70977308031651        0.76453743470133       -0.10682600673754
H            4.87074915334901       -0.36707938094247       -1.73603047176983
H            6.02464513767893        0.76110259335524       -1.02224754578998
H            4.39620667413004        1.30444611432915       -1.43569311914032
H            4.63376101554624        0.90095129758459        1.04085967660847
H            5.10607459493819       -0.77497311455398        0.70068914650637
H            2.58954445782126        1.59301927577216        0.33952716712042
H            0.65887429568159        2.78404893477489        0.36586604616206
H           -1.79116678176998        2.83413394508073        0.20329350913163
H            0.58813246577698       -1.48270860610928        0.00317293576132
22
 energy: -39.986486153138 gnorm: 0.001071186275 xtb: 6.7.1 (edcfbbe)
C            4.97309207214039        0.47948996205368       -1.05199516130380
C            4.51310490677882        0.06456456546281        0.34877872223297
C            3.06642779988179       -0.37962191123195        0.30314681346005
O            2.74168261259331       -1.55567383328482        0.25189602398815
N            2.18850048563129        0.66006031644047        0.29401373765070
C            0.80020755374606        0.64156805819955        0.19777497043996
C            0.11782614469678        1.85918684561291        0.24595678188117
C           -1.25783542204286        1.89727957351183        0.15176284859725
C           -1.97899281737589        0.72157499273954        0.00598494854563
C           -1.30497151887369       -0.49202958040264       -0.04215934061690
C            0.07421020333690       -0.53852215481667        0.05330476352253
Cl          -2.18701059641032       -1.97362773539843       -0.22457090518606
Cl          -3.70762144603061        0.77001088826650       -0.11409195325297
H            4.85928696572320       -0.35260365893973       -1.74358676299751
H            6.02124972451606        0.76440157058989       -1.02615118971734
H            4.39227817981156        1.31915748468835       -1.42484626945453
H            4.63416335897830        0.89263575047213        1.04724631836137
H            5.11130422153557       -0.77992810878332        0.69202829155924
H            2.59084450285759        1.58741207424982        0.35347732107154
H            0.66492068527887        2.78137377891233        0.35907450004334
H           -1.78584703436954        2.83551396884251        0.18959631764370
H            0.58463346517278       -1.48650207194893        0.01725212642104
22
 energy: -39.986490582285 gnorm: 0.000311436469 xtb: 6.7.1 (edcfbbe)
C            4.97334524795918        0.48136755729801       -1.05081705244044
C            4.51256636524021        0.06397239796179        0.34851518088476
C            3.06641140556011       -0.38088763215262        0.30203275837552
O            2.74184566318122       -1.55714870528132        0.25072161305214
N            2.18837701928553        0.65866465081741        0.29233198064880
C            0.80038409426450        0.64019581483725        0.19741162806644
C            0.11873942566051        1.85847057639966        0.24456358559111
C           -1.25692134339847        1.89756594754411        0.15080475487669
C           -1.97848224418327        0.72184591214851        0.00686421020078
C           -1.30526429436367       -0.49212616050205       -0.04080336532492
C            0.07399340306631       -0.53958174943933        0.05391830069104
Cl          -2.18902210167174       -1.97295444059467       -0.22197052705587
Cl          -3.70710274791296        0.77111207406232       -0.11257068225432
H            4.85817471056489       -0.34852445674138       -1.74395726665679
H            6.02122599104615        0.76590544553105       -1.02439540441149
H            4.39295089093833        1.32154118676945       -1.42169491383293
H            4.63347306338177        0.89132292796166        1.04694512325283
H            5.11048218698427       -0.78040333768265        0.69129431734967
H            2.59033127466494        1.58624607281899        0.35364781578956
H            0.66609886062165        2.78054630522648        0.35568593490827
H           -1.78394415841148        2.83623515693428        0.18809349847328
H            0.58379133509836       -1.48764476868111        0.01727141270540
22
 energy: -39.986494049848 gnorm: 0.000443255944 xtb: 6.7.1 (edcfbbe)
C            4.97339866230274        0.48414025303219       -1.04942716876916
C            4.51233680590539        0.06290984245138        0.34872351097280
C            3.06660074873911       -0.38248174361565        0.30071102647744
O            2.74224341556841       -1.55881063173810        0.24859484176026
N            2.18832802730401        0.65684605225108        0.28969432126336
C            0.80054455060349        0.63851372691731        0.19572700478809
C            0.11988502348013        1.85752202644754        0.24177781219888
C           -1.25584375668663        1.89786648713925        0.14947304819053
C           -1.97821907313433        0.72227508644304        0.00805716433620
C           -1.30606184993593       -0.49221872661755       -0.03902461279428
C            0.07335348330028       -0.54090968353214        0.05418620231232
Cl          -2.19177285912622       -1.97231256834296       -0.21759624507916
Cl          -3.70695052057276        0.77285908493343       -0.10943786567566
H            4.85725889324250       -0.34293588853496       -1.74557604306688
H            6.02138682726223        0.76751757002899       -1.02174280831473
H            4.39397401515980        1.32626848549456       -1.41725079447272
H            4.63225324637594        0.88879402419501        1.04878437964026
H            5.11035314786091       -0.78187184449721        0.69001681037268
H            2.58977320838797        1.58456085434054        0.35362771345813
H            0.66790894247312        2.77937251913585        0.35082965201941
H           -1.78159271095608        2.83718321382451        0.18583283646475
H            0.58229582002227       -1.48936736452026        0.01791211680701
22
 energy: -39.986497794865 gnorm: 0.000486462129 xtb: 6.7.1 (edcfbbe)
C            4.97391669290051        0.48790154511396       -1.04738827146411
C            4.51214459359244        0.06122840099810        0.34900373118333
C            3.06660281313206       -0.38446729588346        0.29862564259882
O            2.74204582814618       -1.56071001292451        0.24584229268428
N            2.18833135312618        0.65484855055045        0.28628926724160
C            0.80055950048765        0.63692239308462        0.19339242906030
C            0.12096711371635        1.85659921376857        0.23803588192041
C           -1.25483268594442        1.89812846802915        0.14761575442700
C           -1.97830689883742        0.72280301401732        0.00935863204063
C           -1.30723928171751       -0.49226971652851       -0.03684476361132
C            0.07232660661740       -0.54214754939188        0.05446812171083
Cl          -2.19467051751669       -1.97188060268537       -0.21169562482180
Cl          -3.70727523603119        0.77473668291424       -0.10480735724033
H            4.85627280431784       -0.33599819564069       -1.74713808131543
H            6.02249236660528        0.76920094943922       -1.01850030087384
H            4.39592172083452        1.33278517255086       -1.41139453075735
H            4.63115469253221        0.88482223024267        1.05207266121706
H            5.11053471677165       -0.78439242968602        0.68767716256086
H            2.58953171695980        1.58249870376508        0.35246300463946
H            0.67000095148552        2.77815764241879        0.34468516932270
H           -1.77944767378050        2.83807747953403        0.18325343165208
H            0.58042287017850       -1.49112386845077        0.01887865071435
22
 energy: -39.986502246925 gnorm: 0.000406898703 xtb: 6.7.1 (edcfbbe)
C            4.97470456319261        0.49270933188308       -1.04471273217567
C            4.51189384411018        0.05860629502913        0.34916140504493
C            3.06634532267775       -0.38688131623425        0.29616218887499
O            2.74128451341491       -1.56289015967840        0.24239288291902
N            2.18845419393220        0.65275588341231        0.28235497347198
C            0.80055592135719        0.63557421843324        0.19028236147082
C            0.12202204891350        1.85587147363837        0.23323775265399
C           -1.25388626433314        1.89836990138699        0.14535130440650
C           -1.97864644327729        0.72335905913468        0.01122424395124
C           -1.30861558909700       -0.49231551053514       -0.03391945959233
C            0.07109505185148       -0.54318643656704        0.05486195394086
Cl          -2.19756240353309       -1.97164455038524       -0.20387610379970
Cl          -3.70788171051272        0.77649216787207       -0.09904938854648
H            4.85531564614082       -0.32675779054240       -1.74955447752800
H            6.02408021433164        0.77108692463778       -1.01400681974611
H            4.39907868491991        1.34140018620250       -1.40375481146625
H            4.63010443143968        0.87838699109616        1.05707818439961
H            5.11029645109359       -0.78867698918580        0.68386091873298
H            2.58987413865971        1.58018006377991        0.34960708668831
H            0.67222984226006        2.77712147135711        0.33692226667780
H           -1.77762046375702        2.83888051382344        0.17977657742971
H            0.57833205379140       -1.49272095332266        0.02049259508131
22
 energy: -39.986507689342 gnorm: 0.000377408896 xtb: 6.7.1 (edcfbbe)
C            4.97607299696028        0.49919057713297       -1.04091302735004
C            4.51143858084102        0.05446008395934        0.34901007882005
C            3.06558979245813       -0.38998048678062        0.29209034049828
O            2.73958196061602       -1.56565691931614        0.23784416589922
N            2.18857127339395        0.65039521323861        0.27735494433787
C            0.80047050737404        0.63434412197216        0.18675749506483
C            0.12310960118889        1.85533485207058        0.22721222502799
C           -1.25292711141971        1.89870214059003        0.14218725410600
C           -1.97913586802702        0.72399523214510        0.01342015626085
C           -1.31020910588645       -0.49239634343885       -0.02978561805308
C            0.06963530306077       -0.54415199886208        0.05603017319815
Cl          -2.20065149809944       -1.97158767313376       -0.19307450126962
Cl          -3.70867359476122        0.77820717065005       -0.09177506621985
H            4.85454815464515       -0.31404973445101       -1.75280241710768
H            6.02650594739753        0.77367209974401       -1.00728240007820
H            4.40363293184543        1.35302682912195       -1.39311761338775
H            4.62913808949480        0.86863466570484        1.06377847851096
H            5.10927880227280       -0.79565421768127        0.67790076159613
H            2.59082995436110        1.57744134138825        0.34403218955028
H            0.67458048591035        2.77633730484435        0.32681081006824
H           -1.77594182690853        2.83971515194396        0.17506282712109
H            0.57600867085848       -1.49425863560663        0.02315164629583
22
 energy: -39.986513570751 gnorm: 0.000471015761 xtb: 6.7.1 (edcfbbe)
C            4.97830781841374        0.50781892054636       -1.03584382965511
C            4.51060076626244        0.04847704757898        0.34829603080453
C            3.06418151783825       -0.39401988184545        0.28750419144072
O            2.73683553781651       -1.56923913924418        0.23183091462172
N            2.18861637968217        0.64754493742364        0.27131999711904
C            0.80033315052524        0.63310783637347        0.18190763423941
C            0.12432723148106        1.85490804194186        0.21918332875099
C           -1.25191943368319        1.89914637390165        0.13808221167014
C           -1.97982009065398        0.72471331306561        0.01659616634253
C           -1.31216760238271       -0.49251323664129       -0.02400446659498
C            0.06785513208445       -0.54514186826781        0.05772376026556
Cl          -2.20432466714719       -1.97160089530123       -0.17839788238938
Cl          -3.70963187177580        0.78009422513516       -0.08294741846473
H            4.85457271432894       -0.29665686722988       -1.75741107305380
H            6.02987755961850        0.77770569441332       -0.99799570172310
H            4.40992827045491        1.36811200939570       -1.37887385433290
H            4.62830278460218        0.85454793977426        1.07246114357619
H            5.10708193604517       -0.80585549829316        0.66890929059654
H            2.59237894660599        1.57405831441557        0.33588983243950
H            0.67707726687520        2.77570560603953        0.31374491295195
H           -1.77417058948805        2.84071430137924        0.16855995413752
H            0.57321129007255       -1.49590639932551        0.02735776014717
22
 energy: -39.986517439771 gnorm: 0.000418346721 xtb: 6.7.1 (edcfbbe)
C            4.98004965624563        0.51508579424814       -1.03152865648347
C            4.50995760816296        0.04313389973628        0.34740488042242
C            3.06301147217092       -0.39732228370270        0.28224275361360
O            2.73453506177171       -1.57222750953915        0.22657111039692
N            2.18866048800649        0.64521849763405        0.26632573912297
C            0.80017930383563        0.63208173633759        0.17895042774553
C            0.12526434925448        1.85456120329990        0.21318529032894
C           -1.25110726355199        1.89955776400363        0.13452875865681
C           -1.98028172779594        0.72536456211430        0.01880038676126
C           -1.31369844427980       -0.49256946276544       -0.01891329354644
C            0.06640799657653       -0.54593520600279        0.06012819455535
Cl          -2.20725093657875       -1.97153289226199       -0.16570996655268
Cl          -3.71024221550850        0.78171385816406       -0.07669947358739
H            4.85557077944703       -0.28171111282191       -1.76138527391698
H            6.03219113649519        0.78195186097857       -0.98933467193677
H            4.41462474071678        1.38027425422101       -1.36682950394902
H            4.62772982083534        0.84203820604666        1.07951941581448
H            5.10487482897709       -0.81497354180975        0.66084996228333
H            2.59384497405632        1.57129204765369        0.32834844171430
H            0.67888041827963        2.77531049194574        0.30304264900158
H           -1.77269918810598        2.84158338268101        0.16266444416391
H            0.57095118856559       -1.49717477492508        0.03173128828088
22
 energy: -39.986519665109 gnorm: 0.000226294966 xtb: 6.7.1 (edcfbbe)
C            4.98105191153123        0.51985346443037       -1.02898017662782
C            4.50946156214640        0.03956387415640        0.34635148668881
C            3.06214353391448       -0.39955381860988        0.27999181606122
O            2.73291434117921       -1.57424628510549        0.22334698386667
N            2.18863730228634        0.64365252570791        0.26401342610617
C            0.80013775006567        0.63140034839057        0.17726696123935
C            0.12594252974052        1.85432914915522        0.20941969845356
C           -1.25050048317332        1.89988151427168        0.13199837567414
C           -1.98044009124923        0.72583819909142        0.01984324361329
C           -1.31457479611304       -0.49257213069073       -0.01553433795724
C            0.06557836108789       -0.54646059454241        0.06205668901868
Cl          -2.20905330198642       -1.97135782031574       -0.15770157750809
Cl          -3.71041682622581        0.78290137556763       -0.07412310435068
H            4.85682058144759       -0.27219941382106       -1.76376950190975
H            6.03329093936959        0.78584547632159       -0.98420838820233
H            4.41648761713114        1.38734783905995       -1.35936028967167
H            4.62773496909908        0.83373327284809        1.08333123934734
H            5.10350726398782       -0.82089321917836        0.65477965178570
H            2.59476765146672        1.56943543732938        0.32442029251498
H            0.67996341266874        2.77501626128212        0.29683062292181
H           -1.77158239955298        2.84222156868119        0.15859086421892
H            0.56958221875475       -1.49801624879400        0.03532892760645
22
 energy: -39.986520921969 gnorm: 0.000119879984 xtb: 6.7.1 (edcfbbe)
C            4.98106569697378        0.52218949710198       -1.02802316910480
C            4.50930822597889        0.03778137951174        0.34568451322370
C            3.06185084150764       -0.40073701002778        0.27879304884089
O            2.73226911316115       -1.57534969552450        0.22184447054466
N            2.18869516107291        0.64275231830776        0.26353185187177
C            0.80021021362072        0.63093005800202        0.17718274697686
C            0.12643344440946        1.85413809573522        0.20806697904906
C           -1.25002050897724        1.90008665646809        0.13069277401476
C           -1.98033335627426        0.72614562083393        0.02000457961753
C           -1.31490123854803       -0.49252893680036       -0.01391433870451
C            0.06524066229249       -0.54680021616725        0.06359303305326
Cl          -2.20996413038031       -1.97111782103425       -0.15391981915226
Cl          -3.71023972859020        0.78369835907201       -0.07448922818127
H            4.85781938722911       -0.26760547754060       -1.76524354763072
H            6.03299051125503        0.78894975495571       -0.98194452156962
H            4.41610716145531        1.39012115689057       -1.35619298375033
H            4.62794779371132        0.82953906358691        1.08504507663882
H            5.10290863685369       -0.82381432613083        0.65148680003451
H            2.59523337314566        1.56841204235069        0.32346073282047
H            0.68064306330187        2.77479812858249        0.29424119295097
H           -1.77070737614376        2.84266562287364        0.15597287836765
H            0.56889710052116       -1.49853349581135        0.03801983297814
22
 energy: -39.986521993049 gnorm: 0.000151290034 xtb: 6.7.1 (edcfbbe)
C            4.98045600085195        0.52357065050827       -1.02790414550302
C            4.50935524750858        0.03673946594336        0.34509380891754
C            3.06182895149617       -0.40152517709330        0.27854714127046
O            2.73207375045829       -1.57608442833274        0.22121318812317
N            2.18880233624444        0.64208343537609        0.26428171416679
C            0.80036052904519        0.63052737954796        0.17791462575948
C            0.12690646450806        1.85396259623449        0.20770716621204
C           -1.24950015439257        1.90028161489212        0.12956019486515
C           -1.98004762923353        0.72644436487771        0.01932343067865
C           -1.31498073944860       -0.49246873619849       -0.01303630012621
C            0.06511811454697       -0.54709005548544        0.06514012702671
Cl          -2.21046123903141       -1.97085552324019       -0.15219153038281
Cl          -3.70987890061960        0.78442317820612       -0.07637448935080
H            4.85853478681678       -0.26539988024412       -1.76611633221316
H            6.03191395362752        0.79196900324033       -0.98126998590959
H            4.41414995699657        1.39099249810101       -1.35504577921052
H            4.62844801463114        0.82722600730550        1.08562909193279
H            5.10298852400281       -0.82540194316322        0.64916360265021
H            2.59550012966196        1.56768460482534        0.32437329925319
H            0.68123682913709        2.77456286100050        0.29345609180807
H           -1.76986049943953        2.84303667873378        0.15400382087525
H            0.56850962020810       -1.49895781979922        0.04042416204614
22
 energy: -39.986523204610 gnorm: 0.000174700206 xtb: 6.7.1 (edcfbbe)
C            4.97932258577901        0.52484076117395       -1.02817363158766
C            4.50950646572507        0.03587852008615        0.34451312860148
C            3.06196071383434       -0.40239228191227        0.27872512288051
O            2.73208382925390       -1.57689894252297        0.22076735903335
N            2.18898429643221        0.64128379383192        0.26595213037947
C            0.80060669102022        0.63003037650632        0.17914136756167
C            0.12754640853892        1.85372380238952        0.20768652859997
C           -1.24879231486872        1.90049346896007        0.12843067544126
C           -1.97962093241941        0.72681130373303        0.01833562899669
C           -1.31497278188745       -0.49235216226094       -0.01250773662964
C            0.06505345000840       -0.54742493337608        0.06687218144271
Cl          -2.21093658324937       -1.97050844870217       -0.15100309649950
Cl          -3.70933282709014        0.78536767233996       -0.07950417971021
H            4.85918113941980       -0.26377873943577       -1.76704090756026
H            6.03010398894481        0.79581897642848       -0.98145131807265
H            4.41083155967219        1.39110564778995       -1.35460192045894
H            4.62918893553605        0.82530522545445        1.08607637565502
H            5.10352527323671       -0.82661329812159        0.64676988909837
H            2.59576625224790        1.56681931457879        0.32671219813417
H            0.68209068130754        2.77421091355873        0.29322630059224
H           -1.76875796719900        2.84349407774976        0.15156693769114
H            0.56811518333340       -1.49949427301340        0.04339986930031
22
 energy: -39.986524394180 gnorm: 0.000139133387 xtb: 6.7.1 (edcfbbe)
C            4.97763692956775        0.52621890105145       -1.02865959047436
C            4.50978908079955        0.03505113909109        0.34395330645073
C            3.06225728288283       -0.40338753323227        0.27922998920756
O            2.73232618888770       -1.57781431906037        0.22035998711738
N            2.18926739876920        0.64031077893909        0.26830860904910
C            0.80093901826719        0.62942422941715        0.18071186280103
C            0.12835801534773        1.85342019055236        0.20770324294319
C           -1.24786016772011        1.90074365948360        0.12685910245205
C           -1.97906449551354        0.72728463232388        0.01684978498917
C           -1.31494016070701       -0.49221660276241       -0.01192143646440
C            0.06498853482020       -0.54783582638961        0.06893401983935
Cl          -2.21141254408685       -1.97009695747964       -0.15017117981530
Cl          -3.70865992946968        0.78654123416584       -0.08314095637842
H            4.85941152823423       -0.26229569348380       -1.76798380697177
H            6.02767630587930        0.80012560971782       -0.98216678094135
H            4.40656322322530        1.39110537210026       -1.35438224985163
H            4.63006820465402        0.82346644999649        1.08652395167526
H            5.10450273645619       -0.82764957773292        0.64425803622893
H            2.59612263722868        1.56575331710341        0.32996114450226
H            0.68323511644798        2.77372220777295        0.29316691060907
H           -1.76742624838398        2.84398356648594        0.14882250276366
H            0.56767539198970       -1.50013400282443        0.04667645315799
22
 energy: -39.986525266424 gnorm: 0.000086416579 xtb: 6.7.1 (edcfbbe)
C            4.97593459839140        0.52747870195956       -1.02909904544998
C            4.51005971288660        0.03438712612025        0.34352822366510
C            3.06255313994444       -0.40433087111305        0.27979292463900
O            2.73258892758222       -1.57868869083221        0.22002760317960
N            2.18954309208039        0.63937968395383        0.27065666822841
C            0.80126883498695        0.62885450807058        0.18219531074314
C            0.12915369285184        1.85312548018924        0.20773581108112
C           -1.24695706523613        1.90093789208541        0.12556412430865
C           -1.97851958869000        0.72770264803034        0.01557272419751
C           -1.31484913765616       -0.49207668069741       -0.01170083666794
C            0.06497066230078       -0.54821136724556        0.07067361430994
Cl          -2.21180389073664       -1.96973463501645       -0.14948533192436
Cl          -3.70798323981404        0.78762254258607       -0.08647084701209
H            4.85886042803272       -0.26087948658637       -1.76883500219606
H            6.02543195977999        0.80365850241959       -0.98321519127840
H            4.40266150286316        1.39132956138907       -1.35388110206964
H            4.63091627365766        0.82195212872390        1.08697201524937
H            5.10558106032478       -0.82843226538004        0.64197737142510
H            2.59648927630116        1.56472206596849        0.33308904258254
H            0.68440004638436        2.77324004994404        0.29301847975474
H           -1.76616602626041        2.84442399345043        0.14608275975701
H            0.56731978760130       -1.50074011278385        0.04969358636675
22
 energy: -39.986525838756 gnorm: 0.000062537122 xtb: 6.7.1 (edcfbbe)
C            4.97449370041737        0.52849789360358       -1.02942680328944
C            4.51028887353571        0.03389289886028        0.34327711413521
C            3.06281466999435       -0.40506356271938        0.28034391398243
O            2.73285794484198       -1.57936745804764        0.21985409288645
N            2.18978608380936        0.63864624054000        0.27250736747973
C            0.80155230091103        0.62840715861803        0.18329284497568
C            0.12979929518086        1.85289538294363        0.20764441600405
C           -1.24621724793699        1.90108457907533        0.12434616983879
C           -1.97807562573432        0.72800823955502        0.01453746678682
C           -1.31476963081393       -0.49201306249852       -0.01134160865148
C            0.06497583002823       -0.54852526556602        0.07204442461936
Cl          -2.21206550387644       -1.96947469195809       -0.14908421051013
Cl          -3.70743665868877        0.78842705493819       -0.08891169361463
H            4.85764211181073       -0.25949089679686       -1.76965254826876
H            6.02373476792991        0.80578795419947       -0.98426767086303
H            4.40001933651711        1.39197374703845       -1.35316763496110
H            4.63158630722113        0.82078098096853        1.08742187138982
H            5.10641487929751       -0.82901288779665        0.64030988828632
H            2.59682795197306        1.56390532725851        0.33540633697266
H            0.68533176342961        2.77285156760563        0.29284719850654
H           -1.76518143309284        2.84472496062811        0.14397143426249
H            0.56707433082168       -1.50121538521373        0.05194053292175
22
 energy: -39.986526282670 gnorm: 0.000070380789 xtb: 6.7.1 (edcfbbe)
C            4.97333119179368        0.52934143431928       -1.02963095608296
C            4.51046838709268        0.03350089778123        0.34308795519462
C            3.06300973176183       -0.40561192907820        0.28080534352498
O            2.73305592883778       -1.57987817583851        0.21983302124771
N            2.18997105035973        0.63809757517132        0.27394630402539
C            0.80177820997373        0.62806963068690        0.18413665614962
C            0.13029357411435        1.85271394557013        0.20754034483125
C           -1.24565598247796        1.90116154225112        0.12346407479797
C           -1.97771095023521        0.72820733234224        0.01371983277094
C           -1.31465853524856       -0.49197219894660       -0.01122214186144
C            0.06501652937214       -0.54876444959858        0.07307676047403
Cl          -2.21222052589641       -1.96931298195975       -0.14866409193962
Cl          -3.70699048885625        0.78897635216254       -0.09074028982287
H            4.85586441014443       -0.25808703133064       -1.77037492118242
H            6.02258955747655        0.80672379637340       -0.98525756360359
H            4.39840948432235        1.39301470734779       -1.35210804485430
H            4.63217856972542        0.81981943150550        1.08778797718591
H            5.10707942003519       -0.82949494571764        0.63890861246757
H            2.59710267702453        1.56329482068098        0.33709725466770
H            0.68604065107514        2.77256579268825        0.29256342711731
H           -1.76443665741462        2.84492604490797        0.14222923967193
H            0.56693781459582       -1.50157081608283        0.05369410810979
22
 energy: -39.986526755829 gnorm: 0.000077529031 xtb: 6.7.1 (edcfbbe)
C            4.97219122776192        0.53025025280317       -1.02980095612312
C            4.51065119879887        0.03306645757088        0.34290374575634
C            3.06318642572489       -0.40612665177202        0.28129338726905
O            2.73320701390428       -1.58036619452496        0.21997951964657
N            2.19015911027485        0.63759761011428        0.27531928287346
C            0.80200740904128        0.62775831585517        0.18493685017703
C            0.13075947725200        1.85254697132466        0.20735163009675
C           -1.24512688941917        1.90122527789663        0.12244940132191
C           -1.97736406162434        0.72834883723207        0.01297664065176
C           -1.31454117468165       -0.49198438534748       -0.01089899279232
C            0.06508046963512       -0.54900299130059        0.07414873898259
Cl          -2.21231576114328       -1.96920476011445       -0.14822657011885
Cl          -3.70655518466427        0.78943180598154       -0.09263308561090
H            4.85331226365565       -0.25622146430711       -1.77136422708935
H            6.02168045549493        0.80692149430461       -0.98641597507337
H            4.39744999302624        1.39467715611763       -1.35056786800865
H            4.63288970366930        0.81870189779669        1.08826134471285
H            5.10761937191993       -0.83013391785690        0.63740918438195
H            2.59738842863522        1.56274039285051        0.33859246302610
H            0.68667237715807        2.77231160957373        0.29222108018133
H           -1.76374125862464        2.84509691828895        0.14043696093031
H            0.56684345178114       -1.50191385725112        0.05552034769808
22
 energy: -39.986527305527 gnorm: 0.000078902919 xtb: 6.7.1 (edcfbbe)
C            4.97092816080060        0.53141285682707       -1.02992062959951
C            4.51086342567512        0.03243954079657        0.34263586216933
C            3.06334635735685       -0.40667366801637        0.28187088616247
O            2.73328309832979       -1.58087165852185        0.22032721768041
N            2.19037395433957        0.63709516554927        0.27674042453014
C            0.80226269512827        0.62744675235757        0.18581140164174
C            0.13123851656882        1.85237628296660        0.20708633332537
C           -1.24458326108608        1.90126132026439        0.12132608009713
C           -1.97696542922581        0.72846944700088        0.01202164196355
C           -1.31436966190733       -0.49200978851654       -0.01062265312133
C            0.06517761252319       -0.54925129452069        0.07542167710058
Cl          -2.21236195783305       -1.96915415168635       -0.14742234476360
Cl          -3.70607431765553        0.78981859085818       -0.09469528756902
H            4.84969062661496       -0.25357815438543       -1.77267198270900
H            6.02090367652760        0.80641867343040       -0.98774265920165
H            4.39699850891549        1.39728426975645       -1.34822965843066
H            4.63383140061876        0.81711405573995        1.08888334366503
H            5.10813510154730       -0.83113032213141        0.63544031132447
H            2.59772533828791        1.56218164033769        0.34002814985381
H            0.68729558810399        2.77208674208894        0.29162976193758
H           -1.76302531275036        2.84524603445618        0.13830912017125
H            0.56677992669629       -1.50226155941563        0.05766590666142
22
 energy: -39.986527866331 gnorm: 0.000076456157 xtb: 6.7.1 (edcfbbe)
C            4.96960930602302        0.53287489287451       -1.02993123520960
C            4.51108576814906        0.03158791283115        0.34229207902148
C            3.06346211301357       -0.40729544978496        0.28241281961262
O            2.73321483142764       -1.58145050782783        0.22087968152495
N            2.19061790701542        0.63657662122880        0.27806798264090
C            0.80254368926797        0.62713753705816        0.18665227067365
C            0.13175026347797        1.85221249393158        0.20659509372449
C           -1.24401116828123        1.90129852786088        0.11992936462043
C           -1.97656265499894        0.72855085162419        0.01117338699359
C           -1.31419785125540       -0.49207808811189       -0.01001944476765
C            0.06528728529153       -0.54951019127661        0.07686884200222
Cl          -2.21238107057316       -1.96915192136998       -0.14627988458239
Cl          -3.70556846335313        0.79017190104566       -0.09704004672680
H            4.84520326168593       -0.25003738602901       -1.77435641586190
H            6.02028127423889        0.80543857583592       -0.98913691333781
H            4.39702243692436        1.40080439774373       -1.34500593711324
H            4.63503296916566        0.81493455597451        1.08978028795352
H            5.10857005486802       -0.83258358803410        0.63288832755889
H            2.59812545163716        1.56159890435847        0.34127279112059
H            0.68792594935790        2.77187496308445        0.29081903228401
H           -1.76227176560297        2.84540111865634        0.13582348305600
H            0.56671446009708       -1.50263534643806        0.06020733770156
22
 energy: -39.986528275711 gnorm: 0.000070286003 xtb: 6.7.1 (edcfbbe)
C            4.96853683481334        0.53435479033485       -1.02984517860252
C            4.51127403943668        0.03065583289002        0.34193795490680
C            3.06352162784777       -0.40789374336852        0.28287884683768
O            2.73305773277054       -1.58199701927489        0.22147245045133
N            2.19084344921070        0.63611005980309        0.27900876592694
C            0.80277962792989        0.62686651710251        0.18730744448131
C            0.13217751379223        1.85206363520948        0.20611175953280
C           -1.24353458873546        1.90132085421175        0.11871476686134
C           -1.97622672382160        0.72864465246884        0.01028926848811
C           -1.31407766734845       -0.49212522744225       -0.00951088265560
C            0.06534654859475       -0.54973535658590        0.07819212654245
Cl          -2.21244900324513       -1.96917367337319       -0.14487166544078
Cl          -3.70517257620309        0.79047624463000       -0.09886681030578
H            4.84134945290163       -0.24649879964529       -1.77595413041376
H            6.01983096395162        0.80464995362934       -0.99014972606450
H            4.39731851802439        1.40422708583216       -1.34194747044237
H            4.63612709889526        0.81260032282427        1.09074416353838
H            5.10880941349707       -0.83417809064223        0.63043593148609
H            2.59850935422535        1.56107174030803        0.34203253468058
H            0.68846289672562        2.77171398927950        0.28983505549970
H           -1.76163459346693        2.84552881999663        0.13359909846773
H            0.56660412778015       -1.50296181295230        0.06247859911356
22
 energy: -39.986528536442 gnorm: 0.000056155707 xtb: 6.7.1 (edcfbbe)
C            4.96793808880356        0.53547312496975       -1.02962905785404
C            4.51137028651816        0.02990987829134        0.34166001043436
C            3.06350880459031       -0.40834894954163        0.28301580634194
O            2.73284853130738       -1.58241801370467        0.22191376906514
N            2.19098573259536        0.63577622149725        0.27928655980899
C            0.80292477516352        0.62668259261843        0.18753479722915
C            0.13247348019011        1.85197203881723        0.20556342989640
C           -1.24321876395328        1.90135020465907        0.11785998121327
C           -1.97604760802987        0.72869715901434        0.01001006999103
C           -1.31405185014028       -0.49216307672737       -0.00893648595402
C            0.06534851667699       -0.54988442925375        0.07901051730087
Cl          -2.21256831949975       -1.96917097338503       -0.14369152394854
Cl          -3.70494324234205        0.79069375508722       -0.09988297619510
H            4.83903570374505       -0.24385995897662       -1.77700988755322
H            6.01962046266401        0.80432452600996       -0.99042534951721
H            4.39757025308464        1.40666395078588       -1.33956650523370
H            4.63685227648874        0.81074313795398        1.09151153849910
H            5.10891304136590       -0.83545659541571        0.62854273595564
H            2.59878416997005        1.56069480481143        0.34207394970138
H            0.68883193029940        2.77159643582328        0.28898401273547
H           -1.76119802275588        2.84563259169047        0.13210411151558
H            0.56647580083428       -1.50318764978896        0.06396339945701
22
 energy: -39.986528763295 gnorm: 0.000039695107 xtb: 6.7.1 (edcfbbe)
C            4.96761484699082        0.53648872565965       -1.02932357788771
C            4.51139215972634        0.02920868490659        0.34144689327850
C            3.06344909196341       -0.40880108275569        0.28299208718475
O            2.73260386497216       -1.58284463879869        0.22218007070531
N            2.19108457863570        0.63544945898013        0.27919699936871
C            0.80302363975381        0.62650290021999        0.18754600406664
C            0.13271576944220        1.85188440530303        0.20503436432944
C           -1.24296854736156        1.90139219503341        0.11722139641545
C           -1.97592735644633        0.72877854541238        0.00983946942562
C           -1.31408505174622       -0.49217544436677       -0.00844100274330
C            0.06530537348877       -0.55002100942691        0.07958347522537
Cl          -2.21278121110103       -1.96914428054712       -0.14243306013422
Cl          -3.70480676602847        0.79092579990157       -0.10023146886104
H            4.83780754831945       -0.24160181735579       -1.77781267399110
H            6.01948997164548        0.80454928464229       -0.99025780588284
H            4.39776969031225        1.40852986514132       -1.33771586970510
H            4.63726868555297        0.80904288488708        1.09225826268455
H            5.10884303061210       -0.83662570162257        0.62706437047938
H            2.59901462988046        1.56033157789977        0.34172485583788
H            0.68915854779013        2.77149570111153        0.28802456981424
H           -1.76082703074330        2.84574499465776        0.13099446888919
H            0.56630858191722       -1.50339027364708        0.06500107438979
22
 energy: -39.986528978311 gnorm: 0.000041099591 xtb: 6.7.1 (edcfbbe)
C            4.96751406669842        0.53737031049042       -1.02893199904433
C            4.51137012888430        0.02857922983636        0.34127906042039
C            3.06337014498575       -0.40922332994690        0.28279624165714
O            2.73237776145001       -1.58324344729376        0.22227596166558
N            2.19114375851830        0.63513622484737        0.27877047502319
C            0.80307816693058        0.62632960754808        0.18731436156679
C            0.13291627315868        1.85180160578090        0.20443477475312
C           -1.24277528190096        1.90144240312326        0.11676868725936
C           -1.97587869120516        0.72887036377926        0.00992020746603
C           -1.31418948979258       -0.49216815424892       -0.00794849037601
C            0.06520620924484       -0.55014574361643        0.07991218609911
Cl          -2.21309185404728       -1.96907649262067       -0.14119968728707
Cl          -3.70475848453892        0.79117661658305       -0.10001894237498
H            4.83751861040130       -0.23978869306718       -1.77832834635707
H            6.01942713558421        0.80521242249045       -0.98961822960484
H            4.39781777876160        1.40987590668247       -1.33624236811989
H            4.63743515110098        0.80754468686363        1.09294062284956
H            5.10874029775072       -0.83763389951201        0.62588160618932
H            2.59919912868844        1.55998552062190        0.34103245815260
H            0.68945415468064        2.77138656906734        0.28700903493677
H           -1.76050845211519        2.84586477414852        0.13022320709451
H            0.56608753433767       -1.50357570632125        0.06562208092024
22
 energy: -39.986528980362 gnorm: 0.000033066489 xtb: 6.7.1 (edcfbbe)
C            4.96751441379680        0.53737223617307       -1.02892154005221
C            4.51137023292862        0.02857850903124        0.34127598429998
C            3.06337048106706       -0.40922878724917        0.28279683190179
O            2.73237650526346       -1.58324358381120        0.22227237046141
N            2.19114483136990        0.63513535670858        0.27876274048389
C            0.80307568742355        0.62633027547124        0.18731612974454
C            0.13291507256025        1.85179878780186        0.20443305175461
C           -1.24277233751426        1.90144013595114        0.11676635827895
C           -1.97587958750817        0.72887379688617        0.00992072260725
C           -1.31419045728121       -0.49216918949539       -0.00794622252365
C            0.06520302949553       -0.55014550147584        0.07991207655777
Cl          -2.21309382539375       -1.96907464353901       -0.14119311571004
Cl          -3.70475841081025        0.79117989497715       -0.10001626632011
H            4.83752413172552       -0.23978902795279       -1.77833489406714
H            6.01943036446717        0.80522215476990       -0.98961265394349
H            4.39780729282262        1.40988657499041       -1.33624427579444
H            4.63743573934379        0.80754101173841        1.09294868333385
H            5.10874258918414       -0.83764018242316        0.62587783058327
H            2.59919978893969        1.55998097424884        0.34103117727238
H            0.68945829896267        2.77138524858173        0.28700360584101
H           -1.76050684359850        2.84586658948791        0.13021931300621
H            0.56608705033173       -1.50357985563519        0.06562499517370
