----------------------------------------------- 
  Element       SASA      Sigma Z        Total  
     Z         Ang**2 cal/Ang**2/mol   kcal/mol 
----------------------------------------------- 
      H         99.196      48.690       4.830
      C         71.428     129.740       9.267
      O         64.210       0.000       0.000

 Subtotal:     234.834                  14.097
 -----------------------------------------------

  Elements    COT*SASA   Sigma Z,Z'     Total   
    Z,Z'       Ang**2  cal/Ang**2/mol kcal/mol  
 ---------------------------------------------- 
  H   C         58.091     -60.770      -3.530
  H   O          9.471       0.000       0.000
  C   C         85.111     -72.950      -6.209
  O   C         35.412      68.690       2.432
  O   O          0.000       0.000       0.000

 Subtotal:                              -7.307
 ---------------------------------------------- 

 NONAQUEOUS SOLVENT CONTRIBUTION (kcal/mol):
 (proportional to SASA, atomic number independent)
 ---------------------------------------------- 
 Subtotal:                               0.000
 ---------------------------------------------- 

 CDS TOTAL (kcal/mol):                   6.790
...............................................................................
