24
 energy: -314.378593046608 gnorm: 0.021399289209 xtb: 6.7.1 (edcfbbe)
C           -3.36169562688966       -0.24720235520954       -0.62530950397709
C           -2.16472246165925       -0.47397860121003        0.29092030432891
C           -0.97637475143266        0.39900608637681       -0.10785179984779
C            0.25265204161196        0.16911624197494        0.77809360704479
C            0.99619945754144       -1.12777573199975        0.41798364038522
C            2.13542319954626       -0.73044661422368       -0.54133824343988
C            2.06056704471309        0.79469594625215       -0.68367247350295
C            1.31747410318381        1.25046235735411        0.56853724255193
H           -4.20107061066161       -0.86700677438419       -0.31943206584155
H           -3.67371266082792        0.79444268565204       -0.59383234836314
H           -3.10683966927672       -0.49654391022003       -1.65300434013249
H           -2.44785385748471       -0.24604821760903        1.32130643338551
H           -1.87927078463275       -1.52717723787673        0.25498482451299
H           -0.71864752111845        0.20036534438879       -1.14934988690931
H           -1.27758327446613        1.44700281174121       -0.03398735671506
H           -0.07954131683525        0.15215135386742        1.82033158820664
H            1.40608538052307       -1.58375542590180        1.31934948418464
H            0.32572426754434       -1.85279541622102       -0.03998444281772
H            3.09822936077291       -1.02262128495315       -0.12210859475411
H            2.03564132150205       -1.22227565834162       -1.50807835986827
H            3.04743067085040        1.24780378025293       -0.76653262253967
H            1.48973643276014        1.06786206087320       -1.57149631829637
H            2.00069736158656        1.25913186315795        1.41957141692905
H            0.88827638499362        2.24575274299515        0.46200435590473
24
 energy: -314.379450940238 gnorm: 0.005732020915 xtb: 6.7.1 (edcfbbe)
C           -3.37268030177916       -0.25232670932195       -0.62849446378059
C           -2.16933973225937       -0.47362116533002        0.28457487182650
C           -0.97652140597165        0.39968786081359       -0.10113124923027
C            0.25559018835666        0.17403149655476        0.78412757549646
C            0.99738682394544       -1.13216399877944        0.42540349067417
C            2.13954780869498       -0.73330707774611       -0.54547623197850
C            2.06562883112266        0.79885071324943       -0.68790760271968
C            1.32700459156169        1.25409129250749        0.57329747694194
H           -4.22211642050759       -0.87166955766930       -0.32868937792023
H           -3.68994576902596        0.79425990644673       -0.60102858139276
H           -3.12133874813542       -0.49966205741633       -1.66390387223870
H           -2.44855725786673       -0.25031554369699        1.32121478909817
H           -1.87976692664394       -1.53027649680335        0.25663526735741
H           -0.71711659932248        0.20755918070906       -1.14971824926426
H           -1.27975074244043        1.45203403531244       -0.03479776934302
H           -0.07937899931243        0.15895162747097        1.82825025695979
H            1.40979304975621       -1.59231893035915        1.32769267269047
H            0.31999808806558       -1.86344883517594       -0.02385790247154
H            3.10714045872065       -1.02653584657780       -0.12896049139911
H            2.04514587400407       -1.23072843222534       -1.51411020737734
H            3.05335232236945        1.25755333105781       -0.78405591315423
H            1.48834223404635        1.07429618888867       -1.57587589407565
H            2.01755733788845        1.25948178169299        1.42433082570578
H            0.89684933652767        2.25574361721072        0.47958553866271
24
 energy: -314.379549835608 gnorm: 0.001365214403 xtb: 6.7.1 (edcfbbe)
C           -3.37309209790250       -0.25338936518102       -0.63108159882949
C           -2.16994917457131       -0.47337731650674        0.28306360997015
C           -0.97751781074335        0.40289718549959       -0.10012964975269
C            0.25383138766742        0.17562146323854        0.78779803837241
C            0.99828259592328       -1.13341572898460        0.43013892715657
C            2.14095102448947       -0.73515502882873       -0.54747101761111
C            2.06376083587662        0.79967755566582       -0.69114992547600
C            1.32966338191709        1.25391643048125        0.57557296197318
H           -4.22462426721606       -0.87422916813208       -0.33294734533664
H           -3.69705816693747        0.79363150068156       -0.60616970626824
H           -3.12610195620569       -0.49999285426327       -1.67015429289493
H           -2.45111003753319       -0.25522886706199        1.32222504128617
H           -1.87897542466901       -1.53149147971674        0.25675043018308
H           -0.71527772315297        0.21718324346404       -1.15184715786816
H           -1.28171243503315        1.45699490162691       -0.03484680908149
H           -0.08057603476578        0.16263820844336        1.83326215524606
H            1.41542791996281       -1.59275283268714        1.33229975258028
H            0.31930361352498       -1.86887051345626       -0.01364314244577
H            3.11074915021053       -1.02696826627385       -0.13136399655970
H            2.04816163228413       -1.23643053430633       -1.51573165793078
H            3.05149082022633        1.26024962542442       -0.79576793827293
H            1.48173588457642        1.07520133605211       -1.57784647228192
H            2.02522449438228        1.25309029950134        1.42488849509876
H            0.90423561708787        2.26036701018471        0.49125691223754
24
 energy: -314.379570267143 gnorm: 0.001318786509 xtb: 6.7.1 (edcfbbe)
C           -3.37332814260591       -0.25447239819471       -0.63401714354255
C           -2.17043279112282       -0.47280611671738        0.27980935061616
C           -0.97689803271578        0.40428622889142       -0.09798073450660
C            0.25485601462384        0.17716555102282        0.78976046938370
C            0.99832371209951       -1.13359836831549        0.43341964471486
C            2.13912920066053       -0.73510548145740       -0.54781095084400
C            2.06037189548111        0.79977782829262       -0.69369620569076
C            1.33302276245984        1.25361006450640        0.57700673242976
H           -4.22411161838623       -0.87686065067158       -0.33642850621011
H           -3.69995943925225        0.79180482207487       -0.60927989118741
H           -3.12656237615109       -0.50045783814099       -1.67335005686479
H           -2.45365693060133       -0.25756198783283        1.31917201071165
H           -1.87837638568838       -1.53068313595575        0.25247427726628
H           -0.71351013271216        0.22255352864848       -1.15015549245137
H           -1.28161726479635        1.45831867892295       -0.03045573624299
H           -0.07918302102036        0.16537267531255        1.83528583026630
H            1.41899932257600       -1.58878208157300        1.33609123554018
H            0.31963374941313       -1.87142180570610       -0.00659831918632
H            3.10977067621802       -1.02458073726216       -0.13190271198427
H            2.04525453175771       -1.23876157001912       -1.51466617809350
H            3.04714360686246        1.26095556916919       -0.80433074969034
H            1.47325067005844        1.07331344601971       -1.57772804525689
H            2.03232395672644        1.24557155756690        1.42349498593598
H            0.91237827347940        2.26252950326767        0.49899253443212
24
 energy: -314.379590356827 gnorm: 0.001119324652 xtb: 6.7.1 (edcfbbe)
C           -3.36937253308190       -0.25535098323123       -0.64015174739258
C           -2.16865927724283       -0.47267475431432        0.27592217440766
C           -0.97620745538628        0.40901960293343       -0.09472084418254
C            0.25444541159491        0.17918533683110        0.79414544019970
C            0.99831379882851       -1.13191029579995        0.43969129338523
C            2.13444478616502       -0.73575989839651       -0.54874992827202
C            2.05196101795155        0.79815300116035       -0.69824738763147
C            1.33650779616770        1.25117648717369        0.57874230948829
H           -4.21786738130778       -0.88125171142315       -0.34399999990638
H           -3.70048228808053        0.78918575540345       -0.61457111131477
H           -3.12128538525963       -0.49960742122498       -1.67926450681950
H           -2.45631902252447       -0.26256255913314        1.31496280773097
H           -1.87413363016460       -1.52958008734358        0.24490009625796
H           -0.71073246105230        0.23363960483013       -1.14699621824995
H           -1.28217689996191        1.46227818029820       -0.02129991426318
H           -0.07899584501038        0.16989409168521        1.83969016408179
H            1.42520586854567       -1.57931508803098        1.34312937393874
H            0.31999832550062       -1.87356912655803        0.00696470499241
H            3.10696181601773       -1.02044087869521       -0.13443793973329
H            2.03752945469825       -1.24313956933185       -1.51301090200189
H            3.03647324419209        1.26064387643568       -0.82023619000319
H            1.45439594744028        1.06811966670191       -1.57606488373836
H            2.04273239052665        1.23020296635389        1.41927486337383
H            0.92408223626251        2.26383211783471        0.51143634272044
24
 energy: -314.379595832673 gnorm: 0.000563359111 xtb: 6.7.1 (edcfbbe)
C           -3.36657958695668       -0.25546044327424       -0.64235564775662
C           -2.16707816025923       -0.47328080074340        0.27596595381778
C           -0.97534828174015        0.40986433088560       -0.09312147210880
C            0.25529853381656        0.17983826209754        0.79539866565351
C            0.99757549773841       -1.13153292816396        0.44161044050992
C            2.13118572188137       -0.73592288584413       -0.54891530392495
C            2.04860479138014        0.79756173747954       -0.69932001235761
C            1.33712113942254        1.25136837368019        0.57927991069925
H           -4.21527738533036       -0.88218714185627       -0.34893969631989
H           -3.69735754178174        0.78898267245902       -0.61566298182333
H           -3.11522459429324       -0.49806651641806       -1.68097347150163
H           -2.45600649608539       -0.26451845623331        1.31470067512125
H           -1.87116909566590       -1.52956070325410        0.24324964716589
H           -0.70993798984614        0.23604583084536       -1.14540025525940
H           -1.28229316006134        1.46245079080505       -0.01749637466806
H           -0.07853298235985        0.17100016869964        1.84081224692354
H            1.42591662770886       -1.57747998875190        1.34491466654498
H            0.31873343495924       -1.87416697597573        0.01144253865813
H            3.10449364335577       -1.02072009666731       -0.13686511165187
H            2.03211420661288       -1.24404095680541       -1.51250714385930
H            3.03243217181152        1.26027427118468       -0.82485647018512
H            1.44807313631364        1.06663278401375       -1.57520752214113
H            2.04485176601297        1.22899436330434        1.41812636445717
H            0.92522343598065        2.26409297542633        0.51322898055097
24
 energy: -314.379599844130 gnorm: 0.000430992839 xtb: 6.7.1 (edcfbbe)
C           -3.36302923550349       -0.25567017689798       -0.64538419872447
C           -2.16563362362855       -0.47446206236314        0.27616167110465
C           -0.97473289107468        0.41086677681675       -0.08995675012888
C            0.25569067472263        0.18072643484897        0.79863148523763
C            0.99724146551161       -1.13040224558516        0.44459814480122
C            2.12744057134289       -0.73666380018495       -0.55010662909839
C            2.04528590459250        0.79675469514882       -0.70076084058892
C            1.33767407653413        1.25123823955361        0.57984732415655
H           -4.21259718662363       -0.88343734176010       -0.35668305854982
H           -3.69367489311750        0.78885659378031       -0.61741821401684
H           -3.10697247388516       -0.49561077949497       -1.68358988563907
H           -2.45675028051549       -0.26754576896342        1.31460900879108
H           -1.86839870086842       -1.53031029733637        0.24201113699388
H           -0.70902198863950        0.23913550626050       -1.14252836169601
H           -1.28293697531883        1.46293048874696       -0.01259533898259
H           -0.07829507923598        0.17276799103396        1.84411189291176
H            1.42808306846854       -1.57542991671176        1.34725200121256
H            0.31707596544204       -1.87408039536905        0.01801581322694
H            3.10219093372441       -1.02227721159898       -0.14185990102511
H            2.02474931237109       -1.24513488542297       -1.51327090930925
H            3.02872621257667        1.25914282259242       -0.83065765668615
H            1.44150877108282        1.06560722864214       -1.57448561115022
H            2.04758572282174        1.22919659289557        1.41676683237623
H            0.92560794491553        2.26397060038773        0.51440147905231
24
 energy: -314.379599844130 gnorm: 0.000430992839 xtb: 6.7.1 (edcfbbe)
C           -3.36302923550349       -0.25567017689798       -0.64538419872447
C           -2.16563362362855       -0.47446206236314        0.27616167110465
C           -0.97473289107468        0.41086677681675       -0.08995675012888
C            0.25569067472263        0.18072643484897        0.79863148523763
C            0.99724146551161       -1.13040224558516        0.44459814480122
C            2.12744057134289       -0.73666380018495       -0.55010662909839
C            2.04528590459250        0.79675469514882       -0.70076084058892
C            1.33767407653413        1.25123823955361        0.57984732415655
H           -4.21259718662363       -0.88343734176010       -0.35668305854982
H           -3.69367489311750        0.78885659378031       -0.61741821401684
H           -3.10697247388516       -0.49561077949497       -1.68358988563907
H           -2.45675028051549       -0.26754576896342        1.31460900879108
H           -1.86839870086842       -1.53031029733637        0.24201113699388
H           -0.70902198863950        0.23913550626050       -1.14252836169601
H           -1.28293697531883        1.46293048874696       -0.01259533898259
H           -0.07829507923598        0.17276799103396        1.84411189291176
H            1.42808306846854       -1.57542991671176        1.34725200121256
H            0.31707596544204       -1.87408039536905        0.01801581322694
H            3.10219093372441       -1.02227721159898       -0.14185990102511
H            2.02474931237109       -1.24513488542297       -1.51327090930925
H            3.02872621257667        1.25914282259242       -0.83065765668615
H            1.44150877108282        1.06560722864214       -1.57448561115022
H            2.04758572282174        1.22919659289557        1.41676683237623
H            0.92560794491553        2.26397060038773        0.51440147905231
