
         ______________________________________________________________
        |                                                              |
        |                                                              |
        |                   CENSO - Commandline ENSO                   |
        |                           v 2.1.2                            |
        |    energetic sorting of CREST Conformer Rotamer Ensembles    |
        |                    University of Bonn, MCTC                  |
        |                           Oct 2024                           |
        |                 based on ENSO version 2.0.1                  |
        |             L. M. Seidler, F. Bohle and S. Grimme            |
        |                                                              |
        |______________________________________________________________|

        Please cite:
        (TBA)
        S. Grimme, F. Bohle, A. Hansen, P. Pracht, S. Spicher, and M. Stahn
        J. Phys. Chem. A 2021, 125, 19, 4039-4054.
        DOI: https://doi.org/10.1021/acs.jpca.1c00971

        This program is distributed in the hope that it will be useful,
        but WITHOUT ANY WARRANTY; without even the implied warranty of
        MERCHANTABILITY or FITNESS FOR A PARTICULAR PURPOSE.

Reading configuration file from /home/z5358697/.censo2rc.
CALL: /srv/scratch/z5358697/.censo/bin/censo -i crest_conformers.xyz --maxcores 12 -O 1 --loglevel DEBUG
Read 12 conformers.
Number of atoms:              19
Charge:                       0
Unpaired electrons:           0


----------------------------------------------------------------------------------------------------
                                          GENERAL SETTINGS                                          
----------------------------------------------------------------------------------------------------
    
imagthr:                      -100.0
sthr:                         0.0
scale:                        1.0
temperature:                  298.15
solvent:                      h2o
sm_rrho:                      alpb
multitemp:                    False
evaluate_rrho:                False
consider_sym:                 False
bhess:                        False
rmsdbias:                     False
balance:                      False
gas-phase:                    False
copy_mo:                      True
retry_failed:                 True
trange:                       [273.15, 373.15, 5]



----------------------------------------------------------------------------------------------------
                                            PRESCREENING                                            
----------------------------------------------------------------------------------------------------
    
threshold:                    4.0
func:                         pbe-d4
basis:                        def2-sv(p)
prog:                         orca
gfnv:                         gfn2
run:                          True
template:                     False


Running xtb_gsolv calculation for CONF3.
Running xtb_gsolv calculation for CONF2.
Running xtb_gsolv calculation for CONF1.
Running xtb_gsolv calculation for CONF4.
Running xtb_gsolv calculation for CONF5.
Running xtb_gsolv calculation for CONF6.
Running xtb_gsolv calculation for CONF7.
Running xtb_gsolv calculation for CONF8.
Running xtb_gsolv calculation for CONF9.
Running xtb_gsolv calculation for CONF10.
Running xtb_gsolv calculation for CONF11.
Running xtb_gsolv calculation for CONF12.
Running sp calculation for CONF1.
Running sp calculation for CONF2.
Running sp calculation for CONF3.
Running sp calculation for CONF4.
Running sp calculation for CONF5.
Running sp calculation for CONF6.
Running sp calculation for CONF7.
Running sp calculation for CONF9.
Running sp calculation for CONF8.
Running sp calculation for CONF10.
Running sp calculation for CONF11.
Running sp calculation for CONF12.


No longer considering CONF11.

-------------------------------- PRESCREENING SINGLE-POINT RESULTS ---------------------------------

CONF#         E (xTB)          ΔE (xTB)          E (DFT)          ΔE (DFT)        ΔGsolv (xTB)          Gtot             ΔGtot          Boltzmann weight   
                [Eh]          [kcal/mol]          [Eh]           [kcal/mol]        [kcal/mol]           [Eh]           [kcal/mol]        % at 298.15 K     
CONF1        -26.272686          0.75          -385.219351          1.63           -3.644471         -385.225159          0.55               12.36         
CONF2        -26.273876          0.00          -385.221947          0.00           -2.566869         -385.226038          0.00               31.33         
CONF3        -26.271954          1.21          -385.218612          2.09           -3.553753         -385.224275          1.11                4.84         
CONF4        -26.270540          2.09          -385.218950          1.88           -4.042496         -385.225392          0.41               15.82         
CONF5        -26.271046          1.78          -385.218493          2.17           -3.631912         -385.224281          1.10                4.87         
CONF6        -26.270910          1.86          -385.218095          2.42           -3.666839         -385.223938          1.32                3.39         
CONF7        -26.269939          2.47          -385.219094          1.79           -4.171285         -385.225741          0.19               22.88         
CONF8        -26.270215          2.30          -385.216459          3.44           -3.657961         -385.222288          2.35                0.59         
CONF9        -26.269800          2.56          -385.217264          2.94           -3.667933         -385.223109          1.84                1.41         
CONF10       -26.268361          3.46          -385.216322          3.53           -4.081323         -385.222826          2.02                1.04         
CONF12       -26.266668          4.52          -385.216336          3.52           -4.266419         -385.223135          1.82                1.45         

Boltzmann averaged free energy/enthalpy of ensemble on input geometries (not DFT optimized):
temperature /K:   avE(T) /a.u.   avG(T) /a.u.
    298.15        -385.1645452    -385.1701220     <<==part0==
----------------------------------------------------------------------------------------------------

Number of conformers:         11
Highest ranked conformer:     CONF2


Ran prescreening in 8.79 seconds!

----------------------------------------------------------------------------------------------------
                                             SCREENING                                              
----------------------------------------------------------------------------------------------------
    
threshold:                    3.5
func:                         r2scan-3c
basis:                        def2-tzvp
prog:                         orca
sm:                           smd
gfnv:                         gfn2
run:                          True
implicit:                     False
template:                     False


Running gsolv calculation for CONF2.
Running gsolv calculation for CONF6.
Running gsolv calculation for CONF7.
Running gsolv calculation for CONF1.
Running gsolv calculation for CONF3.
Running gsolv calculation for CONF4.
Running gsolv calculation for CONF5.
Running gsolv calculation for CONF8.
Running gsolv calculation for CONF9.
Running gsolv calculation for CONF12.
Running gsolv calculation for CONF10.

----------------------------- SCREENING SINGLE-POINT (+ mRRHO) RESULTS -----------------------------

CONF#         G (xTB)          ΔG (xTB)          E (DFT)          ΔGsolv         GmRRHO          Gtot             ΔGtot          Boltzmann weight   
                [Eh]          [kcal/mol]          [Eh]             [Eh]           [Eh]           [Eh]           [kcal/mol]        % at 298.15 K     
CONF1        -26.278494          ---           -385.989853       -0.010562        ---         -386.000415          0.51               17.92         
CONF2        -26.277966          ---           -385.992241       -0.008993        ---         -386.001234          0.00               42.66         
CONF3        -26.277618          ---           -385.988459       -0.012061        ---         -386.000520          0.45               20.02         
CONF4        -26.276982          ---           -385.989697       -0.010040        ---         -385.999737          0.94                8.74         
CONF5        -26.276834          ---           -385.987465       -0.009808        ---         -385.997273          2.49                0.64         
CONF6        -26.276753          ---           -385.987146       -0.009340        ---         -385.996486          2.98                0.28         
CONF7        -26.276586          ---           -385.988970       -0.010324        ---         -385.999294          1.22                5.46         
CONF8        -26.276045          ---           -385.986748       -0.010958        ---         -385.997706          2.21                1.02         
CONF9        -26.275645          ---           -385.987051       -0.011144        ---         -385.998195          1.91                1.71         
CONF10       -26.274865          ---           -385.986815       -0.010406        ---         -385.997222          2.52                0.61         
CONF12       -26.273467          ---           -385.986427       -0.011218        ---         -385.997646          2.25                0.95         

Boltzmann averaged free energy/enthalpy of ensemble on input geometries (not DFT optimized):
temperature /K:   avE(T) /a.u.   avG(T) /a.u.
    298.15        -385.9903775    -386.0005227     <<==part1==
----------------------------------------------------------------------------------------------------


----------------------------------- SCREENING RANKING COMPARISON -----------------------------------

CONF#        ΔGtot prescreening       ΔGtot screening   
                 [kcal/mol]             [kcal/mol]      
CONF1               0.55                   0.51         
CONF2               0.00                   0.00         
CONF3               1.11                   0.45         
CONF4               0.41                   0.94         
CONF5               1.10                   2.49         
CONF6               1.32                   2.98         
CONF7               0.19                   1.22         
CONF8               2.35                   2.21         
CONF9               1.84                   1.91         
CONF10              2.02                   2.52         
CONF12              1.82                   2.25         
----------------------------------------------------------------------------------------------------



Number of conformers:         11
Highest ranked conformer:     CONF2


Ran screening in 56.48 seconds!

----------------------------------------------------------------------------------------------------
                                            OPTIMIZATION                                            
----------------------------------------------------------------------------------------------------
    
optcycles:                    8
maxcyc:                       200
threshold:                    1.5
hlow:                         0.01
gradthr:                      0.01
func:                         r2scan-3c
basis:                        def2-tzvp
prog:                         orca
sm:                           smd
gfnv:                         gfn2
optlevel:                     normal
run:                          True
macrocycles:                  True
crestcheck:                   True
template:                     False
constrain:                    False
xtb_opt:                      True


Optimization using macrocycles, 8 microcycles per step.
Running xtb_opt calculation for CONF2.
Running xtb_opt calculation for CONF4.
Running xtb_opt calculation for CONF3.
Running xtb_opt calculation for CONF1.
Running xtb_opt calculation for CONF7.
Running xtb_opt calculation for CONF9.
Running xtb_opt calculation for CONF8.
Running xtb_opt calculation for CONF12.
Running xtb_opt calculation for CONF5.
Running xtb_opt calculation for CONF10.
Running xtb_opt calculation for CONF6.
Running xtb_rrho calculation for CONF5.
Running xtb_rrho calculation for CONF8.
Running xtb_rrho calculation for CONF9.
Running xtb_rrho calculation for CONF2.
Running xtb_rrho calculation for CONF12.
Running xtb_rrho calculation for CONF3.
Running xtb_rrho calculation for CONF10.
Running xtb_rrho calculation for CONF6.
Running xtb_rrho calculation for CONF4.
Running xtb_rrho calculation for CONF1.
Running xtb_rrho calculation for CONF7.
CONF2 converged after 8 steps.
CONF3 converged after 7 steps.
CONF1 converged after 7 steps.
CONF4 converged after 4 steps.
CONF8 converged after 5 steps.
CONF10 converged after 5 steps.

----------------------------------- OPTIMIZATION CYCLE 8 UPDATE ------------------------------------

CONF#           Gtot             ΔGtot          grad_norm       converged   
                [Eh]           [kcal/mol]        [Eh/a0]                    
CONF1        -385.879413          0.31          0.000346          True      
CONF2        -385.879901          0.00          0.000405          True      
CONF3        -385.879543          0.22          0.000535          True      
CONF4        -385.878987          0.57          0.000729          True      
CONF5        -385.878181          1.08          0.019777          False     
CONF6        -385.876392          2.20          0.005797          False     
CONF7        -385.879029          0.55          0.001778          False     
CONF8        -385.876648          2.04          0.000725          True      
CONF9        -385.877861          1.28          0.002159          False     
CONF10       -385.876573          2.09          0.000695          True      
CONF12       -385.877167          1.72          0.008063          False     
----------------------------------------------------------------------------------------------------
Running xtb_opt calculation for CONF7.
Running xtb_opt calculation for CONF9.
Running xtb_opt calculation for CONF12.
Running xtb_opt calculation for CONF5.
Running xtb_opt calculation for CONF6.
CONF7 converged after 21 steps.
No longer considering CONF10 (gradient too small and ΔG = 2.09).

----------------------------------- OPTIMIZATION CYCLE 16 UPDATE -----------------------------------

CONF#           Gtot             ΔGtot          grad_norm       converged   
                [Eh]           [kcal/mol]        [Eh/a0]                    
CONF1        -385.879413          0.31          0.000346          True      
CONF2        -385.879901          0.00          0.000405          True      
CONF3        -385.879543          0.22          0.000535          True      
CONF4        -385.878987          0.57          0.000729          True      
CONF5        -385.879322          0.36          0.004068          False     
CONF6        -385.877545          1.48          0.017613          False     
CONF7        -385.879093          0.51          0.000511          True      
CONF8        -385.876648          2.04          0.000725          True      
CONF9        -385.878361          0.97          0.004874          False     
CONF12       -385.877417          1.56          0.012018          False     
----------------------------------------------------------------------------------------------------
Running xtb_opt calculation for CONF9.
Running xtb_opt calculation for CONF12.
Running xtb_opt calculation for CONF5.
Running xtb_opt calculation for CONF6.
CONF5 converged after 37 steps.
No longer considering CONF8 (gradient too small and ΔG = 2.04).

----------------------------------- OPTIMIZATION CYCLE 24 UPDATE -----------------------------------

CONF#           Gtot             ΔGtot          grad_norm       converged   
                [Eh]           [kcal/mol]        [Eh/a0]                    
CONF1        -385.879413          0.31          0.000346          True      
CONF2        -385.879901          0.00          0.000405          True      
CONF3        -385.879543          0.22          0.000535          True      
CONF4        -385.878987          0.57          0.000729          True      
CONF5        -385.879384          0.32          0.000699          True      
CONF6        -385.879382          0.33          0.002532          False     
CONF7        -385.879093          0.51          0.000511          True      
CONF9        -385.878837          0.67          0.002583          False     
CONF12       -385.877973          1.21          0.009505          False     
----------------------------------------------------------------------------------------------------
Running xtb_opt calculation for CONF9.
Running xtb_opt calculation for CONF12.
Running xtb_opt calculation for CONF6.

----------------------------------- OPTIMIZATION CYCLE 32 UPDATE -----------------------------------

CONF#           Gtot             ΔGtot          grad_norm       converged   
                [Eh]           [kcal/mol]        [Eh/a0]                    
CONF1        -385.879413          0.44          0.000346          True      
CONF2        -385.879901          0.13          0.000405          True      
CONF3        -385.879543          0.36          0.000535          True      
CONF4        -385.878987          0.71          0.000729          True      
CONF5        -385.879384          0.46          0.000699          True      
CONF6        -385.880115          0.00          0.002553          False     
CONF7        -385.879093          0.64          0.000511          True      
CONF9        -385.879652          0.29          0.003652          False     
CONF12       -385.878627          0.93          0.011413          False     
----------------------------------------------------------------------------------------------------
Running xtb_opt calculation for CONF9.
Running xtb_opt calculation for CONF12.
Running xtb_opt calculation for CONF6.
CONF6 converged after 67 steps.

----------------------------------- OPTIMIZATION CYCLE 40 UPDATE -----------------------------------

CONF#           Gtot             ΔGtot          grad_norm       converged   
                [Eh]           [kcal/mol]        [Eh/a0]                    
CONF1        -385.879413          0.45          0.000346          True      
CONF2        -385.879901          0.15          0.000405          True      
CONF3        -385.879543          0.37          0.000535          True      
CONF4        -385.878987          0.72          0.000729          True      
CONF5        -385.879384          0.47          0.000699          True      
CONF6        -385.880135          0.00          0.000391          True      
CONF7        -385.879093          0.65          0.000511          True      
CONF9        -385.879911          0.14          0.004736          False     
CONF12       -385.879141          0.62          0.001578          False     
----------------------------------------------------------------------------------------------------
Running xtb_opt calculation for CONF9.
Running xtb_opt calculation for CONF12.
CONF9 converged after 88 steps.
CONF12 converged after 81 steps.

----------------------------------- OPTIMIZATION CYCLE 48 UPDATE -----------------------------------

CONF#           Gtot             ΔGtot          grad_norm       converged   
                [Eh]           [kcal/mol]        [Eh/a0]                    
CONF1        -385.879413          0.45          0.000346          True      
CONF2        -385.879901          0.15          0.000405          True      
CONF3        -385.879543          0.37          0.000535          True      
CONF4        -385.878987          0.72          0.000729          True      
CONF5        -385.879384          0.47          0.000699          True      
CONF6        -385.880135          0.00          0.000391          True      
CONF7        -385.879093          0.65          0.000511          True      
CONF9        -385.880045          0.06          0.000986          True      
CONF12       -385.879145          0.62          0.000480          True      
----------------------------------------------------------------------------------------------------
Running xtb_rrho calculation for CONF2.
Running xtb_rrho calculation for CONF3.
Running xtb_rrho calculation for CONF9.
Running xtb_rrho calculation for CONF1.
Running xtb_rrho calculation for CONF4.
Running xtb_rrho calculation for CONF12.
Running xtb_rrho calculation for CONF7.
Running xtb_rrho calculation for CONF6.
Running xtb_rrho calculation for CONF5.

--------------------------------------- OPTIMIZATION RESULTS ---------------------------------------

CONF#        E (DFT) (+ ΔGsolv)       ΔE (DFT) (+ δΔGsolv)       GmRRHO          Gtot             ΔGtot          Boltzmann weight   
                    [Eh]                   [kcal/mol]             [Eh]           [Eh]           [kcal/mol]        % at 298.15 K     
CONF1           -386.001581                   0.62                ---         -385.879413          0.31               10.76         
CONF2           -386.002572                   0.00                ---         -385.879901          0.00               18.04         
CONF3           -386.001921                   0.41                ---         -385.879543          0.22               12.35         
CONF4           -386.000802                   1.11                ---         -385.878987          0.57                6.86         
CONF5           -386.001908                   0.42                ---         -385.879444          0.29               11.12         
CONF6           -386.001956                   0.39                ---         -385.879472          0.27               11.46         
CONF7           -386.001149                   0.89                ---         -385.879218          0.43                8.75         
CONF9           -386.001894                   0.43                ---         -385.879476          0.27               11.51         
CONF12          -386.001117                   0.91                ---         -385.879260          0.40                9.15         

Boltzmann averaged free energy/enthalpy of ensemble on optimized geometries:
temperature /K:   avE(T) /a.u.   avG(T) /a.u.
    298.15        -386.0017833    -385.8794743     <<==part2==
----------------------------------------------------------------------------------------------------


--------------------------------------- OPTIMIZATION RESULTS ---------------------------------------

CONF#        E (DFT) (+ ΔGsolv)       ΔE (DFT) (+ δΔGsolv)       GmRRHO          Gtot             ΔGtot          Boltzmann weight   
                    [Eh]                   [kcal/mol]             [Eh]           [Eh]           [kcal/mol]        % at 298.15 K     
CONF1           -386.001581                   0.62                ---         -385.879413          0.31               10.76         
CONF2           -386.002572                   0.00                ---         -385.879901          0.00               18.04         
CONF3           -386.001921                   0.41                ---         -385.879543          0.22               12.35         
CONF4           -386.000802                   1.11                ---         -385.878987          0.57                6.86         
CONF5           -386.001908                   0.42                ---         -385.879444          0.29               11.12         
CONF6           -386.001956                   0.39                ---         -385.879472          0.27               11.46         
CONF7           -386.001149                   0.89                ---         -385.879218          0.43                8.75         
CONF9           -386.001894                   0.43                ---         -385.879476          0.27               11.51         
CONF12          -386.001117                   0.91                ---         -385.879260          0.40                9.15         

Boltzmann averaged free energy/enthalpy of ensemble on optimized geometries:
temperature /K:   avE(T) /a.u.   avG(T) /a.u.
    298.15        -386.0017833    -385.8794743     <<==part2==
----------------------------------------------------------------------------------------------------


--------------------------------- OPTIMIZATION RANKING COMPARISON ----------------------------------

CONF#        ΔGtot prescreening       ΔGtot screening       ΔGtot optimization   
                 [kcal/mol]             [kcal/mol]              [kcal/mol]       
CONF1               0.55                   0.51                    0.31          
CONF2               0.00                   0.00                    0.00          
CONF3               1.11                   0.45                    0.22          
CONF4               0.41                   0.94                    0.57          
CONF5               1.10                   2.49                    0.29          
CONF6               1.32                   2.98                    0.27          
CONF7               0.19                   1.22                    0.43          
CONF9               1.84                   1.91                    0.27          
CONF12              1.82                   2.25                    0.40          
----------------------------------------------------------------------------------------------------



Number of conformers:         9
Highest ranked conformer:     CONF2


Ran optimization in 1656.33 seconds!

----------------------------------------------------------------------------------------------------
                                             REFINEMENT                                             
----------------------------------------------------------------------------------------------------
    
threshold:                    0.95
func:                         wb97x-v
basis:                        def2-tzvp
prog:                         orca
sm:                           smd
gfnv:                         gfn2
run:                          True
implicit:                     False
template:                     False


Running gsolv calculation for CONF5.
Running gsolv calculation for CONF2.
Running gsolv calculation for CONF3.
Running gsolv calculation for CONF9.
Running gsolv calculation for CONF6.
Running gsolv calculation for CONF12.
Running gsolv calculation for CONF7.
Running gsolv calculation for CONF4.
Running gsolv calculation for CONF1.
No longer considering CONF2.
No longer considering CONF3.
No longer considering CONF9.
No longer considering CONF6.
No longer considering CONF5.
No longer considering CONF1.
No longer considering CONF12.
No longer considering CONF7.
No longer considering CONF4.

---------------------------- REFINEMENT SINGLE-POINT (+ mRRHO) RESULTS -----------------------------

CONF#          E (DFT)          ΔGsolv         GmRRHO          Gtot             ΔGtot          Boltzmann weight   
                [Eh]             [Eh]           [Eh]           [Eh]           [kcal/mol]        % at 298.15 K     
CONF1        -386.109170       -0.011231        ---         -386.120401          0.37               10.11         
CONF2        -386.111421       -0.009565        ---         -386.120986          0.00               18.78         
CONF3        -386.107898       -0.012752        ---         -386.120650          0.21               13.15         
CONF4        -386.109324       -0.010598        ---         -386.119923          0.67                6.09         
CONF5        -386.107914       -0.012713        ---         -386.120627          0.23               12.84         
CONF6        -386.107859       -0.012787        ---         -386.120646          0.21               13.10         
CONF7        -386.108401       -0.011635        ---         -386.120036          0.60                6.86         
CONF9        -386.107833       -0.012776        ---         -386.120610          0.24               12.60         
CONF12       -386.108149       -0.011834        ---         -386.119983          0.63                6.49         

Boltzmann averaged free energy/enthalpy of ensemble (high level single-points):
temperature /K:   avE(T) /a.u.   avG(T) /a.u.
    298.15        -386.1088144    -386.1205499     <<==part3==
----------------------------------------------------------------------------------------------------


---------------------------------- REFINEMENT RANKING COMPARISON -----------------------------------

CONF#        ΔGtot prescreening       ΔGtot screening       ΔGtot optimization       ΔGtot refinement   
                 [kcal/mol]             [kcal/mol]              [kcal/mol]              [kcal/mol]      
CONF1               0.55                   0.51                    0.31                    0.37         
CONF2               0.00                   0.00                    0.00                    0.00         
CONF3               1.11                   0.45                    0.22                    0.21         
CONF4               0.41                   0.94                    0.57                    0.67         
CONF5               1.10                   2.49                    0.29                    0.23         
CONF6               1.32                   2.98                    0.27                    0.21         
CONF7               0.19                   1.22                    0.43                    0.60         
CONF9               1.84                   1.91                    0.27                    0.24         
CONF12              1.82                   2.25                    0.40                    0.63         
----------------------------------------------------------------------------------------------------



Number of conformers:         9
Highest ranked conformer:     CONF2


Ran refinement in 351.53 seconds!

Ran CENSO in 00:34:33

CENSO all done!
