17
 energy: -23.953366759580 gnorm: 0.031538562460 xtb: 6.7.1 (edcfbbe)
C           -3.12603269359315        0.69927430362975        0.01148550742481
C           -1.68653178504799        0.50376994316757       -0.45028667944350
C           -0.86168181118491       -0.26599379988247        0.59876656840318
C            0.53513533422934       -0.47857970899854        0.10034820359594
O            0.90488950827801       -1.43519435900638       -0.56288237140779
O            1.34931284480721        0.54769875051225        0.42173900881269
C            2.70237023676644        0.46640964982103       -0.09530580172773
H           -3.70538705128758        1.24514321975132       -0.73980904081819
H           -3.61689271830745       -0.26492243596422        0.18245564343297
H           -3.16439384534004        1.26811771911727        0.94688365688221
H           -1.21524827624399        1.47599045644633       -0.63452500131022
H           -1.66692692032873       -0.04986054571796       -1.39622345037544
H           -1.31134568014721       -1.24705677806214        0.77545921691589
H           -0.84312836949599        0.29446809110962        1.53806120027439
H            2.68728840133325        0.41956265179337       -1.18684729445714
H            3.21011590572674       -0.41109678657435        0.31237170018894
H            3.19470573228551        1.37895664434144        0.23912280628239
17
 energy: -23.954326781280 gnorm: 0.011665047604 xtb: 6.7.1 (edcfbbe)
C           -3.11986463788495        0.69753102561038        0.01434398829896
C           -1.68386545699305        0.50197467785558       -0.44875785969917
C           -0.86163350682916       -0.26546935731648        0.59935043612766
C            0.53263308893919       -0.47354481185853        0.08680813221297
O            0.90059842717666       -1.42894160331138       -0.56447451831764
O            1.34580637427576        0.54004426663246        0.40559430610866
C            2.69471671917256        0.47019453480143       -0.09092178716230
H           -3.68840894193841        1.24058454113865       -0.73849483839812
H           -3.60453626681791       -0.26326190941718        0.18193817511709
H           -3.15143951881756        1.26487031814631        0.94341275102611
H           -1.21534671248259        1.47312957063564       -0.62742449981867
H           -1.66953475508083       -0.05562500847108       -1.38915108601192
H           -1.31483567618635       -1.24262716415852        0.77593330777617
H           -0.82961455422469        0.30337411439274        1.52954905157712
H            2.68149702559026        0.41308470838958       -1.17915985946006
H            3.19154220633851       -0.41117202198516        0.31426111232021
H            3.17853499821203        1.38254113439945        0.24800706097632
17
 energy: -23.954476486721 gnorm: 0.004568510074 xtb: 6.7.1 (edcfbbe)
C           -3.11672787099509        0.69867418654849        0.01479229642373
C           -1.68002682299723        0.50173108938583       -0.44795881210129
C           -0.86098394052825       -0.26632217554102        0.60092185469665
C            0.53433960944309       -0.47940828578304        0.08778264490697
O            0.89837705620737       -1.42971312620103       -0.57067225153642
O            1.34024639323641        0.53283638619338        0.39772427245388
C            2.68525563381759        0.47320746999700       -0.08951877300640
H           -3.68068450794540        1.24115729959643       -0.73832192647107
H           -3.59828342583362       -0.26087532369711        0.18099255279574
H           -3.14424035209211        1.26428578044956        0.94175261520021
H           -1.21175365358644        1.47169270621549       -0.62409246745373
H           -1.66699214997087       -0.05732972387878       -1.38583113763313
H           -1.31743332664623       -1.24016471813500        0.77723673587309
H           -0.82082043467211        0.30621225212350        1.52647846073645
H            2.68064332668042        0.41117514726781       -1.17736673007653
H            3.18407272362028       -0.40694277209364        0.31494007550912
H            3.16126055471164        1.38647082303600        0.25195446235615
17
 energy: -23.954498631826 gnorm: 0.001573447467 xtb: 6.7.1 (edcfbbe)
C           -3.11615195623158        0.69956411972630        0.01525584449138
C           -1.67897812080300        0.50062833476660       -0.44804166556112
C           -0.86118851403795       -0.26736287936902        0.60181660918615
C            0.53293744055654       -0.48007217741204        0.08232284577121
O            0.89673148375735       -1.43400970943983       -0.57310067712643
O            1.33710635409450        0.53049972951703        0.39385545118044
C            2.68227417972102        0.47425360713949       -0.08824472219950
H           -3.67910483599762        1.24273645574544       -0.73816159521482
H           -3.59823238885456       -0.25976700488829        0.18158778341488
H           -3.14203800019333        1.26533968037260        0.94224708186399
H           -1.20981652721631        1.46997929645229       -0.62462018717466
H           -1.66615189811439       -0.05891954673040       -1.38551101402666
H           -1.31827604195950       -1.23998667041332        0.78153135069293
H           -0.81639444616289        0.30762138738347        1.52550441692048
H            2.68411347383851        0.41295232911841       -1.17679718468745
H            3.18417277519783       -0.40498010054293        0.31614550494270
H            3.15524583485485        1.38821016405808        0.25502403019989
17
 energy: -23.954504451573 gnorm: 0.001201702335 xtb: 6.7.1 (edcfbbe)
C           -3.11571638780298        0.70147588998533        0.01502918173056
C           -1.67825256902516        0.49923716858529       -0.44800138513895
C           -0.86130131424101       -0.26972074215474        0.60200046478999
C            0.53312982386986       -0.48484570624980        0.08244889736933
O            0.89467406135526       -1.43946332397832       -0.57500120777909
O            1.33505031628498        0.52722419761810        0.39213811884044
C            2.68058234063437        0.47619822683497       -0.08809603922906
H           -3.67822322355722        1.24632828713142       -0.73822782223425
H           -3.60016351648712       -0.25726129592995        0.18157651127498
H           -3.14024688709849        1.26736409380334        0.94267259587808
H           -1.20724019223994        1.46786924257277       -0.62522302512653
H           -1.66613226900889       -0.06038024245347       -1.38569169368374
H           -1.32059500898675       -1.24076574966610        0.78450116746355
H           -0.81368866058169        0.30631279741883        1.52494445026363
H            2.68694862344033        0.41654315106261       -1.17732068842249
H            3.18703822959545       -0.40119250676593        0.31652340369393
H            3.15038544629847        1.39176352766954        0.25654094298302
17
 energy: -23.954505827711 gnorm: 0.000267500831 xtb: 6.7.1 (edcfbbe)
C           -3.11515779334306        0.70199671720170        0.01516550920453
C           -1.67835107221085        0.49856911634222       -0.44817047256173
C           -0.86143943293707       -0.27040662513926        0.60172217193929
C            0.53298019580544       -0.48542098685066        0.08227813934536
O            0.89464307358219       -1.44016081992221       -0.57415335567187
O            1.33510967162584        0.52674009920223        0.39246308331311
C            2.68085162590828        0.47660275902757       -0.08820931287385
H           -3.67720413905985        1.24740146675209       -0.73796593145970
H           -3.60092770717603       -0.25601194160962        0.18174715849871
H           -3.13940919824457        1.26797590054149        0.94271679611366
H           -1.20671989579327        1.46685858405734       -0.62587873453428
H           -1.66697432603872       -0.06132851868864       -1.38575740425720
H           -1.32080749877591       -1.24147663457146        0.78425152629723
H           -0.81423308938198        0.30550745987319        1.52487395039173
H            2.68627085742309        0.41783538149793       -1.17725145459837
H            3.18765174786962       -0.40046179562086        0.31613253167514
H            3.14996579319632        1.39246685339082        0.25684967185165
17
 energy: -23.954506475433 gnorm: 0.000233908035 xtb: 6.7.1 (edcfbbe)
C           -3.11436304459837        0.70304920114047        0.01529483034211
C           -1.67814038211027        0.49762993808999       -0.44834666757591
C           -0.86163782364442       -0.27158593638601        0.60159732655548
C            0.53293704429033       -0.48655880732923        0.08242388311838
O            0.89504210565833       -1.44120338372306       -0.57352108360389
O            1.33449232075411        0.52609046463283        0.39265297282530
C            2.68028916028648        0.47741030955023       -0.08828256607637
H           -3.67567342978311        1.24932153918529       -0.73768192596767
H           -3.60153881334283       -0.25415608529586        0.18189594243986
H           -3.13758819549949        1.26897076859075        0.94281846333836
H           -1.20547229956959        1.46525490583163       -0.62680412520995
H           -1.66776873159319       -0.06285534634644       -1.38556508417257
H           -1.32106521108432       -1.24266903292235        0.78384781539331
H           -0.81470406411326        0.30424402519754        1.52482229423247
H            2.68530671182103        0.41933239355609       -1.17723869745400
H            3.18790039200811       -0.39921686616939        0.31558038956102
H            3.14823307296994        1.39362892788137        0.25732010492746
17
 energy: -23.954507029567 gnorm: 0.000315809059 xtb: 6.7.1 (edcfbbe)
C           -3.11357044659992        0.70424301195608        0.01545576441663
C           -1.67782609617488        0.49658603196862       -0.44863437113177
C           -0.86191739387203       -0.27300560586253        0.60150206396010
C            0.53290043449856       -0.48754720630230        0.08276033537260
O            0.89583790558234       -1.44220366405305       -0.57264265905951
O            1.33369309100164        0.52584422531613        0.39282573406119
C            2.67955494201272        0.47835560884150       -0.08836033813816
H           -3.67417197932141        1.25155602326444       -0.73728808385084
H           -3.60229199922710       -0.25217777657732        0.18203362254812
H           -3.13563705579299        1.27006502338711        0.94306263587131
H           -1.20390317819413        1.46346212493913       -0.62788173545392
H           -1.66853138613736       -0.06449851887573       -1.38550034979455
H           -1.32136399341667       -1.24417169512485        0.78327588404912
H           -0.81538018265934        0.30258474201517        1.52488971217814
H            2.68429027673308        0.42076855390462       -1.17732306318362
H            3.18788682730367       -0.39800914306115        0.31506091001027
H            3.14667904671327        1.39483527974799        0.25757781081827
17
 energy: -23.954507684665 gnorm: 0.000224407175 xtb: 6.7.1 (edcfbbe)
C           -3.11255974973426        0.70586450506106        0.01563054128297
C           -1.67734945737930        0.49524612474937       -0.44893285677720
C           -0.86225651400919       -0.27502988376935        0.60136431034566
C            0.53295621617778       -0.48873979498250        0.08338627411336
O            0.89722374316157       -1.44349313773154       -0.57120227260463
O            1.33249427847040        0.52582807209282        0.39276970926732
C            2.67834838685401        0.47966398060236       -0.08850012527352
H           -3.67223131988140        1.25452405607092       -0.73682446698604
H           -3.60319325459118       -0.24956839369698        0.18222581556939
H           -3.13299349173060        1.27156824937563        0.94334069579421
H           -1.20181005848480        1.46116229448603       -0.62905497634789
H           -1.66947118225517       -0.06650896805113       -1.38538642298134
H           -1.32171261653181       -1.24632615330765        0.78227689396692
H           -0.81639739063048        0.30012411480180        1.52503601527954
H            2.68303147833131        0.42243608696456       -1.17751474008620
H            3.18746121851420       -0.39646893935637        0.31449558754918
H            3.14470852616840        1.39640480217483        0.25770389056168
17
 energy: -23.954508315320 gnorm: 0.000081582955 xtb: 6.7.1 (edcfbbe)
C           -3.11110413139393        0.70807295297551        0.01596741204762
C           -1.67665686322171        0.49352469394882       -0.44938412561698
C           -0.86278183108863       -0.27790678594094        0.60106080173785
C            0.53300689723934       -0.49040280529972        0.08424909928014
O            0.89922683800918       -1.44564007269388       -0.56869982659824
O            1.33069792311108        0.52602444085816        0.39228864877530
C            2.67660614097535        0.48149614326827       -0.08877052814305
H           -3.66955962785768        1.25833842293084       -0.73623252264190
H           -3.60437001585602       -0.24597725070638        0.18283079404460
H           -3.12946477344782        1.27389388797434        0.94368245318386
H           -1.19886602569996        1.45817132549712       -0.63041979439673
H           -1.67062144565169       -0.06889339922515       -1.38545379028891
H           -1.32220486574592       -1.24945281032430        0.78060222895213
H           -0.81798624510344        0.29641896158770        1.52531745620064
H            2.68158012940871        0.42466632577339       -1.17785628770391
H            3.18673411115900       -0.39426295314524        0.31388611874291
H            3.14201259761363        1.39861593800533        0.25774573509805
17
 energy: -23.954508706954 gnorm: 0.000118415331 xtb: 6.7.1 (edcfbbe)
C           -3.10968813945154        0.71036448174596        0.01626493888410
C           -1.67600087184256        0.49197287792527       -0.44968751386102
C           -0.86328231473929       -0.28091860202974        0.60060443837948
C            0.53313952401457       -0.49221476747370        0.08510216137731
O            0.90146193314990       -1.44820962894213       -0.56562230081837
O            1.32882116859733        0.52632610056502        0.39134872271234
C            2.67489813648156        0.48337143797380       -0.08913163958320
H           -3.66719131953043        1.26182044393095       -0.73579010739638
H           -3.60526158150342       -0.24235991976548        0.18384271080413
H           -3.12593431319465        1.27658684229084        0.94378485141566
H           -1.19600321755006        1.45539584136386       -0.63140732191844
H           -1.67184342744481       -0.07084803559675       -1.38551008927088
H           -1.32274090270479       -1.25273442994609        0.77851224387375
H           -0.81964914163196        0.29236278739797        1.52557207184041
H            2.68041657639580        0.42678801153113       -1.17825975464205
H            3.18587884670437       -0.39194899530495        0.31348248233255
H            3.13922785669946        1.40093256981788        0.25770797854398
17
 energy: -23.954508967866 gnorm: 0.000143860605 xtb: 6.7.1 (edcfbbe)
C           -3.10838740308079        0.71222919694674        0.01672019574212
C           -1.67540818857398        0.49091855182985       -0.45005362522075
C           -0.86379876985787       -0.28345926266550        0.60000531396888
C            0.53321963994128       -0.49386180091218        0.08577030982354
O            0.90348822495294       -1.45084871740237       -0.56239988310424
O            1.32702603668435        0.52672990053567        0.39002120393452
C            2.67342625058528        0.48495723704302       -0.08950913022639
H           -3.66524950604618        1.26416746308719       -0.73543324087404
H           -3.60569646176698       -0.23940912399220        0.18530340882541
H           -3.12306660606393        1.27922478682661        0.94380206056686
H           -1.19357355643450        1.45338195438181       -0.63199179435658
H           -1.67277605699218       -0.07195257584806       -1.38585458742347
H           -1.32330802365843       -1.25553582895020        0.77629090243895
H           -0.82112903552827        0.28868440289317        1.52574205285441
H            2.67980491712552        0.42840524595487       -1.17864289632189
H            3.18497325894199       -0.38989412070170        0.31342933248886
H            3.13670409222122        1.40294970645714        0.25761424955719
17
 energy: -23.954509236549 gnorm: 0.000111193063 xtb: 6.7.1 (edcfbbe)
C           -3.10739718634837        0.71382386417979        0.01708890997144
C           -1.67495506744825        0.49037158554024       -0.45020033089995
C           -0.86421456013780       -0.28569772111645        0.59925652687845
C            0.53337746962297       -0.49539079313701        0.08626437260994
O            0.90559675574499       -1.45372543771009       -0.55876451012869
O            1.32537467197119        0.52732037652219        0.38819570091510
C            2.67228249081452        0.48628892895687       -0.08996517829951
H           -3.66416905683204        1.26554125108031       -0.73530753661009
H           -3.60564033589442       -0.23705738146533        0.18712220163076
H           -3.12081517789180        1.28187163963509        0.94354329291953
H           -1.19168217697343        1.45214817645477       -0.63189640023437
H           -1.67355227027542       -0.07207966130284       -1.38624493134050
H           -1.32385855985333       -1.25801946346001        0.77383393271283
H           -0.82244790410044        0.28517309023937        1.52583812773733
H            2.67979329957551        0.42949465505689       -1.17906401910167
H            3.18400198650675       -0.38809496145229        0.31374575947430
H            3.13455443396886        1.40471886746236        0.25736795443849
17
 energy: -23.954509494395 gnorm: 0.000041138498 xtb: 6.7.1 (edcfbbe)
C           -3.10686258051313        0.71453659308931        0.01745590606084
C           -1.67463998511560        0.49070508408271       -0.45024598831460
C           -0.86452860287730       -0.28691160306988        0.59850917705514
C            0.53351382291181       -0.49639504788554        0.08657615503564
O            0.90717810540883       -1.45616144997792       -0.55538355976574
O            1.32417388470759        0.52804094952189        0.38611120226046
C            2.67167056451244        0.48697545180038       -0.09044399062964
H           -3.66405279915795        1.26520142992097       -0.73538460775654
H           -3.60492538420075       -0.23617860923073        0.18889739248116
H           -3.12000746093672        1.28375417643594        0.94318385754617
H           -1.19076662954982        1.45235192441740       -0.63096680871648
H           -1.67366808252218       -0.07080652902961       -1.38685771749582
H           -1.32437756908990       -1.25940445025531        0.77160730439375
H           -0.82328072338451        0.28274686246602        1.52587428477265
H            2.68050523819773        0.42956904506521       -1.17947163789578
H            3.18302811168605       -0.38705584754012        0.31443798520951
H            3.13328890237289        1.40571903567311        0.25691491843267
17
 energy: -23.954509619685 gnorm: 0.000056879338 xtb: 6.7.1 (edcfbbe)
C           -3.10698588871569        0.71437590562714        0.01747662645831
C           -1.67455835212017        0.49145357521202       -0.45002866023632
C           -0.86456901364174       -0.28693126206499        0.59821420517086
C            0.53360225863638       -0.49655904281308        0.08662879392046
O            0.90777447762192       -1.45726123642482       -0.55361535763320
O            1.32387260330096        0.52856493102707        0.38485370331899
C            2.67170927005288        0.48691977458704       -0.09077809911264
H           -3.66469116844124        1.26421693979062       -0.73560309296576
H           -3.60423372149142       -0.23669492613736        0.18936549731276
H           -3.12061315268137        1.28398368699477        0.94295304059267
H           -1.19091969374315        1.45341077516520       -0.62971800180470
H           -1.67320914902642       -0.06916289819549       -1.38717694885796
H           -1.32459284397819       -1.25945948171026        0.77067619351404
H           -0.82342805749155        0.28214885890473        1.52594895388010
H            2.68127210515478        0.42897844208045       -1.17975242377148
H            3.18253478104226       -0.38703349881128        0.31492691291587
H            3.13328435797124        1.40573647225209        0.25644252997141
17
 energy: -23.954509693693 gnorm: 0.000048670335 xtb: 6.7.1 (edcfbbe)
C           -3.10691043192113        0.71440069074066        0.01745419395578
C           -1.67433157838624        0.49191068531250       -0.44986678135593
C           -0.86467155119804       -0.28719723099216        0.59808974094519
C            0.53366374405141       -0.49685970997472        0.08694770158163
O            0.90836880338877       -1.45829045680787       -0.55189795470577
O            1.32346168602098        0.52900123676260        0.38389732185037
C            2.67149627505317        0.48706290986359       -0.09114942093070
H           -3.66467698826292        1.26410953225157       -0.73567407133114
H           -3.60390101980262       -0.23684033165347        0.18920179263340
H           -3.12086090521480        1.28394777138339        0.94296535127416
H           -1.19068207123923        1.45401914171932       -0.62873321062484
H           -1.67274379539844       -0.06804163035294       -1.38741721142004
H           -1.32486398998414       -1.25976257652500        0.76991587976738
H           -0.82370214884230        0.28136026788937        1.52615928116831
H            2.68153704833793        0.42874391498496       -1.18009841774808
H            3.18203715647247       -0.38682406365099        0.31506969226627
H            3.13302857937459        1.40594686453301        0.25594998534740
