----------------------------------------------- 
  Element       SASA      Sigma Z        Total  
     Z         Ang**2 cal/Ang**2/mol   kcal/mol 
----------------------------------------------- 
      H        136.515      48.690       6.647
      C         22.868     129.740       2.967
      O         14.955       0.000       0.000

 Subtotal:     174.337                   9.614
 -----------------------------------------------

  Elements    COT*SASA   Sigma Z,Z'     Total   
    Z,Z'       Ang**2  cal/Ang**2/mol kcal/mol  
 ---------------------------------------------- 
  H   C         82.477     -60.770      -5.012
  H   O          9.749       0.000       0.000
  C   C         16.934     -72.950      -1.235
  O   C          0.000      68.690       0.000

 Subtotal:                              -6.247
 ---------------------------------------------- 

 NONAQUEOUS SOLVENT CONTRIBUTION (kcal/mol):
 (proportional to SASA, atomic number independent)
 ---------------------------------------------- 
 Subtotal:                               0.000
 ---------------------------------------------- 

 CDS TOTAL (kcal/mol):                   3.366
...............................................................................
