----------------------------------------------- 
  Element       SASA      Sigma Z        Total  
     Z         Ang**2 cal/Ang**2/mol   kcal/mol 
----------------------------------------------- 
      H        150.857      48.690       7.345
      C         27.557     129.740       3.575
      O         17.593       0.000       0.000

 Subtotal:     196.007                  10.921
 -----------------------------------------------

  Elements    COT*SASA   Sigma Z,Z'     Total   
    Z,Z'       Ang**2  cal/Ang**2/mol kcal/mol  
 ---------------------------------------------- 
  H   C         93.699     -60.770      -5.694
  H   O          8.451       0.000       0.000
  C   C         19.634     -72.950      -1.432
  O   C          0.000      68.690       0.000

 Subtotal:                              -7.126
 ---------------------------------------------- 

 NONAQUEOUS SOLVENT CONTRIBUTION (kcal/mol):
 (proportional to SASA, atomic number independent)
 ---------------------------------------------- 
 Subtotal:                               0.000
 ---------------------------------------------- 

 CDS TOTAL (kcal/mol):                   3.794
...............................................................................
