----------------------------------------------- 
  Element       SASA      Sigma Z        Total  
     Z         Ang**2 cal/Ang**2/mol   kcal/mol 
----------------------------------------------- 
      H        150.746      48.690       7.340
      C         27.650     129.740       3.587
      O         13.814       0.000       0.000

 Subtotal:     192.210                  10.927
 -----------------------------------------------

  Elements    COT*SASA   Sigma Z,Z'     Total   
    Z,Z'       Ang**2  cal/Ang**2/mol kcal/mol  
 ---------------------------------------------- 
  H   C         93.433     -60.770      -5.678
  H   O          8.624       0.000       0.000
  C   C         20.148     -72.950      -1.470
  O   C          0.002      68.690       0.000

 Subtotal:                              -7.148
 ---------------------------------------------- 

 NONAQUEOUS SOLVENT CONTRIBUTION (kcal/mol):
 (proportional to SASA, atomic number independent)
 ---------------------------------------------- 
 Subtotal:                               0.000
 ---------------------------------------------- 

 CDS TOTAL (kcal/mol):                   3.780
...............................................................................
