----------------------------------------------- 
  Element       SASA      Sigma Z        Total  
     Z         Ang**2 cal/Ang**2/mol   kcal/mol 
----------------------------------------------- 
      H        118.681      48.690       5.779
      C         74.957     129.740       9.725
      O         47.198       0.000       0.000

 Subtotal:     240.836                  15.504
 -----------------------------------------------

  Elements    COT*SASA   Sigma Z,Z'     Total   
    Z,Z'       Ang**2  cal/Ang**2/mol kcal/mol  
 ---------------------------------------------- 
  H   C         71.863     -60.770      -4.367
  H   O          8.553       0.000       0.000
  C   C         88.856     -72.950      -6.482
  O   C         18.986      68.690       1.304
  O   O          0.000       0.000       0.000

 Subtotal:                              -9.545
 ---------------------------------------------- 

 NONAQUEOUS SOLVENT CONTRIBUTION (kcal/mol):
 (proportional to SASA, atomic number independent)
 ---------------------------------------------- 
 Subtotal:                               0.000
 ---------------------------------------------- 

 CDS TOTAL (kcal/mol):                   5.959
...............................................................................
