----------------------------------------------- 
  Element       SASA      Sigma Z        Total  
     Z         Ang**2 cal/Ang**2/mol   kcal/mol 
----------------------------------------------- 
      H         21.423      48.690       1.043
      C          5.500     129.740       0.714
      O          8.959       0.000       0.000
      F        113.333      38.180       4.327
      Cl        35.426       9.820       0.348

 Subtotal:     184.640                   6.432
 -----------------------------------------------

  Elements    COT*SASA   Sigma Z,Z'     Total   
    Z,Z'       Ang**2  cal/Ang**2/mol kcal/mol  
 ---------------------------------------------- 
  H   C         14.399     -60.770      -0.875
  H   O          0.000       0.000       0.000
  C   C          0.927     -72.950      -0.068
  O   C          1.073      68.690       0.074

 Subtotal:                              -0.869
 ---------------------------------------------- 

 NONAQUEOUS SOLVENT CONTRIBUTION (kcal/mol):
 (proportional to SASA, atomic number independent)
 ---------------------------------------------- 
 Subtotal:                               0.000
 ---------------------------------------------- 

 CDS TOTAL (kcal/mol):                   5.563
...............................................................................
