----------------------------------------------- 
  Element       SASA      Sigma Z        Total  
     Z         Ang**2 cal/Ang**2/mol   kcal/mol 
----------------------------------------------- 
      H        123.181      48.690       5.998
      C         33.221     129.740       4.310
      O         31.278       0.000       0.000

 Subtotal:     187.680                  10.308
 -----------------------------------------------

  Elements    COT*SASA   Sigma Z,Z'     Total   
    Z,Z'       Ang**2  cal/Ang**2/mol kcal/mol  
 ---------------------------------------------- 
  H   C         82.819     -60.770      -5.033
  H   O          0.000       0.000       0.000
  C   C         23.047     -72.950      -1.681
  O   C         15.965      68.690       1.097
  O   O          0.000       0.000       0.000

 Subtotal:                              -5.618
 ---------------------------------------------- 

 NONAQUEOUS SOLVENT CONTRIBUTION (kcal/mol):
 (proportional to SASA, atomic number independent)
 ---------------------------------------------- 
 Subtotal:                               0.000
 ---------------------------------------------- 

 CDS TOTAL (kcal/mol):                   4.690
...............................................................................
