14
 energy: -22.694132582080 gnorm: 0.038973817878 xtb: 6.7.1 (edcfbbe)
C           -1.01798448939358       -0.47943318443826       -0.34756093486021
C            0.12939587899402        0.30978684635154        0.25773583041452
C            1.47311152320211       -0.07337226661657       -0.35194187703853
O            1.85404387896158       -1.40985162295848       -0.00594437414219
O           -0.04325969706041        1.71532254546229        0.01474705854921
O           -2.28135466212372       -0.06952815315815        0.20465643751227
H           -0.85613779434500       -1.55437352421698       -0.19681694225327
H           -1.07531754167943       -0.27729288611466       -1.42280101916166
H            0.16417156577437        0.11946684008319        1.34467984834477
H            2.23277486026897        0.64980182468704       -0.02550876044444
H            1.41252753618741       -0.03805800174698       -1.44518151454006
H            2.01006723278380       -1.42888921000425        0.94746874408374
H           -0.96412350818218        1.91912813006730        0.23157938458262
H           -2.29008327906208       -0.33680142606117        1.13347110953712
14
 energy: -22.695417382716 gnorm: 0.020394367014 xtb: 6.7.1 (edcfbbe)
C           -1.02123872220546       -0.47469388434803       -0.34690658786409
C            0.13056609935311        0.32112183811278        0.26060765126950
C            1.47492823743186       -0.08023015920276       -0.34694396631576
O            1.85106674713553       -1.40585029518844       -0.00941822479333
O           -0.03860244428519        1.71566101736196        0.02757157732511
O           -2.27230555993935       -0.07825234158311        0.20664328868326
H           -0.85544087884561       -1.54773211786546       -0.20571585398944
H           -1.09047158614010       -0.26398709313810       -1.41659134493801
H            0.16004430421473        0.14516553810791        1.34929642441800
H            2.23677581783140        0.63816206865636       -0.02488383135121
H            1.41121582210935       -0.04997317028595       -1.43667436006033
H            2.02622509863278       -1.43703348623706        0.94154020950574
H           -0.96853655886935        1.92418979943445        0.20845972487098
H           -2.29639487209784       -0.36064180248868        1.13159828382345
14
 energy: -22.695949175671 gnorm: 0.005823301241 xtb: 6.7.1 (edcfbbe)
C           -1.02613958291700       -0.46618689487200       -0.34093402979483
C            0.13265566510471        0.33438864017262        0.26666876653338
C            1.47673807165684       -0.08752558014852       -0.34139673731648
O            1.83913103401562       -1.40378611402672       -0.01053226751293
O           -0.02977024405570        1.71652104100911        0.03577328669562
O           -2.26540376455615       -0.08786901197953        0.21664256547622
H           -0.84133622402280       -1.53767662362908       -0.21758689055456
H           -1.09955150954198       -0.23923176027929       -1.40575975774406
H            0.15805415035694        0.15915718866204        1.35616518040191
H            2.24025128971434        0.63034041702128       -0.02451662767896
H            1.40418815613192       -0.05692177166267       -1.42923127195019
H            2.04255905846125       -1.45101491178399        0.93596920872317
H           -0.97135930009388        1.93142087935335        0.16302329548833
H           -2.31218529592825       -0.39570958650075        1.13429826981727
14
 energy: -22.696014779317 gnorm: 0.004146951572 xtb: 6.7.1 (edcfbbe)
C           -1.02722792412266       -0.46261804262561       -0.33886092117320
C            0.13248625932031        0.33897379449675        0.26860014980026
C            1.47567323056384       -0.08945786189489       -0.33976323851136
O            1.83227590129753       -1.40608505394402       -0.00783811910817
O           -0.02636133465333        1.72008153718639        0.03442960323299
O           -2.26578203483373       -0.09282222602799        0.22335054194238
H           -0.83304186672617       -1.53398343929102       -0.22324315886341
H           -1.10142619947954       -0.22994876829295       -1.40324546292240
H            0.15893026815151        0.15999416754356        1.35826951032538
H            2.24058944364224        0.62903727636199       -0.02480120655963
H            1.40127169493394       -0.05706276017843       -1.42822797642936
H            2.04509826762115       -1.45524721895402        0.93614459993969
H           -0.96811513902214        1.93692834797017        0.14714730711674
H           -2.31653906236707       -0.41188384101407        1.13662136179397
14
 energy: -22.696055735049 gnorm: 0.002159763920 xtb: 6.7.1 (edcfbbe)
C           -1.02822919674093       -0.45797860237740       -0.33653338759992
C            0.13192365407881        0.34368858217264        0.27055872278702
C            1.47380997320724       -0.09104416134508       -0.33797388709491
O            1.82302639042663       -1.40958571682571       -0.00417157646018
O           -0.02125758966675        1.72520336146279        0.03298255299831
O           -2.26743769950538       -0.09947125992426        0.23190608150633
H           -0.82444453406523       -1.52901099986789       -0.22988315796038
H           -1.10521478935937       -0.21901981439294       -1.40027684863312
H            0.15885119729192        0.16276307604993        1.36054963639128
H            2.24184663868959        0.62610486684064       -0.02461184623266
H            1.39900688114236       -0.05728412607254       -1.42729550323888
H            2.04872137841592       -1.45818249827371        0.93617100871613
H           -0.96227619998092        1.94395266300296        0.12847735686125
H           -2.32049459960803       -0.43422945911357        1.13868383854362
14
 energy: -22.696069322648 gnorm: 0.001474520868 xtb: 6.7.1 (edcfbbe)
C           -1.02845707659392       -0.45490927315214       -0.33562407907662
C            0.13152209855675        0.34617228232444        0.27153256737322
C            1.47246372758468       -0.09204909264239       -0.33656579239599
O            1.81764374386952       -1.41200725703487       -0.00235870060804
O           -0.01817003469194        1.72837881066144        0.03297370394059
O           -2.26771724763290       -0.10299428381698        0.23737574476522
H           -0.82093285847273       -1.52562234264587       -0.23419359090126
H           -1.10885940530829       -0.21187888252905       -1.39838476132294
H            0.15773434054032        0.16653759629679        1.36168845553423
H            2.24263932012841        0.62279070229630       -0.02328220908574
H            1.39804540659454       -0.05808364298630       -1.42605367983507
H            2.05233956193965       -1.45918591824151        0.93560900714154
H           -0.95959907910431        1.94779317879425        0.11624917774040
H           -2.32082099308391       -0.44903596598827        1.13961714731433
14
 energy: -22.696076265938 gnorm: 0.000392367670 xtb: 6.7.1 (edcfbbe)
C           -1.02859885004673       -0.45124108937365       -0.33516603952674
C            0.13113621506288        0.34834787050258        0.27197634668068
C            1.47118979815969       -0.09308031324191       -0.33470718991496
O            1.81180650356118       -1.41496503011763       -0.00031457778600
O           -0.01542857683884        1.73162865842501        0.03280521229550
O           -2.26746333548667       -0.10645536179794        0.24430146983341
H           -0.81871007395113       -1.52157541735851       -0.24010502988929
H           -1.11455612557417       -0.20276045893373       -1.39598323509583
H            0.15559701345204        0.17270637382319        1.36229234768886
H            2.24377733374496        0.61771376115730       -0.02029446649229
H            1.39790724226270       -0.05949103397855       -1.42401278565841
H            2.05718163452296       -1.45951861539957        0.93478038417794
H           -0.95749140590527        1.95094009968062        0.10223400000617
H           -2.31851586863773       -0.46634353205137        1.14077655426483
14
 energy: -22.696076873371 gnorm: 0.000222288529 xtb: 6.7.1 (edcfbbe)
C           -1.02858815447482       -0.45189992220931       -0.33564572345299
C            0.13122132530279        0.34784387008387        0.27151418976824
C            1.47163206523280       -0.09289377382608       -0.33490682182683
O            1.81288875185545       -1.41444918625549       -0.00043408205235
O           -0.01641330382251        1.73087047633753        0.03212846658064
O           -2.26701623471666       -0.10592693341217        0.24383599690915
H           -0.81965495946641       -1.52242396680610       -0.24031229023484
H           -1.11436198927697       -0.20339928668582       -1.39630921923908
H            0.15562964684780        0.17234424719808        1.36181970895088
H            2.24362600235624        0.61821735788385       -0.02014481278559
H            1.39857638044653       -0.05946376967546       -1.42412539814497
H            2.05585117294601       -1.45936885652440        0.93522633590354
H           -0.95838953653650        1.94990050977178        0.10473094899048
H           -2.31716966236790       -0.46344485454444        1.14120569121759
14
 energy: -22.696077112090 gnorm: 0.000097523715 xtb: 6.7.1 (edcfbbe)
C           -1.02868629512944       -0.45189109233335       -0.33592158342698
C            0.13122755761963        0.34790165427615        0.27116494737578
C            1.47184569683621       -0.09291014877113       -0.33482186416585
O            1.81286172946290       -1.41446253723601       -0.00018446782143
O           -0.01661053399826        1.73079308349268        0.03118941079954
O           -2.26687708170675       -0.10633676327094        0.24436368493201
H           -0.81967324755521       -1.52248740398848       -0.24129977415635
H           -1.11489813992944       -0.20270004663537       -1.39634076673050
H            0.15543976915534        0.17271452803407        1.36151889490234
H            2.24378403515017        0.61818243019373       -0.01988410107033
H            1.39906049763496       -0.05957593636050       -1.42404049992083
H            2.05514955646439       -1.45950046177962        0.93572481026585
H           -0.95858688831938        1.94984906859046        0.10515303337216
H           -2.31620515135927       -0.46367046287587        1.14196126622847
14
 energy: -22.696077371537 gnorm: 0.000115430506 xtb: 6.7.1 (edcfbbe)
C           -1.02873967588481       -0.45194387543493       -0.33630475452794
C            0.13109565028855        0.34814474537178        0.27060639534551
C            1.47188986183666       -0.09299461644271       -0.33473640040981
O            1.81255302115632       -1.41457421659786        0.00023063397108
O           -0.01664253743880        1.73091736668254        0.02964360637554
O           -2.26678333117192       -0.10751456459064        0.24502732816382
H           -0.81915245681654       -1.52249156300552       -0.24263460925257
H           -1.11579444852762       -0.20193554132701       -1.39643383903713
H            0.15503924102309        0.17356115306043        1.36106728703675
H            2.24379058272893        0.61801434448346       -0.01945001089664
H            1.39967893862878       -0.05971023612974       -1.42400914448195
H            2.05387187087520       -1.45967009752911        0.93642238599745
H           -0.95827785448576        1.95038538523483        0.10623325491363
H           -2.31469735788623       -0.46428237243967        1.14292085738615
14
 energy: -22.696077620229 gnorm: 0.000107594045 xtb: 6.7.1 (edcfbbe)
C           -1.02880566398250       -0.45179978765928       -0.33655157463233
C            0.13091118811232        0.34861031103504        0.27016835442136
C            1.47178983781520       -0.09314990848621       -0.33453251416702
O            1.81180547831481       -1.41478975068056        0.00065159645470
O           -0.01622192186341        1.73124543962284        0.02818650198399
O           -2.26677473910359       -0.10911309387483        0.24585159258171
H           -0.81812703943152       -1.52222444717312       -0.24397248485719
H           -1.11682950593111       -0.20094606486532       -1.39640584528800
H            0.15447298984720        0.17472962611356        1.36075199430074
H            2.24386212554529        0.61761588409066       -0.01905159304928
H            1.40000313556664       -0.05991031765971       -1.42384182483107
H            2.05280204099143       -1.45993329340505        0.93693800651678
H           -0.95758082388772        1.95160199645320        0.10660297703376
H           -2.31347559766718       -0.46603068217538        1.14378780411573
14
 energy: -22.696077811530 gnorm: 0.000069137581 xtb: 6.7.1 (edcfbbe)
C           -1.02882346995731       -0.45155668211235       -0.33671203018798
C            0.13073314893861        0.34913477752818        0.26983264759935
C            1.47158957764932       -0.09333279382790       -0.33436274428599
O            1.81091160254170       -1.41509427892535        0.00113288309288
O           -0.01575897280959        1.73170483122087        0.02699026267031
O           -2.26681282365757       -0.11058101921693        0.24663917720044
H           -0.81706171092792       -1.52186611858548       -0.24506407769310
H           -1.11768413801142       -0.20005041647760       -1.39636419862832
H            0.15400289128330        0.17586819040051        1.36051523237018
H            2.24390163139504        0.61713612840899       -0.01881292887403
H            1.40006879898331       -0.06019595012534       -1.42369952302551
H            2.05204956879065       -1.46007371143394        0.93735796798815
H           -0.95667580338350        1.95306071944857        0.10679458745773
H           -2.31260879650877       -0.46824776496639        1.14433573489977
14
 energy: -22.696077903880 gnorm: 0.000041893625 xtb: 6.7.1 (edcfbbe)
C           -1.02885538020926       -0.45133476670780       -0.33680447673175
C            0.13062672050347        0.34951351183630        0.26965939910165
C            1.47143946736511       -0.09346187200070       -0.33427302297226
O            1.81023962719808       -1.41527193340595        0.00154169015053
O           -0.01531883291155        1.73203641513215        0.02633806744036
O           -2.26679581105256       -0.11154838451723        0.24729654282714
H           -0.81637690563873       -1.52157665780582       -0.24588515638917
H           -1.11833387051056       -0.19928327389146       -1.39629403799722
H            0.15369228338165        0.17658907219454        1.36039683110035
H            2.24394788605575        0.61677914634189       -0.01874076165096
H            1.40008151412273       -0.06049079905922       -1.42362985493021
H            2.05159207449288       -1.46007382999386        0.93769798875161
H           -0.95604534572657        1.95411095526244        0.10663585603210
H           -2.31206192274459       -0.47008167204943        1.14464392585170
