----------------------------------------------- 
  Element       SASA      Sigma Z        Total  
     Z         Ang**2 cal/Ang**2/mol   kcal/mol 
----------------------------------------------- 
      H         68.664      48.690       3.343
      C         20.945     129.740       2.717
      O         70.228       0.000       0.000
      S          3.469      -9.100      -0.032

 Subtotal:     163.306                   6.029
 -----------------------------------------------

  Elements    COT*SASA   Sigma Z,Z'     Total   
    Z,Z'       Ang**2  cal/Ang**2/mol kcal/mol  
 ---------------------------------------------- 
  H   C         46.308     -60.770      -2.814
  H   O          0.000       0.000       0.000
  C   C          0.000     -72.950      -0.000
  O   C          0.000      68.690       0.000
  O   O          0.000       0.000       0.000

 Subtotal:                              -2.814
 ---------------------------------------------- 

 NONAQUEOUS SOLVENT CONTRIBUTION (kcal/mol):
 (proportional to SASA, atomic number independent)
 ---------------------------------------------- 
 Subtotal:                               0.000
 ---------------------------------------------- 

 CDS TOTAL (kcal/mol):                   3.215
...............................................................................
