----------------------------------------------- 
  Element       SASA      Sigma Z        Total  
     Z         Ang**2 cal/Ang**2/mol   kcal/mol 
----------------------------------------------- 
      H        119.887      48.690       5.837
      C         34.368     129.740       4.459
      O         30.060       0.000       0.000

 Subtotal:     184.315                  10.296
 -----------------------------------------------

  Elements    COT*SASA   Sigma Z,Z'     Total   
    Z,Z'       Ang**2  cal/Ang**2/mol kcal/mol  
 ---------------------------------------------- 
  H   C         80.848     -60.770      -4.913
  H   O          0.000       0.000       0.000
  C   C         23.722     -72.950      -1.731
  O   C         16.064      68.690       1.103
  O   O          0.000       0.000       0.000

 Subtotal:                              -5.540
 ---------------------------------------------- 

 NONAQUEOUS SOLVENT CONTRIBUTION (kcal/mol):
 (proportional to SASA, atomic number independent)
 ---------------------------------------------- 
 Subtotal:                               0.000
 ---------------------------------------------- 

 CDS TOTAL (kcal/mol):                   4.756
...............................................................................
