17
 energy: -346.943543067529 gnorm: 0.001197181358 xtb: 6.7.1 (edcfbbe)
C           -2.10246421754488        1.24521289330037        0.67997228474660
C           -1.96131324491950       -0.06342031751567       -0.08691673772449
C           -0.57047406670779       -0.62301568366413       -0.21265825733635
O           -0.33041385617505       -1.75699552662559       -0.60298238396782
O            0.38765748128703        0.25160000958708        0.12752343514222
C            1.77148390716536       -0.21266215148733        0.00151392273949
C            2.65898319272561        0.93155606406699        0.41919706719053
H           -3.15904186340404        1.52158683427221        0.74142773342601
H           -1.71742635312078        1.15148155043554        1.69934236367224
H           -1.56885042365026        2.06036314580271        0.18550611827831
H           -2.32875621571829        0.04896079232998       -1.11593986952527
H           -2.56919346136569       -0.85614727807760        0.36154761217012
H            1.89854573501610       -1.08784315610715        0.64538830916726
H            1.93984836585422       -0.50791299176822       -1.03831962576503
H            3.70405812023895        0.61462732088508        0.35181603810477
H            2.51912339398037        1.79809828098079       -0.23400073408929
H            2.45670076307840        1.22759168033511        1.45276505727045
17
 energy: -346.943547434856 gnorm: 0.000506743621 xtb: 6.7.1 (edcfbbe)
C           -2.10345138054316        1.24506605443518        0.67935262620281
C           -1.96135758947980       -0.06393507222434       -0.08572070201845
C           -0.57033722186707       -0.62195489661829       -0.21293847184269
O           -0.33042147568975       -1.75527006750731       -0.60489102344181
O            0.38759112681387        0.25234464741298        0.12664049305711
C            1.77083842835224       -0.21182852465960        0.00193571897541
C            2.66021037100725        0.93078594113968        0.41956797093556
H           -3.15965531647686        1.52141278763638        0.73878358209092
H           -1.72062535256665        1.15160758859196        1.69947673390468
H           -1.56875197979778        2.06026757216317        0.18549248383283
H           -2.32893683228273        0.04695376032118       -1.11445877225416
H           -2.56913229279616       -0.85615819663622        0.36381155856890
H            1.89739992241955       -1.08746954609358        0.64534614515663
H            1.94053411168664       -0.50709120785691       -1.03759523802221
H            3.70492709028370        0.61410294285540        0.34935814928396
H            2.51951958246951        1.79751250196900       -0.23231453977738
H            2.46011611030824        1.22673515422053        1.45333564143126
17
 energy: -346.943547434856 gnorm: 0.000506743621 xtb: 6.7.1 (edcfbbe)
C           -2.10345138054316        1.24506605443518        0.67935262620281
C           -1.96135758947980       -0.06393507222434       -0.08572070201845
C           -0.57033722186707       -0.62195489661829       -0.21293847184269
O           -0.33042147568975       -1.75527006750731       -0.60489102344181
O            0.38759112681387        0.25234464741298        0.12664049305711
C            1.77083842835224       -0.21182852465960        0.00193571897541
C            2.66021037100725        0.93078594113968        0.41956797093556
H           -3.15965531647686        1.52141278763638        0.73878358209092
H           -1.72062535256665        1.15160758859196        1.69947673390468
H           -1.56875197979778        2.06026757216317        0.18549248383283
H           -2.32893683228273        0.04695376032118       -1.11445877225416
H           -2.56913229279616       -0.85615819663622        0.36381155856890
H            1.89739992241955       -1.08746954609358        0.64534614515663
H            1.94053411168664       -0.50709120785691       -1.03759523802221
H            3.70492709028370        0.61410294285540        0.34935814928396
H            2.51951958246951        1.79751250196900       -0.23231453977738
H            2.46011611030824        1.22673515422053        1.45333564143126
