14
 energy: -344.746856716436 gnorm: 0.001263795838 xtb: 6.7.1 (edcfbbe)
C           -1.05448345215143       -0.12713533148518        0.73691035531414
C            0.24436437237368        0.56344424202655        0.34669348906848
C            1.16915996893777       -0.30700272990029       -0.49761095375676
O            1.57423355917310       -1.48752954014519        0.20462613112232
O           -0.02368032761907        1.72916234586345       -0.45428383591832
O           -1.82499692041258       -0.53576288986724       -0.40094054726065
H           -1.64058187025839        0.55149319314572        1.37504082383391
H           -0.83446549073909       -1.03079846005567        1.31356911366843
H            0.76909693798542        0.84653531441346        1.27346723064525
H            2.04052594664936        0.28683717549852       -0.80299397042891
H            0.64754742865349       -0.64241544914685       -1.39922931480917
H            2.12747084009110       -1.21017406069065        0.94678782618146
H           -0.56556095774667        2.32929040060973        0.07461574732503
H           -1.97253685026551        0.25601512716118       -0.93610369190092
14
 energy: -344.746860725414 gnorm: 0.000480868852 xtb: 6.7.1 (edcfbbe)
C           -1.05441955182014       -0.12697650563161        0.73738537391308
C            0.24395609114890        0.56273605399880        0.34655901638046
C            1.16877183546507       -0.30685724813396       -0.49823468567919
O            1.57415506275149       -1.48761722539765        0.20308809265961
O           -0.02356963094835        1.72979711674845       -0.45409051207485
O           -1.82496526112148       -0.53822081311406       -0.39965098940980
H           -1.64130331290927        0.55236667459781        1.37379412748141
H           -0.83451279592878       -1.02926439422499        1.31557159200740
H            0.76896357560856        0.84548090161632        1.27340125997361
H            2.03998876490196        0.28792646246866       -0.80304520356356
H            0.64788033634658       -0.64146610787266       -1.40034151040608
H            2.12494940815439       -1.21007679171823        0.94695817832841
H           -0.56272335404622        2.33169107701758        0.07651104226237
H           -1.97107802619480        0.25244017844198       -0.93735734153906
14
 energy: -344.746860725414 gnorm: 0.000480868852 xtb: 6.7.1 (edcfbbe)
C           -1.05441955182014       -0.12697650563161        0.73738537391308
C            0.24395609114890        0.56273605399880        0.34655901638046
C            1.16877183546507       -0.30685724813396       -0.49823468567919
O            1.57415506275149       -1.48761722539765        0.20308809265961
O           -0.02356963094835        1.72979711674845       -0.45409051207485
O           -1.82496526112148       -0.53822081311406       -0.39965098940980
H           -1.64130331290927        0.55236667459781        1.37379412748141
H           -0.83451279592878       -1.02926439422499        1.31557159200740
H            0.76896357560856        0.84548090161632        1.27340125997361
H            2.03998876490196        0.28792646246866       -0.80304520356356
H            0.64788033634658       -0.64146610787266       -1.40034151040608
H            2.12494940815439       -1.21007679171823        0.94695817832841
H           -0.56272335404622        2.33169107701758        0.07651104226237
H           -1.97107802619480        0.25244017844198       -0.93735734153906
