----------------------------------------------- 
  Element       SASA      Sigma Z        Total  
     Z         Ang**2 cal/Ang**2/mol   kcal/mol 
----------------------------------------------- 
      H        134.691      48.690       6.558
      C         23.310     129.740       3.024
      O         17.516       0.000       0.000

 Subtotal:     175.517                   9.582
 -----------------------------------------------

  Elements    COT*SASA   Sigma Z,Z'     Total   
    Z,Z'       Ang**2  cal/Ang**2/mol kcal/mol  
 ---------------------------------------------- 
  H   C         82.328     -60.770      -5.003
  H   O          8.637       0.000       0.000
  C   C         18.783     -72.950      -1.370
  O   C          0.000      68.690       0.000

 Subtotal:                              -6.373
 ---------------------------------------------- 

 NONAQUEOUS SOLVENT CONTRIBUTION (kcal/mol):
 (proportional to SASA, atomic number independent)
 ---------------------------------------------- 
 Subtotal:                               0.000
 ---------------------------------------------- 

 CDS TOTAL (kcal/mol):                   3.209
...............................................................................
