----------------------------------------------- 
  Element       SASA      Sigma Z        Total  
     Z         Ang**2 cal/Ang**2/mol   kcal/mol 
----------------------------------------------- 
      H        136.940      48.690       6.668
      C         57.754     129.740       7.493
      N         26.859       0.000       0.000

 Subtotal:     221.554                  14.161
 -----------------------------------------------

  Elements    COT*SASA   Sigma Z,Z'     Total   
    Z,Z'       Ang**2  cal/Ang**2/mol kcal/mol  
 ---------------------------------------------- 
  H   C         92.095     -60.770      -5.597
  C   C         42.555     -72.950      -3.104
  C   N         18.336       0.000       0.000
  N   C         85.835     -48.220      -4.139
  N  C(3)        0.000      84.100       0.000

 Subtotal:                             -12.840
 ---------------------------------------------- 

 NONAQUEOUS SOLVENT CONTRIBUTION (kcal/mol):
 (proportional to SASA, atomic number independent)
 ---------------------------------------------- 
 Subtotal:                               0.000
 ---------------------------------------------- 

 CDS TOTAL (kcal/mol):                   1.321
...............................................................................
