----------------------------------------------- 
  Element       SASA      Sigma Z        Total  
     Z         Ang**2 cal/Ang**2/mol   kcal/mol 
----------------------------------------------- 
      H        119.963      48.690       5.841
      C         34.344     129.740       4.456
      O         30.108       0.000       0.000

 Subtotal:     184.415                  10.297
 -----------------------------------------------

  Elements    COT*SASA   Sigma Z,Z'     Total   
    Z,Z'       Ang**2  cal/Ang**2/mol kcal/mol  
 ---------------------------------------------- 
  H   C         80.898     -60.770      -4.916
  H   O          0.000       0.000       0.000
  C   C         23.697     -72.950      -1.729
  O   C         16.091      68.690       1.105
  O   O          0.000       0.000       0.000

 Subtotal:                              -5.540
 ---------------------------------------------- 

 NONAQUEOUS SOLVENT CONTRIBUTION (kcal/mol):
 (proportional to SASA, atomic number independent)
 ---------------------------------------------- 
 Subtotal:                               0.000
 ---------------------------------------------- 

 CDS TOTAL (kcal/mol):                   4.757
...............................................................................
