----------------------------------------------- 
  Element       SASA      Sigma Z        Total  
     Z         Ang**2 cal/Ang**2/mol   kcal/mol 
----------------------------------------------- 
      H         93.392      48.690       4.547
      C          9.852     129.740       1.278
      O         48.875       0.000       0.000

 Subtotal:     152.118                   5.825
 -----------------------------------------------

  Elements    COT*SASA   Sigma Z,Z'     Total   
    Z,Z'       Ang**2  cal/Ang**2/mol kcal/mol  
 ---------------------------------------------- 
  H   C         39.620     -60.770      -2.408
  H   O         24.449       0.000       0.000
  C   C          6.744     -72.950      -0.492
  O   C          0.595      68.690       0.041
  O   O          0.000       0.000       0.000

 Subtotal:                              -2.859
 ---------------------------------------------- 

 NONAQUEOUS SOLVENT CONTRIBUTION (kcal/mol):
 (proportional to SASA, atomic number independent)
 ---------------------------------------------- 
 Subtotal:                               0.000
 ---------------------------------------------- 

 CDS TOTAL (kcal/mol):                   2.967
...............................................................................
