17
 energy: -23.956409461675 gnorm: 0.033949475672 xtb: 6.7.1 (edcfbbe)
C           -2.67181781700852        0.39610808227055        0.57836996142860
C           -1.70984953295706        0.46454345556691       -0.61703551558874
C           -0.41113131706526       -0.20275573804916       -0.26591306949302
O           -0.17241057519928       -1.38810988880700       -0.43880060021300
O            0.44866773384609        0.65224656905613        0.32003287895598
C            1.73649929247960        0.11115578179695        0.75692027941472
C            2.72147567156880        0.07769714073427       -0.38931723936622
H           -2.26403291617977        0.93092238548149        1.44089999583547
H           -3.62733608468023        0.85479728251998        0.31058156018951
H           -2.85910695434008       -0.64197041001758        0.86875147604835
H           -1.52632205036735        1.50581883750085       -0.89396468251525
H           -2.13543495553721       -0.06322937031716       -1.47395746076718
H            2.05875501870084        0.79918547538680        1.54076798474228
H            1.57428849330084       -0.87860168203321        1.19088323446465
H            2.38745270289001       -0.59769591609655       -1.18157732224223
H            2.86176832726027        1.07801588900704       -0.80914006382210
H            3.68838409020667       -0.27778104793496       -0.01905027142727
17
 energy: -23.957464853527 gnorm: 0.013622097597 xtb: 6.7.1 (edcfbbe)
C           -2.66736864149251        0.39703507365280        0.57535655476423
C           -1.70704836220654        0.46400535693739       -0.61536715554804
C           -0.41166051589237       -0.20767794870302       -0.25320234371855
O           -0.17105865710260       -1.38382568688421       -0.43097621317907
O            0.44513953566728        0.63914208984937        0.32285041720786
C            1.72870716893036        0.11679593183335        0.75327200302170
C            2.72307588011791        0.07933280198286       -0.38876115702328
H           -2.25131245274257        0.92689495207661        1.43032134292060
H           -3.61647539942680        0.85580106370143        0.30694306307781
H           -2.84813076446799       -0.63852734082242        0.85937438255206
H           -1.51432629238829        1.50430050184422       -0.87882634676635
H           -2.13789807821323       -0.06233233627447       -1.46844341622313
H            2.04558602936458        0.80627647602206        1.53728320067104
H            1.56621429318128       -0.88032596595828        1.17064541083470
H            2.38069151088337       -0.59603332493867       -1.17119749786153
H            2.85177774052263        1.07421590046672       -0.81113837585611
H            3.68393613218387       -0.27473069872042       -0.01968272322937
17
 energy: -23.957663990947 gnorm: 0.005012728057 xtb: 6.7.1 (edcfbbe)
C           -2.66044147296947        0.39845026538705        0.57655955483368
C           -1.70368610576827        0.46453098114478       -0.61696698462750
C           -0.40686285717383       -0.21116005521606       -0.25854177219533
O           -0.17243427924170       -1.38853621510722       -0.42541085992374
O            0.44396815193245        0.63021449799347        0.31649553508513
C            1.71853940683185        0.11892553024300        0.75328136226293
C            2.72002989722206        0.08273287212009       -0.38809639085126
H           -2.23921931778042        0.92553138790493        1.42790681279728
H           -3.60734523895545        0.85735704783744        0.31134260627837
H           -2.83908312389589       -0.63595655629272        0.85809581272689
H           -1.50321038156552        1.50312551337278       -0.87483007473888
H           -2.13838688767821       -0.06042571886401       -1.46713911175340
H            2.03142510515574        0.80864218887507        1.53761227514288
H            1.56242983090575       -0.88386006255528        1.16174668326743
H            2.37579382140282       -0.59625577738563       -1.16439499655294
H            2.84170551758608        1.07456438871257       -0.81388040255529
H            3.67662706091036       -0.26753344210493       -0.01532890355166
17
 energy: -23.957693724790 gnorm: 0.001642743664 xtb: 6.7.1 (edcfbbe)
C           -2.65768186971877        0.39902466453931        0.57681098501455
C           -1.70297925355242        0.46505198443998       -0.61906063729303
C           -0.40882348140027       -0.21527731242973       -0.25569258366232
O           -0.17600869323868       -1.39396442749529       -0.42447202495137
O            0.44264045472324        0.62657442037286        0.31432680504724
C            1.71461384661488        0.11899750136929        0.75299278464582
C            2.71905325852484        0.08453217215485       -0.38819419822459
H           -2.23360946834992        0.92483227709641        1.42787984698247
H           -3.60434553118662        0.85979020763257        0.31366416713783
H           -2.83689921514250       -0.63572608904035        0.85775998711779
H           -1.49777605360982        1.50326081619620       -0.87443932529650
H           -2.13833907336821       -0.05711578929207       -1.47027948416142
H            2.02685866618292        0.80824582769475        1.53761532749276
H            1.56416428123110       -0.88499008539267        1.16135659721568
H            2.37632302457489       -0.59754774527097       -1.16279467513884
H            2.83649187131438        1.07624347314909       -0.81566320498527
H            3.67616636331930       -0.26158504965889       -0.01335922129624
17
 energy: -23.957703056896 gnorm: 0.001791733336 xtb: 6.7.1 (edcfbbe)
C           -2.65489021097255        0.40039570919525        0.57743851223223
C           -1.70313613327525        0.46456430968454       -0.62148713971679
C           -0.40993252839849       -0.21918174289213       -0.25932674782359
O           -0.18291243575885       -1.40098089819085       -0.42266112937906
O            0.44176887637113        0.62280304004115        0.30982167258905
C            1.71141142712526        0.11766121432084        0.75282454367850
C            2.71912389196063        0.08677454538598       -0.38718543577383
H           -2.22626607095689        0.92495608280049        1.42781579963752
H           -3.60226870655411        0.86380791870582        0.31872844541044
H           -2.83545125937304       -0.63467874796062        0.85864279766179
H           -1.49443407290218        1.50226712332264       -0.87621320391968
H           -2.14183299799647       -0.05432990122416       -1.47287230410228
H            2.02214164102620        0.80590940886096        1.53910704342570
H            1.56585955619896       -0.88705095098715        1.16153124910381
H            2.38140027426841       -0.59900736763396       -1.16136439941969
H            2.83087113730898        1.07892624934087       -0.81633227056156
H            3.67839673884660       -0.25248914670431       -0.01001628739802
17
 energy: -23.957707278667 gnorm: 0.000689159830 xtb: 6.7.1 (edcfbbe)
C           -2.65471092542050        0.40106283768444        0.57750528087198
C           -1.70360075812088        0.46411968997037       -0.62167783522780
C           -0.41132945749424       -0.22054648230660       -0.25891467518497
O           -0.18517326629331       -1.40207297929170       -0.42171779210478
O            0.44168935537663        0.62167482652962        0.30887871924190
C            1.71173975189686        0.11626890734952        0.75196853844880
C            2.72014391744199        0.08760249629193       -0.38684710972340
H           -2.22523049631573        0.92522732681823        1.42760609139586
H           -3.60165754150951        0.86555888696722        0.31941185956437
H           -2.83657841955515       -0.63360736546911        0.85912934254563
H           -1.49453809389428        1.50172063703833       -0.87695364477061
H           -2.14318039400567       -0.05447015761063       -1.47286141429277
H            2.02116767882288        0.80419284963886        1.53931373922961
H            1.56533790991967       -0.88852151131526        1.16002228199093
H            2.38579207947452       -0.59927336095787       -1.16140300921997
H            2.82971525945690        1.07992691598259       -0.81612205063302
H            3.68026252713817       -0.24851667125457       -0.00888717648719
17
 energy: -23.957712078636 gnorm: 0.000726953751 xtb: 6.7.1 (edcfbbe)
C           -2.65427487269769        0.40322661866014        0.57809955829140
C           -1.70454437141020        0.46309646092455       -0.62199951457958
C           -0.41361914312360       -0.22370282151181       -0.25924206716965
O           -0.18986491484964       -1.40559697414030       -0.41835774636906
O            0.44160581218283        0.61882476339462        0.30532426525715
C            1.71146244887983        0.11312064708367        0.74978137101810
C            2.72260595503071        0.09005183883821       -0.38590777019246
H           -2.22202995513991        0.92605961148183        1.42738983287268
H           -3.59998224423371        0.87049855585132        0.32126393256441
H           -2.83887006489049       -0.63068403079458        0.86009609332175
H           -1.49394758105598        1.50008374146336       -0.87859718026389
H           -2.14621718394286       -0.05549003606578       -1.47208904605505
H            2.01753966138701        0.79926304346612        1.54022584993626
H            1.56401697518139       -0.89301611462294        1.15416003250120
H            2.39592392747133       -0.59997186075996       -1.16076946404034
H            2.82577531534484        1.08268461767040       -0.81581541491350
H            3.68426936278450       -0.23810121487351       -0.00511158653487
17
 energy: -23.957714670137 gnorm: 0.000696985288 xtb: 6.7.1 (edcfbbe)
C           -2.65432090018393        0.40535104808430        0.57874089889933
C           -1.70548341387339        0.46197735149136       -0.62235386845271
C           -0.41552576598983       -0.22639799251629       -0.25911033248206
O           -0.19370761045920       -1.40910107473558       -0.41514650160897
O            0.44180047826704        0.61646584083671        0.30196603400464
C            1.71105978691634        0.11019072278129        0.74802709075116
C            2.72493220077247        0.09266719924954       -0.38527385697935
H           -2.21966083184188        0.92717733064284        1.42743855742559
H           -3.59878704992181        0.87551251201212        0.32261244901975
H           -2.84181541349958       -0.62790494189124        0.86132709186221
H           -1.49303828406139        1.49819615495383       -0.88044464218923
H           -2.14872257542126       -0.05695441442633       -1.47143304409403
H            2.01444542630672        0.79367384428941        1.54177726486019
H            1.56331412038778       -0.89751582596966        1.14832530107543
H            2.40495407227875       -0.60007005574422       -1.16053936300769
H            2.82255808001683        1.08564456484711       -0.81571597134137
H            3.68784680722470       -0.22856541783983       -0.00174596209830
17
 energy: -23.957716129327 gnorm: 0.000329429503 xtb: 6.7.1 (edcfbbe)
C           -2.65480857153208        0.40729630651745        0.57918304746934
C           -1.70616071828321        0.46076756384970       -0.62231567531789
C           -0.41646781833822       -0.22812810385952       -0.25896386282124
O           -0.19606377620030       -1.41159756558446       -0.41240263785864
O            0.44213144906397        0.61472593950232        0.29977508990093
C            1.71081452660337        0.10786724919526        0.74671406752274
C            2.72688404563919        0.09491886000725       -0.38488285860499
H           -2.21869058030243        0.92878158000459        1.42735327951899
H           -3.59822908096741        0.87946737458251        0.32286157510498
H           -2.84452551896827       -0.62533212378983        0.86253237094191
H           -1.49269393775576        1.49628666317157       -0.88213607604123
H           -2.15029860165750       -0.05920836401589       -1.47024532879272
H            2.01244944743754        0.78859248543638        1.54338395889034
H            1.56315489830245       -0.90145097786566        1.14288999798056
H            2.41109860013679       -0.59883437330784       -1.16087606091133
H            2.82087808640212        1.08843175794367       -0.81478658568526
H            3.69037667733810       -0.22223742572217        0.00036684434809
17
 energy: -23.957716860840 gnorm: 0.000123090119 xtb: 6.7.1 (edcfbbe)
C           -2.65521046803985        0.40862846275897        0.57933997095632
C           -1.70643794963889        0.45982316673261       -0.62225114714307
C           -0.41694530212076       -0.22928927460652       -0.25833503306046
O           -0.19731059828505       -1.41319454632218       -0.41080252069910
O            0.44240041652778        0.61350271638478        0.29904216583008
C            1.71077033258459        0.10631774973470        0.74613461815588
C            2.72783220836857        0.09656233422044       -0.38482897551290
H           -2.21855858465246        0.93044731401963        1.42707265642830
H           -3.59800755872572        0.88176927732148        0.32237012550111
H           -2.84627420507681       -0.62349706518965        0.86370809265661
H           -1.49240619769867        1.49484856108403       -0.88360835961095
H           -2.15082763915733       -0.06123009103239       -1.46938469199110
H            2.01157004615045        0.78514610835630        1.54466836270037
H            1.56350376397444       -0.90408596037750        1.13963458344274
H            2.41375094475301       -0.59667562582436       -1.16198167171407
H            2.82057898008196        1.09081341524503       -0.81330704452566
H            3.69142093787311       -0.21953969644002        0.00098001423044
17
 energy: -23.957717563639 gnorm: 0.000271554323 xtb: 6.7.1 (edcfbbe)
C           -2.65553169516725        0.40983156316420        0.57937769043447
C           -1.70659991991684        0.45879743191828       -0.62219880717354
C           -0.41715431745681       -0.23021601783694       -0.25778386167090
O           -0.19796441427472       -1.41436662708829       -0.40974043219581
O            0.44247891508920        0.61246778037188        0.29908436437274
C            1.71083021004562        0.10508976950017        0.74586060591876
C            2.72840585147108        0.09798516050021       -0.38478296031485
H           -2.21871986452159        0.93251845084455        1.42652474995968
H           -3.59798944942015        0.88324971039344        0.32156758415272
H           -2.84733527283287       -0.62179613907587        0.86508391679788
H           -1.49232328709708        1.49336333902638       -0.88518939997862
H           -2.15110437619098       -0.06347783339837       -1.46853914609695
H            2.01115284707691        0.78236001556403        1.54585962528643
H            1.56403524947773       -0.90618728512529        1.13722387867705
H            2.41454757871071       -0.59345166924243       -1.16362743686147
H            2.82128990420768        1.09321630258821       -0.81094903969797
H            3.69183116771770       -0.21903710603879        0.00067981403496
17
 energy: -23.957718545833 gnorm: 0.000367410638 xtb: 6.7.1 (edcfbbe)
C           -2.65564906397082        0.41140972722034        0.57932865101368
C           -1.70663226035551        0.45732056454109       -0.62227431231985
C           -0.41736928213892       -0.23167123336422       -0.25697452133091
O           -0.19852836311837       -1.41596553307164       -0.40869186905395
O            0.44238748990165        0.61091518136876        0.29964118427830
C            1.71088228505038        0.10353873316782        0.74578591965140
C            2.72867094927516        0.09993934597346       -0.38475625909198
H           -2.21868191356772        0.93574600220689        1.42538534360558
H           -3.59783868257406        0.88475579085442        0.32034787218317
H           -2.84807200869865       -0.61948360718785        0.86728623977329
H           -1.49194767725149        1.49124553362423       -0.88752846035238
H           -2.15139605266359       -0.06657170939441       -1.46749392965070
H            2.01060850778330        0.77905520791694        1.54749516882756
H            1.56484654024720       -0.90881445310988        1.13463258169141
H            2.41416459157968       -0.58810631552733       -1.16639256370512
H            2.82273175431714        1.09676600409913       -0.80696932898819
H            3.69167231310298       -0.21973239325238       -0.00037057088672
17
 energy: -23.957719730027 gnorm: 0.000338057863 xtb: 6.7.1 (edcfbbe)
C           -2.65549558450568        0.41390596144718        0.57929040037894
C           -1.70668520318871        0.45497338893382       -0.62261034447670
C           -0.41789429010588       -0.23424385862110       -0.25599773884073
O           -0.19948793311054       -1.41868289868751       -0.40717511189366
O            0.44192338894501        0.60832116039834        0.30052005713197
C            1.71085336130892        0.10109906453462        0.74567429700209
C            2.72896044441282        0.10297142329296       -0.38456133924485
H           -2.21805351340260        0.94075421654869        1.42354353617550
H           -3.59735055561980        0.88710935926867        0.31878722873431
H           -2.84878021564840       -0.61584989809191        0.87074521075797
H           -1.49106692917064        1.48788137695744       -0.89114699768293
H           -2.15213870089563       -0.07104695731127       -1.46616767653531
H            2.00946364416758        0.77412416603073        1.54992835742174
H            1.56599816379380       -0.91281072878206        1.13089901352460
H            2.41354730604710       -0.57983913346401       -1.17047513923963
H            2.82456381431903        1.10222991023110       -0.80071752661189
H            3.69149192957198       -0.22054970662031       -0.00208508095686
17
 energy: -23.957720538900 gnorm: 0.000203258307 xtb: 6.7.1 (edcfbbe)
C           -2.65505808779478        0.41620077517625        0.57929345230113
C           -1.70671136228436        0.45286461787779       -0.62305241965593
C           -0.41852652281896       -0.23690755734320       -0.25537277814460
O           -0.20054756428518       -1.42143780575813       -0.40591645194603
O            0.44142108144657        0.60567851258349        0.30098818429344
C            1.71067431111242        0.09873812545479        0.74555480188517
C            2.72910485055597        0.10581486742963       -0.38429459045134
H           -2.21667638290593        0.94514077533863        1.42171597150626
H           -3.59655533934269        0.88955078572386        0.31781454946799
H           -2.84925334144738       -0.61247131686295        0.87392272772584
H           -1.48993484555990        1.48480797098607       -0.89437320069671
H           -2.15323811463428       -0.07473440527792       -1.46504876692697
H            2.00794868401976        0.76960739339472        1.55214595346540
H            1.56683079932389       -0.91657552772349        1.12747059873135
H            2.41365808033737       -0.57291288638030       -1.17374203119497
H            2.82533608768102        1.10708281080181       -0.79542971041565
H            3.69137679351482       -0.22010028935568       -0.00322514429981
17
 energy: -23.957721010890 gnorm: 0.000081461020 xtb: 6.7.1 (edcfbbe)
C           -2.65452745646587        0.41758799244896        0.57944807904314
C           -1.70683999929433        0.45167049697715       -0.62347519139996
C           -0.41907883833092       -0.23858355773092       -0.25535758334056
O           -0.20130778555638       -1.42314842591881       -0.40549033084098
O            0.44093429827130        0.60404885462961        0.30099139042391
C            1.71038616578479        0.09729768507710        0.74535278497886
C            2.72926648147835        0.10741890037976       -0.38397076397238
H           -2.21532125413494        0.94750088726196        1.42080853675199
H           -3.59581659987270        0.89118701693043        0.31773692729755
H           -2.84932176037340       -0.61046644886062        0.87576604359205
H           -1.48925280936972        1.48305126688509       -0.89625148457593
H           -2.15420818965072       -0.07660939230318       -1.46458808084889
H            2.00669752126401        0.76696676924432        1.55330579166583
H            1.56711782613752       -0.91878494713338        1.12541068004206
H            2.41448075133718       -0.56967639943968       -1.17504076805227
H            2.82499600903268        1.10964836970864       -0.79280859678445
H            3.69164476666152       -0.21876222209105       -0.00338628833540
17
 energy: -23.957721345113 gnorm: 0.000089046458 xtb: 6.7.1 (edcfbbe)
C           -2.65402492436362        0.41833475288443        0.57964299708370
C           -1.70698000461956        0.45106292153304       -0.62380192004334
C           -0.41940358887419       -0.23949779077631       -0.25573225775351
O           -0.20165185273566       -1.42402655395764       -0.40581177729076
O            0.44060999804739        0.60312125816466        0.30076914343588
C            1.71008694428885        0.09647261225043        0.74525280237154
C            2.72930832084849        0.10823428386339       -0.38368424637316
H           -2.21397828461898        0.94867276751183        1.42027781572667
H           -3.59522460076777        0.89222292338841        0.31816191188557
H           -2.84914685610550       -0.60938101878137        0.87688923648514
H           -1.48896355161211        1.48213636813184       -0.89735735557639
H           -2.15510931330935       -0.07750144872269       -1.46431843236816
H            2.00571195092730        0.76555120206549        1.55395398710742
H            1.56701218820269       -0.92000183869727        1.12431698641610
H            2.41555101639406       -0.56867824018437       -1.17529206557573
H            2.82417834732490        1.11079012494497       -0.79186276575543
H            3.69187333789143       -0.21716547755348       -0.00295291413096
17
 energy: -23.957721670314 gnorm: 0.000134148732 xtb: 6.7.1 (edcfbbe)
C           -2.65338667562399        0.41893978618814        0.57997039183696
C           -1.70720258470002        0.45060028405074       -0.62419331629484
C           -0.41965976996224       -0.24011196823612       -0.25638109975830
O           -0.20170469457778       -1.42453061698841       -0.40684575314457
O            0.44018704274425        0.60243887056446        0.30055540995823
C            1.70966369437093        0.09586980296305        0.74516913100692
C            2.72932831671122        0.10875249899179       -0.38332202079725
H           -2.21252531465263        0.94958028819912        1.41997892260624
H           -3.59458395555020        0.89303197883012        0.31890204841677
H           -2.84869526903937       -0.60852119853715        0.87794459819957
H           -1.48896818248246        1.48144539689020       -0.89841469951735
H           -2.15603898742304       -0.07823563268171       -1.46415254661279
H            2.00473612400090        0.76453236657741        1.55441262925438
H            1.56674497211294       -0.92088787057907        1.12353158685592
H            2.41669114504200       -0.56852404547750       -1.17504973755917
H            2.82312443474453        1.11142653627556       -0.79145605064538
H            3.69213883120334       -0.21545963096525       -0.00219834816075
17
 energy: -23.957722077815 gnorm: 0.000159251521 xtb: 6.7.1 (edcfbbe)
C           -2.65253164448687        0.41961028349201        0.58043601192114
C           -1.70751246920748        0.45004623107676       -0.62468161162074
C           -0.41979236365781       -0.24060246638858       -0.25743474379148
O           -0.20131998569422       -1.42479201610551       -0.40890977086173
O            0.43963590136348        0.60178295061072        0.30046084373724
C            1.70909723849066        0.09526626279061        0.74521480680824
C            2.72921361791343        0.10922476931385       -0.38283629821934
H           -2.21059321538565        0.95074682018507        1.41956374298591
H           -3.59382908787198        0.89383168352595        0.31996023598448
H           -2.84788705204257       -0.60755385911238        0.87940787140028
H           -1.48929288790299        1.48063219364155       -0.89988011056963
H           -2.15725927945743       -0.07930999553525       -1.46381784599018
H            2.00361444306190        0.76349729764978        1.55501015518159
H            1.56630256433675       -0.92177195215067        1.12286045206626
H            2.41783324218299       -0.56855313732486       -1.17461687799770
H            2.82191241283860        1.11194935891889       -0.79107770351735
H            3.69225769243757       -0.21365757852260       -0.00120801187241
17
 energy: -23.957722678588 gnorm: 0.000148054965 xtb: 6.7.1 (edcfbbe)
C           -2.65114504067123        0.42059443569121        0.58118132179982
C           -1.70797579234949        0.44916382215761       -0.62545397544723
C           -0.41982057261212       -0.24114833199413       -0.25912189328208
O           -0.20028364517812       -1.42487859000197       -0.41269495272317
O            0.43871467063186        0.60090923256267        0.30063946204133
C            1.70819038302198        0.09450737034316        0.74543502728490
C            2.72887258740635        0.10982620397549       -0.38209558526951
H           -2.20769554559419        0.95266185311983        1.41891780722458
H           -3.59268075261594        0.89480003085641        0.32155689060509
H           -2.84641803682650       -0.60610701472096        0.88179398204935
H           -1.48999293675095        1.47936373136598       -0.90229212064288
H           -2.15901442173434       -0.08119301334615       -1.46325572175198
H            2.00205364929132        0.76215848701982        1.55593417766894
H            1.56565728195575       -0.92292318779398        1.12212580240289
H            2.41889761418392       -0.56844201054369       -1.17400112847570
H            2.82033035459638        1.11267112699423       -0.79033170639896
H            3.69215933016370       -0.21161729962016        0.00011375855916
17
 energy: -23.957723580865 gnorm: 0.000115030844 xtb: 6.7.1 (edcfbbe)
C           -2.64890211810621        0.42217135837801        0.58235614823995
C           -1.70869097259135        0.44764362980623       -0.62667871003288
C           -0.41968560173492       -0.24188533578403       -0.26185601998531
O           -0.19818316519385       -1.42478607011472       -0.41924133614088
O            0.43717189650417        0.59960767724820        0.30131496288113
C            1.70675626222458        0.09339333797255        0.74597514805736
C            2.72813748825665        0.11075262678203       -0.38091973953919
H           -2.20310252558955        0.95596900477679        1.41775384991698
H           -3.59089544081390        0.89616850961177        0.32397059681304
H           -2.84389041980218       -0.60376452654933        0.88580102101918
H           -1.49131696278796        1.47721008026415       -0.90639924948012
H           -2.16172084085363       -0.08458011811314       -1.46221577514471
H            1.99974982653912        0.76016128268598        1.55749992509204
H            1.56469778284439       -0.92462553892723        1.12125190128540
H            2.41976317615362       -0.56768709943600       -1.17329784988747
H            2.81830029289675        1.11389997208154       -0.78870193773352
H            3.69166044897265       -0.20930194461741        0.00183821028356
17
 energy: -23.957724699316 gnorm: 0.000106666577 xtb: 6.7.1 (edcfbbe)
C           -2.64570193740152        0.42445737180163        0.58395431811411
C           -1.70963126778205        0.44532678757016       -0.62841607880565
C           -0.41937261081063       -0.24294469649634       -0.26559491186213
O           -0.19493061417961       -1.42457307040697       -0.42862606175555
O            0.43493499584981        0.59771333375592        0.30261939493966
C            1.70475387840788        0.09187141818160        0.74688358668471
C            2.72691830191366        0.11214074012952       -0.37930618246156
H           -2.19670875671510        0.96088398161929        1.41595618068627
H           -3.58834108105050        0.89805090399698        0.32717667575892
H           -2.84027411521286       -0.60031755219924        0.89161207408481
H           -1.49317410802650        1.47393828870695       -0.91243194714174
H           -2.16538197147428       -0.08973712088442       -1.46065482036205
H            1.99663654100253        0.75738399877345        1.55982603508936
H            1.56351292729518       -0.92701003158761        1.12014476534133
H            2.42008786002810       -0.56578508565968       -1.17273039856739
H            2.81592176307306        1.11593884288968       -0.78577110189549
H            3.69059932200121       -0.20699126412555        0.00380961779697
17
 energy: -23.957724851387 gnorm: 0.000056357445 xtb: 6.7.1 (edcfbbe)
C           -2.64552916628975        0.42469629152602        0.58402450608689
C           -1.70976571181967        0.44502300389652       -0.62851938051472
C           -0.41944072496185       -0.24315669525757       -0.26574410589780
O           -0.19506486915142       -1.42476007933431       -0.42873253512898
O            0.43481410597994        0.59748154188442        0.30251071301382
C            1.70462832658993        0.09168607941643        0.74680560449725
C            2.72701594924467        0.11240850634477       -0.37917539858147
H           -2.19624206469569        0.96130408781121        1.41572141715607
H           -3.58815371287481        0.89837413220972        0.32734962797237
H           -2.84017891636987       -0.59993167248955        0.89206159886703
H           -1.49341545230600        1.47352717515979       -0.91299638210640
H           -2.16569342223289       -0.09033820609171       -1.46044596820513
H            1.99632386637627        0.75703167364144        1.55997963010584
H            1.56344405638140       -0.92729602339035        1.11981646263903
H            2.42013429148630       -0.56492941161825       -1.17309739763069
H            2.81637875910399        1.11646183443009       -0.78496631465917
H            3.69059381245783       -0.20723539207328        0.00385906803062
17
 energy: -23.957725164571 gnorm: 0.000117689228 xtb: 6.7.1 (edcfbbe)
C           -2.64521625078597        0.42529800754544        0.58415920691422
C           -1.70998701347449        0.44427473168905       -0.62874109613519
C           -0.41959022699762       -0.24373117766093       -0.26575577404869
O           -0.19511340681958       -1.42523987513668       -0.42910579321806
O            0.43455493719130        0.59693226235188        0.30251643862996
C            1.70443408024630        0.09128747414522        0.74673731509498
C            2.72709733364656        0.11310508660437       -0.37896245599803
H           -2.19535083227916        0.96234002944156        1.41524108858820
H           -3.58774117089054        0.89921351007232        0.32754191507229
H           -2.84023792275535       -0.59897836440643        0.89309527289730
H           -1.49375035812984        1.47247975355251       -0.91442328674728
H           -2.16620972738269       -0.09191195905415       -1.45995673836478
H            1.99576329095320        0.75617232307352        1.56046352370390
H            1.56349187290258       -0.92798323146733        1.11905709152262
H            2.41982331290982       -0.56255823535882       -1.17418014235942
H            2.81756374782900        1.11780124863467       -0.78294687895349
H            3.69031746075485       -0.20815473796082        0.00371145904601
17
 energy: -23.957725569758 gnorm: 0.000158541834 xtb: 6.7.1 (edcfbbe)
C           -2.64468761648563        0.42640387347230        0.58445812787756
C           -1.71030532343733        0.44293041711820       -0.62911871420093
C           -0.41959843276055       -0.24465883563074       -0.26626707776111
O           -0.19496658323349       -1.42614215486662       -0.42973404164732
O            0.43414423358095        0.59602926033458        0.30247217335504
C            1.70409221716322        0.09057521358401        0.74671530887308
C            2.72716229575605        0.11435630570534       -0.37855821710313
H           -2.19382561716515        0.96424936638703        1.41448703071885
H           -3.58704450487754        0.90069596823414        0.32786462135308
H           -2.84035083700178       -0.59728619965895        0.89495655678633
H           -1.49413720118073        1.47057356206500       -0.91690160146938
H           -2.16720239229944       -0.09470820732209       -1.45903548310218
H            1.99475819734326        0.75456850603192        1.56141934119229
H            1.56359144241923       -0.92926173567065        1.11766461371817
H            2.41909112838125       -0.55842284808499       -1.17592563598149
H            2.81939470361549        1.12011245627526       -0.77949112902098
H            3.68973341710055       -0.20966810190838        0.00344527205670
17
 energy: -23.957725844952 gnorm: 0.000119368564 xtb: 6.7.1 (edcfbbe)
C           -2.64418648601594        0.42736207203441        0.58467541209452
C           -1.71053138068253        0.44180727988280       -0.62949494757958
C           -0.41982142761508       -0.24560527023457       -0.26632919655608
O           -0.19472523454042       -1.42694441569421       -0.43032812746791
O            0.43366212272738        0.59516281244383        0.30267033066237
C            1.70377764180869        0.08988079941608        0.74667649079162
C            2.72718862540883        0.11544883665230       -0.37825284095801
H           -2.19246993245828        0.96595457669125        1.41376176866358
H           -3.58635051380553        0.90196858649804        0.32797657792379
H           -2.84033110081821       -0.59581785300626        0.89655742873923
H           -1.49421046643483        1.46898469352101       -0.91881845272034
H           -2.16806757506493       -0.09688002282945       -1.45839840452564
H            1.99386549401178        0.75305191945960        1.56222274593487
H            1.56366398784396       -0.93045899449700        1.11638757426326
H            2.41860506529260       -0.55516989707771       -1.17723582930437
H            2.82044316829897        1.12203453110033       -0.77681268459184
H            3.68933713896191       -0.21043280829506        0.00319330027511
17
 energy: -23.957726087987 gnorm: 0.000070508420 xtb: 6.7.1 (edcfbbe)
C           -2.64368012681137        0.42825451361413        0.58488711409939
C           -1.71066049447923        0.44085994474552       -0.62983493415764
C           -0.41995274746097       -0.24647092176808       -0.26662553231873
O           -0.19445850757409       -1.42768780531684       -0.43102188110022
O            0.43325994413807        0.59430373139536        0.30284518281864
C            1.70347402761006        0.08915210046042        0.74674584891111
C            2.72707056882325        0.11640888935237       -0.37798989390886
H           -2.19122919476736        0.96759567997778        1.41308253912722
H           -3.58573955899523        0.90302582528401        0.32814032713869
H           -2.84017692656607       -0.59445165548914        0.89808657054682
H           -1.49413555345990        1.46762190645555       -0.92047489763976
H           -2.16884523094562       -0.09862865849041       -1.45784852762545
H            1.99302773258447        0.75156689679585        1.56308764765882
H            1.56370974542854       -0.93166414116010        1.11526383141669
H            2.41846579647704       -0.55274247998392       -1.17818657522073
H            2.82071076527308        1.12363354832776       -0.77479684437376
H            3.68900888764370       -0.21043052813489        0.00309117027232
17
 energy: -23.957726328946 gnorm: 0.000050398826 xtb: 6.7.1 (edcfbbe)
C           -2.64324855562748        0.42898973402767        0.58506922578205
C           -1.71074198255805        0.44021092834584       -0.63009766969395
C           -0.42007841761926       -0.24715730006648       -0.26694333574159
O           -0.19425640122977       -1.42826328185770       -0.43176182433918
O            0.43290434001204        0.59354979444496        0.30308195974387
C            1.70320920751720        0.08846102109205        0.74680588159606
C            2.72695522239564        0.11713000141005       -0.37775600278780
H           -2.19027501804223        0.96899219198978        1.41255468138432
H           -3.58528587409234        0.90376800191606        0.32825993618053
H           -2.83989966453472       -0.59337107142489        0.89930745389569
H           -1.49396822689218        1.46666530392879       -0.92164278613892
H           -2.16947492909097       -0.09977157921363       -1.45748466763382
H            1.99238732586929        0.75023786154781        1.56378159681672
H            1.56376926536299       -0.93274302790554        1.11435762838017
H            2.41870900271349       -0.55146248671909       -1.17853773760427
H            2.82016179017262        1.12472333140240       -0.77369112803806
H            3.68898204256210       -0.20961257685271        0.00314793384276
17
 energy: -23.957726668875 gnorm: 0.000089403210 xtb: 6.7.1 (edcfbbe)
C           -2.64267131848852        0.42993582435693        0.58529964957430
C           -1.71082482980846        0.43949780316252       -0.63041029098872
C           -0.42021689512214       -0.24798560355548       -0.26739162087105
O           -0.19401633369584       -1.42891216686682       -0.43297564399422
O            0.43247189780387        0.59251802276535        0.30349102373157
C            1.70287445380404        0.08747292397835        0.74693577276745
C            2.72674694413172        0.11798057065022       -0.37747708000232
H           -2.18908902747578        0.97082903211116        1.41186761196742
H           -3.58473487867041        0.90462430391869        0.32842475565351
H           -2.83940585851782       -0.59199894271180        0.90088056618433
H           -1.49373792999128        1.46558591764522       -0.92302601994346
H           -2.17027440629806       -0.10102945252660       -1.45704697307804
H            1.99158517800428        0.74841973089552        1.56474306243000
H            1.56382848526849       -0.93422572798952        1.11325414757556
H            2.41945379644046       -0.55052517405431       -1.17869587300532
H            2.81874803541995        1.12591739127159       -0.77281852400030
H            3.68911181411389       -0.20775760698565        0.00339658164384
17
 energy: -23.957727122989 gnorm: 0.000122230130 xtb: 6.7.1 (edcfbbe)
C           -2.64181236956905        0.43134512007150        0.58567177351892
C           -1.71099903965385        0.43849802503281       -0.63086319522659
C           -0.42040827775169       -0.24912482786849       -0.26811155000064
O           -0.19370135190542       -1.42977187309751       -0.43502433604818
O            0.43179382868050        0.59099325255454        0.30413397023292
C            1.70236331768094        0.08598991574041        0.74709493949564
C            2.72649059733236        0.11918482601116       -0.37700879248065
H           -2.18734623248723        0.97353250247630        1.41090808260102
H           -3.58394367326520        0.90587428529487        0.32875143768709
H           -2.83865084062023       -0.58996987967120        0.90320106491190
H           -1.49355393387476        1.46405201583980       -0.92511786481405
H           -2.17142888790446       -0.10289954633711       -1.45638301840508
H            1.99046224211133        0.74570888437872        1.56610747648943
H            1.56393895082135       -0.93643660947869        1.11161759653082
H            2.42076191475420       -0.54947149422500       -1.17869188218998
H            2.81641862642320        1.12755887288866       -0.77173037341640
H            3.68946425614639       -0.20471662354540        0.00389581675837
17
 energy: -23.957727543472 gnorm: 0.000117541101 xtb: 6.7.1 (edcfbbe)
C           -2.64082653057458        0.43289541277375        0.58610247390055
C           -1.71124544760905        0.43735760524429       -0.63136420828461
C           -0.42056479358443       -0.25031064541124       -0.26895693967017
O           -0.19332168932626       -1.43062597340470       -0.43748414850488
O            0.43105975258553        0.58933731933680        0.30482308073968
C            1.70179641267133        0.08438284950167        0.74729181487040
C            2.72620564965360        0.12049335467407       -0.37648117631075
H           -2.18526529801982        0.97645486503537        1.40982760706851
H           -3.58301470615854        0.90734411036144        0.32921310595332
H           -2.83781697513040       -0.58772978893584        0.90576822540070
H           -1.49355648166039        1.46231614539288       -0.92754897997324
H           -2.17279227559858       -0.10512562578839       -1.45555413140827
H            1.98917016692002        0.74277398882009        1.56763231223276
H            1.56398639328409       -0.93881242098036        1.10988257414520
H            2.42222931574005       -0.54826867721126       -1.17874843005680
H            2.81402050518137        1.12935170268383       -0.77047254910982
H            3.68978512854444       -0.20148737602701        0.00452051465199
17
 energy: -23.957727851820 gnorm: 0.000083010256 xtb: 6.7.1 (edcfbbe)
C           -2.63997935149920        0.43413108484095        0.58649531738434
C           -1.71151395521581        0.43638184622293       -0.63181088761758
C           -0.42068074850497       -0.25121394433203       -0.26971641223905
O           -0.19297468274747       -1.43124424248428       -0.43961286321522
O            0.43041442718662        0.58806890967667        0.30530143803065
C            1.70129780353462        0.08318089519831        0.74741465638310
C            2.72601641743651        0.12152692734353       -0.37599438831069
H           -2.18344324023900        0.97869899249337        1.40900308351761
H           -3.58218935660851        0.90861786741192        0.32975770454588
H           -2.83718870691976       -0.58591226282580        0.90786636596292
H           -1.49375012172788        1.46083950282840       -0.92970162577748
H           -2.17392824144468       -0.10711430043853       -1.45484196123427
H            1.98809103870323        0.74055267403196        1.56878344625308
H            1.56398786498887       -0.94061295570802        1.10850240262937
H            2.42327294337373       -0.54709190818119       -1.17884924909638
H            2.81244511767019        1.13081279803264       -0.76921842914639
H            3.68997191893189       -0.19927503804546        0.00507254757468
17
 energy: -23.957728086811 gnorm: 0.000047403529 xtb: 6.7.1 (edcfbbe)
C           -2.63932323952035        0.43497989588541        0.58680580800208
C           -1.71176522947717        0.43562179593713       -0.63215606174204
C           -0.42073894685452       -0.25181401055131       -0.27033169079749
O           -0.19265058362522       -1.43162391884148       -0.44124773651056
O            0.42993461003071        0.58724133930562        0.30555473218697
C            1.70090689826303        0.08242940507102        0.74749842617171
C            2.72589265410430        0.12224582904990       -0.37561372286726
H           -2.18192653745469        0.98017580545112        1.40841433358339
H           -3.58152398805048        0.90961824267768        0.33028814485804
H           -2.83674224944294       -0.58465431531319        0.90934083592749
H           -1.49407248343344        1.45971715045593       -0.93135806252234
H           -2.17484729351806       -0.10869485758310       -1.45426711169683
H            1.98724589340379        0.73915052207074        1.56954970896542
H            1.56389717461206       -0.94174358026172        1.10761693878999
H            2.42384194772687       -0.54601905648615       -1.17902603658668
H            2.81174973743800        1.13186625050793       -0.76811382172949
H            3.68997076271650       -0.19814965131014        0.00549646161216
17
 energy: -23.957728304357 gnorm: 0.000033030190 xtb: 6.7.1 (edcfbbe)
C           -2.63871755398201        0.43562124426385        0.58710580557160
C           -1.71202561193296        0.43494995540928       -0.63249553705069
C           -0.42077946207505       -0.25225510573693       -0.27093458948404
O           -0.19230746187563       -1.43186606163002       -0.44268918660568
O            0.42949805684654        0.58666604460445        0.30565103418914
C            1.70053397012807        0.08195754602031        0.74754722831553
C            2.72580680478409        0.12278716792131       -0.37525789635675
H           -2.18051546492357        0.98123142574604        1.40798068431869
H           -3.58088963043547        0.91048366299946        0.33090243488939
H           -2.83638464497320       -0.58366750866147        0.91056455644482
H           -1.49447428384362        1.45874201643562       -0.93285018227227
H           -2.17566720055655       -0.11011514751079       -1.45379040644690
H            1.98647971098407        0.73823620253986        1.57009532319152
H            1.56374490662986       -0.94248613711035        1.10697592231052
H            2.42409732191936       -0.54493148754792       -1.17925818661719
H            2.81160486690746        1.13272041127644       -0.76697195544201
H            3.68984480331700       -0.19772738295377        0.00587609668886
17
 energy: -23.957728534667 gnorm: 0.000048139643 xtb: 6.7.1 (edcfbbe)
C           -2.63805120359703        0.43622668693783        0.58743660442996
C           -1.71232323922085        0.43423006425412       -0.63287046613108
C           -0.42081235618226       -0.25267981390851       -0.27162943556211
O           -0.19186216043706       -1.43207520783430       -0.44423407964130
O            0.42903250994870        0.58616456390371        0.30565316545656
C            1.70010694489095        0.08158843813819        0.74759637609828
C            2.72571404490398        0.12330924376383       -0.37486753029433
H           -2.17889743353168        0.98219883058301        1.40753887232118
H           -3.58019606355107        0.91137799651926        0.33165027725046
H           -2.83596217040480       -0.58273181822190        0.91178210748530
H           -1.49498887990390        1.45772320896206       -0.93440942544257
H           -2.17659637834481       -0.11161610001911       -1.45328468020333
H            1.98563044600547        0.73751323746615        1.57057611089770
H            1.56349684565040       -0.94308314901064        1.10644818373620
H            2.42415891739814       -0.54366185092327       -1.17954621569614
H            2.81181536840698        1.13357114617481       -0.76567032417199
H            3.68958393488721       -0.19770863071986        0.00628160511177
17
 energy: -23.957728771726 gnorm: 0.000057847740 xtb: 6.7.1 (edcfbbe)
C           -2.63726292036489        0.43685085245170        0.58783055055859
C           -1.71266121403272        0.43343147640621       -0.63332840361996
C           -0.42085555118677       -0.25312477578494       -0.27246398542943
O           -0.19131493112340       -1.43226764887414       -0.44597846726240
O            0.42848840261243        0.58567014987386        0.30560766103220
C            1.69959914719670        0.08126987174127        0.74764864709912
C            2.72559655970579        0.12383508485029       -0.37442111324304
H           -2.17706858880220        0.98322129313395        1.40707791121346
H           -3.57938614382106        0.91230536736260        0.33254890042807
H           -2.83543890132021       -0.58173476030299        0.91317783865034
H           -1.49554610926174        1.45659296161227       -0.93616132978439
H           -2.17764754264552       -0.11326018486418       -1.45277211706294
H            1.98464525160830        0.73684253620064        1.57107970252074
H            1.56318566645100       -0.94363615619331        1.10590393121458
H            2.42411520121862       -0.54221878935274       -1.17989285142378
H            2.81217281429711        1.13446973009590       -0.76414573830165
H            3.68922798638694       -0.19790016229099        0.00674000905505
17
 energy: -23.957728985832 gnorm: 0.000049701318 xtb: 6.7.1 (edcfbbe)
C           -2.63644873327534        0.43749826148590        0.58822749451045
C           -1.71299240307182        0.43262106224712       -0.63379109511104
C           -0.42089945060949       -0.25359851518593       -0.27333535747267
O           -0.19070525480575       -1.43247598312689       -0.44780233170992
O            0.42793144834345        0.58515653340451        0.30556513627431
C            1.69906420700199        0.08092063791056        0.74771486775342
C            2.72545270725949        0.12438890873445       -0.37396108207701
H           -2.17517641482930        0.98433416410486        1.40655883421888
H           -3.57859334053378        0.91318820591001        0.33345827404152
H           -2.83479168367920       -0.58071932019589        0.91462009768629
H           -1.49610540095842        1.45545211639900       -0.93791117825766
H           -2.17874576741407       -0.11489967664184       -1.45223878085506
H            1.98363292362842        0.73615103412687        1.57158043628687
H            1.56284141032494       -0.94421865586218        1.10538836594282
H            2.42403491708979       -0.54075918233125       -1.18019938058834
H            2.81251646243836        1.13538395529780       -0.76263577768504
H            3.68883350000913       -0.19807670021174        0.00721262268672
17
 energy: -23.957729160853 gnorm: 0.000035733466 xtb: 6.7.1 (edcfbbe)
C           -2.63568988146667        0.43810110940795        0.58859473478351
C           -1.71328236488670        0.43189326184707       -0.63421992006442
C           -0.42094528130865       -0.25403498817231       -0.27413768578196
O           -0.19014390826040       -1.43266023853531       -0.44949008614887
O            0.42740992340171        0.58466350516631        0.30557784899180
C            1.69857622448777        0.08058186674174        0.74779063410080
C            2.72529912757589        0.12487966902877       -0.37354672306458
H           -2.17350685678414        0.98546497327119        1.40605866074513
H           -3.57788012488882        0.91391131410620        0.33423414661649
H           -2.83412534453798       -0.57976816402744        0.91602357025204
H           -1.49655039238840        1.45441460726234       -0.93949986262597
H           -2.17974166633776       -0.11635874173034       -1.45177431821086
H            1.98270431969710        0.73544880141812        1.57209870326235
H            1.56255087540625       -0.94479157689743        1.10486390169293
H            2.42401134260368       -0.53949360528688       -1.18047428555084
H            2.81266156539394        1.13620333733787       -0.76127965681326
H            3.68850156921156       -0.19810828487245        0.00763148346028
17
 energy: -23.957729304713 gnorm: 0.000023030650 xtb: 6.7.1 (edcfbbe)
C           -2.63504401384563        0.43866854835255        0.58889763494963
C           -1.71350744034005        0.43127331412121       -0.63457661850620
C           -0.42098418447269       -0.25444536871246       -0.27481122207675
O           -0.18965730742177       -1.43284718264394       -0.45097856056229
O            0.42696490989815        0.58417427611632        0.30565033772548
C            1.69816206490696        0.08019465668182        0.74786926349178
C            2.72514639193275        0.12535092560918       -0.37319486690475
H           -2.17213284316575        0.98658540304955        1.40557537051810
H           -3.57731488900090        0.91447766259219        0.33484167232584
H           -2.83347395817143       -0.57888711192421        0.91729990202003
H           -1.49688542778074        1.45352195530184       -0.94085616776343
H           -2.18057659270754       -0.11759583966197       -1.45136439990673
H            1.98192932202169        0.73471016786533        1.57257577653157
H            1.56232276536942       -0.94540234627208        1.10438121083761
H            2.42404087046181       -0.53844968709186       -1.18065600633042
H            2.81261355717235        1.13694798859741       -0.76018686110178
H            3.68824590206175       -0.19793051591550        0.00798468039688
17
 energy: -23.957729434748 gnorm: 0.000021765761 xtb: 6.7.1 (edcfbbe)
C           -2.63447579719866        0.43922090618778        0.58915832199741
C           -1.71369410066551        0.43072013845853       -0.63488003185708
C           -0.42102051343222       -0.25483800898416       -0.27538601636768
O           -0.18923782181285       -1.43303600805511       -0.45232241063988
O            0.42656227774129        0.58367500905291        0.30579737746667
C            1.69780848178504        0.07978232191385        0.74795721792626
C            2.72499350057961        0.12578995508728       -0.37288934224249
H           -2.17096606206856        0.98774556636457        1.40508953775324
H           -3.57684185452544        0.91494320413038        0.33529235842084
H           -2.83284067930558       -0.57804271165138        0.91851197439925
H           -1.49713495351027        1.45271395616061       -0.94206300551255
H           -2.18131079005222       -0.11869805404930       -1.45098409702980
H            1.98125186957752        0.73390665312619        1.57308557196873
H            1.56217094537691       -0.94605061264541        1.10386430382963
H            2.42415367210387       -0.53756003206499       -1.18081966296685
H            2.81235832863703        1.13763881323011       -0.75923416458789
H            3.68807262368844       -0.19756425019647        0.00827321308674
17
 energy: -23.957729565697 gnorm: 0.000027826221 xtb: 6.7.1 (edcfbbe)
C           -2.63393368115539        0.43981526742640        0.58939932899945
C           -1.71385413171153        0.43017732256850       -0.63516514303191
C           -0.42105625760525       -0.25525878346039       -0.27591063234174
O           -0.18885814448358       -1.43325596695563       -0.45363654569453
O            0.42617636919594        0.58310886623030        0.30601335790532
C            1.69748056125445        0.07927378588382        0.74805369882997
C            2.72483205276730        0.12627893534910       -0.37260119168959
H           -2.16991030301515        0.98901627640396        1.40457820246688
H           -3.57640962224036        0.91538182380986        0.33565711295039
H           -2.83220604011010       -0.57713772715082        0.91976713967839
H           -1.49731891843680        1.45190680087842       -0.94325654958252
H           -2.18199023113661       -0.11978467663533       -1.45060444132680
H            1.98061935415623        0.73295568634794        1.57363379900508
H            1.56206308059422       -0.94681922764594        1.10329852288747
H            2.42433209675160       -0.53670425277639       -1.18095619772269
H            2.81193247626213        1.13837848925350       -0.75835116850876
H            3.68795046583129       -0.19698577346192        0.00853185282016
17
 energy: -23.957729705177 gnorm: 0.000031230192 xtb: 6.7.1 (edcfbbe)
C           -2.63339059125338        0.44049637191262        0.58963229887339
C           -1.71400994857142        0.42959288281183       -0.63544077295322
C           -0.42109631374688       -0.25574224194997       -0.27641133140369
O           -0.18849125283531       -1.43353350216544       -0.45498980946755
O            0.42577270395191        0.58244477274878        0.30631000028000
C            1.69716076737063        0.07866823203367        0.74816266626106
C            2.72465970540515        0.12682980887503       -0.37230740287348
H           -2.16884353462917        0.99047093597121        1.40399033915338
H           -3.57598412884300        0.91586988832092        0.33595462964863
H           -2.83154961931366       -0.57611745824511        0.92111471735799
H           -1.49748132889536        1.45103106351223       -0.94451623535802
H           -2.18268882906154       -0.12095614420970       -1.45017130913850
H            1.97997635232636        0.73180822420026        1.57428342942076
H            1.56201593925454       -0.94773803291539        1.10260390845951
H            2.42459926103346       -0.53579154990491       -1.18112339499204
H            2.81132131431678        1.13921306575308       -0.75740979981570
H            3.68787863040929       -0.19619947068372        0.00876921219206
17
 energy: -23.957729849602 gnorm: 0.000029059341 xtb: 6.7.1 (edcfbbe)
C           -2.63282932124590        0.44125672228086        0.58986977566404
C           -1.71416449525092        0.42895684512126       -0.63572549716349
C           -0.42114598399991       -0.25629135826870       -0.27689720104285
O           -0.18815842528740       -1.43387141863099       -0.45636298462360
O            0.42535687701371        0.58167953671468        0.30665811795163
C            1.69684017410838        0.07794912651359        0.74827583502033
C            2.72448255292968        0.12747667026573       -0.37200689598250
H           -2.16776420035327        0.99206270008954        1.40336425759292
H           -3.57552156701163        0.91644367016751        0.33621351709779
H           -2.83092545418811       -0.57497319385398        0.92256868659307
H           -1.49760215702843        1.45006670982016       -0.94587957147242
H           -2.18339878874483       -0.12223249868112       -1.44970482510991
H            1.97930938620203        0.73046476877013        1.57500696704841
H            1.56199749311506       -0.94881029388656        1.10180832923250
H            2.42493404566186       -0.53477052266990       -1.18131802565353
H            2.81060086783212        1.14017431354487       -0.75641130236348
H            3.68783812316596       -0.19523493123168        0.00899196285566
17
 energy: -23.957729986729 gnorm: 0.000024525946 xtb: 6.7.1 (edcfbbe)
C           -2.63230593937776        0.44204799319255        0.59008392765171
C           -1.71431461077129        0.42830141305533       -0.63598829511906
C           -0.42120458841266       -0.25687935026445       -0.27732899140424
O           -0.18786612680964       -1.43426477413286       -0.45764174416674
O            0.42495268610614        0.58088309134084        0.30700923048934
C            1.69654280247041        0.07720744224579        0.74837394906770
C            2.72432530734201        0.12815068533048       -0.37171396450964
H           -2.16669369228577        0.99364505572178        1.40272460835615
H           -3.57507063143711        0.91710480146012        0.33643915166684
H           -2.83038596898509       -0.57379281018692        0.92397458448989
H           -1.49771521200666        1.44907622314140       -0.94723489608121
H           -2.18409759275933       -0.12353699541826       -1.44921016587626
H            1.97865584942794        0.72906166737053        1.57575030448874
H            1.56202960619870       -0.94992778679597        1.10093738268779
H            2.42530749880080       -0.53369000382002       -1.18155627638740
H            2.80985974393764        1.14118685856387       -0.75536172717927
H            3.68782999548005       -0.19422666473883        0.00919406747021
17
 energy: -23.957730021584 gnorm: 0.000029966011 xtb: 6.7.1 (edcfbbe)
C           -2.63218797211972        0.44217363907026        0.59015234918688
C           -1.71440534345525        0.42817162945917       -0.63606596015843
C           -0.42127286088589       -0.25700874720667       -0.27747299131437
O           -0.18802955855968       -1.43443129408485       -0.45763869451977
O            0.42489737639592        0.58074979518316        0.30683421237560
C            1.69645541280831        0.07707513989102        0.74828932668256
C            2.72440955289737        0.12830435819783       -0.37162536070757
H           -2.16638653607686        0.99384727350186        1.40263218570690
H           -3.57494073574743        0.91729827461638        0.33659687270245
H           -2.83031712689301       -0.57359236296263        0.92423454924799
H           -1.49780412285752        1.44888636703878       -0.94750185658722
H           -2.18432208260159       -0.12377120528320       -1.44913947095427
H            1.97841074588511        0.72881310470832        1.57581001708991
H            1.56194899217971       -0.95012007633576        1.10067654267871
H            2.42558002415923       -0.53341135083622       -1.18163714584053
H            2.80992876227584        1.14141836528768       -0.75507312989365
H            3.68788459951388       -0.19405606417972        0.00937969994936
