----------------------------------------------- 
  Element       SASA      Sigma Z        Total  
     Z         Ang**2 cal/Ang**2/mol   kcal/mol 
----------------------------------------------- 
      H        111.042      48.690       5.407
      C         77.023     129.740       9.993
      O         34.852       0.000       0.000

 Subtotal:     222.916                  15.400
 -----------------------------------------------

  Elements    COT*SASA   Sigma Z,Z'     Total   
    Z,Z'       Ang**2  cal/Ang**2/mol kcal/mol  
 ---------------------------------------------- 
  H   C         75.024     -60.770      -4.559
  H   O          0.000       0.000       0.000
  C   C         86.929     -72.950      -6.341
  O   C         17.267      68.690       1.186
  O   O          0.000       0.000       0.000

 Subtotal:                              -9.715
 ---------------------------------------------- 

 NONAQUEOUS SOLVENT CONTRIBUTION (kcal/mol):
 (proportional to SASA, atomic number independent)
 ---------------------------------------------- 
 Subtotal:                               0.000
 ---------------------------------------------- 

 CDS TOTAL (kcal/mol):                   5.685
...............................................................................
