17
 energy: -23.956646678585 gnorm: 0.032582720916 xtb: 6.7.1 (edcfbbe)
C           -2.88414414524681       -0.16749579883415        0.28304298818319
C           -1.66476002035467        0.73084444328373        0.15074491821986
C           -0.40029043316357       -0.02690865245777       -0.14411254494137
O           -0.31456609182071       -1.23915216298362       -0.25015658947474
O            0.64745763720091        0.80963366378353       -0.28662723941538
C            1.95635166627755        0.20604003303037       -0.53592067482049
C            2.60035120561733       -0.23621137163861        0.75833106037696
H           -2.75988587668056       -0.88514704141977        1.09898554092101
H           -3.77072731057149        0.43665204423605        0.49315900050067
H           -3.06399598171394       -0.72735199003732       -0.63916875343848
H           -1.49068126080528        1.30580175806313        1.06836340334343
H           -1.79733691029925        1.47290471376130       -0.64552062325005
H            1.83671730273235       -0.62055382805372       -1.24085785135251
H            2.52756245513814        1.00421632626428       -1.01359593276617
H            3.60067184623305       -0.62624402883607        0.54442740603887
H            2.70094791182320        0.60644806888919        1.44865104864394
H            2.02032612822630       -1.02636918651351        1.24296748213259
17
 energy: -23.957628022739 gnorm: 0.013163482383 xtb: 6.7.1 (edcfbbe)
C           -2.87914320674110       -0.16299098506024        0.28199932875035
C           -1.66037426376274        0.73511477456130        0.15040437709226
C           -0.39910370759968       -0.03018174738502       -0.14324632177602
O           -0.31460326368265       -1.23481348691260       -0.24972410094521
O            0.64377170935915        0.79702218216087       -0.28525550963189
C            1.94692566229873        0.20935671166052       -0.53183104378635
C            2.60368485914527       -0.23664168859576        0.75829187371322
H           -2.74220485559708       -0.87965387627495        1.08965066143355
H           -3.76367479213359        0.43536322887558        0.49138075605721
H           -3.04459299378106       -0.72256284433793       -0.63678791431727
H           -1.49045244701896        1.30159433024166        1.07037804693200
H           -1.79562060038043        1.46835850754578       -0.64929303214707
H            1.81873574291340       -0.62784577175570       -1.22301591069810
H            2.51136214435191        1.01021943701238       -1.01202953855007
H            3.59752809337024       -0.62474208423758        0.54289646703871
H            2.69339032603019        0.60222184580218        1.44615396064137
H            2.01836971582096       -1.02271154276346        1.23274053909464
17
 energy: -23.957816109016 gnorm: 0.004154873126 xtb: 6.7.1 (edcfbbe)
C           -2.87434485345931       -0.16190670353970        0.28014419322688
C           -1.65712319984498        0.74185455751528        0.15111686910281
C           -0.39811766010142       -0.03152882120765       -0.14018869833192
O           -0.31758283051272       -1.23464313388558       -0.24781005612275
O            0.64234670787532        0.78898692799857       -0.27885540188625
C            1.93766554589097        0.21067089469388       -0.53115420903695
C            2.60354859876466       -0.23590673071720        0.75904988372916
H           -2.72996840529000       -0.87829142013548        1.08415172880537
H           -3.75861677842446        0.43158244607956        0.48899936514173
H           -3.03089661687689       -0.72032480457274       -0.63863243084482
H           -1.48916527970743        1.30302285827692        1.07230354308032
H           -1.79111105783240        1.46926001633376       -0.65140967654029
H            1.80943966756356       -0.63443307368328       -1.21396576271176
H            2.49885370466220        1.01104968006631       -1.01402291468156
H            3.59380047854201       -0.61995913615978        0.53856324667727
H            2.68771399148886        0.60061487915327        1.44692429457735
H            2.01755610985457       -1.02294144567912        1.22749866471674
17
 energy: -23.957833286255 gnorm: 0.001515983757 xtb: 6.7.1 (edcfbbe)
C           -2.87428661989885       -0.16168356364161        0.27952261586879
C           -1.65733267438864        0.74387269660332        0.15166857123051
C           -0.39833008957654       -0.03093248704209       -0.13960410707309
O           -0.32049133322377       -1.23501670468793       -0.24788292789977
O            0.64259145505531        0.78787619691276       -0.27576950298538
C            1.93515139213780        0.21059478502730       -0.53092244031647
C            2.60471682873792       -0.23572559898986        0.75927570601965
H           -2.72771821220619       -0.87859324142779        1.08294030315070
H           -3.75991728162095        0.42966265868807        0.48861825424644
H           -3.02830006558917       -0.71920731852457       -0.64045989907354
H           -1.48978806985507        1.30443386820889        1.07292624666097
H           -1.79048560772263        1.47030951600828       -0.65143764730531
H            1.80878346713343       -0.63659053508179       -1.21183248019329
H            2.49696495154437        1.00898703315478       -1.01592406837720
H            3.59550186792590       -0.61731000090941        0.53698017374250
H            2.68697369273658        0.60082550336633        1.44751262442648
H            2.01996442140303       -1.02439581712766        1.22710121677934
17
 energy: -23.957839028780 gnorm: 0.001258002163 xtb: 6.7.1 (edcfbbe)
C           -2.87501292244230       -0.16153647312805        0.27832133963972
C           -1.65850441325328        0.74555260327571        0.15249522668801
C           -0.39898051809820       -0.02978623339218       -0.13837617843502
O           -0.32528555524577       -1.23476717312045       -0.24987798644571
O            0.64345218694918        0.78705977211297       -0.27113822264109
C            1.93310699856424        0.20941107488780       -0.53020530780501
C            2.60760735189313       -0.23523117191066        0.75949708076690
H           -2.72771897484456       -0.87968826580515        1.08096701782805
H           -3.76208407879167        0.42794449461164        0.48807229243827
H           -3.02772986879784       -0.71748428442982       -0.64323402595109
H           -1.49183196856457        1.30606531456795        1.07390064009056
H           -1.79068963238743        1.47208378126817       -0.65071547436173
H            1.80730964333038       -0.63972610585123       -1.20908433085711
H            2.49591083311294        1.00485670511476       -1.01913289684898
H            3.59997592616415       -0.61244337523706        0.53492074241230
H            2.68770617931007        0.60161906847488        1.44817512640059
H            2.02676693569404       -1.02682274090225        1.22812759598267
17
 energy: -23.957841701966 gnorm: 0.000655719891 xtb: 6.7.1 (edcfbbe)
C           -2.87550849453215       -0.16130473351368        0.27795260581996
C           -1.65897422923147        0.74531235448017        0.15267991644898
C           -0.39959530608195       -0.02973061236390       -0.13916574707386
O           -0.32631796059422       -1.23439393174593       -0.25195780032084
O            0.64355553950778        0.78675852094862       -0.26982143665798
C            1.93319184549000        0.20841400942123       -0.52935594280702
C            2.60916437460088       -0.23490886794904        0.75960670438190
H           -2.72886149594184       -0.88022995626614        1.07995371456108
H           -3.76224050488049        0.42854069121168        0.48825070302287
H           -3.02893838512852       -0.71648878163362       -0.64387788199833
H           -1.49242502906495        1.30576387889343        1.07427341341675
H           -1.79139494943478        1.47246654007596       -0.65008758397860
H            1.80577813342075       -0.64101252763820       -1.20754515149235
H            2.49551050118291        1.00348978402642       -1.01969017943096
H            3.60209138606557       -0.61029122515294        0.53439524301674
H            2.68852709830574        0.60216658598305        1.44804370572591
H            2.03043559890927       -1.02744473824008        1.22905835626710
17
 energy: -23.957845549279 gnorm: 0.000683411519 xtb: 6.7.1 (edcfbbe)
C           -2.87731112579763       -0.16023045770703        0.27633339260503
C           -1.66014237704153        0.74510684111182        0.15338508724157
C           -0.40122936853164       -0.03027660058662       -0.13887284981500
O           -0.33005710351519       -1.23397014688671       -0.25949025541604
O            0.64374224623902        0.78494975128940       -0.26377164855784
C            1.93276251367238        0.20530485847985       -0.52702531117095
C            2.61420173350947       -0.23350075864966        0.75983699967809
H           -2.73195207205250       -0.88147033923413        1.07632507499644
H           -3.76317309665787        0.43032791743283        0.48819458523485
H           -3.03181050680857       -0.71304125857787       -0.64661340552367
H           -1.49402487311131        1.30440345347465        1.07584109882891
H           -1.79202975544872        1.47394522745517       -0.64823022788677
H            1.80063300262919       -0.64592613752472       -1.20204330544575
H            2.49282817863037        0.99907164951736       -1.02241668191072
H            3.60881708061251       -0.60262279787430        0.53203614775299
H            2.69057018790947        0.60431765237226        1.44754987360793
H            2.04217345835507       -1.02928186355528        1.23167406468227
17
 energy: -23.957847145480 gnorm: 0.000498709934 xtb: 6.7.1 (edcfbbe)
C           -2.87889409459620       -0.15929657895670        0.27549825118667
C           -1.66076806173551        0.74521287116097        0.15412114832545
C           -0.40296638935310       -0.03098050866683       -0.14085013026930
O           -0.33323489822079       -1.23440720367651       -0.26555524928171
O            0.64360317304728        0.78307730935766       -0.25926875986790
C            1.93200554081567        0.20321513733347       -0.52532137365393
C            2.61795914420844       -0.23227198209439        0.76030852000247
H           -2.73391413058450       -0.88242162597784        1.07388506090122
H           -3.76422197651481        0.43153348156602        0.48867589566819
H           -3.03382920028301       -0.70992039007870       -0.64871632265010
H           -1.49388981731401        1.30315426561808        1.07720731932063
H           -1.79203530948422        1.47496541612521       -0.64667927929877
H            1.79784698059391       -0.64957970570038       -1.19788364232391
H            2.49021473429323        0.99589977452637       -1.02438274733005
H            3.61379418414408       -0.59688430164053        0.53054419313648
H            2.69189168748519        0.60622303584895        1.44747900024931
H            2.05043655609088       -1.03041200420780        1.23365075478661
17
 energy: -23.957848023476 gnorm: 0.000176473081 xtb: 6.7.1 (edcfbbe)
C           -2.87986900409987       -0.15876662976097        0.27511161850240
C           -1.66082292078253        0.74490656336129        0.15459386169052
C           -0.40354931818643       -0.03191233433877       -0.14094979240230
O           -0.33462411475980       -1.23510273227506       -0.26919920081455
O            0.64347718437643        0.78179977564936       -0.25730839444378
C            1.93179900444596        0.20242819125338       -0.52492315348988
C            2.61945965233278       -0.23139828141146        0.76049985672745
H           -2.73539669921682       -0.88265044637505        1.07292463340137
H           -3.76473076276540        0.43256689207346        0.48878178644674
H           -3.03508993784379       -0.70835980102213       -0.64969518906402
H           -1.49332158250798        1.30166982457320        1.07820033932265
H           -1.79138203716822        1.47541508025531       -0.64557204905954
H            1.79742764708137       -0.65113552903020       -1.19636798130224
H            2.48894742702916        0.99483211948784       -1.02544813598756
H            3.61555933966047       -0.59485633443893        0.53015920399461
H            2.69281678806056        0.60761266477146        1.44712526403850
H            2.05329745693662       -1.02994203223568        1.23477997134096
17
 energy: -23.957848569268 gnorm: 0.000151634290 xtb: 6.7.1 (edcfbbe)
C           -2.88054872889388       -0.15836222251491        0.27498444294039
C           -1.66062052662865        0.74438499323923        0.15504882964728
C           -0.40392841346000       -0.03297468170653       -0.14164456003328
O           -0.33559528147149       -1.23593316072579       -0.27273660968980
O            0.64334942886018        0.78057891282289       -0.25633788729195
C            1.93170902541530        0.20202118248660       -0.52476187165335
C            2.62024179976771       -0.23055092802507        0.76077057054936
H           -2.73669245640218       -0.88280057289074        1.07240605246742
H           -3.76483247566870        0.43370959902083        0.48900952464153
H           -3.03618134100046       -0.70721079677217       -0.65019773739772
H           -1.49225506157078        1.29980506969713        1.07924647188041
H           -1.79076920837267        1.47582362636446       -0.64428621429310
H            1.79776000020840       -0.65215060440240       -1.19550059528525
H            2.48805871064535        0.99446161511374       -1.02604020510547
H            3.61616478975307       -0.59428205111444        0.53016257664617
H            2.69394720534908        0.60916431183596        1.44650212514387
H            2.05419065606224       -1.02857730189174        1.23608772573482
17
 energy: -23.957848896175 gnorm: 0.000179200080 xtb: 6.7.1 (edcfbbe)
C           -2.88094917535577       -0.15816620960993        0.27496234164821
C           -1.66048014320021        0.74391928410378        0.15543184834389
C           -0.40419547652529       -0.03360944783032       -0.14255732369817
O           -0.33628424510237       -1.23638100662128       -0.27565024338615
O            0.64328787366121        0.77988910898680       -0.25598433364092
C            1.93171361157614        0.20174434287843       -0.52465067021753
C            2.62067591766962       -0.22990836497613        0.76101016936378
H           -2.73761614923721       -0.88302151411862        1.07211519175674
H           -3.76485768144472        0.43441055218102        0.48922958673232
H           -3.03694847641747       -0.70651728521703       -0.65046617004522
H           -1.49136643090052        1.29826721160661        1.08013115679878
H           -1.79054100803000        1.47627469769404       -0.64308099663757
H            1.79805904618607       -0.65278455404245       -1.19500392295539
H            2.48770450306088        0.99414441345477       -1.02640656565668
H            3.61623605656994       -0.59462203532067        0.53034742407445
H            2.69528677880033        0.61048820315362        1.44581351362317
H            2.05427312128190       -1.02702040578560        1.23747163279763
17
 energy: -23.957849174803 gnorm: 0.000108471644 xtb: 6.7.1 (edcfbbe)
C           -2.88111523234315       -0.15811378738892        0.27490554666513
C           -1.66039351952227        0.74361312763049        0.15584785045544
C           -0.40442563266077       -0.03390818388112       -0.14353944225731
O           -0.33695569076177       -1.23647713871864       -0.27840393893460
O            0.64330521142726        0.77945464566059       -0.25571702485659
C            1.93169856616546        0.20143977424892       -0.52450631741967
C            2.62098563486937       -0.22935099278175        0.76125525024331
H           -2.73817412802745       -0.88338862460980        1.07174202594644
H           -3.76480476430605        0.43472021981794        0.48938630652802
H           -3.03730803864550       -0.70600326762673       -0.65075958042258
H           -1.49070905636606        1.29694175563562        1.08106590756464
H           -1.79058414283406        1.47690361898766       -0.64180572570437
H            1.79800107662306       -0.65346763683597       -1.19440115330634
H            2.48752589795737        0.99364072885512       -1.02682823233402
H            3.61601688781244       -0.59543018052922        0.53044722145545
H            2.69690468829669        0.61181310712635        1.44496682140812
H            2.05403036490796       -1.02528017505348        1.23905712387028
17
 energy: -23.957849401191 gnorm: 0.000056500615 xtb: 6.7.1 (edcfbbe)
C           -2.88122225108847       -0.15813404925974        0.27473526227329
C           -1.66042026727429        0.74348579189699        0.15633136671059
C           -0.40470982690543       -0.03391769719407       -0.14444857083981
O           -0.33775977203224       -1.23628746974646       -0.28120118449228
O            0.64336325942841        0.77920851607266       -0.25523678687154
C            1.93162005834593        0.20097619773914       -0.52427658021212
C            2.62145819710798       -0.22880824473821        0.76148219270387
H           -2.73851083667977       -0.88393968011797        1.07113124395989
H           -3.76486866953969        0.43468161400143        0.48948655013174
H           -3.03741417588815       -0.70545801779714       -0.65126491780589
H           -1.49033272653052        1.29578350373859        1.08210872447557
H           -1.79080134600918        1.47774788958022       -0.64042440140616
H            1.79749893511345       -0.65438633714636       -1.19352191673723
H            2.48732323989542        0.99275129840082       -1.02745820093296
H            3.61590199375945       -0.59635887691509        0.53043278604328
H            2.69887242001475        0.61319782777029        1.44398548410459
H            2.05399989087486       -1.02343527574805        1.24085158779650
17
 energy: -23.957849534478 gnorm: 0.000058102747 xtb: 6.7.1 (edcfbbe)
C           -2.88129666455312       -0.15816923206603        0.27446587814739
C           -1.66049395450891        0.74351849076895        0.15677856123290
C           -0.40496511469418       -0.03380002139045       -0.14497836674480
O           -0.33848282165739       -1.23601121983281       -0.28324196707885
O            0.64344115936724        0.77902694262758       -0.25460198942136
C            1.93150772130197        0.20051017309456       -0.52406345832554
C            2.62194719354973       -0.22836677964871        0.76164502942071
H           -2.73866181293815       -0.88453334533868        1.07035910561758
H           -3.76497640802023        0.43446483480816        0.48953280554478
H           -3.03737495545246       -0.70486340031452       -0.65192005290768
H           -1.49023785292122        1.29496540088889        1.08303485647993
H           -1.79097509008170        1.47853253464696       -0.63927503286079
H            1.79677439230891       -0.65533520502994       -1.19256701821411
H            2.48705359969007        0.99180775123716       -1.02819341107186
H            3.61591765974868       -0.59696349441630        0.53023802569784
H            2.70056147356173        0.61434196443540        1.44313726838715
H            2.05425959789153       -1.02201840393316        1.24236240499807
17
 energy: -23.957849603741 gnorm: 0.000043465260 xtb: 6.7.1 (edcfbbe)
C           -2.88139740449541       -0.15816741218162        0.27418922794923
C           -1.66057931002974        0.74358603335685        0.15709803160272
C           -0.40515345605631       -0.03371182440101       -0.14512246075581
O           -0.33896248638251       -1.23584619610334       -0.28427766420238
O            0.64346408325143        0.77890598059384       -0.25409002121074
C            1.93138180646984        0.20013129045527       -0.52390270400019
C            2.62240537199597       -0.22806028928328        0.76170710019280
H           -2.73875638076871       -0.88502924333744        1.06962705288878
H           -3.76510706408167        0.43429925039610        0.48958235748927
H           -3.03738936971739       -0.70429068887406       -0.65254719014778
H           -1.49032154242472        1.29446630529494        1.08368790670132
H           -1.79102370523394        1.47907698283880       -0.63851947817891
H            1.79619029823881       -0.65606997533010       -1.19184343051315
H            2.48676669342004        0.99106631010390       -1.02875648671074
H            3.61612126903602       -0.59718653545120        0.53003152996283
H            2.70167500481665        0.61509676933781        1.44256682492181
H            2.05468431455415       -1.02115976687838        1.24328204291229
