----------------------------------------------- 
  Element       SASA      Sigma Z        Total  
     Z         Ang**2 cal/Ang**2/mol   kcal/mol 
----------------------------------------------- 
      H        154.214      48.690       7.509
      C         63.342     129.740       8.218
      O         24.235       0.000       0.000

 Subtotal:     241.791                  15.727
 -----------------------------------------------

  Elements    COT*SASA   Sigma Z,Z'     Total   
    Z,Z'       Ang**2  cal/Ang**2/mol kcal/mol  
 ---------------------------------------------- 
  H   C        103.931     -60.770      -6.316
  H   O          0.000       0.000       0.000
  C   C         64.730     -72.950      -4.722
  O   C         15.091      68.690       1.037

 Subtotal:                             -10.001
 ---------------------------------------------- 

 NONAQUEOUS SOLVENT CONTRIBUTION (kcal/mol):
 (proportional to SASA, atomic number independent)
 ---------------------------------------------- 
 Subtotal:                               0.000
 ---------------------------------------------- 

 CDS TOTAL (kcal/mol):                   5.725
...............................................................................
