----------------------------------------------- 
  Element       SASA      Sigma Z        Total  
     Z         Ang**2 cal/Ang**2/mol   kcal/mol 
----------------------------------------------- 
      H        113.965      48.690       5.549
      C         25.577     129.740       3.318
      O         40.014       0.000       0.000

 Subtotal:     179.556                   8.867
 -----------------------------------------------

  Elements    COT*SASA   Sigma Z,Z'     Total   
    Z,Z'       Ang**2  cal/Ang**2/mol kcal/mol  
 ---------------------------------------------- 
  H   C         67.803     -60.770      -4.120
  H   O          9.254       0.000       0.000
  C   C         18.354     -72.950      -1.339
  O   C         18.449      68.690       1.267
  O   O          0.000       0.000       0.000

 Subtotal:                              -4.192
 ---------------------------------------------- 

 NONAQUEOUS SOLVENT CONTRIBUTION (kcal/mol):
 (proportional to SASA, atomic number independent)
 ---------------------------------------------- 
 Subtotal:                               0.000
 ---------------------------------------------- 

 CDS TOTAL (kcal/mol):                   4.675
...............................................................................
