----------------------------------------------- 
  Element       SASA      Sigma Z        Total  
     Z         Ang**2 cal/Ang**2/mol   kcal/mol 
----------------------------------------------- 
      H        135.024      48.690       6.574
      C         22.832     129.740       2.962
      O         16.335       0.000       0.000

 Subtotal:     174.191                   9.537
 -----------------------------------------------

  Elements    COT*SASA   Sigma Z,Z'     Total   
    Z,Z'       Ang**2  cal/Ang**2/mol kcal/mol  
 ---------------------------------------------- 
  H   C         81.484     -60.770      -4.952
  H   O          9.754       0.000       0.000
  C   C         16.728     -72.950      -1.220
  O   C          0.000      68.690       0.000

 Subtotal:                              -6.172
 ---------------------------------------------- 

 NONAQUEOUS SOLVENT CONTRIBUTION (kcal/mol):
 (proportional to SASA, atomic number independent)
 ---------------------------------------------- 
 Subtotal:                               0.000
 ---------------------------------------------- 

 CDS TOTAL (kcal/mol):                   3.364
...............................................................................
