2025-04-11 11:19:16,601 -   censo.qm_processor   -   INFO   - worker430439:Running xtb_gsolv calculation in /srv/scratch/z5358697/.automated/5949/0_PRESCREENING/CONF10/xtb_gsolv.
2025-04-11 11:19:17,484 -   censo.qm_processor   -   INFO   - worker430415:Running xtb_gsolv calculation in /srv/scratch/z5358697/.automated/5949/0_PRESCREENING/CONF1/xtb_gsolv.
2025-04-11 11:19:17,490 -   censo.qm_processor   -   INFO   - worker430416:Running xtb_gsolv calculation in /srv/scratch/z5358697/.automated/5949/0_PRESCREENING/CONF2/xtb_gsolv.
2025-04-11 11:19:17,510 -   censo.qm_processor   -   INFO   - worker430418:Running xtb_gsolv calculation in /srv/scratch/z5358697/.automated/5949/0_PRESCREENING/CONF3/xtb_gsolv.
2025-04-11 11:19:17,518 -   censo.qm_processor   -   INFO   - worker430421:Running xtb_gsolv calculation in /srv/scratch/z5358697/.automated/5949/0_PRESCREENING/CONF4/xtb_gsolv.
2025-04-11 11:19:17,542 -   censo.qm_processor   -   INFO   - worker430424:Running xtb_gsolv calculation in /srv/scratch/z5358697/.automated/5949/0_PRESCREENING/CONF5/xtb_gsolv.
2025-04-11 11:19:17,589 -   censo.qm_processor   -   INFO   - worker430433:Running xtb_gsolv calculation in /srv/scratch/z5358697/.automated/5949/0_PRESCREENING/CONF8/xtb_gsolv.
2025-04-11 11:19:17,921 -   censo.qm_processor   -   INFO   - worker430430:Running xtb_gsolv calculation in /srv/scratch/z5358697/.automated/5949/0_PRESCREENING/CONF7/xtb_gsolv.
2025-04-11 11:19:17,979 -   censo.qm_processor   -   INFO   - worker430427:Running xtb_gsolv calculation in /srv/scratch/z5358697/.automated/5949/0_PRESCREENING/CONF6/xtb_gsolv.
2025-04-11 11:19:18,089 -   censo.qm_processor   -   INFO   - worker430454:Running xtb_gsolv calculation in /srv/scratch/z5358697/.automated/5949/0_PRESCREENING/CONF15/xtb_gsolv.
2025-04-11 11:19:18,095 -   censo.qm_processor   -   INFO   - worker430436:Running xtb_gsolv calculation in /srv/scratch/z5358697/.automated/5949/0_PRESCREENING/CONF9/xtb_gsolv.
2025-04-11 11:19:18,106 -   censo.qm_processor   -   INFO   - worker430448:Running xtb_gsolv calculation in /srv/scratch/z5358697/.automated/5949/0_PRESCREENING/CONF13/xtb_gsolv.
2025-04-11 11:19:18,133 -   censo.qm_processor   -   INFO   - worker430445:Running xtb_gsolv calculation in /srv/scratch/z5358697/.automated/5949/0_PRESCREENING/CONF12/xtb_gsolv.
2025-04-11 11:19:18,151 -   censo.qm_processor   -   INFO   - worker430451:Running xtb_gsolv calculation in /srv/scratch/z5358697/.automated/5949/0_PRESCREENING/CONF14/xtb_gsolv.
2025-04-11 11:19:18,171 -   censo.qm_processor   -   INFO   - worker430442:Running xtb_gsolv calculation in /srv/scratch/z5358697/.automated/5949/0_PRESCREENING/CONF11/xtb_gsolv.
2025-04-11 11:19:18,197 -   censo.qm_processor   -   INFO   - worker430457:Running xtb_gsolv calculation in /srv/scratch/z5358697/.automated/5949/0_PRESCREENING/CONF16/xtb_gsolv.
2025-04-11 11:19:20,017 -   censo.qm_processor   -   INFO   - worker430436:Running xtb_gsolv calculation in /srv/scratch/z5358697/.automated/5949/0_PRESCREENING/CONF19/xtb_gsolv.
2025-04-11 11:19:20,030 -   censo.qm_processor   -   INFO   - worker430451:Running xtb_gsolv calculation in /srv/scratch/z5358697/.automated/5949/0_PRESCREENING/CONF18/xtb_gsolv.
2025-04-11 11:19:20,043 -   censo.qm_processor   -   INFO   - worker430430:Running xtb_gsolv calculation in /srv/scratch/z5358697/.automated/5949/0_PRESCREENING/CONF22/xtb_gsolv.
2025-04-11 11:19:20,046 -   censo.qm_processor   -   INFO   - worker430442:Running xtb_gsolv calculation in /srv/scratch/z5358697/.automated/5949/0_PRESCREENING/CONF17/xtb_gsolv.
2025-04-11 11:19:20,058 -   censo.qm_processor   -   INFO   - worker430445:Running xtb_gsolv calculation in /srv/scratch/z5358697/.automated/5949/0_PRESCREENING/CONF21/xtb_gsolv.
2025-04-11 11:19:20,064 -   censo.qm_processor   -   INFO   - worker430418:Running xtb_gsolv calculation in /srv/scratch/z5358697/.automated/5949/0_PRESCREENING/CONF25/xtb_gsolv.
2025-04-11 11:19:20,076 -   censo.qm_processor   -   INFO   - worker430421:Running xtb_gsolv calculation in /srv/scratch/z5358697/.automated/5949/0_PRESCREENING/CONF23/xtb_gsolv.
2025-04-11 11:19:20,083 -   censo.qm_processor   -   INFO   - worker430439:Running xtb_gsolv calculation in /srv/scratch/z5358697/.automated/5949/0_PRESCREENING/CONF24/xtb_gsolv.
2025-04-11 11:19:20,094 -   censo.qm_processor   -   INFO   - worker430457:Running xtb_gsolv calculation in /srv/scratch/z5358697/.automated/5949/0_PRESCREENING/CONF27/xtb_gsolv.
2025-04-11 11:19:20,095 -   censo.qm_processor   -   INFO   - worker430427:Running xtb_gsolv calculation in /srv/scratch/z5358697/.automated/5949/0_PRESCREENING/CONF26/xtb_gsolv.
2025-04-11 11:19:20,106 -   censo.qm_processor   -   INFO   - worker430424:Running xtb_gsolv calculation in /srv/scratch/z5358697/.automated/5949/0_PRESCREENING/CONF20/xtb_gsolv.
2025-04-11 11:19:20,114 -   censo.qm_processor   -   INFO   - worker430416:Running xtb_gsolv calculation in /srv/scratch/z5358697/.automated/5949/0_PRESCREENING/CONF28/xtb_gsolv.
2025-04-11 11:19:20,122 -   censo.qm_processor   -   INFO   - worker430415:Running xtb_gsolv calculation in /srv/scratch/z5358697/.automated/5949/0_PRESCREENING/CONF29/xtb_gsolv.
2025-04-11 11:19:20,126 -   censo.qm_processor   -   INFO   - worker430454:Running xtb_gsolv calculation in /srv/scratch/z5358697/.automated/5949/0_PRESCREENING/CONF32/xtb_gsolv.
2025-04-11 11:19:20,134 -   censo.qm_processor   -   INFO   - worker430433:Running xtb_gsolv calculation in /srv/scratch/z5358697/.automated/5949/0_PRESCREENING/CONF30/xtb_gsolv.
2025-04-11 11:19:20,152 -   censo.qm_processor   -   INFO   - worker430448:Running xtb_gsolv calculation in /srv/scratch/z5358697/.automated/5949/0_PRESCREENING/CONF31/xtb_gsolv.
2025-04-11 11:19:20,179 -   censo.qm_processor   -   INFO   - worker430436:Running xtb_gsolv calculation in /srv/scratch/z5358697/.automated/5949/0_PRESCREENING/CONF33/xtb_gsolv.
2025-04-11 11:19:20,207 -   censo.qm_processor   -   INFO   - worker430451:Running xtb_gsolv calculation in /srv/scratch/z5358697/.automated/5949/0_PRESCREENING/CONF34/xtb_gsolv.
2025-04-11 11:19:20,231 -   censo.qm_processor   -   INFO   - worker430418:Running xtb_gsolv calculation in /srv/scratch/z5358697/.automated/5949/0_PRESCREENING/CONF36/xtb_gsolv.
2025-04-11 11:19:20,248 -   censo.qm_processor   -   INFO   - worker430421:Running xtb_gsolv calculation in /srv/scratch/z5358697/.automated/5949/0_PRESCREENING/CONF37/xtb_gsolv.
2025-04-11 11:19:20,289 -   censo.qm_processor   -   INFO   - worker430430:Running xtb_gsolv calculation in /srv/scratch/z5358697/.automated/5949/0_PRESCREENING/CONF35/xtb_gsolv.
2025-04-11 11:19:20,579 -   censo.qm_processor   -   INFO   - worker430445:Running xtb_gsolv calculation in /srv/scratch/z5358697/.automated/5949/0_PRESCREENING/CONF38/xtb_gsolv.
2025-04-11 11:19:20,593 -   censo.qm_processor   -   INFO   - worker430427:Running xtb_gsolv calculation in /srv/scratch/z5358697/.automated/5949/0_PRESCREENING/CONF42/xtb_gsolv.
2025-04-11 11:19:21,490 -   censo.qm_processor   -   INFO   - worker430433:Running xtb_gsolv calculation in /srv/scratch/z5358697/.automated/5949/0_PRESCREENING/CONF43/xtb_gsolv.
2025-04-11 11:19:21,512 -   censo.qm_processor   -   INFO   - worker430451:Running xtb_gsolv calculation in /srv/scratch/z5358697/.automated/5949/0_PRESCREENING/CONF49/xtb_gsolv.
2025-04-11 11:19:21,520 -   censo.qm_processor   -   INFO   - worker430430:Running xtb_gsolv calculation in /srv/scratch/z5358697/.automated/5949/0_PRESCREENING/CONF52/xtb_gsolv.
2025-04-11 11:19:21,536 -   censo.qm_processor   -   INFO   - worker430454:Running xtb_gsolv calculation in /srv/scratch/z5358697/.automated/5949/0_PRESCREENING/CONF45/xtb_gsolv.
2025-04-11 11:19:21,552 -   censo.qm_processor   -   INFO   - worker430436:Running xtb_gsolv calculation in /srv/scratch/z5358697/.automated/5949/0_PRESCREENING/CONF48/xtb_gsolv.
2025-04-11 11:19:21,569 -   censo.qm_processor   -   INFO   - worker430457:Running xtb_gsolv calculation in /srv/scratch/z5358697/.automated/5949/0_PRESCREENING/CONF39/xtb_gsolv.
2025-04-11 11:19:21,583 -   censo.qm_processor   -   INFO   - worker430448:Running xtb_gsolv calculation in /srv/scratch/z5358697/.automated/5949/0_PRESCREENING/CONF47/xtb_gsolv.
2025-04-11 11:19:21,600 -   censo.qm_processor   -   INFO   - worker430418:Running xtb_gsolv calculation in /srv/scratch/z5358697/.automated/5949/0_PRESCREENING/CONF50/xtb_gsolv.
2025-04-11 11:19:21,626 -   censo.qm_processor   -   INFO   - worker430439:Running xtb_gsolv calculation in /srv/scratch/z5358697/.automated/5949/0_PRESCREENING/CONF40/xtb_gsolv.
2025-04-11 11:19:21,629 -   censo.qm_processor   -   INFO   - worker430424:Running xtb_gsolv calculation in /srv/scratch/z5358697/.automated/5949/0_PRESCREENING/CONF41/xtb_gsolv.
2025-04-11 11:19:21,631 -   censo.qm_processor   -   INFO   - worker430421:Running xtb_gsolv calculation in /srv/scratch/z5358697/.automated/5949/0_PRESCREENING/CONF51/xtb_gsolv.
2025-04-11 11:19:21,648 -   censo.qm_processor   -   INFO   - worker430442:Running xtb_gsolv calculation in /srv/scratch/z5358697/.automated/5949/0_PRESCREENING/CONF46/xtb_gsolv.
2025-04-11 11:19:21,659 -   censo.qm_processor   -   INFO   - worker430445:Running xtb_gsolv calculation in /srv/scratch/z5358697/.automated/5949/0_PRESCREENING/CONF54/xtb_gsolv.
2025-04-11 11:19:21,682 -   censo.qm_processor   -   INFO   - worker430427:Running xtb_gsolv calculation in /srv/scratch/z5358697/.automated/5949/0_PRESCREENING/CONF55/xtb_gsolv.
2025-04-11 11:19:21,687 -   censo.qm_processor   -   INFO   - worker430416:Running xtb_gsolv calculation in /srv/scratch/z5358697/.automated/5949/0_PRESCREENING/CONF53/xtb_gsolv.
2025-04-11 11:19:21,702 -   censo.qm_processor   -   INFO   - worker430433:Running xtb_gsolv calculation in /srv/scratch/z5358697/.automated/5949/0_PRESCREENING/CONF56/xtb_gsolv.
2025-04-11 11:19:21,709 -   censo.qm_processor   -   INFO   - worker430451:Running xtb_gsolv calculation in /srv/scratch/z5358697/.automated/5949/0_PRESCREENING/CONF57/xtb_gsolv.
2025-04-11 11:19:21,714 -   censo.qm_processor   -   INFO   - worker430430:Running xtb_gsolv calculation in /srv/scratch/z5358697/.automated/5949/0_PRESCREENING/CONF58/xtb_gsolv.
2025-04-11 11:19:21,722 -   censo.qm_processor   -   INFO   - worker430454:Running xtb_gsolv calculation in /srv/scratch/z5358697/.automated/5949/0_PRESCREENING/CONF59/xtb_gsolv.
2025-04-11 11:19:21,767 -   censo.qm_processor   -   INFO   - worker430448:Running xtb_gsolv calculation in /srv/scratch/z5358697/.automated/5949/0_PRESCREENING/CONF62/xtb_gsolv.
2025-04-11 11:19:21,779 -   censo.qm_processor   -   INFO   - worker430418:Running xtb_gsolv calculation in /srv/scratch/z5358697/.automated/5949/0_PRESCREENING/CONF63/xtb_gsolv.
2025-04-11 11:19:21,795 -   censo.qm_processor   -   INFO   - worker430424:Running xtb_gsolv calculation in /srv/scratch/z5358697/.automated/5949/0_PRESCREENING/CONF64/xtb_gsolv.
2025-04-11 11:19:21,804 -   censo.qm_processor   -   INFO   - worker430457:Running xtb_gsolv calculation in /srv/scratch/z5358697/.automated/5949/0_PRESCREENING/CONF61/xtb_gsolv.
2025-04-11 11:19:21,807 -   censo.qm_processor   -   INFO   - worker430439:Running xtb_gsolv calculation in /srv/scratch/z5358697/.automated/5949/0_PRESCREENING/CONF65/xtb_gsolv.
2025-04-11 11:19:21,822 -   censo.qm_processor   -   INFO   - worker430415:Running xtb_gsolv calculation in /srv/scratch/z5358697/.automated/5949/0_PRESCREENING/CONF44/xtb_gsolv.
2025-04-11 11:19:21,831 -   censo.qm_processor   -   INFO   - worker430442:Running xtb_gsolv calculation in /srv/scratch/z5358697/.automated/5949/0_PRESCREENING/CONF66/xtb_gsolv.
2025-04-11 11:19:21,889 -   censo.qm_processor   -   INFO   - worker430445:Running xtb_gsolv calculation in /srv/scratch/z5358697/.automated/5949/0_PRESCREENING/CONF67/xtb_gsolv.
2025-04-11 11:19:21,948 -   censo.qm_processor   -   INFO   - worker430427:Running xtb_gsolv calculation in /srv/scratch/z5358697/.automated/5949/0_PRESCREENING/CONF68/xtb_gsolv.
2025-04-11 11:19:21,964 -   censo.qm_processor   -   INFO   - worker430454:Running xtb_gsolv calculation in /srv/scratch/z5358697/.automated/5949/0_PRESCREENING/CONF73/xtb_gsolv.
2025-04-11 11:19:21,971 -   censo.qm_processor   -   INFO   - worker430430:Running xtb_gsolv calculation in /srv/scratch/z5358697/.automated/5949/0_PRESCREENING/CONF71/xtb_gsolv.
2025-04-11 11:19:21,979 -   censo.qm_processor   -   INFO   - worker430416:Running xtb_gsolv calculation in /srv/scratch/z5358697/.automated/5949/0_PRESCREENING/CONF69/xtb_gsolv.
2025-04-11 11:19:21,987 -   censo.qm_processor   -   INFO   - worker430433:Running xtb_gsolv calculation in /srv/scratch/z5358697/.automated/5949/0_PRESCREENING/CONF72/xtb_gsolv.
2025-04-11 11:19:21,999 -   censo.qm_processor   -   INFO   - worker430451:Running xtb_gsolv calculation in /srv/scratch/z5358697/.automated/5949/0_PRESCREENING/CONF70/xtb_gsolv.
2025-04-11 11:19:22,005 -   censo.qm_processor   -   INFO   - worker430418:Running xtb_gsolv calculation in /srv/scratch/z5358697/.automated/5949/0_PRESCREENING/CONF75/xtb_gsolv.
2025-04-11 11:19:22,483 -   censo.qm_processor   -   INFO   - worker430442:Running xtb_gsolv calculation in /srv/scratch/z5358697/.automated/5949/0_PRESCREENING/CONF79/xtb_gsolv.
2025-04-11 11:19:22,504 -   censo.qm_processor   -   INFO   - worker430448:Running xtb_gsolv calculation in /srv/scratch/z5358697/.automated/5949/0_PRESCREENING/CONF74/xtb_gsolv.
2025-04-11 11:19:22,515 -   censo.qm_processor   -   INFO   - worker430415:Running xtb_gsolv calculation in /srv/scratch/z5358697/.automated/5949/0_PRESCREENING/CONF78/xtb_gsolv.
2025-04-11 11:19:22,518 -   censo.qm_processor   -   INFO   - worker430436:Running xtb_gsolv calculation in /srv/scratch/z5358697/.automated/5949/0_PRESCREENING/CONF60/xtb_gsolv.
2025-04-11 11:19:22,528 -   censo.qm_processor   -   INFO   - worker430457:Running xtb_gsolv calculation in /srv/scratch/z5358697/.automated/5949/0_PRESCREENING/CONF76/xtb_gsolv.
2025-04-11 11:19:22,543 -   censo.qm_processor   -   INFO   - worker430439:Running xtb_gsolv calculation in /srv/scratch/z5358697/.automated/5949/0_PRESCREENING/CONF77/xtb_gsolv.
2025-04-11 11:19:23,826 -   censo.qm_processor   -   INFO   - worker430416:Running xtb_gsolv calculation in /srv/scratch/z5358697/.automated/5949/0_PRESCREENING/CONF82/xtb_gsolv.
2025-04-11 11:19:23,842 -   censo.qm_processor   -   INFO   - worker430433:Running xtb_gsolv calculation in /srv/scratch/z5358697/.automated/5949/0_PRESCREENING/CONF85/xtb_gsolv.
2025-04-11 11:19:23,854 -   censo.qm_processor   -   INFO   - worker430445:Running xtb_gsolv calculation in /srv/scratch/z5358697/.automated/5949/0_PRESCREENING/CONF80/xtb_gsolv.
2025-04-11 11:19:23,875 -   censo.qm_processor   -   INFO   - worker430424:Running xtb_gsolv calculation in /srv/scratch/z5358697/.automated/5949/0_PRESCREENING/CONF89/xtb_gsolv.
2025-04-11 11:19:23,880 -   censo.qm_processor   -   INFO   - worker430421:Running xtb_gsolv calculation in /srv/scratch/z5358697/.automated/5949/0_PRESCREENING/CONF88/xtb_gsolv.
2025-04-11 11:19:23,895 -   censo.qm_processor   -   INFO   - worker430427:Running xtb_gsolv calculation in /srv/scratch/z5358697/.automated/5949/0_PRESCREENING/CONF81/xtb_gsolv.
2025-04-11 11:19:23,902 -   censo.qm_processor   -   INFO   - worker430418:Running xtb_gsolv calculation in /srv/scratch/z5358697/.automated/5949/0_PRESCREENING/CONF87/xtb_gsolv.
2025-04-11 11:19:23,935 -   censo.qm_processor   -   INFO   - worker430454:Running xtb_gsolv calculation in /srv/scratch/z5358697/.automated/5949/0_PRESCREENING/CONF84/xtb_gsolv.
2025-04-11 11:19:23,957 -   censo.qm_processor   -   INFO   - worker430442:Running xtb_gsolv calculation in /srv/scratch/z5358697/.automated/5949/0_PRESCREENING/CONF90/xtb_gsolv.
2025-04-11 11:19:23,972 -   censo.qm_processor   -   INFO   - worker430451:Running xtb_gsolv calculation in /srv/scratch/z5358697/.automated/5949/0_PRESCREENING/CONF86/xtb_gsolv.
2025-04-11 11:19:23,980 -   censo.qm_processor   -   INFO   - worker430430:Running xtb_gsolv calculation in /srv/scratch/z5358697/.automated/5949/0_PRESCREENING/CONF83/xtb_gsolv.
2025-04-11 11:19:24,035 -   censo.qm_processor   -   INFO   - worker430457:Running xtb_gsolv calculation in /srv/scratch/z5358697/.automated/5949/0_PRESCREENING/CONF94/xtb_gsolv.
2025-04-11 11:19:24,055 -   censo.qm_processor   -   INFO   - worker430436:Running xtb_gsolv calculation in /srv/scratch/z5358697/.automated/5949/0_PRESCREENING/CONF93/xtb_gsolv.
2025-04-11 11:19:24,071 -   censo.qm_processor   -   INFO   - worker430415:Running xtb_gsolv calculation in /srv/scratch/z5358697/.automated/5949/0_PRESCREENING/CONF92/xtb_gsolv.
2025-04-11 11:19:24,080 -   censo.qm_processor   -   INFO   - worker430439:Running xtb_gsolv calculation in /srv/scratch/z5358697/.automated/5949/0_PRESCREENING/CONF95/xtb_gsolv.
2025-04-11 11:19:24,087 -   censo.qm_processor   -   INFO   - worker430448:Running xtb_gsolv calculation in /srv/scratch/z5358697/.automated/5949/0_PRESCREENING/CONF91/xtb_gsolv.
2025-04-11 11:19:24,140 -   censo.qm_processor   -   INFO   - worker430416:Running xtb_gsolv calculation in /srv/scratch/z5358697/.automated/5949/0_PRESCREENING/CONF96/xtb_gsolv.
2025-04-11 11:19:24,147 -   censo.qm_processor   -   INFO   - worker430418:Running xtb_gsolv calculation in /srv/scratch/z5358697/.automated/5949/0_PRESCREENING/CONF99/xtb_gsolv.
2025-04-11 11:19:24,149 -   censo.qm_processor   -   INFO   - worker430421:Running xtb_gsolv calculation in /srv/scratch/z5358697/.automated/5949/0_PRESCREENING/CONF98/xtb_gsolv.
2025-04-11 11:19:24,160 -   censo.qm_processor   -   INFO   - worker430433:Running xtb_gsolv calculation in /srv/scratch/z5358697/.automated/5949/0_PRESCREENING/CONF97/xtb_gsolv.
2025-04-11 11:19:24,440 -   censo.qm_processor   -   INFO   - worker430445:Running xtb_gsolv calculation in /srv/scratch/z5358697/.automated/5949/0_PRESCREENING/CONF101/xtb_gsolv.
2025-04-11 11:19:24,446 -   censo.qm_processor   -   INFO   - worker430427:Running xtb_gsolv calculation in /srv/scratch/z5358697/.automated/5949/0_PRESCREENING/CONF102/xtb_gsolv.
2025-04-11 11:19:24,448 -   censo.qm_processor   -   INFO   - worker430451:Running xtb_gsolv calculation in /srv/scratch/z5358697/.automated/5949/0_PRESCREENING/CONF105/xtb_gsolv.
2025-04-11 11:19:24,467 -   censo.qm_processor   -   INFO   - worker430430:Running xtb_gsolv calculation in /srv/scratch/z5358697/.automated/5949/0_PRESCREENING/CONF104/xtb_gsolv.
2025-04-11 11:19:24,486 -   censo.qm_processor   -   INFO   - worker430439:Running xtb_gsolv calculation in /srv/scratch/z5358697/.automated/5949/0_PRESCREENING/CONF108/xtb_gsolv.
2025-04-11 11:19:24,548 -   censo.qm_processor   -   INFO   - worker430436:Running xtb_gsolv calculation in /srv/scratch/z5358697/.automated/5949/0_PRESCREENING/CONF107/xtb_gsolv.
2025-04-11 11:19:24,548 -   censo.qm_processor   -   INFO   - worker430442:Running xtb_gsolv calculation in /srv/scratch/z5358697/.automated/5949/0_PRESCREENING/CONF106/xtb_gsolv.
2025-04-11 11:19:24,551 -   censo.qm_processor   -   INFO   - worker430454:Running xtb_gsolv calculation in /srv/scratch/z5358697/.automated/5949/0_PRESCREENING/CONF103/xtb_gsolv.
2025-04-11 11:19:24,744 -   censo.qm_processor   -   INFO   - worker430424:Running xtb_gsolv calculation in /srv/scratch/z5358697/.automated/5949/0_PRESCREENING/CONF100/xtb_gsolv.
2025-04-11 11:19:24,901 -     censo.parallel     -   INFO   - All jobs executed successfully.
2025-04-11 11:19:24,928 -   censo.qm_processor   -   INFO   - worker430728:Running sp calculation in /srv/scratch/z5358697/.automated/5949/0_PRESCREENING/CONF1/sp.
2025-04-11 11:19:24,929 -   censo.qm_processor   -   INFO   - worker430740:Running sp calculation in /srv/scratch/z5358697/.automated/5949/0_PRESCREENING/CONF6/sp.
2025-04-11 11:19:24,931 -   censo.qm_processor   -   INFO   - worker430743:Running sp calculation in /srv/scratch/z5358697/.automated/5949/0_PRESCREENING/CONF7/sp.
2025-04-11 11:19:24,938 -   censo.qm_processor   -   INFO   - worker430729:Running sp calculation in /srv/scratch/z5358697/.automated/5949/0_PRESCREENING/CONF2/sp.
2025-04-11 11:19:24,940 -   censo.qm_processor   -   INFO   - worker430746:Running sp calculation in /srv/scratch/z5358697/.automated/5949/0_PRESCREENING/CONF8/sp.
2025-04-11 11:19:24,948 -   censo.qm_processor   -   INFO   - worker430749:Running sp calculation in /srv/scratch/z5358697/.automated/5949/0_PRESCREENING/CONF9/sp.
2025-04-11 11:19:24,948 -   censo.qm_processor   -   INFO   - worker430731:Running sp calculation in /srv/scratch/z5358697/.automated/5949/0_PRESCREENING/CONF3/sp.
2025-04-11 11:19:24,950 -   censo.qm_processor   -   INFO   - worker430752:Running sp calculation in /srv/scratch/z5358697/.automated/5949/0_PRESCREENING/CONF10/sp.
2025-04-11 11:19:24,950 -   censo.qm_processor   -   INFO   - worker430734:Running sp calculation in /srv/scratch/z5358697/.automated/5949/0_PRESCREENING/CONF4/sp.
2025-04-11 11:19:24,955 -   censo.qm_processor   -   INFO   - worker430755:Running sp calculation in /srv/scratch/z5358697/.automated/5949/0_PRESCREENING/CONF11/sp.
2025-04-11 11:19:24,956 -   censo.qm_processor   -   INFO   - worker430737:Running sp calculation in /srv/scratch/z5358697/.automated/5949/0_PRESCREENING/CONF5/sp.
2025-04-11 11:19:24,957 -   censo.qm_processor   -   INFO   - worker430758:Running sp calculation in /srv/scratch/z5358697/.automated/5949/0_PRESCREENING/CONF12/sp.
2025-04-11 11:19:24,964 -   censo.qm_processor   -   INFO   - worker430761:Running sp calculation in /srv/scratch/z5358697/.automated/5949/0_PRESCREENING/CONF13/sp.
2025-04-11 11:19:24,976 -   censo.qm_processor   -   INFO   - worker430764:Running sp calculation in /srv/scratch/z5358697/.automated/5949/0_PRESCREENING/CONF14/sp.
2025-04-11 11:19:24,984 -   censo.qm_processor   -   INFO   - worker430770:Running sp calculation in /srv/scratch/z5358697/.automated/5949/0_PRESCREENING/CONF16/sp.
2025-04-11 11:19:25,007 -   censo.qm_processor   -   INFO   - worker430767:Running sp calculation in /srv/scratch/z5358697/.automated/5949/0_PRESCREENING/CONF15/sp.
2025-04-11 11:19:31,807 -   censo.qm_processor   -   INFO   - worker430740:Running sp calculation in /srv/scratch/z5358697/.automated/5949/0_PRESCREENING/CONF17/sp.
2025-04-11 11:19:31,811 -   censo.qm_processor   -   INFO   - worker430749:Running sp calculation in /srv/scratch/z5358697/.automated/5949/0_PRESCREENING/CONF18/sp.
2025-04-11 11:19:31,836 -   censo.qm_processor   -   INFO   - worker430743:Running sp calculation in /srv/scratch/z5358697/.automated/5949/0_PRESCREENING/CONF19/sp.
2025-04-11 11:19:31,847 -   censo.qm_processor   -   INFO   - worker430729:Running sp calculation in /srv/scratch/z5358697/.automated/5949/0_PRESCREENING/CONF20/sp.
2025-04-11 11:19:31,927 -   censo.qm_processor   -   INFO   - worker430755:Running sp calculation in /srv/scratch/z5358697/.automated/5949/0_PRESCREENING/CONF21/sp.
2025-04-11 11:19:31,942 -   censo.qm_processor   -   INFO   - worker430761:Running sp calculation in /srv/scratch/z5358697/.automated/5949/0_PRESCREENING/CONF22/sp.
2025-04-11 11:19:31,983 -   censo.qm_processor   -   INFO   - worker430767:Running sp calculation in /srv/scratch/z5358697/.automated/5949/0_PRESCREENING/CONF23/sp.
2025-04-11 11:19:32,006 -   censo.qm_processor   -   INFO   - worker430731:Running sp calculation in /srv/scratch/z5358697/.automated/5949/0_PRESCREENING/CONF24/sp.
2025-04-11 11:19:32,012 -   censo.qm_processor   -   INFO   - worker430728:Running sp calculation in /srv/scratch/z5358697/.automated/5949/0_PRESCREENING/CONF25/sp.
2025-04-11 11:19:32,095 -   censo.qm_processor   -   INFO   - worker430758:Running sp calculation in /srv/scratch/z5358697/.automated/5949/0_PRESCREENING/CONF26/sp.
2025-04-11 11:19:33,204 -   censo.qm_processor   -   INFO   - worker430764:Running sp calculation in /srv/scratch/z5358697/.automated/5949/0_PRESCREENING/CONF27/sp.
2025-04-11 11:19:33,243 -   censo.qm_processor   -   INFO   - worker430734:Running sp calculation in /srv/scratch/z5358697/.automated/5949/0_PRESCREENING/CONF28/sp.
2025-04-11 11:19:33,279 -   censo.qm_processor   -   INFO   - worker430752:Running sp calculation in /srv/scratch/z5358697/.automated/5949/0_PRESCREENING/CONF29/sp.
2025-04-11 11:19:33,285 -   censo.qm_processor   -   INFO   - worker430770:Running sp calculation in /srv/scratch/z5358697/.automated/5949/0_PRESCREENING/CONF30/sp.
2025-04-11 11:19:33,305 -   censo.qm_processor   -   INFO   - worker430737:Running sp calculation in /srv/scratch/z5358697/.automated/5949/0_PRESCREENING/CONF31/sp.
2025-04-11 11:19:33,314 -   censo.qm_processor   -   INFO   - worker430746:Running sp calculation in /srv/scratch/z5358697/.automated/5949/0_PRESCREENING/CONF32/sp.
2025-04-11 11:19:38,327 -   censo.qm_processor   -   INFO   - worker430749:Running sp calculation in /srv/scratch/z5358697/.automated/5949/0_PRESCREENING/CONF33/sp.
2025-04-11 11:19:38,400 -   censo.qm_processor   -   INFO   - worker430740:Running sp calculation in /srv/scratch/z5358697/.automated/5949/0_PRESCREENING/CONF34/sp.
2025-04-11 11:19:38,449 -   censo.qm_processor   -   INFO   - worker430729:Running sp calculation in /srv/scratch/z5358697/.automated/5949/0_PRESCREENING/CONF35/sp.
2025-04-11 11:19:38,451 -   censo.qm_processor   -   INFO   - worker430743:Running sp calculation in /srv/scratch/z5358697/.automated/5949/0_PRESCREENING/CONF37/sp.
2025-04-11 11:19:38,451 -   censo.qm_processor   -   INFO   - worker430755:Running sp calculation in /srv/scratch/z5358697/.automated/5949/0_PRESCREENING/CONF36/sp.
2025-04-11 11:19:38,489 -   censo.qm_processor   -   INFO   - worker430761:Running sp calculation in /srv/scratch/z5358697/.automated/5949/0_PRESCREENING/CONF38/sp.
2025-04-11 11:19:38,595 -   censo.qm_processor   -   INFO   - worker430728:Running sp calculation in /srv/scratch/z5358697/.automated/5949/0_PRESCREENING/CONF39/sp.
2025-04-11 11:19:38,603 -   censo.qm_processor   -   INFO   - worker430767:Running sp calculation in /srv/scratch/z5358697/.automated/5949/0_PRESCREENING/CONF40/sp.
2025-04-11 11:19:38,638 -   censo.qm_processor   -   INFO   - worker430731:Running sp calculation in /srv/scratch/z5358697/.automated/5949/0_PRESCREENING/CONF41/sp.
2025-04-11 11:19:38,689 -   censo.qm_processor   -   INFO   - worker430758:Running sp calculation in /srv/scratch/z5358697/.automated/5949/0_PRESCREENING/CONF42/sp.
2025-04-11 11:19:39,825 -   censo.qm_processor   -   INFO   - worker430752:Running sp calculation in /srv/scratch/z5358697/.automated/5949/0_PRESCREENING/CONF43/sp.
2025-04-11 11:19:39,841 -   censo.qm_processor   -   INFO   - worker430764:Running sp calculation in /srv/scratch/z5358697/.automated/5949/0_PRESCREENING/CONF44/sp.
2025-04-11 11:19:39,919 -   censo.qm_processor   -   INFO   - worker430737:Running sp calculation in /srv/scratch/z5358697/.automated/5949/0_PRESCREENING/CONF45/sp.
2025-04-11 11:19:39,951 -   censo.qm_processor   -   INFO   - worker430770:Running sp calculation in /srv/scratch/z5358697/.automated/5949/0_PRESCREENING/CONF46/sp.
2025-04-11 11:19:39,958 -   censo.qm_processor   -   INFO   - worker430746:Running sp calculation in /srv/scratch/z5358697/.automated/5949/0_PRESCREENING/CONF47/sp.
2025-04-11 11:19:39,992 -   censo.qm_processor   -   INFO   - worker430734:Running sp calculation in /srv/scratch/z5358697/.automated/5949/0_PRESCREENING/CONF48/sp.
2025-04-11 11:19:45,030 -   censo.qm_processor   -   INFO   - worker430749:Running sp calculation in /srv/scratch/z5358697/.automated/5949/0_PRESCREENING/CONF49/sp.
2025-04-11 11:19:45,041 -   censo.qm_processor   -   INFO   - worker430740:Running sp calculation in /srv/scratch/z5358697/.automated/5949/0_PRESCREENING/CONF50/sp.
2025-04-11 11:19:45,085 -   censo.qm_processor   -   INFO   - worker430743:Running sp calculation in /srv/scratch/z5358697/.automated/5949/0_PRESCREENING/CONF51/sp.
2025-04-11 11:19:45,091 -   censo.qm_processor   -   INFO   - worker430755:Running sp calculation in /srv/scratch/z5358697/.automated/5949/0_PRESCREENING/CONF52/sp.
2025-04-11 11:19:45,103 -   censo.qm_processor   -   INFO   - worker430761:Running sp calculation in /srv/scratch/z5358697/.automated/5949/0_PRESCREENING/CONF53/sp.
2025-04-11 11:19:45,202 -   censo.qm_processor   -   INFO   - worker430731:Running sp calculation in /srv/scratch/z5358697/.automated/5949/0_PRESCREENING/CONF54/sp.
2025-04-11 11:19:45,307 -   censo.qm_processor   -   INFO   - worker430767:Running sp calculation in /srv/scratch/z5358697/.automated/5949/0_PRESCREENING/CONF55/sp.
2025-04-11 11:19:45,339 -   censo.qm_processor   -   INFO   - worker430728:Running sp calculation in /srv/scratch/z5358697/.automated/5949/0_PRESCREENING/CONF56/sp.
2025-04-11 11:19:45,345 -   censo.qm_processor   -   INFO   - worker430758:Running sp calculation in /srv/scratch/z5358697/.automated/5949/0_PRESCREENING/CONF57/sp.
2025-04-11 11:19:45,513 -   censo.qm_processor   -   INFO   - worker430729:Running sp calculation in /srv/scratch/z5358697/.automated/5949/0_PRESCREENING/CONF58/sp.
2025-04-11 11:19:46,520 -   censo.qm_processor   -   INFO   - worker430764:Running sp calculation in /srv/scratch/z5358697/.automated/5949/0_PRESCREENING/CONF59/sp.
2025-04-11 11:19:46,590 -   censo.qm_processor   -   INFO   - worker430737:Running sp calculation in /srv/scratch/z5358697/.automated/5949/0_PRESCREENING/CONF60/sp.
2025-04-11 11:19:46,642 -   censo.qm_processor   -   INFO   - worker430734:Running sp calculation in /srv/scratch/z5358697/.automated/5949/0_PRESCREENING/CONF61/sp.
2025-04-11 11:19:46,652 -   censo.qm_processor   -   INFO   - worker430752:Running sp calculation in /srv/scratch/z5358697/.automated/5949/0_PRESCREENING/CONF62/sp.
2025-04-11 11:19:46,733 -   censo.qm_processor   -   INFO   - worker430770:Running sp calculation in /srv/scratch/z5358697/.automated/5949/0_PRESCREENING/CONF63/sp.
2025-04-11 11:19:46,815 -   censo.qm_processor   -   INFO   - worker430746:Running sp calculation in /srv/scratch/z5358697/.automated/5949/0_PRESCREENING/CONF64/sp.
2025-04-11 11:19:51,789 -   censo.qm_processor   -   INFO   - worker430743:Running sp calculation in /srv/scratch/z5358697/.automated/5949/0_PRESCREENING/CONF65/sp.
2025-04-11 11:19:51,795 -   censo.qm_processor   -   INFO   - worker430740:Running sp calculation in /srv/scratch/z5358697/.automated/5949/0_PRESCREENING/CONF66/sp.
2025-04-11 11:19:51,800 -   censo.qm_processor   -   INFO   - worker430749:Running sp calculation in /srv/scratch/z5358697/.automated/5949/0_PRESCREENING/CONF67/sp.
2025-04-11 11:19:51,802 -   censo.qm_processor   -   INFO   - worker430731:Running sp calculation in /srv/scratch/z5358697/.automated/5949/0_PRESCREENING/CONF68/sp.
2025-04-11 11:19:51,826 -   censo.qm_processor   -   INFO   - worker430755:Running sp calculation in /srv/scratch/z5358697/.automated/5949/0_PRESCREENING/CONF69/sp.
2025-04-11 11:19:52,037 -   censo.qm_processor   -   INFO   - worker430728:Running sp calculation in /srv/scratch/z5358697/.automated/5949/0_PRESCREENING/CONF70/sp.
2025-04-11 11:19:52,083 -   censo.qm_processor   -   INFO   - worker430767:Running sp calculation in /srv/scratch/z5358697/.automated/5949/0_PRESCREENING/CONF71/sp.
2025-04-11 11:19:52,095 -   censo.qm_processor   -   INFO   - worker430758:Running sp calculation in /srv/scratch/z5358697/.automated/5949/0_PRESCREENING/CONF72/sp.
2025-04-11 11:19:52,210 -   censo.qm_processor   -   INFO   - worker430729:Running sp calculation in /srv/scratch/z5358697/.automated/5949/0_PRESCREENING/CONF73/sp.
2025-04-11 11:19:52,232 -   censo.qm_processor   -   INFO   - worker430761:Running sp calculation in /srv/scratch/z5358697/.automated/5949/0_PRESCREENING/CONF74/sp.
2025-04-11 11:19:53,237 -   censo.qm_processor   -   INFO   - worker430737:Running sp calculation in /srv/scratch/z5358697/.automated/5949/0_PRESCREENING/CONF75/sp.
2025-04-11 11:19:53,394 -   censo.qm_processor   -   INFO   - worker430734:Running sp calculation in /srv/scratch/z5358697/.automated/5949/0_PRESCREENING/CONF76/sp.
2025-04-11 11:19:53,490 -   censo.qm_processor   -   INFO   - worker430752:Running sp calculation in /srv/scratch/z5358697/.automated/5949/0_PRESCREENING/CONF77/sp.
2025-04-11 11:19:53,507 -   censo.qm_processor   -   INFO   - worker430746:Running sp calculation in /srv/scratch/z5358697/.automated/5949/0_PRESCREENING/CONF78/sp.
2025-04-11 11:19:53,562 -   censo.qm_processor   -   INFO   - worker430770:Running sp calculation in /srv/scratch/z5358697/.automated/5949/0_PRESCREENING/CONF79/sp.
2025-04-11 11:19:53,966 -   censo.qm_processor   -   INFO   - worker430764:Running sp calculation in /srv/scratch/z5358697/.automated/5949/0_PRESCREENING/CONF80/sp.
2025-04-11 11:19:58,595 -   censo.qm_processor   -   INFO   - worker430749:Running sp calculation in /srv/scratch/z5358697/.automated/5949/0_PRESCREENING/CONF81/sp.
2025-04-11 11:19:58,783 -   censo.qm_processor   -   INFO   - worker430740:Running sp calculation in /srv/scratch/z5358697/.automated/5949/0_PRESCREENING/CONF82/sp.
2025-04-11 11:19:58,821 -   censo.qm_processor   -   INFO   - worker430731:Running sp calculation in /srv/scratch/z5358697/.automated/5949/0_PRESCREENING/CONF83/sp.
2025-04-11 11:19:58,840 -   censo.qm_processor   -   INFO   - worker430755:Running sp calculation in /srv/scratch/z5358697/.automated/5949/0_PRESCREENING/CONF84/sp.
2025-04-11 11:19:58,856 -   censo.qm_processor   -   INFO   - worker430743:Running sp calculation in /srv/scratch/z5358697/.automated/5949/0_PRESCREENING/CONF85/sp.
2025-04-11 11:19:58,877 -   censo.qm_processor   -   INFO   - worker430728:Running sp calculation in /srv/scratch/z5358697/.automated/5949/0_PRESCREENING/CONF86/sp.
2025-04-11 11:19:59,108 -   censo.qm_processor   -   INFO   - worker430729:Running sp calculation in /srv/scratch/z5358697/.automated/5949/0_PRESCREENING/CONF87/sp.
2025-04-11 11:19:59,173 -   censo.qm_processor   -   INFO   - worker430767:Running sp calculation in /srv/scratch/z5358697/.automated/5949/0_PRESCREENING/CONF88/sp.
2025-04-11 11:19:59,209 -   censo.qm_processor   -   INFO   - worker430758:Running sp calculation in /srv/scratch/z5358697/.automated/5949/0_PRESCREENING/CONF89/sp.
2025-04-11 11:19:59,291 -   censo.qm_processor   -   INFO   - worker430761:Running sp calculation in /srv/scratch/z5358697/.automated/5949/0_PRESCREENING/CONF90/sp.
2025-04-11 11:20:00,117 -   censo.qm_processor   -   INFO   - worker430737:Running sp calculation in /srv/scratch/z5358697/.automated/5949/0_PRESCREENING/CONF91/sp.
2025-04-11 11:20:00,399 -   censo.qm_processor   -   INFO   - worker430734:Running sp calculation in /srv/scratch/z5358697/.automated/5949/0_PRESCREENING/CONF92/sp.
2025-04-11 11:20:00,402 -   censo.qm_processor   -   INFO   - worker430752:Running sp calculation in /srv/scratch/z5358697/.automated/5949/0_PRESCREENING/CONF93/sp.
2025-04-11 11:20:00,482 -   censo.qm_processor   -   INFO   - worker430746:Running sp calculation in /srv/scratch/z5358697/.automated/5949/0_PRESCREENING/CONF94/sp.
2025-04-11 11:20:00,826 -   censo.qm_processor   -   INFO   - worker430764:Running sp calculation in /srv/scratch/z5358697/.automated/5949/0_PRESCREENING/CONF95/sp.
2025-04-11 11:20:01,761 -   censo.qm_processor   -   INFO   - worker430770:Running sp calculation in /srv/scratch/z5358697/.automated/5949/0_PRESCREENING/CONF96/sp.
2025-04-11 11:20:05,452 -   censo.qm_processor   -   INFO   - worker430749:Running sp calculation in /srv/scratch/z5358697/.automated/5949/0_PRESCREENING/CONF97/sp.
2025-04-11 11:20:05,536 -   censo.qm_processor   -   INFO   - worker430740:Running sp calculation in /srv/scratch/z5358697/.automated/5949/0_PRESCREENING/CONF98/sp.
2025-04-11 11:20:05,539 -   censo.qm_processor   -   INFO   - worker430743:Running sp calculation in /srv/scratch/z5358697/.automated/5949/0_PRESCREENING/CONF99/sp.
2025-04-11 11:20:05,626 -   censo.qm_processor   -   INFO   - worker430731:Running sp calculation in /srv/scratch/z5358697/.automated/5949/0_PRESCREENING/CONF100/sp.
2025-04-11 11:20:05,679 -   censo.qm_processor   -   INFO   - worker430755:Running sp calculation in /srv/scratch/z5358697/.automated/5949/0_PRESCREENING/CONF101/sp.
2025-04-11 11:20:05,758 -   censo.qm_processor   -   INFO   - worker430728:Running sp calculation in /srv/scratch/z5358697/.automated/5949/0_PRESCREENING/CONF102/sp.
2025-04-11 11:20:06,022 -   censo.qm_processor   -   INFO   - worker430767:Running sp calculation in /srv/scratch/z5358697/.automated/5949/0_PRESCREENING/CONF103/sp.
2025-04-11 11:20:06,058 -   censo.qm_processor   -   INFO   - worker430729:Running sp calculation in /srv/scratch/z5358697/.automated/5949/0_PRESCREENING/CONF104/sp.
2025-04-11 11:20:06,087 -   censo.qm_processor   -   INFO   - worker430758:Running sp calculation in /srv/scratch/z5358697/.automated/5949/0_PRESCREENING/CONF105/sp.
2025-04-11 11:20:06,251 -   censo.qm_processor   -   INFO   - worker430761:Running sp calculation in /srv/scratch/z5358697/.automated/5949/0_PRESCREENING/CONF106/sp.
2025-04-11 11:20:07,073 -   censo.qm_processor   -   INFO   - worker430737:Running sp calculation in /srv/scratch/z5358697/.automated/5949/0_PRESCREENING/CONF107/sp.
2025-04-11 11:20:07,319 -   censo.qm_processor   -   INFO   - worker430746:Running sp calculation in /srv/scratch/z5358697/.automated/5949/0_PRESCREENING/CONF108/sp.
2025-04-11 11:20:13,991 -     censo.parallel     -   INFO   - All jobs executed successfully.
2025-04-11 11:20:14,064 -   censo.qm_processor   -   INFO   - worker432133:Running gsolv calculation in /srv/scratch/z5358697/.automated/5949/1_SCREENING/CONF4/gsolv.
2025-04-11 11:20:14,079 -   censo.qm_processor   -   INFO   - worker432145:Running gsolv calculation in /srv/scratch/z5358697/.automated/5949/1_SCREENING/CONF6/gsolv.
2025-04-11 11:20:14,085 -   censo.qm_processor   -   INFO   - worker432134:Running gsolv calculation in /srv/scratch/z5358697/.automated/5949/1_SCREENING/CONF5/gsolv.
2025-04-11 11:20:14,096 -   censo.qm_processor   -   INFO   - worker432136:Running gsolv calculation in /srv/scratch/z5358697/.automated/5949/1_SCREENING/CONF12/gsolv.
2025-04-11 11:20:14,103 -   censo.qm_processor   -   INFO   - worker432139:Running gsolv calculation in /srv/scratch/z5358697/.automated/5949/1_SCREENING/CONF18/gsolv.
2025-04-11 11:20:14,105 -   censo.qm_processor   -   INFO   - worker432142:Running gsolv calculation in /srv/scratch/z5358697/.automated/5949/1_SCREENING/CONF2/gsolv.
2025-04-11 11:20:14,121 -   censo.qm_processor   -   INFO   - worker432166:Running gsolv calculation in /srv/scratch/z5358697/.automated/5949/1_SCREENING/CONF20/gsolv.
2025-04-11 11:20:14,926 -   censo.qm_processor   -   INFO   - worker432154:Running gsolv calculation in /srv/scratch/z5358697/.automated/5949/1_SCREENING/CONF10/gsolv.
2025-04-11 11:20:14,935 -   censo.qm_processor   -   INFO   - worker432169:Running gsolv calculation in /srv/scratch/z5358697/.automated/5949/1_SCREENING/CONF29/gsolv.
2025-04-11 11:20:14,988 -   censo.qm_processor   -   INFO   - worker432157:Running gsolv calculation in /srv/scratch/z5358697/.automated/5949/1_SCREENING/CONF38/gsolv.
2025-04-11 11:20:14,992 -   censo.qm_processor   -   INFO   - worker432176:Running gsolv calculation in /srv/scratch/z5358697/.automated/5949/1_SCREENING/CONF36/gsolv.
2025-04-11 11:20:15,014 -   censo.qm_processor   -   INFO   - worker432148:Running gsolv calculation in /srv/scratch/z5358697/.automated/5949/1_SCREENING/CONF24/gsolv.
2025-04-11 11:20:15,026 -   censo.qm_processor   -   INFO   - worker432160:Running gsolv calculation in /srv/scratch/z5358697/.automated/5949/1_SCREENING/CONF19/gsolv.
2025-04-11 11:20:15,039 -   censo.qm_processor   -   INFO   - worker432172:Running gsolv calculation in /srv/scratch/z5358697/.automated/5949/1_SCREENING/CONF11/gsolv.
2025-04-11 11:20:15,162 -   censo.qm_processor   -   INFO   - worker432163:Running gsolv calculation in /srv/scratch/z5358697/.automated/5949/1_SCREENING/CONF32/gsolv.
2025-04-11 11:20:15,168 -   censo.qm_processor   -   INFO   - worker432151:Running gsolv calculation in /srv/scratch/z5358697/.automated/5949/1_SCREENING/CONF23/gsolv.
2025-04-11 11:20:58,519 -   censo.qm_processor   -   INFO   - worker432133:Running gsolv calculation in /srv/scratch/z5358697/.automated/5949/1_SCREENING/CONF7/gsolv.
2025-04-11 11:20:58,561 -   censo.qm_processor   -   INFO   - worker432139:Running gsolv calculation in /srv/scratch/z5358697/.automated/5949/1_SCREENING/CONF72/gsolv.
2025-04-11 11:20:58,890 -   censo.qm_processor   -   INFO   - worker432134:Running gsolv calculation in /srv/scratch/z5358697/.automated/5949/1_SCREENING/CONF34/gsolv.
2025-04-11 11:20:58,944 -   censo.qm_processor   -   INFO   - worker432145:Running gsolv calculation in /srv/scratch/z5358697/.automated/5949/1_SCREENING/CONF9/gsolv.
2025-04-11 11:20:58,997 -   censo.qm_processor   -   INFO   - worker432169:Running gsolv calculation in /srv/scratch/z5358697/.automated/5949/1_SCREENING/CONF14/gsolv.
2025-04-11 11:20:59,221 -   censo.qm_processor   -   INFO   - worker432142:Running gsolv calculation in /srv/scratch/z5358697/.automated/5949/1_SCREENING/CONF51/gsolv.
2025-04-11 11:20:59,327 -   censo.qm_processor   -   INFO   - worker432172:Running gsolv calculation in /srv/scratch/z5358697/.automated/5949/1_SCREENING/CONF73/gsolv.
2025-04-11 11:20:59,345 -   censo.qm_processor   -   INFO   - worker432154:Running gsolv calculation in /srv/scratch/z5358697/.automated/5949/1_SCREENING/CONF16/gsolv.
2025-04-11 11:20:59,862 -   censo.qm_processor   -   INFO   - worker432148:Running gsolv calculation in /srv/scratch/z5358697/.automated/5949/1_SCREENING/CONF17/gsolv.
2025-04-11 11:20:59,894 -   censo.qm_processor   -   INFO   - worker432157:Running gsolv calculation in /srv/scratch/z5358697/.automated/5949/1_SCREENING/CONF46/gsolv.
2025-04-11 11:20:59,928 -   censo.qm_processor   -   INFO   - worker432176:Running gsolv calculation in /srv/scratch/z5358697/.automated/5949/1_SCREENING/CONF39/gsolv.
2025-04-11 11:20:59,939 -   censo.qm_processor   -   INFO   - worker432160:Running gsolv calculation in /srv/scratch/z5358697/.automated/5949/1_SCREENING/CONF8/gsolv.
2025-04-11 11:20:59,942 -   censo.qm_processor   -   INFO   - worker432151:Running gsolv calculation in /srv/scratch/z5358697/.automated/5949/1_SCREENING/CONF15/gsolv.
2025-04-11 11:21:00,564 -   censo.qm_processor   -   INFO   - worker432166:Running gsolv calculation in /srv/scratch/z5358697/.automated/5949/1_SCREENING/CONF21/gsolv.
2025-04-11 11:21:00,581 -   censo.qm_processor   -   INFO   - worker432163:Running gsolv calculation in /srv/scratch/z5358697/.automated/5949/1_SCREENING/CONF31/gsolv.
2025-04-11 11:21:00,609 -   censo.qm_processor   -   INFO   - worker432136:Running gsolv calculation in /srv/scratch/z5358697/.automated/5949/1_SCREENING/CONF60/gsolv.
2025-04-11 11:21:43,012 -   censo.qm_processor   -   INFO   - worker432133:Running gsolv calculation in /srv/scratch/z5358697/.automated/5949/1_SCREENING/CONF50/gsolv.
2025-04-11 11:21:43,367 -   censo.qm_processor   -   INFO   - worker432154:Running gsolv calculation in /srv/scratch/z5358697/.automated/5949/1_SCREENING/CONF44/gsolv.
2025-04-11 11:21:43,432 -   censo.qm_processor   -   INFO   - worker432169:Running gsolv calculation in /srv/scratch/z5358697/.automated/5949/1_SCREENING/CONF41/gsolv.
2025-04-11 11:21:43,617 -   censo.qm_processor   -   INFO   - worker432145:Running gsolv calculation in /srv/scratch/z5358697/.automated/5949/1_SCREENING/CONF28/gsolv.
2025-04-11 11:21:43,671 -   censo.qm_processor   -   INFO   - worker432172:Running gsolv calculation in /srv/scratch/z5358697/.automated/5949/1_SCREENING/CONF1/gsolv.
2025-04-11 11:21:43,767 -   censo.qm_processor   -   INFO   - worker432142:Running gsolv calculation in /srv/scratch/z5358697/.automated/5949/1_SCREENING/CONF27/gsolv.
2025-04-11 11:21:43,831 -   censo.qm_processor   -   INFO   - worker432139:Running gsolv calculation in /srv/scratch/z5358697/.automated/5949/1_SCREENING/CONF33/gsolv.
2025-04-11 11:21:44,180 -   censo.qm_processor   -   INFO   - worker432157:Running gsolv calculation in /srv/scratch/z5358697/.automated/5949/1_SCREENING/CONF76/gsolv.
2025-04-11 11:21:44,204 -   censo.qm_processor   -   INFO   - worker432134:Running gsolv calculation in /srv/scratch/z5358697/.automated/5949/1_SCREENING/CONF40/gsolv.
2025-04-11 11:21:44,472 -   censo.qm_processor   -   INFO   - worker432176:Running gsolv calculation in /srv/scratch/z5358697/.automated/5949/1_SCREENING/CONF3/gsolv.
2025-04-11 11:21:44,728 -   censo.qm_processor   -   INFO   - worker432151:Running gsolv calculation in /srv/scratch/z5358697/.automated/5949/1_SCREENING/CONF13/gsolv.
2025-04-11 11:21:44,771 -   censo.qm_processor   -   INFO   - worker432163:Running gsolv calculation in /srv/scratch/z5358697/.automated/5949/1_SCREENING/CONF62/gsolv.
2025-04-11 11:21:44,795 -   censo.qm_processor   -   INFO   - worker432160:Running gsolv calculation in /srv/scratch/z5358697/.automated/5949/1_SCREENING/CONF82/gsolv.
2025-04-11 11:21:44,852 -   censo.qm_processor   -   INFO   - worker432166:Running gsolv calculation in /srv/scratch/z5358697/.automated/5949/1_SCREENING/CONF45/gsolv.
2025-04-11 11:21:44,901 -   censo.qm_processor   -   INFO   - worker432136:Running gsolv calculation in /srv/scratch/z5358697/.automated/5949/1_SCREENING/CONF58/gsolv.
2025-04-11 11:21:45,489 -   censo.qm_processor   -   INFO   - worker432148:Running gsolv calculation in /srv/scratch/z5358697/.automated/5949/1_SCREENING/CONF70/gsolv.
2025-04-11 11:22:27,434 -   censo.qm_processor   -   INFO   - worker432133:Running gsolv calculation in /srv/scratch/z5358697/.automated/5949/1_SCREENING/CONF26/gsolv.
2025-04-11 11:22:27,615 -   censo.qm_processor   -   INFO   - worker432169:Running gsolv calculation in /srv/scratch/z5358697/.automated/5949/1_SCREENING/CONF25/gsolv.
2025-04-11 11:22:28,003 -   censo.qm_processor   -   INFO   - worker432157:Running gsolv calculation in /srv/scratch/z5358697/.automated/5949/1_SCREENING/CONF63/gsolv.
2025-04-11 11:22:28,062 -   censo.qm_processor   -   INFO   - worker432154:Running gsolv calculation in /srv/scratch/z5358697/.automated/5949/1_SCREENING/CONF83/gsolv.
2025-04-11 11:22:28,270 -   censo.qm_processor   -   INFO   - worker432172:Running gsolv calculation in /srv/scratch/z5358697/.automated/5949/1_SCREENING/CONF59/gsolv.
2025-04-11 11:22:28,689 -   censo.qm_processor   -   INFO   - worker432142:Running gsolv calculation in /srv/scratch/z5358697/.automated/5949/1_SCREENING/CONF77/gsolv.
2025-04-11 11:22:28,808 -   censo.qm_processor   -   INFO   - worker432145:Running gsolv calculation in /srv/scratch/z5358697/.automated/5949/1_SCREENING/CONF93/gsolv.
2025-04-11 11:22:28,835 -   censo.qm_processor   -   INFO   - worker432160:Running gsolv calculation in /srv/scratch/z5358697/.automated/5949/1_SCREENING/CONF84/gsolv.
2025-04-11 11:22:28,923 -   censo.qm_processor   -   INFO   - worker432134:Running gsolv calculation in /srv/scratch/z5358697/.automated/5949/1_SCREENING/CONF75/gsolv.
2025-04-11 11:22:28,991 -   censo.qm_processor   -   INFO   - worker432136:Running gsolv calculation in /srv/scratch/z5358697/.automated/5949/1_SCREENING/CONF74/gsolv.
2025-04-11 11:22:29,331 -   censo.qm_processor   -   INFO   - worker432163:Running gsolv calculation in /srv/scratch/z5358697/.automated/5949/1_SCREENING/CONF55/gsolv.
2025-04-11 11:22:29,385 -   censo.qm_processor   -   INFO   - worker432139:Running gsolv calculation in /srv/scratch/z5358697/.automated/5949/1_SCREENING/CONF35/gsolv.
2025-04-11 11:22:29,598 -   censo.qm_processor   -   INFO   - worker432148:Running gsolv calculation in /srv/scratch/z5358697/.automated/5949/1_SCREENING/CONF54/gsolv.
2025-04-11 11:23:13,921 -     censo.parallel     -   INFO   - All jobs executed successfully.
2025-04-11 11:23:14,039 -   censo.qm_processor   -   INFO   - worker434232:Running xtb_opt calculation in /srv/scratch/z5358697/.automated/5949/2_OPTIMIZATION/CONF14/xtb_opt.
2025-04-11 11:23:14,049 -   censo.qm_processor   -   INFO   - worker434235:Running xtb_opt calculation in /srv/scratch/z5358697/.automated/5949/2_OPTIMIZATION/CONF4/xtb_opt.
2025-04-11 11:23:14,070 -   censo.qm_processor   -   INFO   - worker434233:Running xtb_opt calculation in /srv/scratch/z5358697/.automated/5949/2_OPTIMIZATION/CONF51/xtb_opt.
2025-04-11 11:23:14,079 -   censo.qm_processor   -   INFO   - worker434241:Running xtb_opt calculation in /srv/scratch/z5358697/.automated/5949/2_OPTIMIZATION/CONF24/xtb_opt.
2025-04-11 11:23:14,134 -   censo.qm_processor   -   INFO   - worker434238:Running xtb_opt calculation in /srv/scratch/z5358697/.automated/5949/2_OPTIMIZATION/CONF45/xtb_opt.
2025-04-11 11:23:14,164 -   censo.qm_processor   -   INFO   - worker434253:Running xtb_opt calculation in /srv/scratch/z5358697/.automated/5949/2_OPTIMIZATION/CONF12/xtb_opt.
2025-04-11 11:23:14,184 -   censo.qm_processor   -   INFO   - worker434259:Running xtb_opt calculation in /srv/scratch/z5358697/.automated/5949/2_OPTIMIZATION/CONF17/xtb_opt.
2025-04-11 11:23:14,234 -   censo.qm_processor   -   INFO   - worker434274:Running xtb_opt calculation in /srv/scratch/z5358697/.automated/5949/2_OPTIMIZATION/CONF18/xtb_opt.
2025-04-11 11:23:14,246 -   censo.qm_processor   -   INFO   - worker434250:Running xtb_opt calculation in /srv/scratch/z5358697/.automated/5949/2_OPTIMIZATION/CONF6/xtb_opt.
2025-04-11 11:23:14,249 -   censo.qm_processor   -   INFO   - worker434265:Running xtb_opt calculation in /srv/scratch/z5358697/.automated/5949/2_OPTIMIZATION/CONF75/xtb_opt.
2025-04-11 11:23:14,270 -   censo.qm_processor   -   INFO   - worker434244:Running xtb_opt calculation in /srv/scratch/z5358697/.automated/5949/2_OPTIMIZATION/CONF20/xtb_opt.
2025-04-11 11:23:14,298 -   censo.qm_processor   -   INFO   - worker434268:Running xtb_opt calculation in /srv/scratch/z5358697/.automated/5949/2_OPTIMIZATION/CONF25/xtb_opt.
2025-04-11 11:23:14,303 -   censo.qm_processor   -   INFO   - worker434256:Running xtb_opt calculation in /srv/scratch/z5358697/.automated/5949/2_OPTIMIZATION/CONF26/xtb_opt.
2025-04-11 11:23:14,319 -   censo.qm_processor   -   INFO   - worker434262:Running xtb_opt calculation in /srv/scratch/z5358697/.automated/5949/2_OPTIMIZATION/CONF74/xtb_opt.
2025-04-11 11:23:14,326 -   censo.qm_processor   -   INFO   - worker434271:Running xtb_opt calculation in /srv/scratch/z5358697/.automated/5949/2_OPTIMIZATION/CONF5/xtb_opt.
2025-04-11 11:23:14,342 -   censo.qm_processor   -   INFO   - worker434247:Running xtb_opt calculation in /srv/scratch/z5358697/.automated/5949/2_OPTIMIZATION/CONF19/xtb_opt.
2025-04-11 11:26:26,860 -   censo.qm_processor   -   INFO   - worker434233:Running xtb_opt calculation in /srv/scratch/z5358697/.automated/5949/2_OPTIMIZATION/CONF1/xtb_opt.
2025-04-11 11:26:28,177 -   censo.qm_processor   -   INFO   - worker434262:Running xtb_opt calculation in /srv/scratch/z5358697/.automated/5949/2_OPTIMIZATION/CONF2/xtb_opt.
2025-04-11 11:26:29,053 -   censo.qm_processor   -   INFO   - worker434265:Running xtb_opt calculation in /srv/scratch/z5358697/.automated/5949/2_OPTIMIZATION/CONF70/xtb_opt.
2025-04-11 11:26:29,161 -   censo.qm_processor   -   INFO   - worker434241:Running xtb_opt calculation in /srv/scratch/z5358697/.automated/5949/2_OPTIMIZATION/CONF46/xtb_opt.
2025-04-11 11:26:32,233 -   censo.qm_processor   -   INFO   - worker434244:Running xtb_opt calculation in /srv/scratch/z5358697/.automated/5949/2_OPTIMIZATION/CONF58/xtb_opt.
2025-04-11 11:26:32,250 -   censo.qm_processor   -   INFO   - worker434274:Running xtb_opt calculation in /srv/scratch/z5358697/.automated/5949/2_OPTIMIZATION/CONF16/xtb_opt.
2025-04-11 11:26:33,116 -   censo.qm_processor   -   INFO   - worker434259:Running xtb_opt calculation in /srv/scratch/z5358697/.automated/5949/2_OPTIMIZATION/CONF41/xtb_opt.
2025-04-11 11:26:33,677 -   censo.qm_processor   -   INFO   - worker434235:Running xtb_opt calculation in /srv/scratch/z5358697/.automated/5949/2_OPTIMIZATION/CONF72/xtb_opt.
2025-04-11 11:26:35,767 -   censo.qm_processor   -   INFO   - worker434271:Running xtb_opt calculation in /srv/scratch/z5358697/.automated/5949/2_OPTIMIZATION/CONF44/xtb_opt.
2025-04-11 11:26:36,085 -   censo.qm_processor   -   INFO   - worker434232:Running xtb_opt calculation in /srv/scratch/z5358697/.automated/5949/2_OPTIMIZATION/CONF9/xtb_opt.
2025-04-11 11:26:37,034 -   censo.qm_processor   -   INFO   - worker434250:Running xtb_opt calculation in /srv/scratch/z5358697/.automated/5949/2_OPTIMIZATION/CONF33/xtb_opt.
2025-04-11 11:26:37,068 -   censo.qm_processor   -   INFO   - worker434247:Running xtb_opt calculation in /srv/scratch/z5358697/.automated/5949/2_OPTIMIZATION/CONF36/xtb_opt.
2025-04-11 11:26:38,912 -   censo.qm_processor   -   INFO   - worker434238:Running xtb_opt calculation in /srv/scratch/z5358697/.automated/5949/2_OPTIMIZATION/CONF76/xtb_opt.
2025-04-11 11:26:39,076 -   censo.qm_processor   -   INFO   - worker434256:Running xtb_opt calculation in /srv/scratch/z5358697/.automated/5949/2_OPTIMIZATION/CONF21/xtb_opt.
2025-04-11 11:26:39,193 -   censo.qm_processor   -   INFO   - worker434253:Running xtb_opt calculation in /srv/scratch/z5358697/.automated/5949/2_OPTIMIZATION/CONF34/xtb_opt.
2025-04-11 11:26:40,314 -   censo.qm_processor   -   INFO   - worker434268:Running xtb_opt calculation in /srv/scratch/z5358697/.automated/5949/2_OPTIMIZATION/CONF35/xtb_opt.
2025-04-11 11:29:46,630 -   censo.qm_processor   -   INFO   - worker434244:Running xtb_opt calculation in /srv/scratch/z5358697/.automated/5949/2_OPTIMIZATION/CONF93/xtb_opt.
2025-04-11 11:29:47,841 -   censo.qm_processor   -   INFO   - worker434233:Running xtb_opt calculation in /srv/scratch/z5358697/.automated/5949/2_OPTIMIZATION/CONF29/xtb_opt.
2025-04-11 11:29:49,157 -   censo.qm_processor   -   INFO   - worker434259:Running xtb_opt calculation in /srv/scratch/z5358697/.automated/5949/2_OPTIMIZATION/CONF40/xtb_opt.
2025-04-11 11:29:50,446 -   censo.qm_processor   -   INFO   - worker434262:Running xtb_opt calculation in /srv/scratch/z5358697/.automated/5949/2_OPTIMIZATION/CONF62/xtb_opt.
2025-04-11 11:29:50,906 -   censo.qm_processor   -   INFO   - worker434265:Running xtb_opt calculation in /srv/scratch/z5358697/.automated/5949/2_OPTIMIZATION/CONF39/xtb_opt.
2025-04-11 11:29:51,274 -   censo.qm_processor   -   INFO   - worker434232:Running xtb_opt calculation in /srv/scratch/z5358697/.automated/5949/2_OPTIMIZATION/CONF50/xtb_opt.
2025-04-11 11:29:52,902 -   censo.qm_processor   -   INFO   - worker434241:Running xtb_opt calculation in /srv/scratch/z5358697/.automated/5949/2_OPTIMIZATION/CONF11/xtb_opt.
2025-04-11 11:29:54,011 -   censo.qm_processor   -   INFO   - worker434274:Running xtb_opt calculation in /srv/scratch/z5358697/.automated/5949/2_OPTIMIZATION/CONF63/xtb_opt.
2025-04-11 11:29:55,030 -   censo.qm_processor   -   INFO   - worker434238:Running xtb_opt calculation in /srv/scratch/z5358697/.automated/5949/2_OPTIMIZATION/CONF10/xtb_opt.
2025-04-11 11:29:56,732 -   censo.qm_processor   -   INFO   - worker434256:Running xtb_opt calculation in /srv/scratch/z5358697/.automated/5949/2_OPTIMIZATION/CONF60/xtb_opt.
2025-04-11 11:29:59,303 -   censo.qm_processor   -   INFO   - worker434247:Running xtb_opt calculation in /srv/scratch/z5358697/.automated/5949/2_OPTIMIZATION/CONF59/xtb_opt.
2025-04-11 11:30:00,670 -   censo.qm_processor   -   INFO   - worker434271:Running xtb_opt calculation in /srv/scratch/z5358697/.automated/5949/2_OPTIMIZATION/CONF7/xtb_opt.
2025-04-11 11:30:01,778 -   censo.qm_processor   -   INFO   - worker434235:Running xtb_opt calculation in /srv/scratch/z5358697/.automated/5949/2_OPTIMIZATION/CONF54/xtb_opt.
2025-04-11 11:30:04,345 -   censo.qm_processor   -   INFO   - worker434268:Running xtb_opt calculation in /srv/scratch/z5358697/.automated/5949/2_OPTIMIZATION/CONF55/xtb_opt.
2025-04-11 11:30:04,478 -   censo.qm_processor   -   INFO   - worker434253:Running xtb_opt calculation in /srv/scratch/z5358697/.automated/5949/2_OPTIMIZATION/CONF3/xtb_opt.
2025-04-11 11:30:07,284 -   censo.qm_processor   -   INFO   - worker434250:Running xtb_opt calculation in /srv/scratch/z5358697/.automated/5949/2_OPTIMIZATION/CONF77/xtb_opt.
2025-04-11 11:32:07,264 -   censo.qm_processor   -   INFO   - worker434247:Running xtb_opt calculation in /srv/scratch/z5358697/.automated/5949/2_OPTIMIZATION/CONF27/xtb_opt.
2025-04-11 11:32:37,119 -   censo.qm_processor   -   INFO   - worker434232:Running xtb_opt calculation in /srv/scratch/z5358697/.automated/5949/2_OPTIMIZATION/CONF32/xtb_opt.
2025-04-11 11:32:37,366 -   censo.qm_processor   -   INFO   - worker434233:Running xtb_opt calculation in /srv/scratch/z5358697/.automated/5949/2_OPTIMIZATION/CONF28/xtb_opt.
2025-04-11 11:32:46,565 -   censo.qm_processor   -   INFO   - worker434238:Running xtb_opt calculation in /srv/scratch/z5358697/.automated/5949/2_OPTIMIZATION/CONF73/xtb_opt.
2025-04-11 11:33:00,987 -   censo.qm_processor   -   INFO   - worker434274:Running xtb_opt calculation in /srv/scratch/z5358697/.automated/5949/2_OPTIMIZATION/CONF8/xtb_opt.
2025-04-11 11:33:02,126 -   censo.qm_processor   -   INFO   - worker434241:Running xtb_opt calculation in /srv/scratch/z5358697/.automated/5949/2_OPTIMIZATION/CONF38/xtb_opt.
2025-04-11 11:33:05,874 -   censo.qm_processor   -   INFO   - worker434244:Running xtb_opt calculation in /srv/scratch/z5358697/.automated/5949/2_OPTIMIZATION/CONF23/xtb_opt.
2025-04-11 11:33:10,254 -   censo.qm_processor   -   INFO   - worker434262:Running xtb_opt calculation in /srv/scratch/z5358697/.automated/5949/2_OPTIMIZATION/CONF15/xtb_opt.
2025-04-11 11:33:11,915 -   censo.qm_processor   -   INFO   - worker434259:Running xtb_opt calculation in /srv/scratch/z5358697/.automated/5949/2_OPTIMIZATION/CONF13/xtb_opt.
2025-04-11 11:33:17,652 -   censo.qm_processor   -   INFO   - worker434256:Running xtb_opt calculation in /srv/scratch/z5358697/.automated/5949/2_OPTIMIZATION/CONF82/xtb_opt.
2025-04-11 11:33:20,116 -   censo.qm_processor   -   INFO   - worker434265:Running xtb_opt calculation in /srv/scratch/z5358697/.automated/5949/2_OPTIMIZATION/CONF31/xtb_opt.
2025-04-11 11:33:25,446 -   censo.qm_processor   -   INFO   - worker434253:Running xtb_opt calculation in /srv/scratch/z5358697/.automated/5949/2_OPTIMIZATION/CONF83/xtb_opt.
2025-04-11 11:33:30,559 -   censo.qm_processor   -   INFO   - worker434271:Running xtb_opt calculation in /srv/scratch/z5358697/.automated/5949/2_OPTIMIZATION/CONF84/xtb_opt.
2025-04-11 11:36:44,616 -     censo.parallel     -   INFO   - All jobs executed successfully.
2025-04-11 11:36:44,644 -   censo.qm_processor   -   INFO   - worker445805:Running xtb_rrho calculation in /srv/scratch/z5358697/.automated/5949/2_OPTIMIZATION/CONF4/xtb_rrho.
2025-04-11 11:36:44,651 -   censo.qm_processor   -   INFO   - worker445803:Running xtb_rrho calculation in /srv/scratch/z5358697/.automated/5949/2_OPTIMIZATION/CONF51/xtb_rrho.
2025-04-11 11:36:44,659 -   censo.qm_processor   -   INFO   - worker445802:Running xtb_rrho calculation in /srv/scratch/z5358697/.automated/5949/2_OPTIMIZATION/CONF14/xtb_rrho.
2025-04-11 11:36:44,663 -   censo.qm_processor   -   INFO   - worker445808:Running xtb_rrho calculation in /srv/scratch/z5358697/.automated/5949/2_OPTIMIZATION/CONF45/xtb_rrho.
2025-04-11 11:36:44,667 -   censo.qm_processor   -   INFO   - worker445811:Running xtb_rrho calculation in /srv/scratch/z5358697/.automated/5949/2_OPTIMIZATION/CONF24/xtb_rrho.
2025-04-11 11:36:44,673 -   censo.qm_processor   -   INFO   - worker445817:Running xtb_rrho calculation in /srv/scratch/z5358697/.automated/5949/2_OPTIMIZATION/CONF19/xtb_rrho.
2025-04-11 11:36:44,683 -   censo.qm_processor   -   INFO   - worker445823:Running xtb_rrho calculation in /srv/scratch/z5358697/.automated/5949/2_OPTIMIZATION/CONF12/xtb_rrho.
2025-04-11 11:36:44,693 -   censo.qm_processor   -   INFO   - worker445820:Running xtb_rrho calculation in /srv/scratch/z5358697/.automated/5949/2_OPTIMIZATION/CONF6/xtb_rrho.
2025-04-11 11:36:44,700 -   censo.qm_processor   -   INFO   - worker445838:Running xtb_rrho calculation in /srv/scratch/z5358697/.automated/5949/2_OPTIMIZATION/CONF25/xtb_rrho.
2025-04-11 11:36:44,710 -   censo.qm_processor   -   INFO   - worker445814:Running xtb_rrho calculation in /srv/scratch/z5358697/.automated/5949/2_OPTIMIZATION/CONF20/xtb_rrho.
2025-04-11 11:36:44,719 -   censo.qm_processor   -   INFO   - worker445829:Running xtb_rrho calculation in /srv/scratch/z5358697/.automated/5949/2_OPTIMIZATION/CONF17/xtb_rrho.
2025-04-11 11:36:44,727 -   censo.qm_processor   -   INFO   - worker445826:Running xtb_rrho calculation in /srv/scratch/z5358697/.automated/5949/2_OPTIMIZATION/CONF26/xtb_rrho.
2025-04-11 11:36:44,735 -   censo.qm_processor   -   INFO   - worker445832:Running xtb_rrho calculation in /srv/scratch/z5358697/.automated/5949/2_OPTIMIZATION/CONF74/xtb_rrho.
2025-04-11 11:36:44,746 -   censo.qm_processor   -   INFO   - worker445835:Running xtb_rrho calculation in /srv/scratch/z5358697/.automated/5949/2_OPTIMIZATION/CONF75/xtb_rrho.
2025-04-11 11:36:44,750 -   censo.qm_processor   -   INFO   - worker445841:Running xtb_rrho calculation in /srv/scratch/z5358697/.automated/5949/2_OPTIMIZATION/CONF5/xtb_rrho.
2025-04-11 11:36:44,761 -   censo.qm_processor   -   INFO   - worker445844:Running xtb_rrho calculation in /srv/scratch/z5358697/.automated/5949/2_OPTIMIZATION/CONF18/xtb_rrho.
2025-04-11 11:36:45,435 -   censo.qm_processor   -   INFO   - worker445802:Running xtb_rrho calculation in /srv/scratch/z5358697/.automated/5949/2_OPTIMIZATION/CONF1/xtb_rrho.
2025-04-11 11:36:45,449 -   censo.qm_processor   -   INFO   - worker445817:Running xtb_rrho calculation in /srv/scratch/z5358697/.automated/5949/2_OPTIMIZATION/CONF2/xtb_rrho.
2025-04-11 11:36:45,456 -   censo.qm_processor   -   INFO   - worker445811:Running xtb_rrho calculation in /srv/scratch/z5358697/.automated/5949/2_OPTIMIZATION/CONF70/xtb_rrho.
2025-04-11 11:36:45,462 -   censo.qm_processor   -   INFO   - worker445805:Running xtb_rrho calculation in /srv/scratch/z5358697/.automated/5949/2_OPTIMIZATION/CONF46/xtb_rrho.
2025-04-11 11:36:45,467 -   censo.qm_processor   -   INFO   - worker445808:Running xtb_rrho calculation in /srv/scratch/z5358697/.automated/5949/2_OPTIMIZATION/CONF58/xtb_rrho.
2025-04-11 11:36:45,507 -   censo.qm_processor   -   INFO   - worker445823:Running xtb_rrho calculation in /srv/scratch/z5358697/.automated/5949/2_OPTIMIZATION/CONF16/xtb_rrho.
2025-04-11 11:36:45,513 -   censo.qm_processor   -   INFO   - worker445820:Running xtb_rrho calculation in /srv/scratch/z5358697/.automated/5949/2_OPTIMIZATION/CONF41/xtb_rrho.
2025-04-11 11:36:45,529 -   censo.qm_processor   -   INFO   - worker445829:Running xtb_rrho calculation in /srv/scratch/z5358697/.automated/5949/2_OPTIMIZATION/CONF72/xtb_rrho.
2025-04-11 11:36:45,536 -   censo.qm_processor   -   INFO   - worker445835:Running xtb_rrho calculation in /srv/scratch/z5358697/.automated/5949/2_OPTIMIZATION/CONF44/xtb_rrho.
2025-04-11 11:36:45,553 -   censo.qm_processor   -   INFO   - worker445803:Running xtb_rrho calculation in /srv/scratch/z5358697/.automated/5949/2_OPTIMIZATION/CONF9/xtb_rrho.
2025-04-11 11:36:45,555 -   censo.qm_processor   -   INFO   - worker445814:Running xtb_rrho calculation in /srv/scratch/z5358697/.automated/5949/2_OPTIMIZATION/CONF33/xtb_rrho.
2025-04-11 11:36:45,594 -   censo.qm_processor   -   INFO   - worker445844:Running xtb_rrho calculation in /srv/scratch/z5358697/.automated/5949/2_OPTIMIZATION/CONF36/xtb_rrho.
2025-04-11 11:36:45,619 -   censo.qm_processor   -   INFO   - worker445841:Running xtb_rrho calculation in /srv/scratch/z5358697/.automated/5949/2_OPTIMIZATION/CONF76/xtb_rrho.
2025-04-11 11:36:45,631 -   censo.qm_processor   -   INFO   - worker445832:Running xtb_rrho calculation in /srv/scratch/z5358697/.automated/5949/2_OPTIMIZATION/CONF21/xtb_rrho.
2025-04-11 11:36:46,238 -   censo.qm_processor   -   INFO   - worker445802:Running xtb_rrho calculation in /srv/scratch/z5358697/.automated/5949/2_OPTIMIZATION/CONF34/xtb_rrho.
2025-04-11 11:36:46,273 -   censo.qm_processor   -   INFO   - worker445808:Running xtb_rrho calculation in /srv/scratch/z5358697/.automated/5949/2_OPTIMIZATION/CONF35/xtb_rrho.
2025-04-11 11:36:46,279 -   censo.qm_processor   -   INFO   - worker445817:Running xtb_rrho calculation in /srv/scratch/z5358697/.automated/5949/2_OPTIMIZATION/CONF93/xtb_rrho.
2025-04-11 11:36:46,304 -   censo.qm_processor   -   INFO   - worker445811:Running xtb_rrho calculation in /srv/scratch/z5358697/.automated/5949/2_OPTIMIZATION/CONF29/xtb_rrho.
2025-04-11 11:36:46,317 -   censo.qm_processor   -   INFO   - worker445823:Running xtb_rrho calculation in /srv/scratch/z5358697/.automated/5949/2_OPTIMIZATION/CONF40/xtb_rrho.
2025-04-11 11:36:46,346 -   censo.qm_processor   -   INFO   - worker445820:Running xtb_rrho calculation in /srv/scratch/z5358697/.automated/5949/2_OPTIMIZATION/CONF62/xtb_rrho.
2025-04-11 11:36:46,360 -   censo.qm_processor   -   INFO   - worker445803:Running xtb_rrho calculation in /srv/scratch/z5358697/.automated/5949/2_OPTIMIZATION/CONF39/xtb_rrho.
2025-04-11 11:36:46,437 -   censo.qm_processor   -   INFO   - worker445844:Running xtb_rrho calculation in /srv/scratch/z5358697/.automated/5949/2_OPTIMIZATION/CONF50/xtb_rrho.
2025-04-11 11:36:46,450 -   censo.qm_processor   -   INFO   - worker445814:Running xtb_rrho calculation in /srv/scratch/z5358697/.automated/5949/2_OPTIMIZATION/CONF11/xtb_rrho.
2025-04-11 11:36:46,482 -   censo.qm_processor   -   INFO   - worker445832:Running xtb_rrho calculation in /srv/scratch/z5358697/.automated/5949/2_OPTIMIZATION/CONF63/xtb_rrho.
2025-04-11 11:36:46,555 -   censo.qm_processor   -   INFO   - worker445838:Running xtb_rrho calculation in /srv/scratch/z5358697/.automated/5949/2_OPTIMIZATION/CONF10/xtb_rrho.
2025-04-11 11:36:46,620 -   censo.qm_processor   -   INFO   - worker445826:Running xtb_rrho calculation in /srv/scratch/z5358697/.automated/5949/2_OPTIMIZATION/CONF60/xtb_rrho.
2025-04-11 11:36:46,799 -   censo.qm_processor   -   INFO   - worker445841:Running xtb_rrho calculation in /srv/scratch/z5358697/.automated/5949/2_OPTIMIZATION/CONF59/xtb_rrho.
2025-04-11 11:36:47,047 -   censo.qm_processor   -   INFO   - worker445811:Running xtb_rrho calculation in /srv/scratch/z5358697/.automated/5949/2_OPTIMIZATION/CONF7/xtb_rrho.
2025-04-11 11:36:47,172 -   censo.qm_processor   -   INFO   - worker445820:Running xtb_rrho calculation in /srv/scratch/z5358697/.automated/5949/2_OPTIMIZATION/CONF54/xtb_rrho.
2025-04-11 11:36:47,216 -   censo.qm_processor   -   INFO   - worker445844:Running xtb_rrho calculation in /srv/scratch/z5358697/.automated/5949/2_OPTIMIZATION/CONF55/xtb_rrho.
2025-04-11 11:36:47,291 -   censo.qm_processor   -   INFO   - worker445829:Running xtb_rrho calculation in /srv/scratch/z5358697/.automated/5949/2_OPTIMIZATION/CONF3/xtb_rrho.
2025-04-11 11:36:47,303 -   censo.qm_processor   -   INFO   - worker445814:Running xtb_rrho calculation in /srv/scratch/z5358697/.automated/5949/2_OPTIMIZATION/CONF27/xtb_rrho.
2025-04-11 11:36:47,311 -   censo.qm_processor   -   INFO   - worker445832:Running xtb_rrho calculation in /srv/scratch/z5358697/.automated/5949/2_OPTIMIZATION/CONF77/xtb_rrho.
2025-04-11 11:36:47,353 -   censo.qm_processor   -   INFO   - worker445838:Running xtb_rrho calculation in /srv/scratch/z5358697/.automated/5949/2_OPTIMIZATION/CONF32/xtb_rrho.
2025-04-11 11:36:47,396 -   censo.qm_processor   -   INFO   - worker445805:Running xtb_rrho calculation in /srv/scratch/z5358697/.automated/5949/2_OPTIMIZATION/CONF28/xtb_rrho.
2025-04-11 11:36:47,528 -   censo.qm_processor   -   INFO   - worker445835:Running xtb_rrho calculation in /srv/scratch/z5358697/.automated/5949/2_OPTIMIZATION/CONF73/xtb_rrho.
2025-04-11 11:36:47,645 -   censo.qm_processor   -   INFO   - worker445841:Running xtb_rrho calculation in /srv/scratch/z5358697/.automated/5949/2_OPTIMIZATION/CONF8/xtb_rrho.
2025-04-11 11:36:48,009 -   censo.qm_processor   -   INFO   - worker445802:Running xtb_rrho calculation in /srv/scratch/z5358697/.automated/5949/2_OPTIMIZATION/CONF38/xtb_rrho.
2025-04-11 11:36:48,050 -   censo.qm_processor   -   INFO   - worker445803:Running xtb_rrho calculation in /srv/scratch/z5358697/.automated/5949/2_OPTIMIZATION/CONF23/xtb_rrho.
2025-04-11 11:36:48,074 -   censo.qm_processor   -   INFO   - worker445808:Running xtb_rrho calculation in /srv/scratch/z5358697/.automated/5949/2_OPTIMIZATION/CONF15/xtb_rrho.
2025-04-11 11:36:48,129 -   censo.qm_processor   -   INFO   - worker445814:Running xtb_rrho calculation in /srv/scratch/z5358697/.automated/5949/2_OPTIMIZATION/CONF13/xtb_rrho.
2025-04-11 11:36:48,134 -   censo.qm_processor   -   INFO   - worker445829:Running xtb_rrho calculation in /srv/scratch/z5358697/.automated/5949/2_OPTIMIZATION/CONF82/xtb_rrho.
2025-04-11 11:36:48,143 -   censo.qm_processor   -   INFO   - worker445817:Running xtb_rrho calculation in /srv/scratch/z5358697/.automated/5949/2_OPTIMIZATION/CONF31/xtb_rrho.
2025-04-11 11:36:48,250 -   censo.qm_processor   -   INFO   - worker445805:Running xtb_rrho calculation in /srv/scratch/z5358697/.automated/5949/2_OPTIMIZATION/CONF83/xtb_rrho.
2025-04-11 11:36:48,291 -   censo.qm_processor   -   INFO   - worker445823:Running xtb_rrho calculation in /srv/scratch/z5358697/.automated/5949/2_OPTIMIZATION/CONF84/xtb_rrho.
2025-04-11 11:36:49,971 -     censo.parallel     -   INFO   - All jobs executed successfully.
2025-04-11 11:36:49,972 -censo.ensembleopt.optimization-   INFO   - Threshold: 2.46 kcal/mol
2025-04-11 11:36:49,995 -   censo.qm_processor   -   INFO   - worker445964:Running xtb_opt calculation in /srv/scratch/z5358697/.automated/5949/2_OPTIMIZATION/CONF14/xtb_opt.
2025-04-11 11:36:49,996 -   censo.qm_processor   -   INFO   - worker445965:Running xtb_opt calculation in /srv/scratch/z5358697/.automated/5949/2_OPTIMIZATION/CONF4/xtb_opt.
2025-04-11 11:36:49,997 -   censo.qm_processor   -   INFO   - worker445967:Running xtb_opt calculation in /srv/scratch/z5358697/.automated/5949/2_OPTIMIZATION/CONF45/xtb_opt.
2025-04-11 11:36:49,997 -   censo.qm_processor   -   INFO   - worker445970:Running xtb_opt calculation in /srv/scratch/z5358697/.automated/5949/2_OPTIMIZATION/CONF24/xtb_opt.
2025-04-11 11:36:49,997 -   censo.qm_processor   -   INFO   - worker445973:Running xtb_opt calculation in /srv/scratch/z5358697/.automated/5949/2_OPTIMIZATION/CONF6/xtb_opt.
2025-04-11 11:36:49,998 -   censo.qm_processor   -   INFO   - worker445976:Running xtb_opt calculation in /srv/scratch/z5358697/.automated/5949/2_OPTIMIZATION/CONF12/xtb_opt.
2025-04-11 11:36:49,998 -   censo.qm_processor   -   INFO   - worker445979:Running xtb_opt calculation in /srv/scratch/z5358697/.automated/5949/2_OPTIMIZATION/CONF26/xtb_opt.
2025-04-11 11:36:49,999 -   censo.qm_processor   -   INFO   - worker445982:Running xtb_opt calculation in /srv/scratch/z5358697/.automated/5949/2_OPTIMIZATION/CONF25/xtb_opt.
2025-04-11 11:36:49,999 -   censo.qm_processor   -   INFO   - worker445985:Running xtb_opt calculation in /srv/scratch/z5358697/.automated/5949/2_OPTIMIZATION/CONF5/xtb_opt.
2025-04-11 11:36:50,000 -   censo.qm_processor   -   INFO   - worker445988:Running xtb_opt calculation in /srv/scratch/z5358697/.automated/5949/2_OPTIMIZATION/CONF2/xtb_opt.
2025-04-11 11:36:50,000 -   censo.qm_processor   -   INFO   - worker445991:Running xtb_opt calculation in /srv/scratch/z5358697/.automated/5949/2_OPTIMIZATION/CONF70/xtb_opt.
2025-04-11 11:36:50,000 -   censo.qm_processor   -   INFO   - worker445994:Running xtb_opt calculation in /srv/scratch/z5358697/.automated/5949/2_OPTIMIZATION/CONF46/xtb_opt.
2025-04-11 11:36:50,001 -   censo.qm_processor   -   INFO   - worker445997:Running xtb_opt calculation in /srv/scratch/z5358697/.automated/5949/2_OPTIMIZATION/CONF58/xtb_opt.
2025-04-11 11:36:50,001 -   censo.qm_processor   -   INFO   - worker446000:Running xtb_opt calculation in /srv/scratch/z5358697/.automated/5949/2_OPTIMIZATION/CONF72/xtb_opt.
2025-04-11 11:36:50,001 -   censo.qm_processor   -   INFO   - worker446003:Running xtb_opt calculation in /srv/scratch/z5358697/.automated/5949/2_OPTIMIZATION/CONF44/xtb_opt.
2025-04-11 11:36:50,002 -   censo.qm_processor   -   INFO   - worker446006:Running xtb_opt calculation in /srv/scratch/z5358697/.automated/5949/2_OPTIMIZATION/CONF33/xtb_opt.
2025-04-11 11:37:36,529 -   censo.qm_processor   -   INFO   - worker445970:Running xtb_opt calculation in /srv/scratch/z5358697/.automated/5949/2_OPTIMIZATION/CONF36/xtb_opt.
2025-04-11 11:37:38,897 -   censo.qm_processor   -   INFO   - worker445997:Running xtb_opt calculation in /srv/scratch/z5358697/.automated/5949/2_OPTIMIZATION/CONF34/xtb_opt.
2025-04-11 11:37:39,141 -   censo.qm_processor   -   INFO   - worker445964:Running xtb_opt calculation in /srv/scratch/z5358697/.automated/5949/2_OPTIMIZATION/CONF35/xtb_opt.
2025-04-11 11:37:39,169 -   censo.qm_processor   -   INFO   - worker445967:Running xtb_opt calculation in /srv/scratch/z5358697/.automated/5949/2_OPTIMIZATION/CONF93/xtb_opt.
2025-04-11 11:37:39,391 -   censo.qm_processor   -   INFO   - worker445985:Running xtb_opt calculation in /srv/scratch/z5358697/.automated/5949/2_OPTIMIZATION/CONF40/xtb_opt.
2025-04-11 11:37:39,529 -   censo.qm_processor   -   INFO   - worker445965:Running xtb_opt calculation in /srv/scratch/z5358697/.automated/5949/2_OPTIMIZATION/CONF62/xtb_opt.
2025-04-11 11:37:40,287 -   censo.qm_processor   -   INFO   - worker446000:Running xtb_opt calculation in /srv/scratch/z5358697/.automated/5949/2_OPTIMIZATION/CONF39/xtb_opt.
2025-04-11 11:37:40,329 -   censo.qm_processor   -   INFO   - worker446003:Running xtb_opt calculation in /srv/scratch/z5358697/.automated/5949/2_OPTIMIZATION/CONF60/xtb_opt.
2025-04-11 11:37:56,255 -   censo.qm_processor   -   INFO   - worker445979:Running xtb_opt calculation in /srv/scratch/z5358697/.automated/5949/2_OPTIMIZATION/CONF7/xtb_opt.
2025-04-11 11:37:57,669 -   censo.qm_processor   -   INFO   - worker445991:Running xtb_opt calculation in /srv/scratch/z5358697/.automated/5949/2_OPTIMIZATION/CONF54/xtb_opt.
2025-04-11 11:38:00,606 -   censo.qm_processor   -   INFO   - worker445994:Running xtb_opt calculation in /srv/scratch/z5358697/.automated/5949/2_OPTIMIZATION/CONF55/xtb_opt.
2025-04-11 11:38:13,621 -   censo.qm_processor   -   INFO   - worker445982:Running xtb_opt calculation in /srv/scratch/z5358697/.automated/5949/2_OPTIMIZATION/CONF77/xtb_opt.
2025-04-11 11:38:15,858 -   censo.qm_processor   -   INFO   - worker445976:Running xtb_opt calculation in /srv/scratch/z5358697/.automated/5949/2_OPTIMIZATION/CONF32/xtb_opt.
2025-04-11 11:38:19,591 -   censo.qm_processor   -   INFO   - worker446006:Running xtb_opt calculation in /srv/scratch/z5358697/.automated/5949/2_OPTIMIZATION/CONF73/xtb_opt.
2025-04-11 11:38:25,383 -   censo.qm_processor   -   INFO   - worker445965:Running xtb_opt calculation in /srv/scratch/z5358697/.automated/5949/2_OPTIMIZATION/CONF8/xtb_opt.
2025-04-11 11:38:26,848 -   censo.qm_processor   -   INFO   - worker445970:Running xtb_opt calculation in /srv/scratch/z5358697/.automated/5949/2_OPTIMIZATION/CONF38/xtb_opt.
2025-04-11 11:38:27,456 -   censo.qm_processor   -   INFO   - worker445967:Running xtb_opt calculation in /srv/scratch/z5358697/.automated/5949/2_OPTIMIZATION/CONF23/xtb_opt.
2025-04-11 11:38:27,538 -   censo.qm_processor   -   INFO   - worker445997:Running xtb_opt calculation in /srv/scratch/z5358697/.automated/5949/2_OPTIMIZATION/CONF15/xtb_opt.
2025-04-11 11:38:29,279 -   censo.qm_processor   -   INFO   - worker446000:Running xtb_opt calculation in /srv/scratch/z5358697/.automated/5949/2_OPTIMIZATION/CONF13/xtb_opt.
2025-04-11 11:38:39,122 -   censo.qm_processor   -   INFO   - worker445988:Running xtb_opt calculation in /srv/scratch/z5358697/.automated/5949/2_OPTIMIZATION/CONF82/xtb_opt.
2025-04-11 11:38:41,383 -   censo.qm_processor   -   INFO   - worker445973:Running xtb_opt calculation in /srv/scratch/z5358697/.automated/5949/2_OPTIMIZATION/CONF31/xtb_opt.
2025-04-11 11:38:47,118 -   censo.qm_processor   -   INFO   - worker446003:Running xtb_opt calculation in /srv/scratch/z5358697/.automated/5949/2_OPTIMIZATION/CONF83/xtb_opt.
2025-04-11 11:38:48,686 -   censo.qm_processor   -   INFO   - worker445985:Running xtb_opt calculation in /srv/scratch/z5358697/.automated/5949/2_OPTIMIZATION/CONF84/xtb_opt.
2025-04-11 11:41:12,447 -     censo.parallel     -   INFO   - All jobs executed successfully.
2025-04-11 11:41:12,448 -censo.ensembleopt.optimization-   INFO   - Threshold: 1.50 kcal/mol
2025-04-11 11:41:12,473 -   censo.qm_processor   -   INFO   - worker449522:Running xtb_rrho calculation in /srv/scratch/z5358697/.automated/5949/2_OPTIMIZATION/CONF51/xtb_rrho.
2025-04-11 11:41:12,473 -   censo.qm_processor   -   INFO   - worker449521:Running xtb_rrho calculation in /srv/scratch/z5358697/.automated/5949/2_OPTIMIZATION/CONF14/xtb_rrho.
2025-04-11 11:41:12,473 -   censo.qm_processor   -   INFO   - worker449524:Running xtb_rrho calculation in /srv/scratch/z5358697/.automated/5949/2_OPTIMIZATION/CONF4/xtb_rrho.
2025-04-11 11:41:12,473 -   censo.qm_processor   -   INFO   - worker449527:Running xtb_rrho calculation in /srv/scratch/z5358697/.automated/5949/2_OPTIMIZATION/CONF45/xtb_rrho.
2025-04-11 11:41:12,474 -   censo.qm_processor   -   INFO   - worker449530:Running xtb_rrho calculation in /srv/scratch/z5358697/.automated/5949/2_OPTIMIZATION/CONF24/xtb_rrho.
2025-04-11 11:41:12,474 -   censo.qm_processor   -   INFO   - worker449533:Running xtb_rrho calculation in /srv/scratch/z5358697/.automated/5949/2_OPTIMIZATION/CONF20/xtb_rrho.
2025-04-11 11:41:12,475 -   censo.qm_processor   -   INFO   - worker449536:Running xtb_rrho calculation in /srv/scratch/z5358697/.automated/5949/2_OPTIMIZATION/CONF19/xtb_rrho.
2025-04-11 11:41:12,475 -   censo.qm_processor   -   INFO   - worker449539:Running xtb_rrho calculation in /srv/scratch/z5358697/.automated/5949/2_OPTIMIZATION/CONF6/xtb_rrho.
2025-04-11 11:41:12,476 -   censo.qm_processor   -   INFO   - worker449542:Running xtb_rrho calculation in /srv/scratch/z5358697/.automated/5949/2_OPTIMIZATION/CONF12/xtb_rrho.
2025-04-11 11:41:12,477 -   censo.qm_processor   -   INFO   - worker449548:Running xtb_rrho calculation in /srv/scratch/z5358697/.automated/5949/2_OPTIMIZATION/CONF17/xtb_rrho.
2025-04-11 11:41:12,477 -   censo.qm_processor   -   INFO   - worker449545:Running xtb_rrho calculation in /srv/scratch/z5358697/.automated/5949/2_OPTIMIZATION/CONF26/xtb_rrho.
2025-04-11 11:41:12,477 -   censo.qm_processor   -   INFO   - worker449551:Running xtb_rrho calculation in /srv/scratch/z5358697/.automated/5949/2_OPTIMIZATION/CONF74/xtb_rrho.
2025-04-11 11:41:12,478 -   censo.qm_processor   -   INFO   - worker449557:Running xtb_rrho calculation in /srv/scratch/z5358697/.automated/5949/2_OPTIMIZATION/CONF25/xtb_rrho.
2025-04-11 11:41:12,478 -   censo.qm_processor   -   INFO   - worker449554:Running xtb_rrho calculation in /srv/scratch/z5358697/.automated/5949/2_OPTIMIZATION/CONF75/xtb_rrho.
2025-04-11 11:41:12,479 -   censo.qm_processor   -   INFO   - worker449563:Running xtb_rrho calculation in /srv/scratch/z5358697/.automated/5949/2_OPTIMIZATION/CONF18/xtb_rrho.
2025-04-11 11:41:12,479 -   censo.qm_processor   -   INFO   - worker449560:Running xtb_rrho calculation in /srv/scratch/z5358697/.automated/5949/2_OPTIMIZATION/CONF5/xtb_rrho.
2025-04-11 11:41:13,267 -   censo.qm_processor   -   INFO   - worker449521:Running xtb_rrho calculation in /srv/scratch/z5358697/.automated/5949/2_OPTIMIZATION/CONF1/xtb_rrho.
2025-04-11 11:41:13,276 -   censo.qm_processor   -   INFO   - worker449536:Running xtb_rrho calculation in /srv/scratch/z5358697/.automated/5949/2_OPTIMIZATION/CONF2/xtb_rrho.
2025-04-11 11:41:13,279 -   censo.qm_processor   -   INFO   - worker449551:Running xtb_rrho calculation in /srv/scratch/z5358697/.automated/5949/2_OPTIMIZATION/CONF70/xtb_rrho.
2025-04-11 11:41:13,281 -   censo.qm_processor   -   INFO   - worker449554:Running xtb_rrho calculation in /srv/scratch/z5358697/.automated/5949/2_OPTIMIZATION/CONF46/xtb_rrho.
2025-04-11 11:41:13,283 -   censo.qm_processor   -   INFO   - worker449533:Running xtb_rrho calculation in /srv/scratch/z5358697/.automated/5949/2_OPTIMIZATION/CONF58/xtb_rrho.
2025-04-11 11:41:13,294 -   censo.qm_processor   -   INFO   - worker449563:Running xtb_rrho calculation in /srv/scratch/z5358697/.automated/5949/2_OPTIMIZATION/CONF16/xtb_rrho.
2025-04-11 11:41:13,296 -   censo.qm_processor   -   INFO   - worker449542:Running xtb_rrho calculation in /srv/scratch/z5358697/.automated/5949/2_OPTIMIZATION/CONF41/xtb_rrho.
2025-04-11 11:41:13,298 -   censo.qm_processor   -   INFO   - worker449530:Running xtb_rrho calculation in /srv/scratch/z5358697/.automated/5949/2_OPTIMIZATION/CONF72/xtb_rrho.
2025-04-11 11:41:13,298 -   censo.qm_processor   -   INFO   - worker449560:Running xtb_rrho calculation in /srv/scratch/z5358697/.automated/5949/2_OPTIMIZATION/CONF44/xtb_rrho.
2025-04-11 11:41:13,302 -   censo.qm_processor   -   INFO   - worker449548:Running xtb_rrho calculation in /srv/scratch/z5358697/.automated/5949/2_OPTIMIZATION/CONF9/xtb_rrho.
2025-04-11 11:41:13,306 -   censo.qm_processor   -   INFO   - worker449557:Running xtb_rrho calculation in /srv/scratch/z5358697/.automated/5949/2_OPTIMIZATION/CONF33/xtb_rrho.
2025-04-11 11:41:13,312 -   censo.qm_processor   -   INFO   - worker449522:Running xtb_rrho calculation in /srv/scratch/z5358697/.automated/5949/2_OPTIMIZATION/CONF36/xtb_rrho.
2025-04-11 11:41:13,312 -   censo.qm_processor   -   INFO   - worker449545:Running xtb_rrho calculation in /srv/scratch/z5358697/.automated/5949/2_OPTIMIZATION/CONF76/xtb_rrho.
2025-04-11 11:41:13,317 -   censo.qm_processor   -   INFO   - worker449524:Running xtb_rrho calculation in /srv/scratch/z5358697/.automated/5949/2_OPTIMIZATION/CONF34/xtb_rrho.
2025-04-11 11:41:13,318 -   censo.qm_processor   -   INFO   - worker449527:Running xtb_rrho calculation in /srv/scratch/z5358697/.automated/5949/2_OPTIMIZATION/CONF35/xtb_rrho.
2025-04-11 11:41:13,319 -   censo.qm_processor   -   INFO   - worker449539:Running xtb_rrho calculation in /srv/scratch/z5358697/.automated/5949/2_OPTIMIZATION/CONF93/xtb_rrho.
2025-04-11 11:41:14,027 -   censo.qm_processor   -   INFO   - worker449521:Running xtb_rrho calculation in /srv/scratch/z5358697/.automated/5949/2_OPTIMIZATION/CONF40/xtb_rrho.
2025-04-11 11:41:14,045 -   censo.qm_processor   -   INFO   - worker449536:Running xtb_rrho calculation in /srv/scratch/z5358697/.automated/5949/2_OPTIMIZATION/CONF62/xtb_rrho.
2025-04-11 11:41:14,054 -   censo.qm_processor   -   INFO   - worker449533:Running xtb_rrho calculation in /srv/scratch/z5358697/.automated/5949/2_OPTIMIZATION/CONF39/xtb_rrho.
2025-04-11 11:41:14,062 -   censo.qm_processor   -   INFO   - worker449551:Running xtb_rrho calculation in /srv/scratch/z5358697/.automated/5949/2_OPTIMIZATION/CONF59/xtb_rrho.
2025-04-11 11:41:14,062 -   censo.qm_processor   -   INFO   - worker449563:Running xtb_rrho calculation in /srv/scratch/z5358697/.automated/5949/2_OPTIMIZATION/CONF60/xtb_rrho.
2025-04-11 11:41:14,067 -   censo.qm_processor   -   INFO   - worker449530:Running xtb_rrho calculation in /srv/scratch/z5358697/.automated/5949/2_OPTIMIZATION/CONF54/xtb_rrho.
2025-04-11 11:41:14,084 -   censo.qm_processor   -   INFO   - worker449548:Running xtb_rrho calculation in /srv/scratch/z5358697/.automated/5949/2_OPTIMIZATION/CONF55/xtb_rrho.
2025-04-11 11:41:14,094 -   censo.qm_processor   -   INFO   - worker449542:Running xtb_rrho calculation in /srv/scratch/z5358697/.automated/5949/2_OPTIMIZATION/CONF77/xtb_rrho.
2025-04-11 11:41:14,103 -   censo.qm_processor   -   INFO   - worker449545:Running xtb_rrho calculation in /srv/scratch/z5358697/.automated/5949/2_OPTIMIZATION/CONF82/xtb_rrho.
2025-04-11 11:41:14,108 -   censo.qm_processor   -   INFO   - worker449524:Running xtb_rrho calculation in /srv/scratch/z5358697/.automated/5949/2_OPTIMIZATION/CONF83/xtb_rrho.
2025-04-11 11:41:14,886 -     censo.parallel     -   INFO   - All jobs executed successfully.
