----------------------------------------------- 
  Element       SASA      Sigma Z        Total  
     Z         Ang**2 cal/Ang**2/mol   kcal/mol 
----------------------------------------------- 
      H        134.198      48.690       6.534
      C         24.002     129.740       3.114
      O         13.123       0.000       0.000

 Subtotal:     171.323                   9.648
 -----------------------------------------------

  Elements    COT*SASA   Sigma Z,Z'     Total   
    Z,Z'       Ang**2  cal/Ang**2/mol kcal/mol  
 ---------------------------------------------- 
  H   C         81.609     -60.770      -4.959
  H   O          9.300       0.000       0.000
  C   C         17.762     -72.950      -1.296
  O   C          0.002      68.690       0.000

 Subtotal:                              -6.255
 ---------------------------------------------- 

 NONAQUEOUS SOLVENT CONTRIBUTION (kcal/mol):
 (proportional to SASA, atomic number independent)
 ---------------------------------------------- 
 Subtotal:                               0.000
 ---------------------------------------------- 

 CDS TOTAL (kcal/mol):                   3.393
...............................................................................
