14
 energy: -344.745556175688 gnorm: 0.048046548032 xtb: 6.7.1 (edcfbbe)
C           -1.05583783716787       -0.52601092463309       -0.24163847040708
C            0.01028886520456        0.22053017549772        0.57312978145397
C            1.32407805048673       -0.58129303705759        0.60773200226930
O            1.84102117271581       -0.80077664995485       -0.68226827240233
O            0.22454378089950        1.47881269395530       -0.03726208881651
O           -2.33000357743249        0.06091496222699       -0.16416542737275
H           -1.08610325268128       -1.57191398749656        0.08810209853904
H           -0.78040624614582       -0.49671383702011       -1.29702596127475
H           -0.35153265235577        0.34909059105469        1.60295591041031
H            1.15533315231196       -1.56559145269376        1.04689871266391
H            2.06122183371338       -0.04288297481900        1.22097043364104
H            1.82537894990887        0.04596776322037       -1.15523763271192
H            0.68859559920513        2.06703519511596        0.57410367755440
H           -2.63394227626717        0.05227109532316        0.75456170463437
14
 energy: -344.747120172977 gnorm: 0.019139514234 xtb: 6.7.1 (edcfbbe)
C           -1.05489662974236       -0.52395770121454       -0.24226225987086
C            0.01159296013359        0.20904172622263        0.56918577528134
C            1.32444211151986       -0.57945961256736        0.60660155236397
O            1.85074805421549       -0.80154209215430       -0.69845439314063
O            0.21167089844048        1.48272656280612       -0.04385131530797
O           -2.33972483825733        0.08166738103767       -0.15778727358634
H           -1.08257432317624       -1.57112928072692        0.08985374117987
H           -0.77672354723853       -0.50506342883687       -1.29988393111787
H           -0.34838285621705        0.32875802970833        1.60282095435999
H            1.15254556734588       -1.56128756899231        1.05751492028537
H            2.04709560676342       -0.03417026023605        1.23358432369633
H            1.84227186960660        0.04849370259623       -1.16108057148016
H            0.68629842740686        2.05650123054414        0.57174085279388
H           -2.63172736264082        0.05886102574489        0.76287384559485
14
 energy: -344.747546041601 gnorm: 0.005252619875 xtb: 6.7.1 (edcfbbe)
C           -1.05430263232881       -0.52683488882176       -0.24388066915954
C            0.00761922108057        0.20154680005982        0.56356268456285
C            1.32047427061077       -0.57307486029296        0.60526106034675
O            1.85937019391117       -0.80299379950737       -0.70311634612340
O            0.19972558720251        1.49054011410625       -0.04468118101286
O           -2.34059853642439        0.09639246861386       -0.15436056350478
H           -1.09688105994638       -1.57308555662043        0.09120575245903
H           -0.78265192991974       -0.51661560235454       -1.30432028282097
H           -0.34743047918341        0.31663153669188        1.60038165706959
H            1.15389948665751       -1.55495463282971        1.06135885977500
H            2.03969504730132       -0.02360615324611        1.23201724595745
H            1.86258726952826        0.05087977606518       -1.15772058171682
H            0.69221291373056        2.04471185216079        0.57553203229077
H           -2.62108298598322        0.05990283947949        0.76961619819730
14
 energy: -344.747622891598 gnorm: 0.002314573198 xtb: 6.7.1 (edcfbbe)
C           -1.05587396913382       -0.52770384273851       -0.24470805736412
C            0.00502909703234        0.19668315023141        0.56174411140593
C            1.31975328994629       -0.56911737129366        0.60490717960077
O            1.86208014005290       -0.80371055165525       -0.70457892515463
O            0.19288872732337        1.49312771662067       -0.04252997827717
O           -2.34272675807018        0.10290815898413       -0.15436519174380
H           -1.10844503675932       -1.57193856621418        0.09380991226576
H           -0.78832670212349       -0.52261655041268       -1.30595716988271
H           -0.34968984532676        0.31128449779170        1.59854133253239
H            1.15904906587232       -1.55095367565282        1.06287503002847
H            2.03910640127921       -0.01496177164072        1.22613632809898
H            1.87823697650079        0.05333746488384       -1.15362943414540
H            0.70025108587220        2.03421924094563        0.57784351304646
H           -2.61869581098768        0.05888208968266        0.77076701304974
14
 energy: -344.747646155349 gnorm: 0.002515664076 xtb: 6.7.1 (edcfbbe)
C           -1.05710535451098       -0.52864457261168       -0.24453869560793
C            0.00325881490286        0.19563196626415        0.56221130481879
C            1.31903160311496       -0.56776935970529        0.60401931313132
O            1.85994093507638       -0.80380320416234       -0.70586116841623
O            0.19016892687224        1.49432306396586       -0.03971480059189
O           -2.34342229487697        0.10450438622580       -0.15509772952765
H           -1.11344580747923       -1.57165248558856        0.09573009596172
H           -0.79040938979972       -0.52502773633095       -1.30555198544829
H           -0.35210523083433        0.30959143341546        1.59865244168483
H            1.16271791616137       -1.54930486509887        1.06333541865557
H            2.03855500072119       -0.00986575808749        1.22111906156922
H            1.88770716820982        0.05526005636640       -1.15093828959588
H            0.70782906184553        2.02858145002381        0.57790316170222
H           -2.62008456429948        0.05761565527234        0.76958749278740
14
 energy: -344.747673805417 gnorm: 0.002550971137 xtb: 6.7.1 (edcfbbe)
C           -1.06027613906407       -0.52942656418266       -0.24375622146491
C            0.00011805649194        0.19461026080868        0.56397223525371
C            1.31837181407375       -0.56545829395306        0.60202845943653
O            1.85363895837590       -0.80378500536630       -0.70868950495508
O            0.18500662891991        1.49564209585914       -0.03384907235868
O           -2.34558237544778        0.10585997565360       -0.15695554502476
H           -1.11972450635237       -1.57083216915349        0.09909387702500
H           -0.79314703206801       -0.52773786307261       -1.30406959918462
H           -0.35578328191700        0.30594832559463        1.60034421118254
H            1.16922703225562       -1.54604910422722        1.06454346007513
H            2.03861669996679       -0.00158624526309        1.21244071729138
H            1.90538564369689        0.05837800369938       -1.14631637164368
H            0.72296907392883        2.01884780317017        0.57587324855409
H           -2.62618359860951        0.05502888549848        0.76619565983234
14
 energy: -344.747686244088 gnorm: 0.001808451522 xtb: 6.7.1 (edcfbbe)
C           -1.06210495210234       -0.52930757380215       -0.24285872919323
C           -0.00167362312344        0.19504831827149        0.56553542985695
C            1.31775573391974       -0.56424312604618        0.60026709987714
O            1.84916757393550       -0.80391409629220       -0.71087172401185
O            0.18109149729834        1.49677404411507       -0.02975511764515
O           -2.34689050134584        0.10585380449517       -0.15788966809393
H           -1.12113949399141       -1.57057324986500        0.10055827856191
H           -0.79359674673846       -0.52813976749448       -1.30278744424187
H           -0.35702736264135        0.30324855342644        1.60259909366755
H            1.17174284888320       -1.54399696807471        1.06539212931455
H            2.03846498425036        0.00203968801258        1.20806014507029
H            1.91634925012129        0.05896651781056       -1.14429229057368
H            0.73187466221554        2.01452207503776        0.57292303109354
H           -2.63137682092786        0.05316195205389        0.76397526858952
14
 energy: -344.747693846161 gnorm: 0.000821262283 xtb: 6.7.1 (edcfbbe)
C           -1.06376959701298       -0.52824027523240       -0.24168044210071
C           -0.00317715848511        0.19647607997323        0.56701700245905
C            1.31702365413021       -0.56286263585622        0.59822717932246
O            1.84483600598227       -0.80446498478458       -0.71324370415078
O            0.17560131670890        1.49858170492547       -0.02533045045884
O           -2.34858579205852        0.10491266410223       -0.15815672160029
H           -1.11975272897628       -1.57040039136078        0.10111902769274
H           -0.79306544393682       -0.52684839923660       -1.30144266791247
H           -0.35650038424641        0.29975248472329        1.60571850645864
H            1.17125605998082       -1.54158857199094        1.06616303586974
H            2.03869598694720        0.00342682166361        1.20543738163342
H            1.92805478070132        0.05761718634298       -1.14319401635213
H            0.73941268220613        2.01237629674465        0.56786967270852
H           -2.63739229599841        0.05070230708100        0.76235156666240
14
 energy: -344.747695167310 gnorm: 0.000278522299 xtb: 6.7.1 (edcfbbe)
C           -1.06346221956062       -0.52809153051424       -0.24176276241894
C           -0.00322189590761        0.19673316356986        0.56655148054072
C            1.31648957035107       -0.56267681326502        0.59830451583636
O            1.84560522465660       -0.80488657579008       -0.71309547251311
O            0.17458514649821        1.49922060546829       -0.02567224404914
O           -2.34882324559325        0.10455794677617       -0.15725977842620
H           -1.11909929451196       -1.57047697754518        0.10060453349919
H           -0.79344056941906       -0.52637844559372       -1.30176248022565
H           -0.35604238451582        0.29989778448232        1.60543768726664
H            1.16913448693097       -1.54152493382014        1.06568119924400
H            2.03857305198171        0.00236921110339        1.20618051369924
H            1.92985235418212        0.05729642379604       -1.14308906537387
H            0.73874337861678        2.01327892013011        0.56709479971295
H           -2.63625651442090        0.05012155467679        0.76364232504981
14
 energy: -344.747695167310 gnorm: 0.000278522299 xtb: 6.7.1 (edcfbbe)
C           -1.06346221956062       -0.52809153051424       -0.24176276241894
C           -0.00322189590761        0.19673316356986        0.56655148054072
C            1.31648957035107       -0.56267681326502        0.59830451583636
O            1.84560522465660       -0.80488657579008       -0.71309547251311
O            0.17458514649821        1.49922060546829       -0.02567224404914
O           -2.34882324559325        0.10455794677617       -0.15725977842620
H           -1.11909929451196       -1.57047697754518        0.10060453349919
H           -0.79344056941906       -0.52637844559372       -1.30176248022565
H           -0.35604238451582        0.29989778448232        1.60543768726664
H            1.16913448693097       -1.54152493382014        1.06568119924400
H            2.03857305198171        0.00236921110339        1.20618051369924
H            1.92985235418212        0.05729642379604       -1.14308906537387
H            0.73874337861678        2.01327892013011        0.56709479971295
H           -2.63625651442090        0.05012155467679        0.76364232504981
