----------------------------------------------- 
  Element       SASA      Sigma Z        Total  
     Z         Ang**2 cal/Ang**2/mol   kcal/mol 
----------------------------------------------- 
      H        134.936      48.690       6.570
      C         34.422     129.740       4.466
      O         20.927       0.000       0.000

 Subtotal:     190.285                  11.036
 -----------------------------------------------

  Elements    COT*SASA   Sigma Z,Z'     Total   
    Z,Z'       Ang**2  cal/Ang**2/mol kcal/mol  
 ---------------------------------------------- 
  H   C         90.987     -60.770      -5.529
  H   O          0.000       0.000       0.000
  C   C         27.237     -72.950      -1.987
  O   C         13.114      68.690       0.901

 Subtotal:                              -6.615
 ---------------------------------------------- 

 NONAQUEOUS SOLVENT CONTRIBUTION (kcal/mol):
 (proportional to SASA, atomic number independent)
 ---------------------------------------------- 
 Subtotal:                               0.000
 ---------------------------------------------- 

 CDS TOTAL (kcal/mol):                   4.420
...............................................................................
