----------------------------------------------- 
  Element       SASA      Sigma Z        Total  
     Z         Ang**2 cal/Ang**2/mol   kcal/mol 
----------------------------------------------- 
      H        149.693      48.690       7.289
      C         28.077     129.740       3.643
      O         15.791       0.000       0.000

 Subtotal:     193.561                  10.931
 -----------------------------------------------

  Elements    COT*SASA   Sigma Z,Z'     Total   
    Z,Z'       Ang**2  cal/Ang**2/mol kcal/mol  
 ---------------------------------------------- 
  H   C         94.842     -60.770      -5.764
  H   O          6.408       0.000       0.000
  C   C         20.418     -72.950      -1.489
  O   C          0.004      68.690       0.000

 Subtotal:                              -7.253
 ---------------------------------------------- 

 NONAQUEOUS SOLVENT CONTRIBUTION (kcal/mol):
 (proportional to SASA, atomic number independent)
 ---------------------------------------------- 
 Subtotal:                               0.000
 ---------------------------------------------- 

 CDS TOTAL (kcal/mol):                   3.678
...............................................................................
