23
 energy: -276.281909998760 gnorm: 0.003796242291 xtb: 6.7.1 (edcfbbe)
C           -1.47587250847326        0.96760891300277        0.69753091246139
C           -1.15315785440243       -0.37642705924242        0.03670073934527
C           -2.35411301490611       -0.83668749948393       -0.79673105542631
C            0.09552869763054       -0.34945251307924       -0.85906911826837
C            1.47381873713208       -0.07619282351010       -0.22214438452189
C            1.77500937088039        1.40942581406670       -0.00177904632669
C            1.68960624374987       -0.87151424492539        1.06703436644841
H           -0.74391820237464        1.24341652293531        1.46190663936641
H           -1.50291989175631        1.76968071299355       -0.05136356344995
H           -2.45824863877403        0.92907939133210        1.18250294757455
H           -0.99336982245538       -1.11781619045284        0.83189102720887
H           -3.25750555660878       -0.92041130856874       -0.18397220240660
H           -2.55725856980662       -0.11736269124276       -1.59932028560992
H           -2.16708031523501       -1.81106860094386       -1.25997571912168
H           -0.07267151338906        0.39059851280797       -1.65569845548794
H            0.15021769989579       -1.32636463780447       -1.35911633632508
H            2.21215457001157       -0.43620422482427       -0.95231619751760
H            1.16337456524341        1.83746597710404        0.79535314842005
H            2.82431292477066        1.55202381257873        0.27911503429644
H            1.59152057722940        1.98490935587205       -0.91496063074438
H            1.45498526471659       -1.93157031080936        0.92876301817880
H            2.73114667782971       -0.79771551600482        1.39845920233140
H            1.05960068380076       -0.48979099537793        1.87622715656413
23
 energy: -276.281952714031 gnorm: 0.001139029073 xtb: 6.7.1 (edcfbbe)
C           -1.47223686502832        0.96714009933475        0.69772360304235
C           -1.15474753050183       -0.37711170173470        0.03673602992354
C           -2.35380215006901       -0.83612016462368       -0.79912754251460
C            0.09363753407328       -0.34962632771564       -0.85972958398507
C            1.47121654997551       -0.07454790083799       -0.22036242110033
C            1.77326125030152        1.41125770587237       -0.00164012251189
C            1.68861771886435       -0.87093648395037        1.06767696440039
H           -0.73769535283326        1.23985052276452        1.45991447162613
H           -1.50004034043018        1.76966252438138       -0.05007161746932
H           -2.45319567237275        0.92985038027820        1.18530735343915
H           -0.99596862792741       -1.11928074883022        0.83120929354239
H           -3.25575473038853       -0.91918999168579       -0.18344728116891
H           -2.55972154453513       -0.11633101255391       -1.60114017392052
H           -2.16857553356336       -1.81118399283637       -1.26277117054106
H           -0.07396886429768        0.38477396635354       -1.66175119561477
H            0.15152609116238       -1.32984211985244       -1.35246100647101
H            2.20891414525123       -0.43379484515014       -0.95181867205080
H            1.16273307394295        1.84245831512787        0.79608618084436
H            2.82357782018529        1.54958465611772        0.27926395564720
H            1.59299794763042        1.98874255627144       -0.91493779877594
H            1.45925064500411       -1.93300354866781        0.92689559095170
H            2.72994428520010       -0.79296199561232        1.39929944925174
H            1.05518996745748       -0.49376008955704        1.87818307934456
23
 energy: -276.281981114102 gnorm: 0.002034626820 xtb: 6.7.1 (edcfbbe)
C           -1.46688959360951        0.96460767662111        0.69808564595282
C           -1.15804730722807       -0.37835722329354        0.03352055502527
C           -2.35798423829651       -0.83257358369888       -0.80184632077068
C            0.09268579896670       -0.35535082847736       -0.85989371359958
C            1.46868999199808       -0.07068831148725       -0.21879898870090
C            1.77174996812755        1.41519727298622       -0.00039393047548
C            1.68759469049564       -0.86788178105221        1.06781863131518
H           -0.72571140726646        1.22946554684506        1.45559482862570
H           -1.49468810910705        1.76906723913563       -0.04682996311551
H           -2.44459621923707        0.93178004153822        1.19243520348716
H           -1.00224123334197       -1.12290674919848        0.82599749362174
H           -3.25888622659869       -0.91559258131943       -0.18340822460526
H           -2.56636292098837       -0.11148383930755       -1.60255731799522
H           -2.17530754604242       -1.80789239819260       -1.26712518729246
H           -0.07451243939885        0.36815854021401       -1.67172986614914
H            0.15683746543397       -1.34194591041583       -1.33883631683114
H            2.20703329496526       -0.42779521728726       -0.95097919134148
H            1.16306065704917        1.85211998390362        0.79725691490496
H            2.82319991033805        1.54845756763914        0.28091535949986
H            1.59609208188248        1.99456296949789       -0.91422248191679
H            1.47157734698209       -1.93351684038745        0.92144304873373
H            2.72685943795337       -0.77920709842949        1.40373381450154
H            1.04500537346800       -0.50259663433679        1.87885805665425
23
 energy: -276.281989905156 gnorm: 0.001136800777 xtb: 6.7.1 (edcfbbe)
C           -1.46564851348855        0.96394399499813        0.69884412187389
C           -1.15814553332387       -0.37896311646883        0.03328140640018
C           -2.35901380368473       -0.83081218148276       -0.80237522207211
C            0.09295000974365       -0.35730792295251       -0.85964481848208
C            1.46849463019656       -0.07085178810101       -0.21874271756027
C            1.77055987399119        1.41531819741118       -0.00087882037884
C            1.68849251492160       -0.86731795549690        1.06807971208298
H           -0.72383591856322        1.22805980407158        1.45623249872706
H           -1.49320779527753        1.76911515568263       -0.04563155731547
H           -2.44311438963341        0.93153861107528        1.19371722682540
H           -1.00376064867948       -1.12454514469296        0.82526957442259
H           -3.26024016677225       -0.91410623240700       -0.18478764531209
H           -2.56633395584047       -0.10850065539710       -1.60203193488748
H           -2.17744465411005       -1.80540118684693       -1.26921080756565
H           -0.07406060307060        0.36450473035269       -1.67296704531677
H            0.15787574461321       -1.34472653413418       -1.33678511871275
H            2.20754403670778       -0.42734206023822       -0.95040033175171
H            1.16237045059345        1.85198667531526        0.79655778571920
H            2.82174562216761        1.54970636298987        0.28016170303720
H            1.59413099412116        1.99378336275540       -0.91482118256859
H            1.47597760081345       -1.93302466424018        0.92120639992752
H            2.72647418766895       -0.77521568704498        1.40684064284140
H            1.04334861571836       -0.50421499114459        1.87712442459023
23
 energy: -276.282002471250 gnorm: 0.001556424117 xtb: 6.7.1 (edcfbbe)
C           -1.46013996634548        0.96053877244883        0.70315034292346
C           -1.15802270373298       -0.38186615046339        0.03299926854202
C           -2.36199754957657       -0.82217434277756       -0.80582351853147
C            0.09473907920112       -0.36627491146180       -0.85772811927770
C            1.46876404477371       -0.07230655433490       -0.21853614981882
C            1.76454034680536        1.41581702343529       -0.00445351949503
C            1.69117779917716       -0.86498534990257        1.07025243461869
H           -0.71683217858033        1.22112122394800        1.46093475384335
H           -1.48564440885810        1.76837989781949       -0.03937260156348
H           -2.43730782578653        0.92988429561728        1.19870987451431
H           -1.01025360002098       -1.13162954611094        0.82291920119963
H           -3.26423141322309       -0.90603998002389       -0.19065365724490
H           -2.56428916971315       -0.09299917082063       -1.60004975185239
H           -2.18535595342266       -1.79364762830296       -1.28008661275671
H           -0.07182051988384        0.34901773567814       -1.67672889642865
H            0.16125682690984       -1.35705197672937       -1.32782026731641
H            2.20976286716603       -0.42683952204635       -0.94890692104067
H            1.15793245028451        1.85103030216134        0.79294839551934
H            2.81522230773159        1.55577055990751        0.27384070782625
H            1.58298534284113        1.99014311824658       -0.91918332662755
H            1.49609867831446       -1.93237339921563        0.92154878142154
H            2.72416678601432       -0.75632985363067        1.41924221436095
H            1.03440468399074       -0.51156315551105        1.87183678854057
23
 energy: -276.282007772558 gnorm: 0.000720112611 xtb: 6.7.1 (edcfbbe)
C           -1.45920182155197        0.95951430121260        0.70448652630180
C           -1.15802759154851       -0.38250804911842        0.03332863086676
C           -2.36159903942113       -0.82015939512078       -0.80714031557960
C            0.09472699189947       -0.36756897884191       -0.85743258521345
C            1.46864531347298       -0.07317272432313       -0.21824874717265
C            1.76335561453502        1.41544608636063       -0.00601118888597
C            1.69180547341293       -0.86410506700048        1.07155446848528
H           -0.71679327217963        1.21838280344045        1.46345903903344
H           -1.48309377524764        1.76790479815308       -0.03717633897345
H           -2.43703386250027        0.92911606296314        1.19869768018865
H           -1.01160485099357       -1.13309566761614        0.82251866164074
H           -3.26397897978912       -0.90392156961245       -0.19189339892388
H           -2.56274752053182       -0.08867394208412       -1.59971226136067
H           -2.18564217655824       -1.79089433815725       -1.28347793702621
H           -0.07186642769700        0.34717300199432       -1.67695047411989
H            0.16070739936664       -1.35880866876173       -1.32661486306866
H            2.20960259860144       -0.42844227562731       -0.94841918134531
H            1.15680609760832        1.85060283800168        0.79216233506627
H            2.81457657588398        1.55707763086353        0.27012473206354
H            1.57925966425896        1.98883304021390       -0.92113529512774
H            1.50080367686659       -1.93272076522938        0.92320170651536
H            2.72410480400147       -0.75195762009877        1.42126811594524
H            1.03235034329145       -0.51240171161608        1.87245031739239
23
 energy: -276.282010871890 gnorm: 0.000420883885 xtb: 6.7.1 (edcfbbe)
C           -1.45699332450348        0.95656674380133        0.70794094715930
C           -1.15846939609255       -0.38442243095572        0.03378466174552
C           -2.36168007791117       -0.81544496763816       -0.81018377056383
C            0.09508817055263       -0.37095526580413       -0.85594500443388
C            1.46898466869163       -0.07482452117679       -0.21767247620789
C            1.76096720496315        1.41506413625649       -0.01031353447640
C            1.69286050519595       -0.86194041157870        1.07441947209201
H           -0.71669779469706        1.21049015995195        1.47035381000619
H           -1.47600581096765        1.76702871275582       -0.03120419255921
H           -2.43675351214001        0.92746126309708        1.19844903766895
H           -1.01512408745661       -1.13744418474261        0.82098335463514
H           -3.26490860267382       -0.89987870074633       -0.19597569764864
H           -2.56030014999689       -0.07898170115012       -1.59901705136492
H           -2.18734401709849       -1.78408806691566       -1.29164610165645
H           -0.07121431825457        0.34277376114832       -1.67640718586348
H            0.16038750509751       -1.36287929772304       -1.32373869938037
H            2.21000654464774       -0.43199540240968       -0.94701143037296
H            1.15593085891015        1.85021771411764        0.78985494130196
H            2.81323400114810        1.56032576084568        0.26063267438866
H            1.57072697036467        1.98643255707289       -0.92589715439471
H            1.51026951782550       -1.93290609848016        0.92809615297994
H            2.72361467520970       -0.74160628671206        1.42601271966850
H            1.02857390436260       -0.51337773614524        1.87352455691210
23
 energy: -276.282010871890 gnorm: 0.000420883885 xtb: 6.7.1 (edcfbbe)
C           -1.45699332450348        0.95656674380133        0.70794094715930
C           -1.15846939609255       -0.38442243095572        0.03378466174552
C           -2.36168007791117       -0.81544496763816       -0.81018377056383
C            0.09508817055263       -0.37095526580413       -0.85594500443388
C            1.46898466869163       -0.07482452117679       -0.21767247620789
C            1.76096720496315        1.41506413625649       -0.01031353447640
C            1.69286050519595       -0.86194041157870        1.07441947209201
H           -0.71669779469706        1.21049015995195        1.47035381000619
H           -1.47600581096765        1.76702871275582       -0.03120419255921
H           -2.43675351214001        0.92746126309708        1.19844903766895
H           -1.01512408745661       -1.13744418474261        0.82098335463514
H           -3.26490860267382       -0.89987870074633       -0.19597569764864
H           -2.56030014999689       -0.07898170115012       -1.59901705136492
H           -2.18734401709849       -1.78408806691566       -1.29164610165645
H           -0.07121431825457        0.34277376114832       -1.67640718586348
H            0.16038750509751       -1.36287929772304       -1.32373869938037
H            2.21000654464774       -0.43199540240968       -0.94701143037296
H            1.15593085891015        1.85021771411764        0.78985494130196
H            2.81323400114810        1.56032576084568        0.26063267438866
H            1.57072697036467        1.98643255707289       -0.92589715439471
H            1.51026951782550       -1.93290609848016        0.92809615297994
H            2.72361467520970       -0.74160628671206        1.42601271966850
H            1.02857390436260       -0.51337773614524        1.87352455691210
