----------------------------------------------- 
  Element       SASA      Sigma Z        Total  
     Z         Ang**2 cal/Ang**2/mol   kcal/mol 
----------------------------------------------- 
      H        119.970      48.690       5.841
      C         34.330     129.740       4.454
      O         30.061       0.000       0.000

 Subtotal:     184.361                  10.295
 -----------------------------------------------

  Elements    COT*SASA   Sigma Z,Z'     Total   
    Z,Z'       Ang**2  cal/Ang**2/mol kcal/mol  
 ---------------------------------------------- 
  H   C         80.905     -60.770      -4.917
  H   O          0.000       0.000       0.000
  C   C         23.676     -72.950      -1.727
  O   C         16.052      68.690       1.103
  O   O          0.000       0.000       0.000

 Subtotal:                              -5.541
 ---------------------------------------------- 

 NONAQUEOUS SOLVENT CONTRIBUTION (kcal/mol):
 (proportional to SASA, atomic number independent)
 ---------------------------------------------- 
 Subtotal:                               0.000
 ---------------------------------------------- 

 CDS TOTAL (kcal/mol):                   4.754
...............................................................................
