2025-04-11 11:49:46,724 -   censo.qm_processor   -   INFO   - worker3316253:Running xtb_gsolv calculation in /srv/scratch/z5358697/.automated/5969/0_PRESCREENING/CONF6/xtb_gsolv.
2025-04-11 11:49:46,740 -   censo.qm_processor   -   INFO   - worker3316250:Running xtb_gsolv calculation in /srv/scratch/z5358697/.automated/5969/0_PRESCREENING/CONF1/xtb_gsolv.
2025-04-11 11:49:46,743 -   censo.qm_processor   -   INFO   - worker3316257:Running xtb_gsolv calculation in /srv/scratch/z5358697/.automated/5969/0_PRESCREENING/CONF3/xtb_gsolv.
2025-04-11 11:49:46,759 -   censo.qm_processor   -   INFO   - worker3316254:Running xtb_gsolv calculation in /srv/scratch/z5358697/.automated/5969/0_PRESCREENING/CONF2/xtb_gsolv.
2025-04-11 11:49:46,767 -   censo.qm_processor   -   INFO   - worker3316251:Running xtb_gsolv calculation in /srv/scratch/z5358697/.automated/5969/0_PRESCREENING/CONF5/xtb_gsolv.
2025-04-11 11:49:46,780 -   censo.qm_processor   -   INFO   - worker3316264:Running xtb_gsolv calculation in /srv/scratch/z5358697/.automated/5969/0_PRESCREENING/CONF7/xtb_gsolv.
2025-04-11 11:49:46,786 -   censo.qm_processor   -   INFO   - worker3316272:Running xtb_gsolv calculation in /srv/scratch/z5358697/.automated/5969/0_PRESCREENING/CONF10/xtb_gsolv.
2025-04-11 11:49:46,801 -   censo.qm_processor   -   INFO   - worker3316269:Running xtb_gsolv calculation in /srv/scratch/z5358697/.automated/5969/0_PRESCREENING/CONF13/xtb_gsolv.
2025-04-11 11:49:46,809 -   censo.qm_processor   -   INFO   - worker3316284:Running xtb_gsolv calculation in /srv/scratch/z5358697/.automated/5969/0_PRESCREENING/CONF15/xtb_gsolv.
2025-04-11 11:49:46,825 -   censo.qm_processor   -   INFO   - worker3316259:Running xtb_gsolv calculation in /srv/scratch/z5358697/.automated/5969/0_PRESCREENING/CONF4/xtb_gsolv.
2025-04-11 11:49:46,826 -   censo.qm_processor   -   INFO   - worker3316277:Running xtb_gsolv calculation in /srv/scratch/z5358697/.automated/5969/0_PRESCREENING/CONF11/xtb_gsolv.
2025-04-11 11:49:46,833 -   censo.qm_processor   -   INFO   - worker3316274:Running xtb_gsolv calculation in /srv/scratch/z5358697/.automated/5969/0_PRESCREENING/CONF12/xtb_gsolv.
2025-04-11 11:49:46,837 -   censo.qm_processor   -   INFO   - worker3316266:Running xtb_gsolv calculation in /srv/scratch/z5358697/.automated/5969/0_PRESCREENING/CONF8/xtb_gsolv.
2025-04-11 11:49:46,951 -   censo.qm_processor   -   INFO   - worker3316282:Running xtb_gsolv calculation in /srv/scratch/z5358697/.automated/5969/0_PRESCREENING/CONF14/xtb_gsolv.
2025-04-11 11:49:46,969 -   censo.qm_processor   -   INFO   - worker3316280:Running xtb_gsolv calculation in /srv/scratch/z5358697/.automated/5969/0_PRESCREENING/CONF18/xtb_gsolv.
2025-04-11 11:49:47,152 -   censo.qm_processor   -   INFO   - worker3316261:Running xtb_gsolv calculation in /srv/scratch/z5358697/.automated/5969/0_PRESCREENING/CONF9/xtb_gsolv.
2025-04-11 11:49:47,492 -   censo.qm_processor   -   INFO   - worker3316250:Running xtb_gsolv calculation in /srv/scratch/z5358697/.automated/5969/0_PRESCREENING/CONF20/xtb_gsolv.
2025-04-11 11:49:47,511 -   censo.qm_processor   -   INFO   - worker3316253:Running xtb_gsolv calculation in /srv/scratch/z5358697/.automated/5969/0_PRESCREENING/CONF19/xtb_gsolv.
2025-04-11 11:49:47,523 -   censo.qm_processor   -   INFO   - worker3316282:Running xtb_gsolv calculation in /srv/scratch/z5358697/.automated/5969/0_PRESCREENING/CONF30/xtb_gsolv.
2025-04-11 11:49:47,526 -   censo.qm_processor   -   INFO   - worker3316257:Running xtb_gsolv calculation in /srv/scratch/z5358697/.automated/5969/0_PRESCREENING/CONF17/xtb_gsolv.
2025-04-11 11:49:47,539 -   censo.qm_processor   -   INFO   - worker3316269:Running xtb_gsolv calculation in /srv/scratch/z5358697/.automated/5969/0_PRESCREENING/CONF21/xtb_gsolv.
2025-04-11 11:49:47,545 -   censo.qm_processor   -   INFO   - worker3316272:Running xtb_gsolv calculation in /srv/scratch/z5358697/.automated/5969/0_PRESCREENING/CONF25/xtb_gsolv.
2025-04-11 11:49:47,570 -   censo.qm_processor   -   INFO   - worker3316277:Running xtb_gsolv calculation in /srv/scratch/z5358697/.automated/5969/0_PRESCREENING/CONF24/xtb_gsolv.
2025-04-11 11:49:47,587 -   censo.qm_processor   -   INFO   - worker3316259:Running xtb_gsolv calculation in /srv/scratch/z5358697/.automated/5969/0_PRESCREENING/CONF28/xtb_gsolv.
2025-04-11 11:49:47,603 -   censo.qm_processor   -   INFO   - worker3316274:Running xtb_gsolv calculation in /srv/scratch/z5358697/.automated/5969/0_PRESCREENING/CONF29/xtb_gsolv.
2025-04-11 11:49:47,616 -   censo.qm_processor   -   INFO   - worker3316254:Running xtb_gsolv calculation in /srv/scratch/z5358697/.automated/5969/0_PRESCREENING/CONF16/xtb_gsolv.
2025-04-11 11:49:47,644 -   censo.qm_processor   -   INFO   - worker3316264:Running xtb_gsolv calculation in /srv/scratch/z5358697/.automated/5969/0_PRESCREENING/CONF23/xtb_gsolv.
2025-04-11 11:49:47,691 -   censo.qm_processor   -   INFO   - worker3316266:Running xtb_gsolv calculation in /srv/scratch/z5358697/.automated/5969/0_PRESCREENING/CONF26/xtb_gsolv.
2025-04-11 11:49:47,714 -   censo.qm_processor   -   INFO   - worker3316284:Running xtb_gsolv calculation in /srv/scratch/z5358697/.automated/5969/0_PRESCREENING/CONF27/xtb_gsolv.
2025-04-11 11:49:47,725 -   censo.qm_processor   -   INFO   - worker3316280:Running xtb_gsolv calculation in /srv/scratch/z5358697/.automated/5969/0_PRESCREENING/CONF31/xtb_gsolv.
2025-04-11 11:49:47,735 -   censo.qm_processor   -   INFO   - worker3316251:Running xtb_gsolv calculation in /srv/scratch/z5358697/.automated/5969/0_PRESCREENING/CONF22/xtb_gsolv.
2025-04-11 11:49:47,749 -   censo.qm_processor   -   INFO   - worker3316261:Running xtb_gsolv calculation in /srv/scratch/z5358697/.automated/5969/0_PRESCREENING/CONF32/xtb_gsolv.
2025-04-11 11:49:48,062 -     censo.parallel     -   INFO   - All jobs executed successfully.
2025-04-11 11:49:48,099 -   censo.qm_processor   -   INFO   - worker3316407:Running sp calculation in /srv/scratch/z5358697/.automated/5969/0_PRESCREENING/CONF1/sp.
2025-04-11 11:49:48,102 -   censo.qm_processor   -   INFO   - worker3316408:Running sp calculation in /srv/scratch/z5358697/.automated/5969/0_PRESCREENING/CONF5/sp.
2025-04-11 11:49:48,108 -   censo.qm_processor   -   INFO   - worker3316410:Running sp calculation in /srv/scratch/z5358697/.automated/5969/0_PRESCREENING/CONF6/sp.
2025-04-11 11:49:48,110 -   censo.qm_processor   -   INFO   - worker3316412:Running sp calculation in /srv/scratch/z5358697/.automated/5969/0_PRESCREENING/CONF3/sp.
2025-04-11 11:49:48,113 -   censo.qm_processor   -   INFO   - worker3316416:Running sp calculation in /srv/scratch/z5358697/.automated/5969/0_PRESCREENING/CONF2/sp.
2025-04-11 11:49:48,115 -   censo.qm_processor   -   INFO   - worker3316419:Running sp calculation in /srv/scratch/z5358697/.automated/5969/0_PRESCREENING/CONF4/sp.
2025-04-11 11:49:48,124 -   censo.qm_processor   -   INFO   - worker3316422:Running sp calculation in /srv/scratch/z5358697/.automated/5969/0_PRESCREENING/CONF7/sp.
2025-04-11 11:49:48,126 -   censo.qm_processor   -   INFO   - worker3316425:Running sp calculation in /srv/scratch/z5358697/.automated/5969/0_PRESCREENING/CONF8/sp.
2025-04-11 11:49:48,129 -   censo.qm_processor   -   INFO   - worker3316433:Running sp calculation in /srv/scratch/z5358697/.automated/5969/0_PRESCREENING/CONF9/sp.
2025-04-11 11:49:48,131 -   censo.qm_processor   -   INFO   - worker3316429:Running sp calculation in /srv/scratch/z5358697/.automated/5969/0_PRESCREENING/CONF10/sp.
2025-04-11 11:49:48,133 -   censo.qm_processor   -   INFO   - worker3316440:Running sp calculation in /srv/scratch/z5358697/.automated/5969/0_PRESCREENING/CONF13/sp.
2025-04-11 11:49:48,136 -   censo.qm_processor   -   INFO   - worker3316434:Running sp calculation in /srv/scratch/z5358697/.automated/5969/0_PRESCREENING/CONF11/sp.
2025-04-11 11:49:48,138 -   censo.qm_processor   -   INFO   - worker3316437:Running sp calculation in /srv/scratch/z5358697/.automated/5969/0_PRESCREENING/CONF18/sp.
2025-04-11 11:49:48,141 -   censo.qm_processor   -   INFO   - worker3316431:Running sp calculation in /srv/scratch/z5358697/.automated/5969/0_PRESCREENING/CONF12/sp.
2025-04-11 11:49:48,148 -   censo.qm_processor   -   INFO   - worker3316442:Running sp calculation in /srv/scratch/z5358697/.automated/5969/0_PRESCREENING/CONF14/sp.
2025-04-11 11:49:48,150 -   censo.qm_processor   -   INFO   - worker3316445:Running sp calculation in /srv/scratch/z5358697/.automated/5969/0_PRESCREENING/CONF15/sp.
2025-04-11 11:49:58,169 -   censo.qm_processor   -   INFO   - worker3316407:Running sp calculation in /srv/scratch/z5358697/.automated/5969/0_PRESCREENING/CONF17/sp.
2025-04-11 11:49:58,294 -   censo.qm_processor   -   INFO   - worker3316440:Running sp calculation in /srv/scratch/z5358697/.automated/5969/0_PRESCREENING/CONF16/sp.
2025-04-11 11:49:58,304 -   censo.qm_processor   -   INFO   - worker3316445:Running sp calculation in /srv/scratch/z5358697/.automated/5969/0_PRESCREENING/CONF19/sp.
2025-04-11 11:49:58,418 -   censo.qm_processor   -   INFO   - worker3316437:Running sp calculation in /srv/scratch/z5358697/.automated/5969/0_PRESCREENING/CONF20/sp.
2025-04-11 11:49:58,427 -   censo.qm_processor   -   INFO   - worker3316425:Running sp calculation in /srv/scratch/z5358697/.automated/5969/0_PRESCREENING/CONF21/sp.
2025-04-11 11:49:58,526 -   censo.qm_processor   -   INFO   - worker3316419:Running sp calculation in /srv/scratch/z5358697/.automated/5969/0_PRESCREENING/CONF22/sp.
2025-04-11 11:49:58,548 -   censo.qm_processor   -   INFO   - worker3316422:Running sp calculation in /srv/scratch/z5358697/.automated/5969/0_PRESCREENING/CONF23/sp.
2025-04-11 11:49:58,601 -   censo.qm_processor   -   INFO   - worker3316410:Running sp calculation in /srv/scratch/z5358697/.automated/5969/0_PRESCREENING/CONF24/sp.
2025-04-11 11:49:58,613 -   censo.qm_processor   -   INFO   - worker3316433:Running sp calculation in /srv/scratch/z5358697/.automated/5969/0_PRESCREENING/CONF25/sp.
2025-04-11 11:49:58,616 -   censo.qm_processor   -   INFO   - worker3316416:Running sp calculation in /srv/scratch/z5358697/.automated/5969/0_PRESCREENING/CONF26/sp.
2025-04-11 11:49:58,625 -   censo.qm_processor   -   INFO   - worker3316434:Running sp calculation in /srv/scratch/z5358697/.automated/5969/0_PRESCREENING/CONF27/sp.
2025-04-11 11:49:58,637 -   censo.qm_processor   -   INFO   - worker3316412:Running sp calculation in /srv/scratch/z5358697/.automated/5969/0_PRESCREENING/CONF28/sp.
2025-04-11 11:49:58,660 -   censo.qm_processor   -   INFO   - worker3316431:Running sp calculation in /srv/scratch/z5358697/.automated/5969/0_PRESCREENING/CONF29/sp.
2025-04-11 11:49:58,693 -   censo.qm_processor   -   INFO   - worker3316442:Running sp calculation in /srv/scratch/z5358697/.automated/5969/0_PRESCREENING/CONF30/sp.
2025-04-11 11:49:58,707 -   censo.qm_processor   -   INFO   - worker3316408:Running sp calculation in /srv/scratch/z5358697/.automated/5969/0_PRESCREENING/CONF31/sp.
2025-04-11 11:49:58,765 -   censo.qm_processor   -   INFO   - worker3316429:Running sp calculation in /srv/scratch/z5358697/.automated/5969/0_PRESCREENING/CONF32/sp.
2025-04-11 11:50:08,820 -     censo.parallel     -   INFO   - All jobs executed successfully.
2025-04-11 11:50:08,918 -   censo.qm_processor   -   INFO   - worker3317107:Running gsolv calculation in /srv/scratch/z5358697/.automated/5969/1_SCREENING/CONF7/gsolv.
2025-04-11 11:50:08,977 -   censo.qm_processor   -   INFO   - worker3317110:Running gsolv calculation in /srv/scratch/z5358697/.automated/5969/1_SCREENING/CONF2/gsolv.
2025-04-11 11:50:08,993 -   censo.qm_processor   -   INFO   - worker3317142:Running gsolv calculation in /srv/scratch/z5358697/.automated/5969/1_SCREENING/CONF1/gsolv.
2025-04-11 11:50:09,017 -   censo.qm_processor   -   INFO   - worker3317125:Running gsolv calculation in /srv/scratch/z5358697/.automated/5969/1_SCREENING/CONF23/gsolv.
2025-04-11 11:50:09,029 -   censo.qm_processor   -   INFO   - worker3317108:Running gsolv calculation in /srv/scratch/z5358697/.automated/5969/1_SCREENING/CONF9/gsolv.
2025-04-11 11:50:09,037 -   censo.qm_processor   -   INFO   - worker3317134:Running gsolv calculation in /srv/scratch/z5358697/.automated/5969/1_SCREENING/CONF15/gsolv.
2025-04-11 11:50:09,045 -   censo.qm_processor   -   INFO   - worker3317137:Running gsolv calculation in /srv/scratch/z5358697/.automated/5969/1_SCREENING/CONF25/gsolv.
2025-04-11 11:50:09,053 -   censo.qm_processor   -   INFO   - worker3317120:Running gsolv calculation in /srv/scratch/z5358697/.automated/5969/1_SCREENING/CONF8/gsolv.
2025-04-11 11:50:09,080 -   censo.qm_processor   -   INFO   - worker3317123:Running gsolv calculation in /srv/scratch/z5358697/.automated/5969/1_SCREENING/CONF4/gsolv.
2025-04-11 11:50:09,088 -   censo.qm_processor   -   INFO   - worker3317116:Running gsolv calculation in /srv/scratch/z5358697/.automated/5969/1_SCREENING/CONF6/gsolv.
2025-04-11 11:50:09,096 -   censo.qm_processor   -   INFO   - worker3317132:Running gsolv calculation in /srv/scratch/z5358697/.automated/5969/1_SCREENING/CONF13/gsolv.
2025-04-11 11:50:09,111 -   censo.qm_processor   -   INFO   - worker3317128:Running gsolv calculation in /srv/scratch/z5358697/.automated/5969/1_SCREENING/CONF19/gsolv.
2025-04-11 11:50:09,277 -   censo.qm_processor   -   INFO   - worker3317121:Running gsolv calculation in /srv/scratch/z5358697/.automated/5969/1_SCREENING/CONF5/gsolv.
2025-04-11 11:50:09,287 -   censo.qm_processor   -   INFO   - worker3317140:Running gsolv calculation in /srv/scratch/z5358697/.automated/5969/1_SCREENING/CONF28/gsolv.
2025-04-11 11:50:09,292 -   censo.qm_processor   -   INFO   - worker3317130:Running gsolv calculation in /srv/scratch/z5358697/.automated/5969/1_SCREENING/CONF10/gsolv.
2025-04-11 11:50:10,002 -   censo.qm_processor   -   INFO   - worker3317113:Running gsolv calculation in /srv/scratch/z5358697/.automated/5969/1_SCREENING/CONF3/gsolv.
2025-04-11 11:51:00,692 -   censo.qm_processor   -   INFO   - worker3317108:Running gsolv calculation in /srv/scratch/z5358697/.automated/5969/1_SCREENING/CONF22/gsolv.
2025-04-11 11:51:01,535 -   censo.qm_processor   -   INFO   - worker3317128:Running gsolv calculation in /srv/scratch/z5358697/.automated/5969/1_SCREENING/CONF24/gsolv.
2025-04-11 11:51:02,783 -   censo.qm_processor   -   INFO   - worker3317142:Running gsolv calculation in /srv/scratch/z5358697/.automated/5969/1_SCREENING/CONF26/gsolv.
2025-04-11 11:51:04,329 -   censo.qm_processor   -   INFO   - worker3317125:Running gsolv calculation in /srv/scratch/z5358697/.automated/5969/1_SCREENING/CONF30/gsolv.
2025-04-11 11:51:04,791 -   censo.qm_processor   -   INFO   - worker3317137:Running gsolv calculation in /srv/scratch/z5358697/.automated/5969/1_SCREENING/CONF21/gsolv.
2025-04-11 11:51:04,809 -   censo.qm_processor   -   INFO   - worker3317107:Running gsolv calculation in /srv/scratch/z5358697/.automated/5969/1_SCREENING/CONF14/gsolv.
2025-04-11 11:51:05,083 -   censo.qm_processor   -   INFO   - worker3317116:Running gsolv calculation in /srv/scratch/z5358697/.automated/5969/1_SCREENING/CONF20/gsolv.
2025-04-11 11:51:05,100 -   censo.qm_processor   -   INFO   - worker3317140:Running gsolv calculation in /srv/scratch/z5358697/.automated/5969/1_SCREENING/CONF16/gsolv.
2025-04-11 11:51:05,132 -   censo.qm_processor   -   INFO   - worker3317123:Running gsolv calculation in /srv/scratch/z5358697/.automated/5969/1_SCREENING/CONF11/gsolv.
2025-04-11 11:51:05,151 -   censo.qm_processor   -   INFO   - worker3317134:Running gsolv calculation in /srv/scratch/z5358697/.automated/5969/1_SCREENING/CONF12/gsolv.
2025-04-11 11:51:05,280 -   censo.qm_processor   -   INFO   - worker3317120:Running gsolv calculation in /srv/scratch/z5358697/.automated/5969/1_SCREENING/CONF18/gsolv.
2025-04-11 11:51:05,569 -   censo.qm_processor   -   INFO   - worker3317132:Running gsolv calculation in /srv/scratch/z5358697/.automated/5969/1_SCREENING/CONF17/gsolv.
2025-04-11 11:51:05,649 -   censo.qm_processor   -   INFO   - worker3317110:Running gsolv calculation in /srv/scratch/z5358697/.automated/5969/1_SCREENING/CONF29/gsolv.
2025-04-11 11:51:05,741 -   censo.qm_processor   -   INFO   - worker3317130:Running gsolv calculation in /srv/scratch/z5358697/.automated/5969/1_SCREENING/CONF27/gsolv.
2025-04-11 11:51:05,765 -   censo.qm_processor   -   INFO   - worker3317121:Running gsolv calculation in /srv/scratch/z5358697/.automated/5969/1_SCREENING/CONF31/gsolv.
2025-04-11 11:51:06,143 -   censo.qm_processor   -   INFO   - worker3317113:Running gsolv calculation in /srv/scratch/z5358697/.automated/5969/1_SCREENING/CONF32/gsolv.
2025-04-11 11:52:04,731 -     censo.parallel     -   INFO   - All jobs executed successfully.
2025-04-11 11:52:04,825 -   censo.qm_processor   -   INFO   - worker3318179:Running xtb_opt calculation in /srv/scratch/z5358697/.automated/5969/2_OPTIMIZATION/CONF9/xtb_opt.
2025-04-11 11:52:04,844 -   censo.qm_processor   -   INFO   - worker3318187:Running xtb_opt calculation in /srv/scratch/z5358697/.automated/5969/2_OPTIMIZATION/CONF6/xtb_opt.
2025-04-11 11:52:04,847 -   censo.qm_processor   -   INFO   - worker3318180:Running xtb_opt calculation in /srv/scratch/z5358697/.automated/5969/2_OPTIMIZATION/CONF7/xtb_opt.
2025-04-11 11:52:04,858 -   censo.qm_processor   -   INFO   - worker3318182:Running xtb_opt calculation in /srv/scratch/z5358697/.automated/5969/2_OPTIMIZATION/CONF2/xtb_opt.
2025-04-11 11:52:04,871 -   censo.qm_processor   -   INFO   - worker3318190:Running xtb_opt calculation in /srv/scratch/z5358697/.automated/5969/2_OPTIMIZATION/CONF8/xtb_opt.
2025-04-11 11:52:04,916 -   censo.qm_processor   -   INFO   - worker3318189:Running xtb_opt calculation in /srv/scratch/z5358697/.automated/5969/2_OPTIMIZATION/CONF5/xtb_opt.
2025-04-11 11:52:04,924 -   censo.qm_processor   -   INFO   - worker3318184:Running xtb_opt calculation in /srv/scratch/z5358697/.automated/5969/2_OPTIMIZATION/CONF3/xtb_opt.
2025-04-11 11:52:04,954 -   censo.qm_processor   -   INFO   - worker3318193:Running xtb_opt calculation in /srv/scratch/z5358697/.automated/5969/2_OPTIMIZATION/CONF13/xtb_opt.
2025-04-11 11:52:04,961 -   censo.qm_processor   -   INFO   - worker3318196:Running xtb_opt calculation in /srv/scratch/z5358697/.automated/5969/2_OPTIMIZATION/CONF10/xtb_opt.
2025-04-11 11:52:04,980 -   censo.qm_processor   -   INFO   - worker3318201:Running xtb_opt calculation in /srv/scratch/z5358697/.automated/5969/2_OPTIMIZATION/CONF15/xtb_opt.
2025-04-11 11:52:05,060 -   censo.qm_processor   -   INFO   - worker3318203:Running xtb_opt calculation in /srv/scratch/z5358697/.automated/5969/2_OPTIMIZATION/CONF4/xtb_opt.
2025-04-11 11:52:05,065 -   censo.qm_processor   -   INFO   - worker3318213:Running xtb_opt calculation in /srv/scratch/z5358697/.automated/5969/2_OPTIMIZATION/CONF26/xtb_opt.
2025-04-11 11:52:05,078 -   censo.qm_processor   -   INFO   - worker3318209:Running xtb_opt calculation in /srv/scratch/z5358697/.automated/5969/2_OPTIMIZATION/CONF28/xtb_opt.
2025-04-11 11:52:05,135 -   censo.qm_processor   -   INFO   - worker3318216:Running xtb_opt calculation in /srv/scratch/z5358697/.automated/5969/2_OPTIMIZATION/CONF1/xtb_opt.
2025-04-11 11:52:05,151 -   censo.qm_processor   -   INFO   - worker3318198:Running xtb_opt calculation in /srv/scratch/z5358697/.automated/5969/2_OPTIMIZATION/CONF23/xtb_opt.
2025-04-11 11:52:05,165 -   censo.qm_processor   -   INFO   - worker3318206:Running xtb_opt calculation in /srv/scratch/z5358697/.automated/5969/2_OPTIMIZATION/CONF25/xtb_opt.
2025-04-11 11:54:46,380 -   censo.qm_processor   -   INFO   - worker3318179:Running xtb_opt calculation in /srv/scratch/z5358697/.automated/5969/2_OPTIMIZATION/CONF24/xtb_opt.
2025-04-11 11:55:40,190 -   censo.qm_processor   -   INFO   - worker3318180:Running xtb_opt calculation in /srv/scratch/z5358697/.automated/5969/2_OPTIMIZATION/CONF19/xtb_opt.
2025-04-11 11:55:40,669 -   censo.qm_processor   -   INFO   - worker3318213:Running xtb_opt calculation in /srv/scratch/z5358697/.automated/5969/2_OPTIMIZATION/CONF14/xtb_opt.
2025-04-11 11:56:09,413 -   censo.qm_processor   -   INFO   - worker3318209:Running xtb_opt calculation in /srv/scratch/z5358697/.automated/5969/2_OPTIMIZATION/CONF12/xtb_opt.
2025-04-11 11:56:22,615 -   censo.qm_processor   -   INFO   - worker3318182:Running xtb_opt calculation in /srv/scratch/z5358697/.automated/5969/2_OPTIMIZATION/CONF22/xtb_opt.
2025-04-11 11:56:25,407 -   censo.qm_processor   -   INFO   - worker3318184:Running xtb_opt calculation in /srv/scratch/z5358697/.automated/5969/2_OPTIMIZATION/CONF18/xtb_opt.
2025-04-11 11:56:31,106 -   censo.qm_processor   -   INFO   - worker3318198:Running xtb_opt calculation in /srv/scratch/z5358697/.automated/5969/2_OPTIMIZATION/CONF11/xtb_opt.
2025-04-11 11:56:38,520 -   censo.qm_processor   -   INFO   - worker3318201:Running xtb_opt calculation in /srv/scratch/z5358697/.automated/5969/2_OPTIMIZATION/CONF30/xtb_opt.
2025-04-11 11:56:48,768 -   censo.qm_processor   -   INFO   - worker3318187:Running xtb_opt calculation in /srv/scratch/z5358697/.automated/5969/2_OPTIMIZATION/CONF20/xtb_opt.
2025-04-11 11:56:55,101 -   censo.qm_processor   -   INFO   - worker3318189:Running xtb_opt calculation in /srv/scratch/z5358697/.automated/5969/2_OPTIMIZATION/CONF16/xtb_opt.
2025-04-11 11:56:57,074 -   censo.qm_processor   -   INFO   - worker3318193:Running xtb_opt calculation in /srv/scratch/z5358697/.automated/5969/2_OPTIMIZATION/CONF17/xtb_opt.
2025-04-11 11:56:57,158 -   censo.qm_processor   -   INFO   - worker3318190:Running xtb_opt calculation in /srv/scratch/z5358697/.automated/5969/2_OPTIMIZATION/CONF21/xtb_opt.
2025-04-11 11:57:00,752 -   censo.qm_processor   -   INFO   - worker3318196:Running xtb_opt calculation in /srv/scratch/z5358697/.automated/5969/2_OPTIMIZATION/CONF27/xtb_opt.
2025-04-11 11:57:04,345 -   censo.qm_processor   -   INFO   - worker3318206:Running xtb_opt calculation in /srv/scratch/z5358697/.automated/5969/2_OPTIMIZATION/CONF29/xtb_opt.
2025-04-11 11:57:08,570 -   censo.qm_processor   -   INFO   - worker3318216:Running xtb_opt calculation in /srv/scratch/z5358697/.automated/5969/2_OPTIMIZATION/CONF32/xtb_opt.
2025-04-11 11:57:19,678 -   censo.qm_processor   -   INFO   - worker3318203:Running xtb_opt calculation in /srv/scratch/z5358697/.automated/5969/2_OPTIMIZATION/CONF31/xtb_opt.
2025-04-11 12:02:12,072 -     censo.parallel     -   INFO   - All jobs executed successfully.
2025-04-11 12:02:12,107 -   censo.qm_processor   -   INFO   - worker3325392:Running xtb_rrho calculation in /srv/scratch/z5358697/.automated/5969/2_OPTIMIZATION/CONF7/xtb_rrho.
2025-04-11 12:02:12,110 -   censo.qm_processor   -   INFO   - worker3325394:Running xtb_rrho calculation in /srv/scratch/z5358697/.automated/5969/2_OPTIMIZATION/CONF2/xtb_rrho.
2025-04-11 12:02:12,116 -   censo.qm_processor   -   INFO   - worker3325420:Running xtb_rrho calculation in /srv/scratch/z5358697/.automated/5969/2_OPTIMIZATION/CONF26/xtb_rrho.
2025-04-11 12:02:12,118 -   censo.qm_processor   -   INFO   - worker3325423:Running xtb_rrho calculation in /srv/scratch/z5358697/.automated/5969/2_OPTIMIZATION/CONF25/xtb_rrho.
2025-04-11 12:02:12,121 -   censo.qm_processor   -   INFO   - worker3325426:Running xtb_rrho calculation in /srv/scratch/z5358697/.automated/5969/2_OPTIMIZATION/CONF1/xtb_rrho.
2025-04-11 12:02:12,121 -   censo.qm_processor   -   INFO   - worker3325397:Running xtb_rrho calculation in /srv/scratch/z5358697/.automated/5969/2_OPTIMIZATION/CONF3/xtb_rrho.
2025-04-11 12:02:12,129 -   censo.qm_processor   -   INFO   - worker3325391:Running xtb_rrho calculation in /srv/scratch/z5358697/.automated/5969/2_OPTIMIZATION/CONF9/xtb_rrho.
2025-04-11 12:02:12,130 -   censo.qm_processor   -   INFO   - worker3325393:Running xtb_rrho calculation in /srv/scratch/z5358697/.automated/5969/2_OPTIMIZATION/CONF6/xtb_rrho.
2025-04-11 12:02:12,138 -   censo.qm_processor   -   INFO   - worker3325400:Running xtb_rrho calculation in /srv/scratch/z5358697/.automated/5969/2_OPTIMIZATION/CONF8/xtb_rrho.
2025-04-11 12:02:12,147 -   censo.qm_processor   -   INFO   - worker3325407:Running xtb_rrho calculation in /srv/scratch/z5358697/.automated/5969/2_OPTIMIZATION/CONF5/xtb_rrho.
2025-04-11 12:02:12,156 -   censo.qm_processor   -   INFO   - worker3325402:Running xtb_rrho calculation in /srv/scratch/z5358697/.automated/5969/2_OPTIMIZATION/CONF10/xtb_rrho.
2025-04-11 12:02:12,170 -   censo.qm_processor   -   INFO   - worker3325404:Running xtb_rrho calculation in /srv/scratch/z5358697/.automated/5969/2_OPTIMIZATION/CONF13/xtb_rrho.
2025-04-11 12:02:12,177 -   censo.qm_processor   -   INFO   - worker3325417:Running xtb_rrho calculation in /srv/scratch/z5358697/.automated/5969/2_OPTIMIZATION/CONF15/xtb_rrho.
2025-04-11 12:02:12,190 -   censo.qm_processor   -   INFO   - worker3325412:Running xtb_rrho calculation in /srv/scratch/z5358697/.automated/5969/2_OPTIMIZATION/CONF28/xtb_rrho.
2025-04-11 12:02:12,196 -   censo.qm_processor   -   INFO   - worker3325410:Running xtb_rrho calculation in /srv/scratch/z5358697/.automated/5969/2_OPTIMIZATION/CONF23/xtb_rrho.
2025-04-11 12:02:12,202 -   censo.qm_processor   -   INFO   - worker3325415:Running xtb_rrho calculation in /srv/scratch/z5358697/.automated/5969/2_OPTIMIZATION/CONF4/xtb_rrho.
2025-04-11 12:02:13,305 -   censo.qm_processor   -   INFO   - worker3325394:Running xtb_rrho calculation in /srv/scratch/z5358697/.automated/5969/2_OPTIMIZATION/CONF24/xtb_rrho.
2025-04-11 12:02:13,310 -   censo.qm_processor   -   INFO   - worker3325397:Running xtb_rrho calculation in /srv/scratch/z5358697/.automated/5969/2_OPTIMIZATION/CONF19/xtb_rrho.
2025-04-11 12:02:13,321 -   censo.qm_processor   -   INFO   - worker3325393:Running xtb_rrho calculation in /srv/scratch/z5358697/.automated/5969/2_OPTIMIZATION/CONF12/xtb_rrho.
2025-04-11 12:02:13,340 -   censo.qm_processor   -   INFO   - worker3325391:Running xtb_rrho calculation in /srv/scratch/z5358697/.automated/5969/2_OPTIMIZATION/CONF22/xtb_rrho.
2025-04-11 12:02:13,352 -   censo.qm_processor   -   INFO   - worker3325420:Running xtb_rrho calculation in /srv/scratch/z5358697/.automated/5969/2_OPTIMIZATION/CONF14/xtb_rrho.
2025-04-11 12:02:13,413 -   censo.qm_processor   -   INFO   - worker3325426:Running xtb_rrho calculation in /srv/scratch/z5358697/.automated/5969/2_OPTIMIZATION/CONF18/xtb_rrho.
2025-04-11 12:02:13,478 -   censo.qm_processor   -   INFO   - worker3325407:Running xtb_rrho calculation in /srv/scratch/z5358697/.automated/5969/2_OPTIMIZATION/CONF11/xtb_rrho.
2025-04-11 12:02:13,485 -   censo.qm_processor   -   INFO   - worker3325417:Running xtb_rrho calculation in /srv/scratch/z5358697/.automated/5969/2_OPTIMIZATION/CONF30/xtb_rrho.
2025-04-11 12:02:13,495 -   censo.qm_processor   -   INFO   - worker3325400:Running xtb_rrho calculation in /srv/scratch/z5358697/.automated/5969/2_OPTIMIZATION/CONF20/xtb_rrho.
2025-04-11 12:02:13,521 -   censo.qm_processor   -   INFO   - worker3325415:Running xtb_rrho calculation in /srv/scratch/z5358697/.automated/5969/2_OPTIMIZATION/CONF16/xtb_rrho.
2025-04-11 12:02:14,665 -   censo.qm_processor   -   INFO   - worker3325402:Running xtb_rrho calculation in /srv/scratch/z5358697/.automated/5969/2_OPTIMIZATION/CONF17/xtb_rrho.
2025-04-11 12:02:14,755 -   censo.qm_processor   -   INFO   - worker3325415:Running xtb_rrho calculation in /srv/scratch/z5358697/.automated/5969/2_OPTIMIZATION/CONF21/xtb_rrho.
2025-04-11 12:02:14,856 -   censo.qm_processor   -   INFO   - worker3325392:Running xtb_rrho calculation in /srv/scratch/z5358697/.automated/5969/2_OPTIMIZATION/CONF27/xtb_rrho.
2025-04-11 12:02:14,891 -   censo.qm_processor   -   INFO   - worker3325404:Running xtb_rrho calculation in /srv/scratch/z5358697/.automated/5969/2_OPTIMIZATION/CONF29/xtb_rrho.
2025-04-11 12:02:14,937 -   censo.qm_processor   -   INFO   - worker3325412:Running xtb_rrho calculation in /srv/scratch/z5358697/.automated/5969/2_OPTIMIZATION/CONF32/xtb_rrho.
2025-04-11 12:02:15,165 -   censo.qm_processor   -   INFO   - worker3325410:Running xtb_rrho calculation in /srv/scratch/z5358697/.automated/5969/2_OPTIMIZATION/CONF31/xtb_rrho.
2025-04-11 12:02:18,350 -     censo.parallel     -   INFO   - All jobs executed successfully.
2025-04-11 12:02:18,351 -censo.ensembleopt.optimization-   INFO   - Threshold: 2.53 kcal/mol
2025-04-11 12:02:18,384 -   censo.qm_processor   -   INFO   - worker3325522:Running xtb_opt calculation in /srv/scratch/z5358697/.automated/5969/2_OPTIMIZATION/CONF5/xtb_opt.
2025-04-11 12:02:18,387 -   censo.qm_processor   -   INFO   - worker3325524:Running xtb_opt calculation in /srv/scratch/z5358697/.automated/5969/2_OPTIMIZATION/CONF10/xtb_opt.
2025-04-11 12:02:18,388 -   censo.qm_processor   -   INFO   - worker3325523:Running xtb_opt calculation in /srv/scratch/z5358697/.automated/5969/2_OPTIMIZATION/CONF13/xtb_opt.
2025-04-11 12:02:18,388 -   censo.qm_processor   -   INFO   - worker3325527:Running xtb_opt calculation in /srv/scratch/z5358697/.automated/5969/2_OPTIMIZATION/CONF4/xtb_opt.
2025-04-11 12:02:18,388 -   censo.qm_processor   -   INFO   - worker3325532:Running xtb_opt calculation in /srv/scratch/z5358697/.automated/5969/2_OPTIMIZATION/CONF25/xtb_opt.
2025-04-11 12:02:18,389 -   censo.qm_processor   -   INFO   - worker3325530:Running xtb_opt calculation in /srv/scratch/z5358697/.automated/5969/2_OPTIMIZATION/CONF1/xtb_opt.
2025-04-11 12:02:18,389 -   censo.qm_processor   -   INFO   - worker3325535:Running xtb_opt calculation in /srv/scratch/z5358697/.automated/5969/2_OPTIMIZATION/CONF24/xtb_opt.
2025-04-11 12:02:18,390 -   censo.qm_processor   -   INFO   - worker3325536:Running xtb_opt calculation in /srv/scratch/z5358697/.automated/5969/2_OPTIMIZATION/CONF19/xtb_opt.
2025-04-11 12:02:18,391 -   censo.qm_processor   -   INFO   - worker3325543:Running xtb_opt calculation in /srv/scratch/z5358697/.automated/5969/2_OPTIMIZATION/CONF14/xtb_opt.
2025-04-11 12:02:18,391 -   censo.qm_processor   -   INFO   - worker3325540:Running xtb_opt calculation in /srv/scratch/z5358697/.automated/5969/2_OPTIMIZATION/CONF12/xtb_opt.
2025-04-11 12:02:18,392 -   censo.qm_processor   -   INFO   - worker3325549:Running xtb_opt calculation in /srv/scratch/z5358697/.automated/5969/2_OPTIMIZATION/CONF22/xtb_opt.
2025-04-11 12:02:18,393 -   censo.qm_processor   -   INFO   - worker3325545:Running xtb_opt calculation in /srv/scratch/z5358697/.automated/5969/2_OPTIMIZATION/CONF18/xtb_opt.
2025-04-11 12:02:18,394 -   censo.qm_processor   -   INFO   - worker3325558:Running xtb_opt calculation in /srv/scratch/z5358697/.automated/5969/2_OPTIMIZATION/CONF11/xtb_opt.
2025-04-11 12:02:18,394 -   censo.qm_processor   -   INFO   - worker3325551:Running xtb_opt calculation in /srv/scratch/z5358697/.automated/5969/2_OPTIMIZATION/CONF30/xtb_opt.
2025-04-11 12:02:18,395 -   censo.qm_processor   -   INFO   - worker3325560:Running xtb_opt calculation in /srv/scratch/z5358697/.automated/5969/2_OPTIMIZATION/CONF20/xtb_opt.
2025-04-11 12:02:18,396 -   censo.qm_processor   -   INFO   - worker3325553:Running xtb_opt calculation in /srv/scratch/z5358697/.automated/5969/2_OPTIMIZATION/CONF16/xtb_opt.
2025-04-11 12:04:00,709 -   censo.qm_processor   -   INFO   - worker3325524:Running xtb_opt calculation in /srv/scratch/z5358697/.automated/5969/2_OPTIMIZATION/CONF17/xtb_opt.
2025-04-11 12:04:09,552 -   censo.qm_processor   -   INFO   - worker3325522:Running xtb_opt calculation in /srv/scratch/z5358697/.automated/5969/2_OPTIMIZATION/CONF21/xtb_opt.
2025-04-11 12:04:18,195 -   censo.qm_processor   -   INFO   - worker3325523:Running xtb_opt calculation in /srv/scratch/z5358697/.automated/5969/2_OPTIMIZATION/CONF27/xtb_opt.
2025-04-11 12:05:42,993 -   censo.qm_processor   -   INFO   - worker3325527:Running xtb_opt calculation in /srv/scratch/z5358697/.automated/5969/2_OPTIMIZATION/CONF29/xtb_opt.
2025-04-11 12:06:07,892 -   censo.qm_processor   -   INFO   - worker3325535:Running xtb_opt calculation in /srv/scratch/z5358697/.automated/5969/2_OPTIMIZATION/CONF32/xtb_opt.
2025-04-11 12:06:43,077 -   censo.qm_processor   -   INFO   - worker3325532:Running xtb_opt calculation in /srv/scratch/z5358697/.automated/5969/2_OPTIMIZATION/CONF31/xtb_opt.
2025-04-11 12:11:08,556 -     censo.parallel     -   INFO   - All jobs executed successfully.
2025-04-11 12:11:08,557 -censo.ensembleopt.optimization-   INFO   - Threshold: 2.20 kcal/mol
2025-04-11 12:11:08,591 -   censo.qm_processor   -   INFO   - worker3330738:Running xtb_opt calculation in /srv/scratch/z5358697/.automated/5969/2_OPTIMIZATION/CONF25/xtb_opt.
2025-04-11 12:11:08,593 -   censo.qm_processor   -   INFO   - worker3330739:Running xtb_opt calculation in /srv/scratch/z5358697/.automated/5969/2_OPTIMIZATION/CONF1/xtb_opt.
2025-04-11 12:11:08,594 -   censo.qm_processor   -   INFO   - worker3330740:Running xtb_opt calculation in /srv/scratch/z5358697/.automated/5969/2_OPTIMIZATION/CONF19/xtb_opt.
2025-04-11 12:11:08,595 -   censo.qm_processor   -   INFO   - worker3330744:Running xtb_opt calculation in /srv/scratch/z5358697/.automated/5969/2_OPTIMIZATION/CONF14/xtb_opt.
2025-04-11 12:11:08,597 -   censo.qm_processor   -   INFO   - worker3330746:Running xtb_opt calculation in /srv/scratch/z5358697/.automated/5969/2_OPTIMIZATION/CONF12/xtb_opt.
2025-04-11 12:11:08,597 -   censo.qm_processor   -   INFO   - worker3330749:Running xtb_opt calculation in /srv/scratch/z5358697/.automated/5969/2_OPTIMIZATION/CONF22/xtb_opt.
2025-04-11 12:11:08,598 -   censo.qm_processor   -   INFO   - worker3330756:Running xtb_opt calculation in /srv/scratch/z5358697/.automated/5969/2_OPTIMIZATION/CONF18/xtb_opt.
2025-04-11 12:11:08,599 -   censo.qm_processor   -   INFO   - worker3330753:Running xtb_opt calculation in /srv/scratch/z5358697/.automated/5969/2_OPTIMIZATION/CONF11/xtb_opt.
2025-04-11 12:11:08,600 -   censo.qm_processor   -   INFO   - worker3330765:Running xtb_opt calculation in /srv/scratch/z5358697/.automated/5969/2_OPTIMIZATION/CONF16/xtb_opt.
2025-04-11 12:11:08,600 -   censo.qm_processor   -   INFO   - worker3330758:Running xtb_opt calculation in /srv/scratch/z5358697/.automated/5969/2_OPTIMIZATION/CONF30/xtb_opt.
2025-04-11 12:11:08,601 -   censo.qm_processor   -   INFO   - worker3330762:Running xtb_opt calculation in /srv/scratch/z5358697/.automated/5969/2_OPTIMIZATION/CONF20/xtb_opt.
2025-04-11 12:11:08,601 -   censo.qm_processor   -   INFO   - worker3330767:Running xtb_opt calculation in /srv/scratch/z5358697/.automated/5969/2_OPTIMIZATION/CONF17/xtb_opt.
2025-04-11 12:11:08,602 -   censo.qm_processor   -   INFO   - worker3330774:Running xtb_opt calculation in /srv/scratch/z5358697/.automated/5969/2_OPTIMIZATION/CONF21/xtb_opt.
2025-04-11 12:11:08,602 -   censo.qm_processor   -   INFO   - worker3330771:Running xtb_opt calculation in /srv/scratch/z5358697/.automated/5969/2_OPTIMIZATION/CONF32/xtb_opt.
2025-04-11 12:11:08,603 -   censo.qm_processor   -   INFO   - worker3330769:Running xtb_opt calculation in /srv/scratch/z5358697/.automated/5969/2_OPTIMIZATION/CONF31/xtb_opt.
2025-04-11 12:16:27,794 -     censo.parallel     -   INFO   - All jobs executed successfully.
2025-04-11 12:16:27,795 -censo.ensembleopt.optimization-   INFO   - Threshold: 2.02 kcal/mol
2025-04-11 12:16:27,825 -   censo.qm_processor   -   INFO   - worker3334052:Running xtb_opt calculation in /srv/scratch/z5358697/.automated/5969/2_OPTIMIZATION/CONF25/xtb_opt.
2025-04-11 12:16:27,827 -   censo.qm_processor   -   INFO   - worker3334053:Running xtb_opt calculation in /srv/scratch/z5358697/.automated/5969/2_OPTIMIZATION/CONF1/xtb_opt.
2025-04-11 12:16:27,829 -   censo.qm_processor   -   INFO   - worker3334055:Running xtb_opt calculation in /srv/scratch/z5358697/.automated/5969/2_OPTIMIZATION/CONF14/xtb_opt.
2025-04-11 12:16:27,830 -   censo.qm_processor   -   INFO   - worker3334057:Running xtb_opt calculation in /srv/scratch/z5358697/.automated/5969/2_OPTIMIZATION/CONF12/xtb_opt.
2025-04-11 12:16:27,831 -   censo.qm_processor   -   INFO   - worker3334059:Running xtb_opt calculation in /srv/scratch/z5358697/.automated/5969/2_OPTIMIZATION/CONF22/xtb_opt.
2025-04-11 12:16:27,831 -   censo.qm_processor   -   INFO   - worker3334062:Running xtb_opt calculation in /srv/scratch/z5358697/.automated/5969/2_OPTIMIZATION/CONF18/xtb_opt.
2025-04-11 12:16:27,832 -   censo.qm_processor   -   INFO   - worker3334064:Running xtb_opt calculation in /srv/scratch/z5358697/.automated/5969/2_OPTIMIZATION/CONF11/xtb_opt.
2025-04-11 12:16:27,834 -   censo.qm_processor   -   INFO   - worker3334066:Running xtb_opt calculation in /srv/scratch/z5358697/.automated/5969/2_OPTIMIZATION/CONF30/xtb_opt.
2025-04-11 12:16:27,834 -   censo.qm_processor   -   INFO   - worker3334069:Running xtb_opt calculation in /srv/scratch/z5358697/.automated/5969/2_OPTIMIZATION/CONF21/xtb_opt.
2025-04-11 12:16:27,835 -   censo.qm_processor   -   INFO   - worker3334075:Running xtb_opt calculation in /srv/scratch/z5358697/.automated/5969/2_OPTIMIZATION/CONF32/xtb_opt.
2025-04-11 12:16:27,837 -   censo.qm_processor   -   INFO   - worker3334086:Running xtb_opt calculation in /srv/scratch/z5358697/.automated/5969/2_OPTIMIZATION/CONF31/xtb_opt.
2025-04-11 12:21:03,304 -     censo.parallel     -   INFO   - All jobs executed successfully.
2025-04-11 12:21:03,305 -censo.ensembleopt.optimization-   INFO   - Threshold: 1.88 kcal/mol
2025-04-11 12:21:03,336 -   censo.qm_processor   -   INFO   - worker3336627:Running xtb_opt calculation in /srv/scratch/z5358697/.automated/5969/2_OPTIMIZATION/CONF25/xtb_opt.
2025-04-11 12:21:03,339 -   censo.qm_processor   -   INFO   - worker3336628:Running xtb_opt calculation in /srv/scratch/z5358697/.automated/5969/2_OPTIMIZATION/CONF1/xtb_opt.
2025-04-11 12:21:03,340 -   censo.qm_processor   -   INFO   - worker3336631:Running xtb_opt calculation in /srv/scratch/z5358697/.automated/5969/2_OPTIMIZATION/CONF18/xtb_opt.
2025-04-11 12:21:03,341 -   censo.qm_processor   -   INFO   - worker3336629:Running xtb_opt calculation in /srv/scratch/z5358697/.automated/5969/2_OPTIMIZATION/CONF11/xtb_opt.
2025-04-11 12:21:03,342 -   censo.qm_processor   -   INFO   - worker3336637:Running xtb_opt calculation in /srv/scratch/z5358697/.automated/5969/2_OPTIMIZATION/CONF21/xtb_opt.
2025-04-11 12:21:03,342 -   censo.qm_processor   -   INFO   - worker3336639:Running xtb_opt calculation in /srv/scratch/z5358697/.automated/5969/2_OPTIMIZATION/CONF32/xtb_opt.
2025-04-11 12:21:03,342 -   censo.qm_processor   -   INFO   - worker3336633:Running xtb_opt calculation in /srv/scratch/z5358697/.automated/5969/2_OPTIMIZATION/CONF30/xtb_opt.
2025-04-11 12:21:03,343 -   censo.qm_processor   -   INFO   - worker3336642:Running xtb_opt calculation in /srv/scratch/z5358697/.automated/5969/2_OPTIMIZATION/CONF31/xtb_opt.
2025-04-11 12:25:47,996 -     censo.parallel     -   INFO   - All jobs executed successfully.
2025-04-11 12:25:47,997 -censo.ensembleopt.optimization-   INFO   - Threshold: 1.78 kcal/mol
2025-04-11 12:25:48,031 -   censo.qm_processor   -   INFO   - worker3339131:Running xtb_opt calculation in /srv/scratch/z5358697/.automated/5969/2_OPTIMIZATION/CONF25/xtb_opt.
2025-04-11 12:25:48,032 -   censo.qm_processor   -   INFO   - worker3339132:Running xtb_opt calculation in /srv/scratch/z5358697/.automated/5969/2_OPTIMIZATION/CONF11/xtb_opt.
2025-04-11 12:25:48,034 -   censo.qm_processor   -   INFO   - worker3339137:Running xtb_opt calculation in /srv/scratch/z5358697/.automated/5969/2_OPTIMIZATION/CONF21/xtb_opt.
2025-04-11 12:25:48,035 -   censo.qm_processor   -   INFO   - worker3339134:Running xtb_opt calculation in /srv/scratch/z5358697/.automated/5969/2_OPTIMIZATION/CONF30/xtb_opt.
2025-04-11 12:25:48,035 -   censo.qm_processor   -   INFO   - worker3339140:Running xtb_opt calculation in /srv/scratch/z5358697/.automated/5969/2_OPTIMIZATION/CONF32/xtb_opt.
2025-04-11 12:25:48,036 -   censo.qm_processor   -   INFO   - worker3339143:Running xtb_opt calculation in /srv/scratch/z5358697/.automated/5969/2_OPTIMIZATION/CONF31/xtb_opt.
2025-04-11 12:30:08,918 -     censo.parallel     -   INFO   - All jobs executed successfully.
2025-04-11 12:30:08,920 -censo.ensembleopt.optimization-   INFO   - Threshold: 1.59 kcal/mol
2025-04-11 12:30:08,951 -   censo.qm_processor   -   INFO   - worker3340945:Running xtb_opt calculation in /srv/scratch/z5358697/.automated/5969/2_OPTIMIZATION/CONF21/xtb_opt.
2025-04-11 12:30:08,952 -   censo.qm_processor   -   INFO   - worker3340944:Running xtb_opt calculation in /srv/scratch/z5358697/.automated/5969/2_OPTIMIZATION/CONF32/xtb_opt.
2025-04-11 12:34:12,591 -     censo.parallel     -   INFO   - All jobs executed successfully.
2025-04-11 12:34:12,592 -censo.ensembleopt.optimization-   INFO   - Threshold: 1.59 kcal/mol
2025-04-11 12:34:12,627 -   censo.qm_processor   -   INFO   - worker3342452:Running xtb_opt calculation in /srv/scratch/z5358697/.automated/5969/2_OPTIMIZATION/CONF21/xtb_opt.
2025-04-11 12:34:12,629 -   censo.qm_processor   -   INFO   - worker3342454:Running xtb_opt calculation in /srv/scratch/z5358697/.automated/5969/2_OPTIMIZATION/CONF32/xtb_opt.
2025-04-11 12:38:12,901 -     censo.parallel     -   INFO   - All jobs executed successfully.
2025-04-11 12:38:12,902 -censo.ensembleopt.optimization-   INFO   - Threshold: 1.55 kcal/mol
2025-04-11 12:38:12,933 -   censo.qm_processor   -   INFO   - worker3343844:Running xtb_opt calculation in /srv/scratch/z5358697/.automated/5969/2_OPTIMIZATION/CONF32/xtb_opt.
2025-04-11 12:39:42,797 -     censo.parallel     -   INFO   - All jobs executed successfully.
2025-04-11 12:39:42,798 -censo.ensembleopt.optimization-   INFO   - Threshold: 1.50 kcal/mol
2025-04-11 12:39:42,834 -   censo.qm_processor   -   INFO   - worker3344533:Running xtb_rrho calculation in /srv/scratch/z5358697/.automated/5969/2_OPTIMIZATION/CONF9/xtb_rrho.
2025-04-11 12:39:42,841 -   censo.qm_processor   -   INFO   - worker3344539:Running xtb_rrho calculation in /srv/scratch/z5358697/.automated/5969/2_OPTIMIZATION/CONF8/xtb_rrho.
2025-04-11 12:39:42,842 -   censo.qm_processor   -   INFO   - worker3344549:Running xtb_rrho calculation in /srv/scratch/z5358697/.automated/5969/2_OPTIMIZATION/CONF13/xtb_rrho.
2025-04-11 12:39:42,844 -   censo.qm_processor   -   INFO   - worker3344552:Running xtb_rrho calculation in /srv/scratch/z5358697/.automated/5969/2_OPTIMIZATION/CONF15/xtb_rrho.
2025-04-11 12:39:42,845 -   censo.qm_processor   -   INFO   - worker3344554:Running xtb_rrho calculation in /srv/scratch/z5358697/.automated/5969/2_OPTIMIZATION/CONF25/xtb_rrho.
2025-04-11 12:39:42,845 -   censo.qm_processor   -   INFO   - worker3344556:Running xtb_rrho calculation in /srv/scratch/z5358697/.automated/5969/2_OPTIMIZATION/CONF4/xtb_rrho.
2025-04-11 12:39:42,847 -   censo.qm_processor   -   INFO   - worker3344565:Running xtb_rrho calculation in /srv/scratch/z5358697/.automated/5969/2_OPTIMIZATION/CONF1/xtb_rrho.
2025-04-11 12:39:42,858 -   censo.qm_processor   -   INFO   - worker3344546:Running xtb_rrho calculation in /srv/scratch/z5358697/.automated/5969/2_OPTIMIZATION/CONF23/xtb_rrho.
2025-04-11 12:39:42,858 -   censo.qm_processor   -   INFO   - worker3344541:Running xtb_rrho calculation in /srv/scratch/z5358697/.automated/5969/2_OPTIMIZATION/CONF6/xtb_rrho.
2025-04-11 12:39:42,858 -   censo.qm_processor   -   INFO   - worker3344534:Running xtb_rrho calculation in /srv/scratch/z5358697/.automated/5969/2_OPTIMIZATION/CONF7/xtb_rrho.
2025-04-11 12:39:42,861 -   censo.qm_processor   -   INFO   - worker3344560:Running xtb_rrho calculation in /srv/scratch/z5358697/.automated/5969/2_OPTIMIZATION/CONF19/xtb_rrho.
2025-04-11 12:39:42,863 -   censo.qm_processor   -   INFO   - worker3344568:Running xtb_rrho calculation in /srv/scratch/z5358697/.automated/5969/2_OPTIMIZATION/CONF24/xtb_rrho.
2025-04-11 12:39:42,865 -   censo.qm_processor   -   INFO   - worker3344536:Running xtb_rrho calculation in /srv/scratch/z5358697/.automated/5969/2_OPTIMIZATION/CONF3/xtb_rrho.
2025-04-11 12:39:42,874 -   censo.qm_processor   -   INFO   - worker3344563:Running xtb_rrho calculation in /srv/scratch/z5358697/.automated/5969/2_OPTIMIZATION/CONF28/xtb_rrho.
2025-04-11 12:39:42,964 -   censo.qm_processor   -   INFO   - worker3344538:Running xtb_rrho calculation in /srv/scratch/z5358697/.automated/5969/2_OPTIMIZATION/CONF2/xtb_rrho.
2025-04-11 12:39:43,002 -   censo.qm_processor   -   INFO   - worker3344544:Running xtb_rrho calculation in /srv/scratch/z5358697/.automated/5969/2_OPTIMIZATION/CONF5/xtb_rrho.
2025-04-11 12:39:43,923 -   censo.qm_processor   -   INFO   - worker3344533:Running xtb_rrho calculation in /srv/scratch/z5358697/.automated/5969/2_OPTIMIZATION/CONF22/xtb_rrho.
2025-04-11 12:39:43,928 -   censo.qm_processor   -   INFO   - worker3344554:Running xtb_rrho calculation in /srv/scratch/z5358697/.automated/5969/2_OPTIMIZATION/CONF18/xtb_rrho.
2025-04-11 12:39:43,967 -   censo.qm_processor   -   INFO   - worker3344536:Running xtb_rrho calculation in /srv/scratch/z5358697/.automated/5969/2_OPTIMIZATION/CONF11/xtb_rrho.
2025-04-11 12:39:43,969 -   censo.qm_processor   -   INFO   - worker3344541:Running xtb_rrho calculation in /srv/scratch/z5358697/.automated/5969/2_OPTIMIZATION/CONF30/xtb_rrho.
2025-04-11 12:39:43,986 -   censo.qm_processor   -   INFO   - worker3344549:Running xtb_rrho calculation in /srv/scratch/z5358697/.automated/5969/2_OPTIMIZATION/CONF20/xtb_rrho.
2025-04-11 12:39:43,992 -   censo.qm_processor   -   INFO   - worker3344552:Running xtb_rrho calculation in /srv/scratch/z5358697/.automated/5969/2_OPTIMIZATION/CONF16/xtb_rrho.
2025-04-11 12:39:44,074 -   censo.qm_processor   -   INFO   - worker3344565:Running xtb_rrho calculation in /srv/scratch/z5358697/.automated/5969/2_OPTIMIZATION/CONF21/xtb_rrho.
2025-04-11 12:39:44,080 -   censo.qm_processor   -   INFO   - worker3344538:Running xtb_rrho calculation in /srv/scratch/z5358697/.automated/5969/2_OPTIMIZATION/CONF31/xtb_rrho.
2025-04-11 12:39:44,094 -   censo.qm_processor   -   INFO   - worker3344539:Running xtb_rrho calculation in /srv/scratch/z5358697/.automated/5969/2_OPTIMIZATION/CONF17/xtb_rrho.
2025-04-11 12:39:45,379 -     censo.parallel     -   INFO   - All jobs executed successfully.
