----------------------------------------------- 
  Element       SASA      Sigma Z        Total  
     Z         Ang**2 cal/Ang**2/mol   kcal/mol 
----------------------------------------------- 
      H         63.526      48.690       3.093
      C         57.660     129.740       7.481
      O         47.556       0.000       0.000
      Cl        70.267       9.820       0.690

 Subtotal:     239.009                  11.264
 -----------------------------------------------

  Elements    COT*SASA   Sigma Z,Z'     Total   
    Z,Z'       Ang**2  cal/Ang**2/mol kcal/mol  
 ---------------------------------------------- 
  H   C         38.630     -60.770      -2.348
  H   O          4.420       0.000       0.000
  C   C         63.396     -72.950      -4.625
  O   C         20.652      68.690       1.419
  O   O          0.000       0.000       0.000

 Subtotal:                              -5.554
 ---------------------------------------------- 

 NONAQUEOUS SOLVENT CONTRIBUTION (kcal/mol):
 (proportional to SASA, atomic number independent)
 ---------------------------------------------- 
 Subtotal:                               0.000
 ---------------------------------------------- 

 CDS TOTAL (kcal/mol):                   5.710
...............................................................................
