----------------------------------------------- 
  Element       SASA      Sigma Z        Total  
     Z         Ang**2 cal/Ang**2/mol   kcal/mol 
----------------------------------------------- 
      H         72.377      48.690       3.524
      C         28.080     129.740       3.643
      O         35.201       0.000       0.000

 Subtotal:     135.658                   7.167
 -----------------------------------------------

  Elements    COT*SASA   Sigma Z,Z'     Total   
    Z,Z'       Ang**2  cal/Ang**2/mol kcal/mol  
 ---------------------------------------------- 
  H   C         48.755     -60.770      -2.963
  H   O          0.000       0.000       0.000
  C   C          9.102     -72.950      -0.664
  O   C         20.129      68.690       1.383
  O   O          0.000       0.000       0.000

 Subtotal:                              -2.244
 ---------------------------------------------- 

 NONAQUEOUS SOLVENT CONTRIBUTION (kcal/mol):
 (proportional to SASA, atomic number independent)
 ---------------------------------------------- 
 Subtotal:                               0.000
 ---------------------------------------------- 

 CDS TOTAL (kcal/mol):                   4.923
...............................................................................
