----------------------------------------------- 
  Element       SASA      Sigma Z        Total  
     Z         Ang**2 cal/Ang**2/mol   kcal/mol 
----------------------------------------------- 
      H        119.121      48.690       5.800
      C         34.289     129.740       4.449
      O         31.041       0.000       0.000

 Subtotal:     184.450                  10.249
 -----------------------------------------------

  Elements    COT*SASA   Sigma Z,Z'     Total   
    Z,Z'       Ang**2  cal/Ang**2/mol kcal/mol  
 ---------------------------------------------- 
  H   C         80.103     -60.770      -4.868
  H   O          0.000       0.000       0.000
  C   C         23.772     -72.950      -1.734
  O   C         16.100      68.690       1.106
  O   O          0.000       0.000       0.000

 Subtotal:                              -5.496
 ---------------------------------------------- 

 NONAQUEOUS SOLVENT CONTRIBUTION (kcal/mol):
 (proportional to SASA, atomic number independent)
 ---------------------------------------------- 
 Subtotal:                               0.000
 ---------------------------------------------- 

 CDS TOTAL (kcal/mol):                   4.752
...............................................................................
