22
 energy: -39.984486142023 gnorm: 0.032477824422 xtb: 6.7.1 (edcfbbe)
C            4.98257027221256       -0.52874921172309       -1.19756619102558
C            4.53571566174966       -0.44714985044393        0.27016020604828
C            3.25334663198006        0.34288352364142        0.39156432039475
O            3.24419921791658        1.56236630180679        0.59025365540925
N            2.12035266148458       -0.40418680344683        0.21984174840325
C            0.78110784801374        0.00311512091783        0.19766474721460
C            0.34572243301876        1.30409433669392        0.47057038231418
C           -1.01065052560493        1.59868736454752        0.42586817428081
C           -1.94717049739971        0.62123180435467        0.11581131110305
C           -1.51080021066198       -0.67865167811507       -0.14860599395924
C           -0.16195721326177       -0.98662551190352       -0.10843292963918
Cl          -2.64633580302097       -1.94854044497526       -0.53542222891811
Cl          -3.64236432865406        1.03787072489625        0.06775782777927
H            5.96488388136715       -1.00404423382227       -1.25915348654410
H            5.05839675844982        0.47036079696161       -1.63742007901496
H            4.27903609091769       -1.11884981947513       -1.79197321671331
H            5.29283297571003        0.07155321585973        0.86403171411490
H            4.40362642112428       -1.45457530385470        0.67832807744418
H            2.26677195644369       -1.38781201813339        0.03066010080821
H            1.04763028150119        2.08435669772534        0.71992603130623
H           -1.34533445431877        2.60750782952870        0.63824372258174
H            0.16367279972261       -2.00051477511487       -0.31442692171244
22
 energy: -39.985625731179 gnorm: 0.010879679844 xtb: 6.7.1 (edcfbbe)
C            4.97490345899165       -0.52689156705686       -1.19019234783485
C            4.52839146188501       -0.44091710210562        0.27232157471698
C            3.24430816038883        0.34956734377904        0.38224626106597
O            3.22980750957865        1.55626750490101        0.58793558068752
N            2.12066880587655       -0.40194204003971        0.21268102339593
C            0.78421282752441       -0.00500605059789        0.19665420112081
C            0.35412051837107        1.29247996408727        0.46836358373284
C           -0.99642381708485        1.59324933681108        0.42629498539077
C           -1.93285819827745        0.61934802485782        0.11857208938971
C           -1.50580870054618       -0.67592216991320       -0.14640742884080
C           -0.16157158777762       -0.98835208161580       -0.10795135138517
Cl          -2.65750643184442       -1.92409239262854       -0.53069209855659
Cl          -3.62587181937139        1.02241318031337        0.06793443724013
H            5.95148553101295       -1.00275785407556       -1.25075445909472
H            5.05053903190466        0.46992075289470       -1.62111388843093
H            4.26969559780574       -1.10676908770842       -1.78233397266114
H            5.29015628703176        0.08031750520340        0.85399332908345
H            4.39889514321278       -1.44499275593273        0.67944407341995
H            2.26945494049955       -1.38547114087825        0.02449324048020
H            1.06564236841921        2.06522915625479        0.70783163785073
H           -1.32925013038519        2.59819450749429        0.63521728673491
H            0.15226190147449       -1.99954496811848       -0.31685678582991
22
 energy: -39.985821796448 gnorm: 0.004316401939 xtb: 6.7.1 (edcfbbe)
C            4.96524983167186       -0.52385020447326       -1.18691370497676
C            4.52512625942087       -0.43607311935321        0.27698901132174
C            3.23922125024636        0.35358017807903        0.38758084046810
O            3.22160787217818        1.55638478421182        0.58948961165662
N            2.12280724027275       -0.40365182454797        0.20781865521459
C            0.78756146608450       -0.01361082512156        0.18899632854339
C            0.36105051938613        1.28396536764753        0.46115872122707
C           -0.98589611995950        1.59166740645916        0.42482302867533
C           -1.92431971350174        0.61946027918782        0.12080561309638
C           -1.50376375900086       -0.67644571097421       -0.14608812706696
C           -0.16093235752073       -0.99365111465109       -0.11236823394877
Cl          -2.66431230259009       -1.91105564266355       -0.52711096989557
Cl          -3.61422569152652        1.01949850016266        0.07297225548673
H            5.93716201506747       -1.00408632341299       -1.25036775723778
H            5.04431978681054        0.47254594560243       -1.61371779731536
H            4.25517241591736       -1.09628972736301       -1.77681683653051
H            5.28823741478932        0.09081653997332        0.84993578434476
H            4.39807760923794       -1.43638619050969        0.68912613635094
H            2.27420752003566       -1.38727187387371        0.02112956294948
H            1.08117457144924        2.04913030563987        0.69760823645572
H           -1.31615415851983        2.59512533578611        0.63429104342788
H            0.14388118874127       -2.00547401987977       -0.32166043057121
22
 energy: -39.985878953296 gnorm: 0.002744676278 xtb: 6.7.1 (edcfbbe)
C            4.95838610258437       -0.52178502642286       -1.18463828881239
C            4.52556793689513       -0.43232685952549        0.28164048857916
C            3.23761095983541        0.35593861378275        0.38904539598574
O            3.21809380632285        1.55753195168053        0.59604945175168
N            2.12503895342457       -0.40586837692405        0.20215531489475
C            0.78921776097366       -0.02019866779573        0.18471784576480
C            0.36475384651728        1.27887468916956        0.45635856602790
C           -0.98033115919176        1.59135641456956        0.42333424715091
C           -1.92089189141792        0.62006379125118        0.12153027636776
C           -1.50370311641283       -0.67763405743748       -0.14680382563873
C           -0.16096557093274       -0.99851777152169       -0.11533707160148
Cl          -2.66760706872512       -1.90642467256945       -0.52420494587292
Cl          -3.60859514135676        1.02200576713640        0.07897745752486
H            5.92668775002637       -1.00823976368640       -1.25260990618686
H            5.04147265039367        0.47511362470580       -1.60965468840213
H            4.24132455515899       -1.08831801535211       -1.77182451103303
H            5.28906253725061        0.09884880892663        0.84987799054889
H            4.40056896153366       -1.43071785488947        0.69792809502060
H            2.27865999051595       -1.38909633030954        0.01499253383146
H            1.09028728327073        2.04001587664009        0.68925486903960
H           -1.30829158565351        2.59523318902680        0.63301817413767
H            0.13890529767758       -2.01152726452930       -0.32612649740245
22
 energy: -39.985912888492 gnorm: 0.001975025954 xtb: 6.7.1 (edcfbbe)
C            4.95103066595558       -0.52054416423720       -1.18282494093395
C            4.52752849589548       -0.42815857270399        0.28638489519856
C            3.23711167480949        0.35636585151126        0.39584310720629
O            3.21603560681991        1.55738470710027        0.60962619970741
N            2.12761968453706       -0.40787108185996        0.19642330613545
C            0.79072256108636       -0.02502127141589        0.17864294004889
C            0.36765901359314        1.27559694728538        0.44988510147746
C           -0.97624348818104        1.59109302557520        0.42074023292771
C           -1.91901059029913        0.62009837417988        0.12234443824533
C           -1.50397173769942       -0.67904560011487       -0.14730271515098
C           -0.16074602589887       -1.00236847608654       -0.11944041863215
Cl          -2.66956107518423       -1.90447806099790       -0.52116609530862
Cl          -3.60509003142188        1.02509692709058        0.08609980848724
H            5.91479650986795       -1.01575332843433       -1.25832365801304
H            5.03982132601840        0.47663437841406       -1.60715776710665
H            4.22424698040998       -1.07990640851091       -1.76583131202801
H            5.29209146904874        0.10768049152311        0.84889957768873
H            4.40703885978900       -1.42508393145559        0.70756637907979
H            2.28378208225556       -1.39023904447260        0.00712721387031
H            1.09697289633757        2.03376224352400        0.68049334199359
H           -1.30205999709669        2.59588271697411        0.63071746443138
H            0.13547797804720       -2.01679765696236       -0.33106612764897
22
 energy: -39.985938430372 gnorm: 0.002641565689 xtb: 6.7.1 (edcfbbe)
C            4.94210405226552       -0.52078430872973       -1.18148443927041
C            4.53060790886646       -0.42421078709289        0.29095394490787
C            3.23793095949670        0.35552452773261        0.40462059920823
O            3.21535439711303        1.55458482212149        0.63465857694163
N            2.13067713513001       -0.40815365606255        0.18924694549116
C            0.79240201034312       -0.02702718840900        0.17299773497621
C            0.36985124992141        1.27480520074407        0.44293777236738
C           -0.97370750449205        1.59061423085550        0.41701928312852
C           -1.91794800907885        0.61916349234857        0.12249383371828
C           -1.50340309930874       -0.68030389258097       -0.14796984053902
C           -0.15941877656704       -1.00420976088978       -0.12327302583938
Cl          -2.66919888309560       -1.90561250300169       -0.51744194045740
Cl          -3.60370761342581        1.02609281493170        0.09396562813388
H            5.89950905718259       -1.02785482741622       -1.26556596142594
H            5.03968303102240        0.47576979843074       -1.60656065912311
H            4.20362870848511       -1.07114470591424       -1.75928569459246
H            5.29672496711848        0.11682848066344        0.84661650906821
H            4.41698401903208       -1.42004473987273        0.71771830897706
H            2.28963563786427       -1.38889982202219       -0.00566088759023
H            1.10058619303650        2.03227043752797        0.67086457214526
H           -1.29821922717667        2.59632123107773        0.62679625102098
H            0.13517664495724       -2.01940077851610       -0.33596653957094
22
 energy: -39.985960664579 gnorm: 0.002516350126 xtb: 6.7.1 (edcfbbe)
C            4.93644411547293       -0.52267666191792       -1.18160330769497
C            4.53216018801893       -0.42250291680990        0.29236470974524
C            3.23890823202095        0.35468620904246        0.41227784217319
O            3.21535048782212        1.55136100743399        0.65586398156726
N            2.13237874550722       -0.40626531606717        0.18545811814548
C            0.79373007085352       -0.02528959466741        0.17017033669436
C            0.37060251167658        1.27650238974440        0.43923213240255
C           -0.97348886838121        1.59034413861370        0.41458722066248
C           -1.91743170645769        0.61785113105693        0.12239627003377
C           -1.50186779429290       -0.68088402924547       -0.14807083926482
C           -0.15743333238473       -1.00326747078254       -0.12502499203207
Cl          -2.66673568963279       -1.90833506428648       -0.51562568098817
Cl          -3.60403810482726        1.02373578108749        0.09708278252650
H            5.88955413224891       -1.03704200672901       -1.26991120337593
H            5.03992012983796        0.47278576738790       -1.60782924679488
H            4.19149434207617       -1.06755383467008       -1.75612684227009
H            5.30003913015462        0.12103497228740        0.84317496806439
H            4.42306587348824       -1.41772908648564        0.72227995625846
H            2.29276648726502       -1.38562860917535       -0.01524791619408
H            1.10022006339658        2.03524725110271        0.66625390698847
H           -1.29845430233288        2.59612259427480        0.62380380548718
H            0.13806814715987       -2.01816858526911       -0.33782503045852
22
 energy: -39.985993017960 gnorm: 0.003257399925 xtb: 6.7.1 (edcfbbe)
C            4.92255315740787       -0.52838447385104       -1.18258719740107
C            4.53520499647556       -0.41882280811143        0.29496049290250
C            3.24145806125904        0.35434299628011        0.42970847160361
O            3.21525269735868        1.54394025082008        0.70854311715683
N            2.13651294703343       -0.39990978990574        0.17654557544616
C            0.79743277163779       -0.01998170331851        0.16489962719190
C            0.37216769628475        1.28113299753577        0.43200700192017
C           -0.97341033373114        1.58996625867551        0.40946916499995
C           -1.91552699050615        0.61459332041666        0.12178238123754
C           -1.49695142785622       -0.68237105859358       -0.14828837075439
C           -0.15171792934014       -1.00046743449444       -0.12808009805936
Cl          -2.65920449941891       -1.91537394399141       -0.51203123881711
Cl          -3.60440616758278        1.01583498522153        0.10173788020681
H            5.86578442262215       -1.05914432776436       -1.27903916766195
H            5.03929164273088        0.46400037130766       -1.61223516160163
H            4.16333258468526       -1.06138356986374       -1.74921901277850
H            5.30821084087427        0.12937865527599        0.83398646244605
H            4.43437904309964       -1.41203730182332        0.73232362928491
H            2.29982984983304       -1.37568008795338       -0.03987793117556
H            1.09862204407881        2.04351741854784        0.65698530970200
H           -1.30051025977540        2.59538055329521        0.61707176611382
H            0.14694771151968       -2.01420324177970       -0.34098173028690
22
 energy: -39.986004444662 gnorm: 0.002030988841 xtb: 6.7.1 (edcfbbe)
C            4.91746215119422       -0.53142250455062       -1.18345966614543
C            4.53583356119836       -0.41758294652481        0.29517952967499
C            3.24253098607575        0.35533918949362        0.43601524940208
O            3.21516955267864        1.54129649567015        0.72685198416420
N            2.13808684778594       -0.39620948906366        0.17415976193186
C            0.79912842966325       -0.01719648036098        0.16392816300067
C            0.37238044623563        1.28318094895945        0.43085774308792
C           -0.97383950022148        1.59009298586423        0.40842923530425
C           -1.91448341110467        0.61343985428929        0.12120833444223
C           -1.49432066281474       -0.68301481498885       -0.14853534808488
C           -0.14895094115869       -0.99910102525663       -0.12860153775652
Cl          -2.65521693616863       -1.91816172234210       -0.51188734027324
Cl          -3.60419656600174        1.01174837579714        0.10072624649267
H            5.85780803515367       -1.06633631167003       -1.28156389369557
H            5.03723183731830        0.45932359535220       -1.61541011977622
H            4.15461123981795       -1.06199964121295       -1.74682450930779
H            5.31144170114555        0.13114392375885        0.82973319944070
H            4.43606446904669       -1.40955732635151        0.73534051027224
H            2.30200085636633       -1.37036767320992       -0.04891335011825
H            1.09737483982899        2.04694754673381        0.65603786717604
H           -1.30249007086585        2.59497260375856        0.61559287638077
H            0.15162599351665       -2.01220751821951       -0.34118396393694
22
 energy: -39.986012626511 gnorm: 0.000720650633 xtb: 6.7.1 (edcfbbe)
C            4.91222102296291       -0.53516562638824       -1.18450203343267
C            4.53622112899732       -0.41609818498914        0.29512693954396
C            3.24379276835736        0.35787925781189        0.44138186450798
O            3.21510747551193        1.53977462384731        0.74473924958949
N            2.13990075991729       -0.39164199585464        0.17178812378548
C            0.80105535632386       -0.01440627590976        0.16354835554801
C            0.37238638347882        1.28493058976165        0.43102796527033
C           -0.97434578544437        1.59029599691472        0.40817794410754
C           -1.91314177479762        0.61237664099812        0.12029502217970
C           -1.49123398223489       -0.68381906813377       -0.14895283421691
C           -0.14582383688096       -0.99790059607846       -0.12882700535658
Cl          -2.65074024665186       -1.92052331620404       -0.51234854167027
Cl          -3.60341295092208        1.00721753269592        0.09744860340597
H            5.85070583315468       -1.07253366918460       -1.28362725244136
H            5.03283150992844        0.45373792205937       -1.61977034865278
H            4.14657371103652       -1.06549005833013       -1.74377210413251
H            5.31489699046696        0.13239839018057        0.82513634953558
H            4.43598010611327       -1.40649635707002        0.73831608347225
H            2.30412745051724       -1.36396643910723       -0.05860447445661
H            1.09620332232913        2.04969725387505        0.65692241961800
H           -1.30487182945157        2.59444853387560        0.61501797693275
H            0.15681944597773       -2.01038708884445       -0.34084133146157
22
 energy: -39.986015490166 gnorm: 0.000682760975 xtb: 6.7.1 (edcfbbe)
C            4.90804913268946       -0.53831915593303       -1.18528935528938
C            4.53676403172463       -0.41453774922632        0.29521176806653
C            3.24496145823210        0.36035430200241        0.44522634690137
O            3.21544196998136        1.53959385016724        0.75735726049264
N            2.14144149104857       -0.38822782853013        0.17012652092342
C            0.80244323173472       -0.01266328364286        0.16328622822716
C            0.37223066456353        1.28589151984956        0.43178426866700
C           -0.97474240684685        1.59039869946312        0.40841846141044
C           -1.91226178619871        0.61172908323977        0.11919631156622
C           -1.48904044798668       -0.68443072518412       -0.14975845068282
C           -0.14352425681152       -0.99722854136218       -0.12929355947159
Cl          -2.64745401030774       -1.92183206100551       -0.51310345478535
Cl          -3.60263984580568        1.00443348239120        0.09404041850834
H            5.84652460672535       -1.07552711682907       -1.28528264327334
H            5.02676988332412        0.44910358512928       -1.62437125782278
H            4.14112811353736       -1.07111728373063       -1.74049636910009
H            5.31792194750559        0.13393714779757        0.82153570842807
H            4.43599976272160       -1.40356252984955        0.74138862826974
H            2.30581794309389       -1.35913289486322       -0.06577442968043
H            1.09552095403995        2.05085776886600        0.65889846543451
H           -1.30656621126258        2.59401109695548        0.61551310328814
H            0.16046663298763       -2.00940329977929       -0.34093299840202
22
 energy: -39.986014107116 gnorm: 0.001369826523 xtb: 6.7.1 (edcfbbe)
C            4.90386498002742       -0.54148151274734       -1.18607797447885
C            4.53730981087235       -0.41297200686888        0.29529771876981
C            3.24613304700620        0.36283318700468        0.44908133623388
O            3.21577727887569        1.53941143280674        0.77000621765878
N            2.14298621934323       -0.38480693042744        0.16846121773136
C            0.80383413106425       -0.01091664006652        0.16302320696011
C            0.37207494880460        1.28685467764244        0.43254259957684
C           -0.97513956261636        1.59050113483536        0.40865967169112
C           -1.91138020164502        0.61108007184683        0.11809443750691
C           -1.48684233681162       -0.68504316645678       -0.15056780441864
C           -0.14121938439624       -0.99655442668703       -0.12976319180413
Cl          -2.64416009395931       -1.92314345751435       -0.51386249447735
Cl          -3.60186530638043        1.00164522091326        0.09062570778141
H            5.84233471786249       -1.07852278229675       -1.28694292845899
H            5.02068372814000        0.44445613774380       -1.62898680804310
H            4.13566956098825       -1.07676655918289       -1.73720845513519
H            5.32095501298634        0.13548583620077        0.81792395843070
H            4.43602706737352       -1.40061947308022        0.74447334149109
H            2.30751357728932       -1.35428911183378       -0.07296101689624
H            1.09483733899762        2.05202060843419        0.66088057504091
H           -1.30826344639671        2.59357244126751        0.61601066149342
H            0.16412177126451       -2.00841661560787       -0.34102900497808
22
 energy: -39.986017433650 gnorm: 0.000847868091 xtb: 6.7.1 (edcfbbe)
C            4.90759562913476       -0.53950295841270       -1.18545755525101
C            4.53698650647956       -0.41396161648944        0.29498131571578
C            3.24529185116918        0.36119947002194        0.44467416027113
O            3.21585927987591        1.54053013339616        0.75577906226710
N            2.14163982331726       -0.38772032773500        0.17082059002839
C            0.80245227496055       -0.01253633217591        0.16407106159776
C            0.37187512749843        1.28579839060949        0.43354700863400
C           -0.97503860518706        1.59033773940037        0.40947340870553
C           -1.91235712509096        0.61185947078578        0.11854698647587
C           -1.48884014994833       -0.68432508675715       -0.15062035096834
C           -0.14325091619373       -0.99706827394309       -0.12943612292275
Cl          -2.64681542584465       -1.92142358243326       -0.51486614294419
Cl          -3.60247076511617        1.00475765584494        0.09174377881458
H            5.84859129409189       -1.07252730171496       -1.28491616153380
H            5.02137189329665        0.44744147549865       -1.62714118824851
H            4.14287387927367       -1.07739758056246       -1.73888275952037
H            5.31845537266931        0.13486456098939        0.82050088305117
H            4.43611766310011       -1.40247930951913        0.74247766898339
H            2.30580988360048       -1.35844495167101       -0.06543451191620
H            1.09524311204230        2.05034166530344        0.66191182345533
H           -1.30706772971895        2.59379454375165        0.61728389084397
H            0.16092998527989       -2.00920971826197       -0.34137587386307
22
 energy: -39.986019134536 gnorm: 0.000522377542 xtb: 6.7.1 (edcfbbe)
C            4.90700403152213       -0.53995472403546       -1.18522378563493
C            4.53743929977615       -0.41331549780099        0.29532708715738
C            3.24512810704733        0.36059052185430        0.44478938756628
O            3.21570754299938        1.54086140941611        0.75499044342672
N            2.14160319930284       -0.38864347499182        0.17116355200702
C            0.80229101774132       -0.01300426585676        0.16395032978851
C            0.37216813845645        1.28548963184920        0.43380311186487
C           -0.97466198545374        1.59004243431517        0.40974569804405
C           -1.91242169379652        0.61192241506617        0.11857769840598
C           -1.48922665126832       -0.68398136432660       -0.15129362136426
C           -0.14349871955677       -0.99697798089347       -0.13025931762051
Cl          -2.64725494559852       -1.92080518749632       -0.51632694271548
Cl          -3.60245255398971        1.00581026326058        0.09248248439214
H            5.84977068766473       -1.07012763256697       -1.28518102908187
H            5.01729768425721        0.44683601019904       -1.62836209501225
H            4.14332367609267       -1.08108835992282       -1.73720511911066
H            5.31842783666933        0.13750936966455        0.81966927948674
H            4.43887390309080       -1.40157645536026        0.74413411209481
H            2.30617269104844       -1.35960465331657       -0.06441331807866
H            1.09566537877713        2.04983957155514        0.66234338948624
H           -1.30628415357192        2.59362534701633        0.61789088590320
H            0.16018036747970       -2.00911931170280       -0.34292125932955
22
 energy: -39.986021492964 gnorm: 0.000457727391 xtb: 6.7.1 (edcfbbe)
C            4.90581242032695       -0.54180113286465       -1.18531709227148
C            4.53794313975848       -0.41216569397829        0.29528945780667
C            3.24521280883577        0.36091943291583        0.44446236443241
O            3.21574401152055        1.54165050947037        0.75236271560009
N            2.14175677323760       -0.38873534485725        0.17259811339882
C            0.80235922391542       -0.01305472439135        0.16485320813880
C            0.37215610483837        1.28521781626329        0.43604617419867
C           -0.97459005894552        1.58982022808840        0.41119469352396
C           -1.91227946333892        0.61215417366875        0.11794994694301
C           -1.48901554024951       -0.68347007697192       -0.15296357583184
C           -0.14321205532900       -0.99656811584882       -0.13115234884746
Cl          -2.64669017867429       -1.91982057041809       -0.52015732864123
Cl          -3.60212379313766        1.00656320507440        0.09074170916643
H            5.85280126625990       -1.06467673332378       -1.28477236295837
H            5.00742481497974        0.44416930105641       -1.63267032084520
H            4.14571730546152       -1.09144610760875       -1.73396309889549
H            5.31887772002408        0.14089733106553        0.81733504737278
H            4.44118269209278       -1.39939919449627        0.74675663570100
H            2.30645369012855       -1.35970232903693       -0.06262711271606
H            1.09561874093377        2.04912514505928        0.66613665155729
H           -1.30629530009984        2.59319247524975        0.62038224487368
H            0.16039853615138       -2.00854152819019       -0.34480475003070
22
 energy: -39.986023476845 gnorm: 0.000334376277 xtb: 6.7.1 (edcfbbe)
C            4.90306962060681       -0.54451705665879       -1.18560080771145
C            4.53869012584177       -0.41019906853929        0.29546363378015
C            3.24541563165795        0.36186472923304        0.44558687146815
O            3.21520502532066        1.54198506943761        0.75559493389495
N            2.14243120925382       -0.38809772845613        0.17306989090360
C            0.80298384488768       -0.01286629848852        0.16535930871179
C            0.37243767684958        1.28500597964880        0.43788409314138
C           -0.97429528679170        1.58960982366636        0.41241355099607
C           -1.91163271331329        0.61220571771556        0.11730018798623
C           -1.48809020351827       -0.68311102107177       -0.15475481373711
C           -0.14230643576687       -0.99615204413500       -0.13235493028977
Cl          -2.64545466114877       -1.91907240510381       -0.52432259540998
Cl          -3.60149759609252        1.00646346110662        0.08905552877967
H            5.85340296325577       -1.06117976698346       -1.28520263904191
H            4.99652363635815        0.43992596727910       -1.63808428319283
H            4.14545500254194       -1.10221204252497       -1.72946799511335
H            5.32014375982496        0.14571042814285        0.81361274748683
H            4.44426453159740       -1.39590696207135        0.75065340341304
H            2.30761495442442       -1.35866200244246       -0.06336195804727
H            1.09568275831782        2.04870475983761        0.66932766374864
H           -1.30630456992858        2.59266963845245        0.62246928930227
H            0.16151358451136       -2.00784111211873       -0.34696010939332
22
 energy: -39.986024794752 gnorm: 0.000193063990 xtb: 6.7.1 (edcfbbe)
C            4.89982653075396       -0.54720645637904       -1.18592505515786
C            4.53958114628142       -0.40790202985925        0.29579821124955
C            3.24565836660210        0.36283262387063        0.44792778239834
O            3.21454826813974        1.54207978052065        0.76079532203092
N            2.14329344165367       -0.38737704982393        0.17319889957901
C            0.80378954424645       -0.01267243505398        0.16527166494871
C            0.37283924162676        1.28479348435093        0.43888252067022
C           -0.97390637518873        1.58936730884423        0.41323399903995
C           -1.91086979590933        0.61211034383895        0.11674725367677
C           -1.48700354524865       -0.68286494654891       -0.15655698481764
C           -0.14126852359320       -0.99583643271901       -0.13388295053833
Cl          -2.64421947548005       -1.91846902711005       -0.52811525192323
Cl          -3.60086734008183        1.00592368811390        0.08825543480794
H            5.85207062566411       -1.06016474907764       -1.28622302151991
H            4.98765858790347        0.43561526875051       -1.64291298167121
H            4.14298899904481       -1.11059326393838       -1.72496773022860
H            5.32182046540938        0.15095358431375        0.80960974026765
H            4.44771931230338       -1.39201014510272        0.75491256582357
H            2.30915103809913       -1.35750482140884       -0.06465383242547
H            1.09581410456819        2.04838309744299        0.67146011893244
H           -1.30616197216875        2.59212086603234        0.62416714189891
H            0.16279021406404       -2.00725062313139       -0.34934187536592
22
 energy: -39.986025487975 gnorm: 0.000107498109 xtb: 6.7.1 (edcfbbe)
C            4.89789935856266       -0.54901861800537       -1.18608104813994
C            4.54014234976015       -0.40645705192580        0.29590002119205
C            3.24590841422056        0.36360220185624        0.44874858448870
O            3.21422523329727        1.54227736339173        0.76389100333229
N            2.14384688476177       -0.38677984120503        0.17331221818573
C            0.80428202537300       -0.01237463431718        0.16542646894416
C            0.37295703240583        1.28479742748531        0.43965906699019
C           -0.97386990193308        1.58918327745585        0.41384019370579
C           -1.91051427795043        0.61193782190715        0.11648414059693
C           -1.48626031450312       -0.68274464478513       -0.15770775576578
C           -0.14053927490484       -0.99552487656482       -0.13483359228421
Cl          -2.64322133361159       -1.91831620794431       -0.53076168627880
Cl          -3.60068112895436        1.00532113627605        0.08798211197536
H            5.85074127052439       -1.06070644279726       -1.28665357911185
H            4.98332221289438        0.43265206738276       -1.64584368620197
H            4.14116078838424       -1.11508728666439       -1.72225580702795
H            5.32272788559755        0.15417243151039        0.80712867343078
H            4.44986810031996       -1.38953603744411        0.75747885775489
H            2.31009427269573       -1.35667531252473       -0.06521293964927
H            1.09558863193107        2.04852932407795        0.67284839285516
H           -1.30631423197857        2.59175224147334        0.62534560270422
H            0.16388886179753       -2.00667627271291       -0.35101427002071
22
 energy: -39.986025962033 gnorm: 0.000135000423 xtb: 6.7.1 (edcfbbe)
C            4.89693892455321       -0.55009111162033       -1.18611947800322
C            4.54042507040717       -0.40555456562307        0.29594419173585
C            3.24603471033862        0.36418135449886        0.44916608243644
O            3.21407646449228        1.54271657831440        0.76460810573934
N            2.14411801905599       -0.38641738224737        0.17361328269113
C            0.80452403011182       -0.01218563166861        0.16545266194764
C            0.37295492805480        1.28477710793962        0.44016976787182
C           -0.97391699804224        1.58900081333377        0.41428437667767
C           -1.91036376984451        0.61174980997650        0.11638918653902
C           -1.48584331028773       -0.68271076591267       -0.15844773455140
C           -0.14010842053688       -0.99532154767568       -0.13551896479149
Cl          -2.64260385458361       -1.91822293953714       -0.53241487635389
Cl          -3.60060896824377        1.00479833526273        0.08800612227500
H            5.84957676188088       -1.06213532567294       -1.28689444117435
H            4.98221551515796        0.43095477218052       -1.64715486395246
H            4.13962834131793       -1.11660885107140       -1.72096129920970
H            5.32327207549923        0.15600849582319        0.80573646149954
H            4.45090245753602       -1.38802797386789        0.75894556879801
H            2.31055042088778       -1.35627667768241       -0.06489897396197
H            1.09541844849711        2.04855125772087        0.67376298447118
H           -1.30647278464473        2.59144420437182        0.62617775464175
H            0.16453479708277       -2.00630189091705       -0.35216494365015
22
 energy: -39.986026447477 gnorm: 0.000146755520 xtb: 6.7.1 (edcfbbe)
C            4.89649582894979       -0.55087763899380       -1.18613517281957
C            4.54056620499645       -0.40493720672328        0.29591214153277
C            3.24616272397235        0.36479009226858        0.44903065073712
O            3.21412151412141        1.54344620851746        0.76391741658161
N            2.14427217071408       -0.38606062311438        0.17401207654207
C            0.80463787758805       -0.01196660316632        0.16559282421404
C            0.37281101733215        1.28482276966853        0.44071713067336
C           -0.97411251801359        1.58881037313739        0.41473500859510
C           -1.91035704370648        0.61151741945945        0.11634194640472
C           -1.48555693669066       -0.68274089485253       -0.15901906481733
C           -0.13977192816540       -0.99512182347292       -0.13599675579939
Cl          -2.64203657652582       -1.91828725979504       -0.53369629369169
Cl          -3.60065907277409        1.00423291477918        0.08804102862070
H            5.84830394047402       -1.06446651385422       -1.28680215687873
H            4.98321184150813        0.42974691615209       -1.64781248542401
H            4.13819983700135       -1.11653432246281       -1.72047901339926
H            5.32359007052631        0.15711961357568        0.80489079026920
H            4.45124167968797       -1.38696487870929        0.75991388738882
H            2.31078151655643       -1.35599537259213       -0.06415342581575
H            1.09510519851646        2.04862467100449        0.67472629625952
H           -1.30684314520063        2.59111116866745        0.62702612436084
H            0.16508865782182       -2.00594094356785       -0.35308198185835
22
 energy: -39.986027086235 gnorm: 0.000121050772 xtb: 6.7.1 (edcfbbe)
C            4.89642597279499       -0.55197338825818       -1.18611509933458
C            4.54062109462948       -0.40420495601360        0.29576062114173
C            3.24631369244642        0.36583111700835        0.44817611191422
O            3.21431029417404        1.54496048020186        0.76129882657812
N            2.14436561917477       -0.38551331677462        0.17471929949624
C            0.80467680608108       -0.01161544314462        0.16596763579528
C            0.37244622645348        1.28489062136765        0.44183348918936
C           -0.97455807786453        1.58850950256869        0.41564724538139
C           -1.91047689033338        0.61116256217990        0.11635701697394
C           -1.48525360851915       -0.68280701375212       -0.15973594361803
C           -0.13937896273647       -0.99481605721612       -0.13653637736703
Cl          -2.64124281195626       -1.91842377237890       -0.53557897356653
Cl          -3.60084864592212        1.00344362222981        0.08786001669202
H            5.84687364007152       -1.06816396030359       -1.28637678280705
H            4.98575586181101        0.42815474048310       -1.64835109816051
H            4.13665526312615       -1.11587004042536       -1.72024537892362
H            5.32382013519455        0.15821639940902        0.80406139974232
H            4.45113880362547       -1.38571707558519        0.76082162546413
H            2.31091459254272       -1.35565276192351       -0.06259706572217
H            1.09450306572805        2.04873947589154        0.67643800585341
H           -1.30762153398688        2.59059476494193        0.62846568391371
H            0.16581232215514       -2.00541743458029       -0.35418928696056
22
 energy: -39.986027091695 gnorm: 0.000116852113 xtb: 6.7.1 (edcfbbe)
C            4.89642231559218       -0.55197635789393       -1.18611079069074
C            4.54062455625784       -0.40420407260993        0.29576310727108
C            3.24631463710580        0.36578491405529        0.44816613829079
O            3.21431671191956        1.54502338814960        0.76129655969481
N            2.14436423663130       -0.38551286846708        0.17472021058384
C            0.80466797512110       -0.01162475324331        0.16596989281472
C            0.37243828393409        1.28490337394326        0.44184033002492
C           -0.97454648537586        1.58850828002553        0.41565184465217
C           -1.91047736848022        0.61115200272424        0.11635339919128
C           -1.48527057900232       -0.68280912010075       -0.15974168124644
C           -0.13935977256879       -0.99480858045583       -0.13653263589533
Cl          -2.64123301914755       -1.91841977808669       -0.53558766745902
Cl          -3.60085165028755        1.00344302786780        0.08785506714740
H            5.84687036100707       -1.06817145708497       -1.28637219576684
H            4.98575786542811        0.42815620174098       -1.64836627954000
H            4.13664631234983       -1.11588384273898       -1.72024939422682
H            5.32382627502676        0.15822201441481        0.80405887799207
H            4.45113575209736       -1.38571730127593        0.76083436574341
H            2.31091824361893       -1.35565042687405       -0.06259987089631
H            1.09450353822743        2.04873832480773        0.67644981658755
H           -1.30762944871743        2.59059254162898        0.62847569645984
H            0.16581411795246       -2.00541744460105       -0.35419381905663
