----------------------------------------------- 
  Element       SASA      Sigma Z        Total  
     Z         Ang**2 cal/Ang**2/mol   kcal/mol 
----------------------------------------------- 
      H        109.541      48.690       5.334
      C         19.249     129.740       2.497
      N         12.135       0.000       0.000
      O         11.062       0.000       0.000

 Subtotal:     151.988                   7.831
 -----------------------------------------------

  Elements    COT*SASA   Sigma Z,Z'     Total   
    Z,Z'       Ang**2  cal/Ang**2/mol kcal/mol  
 ---------------------------------------------- 
  H   C         56.952     -60.770      -3.461
  H   O          0.000       0.000       0.000
  C   C          5.234     -72.950      -0.382
  O   C          0.100      68.690       0.007
  C   N          1.945       0.000       0.000
  N   C         39.378     -48.220      -1.899
  N  C(3)        0.000      84.100       0.000
  O   N          0.000     121.980       0.000

 Subtotal:                              -5.735
 ---------------------------------------------- 

 NONAQUEOUS SOLVENT CONTRIBUTION (kcal/mol):
 (proportional to SASA, atomic number independent)
 ---------------------------------------------- 
 Subtotal:                               0.000
 ---------------------------------------------- 

 CDS TOTAL (kcal/mol):                   2.096
...............................................................................
