----------------------------------------------- 
  Element       SASA      Sigma Z        Total  
     Z         Ang**2 cal/Ang**2/mol   kcal/mol 
----------------------------------------------- 
      H        137.120      48.690       6.676
      C         24.588     129.740       3.190
      O         17.072       0.000       0.000

 Subtotal:     178.780                   9.866
 -----------------------------------------------

  Elements    COT*SASA   Sigma Z,Z'     Total   
    Z,Z'       Ang**2  cal/Ang**2/mol kcal/mol  
 ---------------------------------------------- 
  H   C         85.382     -60.770      -5.189
  H   O          7.415       0.000       0.000
  C   C         19.424     -72.950      -1.417
  O   C          0.001      68.690       0.000

 Subtotal:                              -6.606
 ---------------------------------------------- 

 NONAQUEOUS SOLVENT CONTRIBUTION (kcal/mol):
 (proportional to SASA, atomic number independent)
 ---------------------------------------------- 
 Subtotal:                               0.000
 ---------------------------------------------- 

 CDS TOTAL (kcal/mol):                   3.261
...............................................................................
