#========================================================================================
#                     Free energy perturbation    
#----------------------------------------------------------------------------------------
#forward/backward          λ              ΔΔA                 ΔA                  δε   
#                                                 
#----------------------------------------------------------------------------------------
forward:               0.0000              0.0000              0.0000              0.0000  
forward:               0.0500              2.4408              2.4408              0.0260  
forward:               0.1000              1.3290              3.7698              0.0310  
forward:               0.1500              0.6663              4.4361              0.0333  
forward:               0.2000              0.3227              4.7588              0.0343  
forward:               0.2500              0.1365              4.8953              0.0348  
forward:               0.3000              0.0307              4.9260              0.0351  
forward:               0.3500             -0.0248              4.9013              0.0355  
forward:               0.4000             -0.0745              4.8268              0.0357  
forward:               0.4500             -0.1060              4.7208              0.0361  
forward:               0.5000             -0.1367              4.5841              0.0362  
forward:               0.5500             -0.2050              4.3791              0.0365  
forward:               0.6000             -0.3765              4.0026              0.0366  
forward:               0.6500             -0.4975              3.5051              0.0368  
forward:               0.7000             -0.6110              2.8942              0.0370  
forward:               0.7500             -0.6986              2.1955              0.0372  
forward:               0.8000             -0.7875              1.4080              0.0374  
forward:               0.8500             -0.8491              0.5589              0.0376  
forward:               0.9000             -0.8940             -0.3351              0.0377  
forward:               0.9500             -0.9267             -1.2618              0.0379  
forward:               1.0000             -0.9536             -2.2154              0.0381  
backward:              1.0000              0.0000             -2.2154              0.0000  
backward:              0.9500              0.9570             -1.2584              0.0046  
backward:              0.9000              0.9299             -0.3286              0.0063  
backward:              0.8500              0.9016              0.5730              0.0073  
backward:              0.8000              0.8373              1.4103              0.0086  
backward:              0.7500              0.7757              2.1860              0.0098  
backward:              0.7000              0.7066              2.8926              0.0108  
backward:              0.6500              0.6067              3.4993              0.0118  
backward:              0.6000              0.5023              4.0016              0.0127  
backward:              0.5500              0.3739              4.3756              0.0136  
backward:              0.5000              0.2151              4.5906              0.0146  
backward:              0.4500              0.1241              4.7148              0.0153  
backward:              0.4000              0.0942              4.8090              0.0167  
backward:              0.3500              0.0651              4.8741              0.0174  
backward:              0.3000              0.0300              4.9041              0.0181  
backward:              0.2500             -0.0287              4.8754              0.0191  
backward:              0.2000             -0.1375              4.7379              0.0205  
backward:              0.1500             -0.3168              4.4211              0.0234  
backward:              0.1000             -0.6336              3.7874              0.0283  
backward:              0.0500             -1.2703              2.5171              0.0329  
backward:              0.0000             -2.4343              0.0829              0.0487  
Inaccuracy estimation
======================================================================================================
                   i        i+δi          P0_overlap_P1   δε(forward)/ε   δε(backward)/ε
======================================================================================================
inaccuracy:  0.00000        0.05000           26.55            0.05            2.99
inaccuracy:  0.05000        0.10000           36.96           -0.07            1.78
inaccuracy:  0.10000        0.15000           48.39           -0.05            0.85
inaccuracy:  0.15000        0.20000           57.41           -0.03            0.43
inaccuracy:  0.20000        0.25000           63.86           -0.02            0.28
inaccuracy:  0.25000        0.30000           67.07           -0.03            0.20
inaccuracy:  0.30000        0.35000           68.51           -0.02            0.17
inaccuracy:  0.35000        0.40000           70.12           -0.02            0.14
inaccuracy:  0.40000        0.45000           71.08           -0.03            0.13
inaccuracy:  0.45000        0.50000           71.87           -0.02            0.11
inaccuracy:  0.50000        0.55000           65.17           -0.08            0.15
inaccuracy:  0.55000        0.60000           67.01           -0.07            0.11
inaccuracy:  0.60000        0.65000           67.21           -0.08            0.09
inaccuracy:  0.65000        0.70000           67.96           -0.08            0.08
inaccuracy:  0.70000        0.75000           67.22           -0.09            0.07
inaccuracy:  0.75000        0.80000           68.71           -0.08            0.06
inaccuracy:  0.80000        0.85000           68.61           -0.09            0.06
inaccuracy:  0.85000        0.90000           67.30           -0.08            0.05
inaccuracy:  0.90000        0.95000           67.87           -0.09            0.05
inaccuracy:  0.95000        1.00000           67.84           -0.10            0.05
===================================================================================================================================
                BAR        
-----------------------------------------------------------------------------------------------------------------------------------
BAR-estimator:         λ             λ+δλ          ΔΔA             ΔA            C               Δδe            δe       
                          
-----------------------------------------------------------------------------------------------------------------------------------
BAR-estimator:      0.00000        0.05000        2.4712         2.4712         2.4712         0.0096         0.0096 
BAR-estimator:      0.05000        0.10000        1.3372         3.8084         1.3372         0.0090         0.0132 
BAR-estimator:      0.10000        0.15000        0.6591         4.4675         0.6591         0.0075         0.0152 
BAR-estimator:      0.15000        0.20000        0.3156         4.7831         0.3156         0.0046         0.0159 
BAR-estimator:      0.20000        0.25000        0.1371         4.9202         0.1371         0.0035         0.0163 
BAR-estimator:      0.25000        0.30000        0.0322         4.9524         0.0322         0.0032         0.0166 
BAR-estimator:      0.30000        0.35000       -0.0245         4.9279        -0.0245         0.0033         0.0169 
BAR-estimator:      0.35000        0.40000       -0.0723         4.8556        -0.0723         0.0030         0.0171 
BAR-estimator:      0.40000        0.45000       -0.1035         4.7520        -0.1035         0.0029         0.0174 
BAR-estimator:      0.45000        0.50000       -0.1344         4.6176        -0.1344         0.0024         0.0176 
BAR-estimator:      0.50000        0.55000       -0.2107         4.4070        -0.2107         0.0029         0.0178 
BAR-estimator:      0.55000        0.60000       -0.3761         4.0309        -0.3761         0.0028         0.0180 
BAR-estimator:      0.60000        0.65000       -0.4997         3.5312        -0.4997         0.0027         0.0182 
BAR-estimator:      0.65000        0.70000       -0.6085         2.9227        -0.6085         0.0024         0.0184 
BAR-estimator:      0.70000        0.75000       -0.7033         2.2194        -0.7033         0.0028         0.0186 
BAR-estimator:      0.75000        0.80000       -0.7835         1.4359        -0.7835         0.0028         0.0188 
BAR-estimator:      0.80000        0.85000       -0.8450         0.5909        -0.8450         0.0026         0.0190 
BAR-estimator:      0.85000        0.90000       -0.8971        -0.3063        -0.8971         0.0029         0.0192 
BAR-estimator:      0.90000        0.95000       -0.9262        -1.2325        -0.9262         0.0031         0.0194 
BAR-estimator:      0.95000        1.00000       -0.9561        -2.1886        -0.9561         0.0029         0.0197 
BAR-estimator: total free energy change is -2.1885799146180123 , total error is 0.019667637434151154
