29
 energy: -29.491322006354 gnorm: 0.027295413863 xtb: 6.7.1 (edcfbbe)
C           -2.64298726567025       -0.72368892986998        1.05052935568006
C           -2.22220530578175        0.17045718232575       -0.11710443478662
C           -3.14694005741969       -0.05910483209301       -1.31352065615845
C           -0.75910930792774       -0.06081652399987       -0.52848760060931
C            0.26005147531506        0.34655552475500        0.53486109698686
C            1.74896179577999        0.14687349116417        0.17263446979066
C            2.06424214385108       -1.34013551789729       -0.02995163491396
C            2.11861380740965        0.92502903349583       -1.09587379955453
C            2.59276794804204        0.67578244516140        1.33949706401679
H           -2.05949494480503       -0.52840634741950        1.95516926108619
H           -2.51332330349989       -1.78098895036868        0.78682195395040
H           -3.69873964299862       -0.56866534181361        1.29918983479484
H           -2.32351472912655        1.21985307811982        0.19744540054627
H           -2.88939175241619        0.60091328215283       -2.14926019698062
H           -3.06794240411573       -1.09492629105336       -1.66678747869751
H           -4.19403573849980        0.12416130425711       -1.04803960051875
H           -0.63940339392202       -1.12250076506338       -0.78609109170490
H           -0.57065650671201        0.50818543500594       -1.44769108917276
H            0.06989087402448       -0.21034112998701        1.46162686875981
H            0.10846114639244        1.40953984315060        0.77369638304905
H            1.52005046757268       -1.75818331666408       -0.88304534482890
H            3.13491639791560       -1.48166094322104       -0.21851137696455
H            1.79895194396739       -1.92221920210762        0.86080932576904
H            3.19845865939393        0.86853908791234       -1.27618884918540
H            1.61469625095450        0.52383886288293       -1.98112233460837
H            1.84768171839483        1.98340749846579       -1.00065052476201
H            3.66214174178585        0.54121946403703        1.13974676700700
H            2.35307535706762        0.14648045433380        2.26924526914720
H            2.41058881127865        1.74464362912273        1.50163920853625
29
 energy: -29.492321419907 gnorm: 0.008437876873 xtb: 6.7.1 (edcfbbe)
C           -2.63998194781531       -0.72587901482551        1.04464931741329
C           -2.21438596321554        0.17433504439410       -0.11249929294331
C           -3.13690997391478       -0.06078228672415       -1.30744312435787
C           -0.75629537362988       -0.06815158284064       -0.52932138238853
C            0.25635465769682        0.34715874939215        0.53508703649524
C            1.74183864455503        0.14633469608427        0.16906932023862
C            2.06117833651041       -1.33700890933197       -0.03096485212971
C            2.11582220441996        0.92389257104683       -1.09472671572496
C            2.58615055259855        0.67406867751815        1.33434014725045
H           -2.05803391314968       -0.52279320286544        1.94134547834624
H           -2.50936976093124       -1.77604413066747        0.78024485993420
H           -3.69057293576451       -0.56415562254289        1.28531059196723
H           -2.31721269765571        1.22087835652827        0.20280551472784
H           -2.87858195028596        0.59934230477966       -2.13488413037674
H           -3.05775575758334       -1.09108632144532       -1.65661912534613
H           -4.17568457460482        0.12575166078772       -1.03653562933595
H           -0.63521529605497       -1.12791153641771       -0.77302953300360
H           -0.56944115443985        0.50383546207360       -1.44222588310011
H            0.06460222270846       -0.21430930017548        1.45366614365814
H            0.10126264803996        1.40701304121183        0.76612458788889
H            1.52012130254550       -1.74638101519081       -0.88208274806887
H            3.12686139399598       -1.47329386316506       -0.21521803022817
H            1.79349949573661       -1.91188277139835        0.85554624018490
H            3.19036758270440        0.86656351909683       -1.26870236715197
H            1.61418698373316        0.51843586817385       -1.97152059103222
H            1.84327774888943        1.97461904873912       -0.99591845144287
H            3.64850212490946        0.53861979568468        1.13284769207036
H            2.34674375166083        0.14598614229053        2.25715215396821
H            2.40447783459156        1.73668614457383        1.49408901816118
29
 energy: -29.492423289908 gnorm: 0.001592249798 xtb: 6.7.1 (edcfbbe)
C           -2.63685398101501       -0.72675643316981        1.04507513309119
C           -2.21045662868938        0.17249307807021       -0.11247237639508
C           -3.13365194939835       -0.05816804183859       -1.30820971051422
C           -0.75404807813270       -0.07257760818225       -0.52946777106818
C            0.25696524589018        0.34692871578287        0.53557741372276
C            1.74068932249950        0.14691377445676        0.16908640070549
C            2.05742676723367       -1.33641750038131       -0.03215972825530
C            2.11168862466387        0.92422438104040       -1.09531484145455
C            2.58453287613743        0.67483259682850        1.33501265004211
H           -2.05611969218861       -0.52193904940381        1.93986520246712
H           -2.50532655050277       -1.77302997883399        0.77807054184122
H           -3.68595453833283       -0.56301962061288        1.28074965893300
H           -2.30958398672084        1.21750400863511        0.20365360603303
H           -2.87277734768179        0.60138563889600       -2.13258190088367
H           -3.05286162966071       -1.08673012973227       -1.65311811400460
H           -4.16911695578966        0.12992414776403       -1.03422801059660
H           -0.63495859982977       -1.13209600233437       -0.76226330358389
H           -0.56691438109019        0.49539867736091       -1.44249731241041
H            0.06524735344965       -0.21494756786507        1.45154404283020
H            0.09968685716904        1.40522278831419        0.76162282012180
H            1.51904551074779       -1.74061628984033       -0.88478528455758
H            3.12160626569684       -1.46991834391640       -0.21262162371509
H            1.78628791438730       -1.90871179125662        0.85194857359105
H            3.18437641676918        0.86735746351428       -1.26573037917867
H            1.61149750749339        0.51531463383497       -1.96873858603182
H            1.83675500316309        1.97162953446256       -0.99530643528304
H            3.64398464130717        0.53849506720821        1.13113002174235
H            2.34350471910605        0.14596494888393        2.25428440336837
H            2.40113547956899        1.73518042709940        1.49246115511677
29
 energy: -29.492439910887 gnorm: 0.001030408464 xtb: 6.7.1 (edcfbbe)
C           -2.63648215522867       -0.72721834115998        1.04495294861940
C           -2.20834284436178        0.17337590366254       -0.11201141238875
C           -3.13216647675403       -0.05583430667603       -1.30850251525928
C           -0.75309517605383       -0.07776787828543       -0.52846018665771
C            0.25673060777831        0.34713227324753        0.53648542226841
C            1.73964802745514        0.14744294685067        0.16910262499611
C            2.05645305922577       -1.33640799811845       -0.03306960083182
C            2.10984018972471        0.92542090058009       -1.09591930278115
C            2.58455996814892        0.67533551915426        1.33506718470924
H           -2.05652539699749       -0.52166250930076        1.94001273209183
H           -2.50357141398755       -1.77323012772326        0.77770397471142
H           -3.68581586095215       -0.56354493816151        1.27915201204667
H           -2.30399591002594        1.21844604814899        0.20488352153669
H           -2.86856531072557        0.60416942345118       -2.13148152538191
H           -3.05236413500326       -1.08436042253049       -1.65361843604646
H           -4.16705366041048        0.13460251453963       -1.03444670083412
H           -0.63519809386297       -1.13868972094869       -0.75382501654337
H           -0.56398910757851        0.48442286699554       -1.44419712810488
H            0.06530013080049       -0.21306047771758        1.45323980095877
H            0.09745024850385        1.40551619265736        0.75929439273963
H            1.52060412659627       -1.73742287941251       -0.88881819857175
H            3.12125511023939       -1.47080671338323       -0.20946152011049
H            1.78009189448283       -1.90940268968644        0.84897450089365
H            3.18281092658928        0.87138497480955       -1.26575659512451
H            1.61078044560707        0.51369820908500       -1.96866218442270
H            1.83094892895079        1.97183244321030       -0.99655586993749
H            3.64396311197320        0.53921464433373        1.13072210632706
H            2.34272820777494        0.14575866975441        2.25369411234446
H            2.39980674434180        1.73549699740824        1.49208710442683
29
 energy: -29.492458480652 gnorm: 0.001375198285 xtb: 6.7.1 (edcfbbe)
C           -2.63879836581569       -0.72740114149882        1.04559883319386
C           -2.20631244443867        0.17209302196697       -0.11147917404685
C           -3.13068818757539       -0.05041557281689       -1.30941398559744
C           -0.75220516021803       -0.08777858901279       -0.52488932282555
C            0.25779124702716        0.34663279570073        0.53679055484061
C            1.73994487481953        0.14839719102893        0.16887516131207
C            2.05608911078977       -1.33592774197833       -0.03519964848268
C            2.10751771654350        0.92776782297948       -1.09680282494362
C            2.58556690119473        0.67636067060012        1.33497292715961
H           -2.06073446074231       -0.52116079699300        1.94204802661210
H           -2.50409631428437       -1.77357940235184        0.77894890392296
H           -3.68894037276067       -0.56425995643434        1.27709175715334
H           -2.29608826241788        1.21737079457108        0.20619583534632
H           -2.86243314073880        0.61006325814526       -2.13080880101989
H           -3.05466348139911       -1.07886778485248       -1.65608308354432
H           -4.16509016629334        0.14447575522564       -1.03635077840254
H           -0.63691281854865       -1.15187546780682       -0.73652170244268
H           -0.55926525364008        0.46213707160115       -1.44732029636681
H            0.06756832611857       -0.20840726022002        1.45705410717817
H            0.09524114028127        1.40589376582334        0.75320876044395
H            1.52709143327165       -1.73260055672308       -0.89764674887335
H            3.12240249205302       -1.47236828168695       -0.20205073080695
H            1.76963349367200       -1.91141249137415        0.84240472673551
H            3.18120193196014        0.88060334124698       -1.26540898555426
H            1.61204797700172        0.51177218553041       -1.96992446457534
H            1.82119034762255        1.97263458159056       -0.99905490899830
H            3.64518349458256        0.54147465800146        1.13032193550698
H            2.34416732677018        0.14579823495158        2.25341153713005
H            2.39939680141514        1.73642141957050        1.49261863561881
29
 energy: -29.492470489311 gnorm: 0.001114791196 xtb: 6.7.1 (edcfbbe)
C           -2.64330586855705       -0.72712296119540        1.04582939481852
C           -2.20498598007791        0.17038727731952       -0.11035574181060
C           -3.12881694241019       -0.04579973119630       -1.30947949730743
C           -0.75176293795613       -0.09867516718928       -0.52055308297609
C            0.25833311977086        0.34607449091031        0.53674284763178
C            1.74031680265726        0.14897952433422        0.16788681578635
C            2.05751134685983       -1.33471894518333       -0.03768337127031
C            2.10648266730898        0.93006386856923       -1.09699634382949
C            2.58615826940368        0.67673240248332        1.33358061706770
H           -2.06752756067627       -0.52085926685531        1.94381116282183
H           -2.50970288923840       -1.77407292220049        0.78132228527694
H           -3.69386482125906       -0.56224951261898        1.27411642182723
H           -2.28938243370420        1.21615441453919        0.20752411431615
H           -2.85642332526516        0.61493769792796       -2.12938171159831
H           -3.05848613740426       -1.07392688824403       -1.65860779760307
H           -4.16251888968152        0.15433456405144       -1.03736390517598
H           -0.63914409886481       -1.16577853068014       -0.71921897014439
H           -0.55640398205587        0.43903657232705       -1.44984628916204
H            0.07033832118866       -0.20240621036152        1.46171530974316
H            0.09367805729446        1.40669274395141        0.74588221412924
H            1.53703382768294       -1.72809601566881       -0.90685886406017
H            3.12535333687855       -1.47214944316861       -0.19386649755380
H            1.76138887988076       -1.91289281559878        0.83499115001258
H            3.18076985406848        0.88958934079546       -1.26346344825354
H            1.61560594957273        0.51120162269809       -1.97137662855861
H            1.81373330608180        1.97328528204671       -1.00038155739485
H            3.64586662443192        0.54367799268406        1.12800655632970
H            2.34666739642424        0.14501317197263        2.25190460290718
H            2.39889429389619        1.73642896833510        1.49270645970401
29
 energy: -29.492476387379 gnorm: 0.000330455110 xtb: 6.7.1 (edcfbbe)
C           -2.64770253863550       -0.72609691358926        1.04643965031618
C           -2.20478041605874        0.16840291530597       -0.10985085966126
C           -3.12813556206512       -0.04398000197192       -1.30952665122105
C           -0.75150961442003       -0.10495018115668       -0.51784333936793
C            0.25884820613681        0.34535183315657        0.53613378542698
C            1.74130585887701        0.14911358813593        0.16718316597532
C            2.05943089848093       -1.33392262860716       -0.03941704326003
C            2.10640074337226        0.93154760293093       -1.09687557092013
C            2.58671398796922        0.67677915553925        1.33282582977521
H           -2.07240308556864       -0.52122757259312        1.94505173580769
H           -2.51774717301251       -1.77382075300180        0.78326454745693
H           -3.69805604766542       -0.55735052951643        1.27314204529640
H           -2.28598179441360        1.21459381974525        0.20749587009037
H           -2.85323428774886        0.61620295127429       -2.12904371222643
H           -3.06124009492339       -1.07208578776920       -1.65925156914452
H           -4.16146070403848        0.15941215207676       -1.03806947203690
H           -0.64013260257883       -1.17330187698347       -0.70963991490272
H           -0.55529935512085        0.42635783041151       -1.45052829913075
H            0.07221446740401       -0.19883156678847        1.46398416896904
H            0.09340921578267        1.40676676366879        0.74055732323536
H            1.54440978225865       -1.72607707063052       -0.91224399099376
H            3.12813012318172       -1.47055922962876       -0.18957921033414
H            1.75882302976587       -1.91388893534649        0.83034289025502
H            3.18091577773324        0.89372228782926       -1.26204609610350
H            1.61773279313452        0.51230968319048       -1.97226430893737
H            1.81132632334012        1.97401267814495       -1.00013734692237
H            3.64649518397916        0.54573179266857        1.12616562528304
H            2.34920054529345        0.14363884318579        2.25081197219232
H            2.39813252579084        1.73599067510377        1.49350502075672
29
 energy: -29.492479780859 gnorm: 0.000351344044 xtb: 6.7.1 (edcfbbe)
C           -2.65114459833643       -0.72450316753498        1.04709258264058
C           -2.20482167780072        0.16735965644506       -0.10963284469960
C           -3.12754537574560       -0.04392597665780       -1.30971456463256
C           -0.75143796397320       -0.10907307082124       -0.51622207707606
C            0.25894370922072        0.34476955053854        0.53588086407613
C            1.74183128853900        0.14911390459296        0.16668550772064
C            2.06144066221273       -1.33330103705092       -0.04082771561203
C            2.10678434917329        0.93261714783847       -1.09659408580617
C            2.58682687884264        0.67660935979065        1.33247951564929
H           -2.07469989417062       -0.52222292379011        1.94556335847378
H           -2.52684932504996       -1.77312060303359        0.78457997527952
H           -3.70062907291163       -0.55051890611592        1.27405744674136
H           -2.28402549423492        1.21412839036090        0.20650504290054
H           -2.85123264712648        0.61507784910294       -2.12969698601675
H           -3.06300540516279       -1.07237475716234       -1.65888408579821
H           -4.16063012531123        0.16172081808221       -1.03895470301979
H           -0.64089040941996       -1.17823935902752       -0.70411789792113
H           -0.55517071751844        0.41865773745208       -1.45095904457638
H            0.07339959407099       -0.19666586199434        1.46562566378713
H            0.09333420548106        1.40675594770425        0.73737447292955
H            1.54940044529959       -1.72498894972418       -0.91552359313224
H            3.13066240481027       -1.46893417709500       -0.18802224109577
H            1.75904491171055       -1.91460324796702        0.82733534080864
H            3.18127528822420        0.89509833951774       -1.26192557449210
H            1.61823067796569        0.51448809318942       -1.97254593129351
H            1.81187576768049        1.97499598724218       -0.99887404106342
H            3.64673869004825        0.54798440320653        1.12485002984651
H            2.35143611986542        0.14170800342919        2.24996650150524
H            2.39666389986758        1.73522837426662        1.49508532955050
29
 energy: -29.492483713738 gnorm: 0.000639611537 xtb: 6.7.1 (edcfbbe)
C           -2.65568025366660       -0.72166419601490        1.04801854178802
C           -2.20462271783299        0.16616355866806       -0.10974821401268
C           -3.12681919282306       -0.04464650835665       -1.31017223613499
C           -0.75120793584737       -0.11478166726524       -0.51414022820574
C            0.25942796258696        0.34380928607146        0.53541795246201
C            1.74272264662458        0.14929844545341        0.16623719652722
C            2.06380185315207       -1.33246495454668       -0.04276783724178
C            2.10703226427653        0.93446511325739       -1.09609136836064
C            2.58708913112051        0.67647875158233        1.33251201708486
H           -2.07568984957624       -0.52402675105435        1.94520093381080
H           -2.54089164226688       -1.77139693576314        0.78558309845319
H           -3.70326288700827       -0.53876211273838        1.27703572813546
H           -2.28104896889326        1.21379707893638        0.20421894514082
H           -2.84807925546040        0.61223289110750       -2.13098763305571
H           -3.06483788584936       -1.07380145196772       -1.65759560471468
H           -4.15957584729414        0.16428063625804       -1.04060305895767
H           -0.64186208861452       -1.18507169941790       -0.69621742412593
H           -0.55421041798317        0.40773891207229       -1.45166487547195
H            0.07514909491242       -0.19441028480391        1.46724754936951
H            0.09289055755069        1.40633019149691        0.73314328363406
H            1.55478951521785       -1.72309193383810       -0.91963189055689
H            3.13356618368831       -1.46660048943818       -0.18704474307200
H            1.75962811615182       -1.91556620588973        0.82350574138774
H            3.18126462330812        0.89568024986112       -1.26251134337024
H            1.61710024436615        0.51850997603910       -1.97226679884577
H            1.81374939592295        1.97706976006982       -0.99635769015078
H            3.64717961857146        0.55192675632036        1.12330615429554
H            2.35455479592162        0.13834284614851        2.24879167366088
H            2.39364912599471        1.73400226253702        1.49816837620104
29
 energy: -29.492488199821 gnorm: 0.000672876608 xtb: 6.7.1 (edcfbbe)
C           -2.66089285837912       -0.71701894251217        1.04969213141240
C           -2.20395875227231        0.16481020963753       -0.11034529860435
C           -3.12520586658666       -0.04596223165440       -1.31157222608728
C           -0.75084303494479       -0.12310499324125       -0.51133795577401
C            0.25973607551223        0.34242793139123        0.53534321190490
C            1.74326885723230        0.14978619403912        0.16576764628256
C            2.06652981322832       -1.33115571240991       -0.04573584951649
C            2.10707874459256        0.93723219691281       -1.09533043690108
C            2.58702623277574        0.67630194266845        1.33285565307338
H           -2.07443946107548       -0.52687208319978        1.94436319494693
H           -2.56083658164926       -1.76821583914980        0.78670229358132
H           -3.70517289989217       -0.52067505671316        1.28311814373162
H           -2.27644387488923        1.21380849024423        0.19997453106671
H           -2.84314395637305        0.60740117868822       -2.13407036814790
H           -3.06659749285415       -1.07641085839840       -1.65567641549030
H           -4.15747923432085        0.16748546434103       -1.04376466522168
H           -0.64354473090730       -1.19512456478266       -0.68442413640170
H           -0.55219177514487        0.39126836819945       -1.45307596729277
H            0.07727608725304       -0.19173983156229        1.46989504252629
H            0.09127279902724        1.40554357598409        0.72813926773719
H            1.56047396872042       -1.72018899691761       -0.92497314520312
H            3.13687433529149       -1.46383972457635       -0.18710811078772
H            1.76046823979207       -1.91654009875075        0.81829047465105
H            3.18080650470161        0.89565145305538       -1.26450792968972
H            1.61375990137490        0.52529015102983       -1.97150294884530
H            1.81718869354603        1.98042506767932       -0.99197956244040
H            3.64737037112011        0.55800317492158        1.12128366617628
H            2.35883955499496        0.13311336057802        2.24724711107702
H            2.38858652637668        1.73214169928312        1.50331889390983
29
 energy: -29.492491095319 gnorm: 0.000367866795 xtb: 6.7.1 (edcfbbe)
C           -2.66396014651677       -0.71277593239698        1.05068190388645
C           -2.20309966449311        0.16442791679278       -0.11138343133518
C           -3.12388533513351       -0.04787703748137       -1.31281710708657
C           -0.75045319612137       -0.12935381304380       -0.50935296189043
C            0.26016461268447        0.34128361463063        0.53523488813282
C            1.74364502700416        0.15027713265672        0.16562954335633
C            2.06766856560753       -1.33029242241893       -0.04788210869496
C            2.10655004768447        0.93985428699356       -1.09449083849947
C            2.58701527240232        0.67606644315830        1.33346982229943
H           -2.07162180935986       -0.52808791055650        1.94255333062763
H           -2.57509215746545       -1.76488044387401        0.78754681365699
H           -3.70513547392932       -0.50626464462813        1.28878194984926
H           -2.27286992226588        1.21458407489789        0.19559801338226
H           -2.83917371289211        0.60259094666033       -2.13665163902010
H           -3.06721041383511       -1.07939222410926       -1.65407489502983
H           -4.15588448553035        0.16886802643739       -1.04672998291459
H           -0.64497195511967       -1.20268908504371       -0.67506889058622
H           -0.54980938020986        0.37830403178611       -1.45423092167339
H            0.07908161587113       -0.19047488899686        1.47139430593074
H            0.08968786424910        1.40457700708760        0.72502883730352
H            1.56242056270307       -1.71780020962566       -0.92828822074541
H            3.13817580921492       -1.46223589357734       -0.18858818366537
H            1.76101890962467       -1.91726084219689        0.81490524059173
H            3.17967266276134        0.89502857385948       -1.26660944532178
H            1.60958045000312        0.53162124965820       -1.97036733067615
H            1.82031803952392        1.98377183142686       -0.98785678867739
H            3.64750176987929        0.56261239026827        1.12016877026864
H            2.36192171493932        0.12884570822415        2.24620959077684
H            2.38455091496998        1.73051363819608        1.50777598142785
29
 energy: -29.492492383744 gnorm: 0.000172335569 xtb: 6.7.1 (edcfbbe)
C           -2.66424373536584       -0.71013527095399        1.05158258068577
C           -2.20261836597864        0.16439063687312       -0.11230206308514
C           -3.12295253309236       -0.04944033724053       -1.31394360636275
C           -0.75026461611424       -0.13164133645354       -0.50874122409991
C            0.25999592024074        0.34083962333502        0.53557606926122
C            1.74330056090381        0.15062650108198        0.16569755062488
C            2.06750227746449       -1.32980125505270       -0.04907129992691
C            2.10623491365060        0.94113270911818       -1.09388822426410
C            2.58678995082785        0.67562275990331        1.33390951484063
H           -2.06908401725383       -0.52710201096173        1.94187285735207
H           -2.57956169750437       -1.76246164327952        0.78864691335384
H           -3.70396590981209       -0.49972108148550        1.29187722550821
H           -2.27164049426122        1.21517690047191        0.19247218590363
H           -2.83753208338809        0.59944380184008       -2.13880844572791
H           -3.06635627111257       -1.08160938710816       -1.65318375965715
H           -4.15492547963543        0.16811802719560       -1.04860818790958
H           -0.64575333156110       -1.20549029263454       -0.67109421670969
H           -0.54830219205143        0.37292508947105       -1.45489419324790
H            0.07938559512625       -0.19051749695476        1.47206177455429
H            0.08838678519010        1.40406922423738        0.72462931641067
H            1.56108959225976       -1.71667145036970       -0.92911347273625
H            3.13786779459715       -1.46189092518296       -0.19096971279567
H            1.76153237027708       -1.91707126062546        0.81377274690311
H            3.17898556977133        0.89428713256650       -1.26796130542280
H            1.60678113035704        0.53529405733370       -1.96946183420911
H            1.82226527679335        1.98545130309768       -0.98510555673955
H            3.64727844392291        0.56391075631641        1.11988036869703
H            2.36274321839909        0.12662534032243        2.24582613659196
H            2.38286751360015        1.72948140992367        1.50992810788075
29
 energy: -29.492493014218 gnorm: 0.000145666985 xtb: 6.7.1 (edcfbbe)
C           -2.66381510336602       -0.70878625944931        1.05190815532537
C           -2.20247300790041        0.16479119866364       -0.11289006396178
C           -3.12268856674182       -0.05070838289086       -1.31436262998987
C           -0.75018372922058       -0.13189484098835       -0.50874500592210
C            0.25998048537194        0.34077425550651        0.53565617858713
C            1.74321408417829        0.15071766747940        0.16579649657591
C            2.06692637956009       -1.32977593000275       -0.04952773850048
C            2.10599354819086        0.94180570317826       -1.09349745949245
C            2.58674776140584        0.67517097558809        1.33425293646348
H           -2.06830769649228       -0.52475311660683        1.94175756527001
H           -2.57899214733749       -1.76138606171232        0.79000491674794
H           -3.70342888827071       -0.49823841115761        1.29244543306271
H           -2.27166747666593        1.21594282545819        0.19069214303686
H           -2.83745568334504        0.59766436794430       -2.13972443642062
H           -3.06549636246283       -1.08315240932460       -1.65283760031073
H           -4.15484676594374        0.16655124425334       -1.04939865695239
H           -0.64603540260672       -1.20589965188484       -0.67034026765180
H           -0.54765790961059        0.37190117783283       -1.45516218810345
H            0.07948992741827       -0.19083873632544        1.47206370279300
H            0.08806806678063        1.40393425603328        0.72501172419380
H            1.55930388102576       -1.71650970102973       -0.92901573466213
H            3.13711798204716       -1.46206834605273       -0.19282580236858
H            1.76190425964562       -1.91711695025133        0.81368450736636
H            3.17861805344215        0.89419920820015       -1.26819915589680
H            1.60576880624952        0.53695347633745       -1.96911645093150
H            1.82292212064048        1.98632228268189       -0.98390771233639
H            3.64723042376930        0.56331477856025        1.12020792290749
H            2.36255727916101        0.12589167494952        2.24600543014541
H            2.38301186732770        1.72903522979456        1.51065003669928
29
 energy: -29.492493658052 gnorm: 0.000182980694 xtb: 6.7.1 (edcfbbe)
C           -2.66307966459375       -0.70771259016216        1.05228699834922
C           -2.20253547742809        0.16520973618991       -0.11336280024209
C           -3.12264443983163       -0.05198418786991       -1.31460803197484
C           -0.75019069513109       -0.13114256890194       -0.50906702609436
C            0.25985514565491        0.34089805882416        0.53574176302862
C            1.74303617728244        0.15070399709004        0.16587928479994
C            2.06624995461491       -1.32983451100103       -0.04986375127957
C            2.10599228028489        0.94216008715711       -1.09312639819497
C            2.58677009911679        0.67450109890750        1.33447367958808
H           -2.06879392584008       -0.52087799897512        1.94236443545935
H           -2.57541217032348       -1.76050690958612        0.79204624381682
H           -3.70341170939983       -0.49932429369088        1.29157569147967
H           -2.27237489840557        1.21657828027578        0.18932040402436
H           -2.83810153026698        0.59626059874512       -2.14031349923447
H           -3.06432334863786       -1.08454499059829       -1.65255362785676
H           -4.15504345636918        0.16431110319159       -1.04976596023876
H           -0.64610573808045       -1.20510715007897       -0.67102467747583
H           -0.54742670916989        0.37298964149775       -1.45524931555823
H            0.07921687282568       -0.19130867746080        1.47178866791350
H            0.08802236526224        1.40396108791555        0.72576761740280
H            1.55720850609866       -1.71653076280726       -0.92857011085999
H            3.13620038416770       -1.46237395365533       -0.19479969087015
H            1.76237151143884       -1.91705815818121        0.81385876284514
H            3.17861663232888        0.89456410324521       -1.26777371195181
H            1.60581302200833        0.53760158809328       -1.96889266405193
H            1.82294355008840        1.98664883403912       -0.98322453434117
H            3.64721347769090        0.56141357305011        1.12085285761932
H            2.36162628930874        0.12571322627437        2.24628995305485
H            2.38411368155604        1.72863326325736        1.51053568651691
29
 energy: -29.492494407716 gnorm: 0.000146018682 xtb: 6.7.1 (edcfbbe)
C           -2.66237155059376       -0.70631294211571        1.05291406782487
C           -2.20277784515181        0.16568475111150       -0.11380739236997
C           -3.12266100836685       -0.05363463689299       -1.31482902181918
C           -0.75027677059116       -0.13002398662975       -0.50943279741431
C            0.25974234327037        0.34103490851202        0.53581201309079
C            1.74292504873548        0.15058765572947        0.16593001702284
C            2.06563751181820       -1.32994907981489       -0.05045934366069
C            2.10613391149227        0.94250060983651       -1.09270820442397
C            2.58678545631990        0.67356429974465        1.33477922072787
H           -2.07060741038891       -0.51513211564592        1.94380233932557
H           -2.57025006711428       -1.75946216947502        0.79529561623462
H           -3.70404113093953       -0.50127950788770        1.28958582914175
H           -2.27345793376433        1.21734670152164        0.18768207768261
H           -2.83912642420544        0.59442873991476       -2.14104170600343
H           -3.06291318584237       -1.08635993565780       -1.65204726420539
H           -4.15536446016015        0.16137486598686       -1.05007758064058
H           -0.64615793949283       -1.20383488090223       -0.67233946030500
H           -0.54747502738558        0.37491173817904       -1.45518826289213
H            0.07886529633394       -0.19181033864825        1.47144794989622
H            0.08821775435738        1.40402269757011        0.72656212635505
H            1.55521133554837       -1.71661377844353       -0.92838736408026
H            3.13535928185964       -1.46255679762305       -0.19708141887225
H            1.76308449217443       -1.91718043358729        0.81373518830364
H            3.17887368543485        0.89539961939903       -1.26680179427247
H            1.60656104126362        0.53798700779558       -1.96885761622768
H            1.82261836787208        1.98685087737432       -0.98264272850495
H            3.64716358720838        0.55857197751954        1.12175713959931
H            2.36026963897104        0.12557869756706        2.24676164841389
H            2.38583818758749        1.72814698034697        1.51022296774690
29
 energy: -29.492494942861 gnorm: 0.000100944616 xtb: 6.7.1 (edcfbbe)
C           -2.66230160092743       -0.70490152194475        1.05351863576960
C           -2.20295447785785        0.16594331231448       -0.11412753225397
C           -3.12270560268054       -0.05505919692062       -1.31492821033396
C           -0.75032449955819       -0.12939354862237       -0.50969620402566
C            0.25963691011648        0.34102195431319        0.53584089907751
C            1.74285356254046        0.15043802088384        0.16592420917798
C            2.06553452797110       -1.32999703072143       -0.05107033482364
C            2.10633172089602        0.94284132325700       -1.09231930546081
C            2.58684202036409        0.67275269751127        1.33495570174437
H           -2.07269233584049       -0.51039836322815        1.94511040688476
H           -2.56696242685187       -1.75831770492305        0.79820145052421
H           -3.70496393073265       -0.50224058821197        1.28794051785517
H           -2.27414492988620        1.21787770437925        0.18625083331564
H           -2.83971193890082        0.59257037889179       -2.14165562884648
H           -3.06210548532245       -1.08798920547260       -1.65131660440272
H           -4.15559810299253        0.15930753388309       -1.05037719733294
H           -0.64621689279586       -1.20313004921306       -0.67318896682404
H           -0.54752287361489        0.37611923752510       -1.45516394501877
H            0.07860761466102       -0.19215745009418        1.47123309688485
H            0.08839785417830        1.40396957788888        0.72697096617072
H            1.55448701560022       -1.71648099971551       -0.92868031290788
H            3.13514197807712       -1.46243303706886       -0.19861441832548
H            1.76377583875470       -1.91751329703054        0.81319223102233
H            3.17916035225824        0.89618270454215       -1.26596753216288
H            1.60730353085322        0.53836014784706       -1.96878151907187
H            1.82239930403936        1.98705628528101       -0.98215251814983
H            3.64719879082412        0.55660361138008        1.12241980173159
H            2.35939305801770        0.12523688511427        2.24696703183802
H            2.38694720506008        1.72757214293956        1.51010069361782
29
 energy: -29.492495345544 gnorm: 0.000076207795 xtb: 6.7.1 (edcfbbe)
C           -2.66247866004530       -0.70379297107968        1.05401453207759
C           -2.20311905012025        0.16606435908643       -0.11430515939979
C           -3.12269744204304       -0.05600467689547       -1.31503492416501
C           -0.75040870840482       -0.12935326684438       -0.50968258381751
C            0.25964072558012        0.34081475191442        0.53584557343022
C            1.74291877381683        0.15032536775027        0.16588690353638
C            2.06575462286202       -1.32996949260373       -0.05166715542807
C            2.10647462545429        0.94305642412909       -1.09211000100555
C            2.58678365570125        0.67229850571759        1.33514915314268
H           -2.07410609288102       -0.50745604949626        1.94601286633591
H           -2.56584262492378       -1.75743553136970        0.80019628030632
H           -3.70561155334360       -0.50187675757517        1.28697909121597
H           -2.27441705923118        1.21824605706859        0.18517242839817
H           -2.83976667777486        0.59091795721809       -2.14232755799017
H           -3.06201597100593       -1.08922096502239       -1.65048255846818
H           -4.15560087669695        0.15848416394533       -1.05068045779826
H           -0.64631236382374       -1.20303167579124       -0.67348677036959
H           -0.54764910683637        0.37640420626173       -1.45502434662151
H            0.07856435687678       -0.19248231983647        1.47113807346655
H            0.08851679867136        1.40375258669229        0.72707780229471
H            1.55479753118750       -1.71626336329809       -0.92938921494424
H            3.13538485423553       -1.46208666150428       -0.19924361116077
H            1.76417889098892       -1.91781226232782        0.81240136740900
H            3.17935545011129        0.89667366747696       -1.26547308350587
H            1.60774537262610        0.53868743746921       -1.96879227220323
H            1.82231435664887        1.98717117061544       -0.98172887284976
H            3.64711365981720        0.55586639277887        1.12270590735268
H            2.35909982844935        0.12471453864961        2.24705404739019
H            2.38718887035391        1.72714993165568        1.51038078904481
29
 energy: -29.492495769518 gnorm: 0.000091767421 xtb: 6.7.1 (edcfbbe)
C           -2.66300979127703       -0.70274212103726        1.05443514711536
C           -2.20308689582661        0.16602231009346       -0.11445500467230
C           -3.12264539874002       -0.05664252945326       -1.31507796603998
C           -0.75037309599777       -0.12985834235511       -0.50962909625856
C            0.25965024834547        0.34048010283824        0.53582867123973
C            1.74298663266664        0.15022041663444        0.16581177729138
C            2.06621294959279       -1.32991717640363       -0.05217603745409
C            2.10650097898232        0.94338236784355       -1.09192457888293
C            2.58671748935734        0.67202741120006        1.33523627331822
H           -2.07499577260420       -0.50573922082933        1.94651475694684
H           -2.56651219303110       -1.75661323348923        0.80158266604723
H           -3.70621447589941       -0.50042316697028        1.28677062174933
H           -2.27413586433002        1.21844544590220        0.18422537784105
H           -2.83928744220269        0.58933115996599       -2.14295965311137
H           -3.06252064628801       -1.09020382487495       -1.64954006080061
H           -4.15546228853605        0.15866125070168       -1.05103210443991
H           -0.64646130384352       -1.20362468423829       -0.67310250583614
H           -0.54751369397265        0.37559295460003       -1.45515006977154
H            0.07870115844030       -0.19271885568273        1.47120376871917
H            0.08846129878076        1.40343146787469        0.72692655947608
H            1.55597882227740       -1.71586552883651       -0.93045707258174
H            3.13597760071260       -1.46171440803518       -0.19905793872204
H            1.76417854894134       -1.91827599381851        0.81137235131746
H            3.17940343163318        0.89716404034454       -1.26521713136531
H            1.60790268376286        0.53917656100826       -1.96875540307134
H            1.82222334114026        1.98743964352775       -0.98132169758617
H            3.64708450665344        0.55612505937503        1.12267529562121
H            2.35932809448209        0.12396099703113        2.24691931612190
H            2.38671726303077        1.72671942186813        1.51093998346273
29
 energy: -29.492496258830 gnorm: 0.000100151087 xtb: 6.7.1 (edcfbbe)
C           -2.66342509836477       -0.70154602470169        1.05483790784585
C           -2.20300374728263        0.16602408347833       -0.11472468360170
C           -3.12260336552594       -0.05727942936066       -1.31519567521156
C           -0.75033749952063       -0.13061228542708       -0.50953012876162
C            0.25966402622585        0.33998439497006        0.53581078052592
C            1.74305075930857        0.15015874610089        0.16575912820447
C            2.06666527825106       -1.32982082200576       -0.05268734862823
C            2.10644114054381        0.94376052347061       -1.09173281020913
C            2.58664508269761        0.67182805208920        1.33534621300997
H           -2.07532553003909       -0.50426259825885        1.94678247067346
H           -2.56763484534635       -1.75564759933575        0.80280637753831
H           -3.70647609734693       -0.49837574422173        1.28699601903492
H           -2.27367166088726        1.21871151178888        0.18310039552247
H           -2.83851750282698        0.58738529847155       -2.14383352644114
H           -3.06340670825238       -1.09131012355541       -1.64834297515436
H           -4.15524062734203        0.15934809835073       -1.05155635919551
H           -0.64666779184914       -1.20447349098270       -0.67251629137588
H           -0.54723811096453        0.37437318129684       -1.45523378173266
H            0.07888643559548       -0.19323140729006        1.47119252306705
H            0.08824069966362        1.40289053768827        0.72688300829929
H            1.55737959390232       -1.71532805374758       -0.93169186616310
H            3.13658299472296       -1.46140983994825       -0.19854010720071
H            1.76383304483152       -1.91869895210361        0.81020528292009
H            3.17932768868982        0.89768977086149       -1.26511967202287
H            1.60783480538208        0.53980089519153       -1.96865946954370
H            1.82208147805495        1.98774530991946       -0.98078976183411
H            3.64706471813915        0.55689481829076        1.12255964217657
H            2.35980937715469        0.12300867686687        2.24669390874211
H            2.38584764863563        1.72623399688860        1.51176704518945
29
 energy: -29.492496799965 gnorm: 0.000092031344 xtb: 6.7.1 (edcfbbe)
C           -2.66366311524519       -0.70019298754083        1.05529577327764
C           -2.20283144313425        0.16607446135356       -0.11508051370091
C           -3.12246271736524       -0.05798413055315       -1.31538954420759
C           -0.75024175518339       -0.13139283457591       -0.50948618892106
C            0.25966811345375        0.33943047021925        0.53586450895523
C            1.74307185989431        0.15008775215238        0.16570428110700
C            2.06701482202888       -1.32975633540342       -0.05324231066307
C            2.10624406880824        0.94421431899277       -1.09152436520960
C            2.58646300372310        0.67162140622179        1.33550545756436
H           -2.07526038390355       -0.50255011480003        1.94697079022336
H           -2.56861754610192       -1.75456875359149        0.80411060800096
H           -3.70653369948791       -0.49609160126913        1.28745524881611
H           -2.27312575278341        1.21908265985254        0.18171246645938
H           -2.83757006179342        0.58513677183321       -2.14495810571554
H           -3.06436875320618       -1.09257940673727       -1.64698339124554
H           -4.15489285527509        0.16016406524578       -1.05220315407327
H           -0.64692914496788       -1.20539897637373       -0.67179423618934
H           -0.54675449431651        0.37292316502044       -1.45547667633889
H            0.07911878672760       -0.19392446327100        1.47122521255576
H            0.08789569427629        1.40227085494469        0.72703304103658
H            1.55867669595117       -1.71476239751770       -0.93302515312068
H            3.13710335310676       -1.46122975997382       -0.19798129268334
H            1.76325347181696       -1.91913698383922        0.80898449965029
H            3.17911985109017        0.89830969244434       -1.26505056871148
H            1.60757228337809        0.54055937922632       -1.96856434092826
H            1.82178848842287        1.98813225034663       -0.98012613778527
H            3.64692470428208        0.55779667694155        1.12233773387054
H            2.36036077906522        0.12188204428196        2.24649325442360
H            2.38478193298893        1.72572430115442        1.51277934922668
29
 energy: -29.492497335969 gnorm: 0.000063129642 xtb: 6.7.1 (edcfbbe)
C           -2.66379165598670       -0.69870678862311        1.05573960861698
C           -2.20268680319748        0.16619912845654       -0.11554994650755
C           -3.12236036774501       -0.05880780392983       -1.31565335323952
C           -0.75017580101596       -0.13224015639949       -0.50940808248532
C            0.25964898074399        0.33886627520890        0.53591724024841
C            1.74307068865302        0.15006517642172        0.16569566462920
C            2.06724097293236       -1.32966505992533       -0.05378225783222
C            2.10602847413175        0.94475609670935       -1.09124493945860
C            2.58639928153344        0.67135374262144        1.33565870736469
H           -2.07502104353308       -0.50058426727713        1.94707111458612
H           -2.56939763201535       -1.75337048186878        0.80548803154625
H           -3.70647858601879       -0.49378245487132        1.28797971147845
H           -2.27263072242870        1.21954795810128        0.18013899147174
H           -2.83662509147524        0.58271937365260       -2.14617058481513
H           -3.06527722446549       -1.09397727642098       -1.64563528339289
H           -4.15460976332897        0.16083893388164       -1.05299842748149
H           -0.64724831712326       -1.20639744103829       -0.67097466465689
H           -0.54620312987419        0.37135723477922       -1.45566201087785
H            0.07933917408290       -0.19469614628877        1.47121319319778
H            0.08748752725882        1.40161942363324        0.72726359223082
H            1.55964558580223       -1.71415968815631       -0.93422167353588
H            3.13744775764212       -1.46110720030741       -0.19764958619478
H            1.76268829439721       -1.91952537663435        0.80784238636407
H            3.17887724058767        0.89899512619197       -1.26499539269471
H            1.60723688629831        0.54146541768239       -1.96838819857533
H            1.82149956169950        1.98860612746194       -0.97934324399598
H            3.64691776000064        0.55864472126014        1.12215387070634
H            2.36097602764318        0.12069561856160        2.24625897939984
H            2.38380811105154        1.72513131190208        1.51384279957709
29
 energy: -29.492497340990 gnorm: 0.000052717227 xtb: 6.7.1 (edcfbbe)
C           -2.66379541289608       -0.69870074043874        1.05574473614633
C           -2.20267502672075        0.16621079614887       -0.11555511884511
C           -3.12235993039380       -0.05881789911492       -1.31565385818547
C           -0.75018205671029       -0.13224270302853       -0.50941652140693
C            0.25966081792169        0.33886765312349        0.53591584932803
C            1.74307215909690        0.15006460847819        0.16569518720426
C            2.06723867704069       -1.32966308750655       -0.05378479290831
C            2.10602705543782        0.94476129405116       -1.09124459000647
C            2.58639526109963        0.67135235297580        1.33566366577814
H           -2.07501934448463       -0.50056914688612        1.94706931838902
H           -2.56939542305195       -1.75337025263136        0.80549732359223
H           -3.70648164828544       -0.49377351378195        1.28798559320036
H           -2.27263021817825        1.21955240022761        0.18012981480274
H           -2.83662354437048        0.58270930947599       -2.14617373429842
H           -3.06527492515236       -1.09398814076068       -1.64563364746594
H           -4.15461016166916        0.16083265244040       -1.05300221467969
H           -0.64725081622890       -1.20639748242547       -0.67096664446628
H           -0.54619884406733        0.37134636741863       -1.45566247684660
H            0.07934005561554       -0.19469754080121        1.47121469116002
H            0.08748325490492        1.40161993068502        0.72726444075190
H            1.55963616668893       -1.71416108915510       -0.93423158175598
H            3.13745139340036       -1.46110760417032       -0.19765846194850
H            1.76268678978460       -1.91952857007857        0.80784479503001
H            3.17887642455755        0.89899861913722       -1.26499233696377
H            1.60723654749949        0.54147149247249       -1.96838924591692
H            1.82149987243289        1.98861173483019       -0.97933806302941
H            3.64691493656078        0.55864006204142        1.12215405713182
H            2.36097475813794        0.12068851544545        2.24626227391549
H            2.38380936828014        1.72513150661253        1.51384778796708
