----------------------------------------------- 
  Element       SASA      Sigma Z        Total  
     Z         Ang**2 cal/Ang**2/mol   kcal/mol 
----------------------------------------------- 
      H        112.491      48.690       5.477
      C         26.798     129.740       3.477
      O         35.661       0.000       0.000

 Subtotal:     174.950                   8.954
 -----------------------------------------------

  Elements    COT*SASA   Sigma Z,Z'     Total   
    Z,Z'       Ang**2  cal/Ang**2/mol kcal/mol  
 ---------------------------------------------- 
  H   C         66.757     -60.770      -4.057
  H   O          9.541       0.000       0.000
  C   C         19.423     -72.950      -1.417
  O   C         18.035      68.690       1.239
  O   O          0.000       0.000       0.000

 Subtotal:                              -4.235
 ---------------------------------------------- 

 NONAQUEOUS SOLVENT CONTRIBUTION (kcal/mol):
 (proportional to SASA, atomic number independent)
 ---------------------------------------------- 
 Subtotal:                               0.000
 ---------------------------------------------- 

 CDS TOTAL (kcal/mol):                   4.719
...............................................................................
