----------------------------------------------- 
  Element       SASA      Sigma Z        Total  
     Z         Ang**2 cal/Ang**2/mol   kcal/mol 
----------------------------------------------- 
      H        198.479      48.690       9.664
      C         86.953     129.740      11.281
      N         22.336       0.000       0.000
      O         26.328       0.000       0.000

 Subtotal:     334.095                  20.945
 -----------------------------------------------

  Elements    COT*SASA   Sigma Z,Z'     Total   
    Z,Z'       Ang**2  cal/Ang**2/mol kcal/mol  
 ---------------------------------------------- 
  H   C        133.830     -60.770      -8.133
  H   O          0.000       0.000       0.000
  C   C         31.315     -72.950      -2.284
  O   C         14.046      68.690       0.965
  O   O          0.000       0.000       0.000
  C   N         59.938       0.000       0.000
  N   C        116.098     -48.220      -5.598
  N  C(3)        0.000      84.100       0.000
  O   N          0.000     121.980       0.000

 Subtotal:                             -15.051
 ---------------------------------------------- 

 NONAQUEOUS SOLVENT CONTRIBUTION (kcal/mol):
 (proportional to SASA, atomic number independent)
 ---------------------------------------------- 
 Subtotal:                               0.000
 ---------------------------------------------- 

 CDS TOTAL (kcal/mol):                   5.895
...............................................................................
