----------------------------------------------- 
  Element       SASA      Sigma Z        Total  
     Z         Ang**2 cal/Ang**2/mol   kcal/mol 
----------------------------------------------- 
      H        136.112      48.690       6.627
      C         24.439     129.740       3.171
      O         13.850       0.000       0.000

 Subtotal:     174.400                   9.798
 -----------------------------------------------

  Elements    COT*SASA   Sigma Z,Z'     Total   
    Z,Z'       Ang**2  cal/Ang**2/mol kcal/mol  
 ---------------------------------------------- 
  H   C         82.368     -60.770      -5.006
  H   O          9.839       0.000       0.000
  C   C         17.951     -72.950      -1.310
  O   C          0.021      68.690       0.001

 Subtotal:                              -6.314
 ---------------------------------------------- 

 NONAQUEOUS SOLVENT CONTRIBUTION (kcal/mol):
 (proportional to SASA, atomic number independent)
 ---------------------------------------------- 
 Subtotal:                               0.000
 ---------------------------------------------- 

 CDS TOTAL (kcal/mol):                   3.484
...............................................................................
