----------------------------------------------- 
  Element       SASA      Sigma Z        Total  
     Z         Ang**2 cal/Ang**2/mol   kcal/mol 
----------------------------------------------- 
      H        203.435      48.690       9.905
      C         81.164     129.740      10.530
      N         21.194       0.000       0.000
      O         30.835       0.000       0.000

 Subtotal:     336.628                  20.435
 -----------------------------------------------

  Elements    COT*SASA   Sigma Z,Z'     Total   
    Z,Z'       Ang**2  cal/Ang**2/mol kcal/mol  
 ---------------------------------------------- 
  H   C        136.826     -60.770      -8.315
  H   O          0.000       0.000       0.000
  C   C         33.194     -72.950      -2.422
  O   C         15.567      68.690       1.069
  O   O          0.000       0.000       0.000
  C   N         54.450       0.000       0.000
  N   C        123.112     -48.220      -5.936
  N  C(3)        0.000      84.100       0.000
  O   N          0.000     121.980       0.000

 Subtotal:                             -15.604
 ---------------------------------------------- 

 NONAQUEOUS SOLVENT CONTRIBUTION (kcal/mol):
 (proportional to SASA, atomic number independent)
 ---------------------------------------------- 
 Subtotal:                               0.000
 ---------------------------------------------- 

 CDS TOTAL (kcal/mol):                   4.832
...............................................................................
