2025-04-11 12:22:32,021 -   censo.qm_processor   -   INFO   - worker1536392:Running xtb_gsolv calculation in /srv/scratch/z5358697/.automated/5995/0_PRESCREENING/CONF4/xtb_gsolv.
2025-04-11 12:22:32,057 -   censo.qm_processor   -   INFO   - worker1536386:Running xtb_gsolv calculation in /srv/scratch/z5358697/.automated/5995/0_PRESCREENING/CONF1/xtb_gsolv.
2025-04-11 12:22:32,071 -   censo.qm_processor   -   INFO   - worker1536395:Running xtb_gsolv calculation in /srv/scratch/z5358697/.automated/5995/0_PRESCREENING/CONF5/xtb_gsolv.
2025-04-11 12:22:32,078 -   censo.qm_processor   -   INFO   - worker1536387:Running xtb_gsolv calculation in /srv/scratch/z5358697/.automated/5995/0_PRESCREENING/CONF2/xtb_gsolv.
2025-04-11 12:22:32,191 -   censo.qm_processor   -   INFO   - worker1536389:Running xtb_gsolv calculation in /srv/scratch/z5358697/.automated/5995/0_PRESCREENING/CONF3/xtb_gsolv.
2025-04-11 12:22:32,204 -   censo.qm_processor   -   INFO   - worker1536398:Running xtb_gsolv calculation in /srv/scratch/z5358697/.automated/5995/0_PRESCREENING/CONF6/xtb_gsolv.
2025-04-11 12:22:32,223 -   censo.qm_processor   -   INFO   - worker1536407:Running xtb_gsolv calculation in /srv/scratch/z5358697/.automated/5995/0_PRESCREENING/CONF9/xtb_gsolv.
2025-04-11 12:22:32,251 -   censo.qm_processor   -   INFO   - worker1536404:Running xtb_gsolv calculation in /srv/scratch/z5358697/.automated/5995/0_PRESCREENING/CONF7/xtb_gsolv.
2025-04-11 12:22:32,271 -   censo.qm_processor   -   INFO   - worker1536401:Running xtb_gsolv calculation in /srv/scratch/z5358697/.automated/5995/0_PRESCREENING/CONF8/xtb_gsolv.
2025-04-11 12:22:32,838 -     censo.parallel     -   INFO   - All jobs executed successfully.
2025-04-11 12:22:32,858 -   censo.qm_processor   -   INFO   - worker1536462:Running sp calculation in /srv/scratch/z5358697/.automated/5995/0_PRESCREENING/CONF1/sp.
2025-04-11 12:22:32,860 -   censo.qm_processor   -   INFO   - worker1536463:Running sp calculation in /srv/scratch/z5358697/.automated/5995/0_PRESCREENING/CONF2/sp.
2025-04-11 12:22:32,861 -   censo.qm_processor   -   INFO   - worker1536483:Running sp calculation in /srv/scratch/z5358697/.automated/5995/0_PRESCREENING/CONF9/sp.
2025-04-11 12:22:32,862 -   censo.qm_processor   -   INFO   - worker1536465:Running sp calculation in /srv/scratch/z5358697/.automated/5995/0_PRESCREENING/CONF3/sp.
2025-04-11 12:22:32,870 -   censo.qm_processor   -   INFO   - worker1536468:Running sp calculation in /srv/scratch/z5358697/.automated/5995/0_PRESCREENING/CONF4/sp.
2025-04-11 12:22:32,875 -   censo.qm_processor   -   INFO   - worker1536471:Running sp calculation in /srv/scratch/z5358697/.automated/5995/0_PRESCREENING/CONF5/sp.
2025-04-11 12:22:32,883 -   censo.qm_processor   -   INFO   - worker1536474:Running sp calculation in /srv/scratch/z5358697/.automated/5995/0_PRESCREENING/CONF6/sp.
2025-04-11 12:22:32,891 -   censo.qm_processor   -   INFO   - worker1536477:Running sp calculation in /srv/scratch/z5358697/.automated/5995/0_PRESCREENING/CONF8/sp.
2025-04-11 12:22:32,900 -   censo.qm_processor   -   INFO   - worker1536480:Running sp calculation in /srv/scratch/z5358697/.automated/5995/0_PRESCREENING/CONF7/sp.
2025-04-11 12:22:39,490 -     censo.parallel     -   INFO   - All jobs executed successfully.
2025-04-11 12:22:39,570 -   censo.qm_processor   -   INFO   - worker1536620:Running gsolv calculation in /srv/scratch/z5358697/.automated/5995/1_SCREENING/CONF9/gsolv.
2025-04-11 12:22:39,595 -   censo.qm_processor   -   INFO   - worker1536612:Running gsolv calculation in /srv/scratch/z5358697/.automated/5995/1_SCREENING/CONF1/gsolv.
2025-04-11 12:22:39,615 -   censo.qm_processor   -   INFO   - worker1536609:Running gsolv calculation in /srv/scratch/z5358697/.automated/5995/1_SCREENING/CONF2/gsolv.
2025-04-11 12:22:39,661 -   censo.qm_processor   -   INFO   - worker1536626:Running gsolv calculation in /srv/scratch/z5358697/.automated/5995/1_SCREENING/CONF4/gsolv.
2025-04-11 12:22:39,771 -   censo.qm_processor   -   INFO   - worker1536614:Running gsolv calculation in /srv/scratch/z5358697/.automated/5995/1_SCREENING/CONF6/gsolv.
2025-04-11 12:22:39,779 -   censo.qm_processor   -   INFO   - worker1536610:Running gsolv calculation in /srv/scratch/z5358697/.automated/5995/1_SCREENING/CONF5/gsolv.
2025-04-11 12:22:39,796 -   censo.qm_processor   -   INFO   - worker1536617:Running gsolv calculation in /srv/scratch/z5358697/.automated/5995/1_SCREENING/CONF7/gsolv.
2025-04-11 12:22:39,821 -   censo.qm_processor   -   INFO   - worker1536623:Running gsolv calculation in /srv/scratch/z5358697/.automated/5995/1_SCREENING/CONF8/gsolv.
2025-04-11 12:22:39,823 -   censo.qm_processor   -   INFO   - worker1536629:Running gsolv calculation in /srv/scratch/z5358697/.automated/5995/1_SCREENING/CONF3/gsolv.
2025-04-11 12:23:15,402 -     censo.parallel     -   INFO   - All jobs executed successfully.
2025-04-11 12:23:15,484 -   censo.qm_processor   -   INFO   - worker1536864:Running xtb_opt calculation in /srv/scratch/z5358697/.automated/5995/2_OPTIMIZATION/CONF6/xtb_opt.
2025-04-11 12:23:15,507 -   censo.qm_processor   -   INFO   - worker1536853:Running xtb_opt calculation in /srv/scratch/z5358697/.automated/5995/2_OPTIMIZATION/CONF5/xtb_opt.
2025-04-11 12:23:15,744 -   censo.qm_processor   -   INFO   - worker1536852:Running xtb_opt calculation in /srv/scratch/z5358697/.automated/5995/2_OPTIMIZATION/CONF2/xtb_opt.
2025-04-11 12:23:15,749 -   censo.qm_processor   -   INFO   - worker1536857:Running xtb_opt calculation in /srv/scratch/z5358697/.automated/5995/2_OPTIMIZATION/CONF7/xtb_opt.
2025-04-11 12:23:15,756 -   censo.qm_processor   -   INFO   - worker1536855:Running xtb_opt calculation in /srv/scratch/z5358697/.automated/5995/2_OPTIMIZATION/CONF1/xtb_opt.
2025-04-11 12:23:15,759 -   censo.qm_processor   -   INFO   - worker1536860:Running xtb_opt calculation in /srv/scratch/z5358697/.automated/5995/2_OPTIMIZATION/CONF8/xtb_opt.
2025-04-11 12:23:15,808 -   censo.qm_processor   -   INFO   - worker1536870:Running xtb_opt calculation in /srv/scratch/z5358697/.automated/5995/2_OPTIMIZATION/CONF9/xtb_opt.
2025-04-11 12:23:15,820 -   censo.qm_processor   -   INFO   - worker1536873:Running xtb_opt calculation in /srv/scratch/z5358697/.automated/5995/2_OPTIMIZATION/CONF4/xtb_opt.
2025-04-11 12:23:15,825 -   censo.qm_processor   -   INFO   - worker1536867:Running xtb_opt calculation in /srv/scratch/z5358697/.automated/5995/2_OPTIMIZATION/CONF3/xtb_opt.
2025-04-11 12:26:10,652 -     censo.parallel     -   INFO   - All jobs executed successfully.
2025-04-11 12:26:10,673 -   censo.qm_processor   -   INFO   - worker1538232:Running xtb_rrho calculation in /srv/scratch/z5358697/.automated/5995/2_OPTIMIZATION/CONF2/xtb_rrho.
2025-04-11 12:26:10,678 -   censo.qm_processor   -   INFO   - worker1538250:Running xtb_rrho calculation in /srv/scratch/z5358697/.automated/5995/2_OPTIMIZATION/CONF5/xtb_rrho.
2025-04-11 12:26:10,686 -   censo.qm_processor   -   INFO   - worker1538238:Running xtb_rrho calculation in /srv/scratch/z5358697/.automated/5995/2_OPTIMIZATION/CONF7/xtb_rrho.
2025-04-11 12:26:10,699 -   censo.qm_processor   -   INFO   - worker1538235:Running xtb_rrho calculation in /srv/scratch/z5358697/.automated/5995/2_OPTIMIZATION/CONF1/xtb_rrho.
2025-04-11 12:26:10,706 -   censo.qm_processor   -   INFO   - worker1538241:Running xtb_rrho calculation in /srv/scratch/z5358697/.automated/5995/2_OPTIMIZATION/CONF8/xtb_rrho.
2025-04-11 12:26:10,714 -   censo.qm_processor   -   INFO   - worker1538244:Running xtb_rrho calculation in /srv/scratch/z5358697/.automated/5995/2_OPTIMIZATION/CONF6/xtb_rrho.
2025-04-11 12:26:10,722 -   censo.qm_processor   -   INFO   - worker1538247:Running xtb_rrho calculation in /srv/scratch/z5358697/.automated/5995/2_OPTIMIZATION/CONF3/xtb_rrho.
2025-04-11 12:26:10,733 -   censo.qm_processor   -   INFO   - worker1538253:Running xtb_rrho calculation in /srv/scratch/z5358697/.automated/5995/2_OPTIMIZATION/CONF4/xtb_rrho.
2025-04-11 12:26:10,738 -   censo.qm_processor   -   INFO   - worker1538233:Running xtb_rrho calculation in /srv/scratch/z5358697/.automated/5995/2_OPTIMIZATION/CONF9/xtb_rrho.
2025-04-11 12:26:13,251 -     censo.parallel     -   INFO   - All jobs executed successfully.
2025-04-11 12:26:13,251 -censo.ensembleopt.optimization-   INFO   - Threshold: 2.50 kcal/mol
2025-04-11 12:26:13,268 -   censo.qm_processor   -   INFO   - worker1538301:Running xtb_opt calculation in /srv/scratch/z5358697/.automated/5995/2_OPTIMIZATION/CONF5/xtb_opt.
2025-04-11 12:26:13,269 -   censo.qm_processor   -   INFO   - worker1538302:Running xtb_opt calculation in /srv/scratch/z5358697/.automated/5995/2_OPTIMIZATION/CONF7/xtb_opt.
2025-04-11 12:26:13,269 -   censo.qm_processor   -   INFO   - worker1538304:Running xtb_opt calculation in /srv/scratch/z5358697/.automated/5995/2_OPTIMIZATION/CONF8/xtb_opt.
2025-04-11 12:26:13,270 -   censo.qm_processor   -   INFO   - worker1538307:Running xtb_opt calculation in /srv/scratch/z5358697/.automated/5995/2_OPTIMIZATION/CONF6/xtb_opt.
2025-04-11 12:26:13,271 -   censo.qm_processor   -   INFO   - worker1538310:Running xtb_opt calculation in /srv/scratch/z5358697/.automated/5995/2_OPTIMIZATION/CONF3/xtb_opt.
2025-04-11 12:26:13,271 -   censo.qm_processor   -   INFO   - worker1538313:Running xtb_opt calculation in /srv/scratch/z5358697/.automated/5995/2_OPTIMIZATION/CONF4/xtb_opt.
2025-04-11 12:29:03,133 -     censo.parallel     -   INFO   - All jobs executed successfully.
2025-04-11 12:29:03,134 -censo.ensembleopt.optimization-   INFO   - Threshold: 1.83 kcal/mol
2025-04-11 12:29:03,152 -   censo.qm_processor   -   INFO   - worker1539322:Running xtb_opt calculation in /srv/scratch/z5358697/.automated/5995/2_OPTIMIZATION/CONF6/xtb_opt.
2025-04-11 12:29:03,152 -   censo.qm_processor   -   INFO   - worker1539340:Running xtb_opt calculation in /srv/scratch/z5358697/.automated/5995/2_OPTIMIZATION/CONF4/xtb_opt.
2025-04-11 12:31:42,297 -     censo.parallel     -   INFO   - All jobs executed successfully.
2025-04-11 12:31:42,298 -censo.ensembleopt.optimization-   INFO   - Threshold: 1.67 kcal/mol
2025-04-11 12:31:42,315 -   censo.qm_processor   -   INFO   - worker1539775:Running xtb_opt calculation in /srv/scratch/z5358697/.automated/5995/2_OPTIMIZATION/CONF4/xtb_opt.
2025-04-11 12:32:33,769 -     censo.parallel     -   INFO   - All jobs executed successfully.
2025-04-11 12:32:33,769 -censo.ensembleopt.optimization-   INFO   - Threshold: 1.50 kcal/mol
2025-04-11 12:32:33,787 -   censo.qm_processor   -   INFO   - worker1539934:Running xtb_rrho calculation in /srv/scratch/z5358697/.automated/5995/2_OPTIMIZATION/CONF2/xtb_rrho.
2025-04-11 12:32:33,789 -   censo.qm_processor   -   INFO   - worker1539935:Running xtb_rrho calculation in /srv/scratch/z5358697/.automated/5995/2_OPTIMIZATION/CONF5/xtb_rrho.
2025-04-11 12:32:33,789 -   censo.qm_processor   -   INFO   - worker1539937:Running xtb_rrho calculation in /srv/scratch/z5358697/.automated/5995/2_OPTIMIZATION/CONF1/xtb_rrho.
2025-04-11 12:32:34,529 -     censo.parallel     -   INFO   - All jobs executed successfully.
