----------------------------------------------- 
  Element       SASA      Sigma Z        Total  
     Z         Ang**2 cal/Ang**2/mol   kcal/mol 
----------------------------------------------- 
      H        119.356      48.690       5.811
      C         31.792     129.740       4.125
      O         32.996       0.000       0.000

 Subtotal:     184.143                   9.936
 -----------------------------------------------

  Elements    COT*SASA   Sigma Z,Z'     Total   
    Z,Z'       Ang**2  cal/Ang**2/mol kcal/mol  
 ---------------------------------------------- 
  H   C         80.255     -60.770      -4.877
  H   O          0.000       0.000       0.000
  C   C         18.067     -72.950      -1.318
  O   C         16.480      68.690       1.132
  O   O          0.000       0.000       0.000

 Subtotal:                              -5.063
 ---------------------------------------------- 

 NONAQUEOUS SOLVENT CONTRIBUTION (kcal/mol):
 (proportional to SASA, atomic number independent)
 ---------------------------------------------- 
 Subtotal:                               0.000
 ---------------------------------------------- 

 CDS TOTAL (kcal/mol):                   4.873
...............................................................................
