17
 energy: -23.953253215977 gnorm: 0.030383107395 xtb: 6.7.1 (edcfbbe)
C           -3.20552692802181        0.45846285957803        0.13691281405405
C           -1.84380126533820       -0.22025989606048        0.22635118006142
C           -0.73926942463013        0.65537184757401       -0.38727486079890
C            0.58537448218691       -0.04524756409341       -0.33050769521976
O            0.84006774436480       -1.09008358808054       -0.90891370350186
O            1.47541946026024        0.58965449208942        0.45785688215873
C            2.77182969952890       -0.04994802758253        0.58774116658322
H           -3.20411526640836        1.41628511519711        0.66809881068392
H           -3.47789980448865        0.65219692468987       -0.90619158073380
H           -3.98419330329728       -0.17069020028880        0.57880093435634
H           -1.86726628553852       -1.18237612070299       -0.29663719380993
H           -1.59513670562178       -0.42778526426811        1.27387234893992
H           -0.68098388756848        1.61659614471544        0.12893496319559
H           -0.96704748584602        0.84062880577683       -1.44346677428954
H            3.26189291652813       -0.11019690243376       -0.38716060056238
H            2.65776025089668       -1.04970234377897        1.01422670372534
H            3.34221426016014        0.58835583832943        1.26173117518256
17
 energy: -23.954195963724 gnorm: 0.011102334202 xtb: 6.7.1 (edcfbbe)
C           -3.19966709103906        0.46051325951129        0.13524751398643
C           -1.84096567396286       -0.21797650692247        0.22561841802685
C           -0.73755795376617        0.65615324292617       -0.38663792959359
C            0.58266972023926       -0.05556856794282       -0.32723424824299
O            0.83663387606514       -1.09165143824556       -0.90580100031293
O            1.46962230424702        0.57265972743939        0.45193850727516
C            2.76356605123261       -0.04370499438571        0.58880589802171
H           -3.19211072041904        1.41118761858426        0.66661628159273
H           -3.46686072364249        0.64979593456101       -0.90345507444876
H           -3.96792375110771       -0.17188114991178        0.57636950031239
H           -1.86419136947933       -1.17544278641325       -0.30058304185722
H           -1.59758088481293       -0.42020916535513        1.27207087226390
H           -0.66472713926670        1.60827306127684        0.13981292259552
H           -0.97118267999046        0.84114485590959       -1.43860840528318
H            3.24503856964527       -0.10807711504208       -0.38673603472058
H            2.64990086046681       -1.04411634119139        1.00593373536047
H            3.32465506275718        0.60016248586221        1.26101665504903
17
 energy: -23.954359686819 gnorm: 0.003917012964 xtb: 6.7.1 (edcfbbe)
C           -3.19696834656168        0.46136322236448        0.13504868998690
C           -1.83745181425735       -0.21679414530744        0.22733052942868
C           -0.73616360886972        0.65746469629750       -0.38697479177529
C            0.58367395386546       -0.05953053599590       -0.33515505245524
O            0.83423899508863       -1.09814652434636       -0.90791530307394
O            1.46316583110751        0.56266048055255        0.44481376544206
C            2.75420022121543       -0.04025606385558        0.58987165557420
H           -3.18588136881514        1.40951947919943        0.66519114393235
H           -3.46080256716750        0.64805742678009       -0.90211939659751
H           -3.96088598202613       -0.17200288433238        0.57627587366763
H           -1.85863178764221       -1.17247513862311       -0.29968777612786
H           -1.59588821874112       -0.41577770296031        1.27318395487851
H           -0.65138204713427        1.60323617244873        0.14669192895553
H           -0.97622021609666        0.84508709784892       -1.43484852774835
H            3.23979868547953       -0.10666866465491       -0.38311467720593
H            2.64789779521507       -1.04246933166560        1.00382997064561
H            3.30661893250670        0.60799453691045        1.26195258249759
17
 energy: -23.954380751708 gnorm: 0.001418706734 xtb: 6.7.1 (edcfbbe)
C           -3.19700096369678        0.46171774438723        0.13476037551810
C           -1.83676015716632       -0.21661897658151        0.22771120844675
C           -0.73599473766933        0.65775094296322       -0.38725871255725
C            0.58227103314279       -0.06407907818440       -0.33552788826273
O            0.83276072679054       -1.10104561223964       -0.91325783926725
O            1.46047306456983        0.55860829810202        0.44270800101860
C            2.75190084332593       -0.03887969711189        0.58984652407198
H           -3.18507218144154        1.41043497628779        0.66408092602251
H           -3.46014468352131        0.64729359561474       -0.90286867933118
H           -3.96072319975412       -0.17145366788632        0.57678173134895
H           -1.85704467839474       -1.17286761373533       -0.29826876567147
H           -1.59533537572838       -0.41414569305111        1.27379627254463
H           -0.64594791226086        1.60075590777190        0.15003991528994
H           -0.97774602635398        0.84977135098037       -1.43363137328879
H            3.24166189697069       -0.10583160472261       -0.38177268107387
H            2.65090861917112       -1.04182117372953        1.00508711482373
H            3.30111218918302        0.61167242179564        1.26214844039227
17
 energy: -23.954386421753 gnorm: 0.001368854847 xtb: 6.7.1 (edcfbbe)
C           -3.19762220266656        0.46143955387204        0.13487917585780
C           -1.83641499453411       -0.21620503690174        0.22889364441403
C           -0.73588644237839        0.65734499472748       -0.38782636156137
C            0.58302156589776       -0.06529391338547       -0.34182100200420
O            0.83084077628297       -1.10312771525434       -0.92099264739826
O            1.45920841191809        0.55539604880456        0.43933889674412
C            2.75097063381169       -0.03860031108705        0.59088444179566
H           -3.18569040052533        1.41193174603169        0.66217298985407
H           -3.46094905744248        0.64504532093008       -0.90364584451245
H           -3.96203102211594       -0.17062695901324        0.57846939338807
H           -1.85636413406548       -1.17390452653817       -0.29489562733360
H           -1.59463330903053       -0.41161014533085        1.27554479430852
H           -0.64123584363819        1.59826133826715        0.15216493843863
H           -0.98117726638776        0.85434517781375       -1.43241305993565
H            3.24645193913742       -0.10513562022913       -0.37871585406933
H            2.65401931238091       -1.04201205605311        1.00776110186967
H            3.29681049052249        0.61401422400690        1.26457559016924
17
 energy: -23.954388271259 gnorm: 0.000318510261 xtb: 6.7.1 (edcfbbe)
C           -3.19744176822470        0.46127937350699        0.13445400874533
C           -1.83659318620114       -0.21614525609019        0.22918963587837
C           -0.73604467554991        0.65732287730170       -0.38740151882520
C            0.58269767897175       -0.06531200332645       -0.34110863406613
O            0.83102012117848       -1.10143032460173       -0.92227005101894
O            1.45970112550262        0.55540450934413        0.43993799275779
C            2.75182400893659       -0.03913950511433        0.59074905685612
H           -3.18618828440760        1.41223472909534        0.66087893662180
H           -3.46130750125687        0.64393440397028       -0.90407193908682
H           -3.96174232888051       -0.17044885593618        0.57861682782576
H           -1.85656322731514       -1.17421073253634       -0.29399850735573
H           -1.59507825108024       -0.41100145324754        1.27605723988407
H           -0.64223101828492        1.59860014893780        0.15227444289369
H           -0.98101587046478        0.85418233141253       -1.43219851000811
H            3.24655299588066       -0.10518269639694       -0.37894535511664
H            2.65385852436698       -1.04214905614909        1.00766457736018
H            3.29787011399530        0.61332363049056        1.26454636667940
17
 energy: -23.954388910779 gnorm: 0.000218094537 xtb: 6.7.1 (edcfbbe)
C           -3.19736569400467        0.46090462292976        0.13407278313554
C           -1.83638402459055       -0.21574762379298        0.22993442270782
C           -0.73605534040359        0.65763504274240       -0.38704900997914
C            0.58277288645506       -0.06489048604898       -0.34175411335202
O            0.83132600615883       -1.09999791354752       -0.92418143203502
O            1.45958306677187        0.55490619038533        0.44031790756267
C            2.75180158192516       -0.03970132423519        0.59081052303736
H           -3.18649406909744        1.41263379254368        0.65892103227576
H           -3.46123609239311        0.64174869994564       -0.90467551133722
H           -3.96136446276372       -0.17041501246064        0.57918530919671
H           -1.85580638768751       -1.17424835489180       -0.29242172476657
H           -1.59521505038965       -0.40951233206450        1.27704095555243
H           -0.64221245361152        1.59891543050236        0.15264915307002
H           -0.98148964230372        0.85431127333696       -1.43175656665112
H            3.24629060321867       -0.10518214574214       -0.37885957652593
H            2.65358605921487       -1.04272890579695        1.00725979874753
H            3.29758147066757        0.61263116685510        1.26488061938614
17
 energy: -23.954389901708 gnorm: 0.000444721941 xtb: 6.7.1 (edcfbbe)
C           -3.19729988864233        0.46022298202109        0.13337832267199
C           -1.83586167904700       -0.21509585458977        0.23143290567336
C           -0.73613887341153        0.65823650900580       -0.38668848521671
C            0.58281812631731       -0.06418322908375       -0.34301660882925
O            0.83215328801399       -1.09715652077669       -0.92869158850292
O            1.45891232797938        0.55363264477954        0.44152506020881
C            2.75150129730972       -0.04071302471347        0.59111867238661
H           -3.18701796663123        1.41376538545969        0.65488833112221
H           -3.46140168583130        0.63725240913765       -0.90593552604556
H           -3.96078327118151       -0.17006506183472        0.58077212755578
H           -1.85415709775274       -1.17461937903021       -0.28909794359564
H           -1.59511970541659       -0.40652815182217        1.27904014041621
H           -0.64178822481406        1.59941034199314        0.15307953827575
H           -0.98270713522574        0.85484073267065       -1.43113776180782
H            3.24578279900360       -0.10481888735368       -0.37864159268956
H            2.65357148209097       -1.04413741867252        1.00647949766335
H            3.29685466440560        0.61121864346998        1.26586948073834
17
 energy: -23.954391374269 gnorm: 0.000470091674 xtb: 6.7.1 (edcfbbe)
C           -3.19724743558393        0.45894582552394        0.13252966897769
C           -1.83474152656268       -0.21385615705066        0.23382637313880
C           -0.73622661488875        0.65940034899198       -0.38670180048358
C            0.58307415458287       -0.06246267340676       -0.34518094380751
O            0.83397520797098       -1.09207287051521       -0.93611473861902
O            1.45758419641991        0.55157860291132        0.44414878609924
C            2.75061677240571       -0.04249181420647        0.59192825770924
H           -3.18789418269123        1.41560353758333        0.64836064348620
H           -3.46201011103015        0.62946975614237       -0.90771823272735
H           -3.95972000336839       -0.16967033153688        0.58400287734215
H           -1.85126138661567       -1.17513121512607       -0.28355848055430
H           -1.59430912418539       -0.40128636151425        1.28220787063749
H           -0.64123140903023        1.60068165954339        0.15267232101622
H           -0.98485480266658        0.85531804885726       -1.43076793708594
H            3.24440705173695       -0.10412716554909       -0.37824398942641
H            2.65335836883110       -1.04688781648506        1.00506076266396
H            3.29579930184206        0.60825074649740        1.26792313165807
17
 energy: -23.954392920182 gnorm: 0.000269141298 xtb: 6.7.1 (edcfbbe)
C           -3.19697463533515        0.45716827034497        0.13185736742172
C           -1.83284820689207       -0.21204371834256        0.23679896600649
C           -0.73636668418394        0.66124789247100       -0.38753747196122
C            0.58335765849854       -0.05987541003053       -0.34803903898521
O            0.83639139413092       -1.08519849929200       -0.94573960824065
O            1.45561513221049        0.54904088319513        0.44766076926174
C            2.74887246606849       -0.04492687560988        0.59326947579066
H           -3.18917572564807        1.41768906488378        0.64056465774653
H           -3.46306139809292        0.61937378862741       -0.90943536549823
H           -3.95768053316952       -0.16975037521067        0.58868534650786
H           -1.84707324848695       -1.17565034280377       -0.27636640968824
H           -1.59218942922225       -0.39408693505612        1.28607688285720
H           -0.64078845777811        1.60306511598817        0.15074655828074
H           -0.98766410263555        0.85554699154038       -1.43122873804666
H            3.24232077080110       -0.10362630685506       -0.37736120877415
H            2.65239707022001       -1.05065659198225        1.00346873763896
H            3.29418638668152        0.60394516879255        1.27095364970742
17
 energy: -23.954394324249 gnorm: 0.000228279274 xtb: 6.7.1 (edcfbbe)
C           -3.19655860267841        0.45483482255298        0.13183216078536
C           -1.83023669474534       -0.20959389155667        0.23989554011057
C           -0.73648477582989        0.66368728038950       -0.38959124551394
C            0.58379295288236       -0.05636484814314       -0.35175017195135
O            0.83917093125360       -1.07707623691471       -0.95658860997745
O            1.45340501458700        0.54663837221345        0.45127018760350
C            2.74645138010030       -0.04792744474117        0.59521897136271
H           -3.19078949832448        1.41934505958812        0.63303433855234
H           -3.46448631102340        0.60818318707612       -0.91038375847883
H           -3.95490006066651       -0.17072252138916        0.59453807199766
H           -1.84196784121419       -1.17591110084618       -0.26828545413814
H           -1.58853588416719       -0.38535572226790        1.29001499931178
H           -0.64066944539473        1.60663510767831        0.14661494059505
H           -0.99094235960560        0.85518392021690       -1.43300325588458
H            3.23995575426591       -0.10388444977133       -0.37567588278776
H            2.65000682108764       -1.05500067619911        1.00231116746107
H            3.29210707663946        0.59859126277452        1.27492257097700
17
 energy: -23.954395739758 gnorm: 0.000362898211 xtb: 6.7.1 (edcfbbe)
C           -3.19569366819460        0.45230462616249        0.13245621964271
C           -1.82693332525320       -0.20682326089120        0.24302905408763
C           -0.73670056592559        0.66653180722331       -0.39281430766114
C            0.58417530128006       -0.05238877945063       -0.35626694787947
O            0.84197053967968       -1.06839831232044       -0.96816432215510
O            1.45085751301671        0.54445019905977        0.45433324620509
C            2.74329214871687       -0.05123108715663        0.59765367709019
H           -3.19259273219356        1.42040528606269        0.62669026559748
H           -3.46590369776617        0.59713049747707       -0.91040702991399
H           -3.95103921560304       -0.17263917524005        0.60085556209484
H           -1.83611624453474       -1.17603791123067       -0.25973334313797
H           -1.58335502449394       -0.37570557751288        1.29386380431246
H           -0.64079408279392        1.61109523467415        0.14052842977322
H           -0.99466404355477        0.85420746978211       -1.43601786423273
H            3.23759129914625       -0.10498189414548       -0.37306683453230
H            2.64609524175977       -1.05947530676669        1.00184265340098
H            3.28912901388075        0.59281830493363        1.27959230733309
17
 energy: -23.954396889617 gnorm: 0.000280256260 xtb: 6.7.1 (edcfbbe)
C           -3.19515284761023        0.45120435997092        0.13350303479774
C           -1.82525521436253       -0.20545654657484        0.24394887396893
C           -0.73677199906860        0.66773671738028       -0.39518761525432
C            0.58436368451460       -0.05066037149940       -0.35851486309893
O            0.84312216264387       -1.06503660841601       -0.97261121836155
O            1.44976794219621        0.54398921313735        0.45486464773080
C            2.74164959264417       -0.05260133546130        0.59898225922852
H           -3.19336811824733        1.41995423950809        0.62625161221220
H           -3.46626675036124        0.59400342404145       -0.90930266022968
H           -3.94912174735816       -0.17428464732626        0.60331069349312
H           -1.83370317566634       -1.17579778684888       -0.25656959050615
H           -1.58019335875225       -0.37156664302791        1.29484159732222
H           -0.64112291316829        1.61339709359569        0.13626284238325
H           -0.99622772375090        0.85299918340942       -1.43841046849294
H            3.23688537128346       -0.10606413350543       -0.37128148551361
H            2.64335587393394       -1.06107000253904        1.00237418762242
H            3.28735767829618        0.59051596481641        1.28191272272296
17
 energy: -23.954398126328 gnorm: 0.000167841744 xtb: 6.7.1 (edcfbbe)
C           -3.19444284541300        0.45082730538677        0.13482114500146
C           -1.82404992953400       -0.20475016828958        0.24424113584830
C           -0.73691606179823        0.66816990213128       -0.39753963449747
C            0.58445994008339       -0.04979981012961       -0.36045286230503
O            0.84387587179049       -1.06338786992509       -0.97544361619897
O            1.44891964020270        0.54397517318798        0.45450316825785
C            2.74039468667166       -0.05328239615803        0.60013912137954
H           -3.19351913296055        1.41913509091195        0.62837613654395
H           -3.46614587751549        0.59412987244747       -0.90773124528486
H           -3.94751189069693       -0.17585983156409        0.60442605656369
H           -1.83260104854530       -1.17573399240572       -0.25500038304356
H           -1.57740816085287       -0.36928028107656        1.29500202934634
H           -0.64158035388317        1.61486019488728        0.13218093836319
H           -0.99730053510338        0.85126826225376       -1.44088656827296
H            3.23679539089122       -0.10688628439892       -0.36944248136131
H            2.64086019477354       -1.06165814867311        1.00334191902714
H            3.28548856905644        0.58953510207474        1.28383971065769
17
 energy: -23.954399662859 gnorm: 0.000159079342 xtb: 6.7.1 (edcfbbe)
C           -3.19357088307743        0.45056448225143        0.13682858145526
C           -1.82263769409702       -0.20402558365888        0.24443781700201
C           -0.73705333077484        0.66824143235552       -0.40087015417304
C            0.58466556976508       -0.04911422443997       -0.36319880861948
O            0.84530033629077       -1.06150213618815       -0.97956194750990
O            1.44759586132358        0.54372084815927        0.45405126608778
C            2.73877671453227       -0.05389562461331        0.60180815758695
H           -3.19316145365867        1.41809542122016        0.63190025553808
H           -3.46588803404493        0.59535202279411       -0.90534719139409
H           -3.94592007250299       -0.17746400106691        0.60580732609768
H           -1.83176772413295       -1.17581084840208       -0.25322925983607
H           -1.57385514240901       -0.36675650734288        1.29496915446558
H           -0.64191632308479        1.61618595472970        0.12664409502275
H           -0.99878847385166        0.84855107493809       -1.44434366163456
H            3.23686737176419       -0.10734315099702       -0.36683119520923
H            2.63806089998303       -1.06225646736645        1.00463399400669
H            3.28261083514189        0.58871942828789        1.28667614113858
17
 energy: -23.954401585453 gnorm: 0.000239449100 xtb: 6.7.1 (edcfbbe)
C           -3.19218714809493        0.45046434018956        0.13950331908798
C           -1.82072074954972       -0.20330729935039        0.24487596930283
C           -0.73736186454583        0.66810182935934       -0.40544956807970
C            0.58496130543613       -0.04812246694156       -0.36718280381530
O            0.84780021594526       -1.05843970841441       -0.98591194603094
O            1.44531813926157        0.54288903145708        0.45411858740898
C            2.73635386959187       -0.05469773632768        0.60424104024039
H           -3.19217060771243        1.41723451434302        0.63607599114003
H           -3.46562942314866        0.59660365975247       -0.90220919790943
H           -3.94352944031918       -0.17894793746620        0.60821616282873
H           -1.83076701774531       -1.17622045724621       -0.25057753960791
H           -1.56899078509013       -0.36347006770153        1.29510278387434
H           -0.64240838371912        1.61776891701456        0.11897825812380
H           -1.00109620496889        0.84452416866156       -1.44904647873751
H            3.23664245220031       -0.10714120474196       -0.36327343881631
H            2.63472123002890       -1.06339467668605        1.00592837508620
H            3.27838286959669        0.58741721475892        1.29098505592886
17
 energy: -23.954404259533 gnorm: 0.000256592312 xtb: 6.7.1 (edcfbbe)
C           -3.19032744298305        0.45027130639837        0.14319876047934
C           -1.81803575757267       -0.20221795244453        0.24564721063231
C           -0.73774713725810        0.66778550986921       -0.41186177277256
C            0.58547326721952       -0.04670634582188       -0.37287732169843
O            0.85211630695978       -1.05321282249217       -0.99626505451503
O            1.44170670777471        0.54098839831825        0.45520084330869
C            2.73279529374563       -0.05596066978956        0.60784984580777
H           -3.19028831934404        1.41676088606480        0.64037809248209
H           -3.46572861661361        0.59683014517183       -0.89797917172871
H           -3.94024096066176       -0.18019229929095        0.61285267554132
H           -1.82938487922621       -1.17684826829816       -0.24642423647241
H           -1.56223007601238       -0.35848157913308        1.29549083606183
H           -0.64309383120908        1.61982951023222        0.10828468058923
H           -1.00446652525619        0.83874768757321       -1.45556345398054
H            3.23592264842622       -0.10600944357140       -0.35829443977091
H            2.63064174580588       -1.06551642796622        1.00719178131555
H            3.27220603337188        0.58519448584061        1.29754529474548
17
 energy: -23.954408839476 gnorm: 0.000367707657 xtb: 6.7.1 (edcfbbe)
C           -3.18713384175381        0.45003520675400        0.14922276027072
C           -1.81355174924731       -0.20061557640756        0.24698399153140
C           -0.73846668856188        0.66717819534650       -0.42242792822642
C            0.58638447457529       -0.04407725276924       -0.38243310668253
O            0.85981389574930       -1.04366736043272       -1.01413040174841
O            1.43530418506772        0.53733046950162        0.45778509876431
C            2.72667116974029       -0.05814952868495        0.61398035155041
H           -3.18655967569795        1.41687144680359        0.64582413392820
H           -3.46656110707855        0.59564216702690       -0.89108973391776
H           -3.93450504630784       -0.18118020400807        0.62198610043947
H           -1.82706601649979       -1.17808977976323       -0.23945963724182
H           -1.55102848597342       -0.35042989814773        1.29615609178765
H           -0.64433775623698        1.62308709217424        0.09068484086516
H           -1.01014977268300        0.82916538373090       -1.46624505509782
H            3.23434731823496       -0.10340208967568       -0.35006295809316
H            2.62439598244399       -1.06950288797620        1.00874872965105
H            3.26176157139551        0.58106673718814        1.30885129224460
17
 energy: -23.954416234874 gnorm: 0.001270124404 xtb: 6.7.1 (edcfbbe)
C           -3.18150337608067        0.44964824289208        0.15971403204597
C           -1.80568074439680       -0.19783449412601        0.24922567526988
C           -0.73973942934669        0.66601621205207       -0.44080832437146
C            0.58805594641901       -0.03937991726198       -0.39913673009742
O            0.87398535036779       -1.02606284839186       -1.04621915756005
O            1.42365709948857        0.53031184114616        0.46299392454072
C            2.71568665200158       -0.06208231383337        0.62483666947320
H           -3.17918164295187        1.41807021331859        0.65343552047444
H           -3.46886972615460        0.59160169976919       -0.87912662107447
H           -3.92411106227715       -0.18180712985895        0.63988177544676
H           -1.82294439940521       -1.18019482355149       -0.22742480604295
H           -1.53139381481482       -0.33643182948552        1.29710654851952
H           -0.64674604966290        1.62852358997850        0.06014997667838
H           -1.02006889362018        0.81248422945470       -1.48466304430246
H            3.23120113895649       -0.09819833527095       -0.33561969851919
H            2.61385399809563       -1.07688089518322        1.01101233669500
H            3.24311741054833        0.57347867901259        1.32901649284924
17
 energy: -23.954422668755 gnorm: 0.001771887617 xtb: 6.7.1 (edcfbbe)
C           -3.17635154159587        0.44975380210455        0.16923539386679
C           -1.79887600057984       -0.19602454612318        0.25016438722255
C           -0.74089863804084        0.66458961676685       -0.45690747363276
C            0.58952141561539       -0.03539776904991       -0.41340175738401
O            0.88631999643042       -1.01156971520591       -1.07178713995033
O            1.41342808999799        0.52470953177787        0.46649281396864
C            2.70575961617022       -0.06501798347793        0.63419699949415
H           -3.17132828971199        1.41958937185014        0.66049401835692
H           -3.47167875205493        0.58875084134131       -0.86799867736645
H           -3.91472510889284       -0.18137735523250        0.65662371969469
H           -1.81983324020267       -1.18190644935353       -0.21916171404391
H           -1.51407879579112       -0.32645582700799        1.29637209899452
H           -0.64908261221556        1.63241845822533        0.03384020426926
H           -1.02821080017802        0.79813768447352       -1.50056360420170
H            3.22849201595173       -0.09377544725035       -0.32283477458747
H            2.60450577786540       -1.08262491207486        1.01333521633407
H            3.22635532439901        0.56746281889715        1.34627485899018
17
 energy: -23.954429473845 gnorm: 0.001361101524 xtb: 6.7.1 (edcfbbe)
C           -3.17270469681066        0.45021498057746        0.17580053523736
C           -1.79461342240241       -0.19542087818893        0.24951348685918
C           -0.74168222691156        0.66324678357755       -0.46725374189462
C            0.59046771643913       -0.03305271568829       -0.42202300468703
O            0.89440039771703       -1.00300144192768       -1.08600260128085
O            1.40677564328518        0.52160173681593        0.46783331327203
C            2.69905605418442       -0.06642438139530        0.64008585596802
H           -3.16444814592192        1.42117889164709        0.66492990051297
H           -3.47453365922807        0.58697228387032       -0.85991639594971
H           -3.90805212494798       -0.17979510242251        0.66925128233551
H           -1.81855067655920       -1.18272611690798       -0.21648542900526
H           -1.50282452541922       -0.32238701729149        1.29405785066661
H           -0.65120582109021        1.63412837212066        0.01733048717212
H           -1.03263024080194        0.78913983200819       -1.51056318014307
H            3.22676860373028       -0.09108568388593       -0.31437344914935
H            2.59804182290159       -1.08557169575135        1.01519589037252
H            3.21505375900203        0.56424427350281        1.35699376973876
17
 energy: -23.954433762353 gnorm: 0.000484321563 xtb: 6.7.1 (edcfbbe)
C           -3.17224562905845        0.44974571486060        0.17635893163843
C           -1.79426887696641       -0.19497920376699        0.24861689493655
C           -0.74169938385367        0.66359338020951       -0.46780744001789
C            0.59056270169585       -0.03244817898698       -0.42200592343268
O            0.89508795418395       -1.00077438650929       -1.08684404761824
O            1.40658559702838        0.52141940817835        0.46776229212517
C            2.69855687520027       -0.06704303720362        0.64043331876054
H           -3.16327787705644        1.42199758664692        0.66183828723794
H           -3.47661557858765        0.58269193742602       -0.85844104975510
H           -3.90588807801337       -0.17849461865850        0.67369602426406
H           -1.81837941638730       -1.18208014393999       -0.21739379906519
H           -1.50192270628314       -0.32210525049855        1.29276470105855
H           -0.65258971488544        1.63462461929632        0.01683339938062
H           -1.03188239844390        0.78945055411721       -1.51114608575047
H            3.22662788175411       -0.09201311617938       -0.31341050208792
H            2.59626502923671       -1.08580828786463        1.01567648788870
H            3.21440207760299        0.56348514353355        1.35744308046209
17
 energy: -23.954436881684 gnorm: 0.000633486969 xtb: 6.7.1 (edcfbbe)
C           -3.17166762892428        0.44915188967087        0.17710105735178
C           -1.79341816810033       -0.19485605667899        0.24798972361272
C           -0.74190056858510        0.66441834837602       -0.46881612993351
C            0.59103552081716       -0.03060316278843       -0.42343103234046
O            0.89589917998384       -0.99826614369463       -1.08901188736045
O            1.40608998400183        0.52167032948039        0.46775956699357
C            2.69751752773207       -0.06791433745772        0.64143557439877
H           -3.16121705883985        1.42396147246861        0.65726936409274
H           -3.48003742427827        0.57630716772760       -0.85714143920077
H           -3.90309634823085       -0.17659442455816        0.68073039716868
H           -1.81765756108750       -1.18180646954616       -0.21832166472339
H           -1.49997736200981       -0.32235312713134        1.29178870322527
H           -0.65381874443843        1.63570849933953        0.01563692086639
H           -1.03177728584913        0.79000449240158       -1.51223122168057
H            3.22633944288511       -0.09314850948385       -0.31183915782693
H            2.59381047640301       -1.08654513551739        1.01648201204315
H            3.21319447568700        0.56212728805260        1.35897378333817
17
 energy: -23.954440579957 gnorm: 0.000567385002 xtb: 6.7.1 (edcfbbe)
C           -3.17075079983282        0.44791300722515        0.17871775428898
C           -1.79158271212720       -0.19459190194281        0.24659799395149
C           -0.74214145508228        0.66627854782388       -0.47123406457689
C            0.59126730909358       -0.02813920593101       -0.42527364696046
O            0.89794596539047       -0.99269538981016       -1.09499779616037
O            1.40452411950520        0.52140749514572        0.46891086556198
C            2.69541128906611       -0.06951744669772        0.64369856841272
H           -3.15691548351116        1.42862495597140        0.64713427304906
H           -3.48735492135175        0.56240633999671       -0.85473943991771
H           -3.89790724126958       -0.17220666995689        0.69584534936703
H           -1.81570308399827       -1.18137831677781       -0.22022059812361
H           -1.49600089020290       -0.32248304534572        1.28982510132199
H           -0.65517278367293        1.63766038555141        0.01333062467988
H           -1.03227571790799        0.79158357771542       -1.51467069365375
H            3.22536749609932       -0.09478097954212       -0.30895297243037
H            2.58985585446652       -1.08825916556659        1.01794798817048
H            3.21075151250217        0.55943993280167        1.36245526304473
17
 energy: -23.954441971159 gnorm: 0.000417361651 xtb: 6.7.1 (edcfbbe)
C           -3.17022281801322        0.44720033724481        0.17973268011628
C           -1.79036290807034       -0.19427456859831        0.24658877006809
C           -0.74209484372903        0.66697667009810       -0.47293881313737
C            0.59194659715504       -0.02612867112220       -0.42824491363458
O            0.89930162670066       -0.98981777786073       -1.09902300118164
O            1.40337188628450        0.52097339442077        0.46935527496469
C            2.69387974601216       -0.07046580085524        0.64526644805056
H           -3.15526366174748        1.43042012362165        0.64283402382121
H           -3.49023794969088        0.55619534500018       -0.85330209185735
H           -3.89558572818345       -0.17030121108866        0.70238433246653
H           -1.81421027351202       -1.18126888298637       -0.21984148163427
H           -1.49365362470983       -0.32138517201801        1.28961348914131
H           -0.65501126442599        1.63844201506532        0.01129229478394
H           -1.03393377768525        0.79157125681633       -1.51596411684711
H            3.22482165404594       -0.09505596668167       -0.30698930009285
H            2.58793116987859       -1.08958675249729        1.01853366662813
H            3.20864262685708        0.55776778210185        1.36507730836959
17
 energy: -23.954443269146 gnorm: 0.000304464125 xtb: 6.7.1 (edcfbbe)
C           -3.16952227534248        0.44684404164661        0.18026896478657
C           -1.78928523419185       -0.19392996822242        0.24717417720057
C           -0.74218494263349        0.66738804413635       -0.47437123381073
C            0.59189318286346       -0.02546700181940       -0.43021873502761
O            0.90069105712333       -0.98728719380528       -1.10304469968161
O            1.40187494270399        0.51988845250725        0.47005958851942
C            2.69241624626870       -0.07115766490062        0.64633397500817
H           -3.15440069270823        1.43122737841871        0.64071415548560
H           -3.49114203294055        0.55292448089556       -0.85252013641920
H           -3.89366723896942       -0.16958167327144        0.70559648082410
H           -1.81285284471435       -1.18145800984234       -0.21814654274850
H           -1.49170575917441       -0.31952628051362        1.29013828267454
H           -0.65472176716922        1.63906770711071        0.00932103384420
H           -1.03546414930921        0.79114646177088       -1.51706782798707
H            3.22411226014407       -0.09475069108452       -0.30559900114445
H            2.58680279324929       -1.09068257421336        1.01868628190256
H            3.20647491196684        0.55661661184746        1.36704980659861
17
 energy: -23.954447665514 gnorm: 0.000957313605 xtb: 6.7.1 (edcfbbe)
C           -3.16716562526916        0.44511519964025        0.18301666906455
C           -1.78491253886283       -0.19156043954247        0.24983889353801
C           -0.74243433978940        0.66861004420037       -0.48082580491697
C            0.59213720670839       -0.02262880611852       -0.43866964608991
O            0.90770941221277       -0.97560405259362       -1.12090966956391
O            1.39567092357787        0.51468813257560        0.47333169680184
C            2.68649426960221       -0.07440884579429        0.65083698767592
H           -3.15207541429636        1.43382753610928        0.63398381582826
H           -3.49340007956457        0.54061366411030       -0.84931738614391
H           -3.88723353742453       -0.16808497448820        0.71740596849945
H           -1.80715663808835       -1.18206437108351       -0.20921435180629
H           -1.48354618208539       -0.30930083329350        1.29260439239029
H           -0.65392203129070        1.64172240798430       -0.00035435283141
H           -1.04172268647998        0.78792478896759       -1.52223525488899
H            3.22127168394502       -0.09314134174936       -0.29965722954085
H            2.58227707102817       -1.09575504510745        1.01884519603643
H            3.19732696324334        0.55130905684376        1.37569464597267
17
 energy: -23.954452373827 gnorm: 0.001696834626 xtb: 6.7.1 (edcfbbe)
C           -3.16395753183902        0.44297528509723        0.18654497690496
C           -1.77913627388829       -0.18831809595680        0.25372711549203
C           -0.74317316124306        0.66993509129720       -0.48923499264956
C            0.59272791815638       -0.01822738743065       -0.44895677134016
O            0.91680536923771       -0.95977719790036       -1.14308481161125
O            1.38801540680058        0.50836805207384        0.47743984329709
C            2.67915290355480       -0.07888203159390        0.65641121861636
H           -3.15050426229384        1.43614464847491        0.62772555675990
H           -3.49529548777701        0.52714431375109       -0.84526143318911
H           -3.87936121331068       -0.16755831338072        0.73014181238892
H           -1.79983805820719       -1.18296607303790       -0.19656676121181
H           -1.47275621796951       -0.29543378244377        1.29625894803732
H           -0.65420591793879        1.64577675499555       -0.01442179675523
H           -1.04903715765015        0.78212165947893       -1.52950624100530
H            3.21768956261980       -0.09147472195530       -0.29218857872273
H            2.57609418744065       -1.10245595155454        1.01872631499808
H            3.18609839147410        0.54388987074570        1.38662017001567
17
 energy: -23.954459657981 gnorm: 0.002375038968 xtb: 6.7.1 (edcfbbe)
C           -3.15986970152190        0.44006418453066        0.19163485989855
C           -1.77142851593043       -0.18332572164125        0.25904967215579
C           -0.74429115156315        0.67140908672314       -0.50073857572076
C            0.59395058906881       -0.01185644232981       -0.46186499870630
O            0.92932580004266       -0.93801201337912       -1.17153642172128
O            1.37803194874364        0.50014930978212        0.48288848711901
C            2.66961291041265       -0.08512031057321        0.66362336537176
H           -3.14987631515362        1.43762872892586        0.62281364321885
H           -3.49609515468127        0.51221887537547       -0.83952573189598
H           -3.86973756250666       -0.16880102212683        0.74426081545439
H           -1.79003085280733       -1.18375791451866       -0.17870595212705
H           -1.45831289163075       -0.27561480389867        1.30112060975852
H           -0.65600180663815        1.65193776880471       -0.03538785702261
H           -1.05792973386641        0.77205478908266       -1.53989603260857
H            3.21286182557572       -0.08949966781932       -0.28247051864041
H            2.56755308129833       -1.11160253834985        1.01811200259173
H            3.17155598832436        0.53338981207258        1.40099720289955
17
 energy: -23.954468214396 gnorm: 0.002133291805 xtb: 6.7.1 (edcfbbe)
C           -3.15684430186631        0.43800122602520        0.19569289038848
C           -1.76568006567093       -0.17928193949616        0.26289582565373
C           -0.74531959923381        0.67226259222171       -0.50946292203099
C            0.59513289071111       -0.00665527864299       -0.47050208833727
O            0.93846263410694       -0.92167184086633       -1.19061932546030
O            1.37096254138162        0.49458910229350        0.48649459876795
C            2.66276047608819       -0.08986617730726        0.66869505018405
H           -3.15039546706054        1.43756922433500        0.62216641551020
H           -3.49558124063441        0.50382726653679       -0.83504222678102
H           -3.86299071461230       -0.17134080267919        0.75258590086759
H           -1.78270163708439       -1.18389860893472       -0.16536929894886
H           -1.44745356323554       -0.26058446848409        1.30434193442215
H           -0.65867312713463        1.65699070678186       -0.05258064922450
H           -1.06361768574324        0.76288903131335       -1.54812578322791
H            3.20930523632909       -0.08849752610368       -0.27546000774226
H            2.56071333719257       -1.11830729145061        1.01740068605170
H            3.16123874363309        0.52523690511808        1.41126356993243
17
 energy: -23.954480965765 gnorm: 0.001440804912 xtb: 6.7.1 (edcfbbe)
C           -3.15226326612309        0.43487931631643        0.20255478549917
C           -1.75697908405455       -0.17294261401555        0.26787936735946
C           -0.74695596281494        0.67334348100969       -0.52308605896949
C            0.59749539557498        0.00193431086291       -0.48293780537055
O            0.95269958395700       -0.89632093632683       -1.21830254228905
O            1.36040898115872        0.48669515258805        0.49176406286430
C            2.65242257689587       -0.09720791944981        0.67649172430803
H           -3.15071790843690        1.43742233649010        0.62224772774137
H           -3.49541362090625        0.49140750783718       -0.82736917636637
H           -3.85244669335664       -0.17546023521979        0.76636085759735
H           -1.77194749726239       -1.18345441125307       -0.14642002111810
H           -1.43064004334297       -0.23823757597387        1.30789384697779
H           -0.66442330298490        1.66493642916680       -0.08013339371166
H           -1.07096475427175        0.74764342264900       -1.56125479495509
H            3.20393984681281       -0.08739351067774       -0.26455046342288
H            2.54938260929184       -1.12843757516052        1.01629777728451
H            3.14572159702968        0.51245494181746        1.42693867659638
17
 energy: -23.954490441080 gnorm: 0.001338803856 xtb: 6.7.1 (edcfbbe)
C           -3.14618057240792        0.43137734537570        0.21213643858902
C           -1.74612955139577       -0.16565088511235        0.27263003621211
C           -0.74906495663752        0.67416541109643       -0.54079700462381
C            0.60087216856958        0.01306599753478       -0.49852333789564
O            0.97088263420669       -0.86455369943598       -1.25174454267085
O            1.34689154164298        0.47727925738209        0.49783235535247
C            2.63912673254572       -0.10608578544627        0.68666939365676
H           -3.14898355241770        1.43813290578553        0.62221400357027
H           -3.49706291887481        0.47543956583011       -0.81607817235363
H           -3.83819245945539       -0.17886902456849        0.78686821305709
H           -1.75917894483538       -1.18255349373704       -0.12572698681928
H           -1.40898776027183       -0.21270702653743        1.31011986438369
H           -0.67264526902112        1.67398852971941       -0.11529963898164
H           -1.07930747926966        0.72806873241581       -1.57823075334189
H            3.19737426836069       -0.08595435263971       -0.25009845355171
H            2.53437772900001       -1.14064698033209        1.01534665386514
H            3.12552684742796        0.49676562332989        1.44705650157706
17
 energy: -23.954493019982 gnorm: 0.001091528783 xtb: 6.7.1 (edcfbbe)
C           -3.14402277852833        0.43129927068542        0.21558460119212
C           -1.74348449435634       -0.16475551743119        0.27233204068605
C           -0.74969890095402        0.67338559588406       -0.54597711052603
C            0.60179673811238        0.01552860023771       -0.50250770888402
O            0.97568246221404       -0.85746160474492       -1.25782310077752
O            1.34300171706838        0.47536157185400        0.49798037349654
C            2.63520770834588       -0.10757076013972        0.68940424959813
H           -3.14641087911594        1.43821950913957        0.62455743551512
H           -3.49796870091264        0.47409753794795       -0.81125599735192
H           -3.83385418025542       -0.17839801686563        0.79291171290855
H           -1.75697704947466       -1.18222131734803       -0.12366668926865
H           -1.40294648000050       -0.20923148063321        1.30833787658301
H           -0.67530186053712        1.67480625405416       -0.12492766826960
H           -1.08084018129794        0.72226469375047       -1.58291710383750
H            3.19601700882079       -0.08529119194670       -0.24563981322906
H            2.53010634898301       -1.14268979980131        1.01571706024968
H            3.11901197905495        0.49391877601778        1.45226441194028
17
 energy: -23.954499194185 gnorm: 0.001275444545 xtb: 6.7.1 (edcfbbe)
C           -3.13868784209173        0.43012554846045        0.22339060656064
C           -1.73615827194973       -0.16186775915736        0.27373332971824
C           -0.75104595761614        0.67256546262232       -0.55936734381200
C            0.60388313473418        0.02186403458404       -0.51558658052766
O            0.99049600405722       -0.83517180346447       -1.28396238931421
O            1.33145781597328        0.46727802212957        0.50217980466936
C            2.62439753781770       -0.11262355091040        0.69778262226102
H           -3.13903319002748        1.44199375380162        0.62059094438581
H           -3.50284400608497        0.46010990840337       -0.80069215936719
H           -3.82138027350658       -0.17442837875747        0.81482854626442
H           -1.75037082519668       -1.18266050144586       -0.11369609434051
H           -1.38694381660580       -0.19637003400201        1.30730703292777
H           -0.67970893393826        1.67800391335019       -0.14795477934886
H           -1.08773028974118        0.70978931738671       -1.59484904851231
H            3.19138977342215       -0.08169210640299       -0.23351375207999
H            2.52042429444890       -1.15050345136331        1.01585447939831
H            3.10117330347168        0.48484974542596        1.46832935114233
17
 energy: -23.954501779814 gnorm: 0.001891969488 xtb: 6.7.1 (edcfbbe)
C           -3.13355069400823        0.42983996238635        0.23090851725462
C           -1.72978983287817       -0.15996187655214        0.27442399732641
C           -0.75229999916210        0.67111802182165       -0.57185589038668
C            0.60538121480587        0.02639472190778       -0.52714728393563
O            1.00392981358188       -0.81632696064607       -1.30573681269121
O            1.32097159004000        0.45984479788708        0.50490864247563
C            2.61458488208902       -0.11645030507483        0.70519484790798
H           -3.13174646405608        1.44480946967650        0.61983182361261
H           -3.50647288752622        0.45117787789023       -0.79004052060925
H           -3.81024149239185       -0.17063801264105        0.83296389437635
H           -1.74596071262205       -1.18355662044422       -0.10616757473824
H           -1.37228561947761       -0.18691239436261        1.30567370236457
H           -0.68330228517961        1.68062623594859       -0.16903024276638
H           -1.09396494140995        0.69786069405651       -1.60631913844044
H            3.18763912838602       -0.07749288950113       -0.22219375383622
H            2.51229215648840       -1.15678910990712        1.01605578728481
H            3.08413460048726        0.47771850821480        1.48290457482622
17
 energy: -23.954504702968 gnorm: 0.000418486889 xtb: 6.7.1 (edcfbbe)
C           -3.13278182788466        0.43104683017126        0.23218653647733
C           -1.73001767542418       -0.16128149682781        0.27254535617791
C           -0.75231588568548        0.66987309135035       -0.57298090148567
C            0.60511339181035        0.02511285821863       -0.52793092112226
O            1.00544960695387       -0.81640880363240       -1.30572904976970
O            1.31989864780888        0.45910456503519        0.50395486525246
C            2.61363077506309       -0.11556242646836        0.70587384952178
H           -3.12786868087657        1.44678019801324        0.61909008276920
H           -3.50906960085721        0.45083510676934       -0.78747952783844
H           -3.80816738854118       -0.16713658107661        0.83780568603714
H           -1.74826165315385       -1.18398593980464       -0.11019525346709
H           -1.37115078443107       -0.19117843868033        1.30308229440255
H           -0.68305170266067        1.67896825366589       -0.16906672089257
H           -1.09387314761174        0.69792757192215       -1.60726099132067
H            3.18803969327668       -0.07574043697086       -0.22039700965850
H            2.51249769894835       -1.15601370341250        1.01655233536459
H            3.08124699043195        0.47892147238779        1.48432393957713
17
 energy: -23.954505489678 gnorm: 0.000437649618 xtb: 6.7.1 (edcfbbe)
C           -3.13136072125894        0.43186004925337        0.23474026055444
C           -1.72891939845935       -0.16124908663946        0.27223801799266
C           -0.75279400098050        0.66802198848067       -0.57667461930444
C            0.60559833610648        0.02538207375616       -0.53089015854256
O            1.01017255340108       -0.81146184550803       -1.31143750828386
O            1.31668307202896        0.45645448048394        0.50485219721152
C            2.61113360549126       -0.11601705848278        0.70785318974843
H           -3.12546525582042        1.44745162695330        0.62102547927960
H           -3.50963781763080        0.45138943872199       -0.78369361164738
H           -3.80571640451745       -0.16526102337428        0.84185128636748
H           -1.74861721566539       -1.18446645841594       -0.10894475001255
H           -1.36761096375733       -0.18991893035928        1.30189951931782
H           -0.68420074102249        1.67817065248372       -0.17535324937719
H           -1.09493618211233        0.69354702587353       -1.61076629824304
H            3.18754611378218       -0.07293460387588       -0.21705208409005
H            2.51154976988130       -1.15735357116715        1.01609790262641
H            3.07589370770031        0.47764736247648        1.48862899642790
17
 energy: -23.954506064213 gnorm: 0.000195929181 xtb: 6.7.1 (edcfbbe)
C           -3.13056632919312        0.43237340214981        0.23616808244029
C           -1.72834772271371       -0.16131086194987        0.27195022525400
C           -0.75315192121918        0.66690961216497       -0.57881280613166
C            0.60604115233343        0.02587518608007       -0.53249076632460
O            1.01313399711815       -0.80777149899420       -1.31499081775824
O            1.31474358940109        0.45464141394596        0.50590716576562
C            2.60980817020891       -0.11641849966943        0.70917725452531
H           -3.12337043683880        1.44860351308048        0.62109925642190
H           -3.51090217798731        0.45061017385840       -0.78174366897673
H           -3.80408588896439       -0.16370693758589        0.84561614573619
H           -1.74922251345274       -1.18480056238900       -0.10828220443321
H           -1.36548585479112       -0.18933327465653        1.30103950548769
H           -0.68521662033643        1.67780291858328       -0.17927969490591
H           -1.09546413115180        0.69058443295446       -1.61290661385971
H            3.18720967008080       -0.07054571401682       -0.21498621460554
H            2.51135615392755       -1.15854148689093        1.01516821316592
H            3.07283932074524        0.47629030399556        1.49174150822386
17
 energy: -23.954506716466 gnorm: 0.000188010503 xtb: 6.7.1 (edcfbbe)
C           -3.12932657211116        0.43340483207526        0.23841502025781
C           -1.72750821368498       -0.16141160687800        0.27218819588260
C           -0.75376055859235        0.66471971239968       -0.58214225577253
C            0.60685301323943        0.02651776200723       -0.53496430336038
O            1.01839065152091       -0.80149546127621       -1.32102826571780
O            1.31146075030338        0.45130122394198        0.50784068712363
C            2.60777598476579       -0.11703096233113        0.71118959042237
H           -3.12056328479223        1.44996076974731        0.62277736360474
H           -3.51146131005807        0.45150003715898       -0.77890884538470
H           -3.80242009051621       -0.16181485625883        0.84927391605153
H           -1.75027990098531       -1.18561348512294       -0.10605740710945
H           -1.36230514380350       -0.18775454636775        1.30053261457593
H           -0.68716141562724        1.67725317075882       -0.18630043589960
H           -1.09641955154409        0.68432782688591       -1.61633136528951
H            3.18648107180055       -0.06576507760784       -0.21182666775760
H            2.51170631080823       -1.16063227627202        1.01279891426790
H            3.06785671644341        0.47379505779989        1.49691781413025
17
 energy: -23.954506935185 gnorm: 0.000088547698 xtb: 6.7.1 (edcfbbe)
C           -3.12892210890409        0.43400933129750        0.23914814472625
C           -1.72734059459146       -0.16147671436279        0.27257874529182
C           -0.75396412186389        0.66357485812810       -0.58327287966569
C            0.60714617177066        0.02649112180222       -0.53573933789436
O            1.02053511259779       -0.79919453915036       -1.32333006005367
O            1.31007756539611        0.44965018162556        0.50877553112612
C            2.60713971113144       -0.11713950025533        0.71178736531306
H           -3.11957129962265        1.45044467998697        0.62381487082156
H           -3.51103323682073        0.45265840982616       -0.77820451535432
H           -3.80234820209700       -0.16101201951338        0.84985992777171
H           -1.75074470323679       -1.18595798359033       -0.10487479244711
H           -1.36153852530114       -0.18717535979396        1.30071583519237
H           -0.68794499202605        1.67668558869823       -0.18893932188960
H           -1.09681028263022        0.68148894799185       -1.61737022344857
H            3.18635430144558       -0.06305554205926       -0.21076536108033
H            2.51247713206473       -1.16148025869082        1.01116335551828
H            3.06580652985428        0.47275091871997        1.49902728609764
17
 energy: -23.954507012834 gnorm: 0.000057289834 xtb: 6.7.1 (edcfbbe)
C           -3.12863438425773        0.43445023668122        0.23953606529455
C           -1.72724819720160       -0.16154800413822        0.27293456098377
C           -0.75409274864963        0.66279100292954       -0.58392743115716
C            0.60728077403872        0.02635966940684       -0.53621757545334
O            1.02186948037117       -0.79778491742837       -1.32478453025325
O            1.30909777466861        0.44832781326484        0.50948279778588
C            2.60675781235172       -0.11717597216739        0.71213567050382
H           -3.11893571819134        1.45076769034252        0.62448430529672
H           -3.51051754770073        0.45359647266438       -0.77789733677925
H           -3.80245636126211       -0.16045789527592        0.84989172565532
H           -1.75110777997029       -1.18631089307985       -0.10380385843266
H           -1.36104519026868       -0.18658610478965        1.30096583977627
H           -0.68830150661038        1.67633853261539       -0.19066503005800
H           -1.09730630709072        0.67945526002784       -1.61790361133992
H            3.18633565351257       -0.06066011633424       -0.21004449750396
H            2.51334393994813       -1.16219141468154        1.00953701838824
H            3.06427876347887        0.47189076062294        1.50065045731816
