----------------------------------------------- 
  Element       SASA      Sigma Z        Total  
     Z         Ang**2 cal/Ang**2/mol   kcal/mol 
----------------------------------------------- 
      H        149.522      48.690       7.280
      C         28.224     129.740       3.662
      O         13.368       0.000       0.000

 Subtotal:     191.114                  10.942
 -----------------------------------------------

  Elements    COT*SASA   Sigma Z,Z'     Total   
    Z,Z'       Ang**2  cal/Ang**2/mol kcal/mol  
 ---------------------------------------------- 
  H   C         93.349     -60.770      -5.673
  H   O          7.903       0.000       0.000
  C   C         21.025     -72.950      -1.534
  O   C          0.000      68.690       0.000

 Subtotal:                              -7.207
 ---------------------------------------------- 

 NONAQUEOUS SOLVENT CONTRIBUTION (kcal/mol):
 (proportional to SASA, atomic number independent)
 ---------------------------------------------- 
 Subtotal:                               0.000
 ---------------------------------------------- 

 CDS TOTAL (kcal/mol):                   3.735
...............................................................................
