----------------------------------------------- 
  Element       SASA      Sigma Z        Total  
     Z         Ang**2 cal/Ang**2/mol   kcal/mol 
----------------------------------------------- 
      H        148.049      48.690       7.208
      C         35.721     129.740       4.634
      O         20.706       0.000       0.000

 Subtotal:     204.477                  11.843
 -----------------------------------------------

  Elements    COT*SASA   Sigma Z,Z'     Total   
    Z,Z'       Ang**2  cal/Ang**2/mol kcal/mol  
 ---------------------------------------------- 
  H   C         99.867     -60.770      -6.069
  H   O          0.000       0.000       0.000
  C   C         26.336     -72.950      -1.921
  O   C         12.945      68.690       0.889

 Subtotal:                              -7.101
 ---------------------------------------------- 

 NONAQUEOUS SOLVENT CONTRIBUTION (kcal/mol):
 (proportional to SASA, atomic number independent)
 ---------------------------------------------- 
 Subtotal:                               0.000
 ---------------------------------------------- 

 CDS TOTAL (kcal/mol):                   4.742
...............................................................................
