----------------------------------------------- 
  Element       SASA      Sigma Z        Total  
     Z         Ang**2 cal/Ang**2/mol   kcal/mol 
----------------------------------------------- 
      H        115.828      48.690       5.640
      C         30.085     129.740       3.903
      O         23.454       0.000       0.000

 Subtotal:     169.367                   9.543
 -----------------------------------------------

  Elements    COT*SASA   Sigma Z,Z'     Total   
    Z,Z'       Ang**2  cal/Ang**2/mol kcal/mol  
 ---------------------------------------------- 
  H   C         77.844     -60.770      -4.731
  H   O          0.000       0.000       0.000
  C   C         26.138     -72.950      -1.907
  O   C         14.227      68.690       0.977

 Subtotal:                              -5.660
 ---------------------------------------------- 

 NONAQUEOUS SOLVENT CONTRIBUTION (kcal/mol):
 (proportional to SASA, atomic number independent)
 ---------------------------------------------- 
 Subtotal:                               0.000
 ---------------------------------------------- 

 CDS TOTAL (kcal/mol):                   3.883
...............................................................................
