22
 energy: -421.464105411264 gnorm: 0.002305751787 xtb: 6.7.1 (edcfbbe)
C           -2.13484459610508       -1.09354210186529        0.90496793044768
C           -2.12019549357255       -0.21227494779611       -0.34388177097746
C           -3.51123494201191        0.35596504904952       -0.62314743353747
C           -1.11069699988846        0.94699318392475       -0.20546902044611
C            0.30281316723857        0.48263101114127       -0.04502758260616
C            0.91024033755431        0.40910081485096        1.21363655080064
N            2.16145663019129       -0.02016377300347        1.39343715891251
C            2.82111086998003       -0.38441042711589        0.28465516138956
C            2.23039892854967       -0.31862722611836       -0.96873403266937
N            0.97599389993962        0.11083880404409       -1.14648282217362
H           -2.42472329330762       -0.50634428923205        1.78574067246915
H           -1.15248384081295       -1.53700690080790        1.10337816138302
H           -2.85376778881779       -1.91160294361179        0.79146666943539
H           -1.81384645439682       -0.82509608377178       -1.20253883315484
H           -3.51499730874011        0.97337973219475       -1.52796942331121
H           -4.24258418032132       -0.44823729082472       -0.75489994555324
H           -3.84405939184099        0.98090903605726        0.21479965218743
H           -1.39572071347421        1.55692022727979        0.66039329038099
H           -1.17143485319605        1.57962974838366       -1.09768627756879
H            0.35792723153573        0.71395311965122        2.10045933969529
H            3.84310252318546       -0.73484655378246        0.39996620597546
H            2.78524475881285       -0.61794373717113       -1.85519859869747
22
 energy: -421.464115209478 gnorm: 0.001091001391 xtb: 6.7.1 (edcfbbe)
C           -2.13406795900491       -1.09403072094733        0.90352437668709
C           -2.11993424092041       -0.21142370883946       -0.34359342937757
C           -3.51116964041271        0.35510868072061       -0.62257069727222
C           -1.11031897855769        0.94855100141051       -0.20479678243389
C            0.30333934011548        0.48460711063026       -0.04561980404255
C            0.91076209437339        0.41204337233860        1.21280069003825
N            2.16142843741708       -0.01922789463714        1.39330471011909
C            2.81989905104320       -0.38639648378866        0.28560428834919
C            2.22957699938550       -0.32063046165964       -0.96791177656082
N            0.97581010766106        0.11098440385529       -1.14656152139999
H           -2.42259893108249       -0.50825499528834        1.78511729298872
H           -1.15288644211383       -1.53955342947427        1.10075760444005
H           -2.85458887167012       -1.91064869556988        0.79013678190839
H           -1.81268339741361       -0.82311568963952       -1.20275151863885
H           -3.51622099159269        0.97144786219706       -1.52792627754510
H           -4.24175942256773       -0.44986937713743       -0.75392660553522
H           -3.84510062160018        0.97998834086674        0.21465924315736
H           -1.39431236651684        1.55737413601749        0.66205907437296
H           -1.17314697707370        1.58200812717102       -1.09631849741613
H            0.35891079481786        0.71791451433580        2.09923723194382
H            3.84203590633321       -0.73684826976927        0.40066174277321
H            2.78472456601810       -0.61980332444959       -1.85402093381793
22
 energy: -421.464124864732 gnorm: 0.002043747087 xtb: 6.7.1 (edcfbbe)
C           -2.13037687213278       -1.09589504120479        0.89890532506927
C           -2.11857009104829       -0.20931609692525       -0.34368982206729
C           -3.51053217490035        0.35277102141225       -0.62144907237580
C           -1.11021594157230        0.95356582638691       -0.20210304718459
C            0.30335744000406        0.48891964639348       -0.04642490567415
C            0.91127281484077        0.42028924183403        1.21134975037796
N            2.16079356906584       -0.01516290467992        1.39337851345560
C            2.81645346035432       -0.38936777964540        0.28818373673105
C            2.22695010066753       -0.32476793524033       -0.96582147025920
N            0.97409857127890        0.11045539506325       -1.14644843946605
H           -2.41371002165315       -0.51412302753356        1.78405096261102
H           -1.15176905991303       -1.54771953762523        1.09083354909623
H           -2.85584819252442       -1.90818365095943        0.78520072253566
H           -1.80835048828469       -0.81650209075168       -1.20503529020293
H           -3.51993831608929        0.96653451247637       -1.52823374523446
H           -4.23825413499407       -0.45523637267732       -0.75096194503941
H           -3.84731192395149        0.97723207431406        0.21443133666134
H           -1.39199752352018        1.55836068974435        0.66810196385379
H           -1.17810313363507        1.59020196268106       -1.09115835336046
H            0.36234471577338        0.73401136886819        2.09631352634095
H            3.83660918620102       -0.74639742118269        0.40296120397962
H            2.78079637754605       -0.62944515616156       -1.85051869688086
22
 energy: -421.464129375579 gnorm: 0.001450863941 xtb: 6.7.1 (edcfbbe)
C           -2.12909317053312       -1.09654335667548        0.89793018443384
C           -2.11815622089682       -0.20897798855561       -0.34434279116624
C           -3.51069369953631        0.35249584758435       -0.62157446706224
C           -1.11057532633307        0.95423593805650       -0.20182468315091
C            0.30318922265888        0.49021108546315       -0.04589188940122
C            0.91157622985651        0.42283539819925        1.21185106080795
N            2.16058785002449       -0.01400645033563        1.39390265791380
C            2.81543077793729       -0.39052243443404        0.28858624232931
C            2.22547518127627       -0.32653041918599       -0.96536406443593
N            0.97320338381277        0.10978809813443       -1.14583249844114
H           -2.41087165452752       -0.51497316294461        1.78407426344578
H           -1.15005455387303       -1.54879064622040        1.08812318994613
H           -2.85493736978940       -1.90859262638382        0.78427205089589
H           -1.80762080630741       -0.81524223423180       -1.20620164735975
H           -3.52059231673253        0.96663013055960       -1.52821900027197
H           -4.23803683431403       -0.45596310699906       -0.75070909349645
H           -3.84716748493333        0.97678582718797        0.21477117747986
H           -1.39316381309979        1.55820728148785        0.66871847668459
H           -1.17819494672594        1.59149227128625       -1.09038320620917
H            0.36289871021070        0.73738803942610        2.09683644870146
H            3.83537345513707       -0.74806764221945        0.40329004581908
H            2.77912172205388       -0.63163502449692       -1.85014658796891
22
 energy: -421.464137433581 gnorm: 0.002234080163 xtb: 6.7.1 (edcfbbe)
C           -2.11955095033924       -1.10138240720293        0.88977703969597
C           -2.11524967072559       -0.20631984290985       -0.34909662685586
C           -3.51162347861451        0.35089937176155       -0.62138104952790
C           -1.11309813862170        0.95933925011980       -0.19982230927134
C            0.30096881073353        0.49691020546369       -0.04204245510640
C            0.91290260448191        0.43838804707410        1.21498017672500
N            2.15961509145747       -0.00522281539122        1.39711075382251
C            2.80918203288938       -0.39596183439469        0.29136235221421
C            2.21579590073651       -0.33660148597234       -0.96169986318662
N            0.96634448971141        0.10451366613580       -1.14102423599952
H           -2.39126304575667       -0.52233612437523        1.78203699120876
H           -1.13840294545596       -1.55607794576381        1.06880660966827
H           -2.84765230501050       -1.91168401145638        0.77727179230753
H           -1.80330593801948       -0.80667904444182       -1.21445650176106
H           -3.52544026344748        0.96762495363137       -1.52658706806949
H           -4.23634575203542       -0.46018221699856       -0.74909774556234
H           -3.84662712053461        0.97302941453109        0.21796979940629
H           -1.40042684216238        1.55798608846893        0.67297992500889
H           -1.17893094191962        1.60090575046805       -1.08510928293636
H            0.36799157123580        0.76336156952761        2.09938865171055
H            3.82652747650635       -0.76022640340386        0.40655541213679
H            2.76628746867901       -0.65005840737289       -1.84605636334575
22
 energy: -421.464141318245 gnorm: 0.001138263529 xtb: 6.7.1 (edcfbbe)
C           -2.11937003455243       -1.10138689264143        0.88945225422040
C           -2.11549525929312       -0.20629577349553       -0.34899956884428
C           -3.51159931136375        0.35108344744165       -0.62091441011084
C           -1.11314936014987        0.95930618069978       -0.19971500923611
C            0.30086237991721        0.49654921496152       -0.04216681458177
C            0.91299882583391        0.43808884986935        1.21457326199960
N            2.15977541692031       -0.00489582761708        1.39674252817591
C            2.80936184656660       -0.39534395517381        0.29161407760032
C            2.21604863547705       -0.33681915748400       -0.96134657499465
N            0.96623799244107        0.10417242046164       -1.14105452384577
H           -2.39171130816776       -0.52299133637008        1.78147400625566
H           -1.13848567580967       -1.55578307414980        1.06872153353364
H           -2.84719451123016       -1.91180600515118        0.77685754743911
H           -1.80380351662865       -0.80642721115660       -1.21462069714176
H           -3.52558578757623        0.96809116397449       -1.52581803443234
H           -4.23629702593763       -0.45981276346708       -0.74942594481007
H           -3.84691775228080        0.97256306688138        0.21853448106912
H           -1.40010800690966        1.55829867861892        0.67292735606239
H           -1.17912648313706        1.60076509066759       -1.08523894044296
H            0.36837005701258        0.76360684168002        2.09866619231461
H            3.82663923246249       -0.75966252204578        0.40707567569736
H            2.76624764859947       -0.65107453177709       -1.84547260306130
22
 energy: -421.464146238700 gnorm: 0.001000884698 xtb: 6.7.1 (edcfbbe)
C           -2.11551209746449       -1.10375508979996        0.88433012457938
C           -2.11547254154705       -0.20482501633072       -0.35037519044694
C           -3.51207380602170        0.35145884063157       -0.61798930235427
C           -1.11377380899850        0.96120841946420       -0.19912096409159
C            0.29993706431404        0.49736016679151       -0.04177556058858
C            0.91379522312491        0.44408714277429        1.21397256094818
N            2.16035609254694        0.00152349342716        1.39670319979375
C            2.80789529888754       -0.39494458409964        0.29402306803518
C            2.21360822059492       -0.34259408239636       -0.95835462814849
N            0.96354079743858        0.09918718636025       -1.13946175043383
H           -2.38694716649513       -0.52953144843452        1.77821851408327
H           -1.13469063661897       -1.55776126665615        1.06022733627080
H           -2.84284960829481       -1.91428943625006        0.77120046382770
H           -1.80461880857512       -0.80153965559713       -1.21868631347274
H           -3.52828750410746        0.97161369936776       -1.52043685014160
H           -4.23564070011137       -0.45972478129381       -0.75011254108043
H           -3.84830612128032        0.96849460093614        0.22372567392427
H           -1.40056624138653        1.55962140997305        0.67387937725858
H           -1.17990541655160        1.60371032924160       -1.08429248854700
H            0.37118519450593        0.77533617996084        2.09656757923377
H            3.82453328133644       -0.76081826227001        0.41071087796129
H            2.76149081009060       -0.66359074303242       -1.84108873170965
22
 energy: -421.464146238700 gnorm: 0.001000884698 xtb: 6.7.1 (edcfbbe)
C           -2.11551209746449       -1.10375508979996        0.88433012457938
C           -2.11547254154705       -0.20482501633072       -0.35037519044694
C           -3.51207380602170        0.35145884063157       -0.61798930235427
C           -1.11377380899850        0.96120841946420       -0.19912096409159
C            0.29993706431404        0.49736016679151       -0.04177556058858
C            0.91379522312491        0.44408714277429        1.21397256094818
N            2.16035609254694        0.00152349342716        1.39670319979375
C            2.80789529888754       -0.39494458409964        0.29402306803518
C            2.21360822059492       -0.34259408239636       -0.95835462814849
N            0.96354079743858        0.09918718636025       -1.13946175043383
H           -2.38694716649513       -0.52953144843452        1.77821851408327
H           -1.13469063661897       -1.55776126665615        1.06022733627080
H           -2.84284960829481       -1.91428943625006        0.77120046382770
H           -1.80461880857512       -0.80153965559713       -1.21868631347274
H           -3.52828750410746        0.97161369936776       -1.52043685014160
H           -4.23564070011137       -0.45972478129381       -0.75011254108043
H           -3.84830612128032        0.96849460093614        0.22372567392427
H           -1.40056624138653        1.55962140997305        0.67387937725858
H           -1.17990541655160        1.60371032924160       -1.08429248854700
H            0.37118519450593        0.77533617996084        2.09656757923377
H            3.82453328133644       -0.76081826227001        0.41071087796129
H            2.76149081009060       -0.66359074303242       -1.84108873170965
