----------------------------------------------- 
  Element       SASA      Sigma Z        Total  
     Z         Ang**2 cal/Ang**2/mol   kcal/mol 
----------------------------------------------- 
      H        138.367      48.690       6.737
      C         24.476     129.740       3.176
      O         15.442       0.000       0.000

 Subtotal:     178.286                   9.913
 -----------------------------------------------

  Elements    COT*SASA   Sigma Z,Z'     Total   
    Z,Z'       Ang**2  cal/Ang**2/mol kcal/mol  
 ---------------------------------------------- 
  H   C         86.049     -60.770      -5.229
  H   O          7.290       0.000       0.000
  C   C         19.370     -72.950      -1.413
  O   C          0.000      68.690       0.000

 Subtotal:                              -6.642
 ---------------------------------------------- 

 NONAQUEOUS SOLVENT CONTRIBUTION (kcal/mol):
 (proportional to SASA, atomic number independent)
 ---------------------------------------------- 
 Subtotal:                               0.000
 ---------------------------------------------- 

 CDS TOTAL (kcal/mol):                   3.270
...............................................................................
