23
 energy: -276.282895614006 gnorm: 0.010260200775 xtb: 6.7.1 (edcfbbe)
C           -2.54829814575249        0.63284357523719        0.54644158596024
C           -1.37025852766667       -0.22246912745712        0.07588516615975
C           -1.43859984118010       -0.39751087625153       -1.44328869188872
C           -0.04743494641463        0.40610755658923        0.55049565820470
C            1.22674771581245       -0.36350673063177        0.14012693559699
C            1.91896622201657        0.30139994165893       -1.05775271276362
C            2.21987341499865       -0.47542332054989        1.30744182751210
H           -2.50495678265596        1.62284391067587        0.07650249600041
H           -3.50629884269628        0.17570080450909        0.27495633932348
H           -2.53357389073954        0.77606965898598        1.63135958751410
H           -1.45350931921993       -1.21867222170778        0.54058440827939
H           -0.63238473743440       -1.03991513000509       -1.81796535528726
H           -2.39658193222208       -0.85474556607327       -1.73571448930936
H           -1.36322910337737        0.57938124811768       -1.94802164447643
H           -0.09284617351800        0.49151678036211        1.65028157805865
H            0.00758086825613        1.44217641574041        0.16488822157115
H            0.93668765014237       -1.38583489521680       -0.14916542366739
H            2.77247857064108       -0.28941144390565       -1.40872500618916
H            1.23052776730503        0.44146489581842       -1.89814192388628
H            2.29439886186606        1.29113509221922       -0.76614041108440
H            3.12015021365095       -1.02921985163293        1.01235118819163
H            2.53763351963932        0.52409878912446        1.63805806697382
H            1.77032909681935       -0.99416859587800        2.16564016790029
23
 energy: -276.283095552249 gnorm: 0.003404114798 xtb: 6.7.1 (edcfbbe)
C           -2.55074666861853        0.63195581180367        0.55158836138676
C           -1.37116186640948       -0.21650888960940        0.07397987568681
C           -1.43507933777037       -0.39410564120635       -1.44385981711987
C           -0.04733994832585        0.40474615805751        0.54780410037780
C            1.23028133873469       -0.36037046123957        0.13957501008030
C            1.92065907950120        0.29695354596212       -1.06028448235032
C            2.21599830562158       -0.47145238730051        1.30774334344415
H           -2.51287535600364        1.62490725192409        0.08669610800074
H           -3.50756701774819        0.17267646600082        0.27999976136686
H           -2.53485095596709        0.76888139604003        1.63820347440838
H           -1.45067919347977       -1.21270961567155        0.53547758049485
H           -0.63333213051675       -1.03756298537791       -1.82030069626061
H           -2.38960723377699       -0.84805844785289       -1.73688406866108
H           -1.35851493908945        0.57780000560167       -1.94892050134929
H           -0.09243337647450        0.48501817354405        1.64321844459386
H            0.00957723087327        1.43792376497114        0.16955366445137
H            0.93938193415694       -1.38148710227042       -0.14706164930168
H            2.77334181848039       -0.29775763596570       -1.40646884139378
H            1.23520768031274        0.43176317249949       -1.90276554914301
H            2.29581912092928        1.28806246416818       -0.77554420989169
H            3.11606063897746       -1.02392989549104        1.01347746333198
H            2.52946221568186        0.52576102683241        1.64200331708840
H            1.76579965446930       -0.98864480741471        2.16286938295553
23
 energy: -276.283145438145 gnorm: 0.001492071136 xtb: 6.7.1 (edcfbbe)
C           -2.54928424432824        0.62889018783731        0.55456818243193
C           -1.36858256772517       -0.21465318825838        0.07159026495771
C           -1.43442128328641       -0.38825960459402       -1.44589754504993
C           -0.04745796541300        0.40737934311155        0.54761773217082
C            1.22954209478465       -0.35982535012031        0.13923279053855
C            1.92118277211643        0.29067301410743       -1.06172549434689
C            2.21190848062609       -0.46619613378445        1.30724189671462
H           -2.51796711520388        1.62582080250300        0.09701779943628
H           -3.50513332939617        0.16755096693869        0.28310661127184
H           -2.53208442837007        0.75816413639467        1.64257543865938
H           -1.44637685378724       -1.21170864581838        0.53003358902054
H           -0.63477756379862       -1.03343328748713       -1.82145290635348
H           -2.38791686323948       -0.83959909940578       -1.74016092847354
H           -1.35430496574790        0.58182660829291       -1.95039262321726
H           -0.09232845504427        0.48196530878665        1.64127629045871
H            0.01194380873403        1.43980617836261        0.17409514464472
H            0.93821140716630       -1.38125048406572       -0.14375607572069
H            2.77401080738822       -0.30718969466979       -1.40249450767615
H            1.23851715385955        0.41903955174842       -1.90697796880063
H            2.29681306775572        1.28380265119072       -0.78527043175921
H            3.11376538075202       -1.01632432196214        1.01573767716544
H            2.52131037070545        0.53068962556856        1.64373105064866
H            1.76083035291822       -0.98330653009113        2.16040765923987
23
 energy: -276.283184148340 gnorm: 0.002454270168 xtb: 6.7.1 (edcfbbe)
C           -2.55009899620043        0.62280175160363        0.56051893715895
C           -1.36690519150358       -0.21119041490100        0.06724897679552
C           -1.43341327578026       -0.37687127288429       -1.45061422979981
C           -0.04748255671749        0.40956287997459        0.54584602767206
C            1.22990540544080       -0.35988087610369        0.14008138979432
C            1.92168250148289        0.27888243723822       -1.06585735914132
C            2.20915016118734       -0.45820487191463        1.30918480580173
H           -2.52558314514916        1.62531262556376        0.11459392740329
H           -3.50472066001608        0.15952423116922        0.28780507593332
H           -2.53005326859739        0.73993689440545        1.65017848232452
H           -1.44101233421631       -1.21107671640299        0.51975946191663
H           -0.63636183350171       -1.02527096799874       -1.82647495593836
H           -2.38854384178260       -0.82303564473211       -1.74672258857904
H           -1.34705336483721        0.59410672487574       -1.95191158405711
H           -0.09385213328452        0.47782534410204        1.63930792650251
H            0.01572190710267        1.44281347986136        0.17683420678977
H            0.93678457242128       -1.38280268314104       -0.13539730257410
H            2.77599509358465       -0.32257722729695       -1.39732539163134
H            1.24234756048771        0.39608595399082       -1.91554754979433
H            2.29695122288517        1.27555807835121       -0.80157368616520
H            3.11585986878791       -1.00319447332197        1.02325497046870
H            2.51066197907972        0.54127562730958        1.64523698695516
H            1.75741887640718       -0.97571750891761        2.16168431447784
23
 energy: -276.283217784159 gnorm: 0.001872693066 xtb: 6.7.1 (edcfbbe)
C           -2.55094897932565        0.61678550762544        0.56570288940996
C           -1.36623524679266       -0.20979123310282        0.06323865759090
C           -1.43395918947383       -0.36518994188921       -1.45579183652415
C           -0.04739693188795        0.40947971907916        0.54494996766736
C            1.22991948552123       -0.36212374046681        0.14196880269640
C            1.92190968423420        0.26653286463738       -1.06941620506451
C            2.20918668824306       -0.44968608437937        1.31240740971128
H           -2.53025180027745        1.62379355918800        0.13007670739033
H           -3.50451090119381        0.15299775591280        0.29017341670694
H           -2.52911708329163        0.72288509009512        1.65642141741633
H           -1.43702098148589       -1.21343093512491        0.50861902573453
H           -0.63962777225836       -1.01550836026391       -1.83503688573637
H           -2.39180103562186       -0.80472286671267       -1.75527811414418
H           -1.34200865566368        0.60890932255408       -1.95133307794747
H           -0.09601966174766        0.47638359607017        1.63906799328764
H            0.01873186657564        1.44384405529786        0.17732201064462
H            0.93590538649337       -1.38741697530460       -0.12509543871170
H            2.77823114074892       -0.33646706084916       -1.39316808564606
H            1.24406456718214        0.37317388902128       -1.92183559007727
H            2.29511470113112        1.26671987040806       -0.81518252200456
H            3.12031617678826       -0.98980574686578        1.03071871717095
H            2.50365692986089        0.55347130318615        1.64502727430875
H            1.75925882440146       -0.96696876535020        2.16656217910397
23
 energy: -276.283251797268 gnorm: 0.001971854222 xtb: 6.7.1 (edcfbbe)
C           -2.55306477248205        0.60176224049624        0.57712548584909
C           -1.36601994496036       -0.20885366528514        0.05352679899272
C           -1.43668305579716       -0.33500084976288       -1.46877932602459
C           -0.04720912611228        0.40603141530414        0.54189718222085
C            1.23089447529143       -0.36940905887210        0.14940458617995
C            1.92089230238007        0.23575853974980       -1.07639618175589
C            2.21308685117219       -0.42837176642667        1.32169365109673
H           -2.53753790631751        1.61888675461981        0.16552589222437
H           -3.50482102784878        0.13960248773769        0.29273940417297
H           -2.52850464201986        0.68160243497161        1.67004179404510
H           -1.43023827010037       -1.22197832455367        0.47982373438243
H           -0.64979123365688       -0.98809885312914       -1.86017172291354
H           -2.40104422605987       -0.75708654350516       -1.77665001696678
H           -1.33279706611947        0.64819076678415       -1.94674421533205
H           -0.10217613143792        0.47315795728647        1.63701651231995
H            0.02521491127459        1.44192221666506        0.17514508567893
H            0.93761097574350       -1.40136482671048       -0.09554338377947
H            2.78193280426474       -0.36988691224695       -1.38271243468844
H            1.24507536180825        0.31714510203581       -1.93359905937195
H            2.28761547796711        1.24410077886607       -0.84472689482485
H            3.13354296890998       -0.95731473005697        1.04804569798400
H            2.49091343853182        0.58484562038539        1.64047622608340
H            1.77050197208237       -0.94177224822414        2.18300029228088
23
 energy: -276.283266537777 gnorm: 0.000690039768 xtb: 6.7.1 (edcfbbe)
C           -2.55229328634772        0.60162372976412        0.57578539252891
C           -1.36640428492386       -0.21053143211225        0.05313223428351
C           -1.43816691342750       -0.33447327415459       -1.46903461167154
C           -0.04727747721198        0.40332235128944        0.54306266072981
C            1.23097567154754       -0.37083204469735        0.15090037992630
C            1.92033662850835        0.23504480886413       -1.07470095787970
C            2.21504419467488       -0.42688248399234        1.32181344502158
H           -2.53359484787456        1.61809785057203        0.16398288077013
H           -3.50477894701470        0.14220222785135        0.28957482200776
H           -2.52954138864131        0.68173270935425        1.66819495076403
H           -1.43253932909347       -1.22354212220242        0.47797092920300
H           -0.65185768999999       -0.98573996965910       -1.86351647003769
H           -2.40224547920597       -0.75584288279852       -1.77663183443506
H           -1.33563756090955        0.64948697193498       -1.94415747959195
H           -0.10317078265914        0.47228225146943        1.63771717405948
H            0.02450755716068        1.43823844897723        0.17480254680268
H            0.94022727346785       -1.40316293946603       -0.09310338037759
H            2.78117544784839       -0.36916964922754       -1.38287756918391
H            1.24321983575097        0.31738607079561       -1.92982976408210
H            2.28611688181479        1.24276363345781       -0.84170247735130
H            3.13362518151683       -0.95740740022330        1.04646077282111
H            2.49500720825429        0.58634233676558        1.63656881100117
H            1.77466638872449       -0.93707054552425        2.18572744692446
23
 energy: -276.283274122687 gnorm: 0.000550410827 xtb: 6.7.1 (edcfbbe)
C           -2.55126845556447        0.60046209912050        0.57529583426465
C           -1.36705431272765       -0.21318299948634        0.05148731784725
C           -1.43935740384048       -0.33024759901322       -1.47103987766914
C           -0.04761737746378        0.39907624212591        0.54364452615486
C            1.23159602906186       -0.37363453278517        0.15401729156327
C            1.91792180001979        0.23121643430712       -1.07381154648353
C            2.21813975639172       -0.42257930058612        1.32323293948848
H           -2.52873381821368        1.61842126115339        0.16682788853100
H           -3.50452723447321        0.14515433816014        0.28497622357630
H           -2.53112437946865        0.67655195019968        1.66809803289227
H           -1.43500414859835       -1.22743703162434        0.47243309478072
H           -0.65445689765711       -0.97976186888056       -1.87036701334616
H           -2.40380398831975       -0.74928349282289       -1.77910487905650
H           -1.33754385273747        0.65576001280205       -1.94107783129725
H           -0.10560148572116        0.46758833543392        1.63782323070824
H            0.02448672232669        1.43385124829405        0.17620730071966
H            0.94418256694963       -1.40762203309491       -0.08588667293631
H            2.77901561707424       -0.37262738813322       -1.38183274446035
H            1.23973485005516        0.31153644708492       -1.92809650805878
H            2.28256891252308        1.23964255342089       -0.84229888029870
H            3.13549031870451       -0.95500902056435        1.04773040588803
H            2.49933866018841        0.59254817980815        1.62986197832109
H            1.78101226255043       -0.92655456189402        2.19202334408573
23
 energy: -276.283277031927 gnorm: 0.000679105645 xtb: 6.7.1 (edcfbbe)
C           -2.55114526843043        0.59788901493454        0.57587655051529
C           -1.36736740511621       -0.21441582050287        0.04870473692751
C           -1.44037111318031       -0.32352555130083       -1.47439544181168
C           -0.04810931228544        0.39437248329690        0.54603652603677
C            1.23200722869165       -0.37657793241774        0.15714290263624
C            1.91597246103866        0.22369635542333       -1.07445096372113
C            2.22126421021700       -0.41534912727842        1.32454284191880
H           -2.52459370573701        1.61863054349299        0.17408954977314
H           -3.50505291008522        0.14727961889629        0.28003824450813
H           -2.53345196983519        0.66667442838072        1.66935379755585
H           -1.43693679539017       -1.23080158266839        0.46417964992117
H           -0.65707394048813       -0.97208514333211       -1.87808575279307
H           -2.40576645067720       -0.73880291732018       -1.78464251238411
H           -1.33702909680697        0.66513307838530       -1.93842449795629
H           -0.10891620042535        0.45985307364596        1.64020760708987
H            0.02551340763547        1.42995298116103        0.18142482741138
H            0.94742204923931       -1.41284431045515       -0.07659557245480
H            2.77785381466775       -0.37967954767948       -1.38142997544568
H            1.23642742562097        0.29970499290592       -1.92804580100372
H            2.27890881594455        1.23379550898547       -0.84694343740008
H            3.13830250160521       -0.94946716680575        1.05109947606163
H            2.50266428184731        0.60259517962096        1.62175469563255
H            1.78687165745381       -0.91215786029732        2.19871157646597
23
 energy: -276.283277031927 gnorm: 0.000679105645 xtb: 6.7.1 (edcfbbe)
C           -2.55114526843043        0.59788901493454        0.57587655051529
C           -1.36736740511621       -0.21441582050287        0.04870473692751
C           -1.44037111318031       -0.32352555130083       -1.47439544181168
C           -0.04810931228544        0.39437248329690        0.54603652603677
C            1.23200722869165       -0.37657793241774        0.15714290263624
C            1.91597246103866        0.22369635542333       -1.07445096372113
C            2.22126421021700       -0.41534912727842        1.32454284191880
H           -2.52459370573701        1.61863054349299        0.17408954977314
H           -3.50505291008522        0.14727961889629        0.28003824450813
H           -2.53345196983519        0.66667442838072        1.66935379755585
H           -1.43693679539017       -1.23080158266839        0.46417964992117
H           -0.65707394048813       -0.97208514333211       -1.87808575279307
H           -2.40576645067720       -0.73880291732018       -1.78464251238411
H           -1.33702909680697        0.66513307838530       -1.93842449795629
H           -0.10891620042535        0.45985307364596        1.64020760708987
H            0.02551340763547        1.42995298116103        0.18142482741138
H            0.94742204923931       -1.41284431045515       -0.07659557245480
H            2.77785381466775       -0.37967954767948       -1.38142997544568
H            1.23642742562097        0.29970499290592       -1.92804580100372
H            2.27890881594455        1.23379550898547       -0.84694343740008
H            3.13830250160521       -0.94946716680575        1.05109947606163
H            2.50266428184731        0.60259517962096        1.62175469563255
H            1.78687165745381       -0.91215786029732        2.19871157646597
