18
 energy: -20.895500259444 gnorm: 0.029785148335 xtb: 6.7.1 (edcfbbe)
C            0.97035343469060       -1.18728278131390        0.66219880200231
C            0.93546682530814        0.30257447713129        0.31238334799850
C            2.25285046747801        0.71920776118264       -0.34673011261818
C           -0.23797048484714        0.68167791493751       -0.60173983326604
C           -1.63879373420391        0.49134281793340       -0.03149485277343
O           -2.08516953336366       -0.87973676245762       -0.00154585782406
H            1.88886919184478       -1.43084106408728        1.20663284193120
H            0.94913460149902       -1.79766490925841       -0.24966906881061
H            0.12242139802265       -1.48296356472602        1.28382946140088
H            0.82481992164216        0.87283657847884        1.24654128913177
H            2.40119867615453        0.17313840892741       -1.28712738857225
H            3.10612749696259        0.50169479369979        0.30469404953895
H            2.26417387088007        1.79104818074917       -0.57529701867394
H           -0.16238424036399        0.12374866633637       -1.54854069856855
H           -0.14078990972215        1.74467293131605       -0.86226367340385
H           -1.68107091141239        0.84117974548091        1.00689565488551
H           -2.35267116438565        1.09243498381877       -0.61379481530142
H           -2.02538586435530       -1.21688144058236       -0.90515161237277
18
 energy: -20.896658253441 gnorm: 0.012771304804 xtb: 6.7.1 (edcfbbe)
C            0.95939725129558       -1.18059956997611        0.64903660965655
C            0.93359438208011        0.30830637150995        0.31231651890784
C            2.25037038482754        0.71697778449175       -0.34640208904898
C           -0.22957471605464        0.68167949215346       -0.61438603522633
C           -1.62435973764984        0.48588922503190       -0.02496008758865
O           -2.06167092340962       -0.87086290421701        0.01529054169047
H            1.86121741205168       -1.42104135980103        1.21216370766528
H            0.95798428343789       -1.78234543532251       -0.26047116340736
H            0.09551384218792       -1.46397853489721        1.24720141192266
H            0.82051856836821        0.87359509435749        1.24631597686898
H            2.39717389417027        0.17208555865332       -1.27963368639788
H            3.09148953563515        0.49885401193700        0.30990234433846
H            2.25905922571317        1.78345750398085       -0.56880632178279
H           -0.14921702036545        0.11362482492097       -1.54854760854319
H           -0.13351810853728        1.74165855829552       -0.86913535342055
H           -1.66235870253846        0.82861851784463        1.01261212355857
H           -2.35015938594948        1.07129754732293       -0.60580408877368
H           -2.02428014343435       -1.21702994871933       -0.88687228571538
18
 energy: -20.896999905405 gnorm: 0.003843557919 xtb: 6.7.1 (edcfbbe)
C            0.94889902279533       -1.17658320454045        0.63892043764444
C            0.93469343839041        0.31248390323557        0.30622279612349
C            2.25604653356139        0.71907594549282       -0.34397789337915
C           -0.22689226082277        0.68441829706796       -0.62264038481394
C           -1.61802454263265        0.47893419799389       -0.02114176022311
O           -2.04129559460477       -0.86927366246744        0.03331306369339
H            1.82977196442828       -1.41848659844157        1.23035981138419
H            0.97590733400992       -1.76892878751896       -0.27231140542138
H            0.06310990952576       -1.45524204805718        1.20498694762590
H            0.81767999938597        0.87436617132977        1.23938733938802
H            2.40116394045201        0.17350036961660       -1.27229628490574
H            3.08894738910288        0.49834813218880        0.31714636675839
H            2.26474371273160        1.78282522051542       -0.56406851709890
H           -0.14600980905606        0.10614368092835       -1.54552896814118
H           -0.13549900536451        1.74103249111968       -0.88017276163250
H           -1.64160151674652        0.82479857739828        1.01400444026411
H           -2.35127948065602        1.06077497999687       -0.59654644540401
H           -2.02918099267186       -1.22800092829186       -0.86583626715798
18
 energy: -20.897103592931 gnorm: 0.003600968202 xtb: 6.7.1 (edcfbbe)
C            0.94563785215199       -1.17537280139250        0.63286660209026
C            0.93468345654874        0.31507740690776        0.30364668680275
C            2.25925485077343        0.72063805020711       -0.34238189561329
C           -0.22664735588280        0.68405537594309       -0.62751084723417
C           -1.61616058727950        0.47603797157033       -0.01820989896017
O           -2.03460386714699       -0.86928793781121        0.04518108557980
H            1.80949773948513       -1.41711664677692        1.24985867215766
H            1.00058386187704       -1.76414022258567       -0.28036570940041
H            0.04372475892768       -1.45724299514060        1.17211017611778
H            0.81504951959679        0.87627115593714        1.23688684186925
H            2.40759372989661        0.17506010174202       -1.27028888465414
H            3.08844916513591        0.49826596492619        0.32303759869327
H            2.26976353136946        1.78469215504216       -0.56136049678111
H           -0.14707974793200        0.10125016464349       -1.54713760502724
H           -0.13864539676718        1.73935412966082       -0.88916969927439
H           -1.63141690811906        0.83002016566257        1.01491656125233
H           -2.35102901145867        1.05893006607137       -0.59138000319823
H           -2.03747554934817       -1.23630536704059       -0.85087866971589
18
 energy: -20.897176134617 gnorm: 0.003998435154 xtb: 6.7.1 (edcfbbe)
C            0.94684040521570       -1.17595810348436        0.62819960669635
C            0.93493604064272        0.31514436308584        0.30031824752189
C            2.26202461084501        0.72278474360931       -0.34046414656524
C           -0.22754111972597        0.68147777939288       -0.63090057338276
C           -1.61683659247416        0.47622948059794       -0.01632753431874
O           -2.03564331274374       -0.86711127104178        0.05683764051998
H            1.79085748948106       -1.41429520997273        1.27447233645834
H            1.03774330070796       -1.76244152618925       -0.28557624612333
H            0.02879080140877       -1.46606329817273        1.13564405919514
H            0.81273552641525        0.87602847628747        1.23378493467804
H            2.41524406951944        0.17846757100553       -1.26943483650885
H            3.08901813595062        0.49889561918575        0.32851033305900
H            2.27443693027485        1.78799515815119       -0.55810521582904
H           -0.15036054078535        0.09500719983344       -1.54899597039366
H           -0.14120006614885        1.73577232788517       -0.89830748491758
H           -1.62590659695046        0.83970895156946        1.01459390303574
H           -2.35204289204121        1.06015917233826       -0.58900270187820
H           -2.05191614776324       -1.24161469651483       -0.83542583654300
18
 energy: -20.897220662360 gnorm: 0.003295091987 xtb: 6.7.1 (edcfbbe)
C            0.95121940604480       -1.17800000539399        0.62598315566854
C            0.93482838911699        0.31319566749598        0.29883333455727
C            2.26210978547258        0.72466499344972       -0.33905046964041
C           -0.22813368833158        0.67759445493252       -0.63245762509083
C           -1.61787258229603        0.47911203532330       -0.01613744540528
O           -2.04141607806346       -0.86322025204620        0.06448154024286
H            1.78097879889143       -1.41091531305637        1.29166374242869
H            1.06903728618573       -1.76362124507475       -0.28576228928260
H            0.02448453034546       -1.47655788138056        1.11073236835804
H            0.81063322858027        0.87361137085555        1.23276559505243
H            2.41909683216775        0.18296985373151       -1.26981300027761
H            3.08880319431115        0.50012661943877        0.33096273483931
H            2.27455405391775        1.79095703659064       -0.55450140991220
H           -0.15353755048824        0.08844149199777       -1.54986280659640
H           -0.14047467151414        1.73111345244904       -0.90463749614473
H           -1.62513817621621        0.84894477969506        1.01301276898463
H           -2.35170465045138        1.06295594522586       -0.59090928066141
H           -2.06628806584446       -1.24118626666728       -0.82548290241621
18
 energy: -20.897257318230 gnorm: 0.002058352758 xtb: 6.7.1 (edcfbbe)
C            0.95751870756620       -1.18142874690011        0.62436045235076
C            0.93470180480390        0.30962349819717        0.29789766538427
C            2.26081643424978        0.72723281439274       -0.33756856223423
C           -0.22814281396261        0.67201979585018       -0.63385460778962
C           -1.61834869457740        0.48410053270883       -0.01663468211947
O           -2.04898892915568       -0.85727431542184        0.07239182712348
H            1.77320617704184       -1.40663415841558        1.30853270448880
H            1.10228654203886       -1.76529519578343       -0.28400201691621
H            0.02323035213590       -1.48897056916743        1.08663050366588
H            0.80739294178353        0.86863419191739        1.23250190010283
H            2.42010249944238        0.19000330120661       -1.27079869357122
H            3.08825431522319        0.50211562314133        0.33152216067633
H            2.27107929996948        1.79451664082601       -0.54901960884493
H           -0.15656484405857        0.07869069059127       -1.54930495225751
H           -0.13656590277480        1.72421452489719       -0.91156077577687
H           -1.62549212123529        0.85919940592564        1.01051303818394
H           -2.35017954612124        1.06611684656068       -0.59547159387979
H           -2.08312618054107       -1.23667814296006       -0.81631424388234
18
 energy: -20.897271876383 gnorm: 0.000985685403 xtb: 6.7.1 (edcfbbe)
C            0.96161563727234       -1.18415243081394        0.62293828565509
C            0.93447363949684        0.30708455812349        0.29771163300118
C            2.25946679592227        0.72951729260684       -0.33632779748905
C           -0.22771433923540        0.66768428071315       -0.63534087180873
C           -1.61784755347224        0.48801346677517       -0.01708168474682
O           -2.05312918995070       -0.85253649303158        0.07836564394968
H            1.76829230410589       -1.40405034343098        1.31870900384844
H            1.12337407215859       -1.76587798523208       -0.28293693970733
H            0.02279180894583       -1.49713850434967        1.07130996170359
H            0.80409717588605        0.86438874201587        1.23282532172826
H            2.41874428298353        0.19651669390011       -1.27163004843026
H            3.08764859696937        0.50336912210218        0.33106335080342
H            2.26711829634520        1.79739406363286       -0.54340293630472
H           -0.15827284898795        0.06949681362269       -1.54759805703624
H           -0.13238022100013        1.71824097931534       -0.91791962402983
H           -1.62468391252044        0.86653513569087        1.00842348998693
H           -2.34835647094370        1.06781378595129       -0.59916954418779
H           -2.09405803214694       -1.23211244002501       -0.81011867223169
18
 energy: -20.897276289110 gnorm: 0.000661409120 xtb: 6.7.1 (edcfbbe)
C            0.96384728421419       -1.18607144091598        0.62155236387998
C            0.93410914428969        0.30558412931785        0.29773852315229
C            2.25857116022755        0.73171438800721       -0.33491635290796
C           -0.22736919227420        0.66425593470462       -0.63711389867736
C           -1.61722016447499        0.49080414882923       -0.01746578766639
O           -2.05517346331597       -0.84888413481644        0.08287003530798
H            1.76563517859201       -1.40346701227342        1.32305437334168
H            1.13447179061100       -1.76567025113896       -0.28287242552154
H            0.02310212777813       -1.50188979046018        1.06307464567988
H            0.80087222086155        0.86123890938285        1.23315527440271
H            2.41675953486327        0.20301371826080       -1.27238514172550
H            3.08719807704251        0.50340917147803        0.33069768639830
H            2.26439341819604        1.80021285141526       -0.53698846822354
H           -0.15935434559767        0.06061898124904       -1.54535790610030
H           -0.12907173136591        1.71286590178736       -0.92483241534183
H           -1.62296447511500        0.87228109598850        1.00659983334608
H           -2.34692145421503        1.06894952275725       -0.60156469532914
H           -2.09970506848877       -1.22877938600643       -0.80542512931120
18
 energy: -20.897277996381 gnorm: 0.000299864441 xtb: 6.7.1 (edcfbbe)
C            0.96392412007841       -1.18632141297678        0.62081238637520
C            0.93387251332796        0.30551378404100        0.29756246877788
C            2.25862480523360        0.73251461640865       -0.33410112583173
C           -0.22736136327879        0.66319321501851       -0.63814569338946
C           -1.61711185779658        0.49126230439793       -0.01750405863849
O           -2.05555563682852       -0.84784010464410        0.08456736566337
H            1.76527264476750       -1.40372777838397        1.32338318362098
H            1.13589717575752       -1.76534693221403       -0.28413141321534
H            0.02237532613208       -1.50243586505056        1.06143151130523
H            0.79955762371887        0.86084063756507        1.23294403051852
H            2.41662629125660        0.20577136112684       -1.27269534222022
H            3.08705027319414        0.50242801772503        0.33114295145546
H            2.26482407766748        1.80144370620738       -0.53378379769937
H           -0.15974942418814        0.05733382736254       -1.54479519595740
H           -0.12864186975912        1.71099826889255       -0.92820180908431
H           -1.62171866695709        0.87415875826222        1.00608105494332
H           -2.34680026953741        1.06948217180087       -0.60156954616765
H           -2.09990572096011       -1.22908183797253       -0.80317645575187
18
 energy: -20.897279556349 gnorm: 0.000605428840 xtb: 6.7.1 (edcfbbe)
C            0.96356025033795       -1.18640920954251        0.62004919443453
C            0.93327857088841        0.30566192342119        0.29747586385551
C            2.25868933787452        0.73392367031245       -0.33227830585390
C           -0.22748600876165        0.66162684179723       -0.63976923888690
C           -1.61731527891763        0.49184925406291       -0.01819117888718
O           -2.05647702261363       -0.84641915739722        0.08599078504608
H            1.76911933644026       -1.40604102451059        1.31660826338993
H            1.12819453038344       -1.76533447517111       -0.28595181172077
H            0.02510668348719       -1.50140994392570        1.06719575962288
H            0.79751039905620        0.86074387302568        1.23271758577401
H            2.41630533276686        0.21127596928654       -1.27336971288283
H            3.08674153122441        0.49970051097366        0.33219725972024
H            2.26635502748993        1.80388459260719       -0.52689959470755
H           -0.16019072014603        0.05215534800578       -1.54390551004390
H           -0.12825110124076        1.70807361230432       -0.93398627047770
H           -1.62044909091357        0.87687728239156        1.00472004505255
H           -2.34678338014795        1.07066491423206       -0.60219707460057
H           -2.09672835537955       -1.23063724430685       -0.80058554413031
18
 energy: -20.897280372393 gnorm: 0.000117544331 xtb: 6.7.1 (edcfbbe)
C            0.96417439389044       -1.18675041044861        0.61992193168108
C            0.93325813335994        0.30516394584322        0.29724812795593
C            2.25850113756141        0.73412345345023       -0.33204577727010
C           -0.22739013180797        0.66108175347734       -0.63988736222070
C           -1.61729988103151        0.49245613842604       -0.01837071250903
O           -2.05724272269051       -0.84567463682390        0.08706907048977
H            1.76931729646737       -1.40547207563961        1.31770884365336
H            1.13034396142386       -1.76572588741431       -0.28622493252467
H            0.02496773061550       -1.50241324109877        1.06571209383038
H            0.79706406682392        0.86012501925213        1.23259600179322
H            2.41645076168586        0.21226857898055       -1.27350225076712
H            3.08658629772105        0.49959485918467        0.33224452710071
H            2.26605280373135        1.80420094150020       -0.52596960905500
H           -0.16044521205864        0.05159178173874       -1.54419315100762
H           -0.12772190287401        1.70756163944422       -0.93427592579010
H           -1.62082544720949        0.87800411573822        1.00430636531550
H           -2.34655146980114        1.07073670569953       -0.60326602864330
H           -2.09805977397903       -1.23068594374331       -0.79925069732819
18
 energy: -20.897280653376 gnorm: 0.000121513247 xtb: 6.7.1 (edcfbbe)
C            0.96447987049464       -1.18705044749120        0.61966094469129
C            0.93319191867900        0.30487274550108        0.29720373575114
C            2.25836754355656        0.73427614350453       -0.33179981110799
C           -0.22731889260709        0.66085715049436       -0.63997591701265
C           -1.61730300034353        0.49288708359254       -0.01866948423456
O           -2.05739948754701       -0.84518363921041        0.08814968484240
H            1.76951501022664       -1.40547195406949        1.31769916784471
H            1.13118403406293       -1.76600157898376       -0.28650687300928
H            0.02520716243397       -1.50310526219264        1.06510052988614
H            0.79675036276343        0.85960601662107        1.23269047995142
H            2.41646227921273        0.21298727888846       -1.27351142324053
H            3.08644567868831        0.49954885839095        0.33239245344645
H            2.26574064188032        1.80443056173568       -0.52513115557445
H           -0.16058482431951        0.05137421094361       -1.54434127213290
H           -0.12734518689097        1.70732972127938       -0.93442584734494
H           -1.62119786217011        0.87940636519987        1.00361430998282
H           -2.34636269960133        1.07041072167980       -0.60450877491233
H           -2.09865250669056       -1.23098723831722       -0.79782023312260
18
 energy: -20.897280956212 gnorm: 0.000145244105 xtb: 6.7.1 (edcfbbe)
C            0.96465407201122       -1.18742262825545        0.61924316604781
C            0.93310599973074        0.30454752272563        0.29713809229689
C            2.25830314715496        0.73447482656150       -0.33143761548705
C           -0.22723418301365        0.66077865264525       -0.64010886708194
C           -1.61737255249542        0.49333619961472       -0.01910090059142
O           -2.05713556234641       -0.84470491307528        0.08970986552637
H            1.76990745404081       -1.40589788118465        1.31700671329791
H            1.13111676047719       -1.76613950990487       -0.28708282929029
H            0.02553538670988       -1.50368769471892        1.06485869113503
H            0.79638883144476        0.85892010588328        1.23280907737243
H            2.41657144558601        0.21371769870402       -1.27338335123997
H            3.08632243466292        0.49950835789285        0.33272682432497
H            2.26554042799544        1.80471919737754       -0.52418873333584
H           -0.16051054526726        0.05142131155764       -1.54458128257993
H           -0.12698463385780        1.70728668726866       -0.93441263460799
H           -1.62187772051098        0.88143348866210        1.00256563916409
H           -2.34634776944330        1.06961055728237       -0.60624256515884
H           -2.09880295105073       -1.23171524146978       -0.79569877508810
18
 energy: -20.897281235390 gnorm: 0.000101974085 xtb: 6.7.1 (edcfbbe)
C            0.96470548519592       -1.18783321388122        0.61853441603958
C            0.93293076657578        0.30431856097858        0.29721603396028
C            2.25824431039822        0.73467546862479       -0.33086851349619
C           -0.22713676101718        0.66077431816442       -0.64031995863572
C           -1.61748501625287        0.49379302409886       -0.01967850017279
O           -2.05667361459872       -0.84419244673780        0.09179450791926
H            1.77045926265647       -1.40656372521626        1.31558707800116
H            1.13058931880936       -1.76620347873329       -0.28812524457073
H            0.02599387946258       -1.50426174153784        1.06479228041030
H            0.79587180120061        0.85824651306028        1.23309993828758
H            2.41677030450747        0.21447630467190       -1.27308897204556
H            3.08614318001637        0.49941443880730        0.33334563901889
H            2.26541414423495        1.80503070017701       -0.52299183124063
H           -0.16038363926285        0.05143540666995       -1.54480774349163
H           -0.12661695479701        1.70728628545635       -0.93454513836157
H           -1.62262644915896        0.88414113153035        1.00113335426199
H           -2.34637720258519        1.06852510013315       -0.60842317993387
H           -2.09864277355654       -1.23287590869993       -0.79283365124620
18
 energy: -20.897281363146 gnorm: 0.000055646031 xtb: 6.7.1 (edcfbbe)
C            0.96475965028607       -1.18813987797654        0.61804868666732
C            0.93283148228433        0.30410657278713        0.29714152010346
C            2.25826433375887        0.73493285162222       -0.33042061519702
C           -0.22710962285066        0.66067147036896       -0.64055724972709
C           -1.61758895131438        0.49415118394301       -0.01999765860796
O           -2.05640277724417       -0.84373491751308        0.09327725567656
H            1.77078827107569       -1.40722136215588        1.31469062400056
H            1.13022873180698       -1.76607978611540       -0.28889214050188
H            0.02619849485325       -1.50470058386560        1.06456467993467
H            0.79544810746961        0.85767561495406        1.23315990690162
H            2.41704497339360        0.21504273311706       -1.27277449825225
H            3.08602349420051        0.49952058011381        0.33392846469871
H            2.26537987405204        1.80536618738924       -0.52218033950591
H           -0.16031715507053        0.05114734631527       -1.54489415616865
H           -0.12643498320671        1.70710835058016       -0.93495121710229
H           -1.62305650624433        0.88606201217399        1.00021957960745
H           -2.34646185097892        1.06787516876116       -0.60974722450018
H           -2.09841552444285       -1.23359680693298       -0.79079510332298
18
 energy: -20.897281420374 gnorm: 0.000033455523 xtb: 6.7.1 (edcfbbe)
C            0.96479414887968       -1.18828812068610        0.61773109714188
C            0.93275524156746        0.30404140084765        0.29715704832914
C            2.25824910527000        0.73506331072856       -0.33017363787632
C           -0.22709743722503        0.66053654225287       -0.64070699291268
C           -1.61762005310444        0.49434111576940       -0.02011269303826
O           -2.05641136671107       -0.84345943742380        0.09396722669306
H            1.77082376963535       -1.40742017410988        1.31435163064037
H            1.13036511786468       -1.76604472842390       -0.28930714003378
H            0.02628885402220       -1.50498068084614        1.06421166774003
H            0.79516280338230        0.85745771437640        1.23323059949390
H            2.41728703914928        0.21523904505860       -1.27253177047022
H            3.08592111473671        0.49973235125377        0.33432031042150
H            2.26526306377972        1.80551134149272       -0.52188318243878
H           -0.16034852221941        0.05075767500344       -1.54486911254174
H           -0.12629299112463        1.70688194623875       -0.93534908514815
H           -1.62308218285803        0.88690499194060        0.99985426838221
H           -2.34646746880511        1.06775789770581       -0.61019646350729
H           -2.09841019441126       -1.23384545361214       -0.78987325617074
