----------------------------------------------- 
  Element       SASA      Sigma Z        Total  
     Z         Ang**2 cal/Ang**2/mol   kcal/mol 
----------------------------------------------- 
      H        120.925      48.690       5.888
      C         34.615     129.740       4.491
      O         31.472       0.000       0.000

 Subtotal:     187.011                  10.379
 -----------------------------------------------

  Elements    COT*SASA   Sigma Z,Z'     Total   
    Z,Z'       Ang**2  cal/Ang**2/mol kcal/mol  
 ---------------------------------------------- 
  H   C         81.551     -60.770      -4.956
  H   O          0.000       0.000       0.000
  C   C         24.263     -72.950      -1.770
  O   C         17.372      68.690       1.193
  O   O          0.000       0.000       0.000

 Subtotal:                              -5.533
 ---------------------------------------------- 

 NONAQUEOUS SOLVENT CONTRIBUTION (kcal/mol):
 (proportional to SASA, atomic number independent)
 ---------------------------------------------- 
 Subtotal:                               0.000
 ---------------------------------------------- 

 CDS TOTAL (kcal/mol):                   4.846
...............................................................................
