----------------------------------------------- 
  Element       SASA      Sigma Z        Total  
     Z         Ang**2 cal/Ang**2/mol   kcal/mol 
----------------------------------------------- 
      H         96.325      48.690       4.690
      C         22.853     129.740       2.965
      O         42.242       0.000       0.000

 Subtotal:     161.420                   7.655
 -----------------------------------------------

  Elements    COT*SASA   Sigma Z,Z'     Total   
    Z,Z'       Ang**2  cal/Ang**2/mol kcal/mol  
 ---------------------------------------------- 
  H   C         55.970     -60.770      -3.401
  H   O          9.277       0.000       0.000
  C   C         18.517     -72.950      -1.351
  O   C         20.189      68.690       1.387
  O   O          0.000       0.000       0.000

 Subtotal:                              -3.365
 ---------------------------------------------- 

 NONAQUEOUS SOLVENT CONTRIBUTION (kcal/mol):
 (proportional to SASA, atomic number independent)
 ---------------------------------------------- 
 Subtotal:                               0.000
 ---------------------------------------------- 

 CDS TOTAL (kcal/mol):                   4.290
...............................................................................
