
         ______________________________________________________________
        |                                                              |
        |                                                              |
        |                   CENSO - Commandline ENSO                   |
        |                           v 2.1.2                            |
        |    energetic sorting of CREST Conformer Rotamer Ensembles    |
        |                    University of Bonn, MCTC                  |
        |                           Oct 2024                           |
        |                 based on ENSO version 2.0.1                  |
        |             L. M. Seidler, F. Bohle and S. Grimme            |
        |                                                              |
        |______________________________________________________________|

        Please cite:
        (TBA)
        S. Grimme, F. Bohle, A. Hansen, P. Pracht, S. Spicher, and M. Stahn
        J. Phys. Chem. A 2021, 125, 19, 4039-4054.
        DOI: https://doi.org/10.1021/acs.jpca.1c00971

        This program is distributed in the hope that it will be useful,
        but WITHOUT ANY WARRANTY; without even the implied warranty of
        MERCHANTABILITY or FITNESS FOR A PARTICULAR PURPOSE.

Reading configuration file from /home/z5358697/.censo2rc.
CALL: /srv/scratch/z5358697/.censo/bin/censo -i crest_conformers.xyz --maxcores 4 -O 1
Read 4 conformers.
Number of atoms:              13
Charge:                       0
Unpaired electrons:           0


----------------------------------------------------------------------------------------------------
                                          GENERAL SETTINGS                                          
----------------------------------------------------------------------------------------------------
    
imagthr:                      -100.0
sthr:                         0.0
scale:                        1.0
temperature:                  298.15
solvent:                      h2o
sm_rrho:                      alpb
multitemp:                    False
evaluate_rrho:                False
consider_sym:                 False
bhess:                        False
rmsdbias:                     False
balance:                      False
gas-phase:                    False
copy_mo:                      True
retry_failed:                 True
trange:                       [273.15, 373.15, 5]



----------------------------------------------------------------------------------------------------
                                            PRESCREENING                                            
----------------------------------------------------------------------------------------------------
    
threshold:                    4.0
func:                         pbe-d4
basis:                        def2-sv(p)
prog:                         orca
gfnv:                         gfn2
run:                          True
template:                     False


Running xtb_gsolv calculation for CONF1.
Running xtb_gsolv calculation for CONF2.
Running xtb_gsolv calculation for CONF3.
Running xtb_gsolv calculation for CONF4.
Running sp calculation for CONF1.
Running sp calculation for CONF2.
Running sp calculation for CONF3.
Running sp calculation for CONF4.



-------------------------------- PRESCREENING SINGLE-POINT RESULTS ---------------------------------

CONF#        E (xTB)          ΔE (xTB)          E (DFT)          ΔE (DFT)        ΔGsolv (xTB)          Gtot             ΔGtot          Boltzmann weight   
               [Eh]          [kcal/mol]          [Eh]           [kcal/mol]        [kcal/mol]           [Eh]           [kcal/mol]        % at 298.15 K     
CONF1       -16.684960          0.08          -231.919998          0.00           -1.313087         -231.922091          0.00               50.54         
CONF2       -16.685093          0.00          -231.917992          1.26           -1.173092         -231.919862          1.40                4.77         
CONF3       -16.684488          0.38          -231.919762          0.15           -1.331835         -231.921884          0.13               40.60         
CONF4       -16.684631          0.29          -231.917897          1.32           -1.143247         -231.919718          1.49                4.10         

Boltzmann averaged free energy/enthalpy of ensemble on input geometries (not DFT optimized):
temperature /K:   avE(T) /a.u.   avG(T) /a.u.
    298.15        -231.9197204    -231.9218033     <<==part0==
----------------------------------------------------------------------------------------------------

Number of conformers:         4
Highest ranked conformer:     CONF1


Ran prescreening in 6.13 seconds!

----------------------------------------------------------------------------------------------------
                                             SCREENING                                              
----------------------------------------------------------------------------------------------------
    
threshold:                    3.5
func:                         r2scan-3c
basis:                        def2-tzvp
prog:                         orca
sm:                           smd
gfnv:                         gfn2
run:                          True
implicit:                     False
template:                     False


Running gsolv calculation for CONF2.
Running gsolv calculation for CONF4.
Running gsolv calculation for CONF3.
Running gsolv calculation for CONF1.

----------------------------- SCREENING SINGLE-POINT (+ mRRHO) RESULTS -----------------------------

CONF#        G (xTB)          ΔG (xTB)          E (DFT)          ΔGsolv         GmRRHO          Gtot             ΔGtot          Boltzmann weight   
               [Eh]          [kcal/mol]          [Eh]             [Eh]           [Eh]           [Eh]           [kcal/mol]        % at 298.15 K     
CONF1       -16.687052          ---           -232.392962       -0.005334        ---         -232.398296          0.00               51.67         
CONF2       -16.686963          ---           -232.391551       -0.005624        ---         -232.397175          0.70               15.76         
CONF3       -16.686611          ---           -232.392804       -0.004774        ---         -232.397578          0.45               24.14         
CONF4       -16.686453          ---           -232.391171       -0.005413        ---         -232.396584          1.07                8.42         

Boltzmann averaged free energy/enthalpy of ensemble on input geometries (not DFT optimized):
temperature /K:   avE(T) /a.u.   avG(T) /a.u.
    298.15        -232.3925506    -232.3978020     <<==part1==
----------------------------------------------------------------------------------------------------


----------------------------------- SCREENING RANKING COMPARISON -----------------------------------

CONF#       ΔGtot prescreening       ΔGtot screening   
                [kcal/mol]             [kcal/mol]      
CONF1              0.00                   0.00         
CONF2              1.40                   0.70         
CONF3              0.13                   0.45         
CONF4              1.49                   1.07         
----------------------------------------------------------------------------------------------------



Number of conformers:         4
Highest ranked conformer:     CONF1


Ran screening in 37.18 seconds!

----------------------------------------------------------------------------------------------------
                                            OPTIMIZATION                                            
----------------------------------------------------------------------------------------------------
    
optcycles:                    8
maxcyc:                       200
threshold:                    1.5
hlow:                         0.01
gradthr:                      0.01
func:                         r2scan-3c
basis:                        def2-tzvp
prog:                         orca
sm:                           smd
gfnv:                         gfn2
optlevel:                     normal
run:                          True
macrocycles:                  True
crestcheck:                   True
template:                     False
constrain:                    False
xtb_opt:                      True


Optimization using macrocycles, 8 microcycles per step.
Running xtb_opt calculation for CONF4.
Running xtb_opt calculation for CONF3.
Running xtb_opt calculation for CONF2.
Running xtb_opt calculation for CONF1.
Running xtb_rrho calculation for CONF1.
Running xtb_rrho calculation for CONF4.
Running xtb_rrho calculation for CONF3.
Running xtb_rrho calculation for CONF2.
CONF1 converged after 5 steps.
CONF3 converged after 5 steps.

----------------------------------- OPTIMIZATION CYCLE 8 UPDATE ------------------------------------

CONF#          Gtot             ΔGtot          grad_norm       converged   
               [Eh]           [kcal/mol]        [Eh/a0]                    
CONF1       -232.318509          0.00          0.000515          True      
CONF2       -232.316992          0.95          0.002627          False     
CONF3       -232.317479          0.65          0.000921          True      
CONF4       -232.316688          1.14          0.003055          False     
----------------------------------------------------------------------------------------------------
Running xtb_opt calculation for CONF2.
Running xtb_opt calculation for CONF4.
CONF2 converged after 17 steps.
CONF4 converged after 20 steps.

----------------------------------- OPTIMIZATION CYCLE 16 UPDATE -----------------------------------

CONF#          Gtot             ΔGtot          grad_norm       converged   
               [Eh]           [kcal/mol]        [Eh/a0]                    
CONF1       -232.318509          0.00          0.000515          True      
CONF2       -232.316997          0.95          0.000913          True      
CONF3       -232.317479          0.65          0.000921          True      
CONF4       -232.316702          1.13          0.000761          True      
----------------------------------------------------------------------------------------------------
Running xtb_rrho calculation for CONF1.
Running xtb_rrho calculation for CONF2.
Running xtb_rrho calculation for CONF3.
Running xtb_rrho calculation for CONF4.

--------------------------------------- OPTIMIZATION RESULTS ---------------------------------------

CONF#       E (DFT) (+ ΔGsolv)       ΔE (DFT) (+ δΔGsolv)       GmRRHO          Gtot             ΔGtot          Boltzmann weight   
                   [Eh]                   [kcal/mol]             [Eh]           [Eh]           [kcal/mol]        % at 298.15 K     
CONF1          -232.399218                   0.00                ---         -232.318509          0.00               59.37         
CONF2          -232.397921                   0.81                ---         -232.316998          0.95               11.98         
CONF3          -232.398658                   0.35                ---         -232.317479          0.65               19.95         
CONF4          -232.397354                   1.17                ---         -232.316695          1.14                8.69         

Boltzmann averaged free energy/enthalpy of ensemble on optimized geometries:
temperature /K:   avE(T) /a.u.   avG(T) /a.u.
    298.15        -232.3987886    -232.3179644     <<==part2==
----------------------------------------------------------------------------------------------------


--------------------------------------- OPTIMIZATION RESULTS ---------------------------------------

CONF#       E (DFT) (+ ΔGsolv)       ΔE (DFT) (+ δΔGsolv)       GmRRHO          Gtot             ΔGtot          Boltzmann weight   
                   [Eh]                   [kcal/mol]             [Eh]           [Eh]           [kcal/mol]        % at 298.15 K     
CONF1          -232.399218                   0.00                ---         -232.318509          0.00               59.37         
CONF2          -232.397921                   0.81                ---         -232.316998          0.95               11.98         
CONF3          -232.398658                   0.35                ---         -232.317479          0.65               19.95         
CONF4          -232.397354                   1.17                ---         -232.316695          1.14                8.69         

Boltzmann averaged free energy/enthalpy of ensemble on optimized geometries:
temperature /K:   avE(T) /a.u.   avG(T) /a.u.
    298.15        -232.3987886    -232.3179644     <<==part2==
----------------------------------------------------------------------------------------------------


--------------------------------- OPTIMIZATION RANKING COMPARISON ----------------------------------

CONF#       ΔGtot prescreening       ΔGtot screening       ΔGtot optimization   
                [kcal/mol]             [kcal/mol]              [kcal/mol]       
CONF1              0.00                   0.00                    0.00          
CONF2              1.40                   0.70                    0.95          
CONF3              0.13                   0.45                    0.65          
CONF4              1.49                   1.07                    1.14          
----------------------------------------------------------------------------------------------------



Number of conformers:         4
Highest ranked conformer:     CONF1


Ran optimization in 233.61 seconds!

Ran CENSO in 00:04:36

CENSO all done!
