#========================================================================================
#                     Free energy perturbation    
#----------------------------------------------------------------------------------------
#forward/backward          λ              ΔΔA                 ΔA                  δε   
#                                                 
#----------------------------------------------------------------------------------------
forward:               0.0000              0.0000              0.0000              0.0000  
forward:               0.0500              4.4197              4.4197              0.0498  
forward:               0.1000              2.3866              6.8063              0.0589  
forward:               0.1500              1.0270              7.8333              0.0621  
forward:               0.2000              0.4034              8.2367              0.0638  
forward:               0.2500              0.1347              8.3714              0.0643  
forward:               0.3000             -0.0339              8.3375              0.0646  
forward:               0.3500             -0.1308              8.2066              0.0649  
forward:               0.4000             -0.1938              8.0128              0.0651  
forward:               0.4500             -0.2462              7.7667              0.0652  
forward:               0.5000             -0.2927              7.4740              0.0654  
forward:               0.5500             -0.4292              7.0448              0.0656  
forward:               0.6000             -0.7294              6.3154              0.0660  
forward:               0.6500             -1.0060              5.3094              0.0664  
forward:               0.7000             -1.2763              4.0331              0.0668  
forward:               0.7500             -1.4948              2.5384              0.0672  
forward:               0.8000             -1.6074              0.9309              0.0674  
forward:               0.8500             -1.6699             -0.7390              0.0678  
forward:               0.9000             -1.6792             -2.4182              0.0680  
forward:               0.9500             -1.6820             -4.1002              0.0683  
forward:               1.0000             -1.6984             -5.7987              0.0684  
backward:              1.0000              0.0000             -5.7987              0.0000  
backward:              0.9500              1.6979             -4.1008              0.0066  
backward:              0.9000              1.6929             -2.4079              0.0086  
backward:              0.8500              1.6999             -0.7080              0.0105  
backward:              0.8000              1.6757              0.9677              0.0129  
backward:              0.7500              1.6096              2.5774              0.0180  
backward:              0.7000              1.4993              4.0766              0.0201  
backward:              0.6500              1.2891              5.3657              0.0221  
backward:              0.6000              1.0032              6.3690              0.0235  
backward:              0.5500              0.7259              7.0948              0.0246  
backward:              0.5000              0.4259              7.5208              0.0256  
backward:              0.4500              0.2943              7.8150              0.0262  
backward:              0.4000              0.2447              8.0597              0.0271  
backward:              0.3500              0.2069              8.2667              0.0290  
backward:              0.3000              0.1349              8.4015              0.0304  
backward:              0.2500              0.0284              8.4299              0.0323  
backward:              0.2000             -0.1392              8.2906              0.0349  
backward:              0.1500             -0.4323              7.8584              0.0382  
backward:              0.1000             -0.9825              6.8759              0.0458  
backward:              0.0500             -2.3567              4.5192              0.0795  
backward:              0.0000             -4.4278              0.0914              0.1309  
Inaccuracy estimation
======================================================================================================
                   i        i+δi          P0_overlap_P1   δε(forward)/ε   δε(backward)/ε
======================================================================================================
inaccuracy:  0.00000        0.05000           14.20            0.96            6.48
inaccuracy:  0.05000        0.10000           22.05           -0.01            3.86
inaccuracy:  0.10000        0.15000           35.88           -0.12            1.72
inaccuracy:  0.15000        0.20000           49.28           -0.09            0.75
inaccuracy:  0.20000        0.25000           54.42           -0.07            0.45
inaccuracy:  0.25000        0.30000           59.22           -0.06            0.32
inaccuracy:  0.30000        0.35000           60.87           -0.06            0.26
inaccuracy:  0.35000        0.40000           61.23           -0.06            0.23
inaccuracy:  0.40000        0.45000           63.29           -0.06            0.19
inaccuracy:  0.45000        0.50000           63.65           -0.05            0.17
inaccuracy:  0.50000        0.55000           57.40           -0.17            0.22
inaccuracy:  0.55000        0.60000           57.95           -0.22            0.16
inaccuracy:  0.60000        0.65000           56.75           -0.27            0.12
inaccuracy:  0.65000        0.70000           55.47           -0.27            0.07
inaccuracy:  0.70000        0.75000           57.19           -0.24            0.04
inaccuracy:  0.75000        0.80000           57.81           -0.27            0.02
inaccuracy:  0.80000        0.85000           57.83           -0.23            0.01
inaccuracy:  0.85000        0.90000           56.92           -0.27            0.01
inaccuracy:  0.90000        0.95000           57.34           -0.26            0.01
inaccuracy:  0.95000        1.00000           56.70           -0.27            0.02
===================================================================================================================================
                BAR        
-----------------------------------------------------------------------------------------------------------------------------------
BAR-estimator:         λ             λ+δλ          ΔΔA             ΔA            C               Δδe            δe       
                          
-----------------------------------------------------------------------------------------------------------------------------------
BAR-estimator:      0.00000        0.05000        4.3661         4.3661         4.3661         0.0136         0.0136 
BAR-estimator:      0.05000        0.10000        2.3842         6.7503         2.3842         0.0158         0.0209 
BAR-estimator:      0.10000        0.15000        1.0406         7.7909         1.0406         0.0105         0.0234 
BAR-estimator:      0.15000        0.20000        0.4194         8.2103         0.4194         0.0081         0.0248 
BAR-estimator:      0.20000        0.25000        0.1363         8.3465         0.1363         0.0049         0.0252 
BAR-estimator:      0.25000        0.30000       -0.0337         8.3129        -0.0337         0.0047         0.0257 
BAR-estimator:      0.30000        0.35000       -0.1323         8.1805        -0.1323         0.0043         0.0260 
BAR-estimator:      0.35000        0.40000       -0.1978         7.9828        -0.1978         0.0038         0.0263 
BAR-estimator:      0.40000        0.45000       -0.2469         7.7358        -0.2469         0.0038         0.0266 
BAR-estimator:      0.45000        0.50000       -0.2917         7.4442        -0.2917         0.0029         0.0267 
BAR-estimator:      0.50000        0.55000       -0.4249         7.0192        -0.4249         0.0035         0.0270 
BAR-estimator:      0.55000        0.60000       -0.7223         6.2969        -0.7223         0.0037         0.0272 
BAR-estimator:      0.60000        0.65000       -1.0097         5.2872        -1.0097         0.0040         0.0275 
BAR-estimator:      0.65000        0.70000       -1.2868         4.0004        -1.2868         0.0044         0.0279 
BAR-estimator:      0.70000        0.75000       -1.4948         2.5056        -1.4948         0.0040         0.0282 
BAR-estimator:      0.75000        0.80000       -1.6148         0.8908        -1.6148         0.0041         0.0284 
BAR-estimator:      0.80000        0.85000       -1.6692        -0.7784        -1.6692         0.0044         0.0288 
BAR-estimator:      0.85000        0.90000       -1.6922        -2.4706        -1.6922         0.0047         0.0292 
BAR-estimator:      0.90000        0.95000       -1.6852        -4.1558        -1.6852         0.0038         0.0294 
BAR-estimator:      0.95000        1.00000       -1.6997        -5.8555        -1.6997         0.0031         0.0296 
BAR-estimator: total free energy change is -5.855503217150197 , total error is 0.029583401932751795
