----------------------------------------------- 
  Element       SASA      Sigma Z        Total  
     Z         Ang**2 cal/Ang**2/mol   kcal/mol 
----------------------------------------------- 
      H        152.016      48.690       7.402
      C         63.531     129.740       8.243
      O         24.485       0.000       0.000

 Subtotal:     240.032                  15.644
 -----------------------------------------------

  Elements    COT*SASA   Sigma Z,Z'     Total   
    Z,Z'       Ang**2  cal/Ang**2/mol kcal/mol  
 ---------------------------------------------- 
  H   C        102.105     -60.770      -6.205
  H   O          0.000       0.000       0.000
  C   C         65.118     -72.950      -4.750
  O   C         14.758      68.690       1.014

 Subtotal:                              -9.941
 ---------------------------------------------- 

 NONAQUEOUS SOLVENT CONTRIBUTION (kcal/mol):
 (proportional to SASA, atomic number independent)
 ---------------------------------------------- 
 Subtotal:                               0.000
 ---------------------------------------------- 

 CDS TOTAL (kcal/mol):                   5.703
...............................................................................
