20
 energy: -386.245330241046 gnorm: 0.001620681156 xtb: 6.7.1 (edcfbbe)
C           -2.24350082733544        0.92049989011760        0.72593251123473
C           -1.77092459025415       -0.47595060368887        0.32606846523027
C           -2.81433896208719       -1.18055770114411       -0.54184036584750
C           -0.46437101428585       -0.42617040609031       -0.44441100292044
O            0.55708931014598        0.14686652167715        0.42790865467811
C            1.78549776708862        0.28917332159303       -0.09766135703302
O            2.06515820559336       -0.04383303440554       -1.23859669608937
C            2.74259788373558        0.92292188750919        0.85913833507902
H           -2.40239016532880        1.53858333988175       -0.16580127330670
H           -1.51797807080329        1.42887660584029        1.36789230294030
H           -3.19130594200667        0.86299099706262        1.27042784280609
H           -1.60547480171375       -1.07439096013895        1.23194012780977
H           -2.49533655286346       -2.19248938885962       -0.81241638824274
H           -2.99108109533539       -0.61994762700333       -1.46730702237382
H           -3.76670222071247       -1.25597134169602       -0.00864362974423
H           -0.13742035775870       -1.42715678799300       -0.74456965030173
H           -0.55565078321516        0.20353449030134       -1.33763882568698
H            2.81133382059122        1.98814275286426        0.61182547174660
H            3.73296688238129        0.48328801791296        0.72858717375218
H            2.41119388459120        0.82593707902921        1.89296739792233
20
 energy: -386.245332949816 gnorm: 0.000485536122 xtb: 6.7.1 (edcfbbe)
C           -2.24373326909822        0.92074139310762        0.72568704867293
C           -1.77099673686839       -0.47598023982239        0.32596992438626
C           -2.81447723251683       -1.18096244996174       -0.54204245279055
C           -0.46428098481391       -0.42609045698406       -0.44417583321479
O            0.55714507841464        0.14622589310340        0.42914586740013
C            1.78533520571227        0.28871360012461       -0.09767182212034
O            2.06562981552828       -0.04517747895869       -1.23918207331479
C            2.74260144547339        0.92304396829696        0.85909285038445
H           -2.40207057921042        1.53888250583264       -0.16623120404035
H           -1.51775530814019        1.42837092387733        1.36758685568515
H           -3.19175738509142        0.86342546476013        1.27003904127660
H           -1.60562905754514       -1.07410876193455        1.23201264528494
H           -2.49575666205357       -2.19313193095115       -0.81221836878483
H           -2.99102926332926       -0.62023507067218       -1.46745586332113
H           -3.76676442896246       -1.25576399415285       -0.00844688250145
H           -0.13751959387904       -1.42666231643117       -0.74510973361293
H           -0.55439264364523        0.20505322646240       -1.33590763661846
H            2.80971336629856        1.98876662746926        0.61225088027676
H            3.73319929319543        0.48446936380026        0.72703210162124
H            2.41190135216385        0.82476676238508        1.89342664484417
20
 energy: -386.245332949816 gnorm: 0.000485536122 xtb: 6.7.1 (edcfbbe)
C           -2.24373326909822        0.92074139310762        0.72568704867293
C           -1.77099673686839       -0.47598023982239        0.32596992438626
C           -2.81447723251683       -1.18096244996174       -0.54204245279055
C           -0.46428098481391       -0.42609045698406       -0.44417583321479
O            0.55714507841464        0.14622589310340        0.42914586740013
C            1.78533520571227        0.28871360012461       -0.09767182212034
O            2.06562981552828       -0.04517747895869       -1.23918207331479
C            2.74260144547339        0.92304396829696        0.85909285038445
H           -2.40207057921042        1.53888250583264       -0.16623120404035
H           -1.51775530814019        1.42837092387733        1.36758685568515
H           -3.19175738509142        0.86342546476013        1.27003904127660
H           -1.60562905754514       -1.07410876193455        1.23201264528494
H           -2.49575666205357       -2.19313193095115       -0.81221836878483
H           -2.99102926332926       -0.62023507067218       -1.46745586332113
H           -3.76676442896246       -1.25576399415285       -0.00844688250145
H           -0.13751959387904       -1.42666231643117       -0.74510973361293
H           -0.55439264364523        0.20505322646240       -1.33590763661846
H            2.80971336629856        1.98876662746926        0.61225088027676
H            3.73319929319543        0.48446936380026        0.72703210162124
H            2.41190135216385        0.82476676238508        1.89342664484417
