14
 energy: -344.745942271453 gnorm: 0.006666441235 xtb: 6.7.1 (edcfbbe)
C           -1.33902915040561       -0.16089400634759       -0.51886518779382
C           -0.01761978692983       -0.05807291772869        0.20865228155681
C            1.08733238492347       -0.71648960648444       -0.60149504209724
O            2.31255133442524       -0.54514157366251        0.12457795418951
O            0.25830444689207        1.33327989444823        0.42369465086442
O           -2.38010368642422        0.26748972193795        0.36602939600845
H           -1.49856257955222       -1.19840823915125       -0.83052320994529
H           -1.31231574617071        0.47313310475916       -1.41412696505282
H           -0.10160290054266       -0.57456439694356        1.17857450627633
H            1.15317905426054       -0.24508019992175       -1.59260352004473
H            0.85686784395607       -1.78287049203305       -0.73073699163320
H            3.03267516912843       -0.85344951404993       -0.43755818745740
H            1.09156943149472        1.38685754322696        0.90720517493401
H           -3.19814580882014        0.30785673022159       -0.14552806391125
14
 energy: -344.745987714075 gnorm: 0.002864462899 xtb: 6.7.1 (edcfbbe)
C           -1.33947395305297       -0.16118670703717       -0.51810421960680
C           -0.01806879554713       -0.05892587960850        0.20861604000247
C            1.08667686268146       -0.71490225399834       -0.60211692664875
O            2.31240514762519       -0.54973381954977        0.12671345546704
O            0.25704858179258        1.33437408310625        0.42359559948991
O           -2.38263646057051        0.27014289658853        0.36724530491931
H           -1.49794602460487       -1.20261800135227       -0.82748761993992
H           -1.30979491346481        0.47066902008573       -1.41650957380282
H           -0.10109268611654       -0.57361073882533        1.17930808150213
H            1.15687226156860       -0.23940984438410       -1.59079787863763
H            0.85557061074005       -1.78072188436835       -0.73539779573376
H            3.03240922488246       -0.85562434598731       -0.43794392216300
H            1.09280592895649        1.38829270020038        0.90523743357054
H           -3.19967594163973        0.30690095091222       -0.14506121134865
14
 energy: -344.746009804447 gnorm: 0.001285931464 xtb: 6.7.1 (edcfbbe)
C           -1.33920872140722       -0.16265807335608       -0.51730745253509
C           -0.01802089701253       -0.05937213045948        0.20879512729285
C            1.08585754411613       -0.71298531506003       -0.60293349984056
O            2.31150262538283       -0.55679876320584        0.13089276447944
O            0.25617214050804        1.33633394717294        0.42395557991561
O           -2.38357132663710        0.27393281356912        0.36750697007273
H           -1.49958510018128       -1.20692463735028       -0.82211609869417
H           -1.30929767093178        0.46546034432036       -1.41912719907708
H           -0.09918136062949       -0.57256320148462        1.18014886266167
H            1.16148731570654       -0.23039802824428       -1.58754370714549
H            0.85285076094132       -1.77744031808093       -0.74393161554913
H            3.03133360325513       -0.85789246348798       -0.43718872223202
H            1.09488377054434        1.39029874051858        0.90183625838614
H           -3.20012308639143        0.30465344806491       -0.14569055623090
14
 energy: -344.746024836810 gnorm: 0.002461148052 xtb: 6.7.1 (edcfbbe)
C           -1.33945844704574       -0.16510130405262       -0.51569035525027
C           -0.01798761332218       -0.05995184589345        0.20852532195025
C            1.08580902806808       -0.70978057132212       -0.60412272405882
O            2.31015970468346       -0.56860898920959        0.13813831655080
O            0.25467996192918        1.33822271941214        0.42374090396888
O           -2.38379447442225        0.28088186334648        0.36701580148803
H           -1.50338475712934       -1.21155408826214       -0.81172804129331
H           -1.31028539060098        0.45598001807548       -1.42236325538630
H           -0.09632614358316       -0.57171407481205        1.18057780841240
H            1.16975292717016       -0.21571001012680       -1.58216755828357
H            0.84891910814988       -1.77151476229680       -0.75867278150515
H            3.03034120861709       -0.86056187244041       -0.43449739872628
H            1.09738395096605        1.39208221844785        0.89498125869001
H           -3.20070988115443        0.30097734342870       -0.14644066932746
14
 energy: -344.746033454026 gnorm: 0.001976987372 xtb: 6.7.1 (edcfbbe)
C           -1.33989493734893       -0.16622964704556       -0.51508555718637
C           -0.01800362011728       -0.05982880586738        0.20812917160925
C            1.08607920871168       -0.70857415371721       -0.60488104495279
O            2.30866471991175       -0.57385437366536        0.14150289848720
O            0.25399658459992        1.33841515850791        0.42358558663211
O           -2.38273680135864        0.28468091150725        0.36632533464809
H           -1.50544204952262       -1.21300734201117       -0.80625478386032
H           -1.31095340784005        0.45108144054933       -1.42398100383564
H           -0.09530558393562       -0.57194491382683        1.18012072278511
H            1.17382498198212       -0.20940494937193       -1.57989566421307
H            0.84735848117312       -1.76886716137756       -0.76592851627666
H            3.02999920534842       -0.86055947707737       -0.43212199527683
H            1.09824512636803        1.39226789057009        0.89154567721646
H           -3.20073292090768        0.29947217017083       -0.14576423895829
14
 energy: -344.746040354578 gnorm: 0.002059148562 xtb: 6.7.1 (edcfbbe)
C           -1.34276235193808       -0.17108456720462       -0.51183411459528
C           -0.01826848355773       -0.05970190841130        0.20624877516717
C            1.08792697186261       -0.70255334707881       -0.60856252826088
O            2.30143565899618       -0.59966312659126        0.15768246586495
O            0.25047841714590        1.33794305892395        0.42329525087534
O           -2.37823976008371        0.30543141339884        0.36233478164269
H           -1.51558168774098       -1.22108177716889       -0.77860998065062
H           -1.31298220988889        0.42621679134239       -1.43348053207268
H           -0.09073627354025       -0.57456427991628        1.17747292795838
H            1.19362213697707       -0.17886778036645       -1.56909317849928
H            0.83951624183115       -1.75569566395005       -0.80101920317175
H            3.02986930462495       -0.85823316975052       -0.42047859316858
H            1.10308090166507        1.39256940015263        0.87471588567629
H           -3.20226081492420        0.29293212849221       -0.14137563697469
14
 energy: -344.746046780935 gnorm: 0.000890607118 xtb: 6.7.1 (edcfbbe)
C           -1.34219176455584       -0.16977503878122       -0.51276343161792
C           -0.01825372004964       -0.05971490006680        0.20680448041614
C            1.08752213943750       -0.70417178510168       -0.60774463303505
O            2.30269277602538       -0.59347400768173        0.15326161517796
O            0.25120308005082        1.33741426235713        0.42413868158444
O           -2.37898605802783        0.30159768347264        0.36249125266816
H           -1.51355971169844       -1.21928604057856       -0.78457037446090
H           -1.31208180017232        0.43141152788006       -1.43196798570080
H           -0.09210793382444       -0.57487205362570        1.17777348770485
H            1.18879608692882       -0.18684750270547       -1.57162847102278
H            0.84166996096332       -1.75881533693886       -0.79246422510033
H            3.03031589918507       -0.85700141428912       -0.42310819152895
H            1.10215440222237        1.39210455737797        0.87878808545100
H           -3.20207506672851        0.29507705849679       -0.14171395413325
14
 energy: -344.746048603905 gnorm: 0.000349783798 xtb: 6.7.1 (edcfbbe)
C           -1.34154300378748       -0.16843662062961       -0.51373654310657
C           -0.01827063777264       -0.06006895407728        0.20757682141162
C            1.08696292081170       -0.70599494836649       -0.60697093321545
O            2.30366165972712       -0.58792933042776        0.14945108616842
O            0.25206979494333        1.33647758382286        0.42551636385525
O           -2.37949006811265        0.29947725510886        0.36228354461588
H           -1.51182946169199       -1.21808927907632       -0.78973229530163
H           -1.31032679545302        0.43577184023525       -1.43134117584482
H           -0.09378306556842       -0.57573103314016        1.17816169721129
H            1.18376558558961       -0.19422642221494       -1.57423879498894
H            0.84288039325054       -1.76232304355359       -0.78429731255793
H            3.03123587661991       -0.85353476509681       -0.42603623477737
H            1.10201766707372        1.39130197925974        0.88259991486931
H           -3.20225231966902        0.29695253724916       -0.14193984447134
14
 energy: -344.746048603905 gnorm: 0.000349783798 xtb: 6.7.1 (edcfbbe)
C           -1.34154300378748       -0.16843662062961       -0.51373654310657
C           -0.01827063777264       -0.06006895407728        0.20757682141162
C            1.08696292081170       -0.70599494836649       -0.60697093321545
O            2.30366165972712       -0.58792933042776        0.14945108616842
O            0.25206979494333        1.33647758382286        0.42551636385525
O           -2.37949006811265        0.29947725510886        0.36228354461588
H           -1.51182946169199       -1.21808927907632       -0.78973229530163
H           -1.31032679545302        0.43577184023525       -1.43134117584482
H           -0.09378306556842       -0.57573103314016        1.17816169721129
H            1.18376558558961       -0.19422642221494       -1.57423879498894
H            0.84288039325054       -1.76232304355359       -0.78429731255793
H            3.03123587661991       -0.85353476509681       -0.42603623477737
H            1.10201766707372        1.39130197925974        0.88259991486931
H           -3.20225231966902        0.29695253724916       -0.14193984447134
