----------------------------------------------- 
  Element       SASA      Sigma Z        Total  
     Z         Ang**2 cal/Ang**2/mol   kcal/mol 
----------------------------------------------- 
      H        118.396      48.690       5.765
      C         98.102     129.740      12.728
      N         18.053       0.000       0.000

 Subtotal:     234.552                  18.492
 -----------------------------------------------

  Elements    COT*SASA   Sigma Z,Z'     Total   
    Z,Z'       Ang**2  cal/Ang**2/mol kcal/mol  
 ---------------------------------------------- 
  H   C         79.959     -60.770      -4.859
  C   C         97.406     -72.950      -7.106
  C   N         37.069       0.000       0.000
  N   C         69.281     -48.220      -3.341
  N  C(3)        0.000      84.100       0.000

 Subtotal:                             -15.306
 ---------------------------------------------- 

 NONAQUEOUS SOLVENT CONTRIBUTION (kcal/mol):
 (proportional to SASA, atomic number independent)
 ---------------------------------------------- 
 Subtotal:                               0.000
 ---------------------------------------------- 

 CDS TOTAL (kcal/mol):                   3.187
...............................................................................
