----------------------------------------------- 
  Element       SASA      Sigma Z        Total  
     Z         Ang**2 cal/Ang**2/mol   kcal/mol 
----------------------------------------------- 
      H        119.624      48.690       5.824
      C         34.143     129.740       4.430
      O         31.249       0.000       0.000

 Subtotal:     185.016                  10.254
 -----------------------------------------------

  Elements    COT*SASA   Sigma Z,Z'     Total   
    Z,Z'       Ang**2  cal/Ang**2/mol kcal/mol  
 ---------------------------------------------- 
  H   C         80.686     -60.770      -4.903
  H   O          0.000       0.000       0.000
  C   C         23.895     -72.950      -1.743
  O   C         17.273      68.690       1.186
  O   O          0.000       0.000       0.000

 Subtotal:                              -5.460
 ---------------------------------------------- 

 NONAQUEOUS SOLVENT CONTRIBUTION (kcal/mol):
 (proportional to SASA, atomic number independent)
 ---------------------------------------------- 
 Subtotal:                               0.000
 ---------------------------------------------- 

 CDS TOTAL (kcal/mol):                   4.794
...............................................................................
