----------------------------------------------- 
  Element       SASA      Sigma Z        Total  
     Z         Ang**2 cal/Ang**2/mol   kcal/mol 
----------------------------------------------- 
      H        135.528      48.690       6.599
      C         23.522     129.740       3.052
      O         14.102       0.000       0.000

 Subtotal:     173.152                   9.651
 -----------------------------------------------

  Elements    COT*SASA   Sigma Z,Z'     Total   
    Z,Z'       Ang**2  cal/Ang**2/mol kcal/mol  
 ---------------------------------------------- 
  H   C         82.823     -60.770      -5.033
  H   O          8.707       0.000       0.000
  C   C         18.923     -72.950      -1.380
  O   C          0.000      68.690       0.000

 Subtotal:                              -6.414
 ---------------------------------------------- 

 NONAQUEOUS SOLVENT CONTRIBUTION (kcal/mol):
 (proportional to SASA, atomic number independent)
 ---------------------------------------------- 
 Subtotal:                               0.000
 ---------------------------------------------- 

 CDS TOTAL (kcal/mol):                   3.237
...............................................................................
