----------------------------------------------- 
  Element       SASA      Sigma Z        Total  
     Z         Ang**2 cal/Ang**2/mol   kcal/mol 
----------------------------------------------- 
      H         97.497      48.690       4.747
      C         75.190     129.740       9.755
      O         65.134       0.000       0.000

 Subtotal:     237.821                  14.502
 -----------------------------------------------

  Elements    COT*SASA   Sigma Z,Z'     Total   
    Z,Z'       Ang**2  cal/Ang**2/mol kcal/mol  
 ---------------------------------------------- 
  H   C         56.948     -60.770      -3.461
  H   O          9.458       0.000       0.000
  C   C         87.367     -72.950      -6.373
  O   C         36.362      68.690       2.498
  O   O          0.000       0.000       0.000

 Subtotal:                              -7.336
 ---------------------------------------------- 

 NONAQUEOUS SOLVENT CONTRIBUTION (kcal/mol):
 (proportional to SASA, atomic number independent)
 ---------------------------------------------- 
 Subtotal:                               0.000
 ---------------------------------------------- 

 CDS TOTAL (kcal/mol):                   7.166
...............................................................................
