----------------------------------------------- 
  Element       SASA      Sigma Z        Total  
     Z         Ang**2 cal/Ang**2/mol   kcal/mol 
----------------------------------------------- 
      H         93.896      48.690       4.572
      C         29.957     129.740       3.887
      O         32.082       0.000       0.000

 Subtotal:     155.935                   8.458
 -----------------------------------------------

  Elements    COT*SASA   Sigma Z,Z'     Total   
    Z,Z'       Ang**2  cal/Ang**2/mol kcal/mol  
 ---------------------------------------------- 
  H   C         63.121     -60.770      -3.836
  H   O          0.000       0.000       0.000
  C   C         11.341     -72.950      -0.827
  O   C         16.953      68.690       1.164
  O   O          0.000       0.000       0.000

 Subtotal:                              -3.499
 ---------------------------------------------- 

 NONAQUEOUS SOLVENT CONTRIBUTION (kcal/mol):
 (proportional to SASA, atomic number independent)
 ---------------------------------------------- 
 Subtotal:                               0.000
 ---------------------------------------------- 

 CDS TOTAL (kcal/mol):                   4.960
...............................................................................
