17
 energy: -23.956376287425 gnorm: 0.034277756499 xtb: 6.7.1 (edcfbbe)
C           -2.28139291979314        0.29485676154664        1.10986320310285
C           -1.82092072927502        0.41619032474278       -0.35049899009829
C           -0.44461916251627       -0.16638190426440       -0.49016458134633
O           -0.21083091865126       -1.35299335243227       -0.65992819287025
O            0.51403596803498        0.77072887935077       -0.35672523748931
C            1.90291074167640        0.30823773447163       -0.34178618554611
C            2.28627211260847       -0.19115281809266        1.03204374896106
H           -1.61563027692771        0.85065809119764        1.77700143613738
H           -3.29062014049412        0.70144744107741        1.21557190327986
H           -2.29726809403395       -0.75194130001771        1.42707412816958
H           -1.81594230807847        1.46389217608718       -0.66036592217274
H           -2.49165318351113       -0.14721730030639       -1.00418557608621
H            2.02837499704254       -0.45778157828356       -1.11100281216786
H            2.47687365477970        1.19386426505194       -0.62056687180678
H            3.34236522556449       -0.47900071895795        1.02583443757294
H            2.14885388424206        0.59323091453001        1.78214104137143
H            1.69489093086847       -1.06510425433310        1.31857920739438
17
 energy: -23.957471158195 gnorm: 0.014074317942 xtb: 6.7.1 (edcfbbe)
C           -2.28086440030239        0.29607058965205        1.10518033424872
C           -1.81835001410771        0.41597565952052       -0.34986414492695
C           -0.44040477371545       -0.17081556793926       -0.47477147076540
O           -0.20656336661050       -1.34753123778608       -0.65789453438370
O            0.51136328141385        0.75750141162144       -0.34711105100224
C            1.89293603963265        0.31320230932770       -0.33846932526231
C            2.29287866460892       -0.19068033838701        1.03268823516771
H           -1.61279662894116        0.84864717158776        1.76361192288265
H           -3.28508193590873        0.70149893638574        1.20627481678628
H           -2.29172015268838       -0.74788158727246        1.41438261388215
H           -1.79781336188390        1.46350169255577       -0.65077527761880
H           -2.49185264831059       -0.14558040111126       -0.99924799167614
H            2.00636222949339       -0.46472887610008       -1.09802831384170
H            2.45979135926872        1.20136528336864       -0.62168939309219
H            3.34293110873882       -0.47672178515223        1.02178119372663
H            2.14660368333670        0.58822282286212        1.77893889544536
H            1.69828069751180       -1.06051272176544        1.30787822683552
17
 energy: -23.957689861713 gnorm: 0.004946423708 xtb: 6.7.1 (edcfbbe)
C           -2.27817171157204        0.29779842255419        1.10357807011523
C           -1.81650300064044        0.41705348986589       -0.35162687033188
C           -0.43821932898660       -0.17418198627299       -0.47891870400020
O           -0.20494385621764       -1.35013477586856       -0.65633422018537
O            0.50708894178395        0.74713950870687       -0.33747904994058
C            1.88200354050030        0.31629431178447       -0.33573340661064
C            2.29599200542125       -0.19001986940025        1.03522688711407
H           -1.60962034671940        0.84945785371711        1.75828213708118
H           -3.28030082114071        0.70119396487431        1.20427357993880
H           -2.28634077976894       -0.74494255705374        1.40949717914327
H           -1.78412150717677        1.46371811746724       -0.64924050099761
H           -2.49191268390677       -0.14183762222214       -0.99861245414825
H            1.99506223555358       -0.46818274745708       -1.08967274091020
H            2.44393840708380        1.20574667530085       -0.62119263312167
H            3.34357635209126       -0.47037500096405        1.01637755308826
H            2.14462953263007        0.58437192915344        1.78166853832992
H            1.70354280260113       -1.06156635281762        1.30279137184128
17
 energy: -23.957722601423 gnorm: 0.001698608138 xtb: 6.7.1 (edcfbbe)
C           -2.27876966825831        0.29829958147523        1.10272905011301
C           -1.81721991741245        0.41796529308831       -0.35303938745234
C           -0.43905961439759       -0.17738060664011       -0.47455867052058
O           -0.20775960455209       -1.35378711662374       -0.66073988399174
O            0.50493384042153        0.74284965097870       -0.32998713444093
C            1.87836461826878        0.31670788971008       -0.33518559748218
C            2.29870849176935       -0.18929605920133        1.03602709427254
H           -1.61008241539119        0.85049927981343        1.75737314441802
H           -3.28115724338231        0.70154819184336        1.20304576466714
H           -2.28635761644234       -0.74475402407319        1.40870680230040
H           -1.77908421735494        1.46478562308892       -0.64924322483810
H           -2.49292420441290       -0.13751688433731       -1.00224251931211
H            1.99411254962736       -0.46935338490056       -1.08749244706515
H            2.43905945240793        1.20610125701635       -0.62253348402244
H            3.34727189330123       -0.46508087260746        1.01297032820078
H            2.14575733970906        0.58369047567162        1.78378139450280
H            1.70990609763491       -1.06374493293437        1.30327350705647
17
 energy: -23.957737271537 gnorm: 0.002083831299 xtb: 6.7.1 (edcfbbe)
C           -2.28017784724173        0.29945603153321        1.10193694369138
C           -1.81896119111486        0.41848289972357       -0.35448218109677
C           -0.44176953707490       -0.18010930448233       -0.47846979310117
O           -0.21374489088545       -1.35748274315116       -0.67047935410790
O            0.50239021768236        0.73804055845140       -0.32277674527248
C            1.87512056152486        0.31564564358748       -0.33268851280146
C            2.30388721563916       -0.18877512282191        1.03792816195840
H           -1.61116809210153        0.85311078314129        1.75615324408842
H           -3.28354809291267        0.70199463348704        1.20347462300310
H           -2.28674537545444       -0.74394265656155        1.40902059787000
H           -1.77688104871212        1.46544034747148       -0.64965649401921
H           -2.49711775106872       -0.13272721360875       -1.00464857699696
H            1.99431198973955       -0.47073906525961       -1.08435848343627
H            2.43464820809612        1.20504895597318       -0.62262277056853
H            3.35495641528552       -0.45705224316557        1.01048667112221
H            2.14861633193644        0.58300739260869        1.78714365882565
H            1.72188266819845       -1.06786553555851        1.30692374724719
17
 energy: -23.957743427633 gnorm: 0.001502741847 xtb: 6.7.1 (edcfbbe)
C           -2.28093029713818        0.29975997380287        1.10155059554542
C           -1.81974274903083        0.41878305054716       -0.35469064831701
C           -0.44301745134357       -0.18052334465845       -0.47953743072340
O           -0.21595402929568       -1.35708030732368       -0.67599541928499
O            0.50191840190376        0.73656570815699       -0.32001244260584
C            1.87488199101393        0.31430699410080       -0.33145440522967
C            2.30627436492327       -0.18856575614624        1.03859823749963
H           -1.61248062504582        0.85395687712380        1.75584697417556
H           -3.28454005462098        0.70180969077061        1.20289788135034
H           -2.28728872511798       -0.74346621407728        1.40919778151096
H           -1.77746308922977        1.46590792796841       -0.64953542720983
H           -2.49855806893700       -0.13157855596370       -1.00499794597900
H            1.99305917712562       -0.47219285966743       -1.08318156137406
H            2.43369227627253        1.20389212278982       -0.62287053480548
H            3.35814491280300       -0.45385436373127        1.00996639156197
H            2.15028875920223        0.58300200675005        1.78790404226812
H            1.72741498805150       -1.06918958907452        1.30919864802289
17
 energy: -23.957757738315 gnorm: 0.001380658695 xtb: 6.7.1 (edcfbbe)
C           -2.28515100479924        0.30184834971469        1.09975821817119
C           -1.82385120981202        0.42068179698548       -0.35560954445509
C           -0.44930139626102       -0.18199909226516       -0.48584036267243
O           -0.22587626184974       -1.35350477473141       -0.70951290287331
O            0.49883353018773        0.72861150438592       -0.30175430125797
C            1.87261986649277        0.30660727753854       -0.32405249561687
C            2.32009801434597       -0.18736601124050        1.04265027699402
H           -1.61942311721295        0.85877134230339        1.75396526744165
H           -3.28998268052014        0.70090734174810        1.19954114138844
H           -2.28955683692772       -0.74060566560576        1.40926497080685
H           -1.78035677734138        1.46847473971230       -0.64876016781183
H           -2.50522941196311       -0.12636578786415       -1.00634223749453
H            1.98248449339245       -0.48228146996165       -1.07468977843993
H            2.42718694542601        1.19631595086959       -0.62539879237754
H            3.37606585156296       -0.43581243620831        1.00675671815857
H            2.15902261600628        0.58343799082424        1.79149072252459
H            1.75811716080921       -1.07618769483738        1.32141800391979
17
 energy: -23.957760955994 gnorm: 0.000594429448 xtb: 6.7.1 (edcfbbe)
C           -2.28479848709175        0.30188693319829        1.10011055333941
C           -1.82398911677784        0.42065577048417       -0.35579119529778
C           -0.44894152474551       -0.18103898908102       -0.48627414896730
O           -0.22442425478959       -1.35194973830982       -0.71233733230311
O            0.49849872298957        0.72882311389576       -0.29968223422767
C            1.87202494475431        0.30643289753676       -0.32386481021421
C            2.32015882713131       -0.18713074736727        1.04309055863738
H           -1.61850701481673        0.85873922294937        1.75382989989390
H           -3.28950496122878        0.70106595681051        1.20008303744451
H           -2.28890173104533       -0.74069660189659        1.40924767773437
H           -1.78055637525859        1.46821632953377       -0.64928761437680
H           -2.50471712846344       -0.12738781607830       -1.00622895351001
H            1.98028684160437       -0.48362855013988       -1.07336912996248
H            2.42681048118505        1.19510775024478       -0.62656124310109
H            3.37562452264358       -0.43608960029730        1.00677939480018
H            2.15903771167318        0.58395167654135        1.79157663004439
H            1.75759832377224       -1.07542424665665        1.32156364647192
17
 energy: -23.957762969497 gnorm: 0.000361626501 xtb: 6.7.1 (edcfbbe)
C           -2.28392360226532        0.30205801983742        1.10045037575111
C           -1.82471446550981        0.42048148244194       -0.35623027214030
C           -0.44913193243593       -0.17970320335901       -0.48834865218730
O           -0.22367479060315       -1.34959935991985       -0.72078746013715
O            0.49792616178904        0.72888596277753       -0.29585037363232
C            1.87138002949298        0.30555878010312       -0.32284302443726
C            2.32092441940130       -0.18669386914919        1.04433626566007
H           -1.61654886838207        0.85884948623738        1.75317423166579
H           -3.28839405357225        0.70159041610174        1.20134595041195
H           -2.28787315287729       -0.74055918764004        1.40953592209564
H           -1.78268350660241        1.46788995357491       -0.65018071116760
H           -2.50525944194363       -0.12897940455401       -1.00560589782868
H            1.97672246991647       -0.48614132563907       -1.07085864430918
H            2.42644721459943        1.19282377055162       -0.62829749348780
H            3.37628463504328       -0.43575434071899        1.00733239612710
H            2.16015005008354        0.58536632770065        1.79190838265800
H            1.75806861540187       -1.07454014697819        1.32380374136354
17
 energy: -23.957764084203 gnorm: 0.000405082040 xtb: 6.7.1 (edcfbbe)
C           -2.28238098727763        0.30212590515312        1.10067730293755
C           -1.82539174589203        0.42015302983941       -0.35678496740802
C           -0.44956264370590       -0.17896487992167       -0.49067680015403
O           -0.22397023023232       -1.34799592074140       -0.72727581262794
O            0.49738503357124        0.72865096126295       -0.29404517919378
C            1.87075035722091        0.30498697466906       -0.32198615437454
C            2.32095749624138       -0.18617982037311        1.04544288514141
H           -1.61372725987477        0.85859997218746        1.75234649962798
H           -3.28647199872880        0.70223812616667        1.20297622145527
H           -2.28653515179536       -0.74043947503755        1.40990639826405
H           -1.78474771787260        1.46747557610002       -0.65129172561899
H           -2.50633597038457       -0.13031293291055       -1.00487307588305
H            1.97493361580975       -0.48754795073929       -1.06921266049058
H            2.42605364352111        1.19159444109995       -0.62877124473632
H            3.37606963844678       -0.43619612460509        1.00810167572644
H            2.16117419529957        0.58666752196744        1.79239429840061
H            1.75749950718929       -1.07332204274949        1.32595707533955
17
 energy: -23.957765905024 gnorm: 0.000440918456 xtb: 6.7.1 (edcfbbe)
C           -2.27945835405447        0.30247072333876        1.10096521119617
C           -1.82678146684322        0.41935006336434       -0.35789482400847
C           -0.45075295042225       -0.17857688866007       -0.49486898792538
O           -0.22539540031776       -1.34591722601541       -0.74026288007600
O            0.49607036686620        0.72744331097159       -0.29070629261485
C            1.86941607315067        0.30402985136011       -0.32008860336459
C            2.32108618965107       -0.18529345842957        1.04755319939387
H           -1.60806631675440        0.85835464102519        1.75031274869498
H           -3.28274627068573        0.70390999859003        1.20623698499530
H           -2.28407204716600       -0.73995295488679        1.41068028948185
H           -1.78837747370886        1.46652916919104       -0.65345715914883
H           -2.50890388917499       -0.13244939909270       -1.00359734390997
H            1.97270438149824       -0.48947714324652       -1.06637549310348
H            2.42464133118646        1.19013659737972       -0.62868148267866
H            3.37583764428580       -0.43694093702676        1.00903854624759
H            2.16364390845839        0.58909676169327        1.79337807684000
H            1.75685405556689       -1.07117974818829        1.33065274638609
17
 energy: -23.957767602644 gnorm: 0.000215522588 xtb: 6.7.1 (edcfbbe)
C           -2.27542531468448        0.30288054615140        1.10147751032422
C           -1.82809716302963        0.41799185185208       -0.35911356408579
C           -0.45190930781930       -0.17868698069542       -0.49980590256983
O           -0.22646783688625       -1.34434407015493       -0.75225566508960
O            0.49455988870003        0.72626488233754       -0.28917548898161
C            1.86810043134789        0.30366674288487       -0.31830502997140
C            2.31982655586776       -0.18453963919668        1.04961188677277
H           -1.60062200964556        0.85807500326313        1.74787736397742
H           -3.27762101074921        0.70611036836277        1.21035949574570
H           -2.28076548086288       -0.73928392386546        1.41204684265231
H           -1.79202138227836        1.46487173370377       -0.65620861944242
H           -2.51185443102101       -0.13531228972636       -1.00181798691218
H            1.97202602704910       -0.48998156266634       -1.06436908617502
H            2.42306195479212        1.18995071833700       -0.62715731158489
H            3.37384616237299       -0.43939033049197        1.01032059322351
H            2.16563303840865        0.59158361876308        1.79433504348327
H            1.75342965997417       -1.06832330749052        1.33506465503915
17
 energy: -23.957768506865 gnorm: 0.000166904482 xtb: 6.7.1 (edcfbbe)
C           -2.27215488802728        0.30335338091681        1.10193832155355
C           -1.82897731981145        0.41671001283814       -0.36000755866555
C           -0.45273310692548       -0.17933730335563       -0.50311262421753
O           -0.22688520742231       -1.34375255012793       -0.76104133227987
O            0.49322633408666        0.72524131928720       -0.28834283373040
C            1.86703452431598        0.30373182322512       -0.31712155755525
C            2.31838348178351       -0.18410484357438        1.05103111512258
H           -1.59480254891927        0.85848540227513        1.74570945574135
H           -3.27357721048280        0.70774665716750        1.21347580485961
H           -2.27764285797189       -0.73848463967614        1.41360340901265
H           -1.79401210400138        1.46328084409778       -0.65832669020420
H           -2.51416443001532       -0.13747712133962       -1.00040560438433
H            1.97203130915748       -0.48968470120291       -1.06336040939375
H            2.42156169818212        1.19051621026277       -0.62551102965203
H            3.37181295302932       -0.44130512484736        1.01145910179391
H            2.16631024404753        0.59300154272173        1.79516341905090
H            1.75028891051065       -1.06638754730026        1.33773374935396
17
 energy: -23.957768974501 gnorm: 0.000109611708 xtb: 6.7.1 (edcfbbe)
C           -2.26981179190488        0.30385521103564        1.10234960320065
C           -1.82938195490717        0.41565685937068       -0.36053972642270
C           -0.45308164810615       -0.17987486341915       -0.50521254214250
O           -0.22658973289582       -1.34357280512726       -0.76531526796016
O            0.49239788446982        0.72482550526857       -0.28851421519487
C            1.86647560088073        0.30415266319803       -0.31653814501839
C            2.31683773917459       -0.18417159521673        1.05171356495793
H           -1.59109633180261        0.85956035037014        1.74417939534997
H           -3.27095244808748        0.70848344793304        1.21543510583374
H           -2.27481274694680       -0.73766502829186        1.41510588284619
H           -1.79508512534621        1.46192654038471       -0.65991971458522
H           -2.51553969678478       -0.13925831365698       -0.99922634724709
H            1.97260225320591       -0.48871967506242       -1.06320934334642
H            2.42069325936577        1.19149125788516       -0.62391749385176
H            3.36997637726252       -0.44260608867609        1.01243136366986
H            2.16545725749553        0.59320133078858        1.79570711812194
H            1.74761088646307       -1.06575143541608        1.33835549819443
17
 energy: -23.957769307926 gnorm: 0.000080265147 xtb: 6.7.1 (edcfbbe)
C           -2.26802131919809        0.30438248662966        1.10269287485746
C           -1.82972717767551        0.41489455449441       -0.36095717789114
C           -0.45337931264182       -0.18022671376021       -0.50678701157216
O           -0.22636038023148       -1.34334653743680       -0.76912593361067
O            0.49174967535173        0.72451180117444       -0.28832998768067
C            1.86598227637004        0.30435725274782       -0.31605122821760
C            2.31580348534346       -0.18430330730224        1.05226844069711
H           -1.58865260303070        0.86112514841657        1.74291619583199
H           -3.26919326047623        0.70861651073189        1.21677176859193
H           -2.27205997590209       -0.73679886337472        1.41661027479307
H           -1.79596479133551        1.46090528614606       -0.66127360028203
H           -2.51659796595313       -0.14069437536121       -0.99826092041956
H            1.97273177550510       -0.48811683747504       -1.06307456569951
H            2.41998968215581        1.19204982869675       -0.62274581683864
H            3.36890419097553       -0.44283796917234        1.01340379618261
H            2.16414727095058        0.59288363874964        1.79640046675933
H            1.74634821132834       -1.06586854253673        1.33842716090409
17
 energy: -23.957769700868 gnorm: 0.000104639253 xtb: 6.7.1 (edcfbbe)
C           -2.26612179785016        0.30504988479513        1.10307318727714
C           -1.83005695602622        0.41414390889189       -0.36136663140436
C           -0.45359377435308       -0.18037276606816       -0.50832572817184
O           -0.22603829515145       -1.34292312468261       -0.77266965202175
O            0.49120249048344        0.72436092258295       -0.28827062279881
C            1.86554900503226        0.30459976402262       -0.31562786688932
C            2.31456869068393       -0.18464183886406        1.05276815814248
H           -1.58640132322154        0.86336555886888        1.74154286002945
H           -3.26759255259565        0.70827501730126        1.21809452615755
H           -2.26851356437019       -0.73574499739310        1.41831570323871
H           -1.79712841004653        1.45986369436538       -0.66276472310487
H           -2.51757864029659       -0.14238038571964       -0.99712411100138
H            1.97286901001030       -0.48749951524380       -1.06296617171983
H            2.41952179478689        1.19256100333912       -0.62157917511357
H            3.36783960514221       -0.44254057990998        1.01463422550789
H            2.16184224672147        0.59207726496487        1.79716950582971
H            1.74533225258692       -1.06666044988280        1.33798125244841
17
 energy: -23.957770139788 gnorm: 0.000109791536 xtb: 6.7.1 (edcfbbe)
C           -2.26395258611893        0.30584121038796        1.10351124073089
C           -1.83045306854333        0.41337858652368       -0.36183338375987
C           -0.45379383856247       -0.18029071041892       -0.51006538387861
O           -0.22578833703326       -1.34227026390835       -0.77655970588815
O            0.49068227729527        0.72434617117054       -0.28822165293275
C            1.86508733968593        0.30479485670610       -0.31516562093519
C            2.31320191015581       -0.18510622452365        1.05331483062928
H           -1.58410527894163        0.86630775583875        1.73995350008529
H           -3.26590155050275        0.70757215906476        1.21954477943291
H           -2.26412285306872       -0.73445291683053        1.42043195122981
H           -1.79883009522028        1.45875259527886       -0.66459479310426
H           -2.51852508616777       -0.14448424886378       -0.99580297481537
H            1.97292525483909       -0.48687474160122       -1.06287383494819
H            2.41918527701760        1.19295190689281       -0.62026428557593
H            3.36680712426888       -0.44176043545197        1.01622278237057
H            2.15867076744713        0.59081696809829        1.79818201113975
H            1.74461252498547       -1.06798930699537        1.33710527662543
17
 energy: -23.957770465590 gnorm: 0.000071008484 xtb: 6.7.1 (edcfbbe)
C           -2.26228399553752        0.30657731121888        1.10384253660588
C           -1.83072503705190        0.41273836857360       -0.36217263451729
C           -0.45381081240627       -0.18010927233757       -0.51119560887294
O           -0.22550833593319       -1.34176205829659       -0.77886755752881
O            0.49038540629130        0.72451280030834       -0.28839324666765
C            1.86482696062073        0.30509679480918       -0.31489789554321
C            2.31198416644685       -0.18565750260074        1.05361689430916
H           -1.58247580130174        0.86891680259115        1.73867298800961
H           -3.26471695393506        0.70690264128321        1.22060009537536
H           -2.26045769767815       -0.73329449023294        1.42212752033078
H           -1.80038583923705        1.45781090120308       -0.66612198142634
H           -2.51907660176336       -0.14642054606925       -0.99469621731453
H            1.97312734461842       -0.48613071620440       -1.06298963470593
H            2.41910961205298        1.19343990089132       -0.61913050280336
H            3.36595022468372       -0.44096592566616        1.01753829259493
H            2.15562679218423        0.58937913017440        1.79902323807354
H            1.74413034948203       -1.06950077827755        1.33592845048642
17
 energy: -23.957770645093 gnorm: 0.000039063709 xtb: 6.7.1 (edcfbbe)
C           -2.26142981150855        0.30704761411475        1.10401158220551
C           -1.83088591734174        0.41233057062713       -0.36236753660272
C           -0.45378046379514       -0.17999580835270       -0.51170766910325
O           -0.22531792807794       -1.34152988643298       -0.77982382172985
O            0.49021965077094        0.72468219370606       -0.28847764354392
C            1.86470385710954        0.30535596853548       -0.31472506843085
C            2.31135990644898       -0.18607487975130        1.05370842658736
H           -1.58169756291644        0.87052750994887        1.73790606139797
H           -3.26411806897575        0.70663089134700        1.22107651477424
H           -2.25854219329994       -0.73253588214878        1.42323552992508
H           -1.80136716324867        1.45718740490642       -0.66717094626722
H           -2.51927792319981       -0.14772967437336       -0.99404730109676
H            1.97334737996355       -0.48545747954907       -1.06319522930348
H            2.41906301081125        1.19388816201220       -0.61825730581148
H            3.36557944109391       -0.44044747922139        1.01819491744413
H            2.15378992508467        0.58826572799015        1.79958728923500
H            1.74405364261716       -1.07061159199051        1.33493693672587
17
 energy: -23.957770763091 gnorm: 0.000036350026 xtb: 6.7.1 (edcfbbe)
C           -2.26116914386407        0.30737102727917        1.10405853977884
C           -1.83095237097326        0.41203490735692       -0.36245217996001
C           -0.45370180073657       -0.17999162569560       -0.51175301388610
O           -0.22510983089399       -1.34151276025328       -0.77985933981913
O            0.49014413913979        0.72479997147150       -0.28847114529589
C            1.86468106284472        0.30562837129066       -0.31463749482097
C            2.31112604893391       -0.18638507744236        1.05366034831145
H           -1.58146645082519        0.87134344867310        1.73754605861122
H           -3.26395406062485        0.70671160605076        1.22114803560389
H           -2.25791284505016       -0.73205692325542        1.42376187202672
H           -1.80185648819140        1.45675680460032       -0.66776313309469
H           -2.51927900943042       -0.14855613081260       -0.99373678399383
H            1.97353721384301       -0.48483566711929       -1.06344243823919
H            2.41900091453308        1.19435923615495       -0.61767444726705
H            3.36548177300613       -0.44021354687465        1.01834487895910
H            2.15295085768643        0.58744584008831        1.79993555946530
H            1.74417977213887       -1.07136612014452        1.33421942002596
17
 energy: -23.957770882598 gnorm: 0.000047787255 xtb: 6.7.1 (edcfbbe)
C           -2.26117332344655        0.30764392482395        1.10405098368265
C           -1.83100163041460        0.41174701827694       -0.36250738550806
C           -0.45361880227358       -0.18004779120178       -0.51160518348767
O           -0.22486449212157       -1.34157327814984       -0.77958455203577
O            0.49006429292374        0.72489711198515       -0.28833816732426
C            1.86467556058330        0.30593938169632       -0.31452939250898
C            2.31111017350759       -0.18668594946864        1.05354564514162
H           -1.58144625913288        0.87186514071885        1.73728986802815
H           -3.26394877495368        0.70704807240484        1.22101795407318
H           -2.25792347284195       -0.73165428039666        1.42417514837728
H           -1.80217705270226        1.45634016592660       -0.66830104075666
H           -2.51920185175077       -0.14929624734060       -0.99353045434611
H            1.97374333602211       -0.48413764419864       -1.06371264115939
H            2.41887302782311        1.19491651732961       -0.61707449902372
H            3.36556379445786       -0.44012647813589        1.01821188530826
H            2.15258565191614        0.58667849484105        1.80022971784719
H            1.74443960394001       -1.07202079774327        1.33354685009790
17
 energy: -23.957770990827 gnorm: 0.000035112414 xtb: 6.7.1 (edcfbbe)
C           -2.26123687330699        0.30787598565102        1.10403233088650
C           -1.83102471712148        0.41145959624634       -0.36255234787573
C           -0.45356664383794       -0.18021375428645       -0.51143305376809
O           -0.22456318211448       -1.34170346145964       -0.77932598859825
O            0.48995076770578        0.72490705790682       -0.28811435640795
C            1.86464687212671        0.30625376241347       -0.31441989164658
C            2.31114193025545       -0.18692838609106        1.05342810787621
H           -1.58151113757753        0.87231556188963        1.73708067126649
H           -3.26400543225092        0.70735153275779        1.22082093504480
H           -2.25801374026958       -0.73130887062842        1.42453674951739
H           -1.80225124659641        1.45594931183778       -0.66868782400204
H           -2.51915577605518       -0.14983811151317       -0.99342501448505
H            1.97391680505261       -0.48345515779180       -1.06397259528216
H            2.41864361548357        1.19550011326151       -0.61653853020580
H            3.36560457383606       -0.44028541977456        1.01794731513586
H            2.15258072594776        0.58608439029421        1.80047070867703
H            1.74454324025860       -1.07243078934551        1.33303752027297
17
 energy: -23.957771176977 gnorm: 0.000029719179 xtb: 6.7.1 (edcfbbe)
C           -2.26147564507242        0.30831600695115        1.10398393877648
C           -1.83108244764921        0.41091757639277       -0.36261342593163
C           -0.45346669662221       -0.18049147862659       -0.51108244645878
O           -0.22400242208170       -1.34189458383991       -0.77891621987542
O            0.48974715978370        0.72496057765306       -0.28768622915121
C            1.86459242414638        0.30683418247398       -0.31417669545275
C            2.31133861534251       -0.18740306060990        1.05320326785979
H           -1.58173918785493        0.87306118062330        1.73674301711004
H           -3.26419934354499        0.70801597445053        1.22038674898466
H           -2.25846349001579       -0.73065813170707        1.42516768095123
H           -1.80244878109684        1.45520355565347       -0.66947386900008
H           -2.51906527884980       -0.15091806935767       -0.99316347118393
H            1.97424398632966       -0.48216088472446       -1.06443415180449
H            2.41821493466150        1.19658677577201       -0.61548091053052
H            3.36581520765072       -0.44066081825333        1.01735174569759
H            2.15285034392032        0.58499472138415        1.80089728567681
H            1.74484040248913       -1.07317016286751        1.33217847073784
17
 energy: -23.957771407408 gnorm: 0.000042237787 xtb: 6.7.1 (edcfbbe)
C           -2.26184873645225        0.30896739690593        1.10391483243358
C           -1.83117352392570        0.41011916590650       -0.36269350613639
C           -0.45328613745202       -0.18081225175516       -0.51057348150537
O           -0.22320571246045       -1.34211649519569       -0.77826676135738
O            0.48950753224839        0.72507216614539       -0.28698558880594
C            1.86456284578962        0.30768878702711       -0.31384298548793
C            2.31161131294846       -0.18810187277531        1.05287586041057
H           -1.58214465325796        0.87416258938177        1.73630432928620
H           -3.26451491890750        0.70900056657439        1.21970552427341
H           -2.25915305926394       -0.72970666822688        1.42606707297826
H           -1.80288009715492        1.45410245006030       -0.67063276297237
H           -2.51885158102098       -0.15260072512288       -0.99279547664405
H            1.97469108793443       -0.48027303703432       -1.06512233175052
H            2.41768646593958        1.19815530884486       -0.61397133461590
H            3.36609724193886       -0.44122723221763        1.01639311819462
H            2.15329992008172        0.58337508531870        1.80156004896963
H            1.74530179455069       -1.07427187246910        1.33094817913519
17
 energy: -23.957771598046 gnorm: 0.000043586691 xtb: 6.7.1 (edcfbbe)
C           -2.26219873617105        0.30960271725989        1.10383278970349
C           -1.83128423638480        0.40935800378981       -0.36279033567857
C           -0.45309996226459       -0.18105601431058       -0.51001361878030
O           -0.22243116200473       -1.34225955088551       -0.77763654506079
O            0.48926229894007        0.72524880475625       -0.28627748943420
C            1.86451397076737        0.30853084600138       -0.31348686356406
C            2.31191843127113       -0.18881590122063        1.05254301188520
H           -1.58254137815010        0.87534035082673        1.73578375583808
H           -3.26483663461121        0.70988034422933        1.21905220280361
H           -2.25968627403391       -0.72875405883302        1.42700305326181
H           -1.80344104589632        1.45303600828542       -0.67182079876860
H           -2.51859475585251       -0.15433471357569       -0.99242966763864
H            1.97506969526868       -0.47844143361684       -1.06574125385276
H            2.41719380581969        1.19964852393014       -0.61248962680027
H            3.36643035596776       -0.44179162130592        1.01553534654459
H            2.15366265831988        0.58172962503836        1.80219013154012
H            1.74576275055066       -1.07538856900113        1.32963064440689
17
 energy: -23.957771728615 gnorm: 0.000039184591 xtb: 6.7.1 (edcfbbe)
C           -2.26236407841554        0.31009452806976        1.10379831322849
C           -1.83135857892453        0.40880021979555       -0.36286511995063
C           -0.45293882312832       -0.18116704300909       -0.50974336985456
O           -0.22186895366176       -1.34232659152871       -0.77721796287719
O            0.48911464587738        0.72540648192709       -0.28582403178022
C            1.86449517791270        0.30912532501151       -0.31324806984662
C            2.31203102290293       -0.18935153353590        1.05232975066567
H           -1.58278551350826        0.87633173723421        1.73538723829666
H           -3.26503472017028        0.71039621826700        1.21865692115560
H           -2.25983194406361       -0.72802084537027        1.42772421267982
H           -1.80393248075798        1.45224419684859       -0.67272451032627
H           -2.51841421515168       -0.15565621650113       -0.99210028039051
H            1.97533365056547       -0.47712349400687       -1.06621952494996
H            2.41688211416588        1.20070009019093       -0.61142294428523
H            3.36657788930014       -0.44212113656104        1.01499477242198
H            2.15373470507079        0.58048267567720        1.80269764433084
H            1.74605988352271       -1.07628125114084        1.32866169788773
17
 energy: -23.957771820421 gnorm: 0.000028624621 xtb: 6.7.1 (edcfbbe)
C           -2.26236238699973        0.31040656202219        1.10379148517212
C           -1.83141902405317        0.40846902643497       -0.36292775272079
C           -0.45284691042757       -0.18122187233443       -0.50953225481132
O           -0.22154893694559       -1.34232882609969       -0.77705524281253
O            0.48902037612472        0.72552098095602       -0.28557134003488
C            1.86447864547347        0.30948131702815       -0.31311403954226
C            2.31202097000828       -0.18969282254266        1.05220383291290
H           -1.58288144733541        0.87708744704176        1.73508756431397
H           -3.26510328819901        0.71058786634981        1.21845158092185
H           -2.25964327031810       -0.72754499752541        1.42823879440105
H           -1.80429833702640        1.45176503088500       -0.67332062988586
H           -2.51831729805951       -0.15650245692518       -0.99187600826501
H            1.97549681659532       -0.47634271815425       -1.06649980592584
H            2.41673287854795        1.20131339045036       -0.61076225442388
H            3.36661732508007       -0.44224542260277        1.01476734944529
H            2.15354789906752        0.57967254279237        1.80301369252225
H            1.74620577000320       -1.07689168640829        1.32798976513854
