----------------------------------------------- 
  Element       SASA      Sigma Z        Total  
     Z         Ang**2 cal/Ang**2/mol   kcal/mol 
----------------------------------------------- 
      H        133.782      48.690       6.514
      C         23.218     129.740       3.012
      O         17.522       0.000       0.000

 Subtotal:     174.522                   9.526
 -----------------------------------------------

  Elements    COT*SASA   Sigma Z,Z'     Total   
    Z,Z'       Ang**2  cal/Ang**2/mol kcal/mol  
 ---------------------------------------------- 
  H   C         82.743     -60.770      -5.028
  H   O          7.528       0.000       0.000
  C   C         16.665     -72.950      -1.216
  O   C          0.000      68.690       0.000

 Subtotal:                              -6.244
 ---------------------------------------------- 

 NONAQUEOUS SOLVENT CONTRIBUTION (kcal/mol):
 (proportional to SASA, atomic number independent)
 ---------------------------------------------- 
 Subtotal:                               0.000
 ---------------------------------------------- 

 CDS TOTAL (kcal/mol):                   3.282
...............................................................................
