----------------------------------------------- 
  Element       SASA      Sigma Z        Total  
     Z         Ang**2 cal/Ang**2/mol   kcal/mol 
----------------------------------------------- 
      H         95.287      48.690       4.640
      C          9.209     129.740       1.195
      O         51.260       0.000       0.000

 Subtotal:     155.756                   5.834
 -----------------------------------------------

  Elements    COT*SASA   Sigma Z,Z'     Total   
    Z,Z'       Ang**2  cal/Ang**2/mol kcal/mol  
 ---------------------------------------------- 
  H   C         38.861     -60.770      -2.362
  H   O         26.605       0.000       0.000
  C   C          6.328     -72.950      -0.462
  O   C          0.000      68.690       0.000
  O   O          0.000       0.000       0.000

 Subtotal:                              -2.823
 ---------------------------------------------- 

 NONAQUEOUS SOLVENT CONTRIBUTION (kcal/mol):
 (proportional to SASA, atomic number independent)
 ---------------------------------------------- 
 Subtotal:                               0.000
 ---------------------------------------------- 

 CDS TOTAL (kcal/mol):                   3.011
...............................................................................
