----------------------------------------------- 
  Element       SASA      Sigma Z        Total  
     Z         Ang**2 cal/Ang**2/mol   kcal/mol 
----------------------------------------------- 
      H        153.684      48.690       7.483
      C         27.617     129.740       3.583
      O         13.218       0.000       0.000

 Subtotal:     194.519                  11.066
 -----------------------------------------------

  Elements    COT*SASA   Sigma Z,Z'     Total   
    Z,Z'       Ang**2  cal/Ang**2/mol kcal/mol  
 ---------------------------------------------- 
  H   C         95.199     -60.770      -5.785
  H   O          8.864       0.000       0.000
  C   C         20.108     -72.950      -1.467
  O   C          0.001      68.690       0.000

 Subtotal:                              -7.252
 ---------------------------------------------- 

 NONAQUEOUS SOLVENT CONTRIBUTION (kcal/mol):
 (proportional to SASA, atomic number independent)
 ---------------------------------------------- 
 Subtotal:                               0.000
 ---------------------------------------------- 

 CDS TOTAL (kcal/mol):                   3.814
...............................................................................
