13
 energy: -26.894255871030 gnorm: 0.054816355973 xtb: 6.7.1 (edcfbbe)
C            1.43935504335250       -1.34833989113151       -0.99995811428581
O            1.47663946723514       -0.19669709597883       -0.10189456357718
S            0.06511386403045        0.54687462271930        0.13831372494527
O           -0.52286691124935        0.94826777906728       -1.13167251378052
O            0.35616550814239        1.51590398005284        1.18005940415100
O           -0.80376221916556       -0.63903289495147        0.80264815567209
C           -2.04655071882968       -1.07821382962548        0.16161934713158
H            2.47317552240965       -1.69448302716653       -1.04309988315896
H            1.09980600225060       -1.04879018453353       -1.99578614603554
H            0.79904316257616       -2.13014917601055       -0.57978900583788
H           -2.10316391290652       -2.15442192514043        0.35796317212294
H           -2.02535089349954       -0.89177199626884       -0.91868082971791
H           -2.88174279018827       -0.54477366728451        0.63193114741365
13
 energy: -26.897947956111 gnorm: 0.034045825241 xtb: 6.7.1 (edcfbbe)
C            1.43464821066937       -1.34265387062649       -0.99427014295266
O            1.46461574327894       -0.21000471615942       -0.10078118279387
S            0.06163181984467        0.51929456202862        0.13276454131065
O           -0.52168479828290        0.90662282832767       -1.13145704360045
O            0.33937493860992        1.50083247619321        1.15139696624723
O           -0.80422089478286       -0.64782861815213        0.80079351489108
C           -2.03165382408394       -1.07475982520273        0.16441686933621
H            2.46653180348527       -1.68635985553648       -1.04936914017053
H            1.07551457171551       -1.02164466081340       -1.97207324197082
H            0.79069404431468       -2.11305169843338       -0.57202922681621
H           -2.10251588901307       -2.14656851079256        0.35052539713535
H           -1.98318843211149       -0.85734796918543       -0.90223011240262
H           -2.86388616948615       -0.54215744789972        0.62396669682936
13
 energy: -26.899659148356 gnorm: 0.015189484473 xtb: 6.7.1 (edcfbbe)
C            1.42732246013329       -1.33283038436496       -0.98540549504258
O            1.45076751274692       -0.22165411845717       -0.08747911393716
S            0.06384095454156        0.49276351561930        0.13198486742017
O           -0.50678678774487        0.86459346936458       -1.12752536538551
O            0.32049571509313        1.49319763760304        1.11877572459195
O           -0.80100911316617       -0.64867581474228        0.79896149352444
C           -2.01451814153135       -1.06818449451149        0.16686036409838
H            2.45665197006397       -1.67320650920374       -1.06164755368666
H            1.04838269552614       -1.00008336285958       -1.95031798924214
H            0.79029719841377       -2.10947684458187       -0.57038069060270
H           -2.09787802653119       -2.13808288839801        0.33779887102070
H           -1.96056251271162       -0.82991286206971       -0.89107491389387
H           -2.85114280067563       -0.54407464965036        0.62110369617772
13
 energy: -26.899911591918 gnorm: 0.010688467871 xtb: 6.7.1 (edcfbbe)
C            1.42729623986234       -1.33161877214511       -0.98292016483413
O            1.44806026175666       -0.22709816216628       -0.07437911535614
S            0.06747355958918        0.48716118907657        0.13370760496511
O           -0.49428087496987        0.85329271841819       -1.12978140019480
O            0.31442649930166        1.49961652151558        1.10798443312603
O           -0.80103752418601       -0.64438054436815        0.79996481543990
C           -2.01476475612815       -1.06597383169806        0.16798437644372
H            2.45802854850186       -1.66591501353590       -1.07144332406266
H            1.03923724772528       -0.99375402364204       -1.94377002842800
H            0.79769801176335       -2.11944845166926       -0.57346537051968
H           -2.09473234667275       -2.13854819823833        0.32929190912269
H           -1.96767857771465       -0.82124859736485       -0.89014809583808
H           -2.85386516467095       -0.54771214043460        0.62862825517878
13
 energy: -26.900111357527 gnorm: 0.005472524165 xtb: 6.7.1 (edcfbbe)
C            1.43065245109604       -1.33273140894709       -0.98131851256218
O            1.44584150585866       -0.23956939125079       -0.05195803729381
S            0.07324425118415        0.48005007832063        0.13522170978369
O           -0.47354793264581        0.83965862500661       -1.13819965271460
O            0.30660451380529        1.51237285711010        1.09235374022579
O           -0.80469497718632       -0.63715187835777        0.80135132290047
C           -2.02179198418742       -1.06268256315300        0.17021642820290
H            2.46501451299345       -1.65265245320738       -1.08702978628441
H            1.02828060942016       -0.98352958665807       -1.93385216688816
H            0.81457024044916       -2.13792798921941       -0.57942702993301
H           -2.08973538372539       -2.14000590321667        0.31504639720010
H           -1.98619290292464       -0.80463536277056       -0.88765804841474
H           -2.86238377997938       -0.55682232990882        0.64690753082072
13
 energy: -26.900165257602 gnorm: 0.003582625094 xtb: 6.7.1 (edcfbbe)
C            1.43416593771383       -1.33455114826775       -0.98156012682228
O            1.44542501723723       -0.24817779842793       -0.04170232746912
S            0.07519235955068        0.47656330613113        0.13455043143204
O           -0.46506872006109        0.83441043611739       -1.14425927066882
O            0.30371620804417        1.51792256816927        1.08460961364226
O           -0.80856203231843       -0.63440606174040        0.80182864606971
C           -2.02771492382365       -1.06083104551574        0.17172892761744
H            2.47059298057579       -1.64461529072578       -1.09386740744481
H            1.02479789945653       -0.97888348925811       -1.92823632902450
H            0.82588260442175       -2.14684938237242       -0.58266821020815
H           -2.08839847821006       -2.13989245329752        0.30736122379563
H           -1.99677805024297       -0.79324750943302       -0.88411372433069
H           -2.86738967818582       -0.56306943763134        0.65798244845405
13
 energy: -26.900197204951 gnorm: 0.002672360291 xtb: 6.7.1 (edcfbbe)
C            1.43822205795641       -1.33675620454292       -0.98182608575339
O            1.44513371957194       -0.25646250320055       -0.03457343372080
S            0.07560452372654        0.47367739020790        0.13295990735231
O           -0.46094375548464        0.83065621664612       -1.14956943120617
O            0.30211530772282        1.52132547725976        1.07789616743309
O           -0.81279381906573       -0.63302010263942        0.80245066477197
C           -2.03323387897781       -1.05872050833503        0.17307341102653
H            2.47670636001757       -1.63621939716201       -1.09962750757387
H            1.02158760693050       -0.97674802681953       -1.92245390449218
H            0.83859846873636       -2.15496892551736       -0.58437462343523
H           -2.08820820708899       -2.13883711494346        0.29899774433330
H           -2.00548632869093       -0.78020088900948       -0.87935025453764
H           -2.87144093119607       -0.56935271819627        0.66805124084483
13
 energy: -26.900207603659 gnorm: 0.002134443093 xtb: 6.7.1 (edcfbbe)
C            1.44053878522683       -1.33786972257111       -0.98142580059517
O            1.44479134137489       -0.25981667746157       -0.03265696877294
S            0.07485620367489        0.47258525744224        0.13179978699981
O           -0.46139553526426        0.82889442378411       -1.15136760198426
O            0.30190624473157        1.52185364817523        1.07486356669681
O           -0.81479016099029       -0.63298989981516        0.80299141045775
C           -2.03532268499820       -1.05716592255607        0.17354488241225
H            2.48021343460524       -1.63123539896061       -1.10277752395002
H            1.01889900780041       -0.97807954716441       -1.91929469329591
H            0.84689938816619       -2.15973887395344       -0.58351030477288
H           -2.08837396240582       -2.13784405421287        0.29280856781750
H           -2.00936361385089       -0.77149103420850       -0.87648686070769
H           -2.87299732391260       -0.57272950475009        0.67316543473752
13
 energy: -26.900213610515 gnorm: 0.001288799970 xtb: 6.7.1 (edcfbbe)
C            1.44237214667766       -1.33853225164105       -0.98061674743413
O            1.44437172055994       -0.26159450804042       -0.03170524775093
S            0.07393492979511        0.47207585113811        0.13087519301357
O           -0.46237514978736        0.82719553944940       -1.15227435101898
O            0.30211229504216        1.52181378809642        1.07273833343199
O           -0.81617815149735       -0.63300557139441        0.80353154488809
C           -2.03648410002889       -1.05567558224245        0.17378077715226
H            2.48297180851316       -1.62692626018401       -1.10575684292304
H            1.01584178599601       -0.98065597885691       -1.91687259984746
H            0.85439929876776       -2.16401024656539       -0.58169582132535
H           -2.08827410340312       -2.13699634278755        0.28646817636863
H           -2.01261502162060       -0.76363104523512       -0.87424746034973
H           -2.87421633485651       -0.57568469798886        0.67742894083785
13
 energy: -26.900216981190 gnorm: 0.000674623227 xtb: 6.7.1 (edcfbbe)
C            1.44393833204980       -1.33899750107910       -0.97943979002242
O            1.44387142270925       -0.26266530598609       -0.03059227029540
S            0.07323248953861        0.47191854295834        0.13009045785778
O           -0.46237562268408        0.82497700291091       -1.15320443762233
O            0.30263116446576        1.52180516710803        1.07089175859126
O           -0.81746873407884       -0.63251482557296        0.80393983586001
C           -2.03747165763544       -1.05419657804150        0.17389472329537
H            2.48534216022084       -1.62247360494489       -1.10927229969099
H            1.01194188124806       -0.98391577661022       -1.91454142261570
H            0.86194172377189       -2.16832551021468       -0.57905484835824
H           -2.08737506117299       -2.13639700812839        0.27908615103095
H           -2.01664830427170       -0.75550401384437       -0.87229720107737
H           -2.87569867000320       -0.57933789480733        0.68215323808984
13
 energy: -26.900218088294 gnorm: 0.000446679748 xtb: 6.7.1 (edcfbbe)
C            1.44389857994003       -1.33920075681281       -0.97905052721875
O            1.44375334766637       -0.26273829488855       -0.03001689430351
S            0.07350315658470        0.47208840046786        0.12998517686785
O           -0.46109578474674        0.82420557160774       -1.15385066980236
O            0.30291237150984        1.52207267681740        1.07066024152794
O           -0.81781148852431       -0.63175584875815        0.80378169636094
C           -2.03777692922608       -1.05401507897017        0.17377553434731
H            2.48541529177097       -1.62139791910883       -1.11042454772812
H            1.01030185646172       -0.98460921293672       -1.91373289886960
H            0.86330208839414       -2.16912633736162       -0.57788112519105
H           -2.08613322780219       -2.13652784370110        0.27676239361870
H           -2.01819079562261       -0.75347059158693       -0.87203520716341
H           -2.87621734224786       -0.58115207102035        0.68368072259683
13
 energy: -26.900218808786 gnorm: 0.000266943758 xtb: 6.7.1 (edcfbbe)
C            1.44351914312636       -1.33960623714779       -0.97864703087811
O            1.44363490339681       -0.26264997302693       -0.02982405497138
S            0.07381831375762        0.47251803962541        0.12982926363572
O           -0.45993507471205        0.82367418043536       -1.15459641096406
O            0.30342352038653        1.52225991071569        1.07078408363187
O           -0.81825575930186       -0.63055941750737        0.80366545537941
C           -2.03788742897722       -1.05392158853203        0.17347292131589
H            2.48509407513314       -1.62051624399198       -1.11149428007852
H            1.00821250839634       -0.98546764682378       -1.91265826219289
H            0.86434574310536       -2.16982807028118       -0.57627452071866
H           -2.08417327889449       -2.13669550968363        0.27411631662620
H           -2.01930992479130       -0.75121320679183       -0.87172719567092
H           -2.87662561646727       -0.58362154324219        0.68500760992822
13
 energy: -26.900219023765 gnorm: 0.000191588370 xtb: 6.7.1 (edcfbbe)
C            1.44320166043252       -1.33987339336284       -0.97847010885569
O            1.44356700578801       -0.26273268211740       -0.02973424844835
S            0.07397244575638        0.47273901575084        0.12979260439351
O           -0.45960972247731        0.82364251515825       -1.15486148874626
O            0.30368809200417        1.52249706105394        1.07075797007466
O           -0.81855294358550       -0.62970993566653        0.80387019093510
C           -2.03774379648356       -1.05389377936150        0.17324755276916
H            2.48482944593743       -1.62030775678505       -1.11203936040507
H            1.00694578194221       -0.98589472072338       -1.91205190657726
H            0.86470604831410       -2.17022374587184       -0.57541639164402
H           -2.08280828295167       -2.13685326780189        0.27270141274146
H           -2.01944641452490       -0.74993053192554       -0.87159642009869
H           -2.87688819599392       -0.58508608459930        0.68545408890423
13
 energy: -26.900219320838 gnorm: 0.000210630833 xtb: 6.7.1 (edcfbbe)
C            1.44241724908436       -1.34032352948155       -0.97816172191126
O            1.44341705974906       -0.26275313423415       -0.02985494397132
S            0.07418792386954        0.47332855682370        0.12983376776943
O           -0.45942289982387        0.82422765279691       -1.15492246806115
O            0.30445508845634        1.52295739257724        1.07082817627190
O           -0.81910818831815       -0.62800392988984        0.80447008817879
C           -2.03718776633939       -1.05397427294734        0.17278028770207
H            2.48401245797067       -1.62033929859620       -1.11268903700721
H            1.00495922198907       -0.98689792347822       -1.91126064069991
H            0.86482456046842       -2.17073127811052       -0.57399047138703
H           -2.08017241208728       -2.13715244513393        0.27048081891980
H           -2.01921451633096       -0.74824833683255       -0.87146793813950
H           -2.87730665452985       -0.58771675974578        0.68560797737816
13
 energy: -26.900219627857 gnorm: 0.000242380302 xtb: 6.7.1 (edcfbbe)
C            1.44128392241952       -1.34088448925539       -0.97775668016284
O            1.44314016943128       -0.26281468236715       -0.03004797302867
S            0.07437642679610        0.47412977933904        0.12999973704151
O           -0.45941936468350        0.82532773569760       -1.15468383757760
O            0.30560449681934        1.52372524325780        1.07080280733253
O           -0.81985355373637       -0.62579324415884        0.80546663162070
C           -2.03628491847105       -1.05421770333137        0.17220196497409
H            2.48282178736765       -1.62080794817944       -1.11324926776890
H            1.00275172789644       -0.98792057929096       -1.91052024173714
H            0.86431600491246       -2.17121614595801       -0.57250338419672
H           -2.07672812510434       -2.13767253361197        0.26816601672103
H           -2.01831565543739       -0.74667571724718       -0.87151121301942
H           -2.87783179405219       -0.59080702114635        0.68528933484421
13
 energy: -26.900219936184 gnorm: 0.000228404166 xtb: 6.7.1 (edcfbbe)
C            1.43979805995124       -1.34139255764679       -0.97738228326690
O            1.44275579860223       -0.26284557848888       -0.03030230725492
S            0.07455280075208        0.47520028097781        0.13035480938332
O           -0.45952047833561        0.82695420952480       -1.15406970875543
O            0.30725629247699        1.52474314846288        1.07082896601003
O           -0.82071820990324       -0.62317792545034        0.80682260196580
C           -2.03505383310658       -1.05464917326994        0.17157041756094
H            2.48110549335603       -1.62184489648132       -1.11339518920922
H            1.00093568072889       -0.98892164742579       -1.91016051605352
H            0.86284817636875       -2.17134562016930       -0.57135736610310
H           -2.07280864801502       -2.13828020085999        0.26629684121220
H           -2.01684941377204       -0.74598018693584       -0.87174526836576
H           -2.87844059494575       -0.59408715848954        0.68419289791934
13
 energy: -26.900220139315 gnorm: 0.000142327996 xtb: 6.7.1 (edcfbbe)
C            1.43852959314313       -1.34171313994299       -0.97714691699288
O            1.44233895446193       -0.26299916957428       -0.03034937399340
S            0.07463493889801        0.47604436591103        0.13073366232345
O           -0.45958030907748        0.82816146891193       -1.15346918603963
O            0.30870004642833        1.52567623979801        1.07074364643559
O           -0.82145289082908       -0.62111410280898        0.80804797608772
C           -2.03399953808020       -1.05511083168925        0.17114966992003
H            2.47964992709359       -1.62298203406846       -1.11320620858646
H            0.99997547062133       -0.98909942345302       -1.91012508726732
H            0.86098077631310       -2.17124510388882       -0.57104243404875
H           -2.06984037764848       -2.13884311525405        0.26560106745020
H           -2.01518516320037       -0.74617798828661       -0.87211698592124
H           -2.87889030396583       -0.59622447190674        0.68283406567548
13
 energy: -26.900220253648 gnorm: 0.000108094091 xtb: 6.7.1 (edcfbbe)
C            1.43769056572502       -1.34179738589570       -0.97712202646397
O            1.44202608274400       -0.26323023310764       -0.03018637679344
S            0.07469896089954        0.47660675694801        0.13105056477826
O           -0.45949352957219        0.82875800017642       -1.15308598846793
O            0.30975613865661        1.52631867321421        1.07069568323790
O           -0.82199210998423       -0.61970283693298        0.80895162312381
C           -2.03333421654380       -1.05543921424520        0.17095930151381
H            2.47861564874555       -1.62389075397975       -1.11285269462873
H            0.99982842911390       -0.98882646199362       -1.91031460883431
H            0.85934935686861       -2.17095297390130       -0.57139733173809
H           -2.06807905760892       -2.13916886595535        0.26577890989387
H           -2.01391867058847       -0.74697157920198       -0.87243170160137
H           -2.87928647429764       -0.59733043137737        0.68160854102294
13
 energy: -26.900220336764 gnorm: 0.000100746819 xtb: 6.7.1 (edcfbbe)
C            1.43707815827693       -1.34186977523308       -0.97713973298741
O            1.44170768238894       -0.26366310418123       -0.02980132914593
S            0.07476394750250        0.47699458721450        0.13129991932842
O           -0.45925338451489        0.82887544583163       -1.15293953967001
O            0.31062000986755        1.52685440863907        1.07054824363344
O           -0.82260610712881       -0.61838320981589        0.80978993084738
C           -2.03289629996780       -1.05566599215063        0.17085784375969
H            2.47792078752935       -1.62442157635230       -1.11272245544839
H            0.99964737507748       -0.98828695023094       -1.91033999285199
H            0.85821358216227       -2.17092717378212       -0.57190869287685
H           -2.06670466096823       -2.13941010997760        0.26602973667403
H           -2.01291515175910       -0.74754597570673       -0.87264846487955
H           -2.87971481430824       -0.59817788050692        0.68062842865995
