----------------------------------------------- 
  Element       SASA      Sigma Z        Total  
     Z         Ang**2 cal/Ang**2/mol   kcal/mol 
----------------------------------------------- 
      H        150.675      48.690       7.336
      C         64.378     129.740       8.352
      O         24.234       0.000       0.000

 Subtotal:     239.287                  15.689
 -----------------------------------------------

  Elements    COT*SASA   Sigma Z,Z'     Total   
    Z,Z'       Ang**2  cal/Ang**2/mol kcal/mol  
 ---------------------------------------------- 
  H   C        101.555     -60.770      -6.171
  H   O          0.000       0.000       0.000
  C   C         65.716     -72.950      -4.794
  O   C         15.091      68.690       1.037

 Subtotal:                              -9.929
 ---------------------------------------------- 

 NONAQUEOUS SOLVENT CONTRIBUTION (kcal/mol):
 (proportional to SASA, atomic number independent)
 ---------------------------------------------- 
 Subtotal:                               0.000
 ---------------------------------------------- 

 CDS TOTAL (kcal/mol):                   5.760
...............................................................................
