----------------------------------------------- 
  Element       SASA      Sigma Z        Total  
     Z         Ang**2 cal/Ang**2/mol   kcal/mol 
----------------------------------------------- 
      H        130.851      48.690       6.371
      C         24.562     129.740       3.187
      O         18.846       0.000       0.000

 Subtotal:     174.259                   9.558
 -----------------------------------------------

  Elements    COT*SASA   Sigma Z,Z'     Total   
    Z,Z'       Ang**2  cal/Ang**2/mol kcal/mol  
 ---------------------------------------------- 
  H   C         81.038     -60.770      -4.925
  H   O          7.531       0.000       0.000
  C   C         17.814     -72.950      -1.300
  O   C          0.039      68.690       0.003

 Subtotal:                              -6.222
 ---------------------------------------------- 

 NONAQUEOUS SOLVENT CONTRIBUTION (kcal/mol):
 (proportional to SASA, atomic number independent)
 ---------------------------------------------- 
 Subtotal:                               0.000
 ---------------------------------------------- 

 CDS TOTAL (kcal/mol):                   3.336
...............................................................................
