----------------------------------------------- 
  Element       SASA      Sigma Z        Total  
     Z         Ang**2 cal/Ang**2/mol   kcal/mol 
----------------------------------------------- 
      H        142.785      48.690       6.952
      C         26.638     129.740       3.456
      O         17.042       0.000       0.000

 Subtotal:     186.465                  10.408
 -----------------------------------------------

  Elements    COT*SASA   Sigma Z,Z'     Total   
    Z,Z'       Ang**2  cal/Ang**2/mol kcal/mol  
 ---------------------------------------------- 
  H   C         91.156     -60.770      -5.540
  H   O          5.359       0.000       0.000
  C   C         19.303     -72.950      -1.408
  O   C          0.005      68.690       0.000

 Subtotal:                              -6.947
 ---------------------------------------------- 

 NONAQUEOUS SOLVENT CONTRIBUTION (kcal/mol):
 (proportional to SASA, atomic number independent)
 ---------------------------------------------- 
 Subtotal:                               0.000
 ---------------------------------------------- 

 CDS TOTAL (kcal/mol):                   3.461
...............................................................................
