21
 energy: -312.212543650698 gnorm: 0.002036197365 xtb: 6.7.1 (edcfbbe)
C           -2.28181070199146        0.53191832646895        0.80453836963468
C           -1.70806827909840        0.46616409085103       -0.61077180771600
C           -0.53713366254525       -0.50159745050462       -0.80756835670309
C            0.78798539953620       -0.20193749049663       -0.08294954013790
C            1.20795525038519        1.25456354653476       -0.21700501918151
C            1.87854249287403       -1.12528990825754       -0.62793235390667
O            0.65988995976834       -0.43696907938613        1.34796452960036
H           -1.59071242974614        1.00690878616211        1.50705620575910
H           -2.50346982143653       -0.47340071338392        1.18381162153869
H           -3.21546341168569        1.10553648734745        0.81569098015901
H           -2.50474109054554        0.14960598854582       -1.29606553541741
H           -1.41675855272376        1.47218280181949       -0.93863520880039
H           -0.85077419699560       -1.51542104769558       -0.51673030445749
H           -0.31018255408412       -0.54873770201668       -1.88017744422505
H            0.48906948571622        1.92059846847230        0.26961294865169
H            1.27724816523558        1.53291169598502       -1.27288617672295
H            2.18864719348048        1.40947019415549        0.24510144033334
H            2.81606422130088       -0.96531038028144       -0.08663612320592
H            2.05534192333243       -0.93501551580813       -1.69111126822691
H            1.58378537389316       -2.17498241312143       -0.51335830895737
H            0.34955366061513       -1.34583563310736        1.46199825740491
21
 energy: -312.212552649661 gnorm: 0.001012908494 xtb: 6.7.1 (edcfbbe)
C           -2.28125338827194        0.53247072041416        0.80477484479552
C           -1.70853958998422        0.46527194550984       -0.61039453208444
C           -0.53700820444080       -0.50155600590037       -0.80801853383156
C            0.78797649134369       -0.20184801125431       -0.08365564237776
C            1.20760928774618        1.25452169813448       -0.21704292781861
C            1.87882559528402       -1.12531284186292       -0.62756842773399
O            0.65845673560287       -0.43708438112686        1.34798775674391
H           -1.58994464220145        1.00759681828537        1.50588293530978
H           -2.50367550211489       -0.47144066972501        1.18539574420480
H           -3.21368069084221        1.10742937954176        0.81580082279621
H           -2.50566143678765        0.14683969446270       -1.29390551709276
H           -1.41857531472020        1.47075390281096       -0.93957603613098
H           -0.84995951388157       -1.51565905136347       -0.51847385160688
H           -0.31032951344986       -0.54665356925608       -1.88069156388637
H            0.48855938657730        1.91990905441004        0.26948674994393
H            1.27685404286386        1.53277914908365       -1.27280505798571
H            2.18794250949015        1.40962205247407        0.24520036844250
H            2.81541279829988       -0.96719727471769       -0.08371844100022
H            2.05831023393813       -0.93331381693839       -1.69011852782455
H            1.58284184752345       -2.17484996808556       -0.51528437507858
H            0.35080755373087       -1.34691571235497        1.46067161900687
21
 energy: -312.212562307886 gnorm: 0.001355046066 xtb: 6.7.1 (edcfbbe)
C           -2.27833193969576        0.53543183932337        0.80606554683800
C           -1.71037553414263        0.46217404031255       -0.60996579671032
C           -0.53664802507210       -0.50177399256394       -0.81019846512268
C            0.78703985626163       -0.20171207176596       -0.08507514317244
C            1.20579105890163        1.25437726879943       -0.21685027785641
C            1.87898343020640       -1.12508213566600       -0.62591169823746
O            0.65455538784391       -0.43867552749209        1.34859476837465
H           -1.58487582997625        1.01122984476438        1.50311698176222
H           -2.50368872038039       -0.46501671984323        1.19127297892495
H           -3.20785409962389        1.11441728103603        0.81652993196283
H           -2.50894155965391        0.13696810181417       -1.28809762028358
H           -1.42528162127655        1.46634523163093       -0.94506044982465
H           -0.84691795773789       -1.51741251651854       -0.52508042970901
H           -0.31023834775764       -0.54079957057813       -1.88317898512206
H            0.48590348303295        1.91820240016946        0.26947329506123
H            1.27505355821172        1.53285720737992       -1.27240316516541
H            2.18549195492947        1.41010395647770        0.24572141399726
H            2.81187153392727       -0.97338697767440       -0.07319981084680
H            2.06814045854688       -0.92641443821044       -1.68585594093522
H            1.57917262628324       -2.17443367333278       -0.52286815090391
H            0.35612005204384       -1.35203623955295        1.45692054928030
21
 energy: -312.212565672701 gnorm: 0.000701489171 xtb: 6.7.1 (edcfbbe)
C           -2.27743976688712        0.53676811083188        0.80611144446831
C           -1.71094553309329        0.46159329153753       -0.61076282186116
C           -0.53679990025996       -0.50214077450029       -0.81034308166781
C            0.78676544536057       -0.20222115141514       -0.08490625491135
C            1.20499540120661        1.25425673017676       -0.21602715280683
C            1.87916010004731       -1.12489090654334       -0.62588977403510
O            0.65430618375495       -0.43969850251208        1.34836909877186
H           -1.58231275766065        1.01287755201561        1.50217179723203
H           -2.50288830553670       -0.46374659797913        1.19265054948483
H           -3.20714566049461        1.11596140723837        0.81708582104101
H           -2.51024139185403        0.13536078563241       -1.28784417296769
H           -1.42656900291635        1.46571418672259       -0.94791100264984
H           -0.84709468414817       -1.51813999499955       -0.52574224163421
H           -0.30975733646035       -0.54126279706492       -1.88325221864436
H            0.48477723710347        1.91816076616121        0.27036491555173
H            1.27424327276044        1.53322377653664       -1.27156356540092
H            2.18485160452996        1.41027238328797        0.24657546169883
H            2.81107054296330       -0.97419475278535       -0.07171973746832
H            2.06975885812976       -0.92462276182426       -1.68509947289419
H            1.57895830157094       -2.17435587125854       -0.52511369016558
H            0.35727754182073       -1.35355159517103        1.45679650431932
21
 energy: -312.212565672701 gnorm: 0.000701489171 xtb: 6.7.1 (edcfbbe)
C           -2.27743976688712        0.53676811083188        0.80611144446831
C           -1.71094553309329        0.46159329153753       -0.61076282186116
C           -0.53679990025996       -0.50214077450029       -0.81034308166781
C            0.78676544536057       -0.20222115141514       -0.08490625491135
C            1.20499540120661        1.25425673017676       -0.21602715280683
C            1.87916010004731       -1.12489090654334       -0.62588977403510
O            0.65430618375495       -0.43969850251208        1.34836909877186
H           -1.58231275766065        1.01287755201561        1.50217179723203
H           -2.50288830553670       -0.46374659797913        1.19265054948483
H           -3.20714566049461        1.11596140723837        0.81708582104101
H           -2.51024139185403        0.13536078563241       -1.28784417296769
H           -1.42656900291635        1.46571418672259       -0.94791100264984
H           -0.84709468414817       -1.51813999499955       -0.52574224163421
H           -0.30975733646035       -0.54126279706492       -1.88325221864436
H            0.48477723710347        1.91816076616121        0.27036491555173
H            1.27424327276044        1.53322377653664       -1.27156356540092
H            2.18485160452996        1.41027238328797        0.24657546169883
H            2.81107054296330       -0.97419475278535       -0.07171973746832
H            2.06975885812976       -0.92462276182426       -1.68509947289419
H            1.57895830157094       -2.17435587125854       -0.52511369016558
H            0.35727754182073       -1.35355159517103        1.45679650431932
