----------------------------------------------- 
  Element       SASA      Sigma Z        Total  
     Z         Ang**2 cal/Ang**2/mol   kcal/mol 
----------------------------------------------- 
      H        138.207      48.690       6.729
      C         23.933     129.740       3.105
      O         17.373       0.000       0.000

 Subtotal:     179.513                   9.834
 -----------------------------------------------

  Elements    COT*SASA   Sigma Z,Z'     Total   
    Z,Z'       Ang**2  cal/Ang**2/mol kcal/mol  
 ---------------------------------------------- 
  H   C         86.114     -60.770      -5.233
  H   O          7.100       0.000       0.000
  C   C         18.891     -72.950      -1.378
  O   C          0.000      68.690       0.000

 Subtotal:                              -6.611
 ---------------------------------------------- 

 NONAQUEOUS SOLVENT CONTRIBUTION (kcal/mol):
 (proportional to SASA, atomic number independent)
 ---------------------------------------------- 
 Subtotal:                               0.000
 ---------------------------------------------- 

 CDS TOTAL (kcal/mol):                   3.223
...............................................................................
