----------------------------------------------- 
  Element       SASA      Sigma Z        Total  
     Z         Ang**2 cal/Ang**2/mol   kcal/mol 
----------------------------------------------- 
      H        154.228      48.690       7.509
      C         27.313     129.740       3.544
      O         14.004       0.000       0.000

 Subtotal:     195.546                  11.053
 -----------------------------------------------

  Elements    COT*SASA   Sigma Z,Z'     Total   
    Z,Z'       Ang**2  cal/Ang**2/mol kcal/mol  
 ---------------------------------------------- 
  H   C         96.831     -60.770      -5.884
  H   O          7.168       0.000       0.000
  C   C         19.494     -72.950      -1.422
  O   C          0.000      68.690       0.000

 Subtotal:                              -7.307
 ---------------------------------------------- 

 NONAQUEOUS SOLVENT CONTRIBUTION (kcal/mol):
 (proportional to SASA, atomic number independent)
 ---------------------------------------------- 
 Subtotal:                               0.000
 ---------------------------------------------- 

 CDS TOTAL (kcal/mol):                   3.746
...............................................................................
