----------------------------------------------- 
  Element       SASA      Sigma Z        Total  
     Z         Ang**2 cal/Ang**2/mol   kcal/mol 
----------------------------------------------- 
      H        149.110      48.690       7.260
      C         26.267     129.740       3.408
      O         17.211       0.000       0.000

 Subtotal:     192.588                  10.668
 -----------------------------------------------

  Elements    COT*SASA   Sigma Z,Z'     Total   
    Z,Z'       Ang**2  cal/Ang**2/mol kcal/mol  
 ---------------------------------------------- 
  H   C         92.410     -60.770      -5.616
  H   O          8.552       0.000       0.000
  C   C         19.108     -72.950      -1.394
  O   C          0.000      68.690       0.000

 Subtotal:                              -7.010
 ---------------------------------------------- 

 NONAQUEOUS SOLVENT CONTRIBUTION (kcal/mol):
 (proportional to SASA, atomic number independent)
 ---------------------------------------------- 
 Subtotal:                               0.000
 ---------------------------------------------- 

 CDS TOTAL (kcal/mol):                   3.658
...............................................................................
