21
 energy: -312.193810619430 gnorm: 0.001787617753 xtb: 6.7.1 (edcfbbe)
C            1.73300993537658        1.07463759820665       -0.51287722716626
C            1.33139399574653       -0.36621158552143       -0.23656551340731
C            1.72743119047233       -0.81561744923308        1.16750418238675
O           -0.06076355873399       -0.65253743194406       -0.53404306695328
C           -1.07114784838948        0.33367326802342       -0.23206435849666
C           -2.31628725486263       -0.12880023332641       -0.97304052664596
C           -1.33451647850643        0.47672637404638        1.26282272450080
H            1.45486391554615        1.38064635384732       -1.52632104583176
H            1.28532273202231        1.76969732147511        0.20423938153572
H            2.81983506508632        1.15772437460460       -0.42068828702917
H            1.86250249810429       -1.00952195127476       -0.95017308351512
H            1.36307941571894       -1.82875343036254        1.36460038335155
H            1.34248184617464       -0.14630531776856        1.94147358209686
H            2.81978397040069       -0.82632419057794        1.24610668691609
H           -0.76285654259035        1.30557664718193       -0.64021377243528
H           -2.12188356503469       -0.20705958025069       -2.04684507814236
H           -2.64343912689432       -1.10706939014382       -0.60386655819479
H           -3.12955718526012        0.58642547448305       -0.82068091441342
H           -0.48670416589361        0.92229024424806        1.78684437299548
H           -1.55021445355934       -0.50148521895341        1.70748699922956
H           -2.20149271202476        1.12644059365353        1.42122222686384
21
 energy: -312.193826189799 gnorm: 0.000649766635 xtb: 6.7.1 (edcfbbe)
C            1.73418770512012        1.07593631007530       -0.51041681953026
C            1.33167669707693       -0.36470787681976       -0.23676369566839
C            1.72543581726435       -0.81700903182869        1.16629667389251
O           -0.06014812341932       -0.65091630061453       -0.53706025715321
C           -1.07170593933476        0.33433121735264       -0.23344761055779
C           -2.31665445365944       -0.13084348672218       -0.97137788002761
C           -1.33328601616264        0.47852116254336        1.26103522920707
H            1.45468051838215        1.38469727397137       -1.52267740020191
H            1.29016079655673        1.77128883720165        0.20916182985595
H            2.82209081013369        1.15630605453873       -0.42124072602867
H            1.86377356160859       -1.00636952315239       -0.95059393094976
H            1.35889401464767       -1.82948664977018        1.36124146543276
H            1.34217377890127       -0.14862516562534        1.94131189807102
H            2.81789223933629       -0.83161014652660        1.24633182848710
H           -0.76479602231763        1.30604619304804       -0.64275160434078
H           -2.12336531927511       -0.21376412836770       -2.04513062509155
H           -2.64362545636837       -1.10774805819635       -0.59825944648051
H           -3.13090146377542        0.58424819308382       -0.82174029217430
H           -0.48695067334707        0.92854429376046        1.78432003699370
H           -1.54533805055089       -0.49942725540560        1.70773622463559
H           -2.20335343212211        1.12474089684051        1.41894595125995
21
 energy: -312.193847467638 gnorm: 0.001611545924 xtb: 6.7.1 (edcfbbe)
C            1.73682741955658        1.07992723477508       -0.50348653407039
C            1.33278792668433       -0.36125520588848       -0.23749991671380
C            1.71927528488315       -0.82209463316508        1.16390948012024
O           -0.05829240030582       -0.64619840786897       -0.54505293650882
C           -1.07256453949876        0.33693138727952       -0.23806216119511
C           -2.31796375229467       -0.13708189527455       -0.96770362650819
C           -1.32809394027002        0.48404303545527        1.25648752929056
H            1.45334143425290        1.39673588569289       -1.51223815733111
H            1.30019505181699        1.77287631770571        0.22319449366527
H            2.82597122946662        1.15587353482346       -0.42083493800388
H            1.86676472145201       -0.99905296089493       -0.95311834884232
H            1.34560909849276       -1.83318366045982        1.35276303573318
H            1.33925546082933       -0.15506032286041        1.94153298427492
H            2.81161728472755       -0.84550013320775        1.24677194735288
H           -0.76976319176728        1.30808989811501       -0.65205122632465
H           -2.12780461758053       -0.23314891514603       -2.04110232059446
H           -2.64382843730577       -1.10986263520380       -0.58224163789108
H           -3.13303683411159        0.57867564233756       -0.82494652301536
H           -0.48557637273104        0.94651818256790        1.77554667809313
H           -1.52843862735466       -0.49395345858746        1.70875580751374
H           -2.20544329867151        1.12087486428936        1.41429609280519
21
 energy: -312.193857275400 gnorm: 0.001294943101 xtb: 6.7.1 (edcfbbe)
C            1.73833150490670        1.08271726404146       -0.49689725654257
C            1.33283640519561       -0.35970681328706       -0.23892333390994
C            1.71551250311244       -0.82627742362592        1.16174611609744
O           -0.05712989111158       -0.64372441020385       -0.55213892292621
C           -1.07244876187237        0.33770938809240       -0.24241579460931
C           -2.32004909438446       -0.14173380343770       -0.96504596746829
C           -1.32322662310624        0.48936875307641        1.25258112817104
H            1.45285636354376        1.40514941461301       -1.50322794240329
H            1.30346989680216        1.77183827498563        0.23439877146468
H            2.82768280983949        1.15769488153630       -0.41639637876919
H            1.86964043894390       -0.99446628063611       -0.95523550581691
H            1.33668872268740       -1.83625727927137        1.34611389350123
H            1.33599496550453       -0.16044957341369        1.94067733499064
H            2.80749457025080       -0.85475501758790        1.24768862560759
H           -0.77415134889699        1.30879350923847       -0.66035632794615
H           -2.13201533840619       -0.24751374576964       -2.03786697199276
H           -2.64465939293983       -1.11106439324347       -0.56999132200260
H           -3.13478808356726        0.57531438332620       -0.82691544820741
H           -0.48252739799912        0.96086164536145        1.76638992658547
H           -1.51333227134566       -0.48863130025529        1.70907404446917
H           -2.20534282885905        1.11928699376329        1.41165984526499
21
 energy: -312.193864576736 gnorm: 0.000566758179 xtb: 6.7.1 (edcfbbe)
C            1.73801247987519        1.08572054868266       -0.49080363187685
C            1.33286307332475       -0.35844741574568       -0.24009385506130
C            1.71112172096892       -0.83142595421144        1.16020030098658
O           -0.05585935717686       -0.64083363748992       -0.55790549896420
C           -1.07176666811733        0.33887376414794       -0.24727836864451
C           -2.32194637346766       -0.14648810934728       -0.96277485277733
C           -1.31644282373059        0.49460742606808        1.24878691589684
H            1.45331083570586        1.41351309179067       -1.49555912430350
H            1.30148733869062        1.77000520875873        0.24386623934699
H            2.82699823133609        1.16081397158672       -0.40841996638684
H            1.87188325741795       -0.99017268593728       -0.95756354274872
H            1.32923148527939       -1.84096216279681        1.34053671437804
H            1.33116466675955       -0.16705811873123        1.94025938578863
H            2.80266245879349       -0.86247580046424        1.24818403026462
H           -0.77778681895178        1.30932454987392       -0.67008992867661
H           -2.13667438408251       -0.26109978797976       -2.03507113298342
H           -2.64566216919885       -1.11229513062987       -0.55875046778603
H           -3.13552453749915        0.57233425049194       -0.82811279921087
H           -0.47670228698024        0.97408941901418        1.75656971319683
H           -1.49743555504877       -0.48277866842354        1.71006363218417
H           -2.20209922126961        1.11891038992684        1.40887322587688
21
 energy: -312.193868692955 gnorm: 0.000482711059 xtb: 6.7.1 (edcfbbe)
C            1.73720087476741        1.08750325070804       -0.48552755377014
C            1.33231621705742       -0.35811351034839       -0.24117690110786
C            1.70858585201913       -0.83522368091652        1.15869175829813
O           -0.05539655106363       -0.63983079589557       -0.56211408907022
C           -1.07110562452158        0.33884982343820       -0.25092432132539
C           -2.32349795496495       -0.14999681874910       -0.96093441817564
C           -1.31120080906130        0.49930337382536        1.24578145519392
H            1.45649239936502        1.41775799645885       -1.49047930712038
H            1.29542869842226        1.76828236942252        0.24896723870120
H            2.82532269367761        1.16470672847494       -0.39734684652393
H            1.87310145265770       -0.98709973576420       -0.95990221290599
H            1.32638306689462       -1.84545016380033        1.33500908056709
H            1.32680015064285       -0.17323414870470        1.94010381557638
H            2.79989565563134       -0.86599140309347        1.24817583127329
H           -0.78052476500917        1.30861320661558       -0.67800990677555
H           -2.14093072094575       -0.27005603898800       -2.03294346536880
H           -2.64658747410426       -1.11331867311631       -0.55107224679199
H           -3.13580215309900        0.57024243441285       -0.82785535465913
H           -0.47093682547199        0.98304319699668        1.74825825687923
H           -1.48679800094157       -0.47720667058553        1.71084017597014
H           -2.19791217275021        1.12137487962103        1.40737470633386
21
 energy: -312.193868692955 gnorm: 0.000482711059 xtb: 6.7.1 (edcfbbe)
C            1.73720087476741        1.08750325070804       -0.48552755377014
C            1.33231621705742       -0.35811351034839       -0.24117690110786
C            1.70858585201913       -0.83522368091652        1.15869175829813
O           -0.05539655106363       -0.63983079589557       -0.56211408907022
C           -1.07110562452158        0.33884982343820       -0.25092432132539
C           -2.32349795496495       -0.14999681874910       -0.96093441817564
C           -1.31120080906130        0.49930337382536        1.24578145519392
H            1.45649239936502        1.41775799645885       -1.49047930712038
H            1.29542869842226        1.76828236942252        0.24896723870120
H            2.82532269367761        1.16470672847494       -0.39734684652393
H            1.87310145265770       -0.98709973576420       -0.95990221290599
H            1.32638306689462       -1.84545016380033        1.33500908056709
H            1.32680015064285       -0.17323414870470        1.94010381557638
H            2.79989565563134       -0.86599140309347        1.24817583127329
H           -0.78052476500917        1.30861320661558       -0.67800990677555
H           -2.14093072094575       -0.27005603898800       -2.03294346536880
H           -2.64658747410426       -1.11331867311631       -0.55107224679199
H           -3.13580215309900        0.57024243441285       -0.82785535465913
H           -0.47093682547199        0.98304319699668        1.74825825687923
H           -1.48679800094157       -0.47720667058553        1.71084017597014
H           -2.19791217275021        1.12137487962103        1.40737470633386
