----------------------------------------------- 
  Element       SASA      Sigma Z        Total  
     Z         Ang**2 cal/Ang**2/mol   kcal/mol 
----------------------------------------------- 
      H        152.586      48.690       7.429
      C         26.080     129.740       3.384
      O         17.427       0.000       0.000

 Subtotal:     196.093                  10.813
 -----------------------------------------------

  Elements    COT*SASA   Sigma Z,Z'     Total   
    Z,Z'       Ang**2  cal/Ang**2/mol kcal/mol  
 ---------------------------------------------- 
  H   C         94.273     -60.770      -5.729
  H   O          8.682       0.000       0.000
  C   C         18.948     -72.950      -1.382
  O   C          0.000      68.690       0.000

 Subtotal:                              -7.111
 ---------------------------------------------- 

 NONAQUEOUS SOLVENT CONTRIBUTION (kcal/mol):
 (proportional to SASA, atomic number independent)
 ---------------------------------------------- 
 Subtotal:                               0.000
 ---------------------------------------------- 

 CDS TOTAL (kcal/mol):                   3.702
...............................................................................
