21
 energy: -312.207819746665 gnorm: 0.000796866761 xtb: 6.7.1 (edcfbbe)
C            1.69406465844622       -1.20489982830324       -0.10077113074791
C            1.24061241159232        0.12891997960453        0.46816107696414
H            1.10802456978115        0.02716150527470        1.55687065383328
C           -0.05685016319223        0.66371561087014       -0.12488622363287
C           -1.28374643430971       -0.24042977060071        0.11917952124656
C           -2.51824866757122        0.59859816295912        0.45558423925289
C           -1.58106574131502       -1.14111560698273       -1.08243187598344
O            2.24525558147253        1.14694526722297        0.21965142940635
H            0.98311042149135       -1.99719169623239        0.15153668538457
H            1.78942902751251       -1.15070035479814       -1.19048980143657
H            2.66518170577909       -1.48457264157745        0.32283375510735
H           -0.23263657577181        1.64971756601595        0.32193824603625
H            0.08364663931741        0.82295577132701       -1.20285561474264
H           -1.06873608369153       -0.88121189706645        0.98646489467642
H           -2.75314014021145        1.28365936463365       -0.36811317719280
H           -2.35710856717844        1.19851446961037        1.35744089971172
H           -3.39387142259958       -0.03824422346805        0.62248391671073
H           -1.87798598245158       -0.53147618334135       -1.94428590194139
H           -0.71266823195214       -1.73581237510136       -1.37905510218597
H           -2.40264557159726       -1.83060413726439       -0.86009378632352
H            3.07947986578027        0.81731236653202        0.57819914909467
21
 energy: -312.207823022933 gnorm: 0.000241673106 xtb: 6.7.1 (edcfbbe)
C            1.69512807748759       -1.20412542705024       -0.10224025709463
C            1.24060660456841        0.12835463568076        0.46855498529337
H            1.10769123860708        0.02501126115845        1.55726359975073
C           -0.05678528941490        0.66325620071555       -0.12388916356539
C           -1.28426553533373       -0.24060474089215        0.11986505370071
C           -2.51838984709981        0.59942571891051        0.45475189524364
C           -1.58148161034416       -1.14216411104550       -1.08106647071317
O            2.24461180480242        1.14713764990644        0.22111674476165
H            0.98549252149890       -1.99845971236048        0.14873284328961
H            1.79083104247441       -1.14854755437918       -1.19212639103657
H            2.66664186274420       -1.48307070270288        0.32122256301991
H           -0.23264029631696        1.64929025435273        0.32327248439506
H            0.08331236634929        0.82304613585303       -1.20208029369212
H           -1.06990206137484       -0.88100176081332        0.98771876972929
H           -2.75169280992543        1.28500677381448       -0.36932998949080
H           -2.35794168856695        1.19976435708405        1.35658631475065
H           -3.39534079291970       -0.03614115081504        0.62059619703440
H           -1.87711620171404       -0.53309082674835       -1.94411333644738
H           -0.71376557305027       -1.73874647432738       -1.37696961281415
H           -2.40440005387282       -1.83050063620190       -0.85887637832339
H            3.07950757203804        0.81740070353918        0.57837163467887
21
 energy: -312.207823022933 gnorm: 0.000241673106 xtb: 6.7.1 (edcfbbe)
C            1.69512807748759       -1.20412542705024       -0.10224025709463
C            1.24060660456841        0.12835463568076        0.46855498529337
H            1.10769123860708        0.02501126115845        1.55726359975073
C           -0.05678528941490        0.66325620071555       -0.12388916356539
C           -1.28426553533373       -0.24060474089215        0.11986505370071
C           -2.51838984709981        0.59942571891051        0.45475189524364
C           -1.58148161034416       -1.14216411104550       -1.08106647071317
O            2.24461180480242        1.14713764990644        0.22111674476165
H            0.98549252149890       -1.99845971236048        0.14873284328961
H            1.79083104247441       -1.14854755437918       -1.19212639103657
H            2.66664186274420       -1.48307070270288        0.32122256301991
H           -0.23264029631696        1.64929025435273        0.32327248439506
H            0.08331236634929        0.82304613585303       -1.20208029369212
H           -1.06990206137484       -0.88100176081332        0.98771876972929
H           -2.75169280992543        1.28500677381448       -0.36932998949080
H           -2.35794168856695        1.19976435708405        1.35658631475065
H           -3.39534079291970       -0.03614115081504        0.62059619703440
H           -1.87711620171404       -0.53309082674835       -1.94411333644738
H           -0.71376557305027       -1.73874647432738       -1.37696961281415
H           -2.40440005387282       -1.83050063620190       -0.85887637832339
H            3.07950757203804        0.81740070353918        0.57837163467887
