----------------------------------------------- 
  Element       SASA      Sigma Z        Total  
     Z         Ang**2 cal/Ang**2/mol   kcal/mol 
----------------------------------------------- 
      H        120.076      48.690       5.847
      C         42.947     129.740       5.572
      O         61.066       0.000       0.000

 Subtotal:     224.090                  11.419
 -----------------------------------------------

  Elements    COT*SASA   Sigma Z,Z'     Total   
    Z,Z'       Ang**2  cal/Ang**2/mol kcal/mol  
 ---------------------------------------------- 
  H   C         80.808     -60.770      -4.911
  H   O          0.000       0.000       0.000
  C   C         27.019     -72.950      -1.971
  O   C         30.405      68.690       2.089
  O   O          0.000       0.000       0.000

 Subtotal:                              -4.793
 ---------------------------------------------- 

 NONAQUEOUS SOLVENT CONTRIBUTION (kcal/mol):
 (proportional to SASA, atomic number independent)
 ---------------------------------------------- 
 Subtotal:                               0.000
 ---------------------------------------------- 

 CDS TOTAL (kcal/mol):                   6.625
...............................................................................
