----------------------------------------------- 
  Element       SASA      Sigma Z        Total  
     Z         Ang**2 cal/Ang**2/mol   kcal/mol 
----------------------------------------------- 
      H         93.561      48.690       4.555
      C         10.205     129.740       1.324
      O         49.228       0.000       0.000

 Subtotal:     152.994                   5.879
 -----------------------------------------------

  Elements    COT*SASA   Sigma Z,Z'     Total   
    Z,Z'       Ang**2  cal/Ang**2/mol kcal/mol  
 ---------------------------------------------- 
  H   C         39.552     -60.770      -2.404
  H   O         24.695       0.000       0.000
  C   C          6.935     -72.950      -0.506
  O   C          0.494      68.690       0.034
  O   O          0.000       0.000       0.000

 Subtotal:                              -2.876
 ---------------------------------------------- 

 NONAQUEOUS SOLVENT CONTRIBUTION (kcal/mol):
 (proportional to SASA, atomic number independent)
 ---------------------------------------------- 
 Subtotal:                               0.000
 ---------------------------------------------- 

 CDS TOTAL (kcal/mol):                   3.004
...............................................................................
