----------------------------------------------- 
  Element       SASA      Sigma Z        Total  
     Z         Ang**2 cal/Ang**2/mol   kcal/mol 
----------------------------------------------- 
      H         98.920      48.690       4.816
      C         73.166     129.740       9.492
      O         65.958       0.000       0.000

 Subtotal:     238.043                  14.309
 -----------------------------------------------

  Elements    COT*SASA   Sigma Z,Z'     Total   
    Z,Z'       Ang**2  cal/Ang**2/mol kcal/mol  
 ---------------------------------------------- 
  H   C         57.954     -60.770      -3.522
  H   O          9.237       0.000       0.000
  C   C         85.585     -72.950      -6.243
  O   C         33.750      68.690       2.318
  O   O          0.000       0.000       0.000

 Subtotal:                              -7.447
 ---------------------------------------------- 

 NONAQUEOUS SOLVENT CONTRIBUTION (kcal/mol):
 (proportional to SASA, atomic number independent)
 ---------------------------------------------- 
 Subtotal:                               0.000
 ---------------------------------------------- 

 CDS TOTAL (kcal/mol):                   6.862
...............................................................................
