----------------------------------------------- 
  Element       SASA      Sigma Z        Total  
     Z         Ang**2 cal/Ang**2/mol   kcal/mol 
----------------------------------------------- 
      H        119.066      48.690       5.797
      C         33.402     129.740       4.334
      O         32.103       0.000       0.000

 Subtotal:     184.571                  10.131
 -----------------------------------------------

  Elements    COT*SASA   Sigma Z,Z'     Total   
    Z,Z'       Ang**2  cal/Ang**2/mol kcal/mol  
 ---------------------------------------------- 
  H   C         80.263     -60.770      -4.878
  H   O          0.000       0.000       0.000
  C   C         18.283     -72.950      -1.334
  O   C         17.815      68.690       1.224
  O   O          0.000       0.000       0.000

 Subtotal:                              -4.988
 ---------------------------------------------- 

 NONAQUEOUS SOLVENT CONTRIBUTION (kcal/mol):
 (proportional to SASA, atomic number independent)
 ---------------------------------------------- 
 Subtotal:                               0.000
 ---------------------------------------------- 

 CDS TOTAL (kcal/mol):                   5.143
...............................................................................
