20
 energy: -386.244892570124 gnorm: 0.003909439404 xtb: 6.7.1 (edcfbbe)
C           -2.31404540971171       -0.23216865175572       -1.21922177254433
C           -1.93519514981184        0.14191885608217        0.21392202666916
C           -2.03823088370771       -1.06099376936998        1.15322437860029
C           -0.56633210962825        0.79642233048255        0.28517333576957
O            0.42675628445186       -0.17015092488593       -0.18027509218905
C            1.70986475464599        0.22900822685145       -0.15252837920249
O            2.05894123459759        1.33483824051794        0.23782266105416
C            2.64331832046910       -0.81597286840745       -0.67509301753256
H           -1.63947612814562       -0.99776340211488       -1.61660374214403
H           -2.27203321944777        0.63722634066382       -1.88412370742579
H           -3.33054407789166       -0.63655333292850       -1.25197932853516
H           -2.62991342969945        0.91680365017540        0.56610046607979
H           -1.77414506773832       -0.78743602488744        2.18029084596457
H           -1.37110986005893       -1.86810002013314        0.83205987954559
H           -3.05928256106609       -1.45537345119768        1.15821347729896
H           -0.51065990662976        1.68320930876150       -0.35548573338983
H           -0.31423906006701        1.07991796955405        1.31250428338550
H            2.16909485388870       -1.79594045266911       -0.73926075869681
H            3.52774474544947       -0.85971144659075       -0.03419829882471
H            2.97009110531783       -0.51100640788310       -1.67566486812327
20
 energy: -386.244906995302 gnorm: 0.001010982709 xtb: 6.7.1 (edcfbbe)
C           -2.31432997401726       -0.23213868259187       -1.21927518657918
C           -1.93475608455858        0.14155231707912        0.21383019290352
C           -2.03756188369902       -1.06144318068717        1.15255181486327
C           -0.56663127702598        0.79674267658395        0.28568708845529
O            0.42746261790711       -0.17026079727788       -0.17752608208288
C            1.70949630945593        0.22897714109326       -0.15260818445812
O            2.05828290671433        1.33304832896898        0.23820409268919
C            2.64313826124393       -0.81556828161979       -0.67449563813414
H           -1.64187443889280       -0.99994098573588       -1.61626192709858
H           -2.26928385533468        0.63737671286044       -1.88373697268671
H           -3.33226349182346       -0.63298981148778       -1.25260287390225
H           -2.62996472657121        0.91599177622961        0.56602777350632
H           -1.77258884084204       -0.78806190619288        2.17943365496217
H           -1.37080260261601       -1.86864729933732        0.83111418271549
H           -3.05860973601149       -1.45566419954799        1.15855301584490
H           -0.51042977043110        1.68141323977951       -0.35729490102196
H           -0.31481083815111        1.08258935938293        1.31210372313299
H            2.16930242688262       -1.79523751044247       -0.73804715346034
H            3.52808602852759       -0.85878052942335       -0.03566708897125
H            2.96874350428831       -0.51078432744413       -1.67511284487420
20
 energy: -386.244912531516 gnorm: 0.001809123105 xtb: 6.7.1 (edcfbbe)
C           -2.31437504073881       -0.23147032280684       -1.21968108444088
C           -1.93431202817822        0.14078501970235        0.21377155929160
C           -2.03616190273485       -1.06248385684412        1.15166141116478
C           -0.56736727405171        0.79708973233507        0.28560120313256
O            0.42858787445302       -0.17178268617736       -0.17142063971535
C            1.70921598049241        0.22757306446571       -0.14820073334115
O            2.05733639898283        1.33217038719804        0.23847263057155
C            2.64253881583627       -0.81501978203207       -0.67366012055789
H           -1.64708987851263       -1.00460675455906       -1.61538624371110
H           -2.26222616590580        0.63758162160965       -1.88421044672626
H           -3.33541882092028       -0.62444445550171       -1.25389675509986
H           -2.63022708604069        0.91444400014875        0.56638162893843
H           -1.76899512462067       -0.79004641945751        2.17826928067351
H           -1.37040929581241       -1.86986792895966        0.82878696594338
H           -3.05730178629912       -1.45626620737176        1.15961267132466
H           -0.50971096999905        1.67815132003891       -0.36173388447396
H           -0.31738437534201        1.08768045445231        1.31083499234369
H            2.17050063019077       -1.79526142557734       -0.73525126492843
H            3.53007786538006       -0.85595573260351       -0.03952629907396
H            2.96332684336348       -0.51009624321625       -1.67554812764421
20
 energy: -386.244916898036 gnorm: 0.001264163559 xtb: 6.7.1 (edcfbbe)
C           -2.31455747950190       -0.23098888904357       -1.21972496262028
C           -1.93429475175667        0.14041241450100        0.21397537159899
C           -2.03547971902297       -1.06337980281372        1.15119433095820
C           -0.56770089384880        0.79701804504786        0.28587799562052
O            0.42872462250522       -0.17257555976627       -0.16942762232850
C            1.70880919476740        0.22854779866624       -0.14925679514733
O            2.05720377576878        1.33305502015080        0.23889683999133
C            2.64239897479317       -0.81488759271467       -0.67294248495899
H           -1.65072460354765       -1.00776590118921       -1.61416856180136
H           -2.25706463317099        0.63735540640813       -1.88479757649040
H           -3.33755645879957       -0.61876360811112       -1.25498956365864
H           -2.63034561861078        0.91367872615340        0.56722366951883
H           -1.76668549094552       -0.79179892824165        2.17763969801439
H           -1.37057699699036       -1.87089090235506        0.82680410320424
H           -3.05682999341136       -1.45662129437061        1.16028253931905
H           -0.50955587302122        1.67660781023301       -0.36352285702849
H           -0.31845213719047        1.08987416754117        1.31069635963267
H            2.17128865499682       -1.79588480325638       -0.73261503181380
H            3.53132324725989       -0.85405721200840       -0.04028382950051
H            2.96068098287519       -0.51076110167731       -1.67598501561977
20
 energy: -386.244919486369 gnorm: 0.000609298823 xtb: 6.7.1 (edcfbbe)
C           -2.31495634018303       -0.23074509492436       -1.21967685598251
C           -1.93453675733572        0.14049922735164        0.21401667985173
C           -2.03541386050013       -1.06409113580306        1.15058729138525
C           -0.56776699882198        0.79700584940192        0.28608989353084
O            0.42854940663430       -0.17306111831137       -0.16844133385242
C            1.70894067422202        0.22856132369786       -0.14826458422710
O            2.05736346439785        1.33467440489673        0.23793215523930
C            2.64277428522260       -0.81466908871933       -0.67255276012299
H           -1.65383098643211       -1.01054935871029       -1.61249421400769
H           -2.25267113566525        0.63663206762815       -1.88556934784809
H           -3.33942767932293       -0.61431151977081       -1.25613661770391
H           -2.63051088687982        0.91349135751124        0.56798576220263
H           -1.76521256139801       -0.79342748869262        2.17689688224861
H           -1.37138236264970       -1.87172861407625        0.82466109370477
H           -3.05699763165572       -1.45678799296143        1.16055707056318
H           -0.50925507896685        1.67644500804620       -0.36366776164663
H           -0.31892049300666        1.09029611571874        1.31102312410350
H            2.17254049943732       -1.79654041655768       -0.72893217837215
H            3.53364618429777       -0.85143087677033       -0.04176401313956
H            2.95767308203175       -0.51208867577494       -1.67737392311486
20
 energy: -386.244919486369 gnorm: 0.000609298823 xtb: 6.7.1 (edcfbbe)
C           -2.31495634018303       -0.23074509492436       -1.21967685598251
C           -1.93453675733572        0.14049922735164        0.21401667985173
C           -2.03541386050013       -1.06409113580306        1.15058729138525
C           -0.56776699882198        0.79700584940192        0.28608989353084
O            0.42854940663430       -0.17306111831137       -0.16844133385242
C            1.70894067422202        0.22856132369786       -0.14826458422710
O            2.05736346439785        1.33467440489673        0.23793215523930
C            2.64277428522260       -0.81466908871933       -0.67255276012299
H           -1.65383098643211       -1.01054935871029       -1.61249421400769
H           -2.25267113566525        0.63663206762815       -1.88556934784809
H           -3.33942767932293       -0.61431151977081       -1.25613661770391
H           -2.63051088687982        0.91349135751124        0.56798576220263
H           -1.76521256139801       -0.79342748869262        2.17689688224861
H           -1.37138236264970       -1.87172861407625        0.82466109370477
H           -3.05699763165572       -1.45678799296143        1.16055707056318
H           -0.50925507896685        1.67644500804620       -0.36366776164663
H           -0.31892049300666        1.09029611571874        1.31102312410350
H            2.17254049943732       -1.79654041655768       -0.72893217837215
H            3.53364618429777       -0.85143087677033       -0.04176401313956
H            2.95767308203175       -0.51208867577494       -1.67737392311486
