17
 energy: -23.957027954509 gnorm: 0.033916563496 xtb: 6.7.1 (edcfbbe)
C           -2.07255537628908       -0.51521518390417        0.93648544523840
C           -2.07877233585543        0.55484142988871       -0.15130656152766
C           -0.86510738549574        0.50897604142898       -1.05817292149084
O            0.34430993299229        0.81833973714848       -0.29223187355618
C            1.16231366871668       -0.19270861193699        0.05658648905223
O            0.97543448759670       -1.36055767152997       -0.24701962302406
C            2.33999079346388        0.28409461712115        0.84691919571859
H           -1.20122752399634       -0.41250022088746        1.59193447642802
H           -2.96578355075603       -0.43192749675863        1.56247746088394
H           -2.05453580411170       -1.52007505526615        0.50219136465194
H           -2.15353469391709        1.55244045642133        0.29665278121598
H           -2.95656756176904        0.43006723031353       -0.79673518881947
H           -0.74837761316050       -0.46674153369645       -1.53534465381894
H           -0.91271449220745        1.28696370436602       -1.82345983822383
H            2.27567594747989        1.34451437742299        1.08888735020944
H            3.24476100809276        0.09507359735190        0.26080014677560
H            2.41143150701378       -0.30879386072492        1.76252205546088
17
 energy: -23.958276982417 gnorm: 0.013826558750 xtb: 6.7.1 (edcfbbe)
C           -2.07603941606269       -0.51156954818076        0.93270857383516
C           -2.08493089285766        0.55895319467086       -0.14965108179153
C           -0.85468666232398        0.50685948609722       -1.04314979790001
O            0.34907211506277        0.80771825130391       -0.29208587997270
C            1.16095926476893       -0.19496944140363        0.05006341089425
O            0.97281605572533       -1.35328547272106       -0.26138845273010
C            2.33701980320429        0.28208381445376        0.84337926102310
H           -1.20566190392844       -0.40340740980316        1.57992402154837
H           -2.96879736146241       -0.43160950538392        1.55048301811461
H           -2.04535557925486       -1.50759076696303        0.49214025690565
H           -2.14624616303560        1.54863087485797        0.30983862805523
H           -2.96187082829091        0.42814097967319       -0.78922941296555
H           -0.73290493031907       -0.47709493566992       -1.50308275198953
H           -0.89974501737091        1.27916149966842       -1.81355646347289
H            2.24981176047758        1.33902120248246        1.07531219066757
H            3.24119924099292        0.10170096765129        0.26275410110077
H            2.41010152247229       -0.30595163397525        1.75672648385165
17
 energy: -23.958547400886 gnorm: 0.004133834974 xtb: 6.7.1 (edcfbbe)
C           -2.07841977080673       -0.51083291219119        0.93239056818992
C           -2.08334084430139        0.56519521554883       -0.14594265439022
C           -0.84588037449040        0.50464521130929       -1.03601061133868
O            0.34675982823788        0.79626184254798       -0.28620631928536
C            1.15861405311554       -0.20040385903926        0.04583139810866
O            0.97496209430344       -1.35546400235387       -0.27600224839163
C            2.33370941503083        0.28300788187771        0.84076164138676
H           -1.21218653183482       -0.40022863396695        1.58099619803257
H           -2.97366509222391       -0.43687214478696        1.54240467217547
H           -2.03843230687972       -1.50147196221178        0.48561749120569
H           -2.13382441844615        1.55096214307662        0.31879007708607
H           -2.95580166103307        0.43828788894092       -0.78710475679767
H           -0.73194615654025       -0.48645242438433       -1.48506256858632
H           -0.89031375759742        1.27133234250497       -1.81163308367683
H            2.22611309820457        1.33803050139086        1.06678244061506
H            3.23854918073084        0.11295365585337        0.26260282890280
H            2.40984425232834       -0.30215918735787        1.75297103193777
17
 energy: -23.958604656393 gnorm: 0.001889861106 xtb: 6.7.1 (edcfbbe)
C           -2.08109763421851       -0.51029824997764        0.93257685084827
C           -2.08241386345231        0.56952619756903       -0.14327787278756
C           -0.84324584888155        0.50150173464424       -1.03313402200809
O            0.34548500403217        0.78913769081185       -0.28335317695896
C            1.16273779677106       -0.20444697181080        0.03991112322746
O            0.98497553389165       -1.35995508393802       -0.28708598909316
C            2.33333307830630        0.28436027657409        0.84046268052194
H           -1.21858756254431       -0.39919624360931        1.58631951847356
H           -2.98006393748318       -0.44063577903472        1.53743702790177
H           -2.03626031408105       -1.49907350822066        0.48182085903027
H           -2.12540409260689        1.55416842259292        0.32386966252379
H           -2.95457984906482        0.44944561281505       -0.78515043804339
H           -0.73838136836161       -0.49223008505469       -1.47967396203892
H           -0.88717220060249        1.26426076650740       -1.81260704182019
H            2.21449092689611        1.33840530167780        1.06566096988784
H            3.24084409145865        0.12208969850444        0.26463039276012
H            2.41008124773835       -0.30026822329263        1.75277952274928
17
 energy: -23.958644928832 gnorm: 0.004131330731 xtb: 6.7.1 (edcfbbe)
C           -2.08987337705367       -0.50881065081992        0.93297281346096
C           -2.08067674699246        0.57674522690072       -0.13832551802635
C           -0.84150477189919        0.49356537329790       -1.02948299877097
O            0.34238842085797        0.77702045720960       -0.27733624959815
C            1.17206311817594       -0.21124381952031        0.03173012722518
O            1.01235476865424       -1.36612182969933       -0.31239871501685
C            2.33494846584027        0.28753510930718        0.83979269067704
H           -1.23560453101091       -0.39795175811767        1.59881558418463
H           -2.99709225054001       -0.44667272282554        1.52757478775932
H           -2.03647473724388       -1.49535355355622        0.47662361347779
H           -2.10920448692322        1.56032146646608        0.33246332113133
H           -2.95503745396531        0.47218300732852       -0.78007907046828
H           -0.75032863664045       -0.50422037325690       -1.47133944939657
H           -0.88207325098152        1.24883572306540       -1.81700011112857
H            2.19864764165132        1.33890283622012        1.06899327747538
H            3.24791198093967        0.14142804015147        0.26740830680943
H            2.41429685492878       -0.29937097539275        1.75077369537872
17
 energy: -23.958662673636 gnorm: 0.002736952154 xtb: 6.7.1 (edcfbbe)
C           -2.09341727485762       -0.50862457764006        0.93308847145420
C           -2.08068997237181        0.57728778710003       -0.13726730841803
C           -0.84254174521048        0.49105227058307       -1.02856299723126
O            0.34257975979177        0.77625164655941       -0.27709419651328
C            1.17656632264912       -0.21045421203762        0.02759481942941
O            1.01937006941563       -1.36445370904239       -0.31855236854225
C            2.33626301523988        0.28839389128298        0.83949440786956
H           -1.24131362386926       -0.39869615367038        1.60183471947744
H           -3.00243921000470       -0.44669310977398        1.52501932191391
H           -2.03917817456945       -1.49510745547361        0.47673416027000
H           -2.10594079776979        1.56086616800930        0.33388513757708
H           -2.95623247868366        0.47655151158055       -0.77842881168983
H           -0.75069654516046       -0.50728272688385       -1.46852519647681
H           -0.88200262060811        1.24469829208468       -1.81782660353314
H            2.19912014612023        1.33894010799081        1.07123140696977
H            3.25064138927612        0.14436532310243        0.26897982191555
H            2.41465274841017       -0.30030349701302        1.74958132070174
17
 energy: -23.958688225314 gnorm: 0.001177333890 xtb: 6.7.1 (edcfbbe)
C           -2.10301575969300       -0.50821790064516        0.93317582157748
C           -2.08076798287998        0.57832120017236       -0.13516233524701
C           -0.84464675995820        0.48481534179145       -1.02590216988550
O            0.34223893349931        0.77514000643097       -0.27396343218266
C            1.18465392273073       -0.20801187999709        0.02226376072688
O            1.03634958805379       -1.35861728140570       -0.33551157861660
C            2.34020039184476        0.29067477218121        0.83804346250127
H           -1.25588899924251       -0.40120836127045        1.60829552652833
H           -3.01616832726820       -0.44550183217077        1.51840873419345
H           -2.04754148878044       -1.49438978927142        0.47673575016923
H           -2.09787218844868        1.56161053900226        0.33723126775140
H           -2.95850013042292        0.48652766115519       -0.77532385943677
H           -0.74905300918126       -0.51577662214649       -1.45888809057550
H           -0.88120197392549        1.23392543110398       -1.81986821238754
H            2.20140434293018        1.33921996791872        1.07655418625915
H            3.25664745987820        0.15153750592072        0.27006823177771
H            2.41790298866128       -0.30325720201141        1.74502904202072
17
 energy: -23.958698514132 gnorm: 0.001276002970 xtb: 6.7.1 (edcfbbe)
C           -2.11264781910157       -0.50792031030233        0.93370265261692
C           -2.08101892751910        0.58003436005646       -0.13301104040275
C           -0.84477225005802        0.47921344399226       -1.02199699000955
O            0.34167358439831        0.77291674525170       -0.26925250170286
C            1.19251463501409       -0.20613738256862        0.01585501479860
O            1.05274101265500       -1.35403533679825       -0.35405638967949
C            2.34407060458106        0.29282674630284        0.83667507510881
H           -1.26949590265061       -0.40379762677389        1.61393919580553
H           -3.02939748512221       -0.44372753351185        1.51280957692330
H           -2.05670447450512       -1.49332612401521        0.47590731661827
H           -2.09068376855071        1.56258596663631        0.34097835603314
H           -2.95883830293778        0.49578766331517       -0.77387794102294
H           -0.74777200117085       -0.52440238338952       -1.44763699850347
H           -0.87933964521060        1.22318718396656       -1.82078097128466
H            2.20061217138010        1.33974698373176        1.08017825461799
H            3.26262874708934        0.15920777470909        0.27086309284019
H            2.42117082950626       -0.30536861384413        1.74089040241703
17
 energy: -23.958705271690 gnorm: 0.000557939406 xtb: 6.7.1 (edcfbbe)
C           -2.11873897476581       -0.50784246596880        0.93413099236336
C           -2.08179913330662        0.58081303870433       -0.13229706803374
C           -0.84386287959280        0.47659838446702       -1.01893145912298
O            0.34082645039176        0.77101601141926       -0.26429554793622
C            1.19670936621769       -0.20502342792576        0.01311128542903
O            1.06259173967639       -1.35131094521025       -0.36484249942941
C            2.34722680036415        0.29399628293400        0.83572281947026
H           -1.27642290151979       -0.40658499029691        1.61567097007937
H           -3.03626172928159       -0.44068812649345        1.51137323875321
H           -2.06538932130690       -1.49305229699889        0.47568256374837
H           -2.08922495995525        1.56283247980486        0.34230770307045
H           -2.95795776089770        0.49934407546026       -0.77526159354137
H           -0.74732022351173       -0.52843379314387       -1.44124707895671
H           -0.87741008279694        1.21775614248145       -1.82007184261117
H            2.20079774958463        1.34000738555432        1.08135090319433
H            3.26643095232029        0.16345861294601        0.27025009015243
H            2.42454591617779       -0.30609481097521        1.73853262854486
17
 energy: -23.958712868182 gnorm: 0.000803306570 xtb: 6.7.1 (edcfbbe)
C           -2.12738567917110       -0.50766908278059        0.93451884563071
C           -2.08373988567517        0.58107083694978       -0.13189306972661
C           -0.84284699544660        0.47342549645995       -1.01434959027343
O            0.33945494227107        0.76832027498230       -0.25654708930282
C            1.20297737608403       -0.20347331422913        0.00947823038558
O            1.07640050008990       -1.34763470324666       -0.37833468394232
C            2.35218557529407        0.29569864959820        0.83434123270460
H           -1.28407592515883       -0.41169474650578        1.61552317004775
H           -3.04433896428751       -0.43425166162552        1.51190713057444
H           -2.08091685787276       -1.49315535313857        0.47578549248288
H           -2.09016565684688        1.56290311406947        0.34286070914102
H           -2.95746687291353        0.50172884475542       -0.77822887980773
H           -0.74638533236765       -0.53278333742296       -1.43375370229227
H           -0.87391096327337        1.21209987512314       -1.81777617798491
H            2.20326178254503        1.34068104002464        1.08293139381210
H            3.27200050972103        0.16823562782479        0.26915992737110
H            2.42969345480586       -0.30671000408011        1.73556316635398
17
 energy: -23.958719422190 gnorm: 0.000985817517 xtb: 6.7.1 (edcfbbe)
C           -2.13892724793232       -0.50725885099607        0.93480048119467
C           -2.08661845472936        0.58089451382286       -0.13175027681934
C           -0.84182024165937        0.46916905482509       -1.00813036788602
O            0.33736906676458        0.76441737331570       -0.24551012173195
C            1.21138805878698       -0.20174124063413        0.00534878467876
O            1.09524377376118       -1.34248711317885       -0.39613144505099
C            2.35885149417566        0.29799545426037        0.83246214863166
H           -1.29294085507644       -0.41990023085129        1.61372261266323
H           -3.05370920747736       -0.42414890248827        1.51450979573564
H           -2.10429002033208       -1.49336153551506        0.47616968171148
H           -2.09258105480469        1.56304374984160        0.34238332664915
H           -2.95738495907501        0.50394527464226       -0.78251141090757
H           -0.74473387193171       -0.53818739004075       -1.42466891169072
H           -0.86866764764347        1.20557824539900       -1.81400178741906
H            2.20699157409568        1.34158856583586        1.08517190622478
H            3.27942158181124        0.17456691716156        0.26758897786875
H            2.43714901906407       -0.30732232864151        1.73173271132161
17
 energy: -23.958721464698 gnorm: 0.000471222796 xtb: 6.7.1 (edcfbbe)
C           -2.14512668152066       -0.50688905014124        0.93495826679186
C           -2.08802368561403        0.58069603747843       -0.13159549409054
C           -0.84128363780042        0.46653628015945       -1.00470221864248
O            0.33628904114568        0.76161870352163       -0.23962833399995
C            1.21650378469606       -0.20116373531257        0.00231852871341
O            1.10591291747271       -1.33947246708037       -0.40679158778530
C            2.36202998651240        0.29928514720864        0.83169750057471
H           -1.29682433028523       -0.42503538722738        1.61169616210622
H           -3.05789579616163       -0.41769160802442        1.51710250238340
H           -2.11831999238188       -1.49320142364712        0.47622947329101
H           -2.09355885980327        1.56320210745472        0.34205154296381
H           -2.95742776053824        0.50506225968523       -0.78446723597647
H           -0.74400950164885       -0.54131209991826       -1.42015378759260
H           -0.86550051207242        1.20200906995606       -1.81172391173608
H            2.20783435753148        1.34199838239039        1.08665364714769
H            3.28341007695488        0.17864383974872        0.26754147009461
H            2.44073160131104       -0.30749449949353        1.72999958093079
17
 energy: -23.958722124491 gnorm: 0.000247528498 xtb: 6.7.1 (edcfbbe)
C           -2.14644852166883       -0.50657452724225        0.93504778976254
C           -2.08833362806663        0.58061288450813       -0.13163475849192
C           -0.84136827774638        0.46546331374855       -1.00399215405050
O            0.33577347089756        0.76041762556215       -0.23800600122135
C            1.21802332890398       -0.20129031720377        0.00134708062900
O            1.10997806831452       -1.33841798801858       -0.41157723510727
C            2.36234450941318        0.29962773227318        0.83190378296346
H           -1.29690005260377       -0.42696958546503        1.61048644659568
H           -3.05795608178829       -0.41496180924290        1.51875819680221
H           -2.12305630549820       -1.49299353977169        0.47654895144434
H           -2.09332379931180        1.56335963488793        0.34164586018529
H           -2.95772274843538        0.50560407665442       -0.78472159800776
H           -0.74397802334072       -0.54247085877644       -1.41925440266822
H           -0.86460923786542        1.20076729171206       -1.81131469624201
H            2.20682784771848        1.34185535793036        1.08786833874261
H            3.28426236867801        0.18060696446052        0.26831748600980
H            2.44122809019727       -0.30784469925828        1.72976301782817
17
 energy: -23.958722597839 gnorm: 0.000201584055 xtb: 6.7.1 (edcfbbe)
C           -2.14692056573338       -0.50622363197469        0.93536047605766
C           -2.08827520017390        0.58058043736667       -0.13159963205972
C           -0.84146818606846        0.46457264840180       -1.00390668358377
O            0.33535881399014        0.75942312697475       -0.23737676057158
C            1.21934820332752       -0.20139451019971       -0.00022763032650
O            1.11336350622071       -1.33737762691100       -0.41629222256149
C            2.36190603387169        0.29973621321453        0.83247024624650
H           -1.29586576593032       -0.42830625415338        1.60910318589972
H           -3.05707857620008       -0.41252750120166        1.52089396734525
H           -2.12656273554355       -1.49273587650932        0.47694881187843
H           -2.09257411075307        1.56350880483274        0.34133460505334
H           -2.95790467961290        0.50595934881424       -0.78441957158559
H           -0.74410676987422       -0.54350311298681       -1.41892141160130
H           -0.86417674125701        1.19965643037594       -1.81152243406963
H            2.20457914310401        1.34143543023958        1.08942752173002
H            3.28476143219666        0.18251877602395        0.27007082815436
H            2.44035720623377       -0.30853114554926        1.72984280916837
17
 energy: -23.958722849992 gnorm: 0.000179581387 xtb: 6.7.1 (edcfbbe)
C           -2.14700259683220       -0.50596535129454        0.93559678855413
C           -2.08830587123111        0.58066499810769       -0.13158854380801
C           -0.84157171985160        0.46393875803747       -1.00394047261721
O            0.33511364038241        0.75899366484204       -0.23725973277682
C            1.22015751551927       -0.20126622082859       -0.00142952532148
O            1.11578591318758       -1.33661603107386       -0.41977249167059
C            2.36150033621645        0.29978901715355        0.83295682109586
H           -1.29512004032771       -0.42890130664521        1.60841131365517
H           -3.05643114409284       -0.41107543754038        1.52207306050991
H           -2.12832700435746       -1.49258823949915        0.47732298785134
H           -2.09190925990968        1.56364676420984        0.34122798876155
H           -2.95814790134301        0.50635116258711       -0.78415941572737
H           -0.74427257735073       -0.54432815936438       -1.41849317552989
H           -0.86419863194884        1.19859460651713       -1.81193824194104
H            2.20306788812217        1.34107631745738        1.09083250216294
H            3.28507637630647        0.18381271084938        0.27153980473415
H            2.43932608530841       -0.30933569675710        1.72980643724143
17
 energy: -23.958723039340 gnorm: 0.000112148864 xtb: 6.7.1 (edcfbbe)
C           -2.14685393865622       -0.50580364085550        0.93585131109762
C           -2.08816998606996        0.58070675022313       -0.13155210036431
C           -0.84163761698901        0.46359335141505       -1.00421847037094
O            0.33500858093479        0.75895485295588       -0.23761063743950
C            1.22053495610773       -0.20090584738701       -0.00234953534260
O            1.11717073862965       -1.33584625507981       -0.42198587154655
C            2.36107792609190        0.29977273723162        0.83335339684772
H           -1.29443224808766       -0.42916374890090        1.60801099176009
H           -3.05579574768271       -0.41026240792276        1.52295185937963
H           -2.12914564289249       -1.49248866713312        0.47767813077317
H           -2.09133165199861        1.56368492474927        0.34119079085613
H           -2.95816706397911        0.50652984122700       -0.78387292092090
H           -0.74441498849175       -0.54488238088304       -1.41822513004723
H           -0.86448508017635        1.19778147451312       -1.81259683085201
H            2.20201046924311        1.34073716642560        1.09208345790784
H            3.28524183691069        0.18460067620903        0.27279357011807
H            2.43813046490359       -0.31021727002919        1.72968409331783
17
 energy: -23.958723134514 gnorm: 0.000049385406 xtb: 6.7.1 (edcfbbe)
C           -2.14664531049040       -0.50563934366313        0.93602166580579
C           -2.08811107937925        0.58074939289417       -0.13151501883265
C           -0.84172000727455        0.46332705973800       -1.00439606659620
O            0.33488778861880        0.75893557766597       -0.23788101224840
C            1.22079483265134       -0.20063252281112       -0.00312683984569
O            1.11818714199289       -1.33537864635475       -0.42363044760294
C            2.36072303337005        0.29974342347490        0.83367633333268
H           -1.29398537152372       -0.42904822426280        1.60787395218229
H           -3.05537456115691       -0.40981164789615        1.52339492793677
H           -2.12927552664192       -1.49236667415731        0.47793233940355
H           -2.09099303340353        1.56375753104986        0.34114346948517
H           -2.95822509031301        0.50661774745003       -0.78365142247229
H           -0.74454870346808       -0.54530582164581       -1.41800665958508
H           -0.86474853034652        1.19717104851478       -1.81305523462231
H            2.20127083755575        1.34048838294908        1.09314292644333
H            3.28531292274367        0.18515281628696        0.27369342283465
H            2.43719166486298       -0.31096854247430        1.72956976955539
