----------------------------------------------- 
  Element       SASA      Sigma Z        Total  
     Z         Ang**2 cal/Ang**2/mol   kcal/mol 
----------------------------------------------- 
      H        119.626      48.690       5.825
      C         31.429     129.740       4.078
      O         32.835       0.000       0.000

 Subtotal:     183.890                   9.902
 -----------------------------------------------

  Elements    COT*SASA   Sigma Z,Z'     Total   
    Z,Z'       Ang**2  cal/Ang**2/mol kcal/mol  
 ---------------------------------------------- 
  H   C         80.447     -60.770      -4.889
  H   O          0.000       0.000       0.000
  C   C         17.743     -72.950      -1.294
  O   C         17.059      68.690       1.172
  O   O          0.000       0.000       0.000

 Subtotal:                              -5.011
 ---------------------------------------------- 

 NONAQUEOUS SOLVENT CONTRIBUTION (kcal/mol):
 (proportional to SASA, atomic number independent)
 ---------------------------------------------- 
 Subtotal:                               0.000
 ---------------------------------------------- 

 CDS TOTAL (kcal/mol):                   4.891
...............................................................................
