----------------------------------------------- 
  Element       SASA      Sigma Z        Total  
     Z         Ang**2 cal/Ang**2/mol   kcal/mol 
----------------------------------------------- 
      H        137.310      48.690       6.686
      C         25.399     129.740       3.295
      O         13.072       0.000       0.000

 Subtotal:     175.781                   9.981
 -----------------------------------------------

  Elements    COT*SASA   Sigma Z,Z'     Total   
    Z,Z'       Ang**2  cal/Ang**2/mol kcal/mol  
 ---------------------------------------------- 
  H   C         84.166     -60.770      -5.115
  H   O          8.822       0.000       0.000
  C   C         20.645     -72.950      -1.506
  O   C          0.001      68.690       0.000

 Subtotal:                              -6.621
 ---------------------------------------------- 

 NONAQUEOUS SOLVENT CONTRIBUTION (kcal/mol):
 (proportional to SASA, atomic number independent)
 ---------------------------------------------- 
 Subtotal:                               0.000
 ---------------------------------------------- 

 CDS TOTAL (kcal/mol):                   3.360
...............................................................................
