17
 energy: -23.956399806217 gnorm: 0.034170281362 xtb: 6.7.1 (edcfbbe)
C           -2.61968459174529        0.49388486231726        0.62500283380981
C           -1.72220829971238        0.42390677846969       -0.61844680195529
C           -0.41367679849548       -0.23532473713536       -0.28797576245391
O           -0.13866752408504       -1.39993365039347       -0.53173853048376
O            0.41640700633262        0.60503461231663        0.35946495895828
C            1.71757600429304        0.07569527847206        0.77087370419385
C            2.71068752020491        0.15106303103959       -0.36587131267469
H           -2.16471936415195        1.11034051921548        1.40497094182126
H           -3.58446982570538        0.93396390674536        0.35943450526595
H           -2.80015466734255       -0.50555804097439        1.03211895919563
H           -1.53204636819676        1.43161006799271       -0.99971186333811
H           -2.20259204412790       -0.16605342935670       -1.40196723923291
H            2.01211364586456        0.71845614250842        1.60265286454294
H            1.58316847739525       -0.94574453767387        1.13529935590946
H            2.82426624759726        1.18178773367276       -0.71404535978283
H            3.68497708426332       -0.20094476527699       -0.01225346668787
H            2.40288888510025       -0.47693784491932       -1.20621339226037
17
 energy: -23.957455791214 gnorm: 0.014013572595 xtb: 6.7.1 (edcfbbe)
C           -2.61451334112835        0.49355871346370        0.62231197162278
C           -1.72000224257342        0.42353953454117       -0.61756509003218
C           -0.41397183324905       -0.23863327798069       -0.27566505080124
O           -0.13845414996770       -1.39431003606285       -0.52282963988635
O            0.41391661627205        0.59372762611310        0.36110228903569
C            1.70932185501331        0.08191713124989        0.76782998706299
C            2.71238550256970        0.15247670755032       -0.36485352568140
H           -2.14827638575563        1.10239758440729        1.39450614957605
H           -3.57239973776580        0.93581121977944        0.35713154706522
H           -2.79101365384827       -0.50405088079415        1.02166267401842
H           -1.52265388358409        1.43142346502615       -0.98564628382724
H           -2.20517192694749       -0.16523887608410       -1.39727982736214
H            1.99905517040809        0.72575548346804        1.59968981993379
H            1.57446624292218       -0.94569011778438        1.11526319430010
H            2.81476093548922        1.17753669203976       -0.71632540444256
H            3.68065007408944       -0.19838095583636       -0.01245355092011
H            2.39576614554428       -0.47659408607646       -1.19528486483440
17
 energy: -23.957664140798 gnorm: 0.005110204586 xtb: 6.7.1 (edcfbbe)
C           -2.60663133113949        0.49397578384680        0.62368138269723
C           -1.71726414001767        0.42405174962321       -0.61999451039769
C           -0.40901907658928       -0.23999564946151       -0.28091050386827
O           -0.14044847350841       -1.39826757769979       -0.51639299122715
O            0.41335125019169        0.58705363145548        0.35332531252299
C            1.69854189640270        0.08491644503151        0.76792795993488
C            2.70934477346522        0.15549709511270       -0.36370491527750
H           -2.13211498297759        1.09680914217135        1.39253233825687
H           -3.56148283361962        0.93956903274986        0.36394130378308
H           -2.78309436218899       -0.50306211712558        1.01855928253901
H           -1.51511975175644        1.43075891479232       -0.98310471071506
H           -2.20532223090535       -0.16462582712102       -1.39630573731033
H            1.98469521800308        0.72891822499966        1.59986230977920
H            1.56956572901738       -0.94733513598967        1.10645676119145
H            2.80517773230690        1.17725523418137       -0.71951913912850
H            3.67297500833408       -0.19208522284964       -0.00695785404325
H            2.39071096247027       -0.47818779669720       -1.18780189390951
17
 energy: -23.957697941051 gnorm: 0.001663647829 xtb: 6.7.1 (edcfbbe)
C           -2.60297117984602        0.49392500958708        0.62418695226380
C           -1.71689969236456        0.42465947053048       -0.62266731686688
C           -0.41107706615215       -0.24376325461743       -0.27854621026338
O           -0.14463358938464       -1.40373675473480       -0.51463819508119
O            0.41209380957313        0.58450832185626        0.34963803441448
C            1.69404498252652        0.08584686502020        0.76741809395024
C            2.70838729152856        0.15713064970322       -0.36348549546100
H           -2.12355299556371        1.09263302872256        1.39360135733214
H           -3.55671764998054        0.94428688816746        0.36833745341048
H           -2.78173126710615       -0.50404303419539        1.01642154717007
H           -1.51110978469718        1.43134333111308       -0.98352934849105
H           -2.20571855947577       -0.16181356514718       -1.39976200439540
H            1.97953238513725        0.72969009689429        1.59935983852077
H            1.57031257673802       -0.94719976643778        1.10633416516654
H            2.80033488239499        1.17846459642147       -0.72175083297347
H            3.67210109380296       -0.18640238006253       -0.00364811926697
H            2.39147015035777       -0.48028357580113       -1.18567552460176
17
 energy: -23.957710867261 gnorm: 0.002293227271 xtb: 6.7.1 (edcfbbe)
C           -2.59882416229233        0.49426658258530        0.62510916317872
C           -1.71762033230125        0.42434787383097       -0.62590262985100
C           -0.41263276097962       -0.24730534861475       -0.28284640357150
O           -0.15301005319171       -1.41179415404214       -0.51125116549583
O            0.41116792833978        0.58216943126704        0.34227799103390
C            1.68994564835303        0.08594713663177        0.76662280438807
C            2.70864213090034        0.15912256631724       -0.36202363344030
H           -2.11171869657737        1.08696721702264        1.39533691374619
H           -3.55175414829753        0.95225290615923        0.37668768937565
H           -2.78178480478841       -0.50491032300281        1.01416084439231
H           -1.50938700062299        1.43085705061719       -0.98610705413918
H           -2.21015489022714       -0.15904267987993       -1.40274425677948
H            1.97349418443190        0.72953870250532        1.59961817620865
H            1.57080074613113       -0.94724176208588        1.10721074455374
H            2.79517580434323        1.18033243295591       -0.72348226880759
H            3.67394293697751       -0.17706638465237        0.00221332986198
H            2.39758285728989       -0.48319532059487       -1.18328584982691
17
 energy: -23.957715816754 gnorm: 0.001430964348 xtb: 6.7.1 (edcfbbe)
C           -2.59860698754254        0.49436227486787        0.62520985565195
C           -1.71813870424379        0.42411004577498       -0.62607985669789
C           -0.41386411048797       -0.24834721555915       -0.28270379249601
O           -0.15509506049001       -1.41285785418801       -0.50997771704516
O            0.41115995309540        0.58179045554001        0.34068467152921
C            1.69015521276748        0.08547268274999        0.76568116975825
C            2.70961004632779        0.15952674241796       -0.36169323910233
H           -2.11011602089670        1.08525562572461        1.39587211477335
H           -3.55069900445807        0.95456263214163        0.37790388056453
H           -2.78355901144589       -0.50474412139253        1.01341835207989
H           -1.50964122887928        1.43063579935211       -0.98636359204326
H           -2.21151588829384       -0.15869742412196       -1.40288252489532
H            1.97253773246243        0.72922018183977        1.59914482151372
H            1.57019111483557       -0.94752257515368        1.10643548878119
H            2.79478085295692        1.18064057785779       -0.72377785265548
H            3.67535837175839       -0.17424522908590        0.00377474351865
H            2.40130812002257       -0.48391667174561       -1.18305212840785
17
 energy: -23.957724264991 gnorm: 0.001573387336 xtb: 6.7.1 (edcfbbe)
C           -2.59758666449212        0.49527452769919        0.62612640022957
C           -1.72045923092830        0.42304278138697       -0.62669771787414
C           -0.41841111291200       -0.25258493004061       -0.28343750550972
O           -0.16405793807842       -1.41842517173622       -0.50205974681366
O            0.41146080482111        0.58034565067851        0.33162041009652
C            1.69013003475650        0.08350375309084        0.76096834499789
C            2.71428888745283        0.16182963345930       -0.35993557313412
H           -2.10169328751288        1.07711575479574        1.39857483010928
H           -3.54540445777954        0.96606679479997        0.38374081196358
H           -2.79151260695850       -0.50369174597944        1.00963561014889
H           -1.51056694471801        1.42925783139699       -0.98734506715360
H           -2.21747768946953       -0.15811386734256       -1.40252011938980
H            1.96672521218450        0.72680071679126        1.59725256093714
H            1.56660819287576       -0.94966398077456        1.09976586483297
H            2.79210749872845        1.18230309898187       -0.72514111040780
H            3.68136417052307       -0.16060387449374        0.01224441728211
H            2.41835051899556       -0.48721104569365       -1.18119801548768
17
 energy: -23.957726806883 gnorm: 0.000651692561 xtb: 6.7.1 (edcfbbe)
C           -2.59794950530337        0.49563987102004        0.62646512053757
C           -1.72086180680780        0.42291557004707       -0.62671132228341
C           -0.41878088859523       -0.25306374224631       -0.28339815729480
O           -0.16533943095303       -1.41995200557836       -0.49958217038738
O            0.41188535511872        0.58024207914630        0.32938417178494
C            1.68967814139390        0.08323050872989        0.76009309223832
C            2.71538861507585        0.16263837263387       -0.35980784771078
H           -2.10078252158398        1.07571594862852        1.39943512973365
H           -3.54475791945490        0.96859033889259        0.38440540675913
H           -2.79368282598925       -0.50339639952817        1.00889523323016
H           -1.51014117026226        1.42885166351084       -0.98730207002269
H           -2.21801970301655       -0.15836024293370       -1.40228561072350
H            1.96552409810237        0.72535771602272        1.59726693440354
H            1.56645565645161       -0.95055996217304        1.09716904899898
H            2.79175357520268        1.18292827071868       -0.72576637889463
H            3.68224246125636       -0.15797167396133        0.01410737877486
H            2.42125325685335       -0.48756038590972       -1.18077356431653
17
 energy: -23.957728527065 gnorm: 0.000236448752 xtb: 6.7.1 (edcfbbe)
C           -2.59948988608056        0.49634977682336        0.62667725701417
C           -1.72149982631401        0.42253731012878       -0.62610390699567
C           -0.41954595549666       -0.25375484447649       -0.28246291186979
O           -0.16772010802442       -1.42204828400122       -0.49495427497630
O            0.41306386027248        0.58019063095496        0.32633593247195
C            1.68992893648448        0.08234148180761        0.75849246879632
C            2.71766155125076        0.16393927864919       -0.35986515120050
H           -2.10129564067744        1.07417486110847        1.40070772921935
H           -3.54468104707979        0.97235595489908        0.38414141852612
H           -2.79827839354042       -0.50265062964577        1.00768747584711
H           -1.50986459980448        1.42812269557071       -0.98685585761000
H           -2.21857833883832       -0.15899880938956       -1.40147065069147
H            1.96471878758707        0.72226641983495        1.59748806692828
H            1.56653502317738       -0.95237431283991        1.09255764802203
H            2.79200969600855        1.18425491979298       -0.72616977841535
H            3.68444289391689       -0.15402993585999        0.01636771341975
H            2.42645843464696       -0.48743058633726       -1.18097878365856
17
 energy: -23.957729130863 gnorm: 0.000315680935 xtb: 6.7.1 (edcfbbe)
C           -2.60060338536221        0.49679310296869        0.62654650180831
C           -1.72167385967403        0.42238810091091       -0.62558470246104
C           -0.42017880846452       -0.25444423616110       -0.28123268609991
O           -0.16974766638439       -1.42346418984135       -0.49161402809774
O            0.41383257643040        0.57978415866656        0.32508749929649
C            1.69039408342764        0.08152830594915        0.75747649503825
C            2.71902887673160        0.16485855211262       -0.36003770989550
H           -2.10246908566182        1.07369293659304        1.40130700583180
H           -3.54490764218057        0.97416729542078        0.38325418957985
H           -2.80114414634200       -0.50204561936002        1.00700762031883
H           -1.50940860908697        1.42782696896459       -0.98640853462650
H           -2.21850103685534       -0.15917384986285       -1.40109331648369
H            1.96466609798429        0.72023344280083        1.59755998075675
H            1.56693557544079       -0.95369791440330        1.08989510170431
H            2.79237444830009        1.18537502436489       -0.72595275490022
H            3.68586359457635       -0.15195455153813        0.01696237830123
H            2.42940437460916       -0.48662160056543       -1.18157864524379
17
 energy: -23.957729745858 gnorm: 0.000212081855 xtb: 6.7.1 (edcfbbe)
C           -2.60198766345684        0.49725917197280        0.62618576142155
C           -1.72173781513568        0.42233150650013       -0.62491532339767
C           -0.42094975194360       -0.25536565060703       -0.27962804117782
O           -0.17256422195390       -1.42528007628626       -0.48724044814336
O            0.41481962336211        0.57919322902350        0.32381207437546
C            1.69119851306027        0.08054292134884        0.75637498552706
C            2.72048682780941        0.16585521564448       -0.36034166832039
H           -2.10430923551044        1.07349402288305        1.40176257002000
H           -3.54554810043213        0.97562942001720        0.38187782192254
H           -2.80397631840847       -0.50146318064980        1.00613851682665
H           -1.50872450585502        1.42767912707517       -0.98562183744095
H           -2.21826344768140       -0.15899333531695       -1.40082915317262
H            1.96492231748220        0.71806972141297        1.59760174403910
H            1.56767344841957       -0.95514939721357        1.08724194506535
H            2.79304439981894        1.18678808471394       -0.72523707933605
H            3.68740891361188       -0.15016237512178        0.01717367282253
H            2.43237240430156       -0.48518247837680       -1.18276114620394
17
 energy: -23.957730305996 gnorm: 0.000109943427 xtb: 6.7.1 (edcfbbe)
C           -2.60331454115485        0.49757503167588        0.62563995221623
C           -1.72154674618436        0.42247376825551       -0.62433161135138
C           -0.42171352426755       -0.25637558514522       -0.27767583888477
O           -0.17551692284054       -1.42721793175977       -0.48229506097418
O            0.41571986659050        0.57850773907896        0.32295896055885
C            1.69204531870622        0.07958315664737        0.75543969838493
C            2.72166229580310        0.16684663158612       -0.36075922699724
H           -2.10661689705941        1.07372322423368        1.40191357197265
H           -3.54642835379724        0.97619165910591        0.38010246902746
H           -2.80612402093715       -0.50105548207371        1.00537608992604
H           -1.50744678071956        1.42777347719583       -0.98459090424881
H           -2.21758009896668       -0.15834824153511       -1.40096268402518
H            1.96538736847828        0.71612291745236        1.59759614269465
H            1.56859371510220       -0.95651969845561        1.08504100884014
H            2.79395495666762        1.18833769351668       -0.72415259932805
H            3.68863178363674       -0.14930737994292        0.01655347090665
H            2.43415796843116       -0.48306505281608       -1.18425904389056
17
 energy: -23.957730838390 gnorm: 0.000096571600 xtb: 6.7.1 (edcfbbe)
C           -2.60493837838436        0.49788075480167        0.62480290920514
C           -1.72108628500217        0.42273201732102       -0.62364175889498
C           -0.42245930547492       -0.25754305528713       -0.27516634081146
O           -0.17885219120997       -1.42958630905896       -0.47579895155982
O            0.41687034679131        0.57780420089827        0.32215166817470
C            1.69315032583607        0.07857216496045        0.75458685013198
C            2.72271202398244        0.16795690476594       -0.36142127687294
H           -2.10971944328260        1.07435642616876        1.40179848084764
H           -3.54782488270855        0.97612655566546        0.37760728638349
H           -2.80799927124962       -0.50075561658213        1.00437856246806
H           -1.50553975005295        1.42802764868682       -0.98301090024986
H           -2.21643226962231       -0.15727644989294       -1.40133360533276
H            1.96617942805724        0.71396704538436        1.59775466665619
H            1.56979743884101       -0.95801732605663        1.08268569828453
H            2.79529609631296        1.19026030164874       -0.72246245583635
H            3.68962186283208       -0.14929850610326        0.01513443581194
H            2.43508964182281       -0.47996083030056       -1.18647087357806
17
 energy: -23.957731074837 gnorm: 0.000072147911 xtb: 6.7.1 (edcfbbe)
C           -2.60619864691437        0.49797751510972        0.62405873111351
C           -1.72056833707377        0.42304260936687       -0.62317782168814
C           -0.42303779727436       -0.25842189653035       -0.27296242583522
O           -0.18145729319215       -1.43148872627777       -0.47003845821613
O            0.41774623563541        0.57736929287082        0.32163976661512
C            1.69397259590596        0.07784233631171        0.75397054684781
C            2.72342937000605        0.16885864071102       -0.36200313578021
H           -2.11241818022919        1.07496953911846        1.40158349795601
H           -3.54899623893200        0.97563221557737        0.37539506531230
H           -2.80922958263361       -0.50068338983970        1.00363529317442
H           -1.50361296118752        1.42833668522233       -0.98164044318736
H           -2.21519712169973       -0.15621548460640       -1.40187472733378
H            1.96689720926602        0.71228950018107        1.59786402969446
H            1.57074467296930       -0.95913162174087        1.08089687115781
H            2.79660327237555        1.19189005763630       -0.72089243932043
H            3.69024455517825       -0.14998645755590        0.01349144813058
H            2.43494363528863       -0.47703488853478       -1.18835140381332
17
 energy: -23.957731111174 gnorm: 0.000037263967 xtb: 6.7.1 (edcfbbe)
C           -2.60632918104530        0.49791587232162        0.62390524970800
C           -1.72041921589054        0.42311094380317       -0.62315077008924
C           -0.42304649502554       -0.25847292343977       -0.27263224347027
O           -0.18165396629668       -1.43168576620380       -0.46906552300519
O            0.41790355637450        0.57744934409025        0.32156269648431
C            1.69406247753839        0.07789222626872        0.75399900395615
C            2.72337108018596        0.16890911674323       -0.36213439626342
H           -2.11275965839222        1.07500410743813        1.40149571992774
H           -3.54920204277663        0.97534069535983        0.37508405133951
H           -2.80913074055052       -0.50081455701239        1.00341641420189
H           -1.50329213244559        1.42844457328192       -0.98133751575058
H           -2.21492346470814       -0.15597872288221       -1.40204000248835
H            1.96701908800537        0.71226332296527        1.59792724973008
H            1.57078943786951       -0.95910896756522        1.08081597151660
H            2.79697732470469        1.19204839936536       -0.72058860827051
H            3.69007346341484       -0.15057559711940        0.01305252364470
H            2.43442585652637       -0.47649614039482       -1.18871542634398
