----------------------------------------------- 
  Element       SASA      Sigma Z        Total  
     Z         Ang**2 cal/Ang**2/mol   kcal/mol 
----------------------------------------------- 
      H        152.371      48.690       7.419
      C         26.837     129.740       3.482
      O         17.365       0.000       0.000

 Subtotal:     196.572                  10.901
 -----------------------------------------------

  Elements    COT*SASA   Sigma Z,Z'     Total   
    Z,Z'       Ang**2  cal/Ang**2/mol kcal/mol  
 ---------------------------------------------- 
  H   C         96.332     -60.770      -5.854
  H   O          6.355       0.000       0.000
  C   C         19.091     -72.950      -1.393
  O   C          0.000      68.690       0.000

 Subtotal:                              -7.247
 ---------------------------------------------- 

 NONAQUEOUS SOLVENT CONTRIBUTION (kcal/mol):
 (proportional to SASA, atomic number independent)
 ---------------------------------------------- 
 Subtotal:                               0.000
 ---------------------------------------------- 

 CDS TOTAL (kcal/mol):                   3.654
...............................................................................
