----------------------------------------------- 
  Element       SASA      Sigma Z        Total  
     Z         Ang**2 cal/Ang**2/mol   kcal/mol 
----------------------------------------------- 
      H        134.528      48.690       6.550
      C         24.324     129.740       3.156
      O         17.428       0.000       0.000

 Subtotal:     176.280                   9.706
 -----------------------------------------------

  Elements    COT*SASA   Sigma Z,Z'     Total   
    Z,Z'       Ang**2  cal/Ang**2/mol kcal/mol  
 ---------------------------------------------- 
  H   C         81.907     -60.770      -4.978
  H   O          8.953       0.000       0.000
  C   C         17.481     -72.950      -1.275
  O   C          0.000      68.690       0.000

 Subtotal:                              -6.253
 ---------------------------------------------- 

 NONAQUEOUS SOLVENT CONTRIBUTION (kcal/mol):
 (proportional to SASA, atomic number independent)
 ---------------------------------------------- 
 Subtotal:                               0.000
 ---------------------------------------------- 

 CDS TOTAL (kcal/mol):                   3.453
...............................................................................
