18
 energy: -272.900239833323 gnorm: 0.031943780560 xtb: 6.7.1 (edcfbbe)
C           -2.22695436328682        0.91276480620447        0.18967725248405
C           -0.85610281947936        0.66412924909429       -0.45403327090119
C           -0.03174738091407       -0.40831505688094        0.26755552441856
H           -0.05930495982628       -0.20368426079026        1.34457707099582
C           -0.58556864245948       -1.80760852160100        0.01425048580631
C            1.43151362313434       -0.34103632045112       -0.19164047258492
O            2.05947922601261        0.88684177129298        0.10925462024841
H           -3.03065588144296        0.74810910373151       -0.52244581963151
H           -2.38817956345827        0.24662403430929        1.03345617575795
H           -2.30780833032265        1.93323160815667        0.55435670214565
H           -0.27525763252197        1.58844218970388       -0.45971938650371
H           -0.97888282913377        0.35768924555850       -1.49439747146221
H           -1.62990482672225       -1.86338298192571        0.30804284373650
H           -0.02786530531235       -2.55021452473007        0.58019168645710
H           -0.51228658242701       -2.05422734091028       -1.04259863906200
H            1.48357417175741       -0.43254762449167       -1.27967462476706
H            1.99780445588528       -1.17230965391948        0.25034553441093
H            2.07427826911917        1.00385232114483        1.06936160657386
18
 energy: -272.901243649285 gnorm: 0.011678297285 xtb: 6.7.1 (edcfbbe)
C           -2.23790099292815        0.91262433934700        0.18785371460753
C           -0.85879120665217        0.67022124075221       -0.45377281038956
C           -0.02156372552620       -0.39987403863502        0.25750421352056
H           -0.04337181874950       -0.19389215786572        1.33803000204219
C           -0.58052426881338       -1.80165465401244        0.01524937972492
C            1.44114224987492       -0.34672243085422       -0.18998235631272
O            2.08490520679587        0.88996008295951        0.11535028623772
H           -3.05399224390271        0.74739622837167       -0.51863532163197
H           -2.40225770771322        0.24306185910023        1.03623073751832
H           -2.32900722022459        1.93519549242892        0.56093681093021
H           -0.28735702299958        1.60270982731069       -0.46519473602892
H           -0.97296480162623        0.36246361532611       -1.49957105874247
H           -1.63149619533257       -1.86323470177259        0.30859976961917
H           -0.02777443691106       -2.55544824077006        0.58315915397012
H           -0.51224441775470       -2.05723620064942       -1.04699811379501
H            1.48924797911510       -0.45090704554234       -1.28010790262278
H            1.99560873567340       -1.18779129761641        0.25313649829377
H            2.08447257275077        1.00148629133576        1.07477172956059
18
 energy: -272.901421546132 gnorm: 0.004132842577 xtb: 6.7.1 (edcfbbe)
C           -2.24103476938651        0.90713806061683        0.18671600485198
C           -0.85820722747232        0.67606727672698       -0.45550690273993
C           -0.01876266176394       -0.39133530903546        0.25858760945414
H           -0.03622457452164       -0.18447490407246        1.34095966921354
C           -0.57812507828756       -1.79406655872732        0.01769179974183
C            1.44006505806043       -0.35150879255153       -0.19300939403513
O            2.10092495690975        0.88567246443071        0.11523485395358
H           -3.06059009399413        0.74062585170167       -0.51913917968039
H           -2.40666628638926        0.23371537908637        1.03524572009723
H           -2.34112711867935        1.92938733916741        0.56558113609325
H           -0.29674285103139        1.61596629015461       -0.46758280387716
H           -0.96857150654242        0.37049145833880       -1.50481165341578
H           -1.63196561096923       -1.85798353065607        0.30935597356298
H           -0.02814731701713       -2.55219398279377        0.58709160402205
H           -0.51142783467694       -2.05548361915163       -1.04651902307750
H            1.49554466489540       -0.45973843749250       -1.28378334118117
H            1.98853324305280       -1.19414725438163        0.25496094309419
H            2.08865574710021        0.99022661740464        1.07548716952837
18
 energy: -272.901454461254 gnorm: 0.001747695484 xtb: 6.7.1 (edcfbbe)
C           -2.24303563464068        0.90331199595140        0.18550964973358
C           -0.85833188343880        0.67893112890287       -0.45475082548598
C           -0.01698332931730       -0.38799647595203        0.25769300373784
H           -0.03231669785067       -0.17974947895622        1.33974061102013
C           -0.57954763712775       -1.78987129908147        0.01988333526387
C            1.44029137866628       -0.35448127348308       -0.19462521322197
O            2.10875949733991        0.88271689648682        0.11375036163849
H           -3.06062216447614        0.73584533088184       -0.52233412704476
H           -2.40747839165340        0.22624961142272        1.03127841929917
H           -2.34781667935378        1.92375383959106        0.56783977383986
H           -0.30133194136519        1.62160554399865       -0.46426793888685
H           -0.96629411297537        0.37551757389504       -1.50493002396168
H           -1.63352284868232       -1.85257199832864        0.31065670732444
H           -0.03018182954866       -2.54695952383698        0.59084513380159
H           -0.51187856469328       -2.05295667334970       -1.04374978385067
H            1.49714743281040       -0.46166134482979       -1.28510577976014
H            1.98737841084277       -1.19674961996890        0.25467702466848
H            2.09189585571704        0.98342420703182        1.07444992352766
18
 energy: -272.901470705545 gnorm: 0.001765706131 xtb: 6.7.1 (edcfbbe)
C           -2.24448113373822        0.89664686533112        0.18308030062700
C           -0.85656425423209        0.68347047302780       -0.45315689404796
C           -0.01561255795894       -0.38425316412275        0.25815556516490
H           -0.02759959939300       -0.17374105535581        1.33931911707874
C           -0.58251818826209       -1.78495272503972        0.02405136401107
C            1.43931098386429       -0.35742895099375       -0.19806312158224
O            2.11496594233475        0.87937059754024        0.11053256361337
H           -3.05670862298742        0.72801361539986       -0.52968369424180
H           -2.40791319891779        0.21368171796464        1.02333414808276
H           -2.35633181019560        1.91355930531840        0.57060057738483
H           -0.30392388402140        1.62849089813607       -0.45515099297922
H           -0.95948399649893        0.38480826017307       -1.50463582425167
H           -1.63599749750425       -1.84299748404373        0.31386450313099
H           -0.03484019832756       -2.53999825794998        0.59771815602109
H           -0.51353662424132       -2.05003159885985       -1.03808747481908
H            1.49484192839614       -0.46207716405538       -1.28811803480260
H            1.98548110581361       -1.19943322509176        0.25115715528423
H            2.09704271451575        0.97523049916869        1.07164282438203
18
 energy: -272.901477940528 gnorm: 0.001148333828 xtb: 6.7.1 (edcfbbe)
C           -2.24530155678852        0.89528075979456        0.18148214781861
C           -0.85559841561490        0.68432141579710       -0.45146434703136
C           -0.01516132755280       -0.38421037501610        0.25913134685115
H           -0.02602817679888       -0.17355923322888        1.34022792664199
C           -0.58346968940633       -1.78459174663883        0.02560602090110
C            1.43945286402822       -0.35701564959554       -0.19915701612762
O            2.11473756926423        0.87904889104089        0.10882042433475
H           -3.05543547934813        0.72638386716646       -0.53353242324381
H           -2.40954436825800        0.21089317730546        1.02025468875644
H           -2.35943205593905        1.91132972921908        0.57021757281248
H           -0.30302310275859        1.62929461496334       -0.44896203241645
H           -0.95520507547001        0.38843507130199       -1.50398893531643
H           -1.63695704047399       -1.84087523617610        0.31553443097230
H           -0.03692585744538       -2.53974262717027        0.60017401000800
H           -0.51481791153795       -2.05066601356878       -1.03623527666172
H            1.49209356649044       -0.46108100386711       -1.28944932551978
H            1.98621778805040       -1.19983322629445        0.24796684276550
H            2.10052951976683        0.97494627068571        1.06993410288152
18
 energy: -272.901487428566 gnorm: 0.000464904986 xtb: 6.7.1 (edcfbbe)
C           -2.24844267434326        0.89059119238411        0.17694241285633
C           -0.85286702416299        0.68859771789592       -0.44614050486529
C           -0.01416320146561       -0.38287728383240        0.26197812170715
H           -0.02085758346542       -0.17246443618998        1.34328844400426
C           -0.58525631105161       -1.78263468000746        0.03052524735027
C            1.43922569901965       -0.35674498721716       -0.20256345464485
O            2.11731952960499        0.87657029212869        0.10313802315345
H           -3.05235059829764        0.71951460767905       -0.54486450253957
H           -2.41633382371794        0.20317587782228        1.01266109088329
H           -2.37087752827544        1.90499078126268        0.56765446027346
H           -0.30248697629696        1.63494828979407       -0.43102904663441
H           -0.94234175959361        0.40113297267489       -1.50215089765216
H           -1.63911861289984       -1.83574866725302        0.32057302855375
H           -0.04132209916219       -2.53854196946308        0.60702527510411
H           -0.51755024553894       -2.05138811031747       -1.03093205366012
H            1.48518231175934       -0.46014805313821       -1.29353709839147
H            1.98629608500174       -1.20240154795680        0.23954962225779
H            2.11207647361841        0.97178693565273        1.06444179985579
18
 energy: -272.901490113441 gnorm: 0.000538139431 xtb: 6.7.1 (edcfbbe)
C           -2.25045763809057        0.88905716895519        0.17505626774757
C           -0.85241419756876        0.69018617424543       -0.44315371695992
C           -0.01349013972754       -0.38203095893786        0.26350153615274
H           -0.01837514781292       -0.17208764360238        1.34493031554905
C           -0.58577697768415       -1.78112153402357        0.03181957118941
C            1.43923059968981       -0.35772400702103       -0.20364936828864
O            2.11937995578624        0.87466182984365        0.10036192500753
H           -3.05142176790299        0.71467402783276       -0.54929342353043
H           -2.41906696367923        0.20214597156247        1.01100788078847
H           -2.37750962981052        1.90357314318736        0.56404293662049
H           -0.30342545926614        1.63717546252561       -0.42262403376306
H           -0.93770260064732        0.40686243819784       -1.50060768197776
H           -1.63947736705000       -1.83437847329956        0.32233428163175
H           -0.04172678916792       -2.53695682709885        0.60820215653870
H           -0.51853022441213       -2.05034780179832       -1.02955506894834
H            1.48272914314506       -0.46100016374207       -1.29475204490539
H            1.98634142005425       -1.20398535769710        0.23721938968860
H            2.11782561614429        0.96965554445419        1.06171898281642
18
 energy: -272.901490113441 gnorm: 0.000538139431 xtb: 6.7.1 (edcfbbe)
C           -2.25045763809057        0.88905716895519        0.17505626774757
C           -0.85241419756876        0.69018617424543       -0.44315371695992
C           -0.01349013972754       -0.38203095893786        0.26350153615274
H           -0.01837514781292       -0.17208764360238        1.34493031554905
C           -0.58577697768415       -1.78112153402357        0.03181957118941
C            1.43923059968981       -0.35772400702103       -0.20364936828864
O            2.11937995578624        0.87466182984365        0.10036192500753
H           -3.05142176790299        0.71467402783276       -0.54929342353043
H           -2.41906696367923        0.20214597156247        1.01100788078847
H           -2.37750962981052        1.90357314318736        0.56404293662049
H           -0.30342545926614        1.63717546252561       -0.42262403376306
H           -0.93770260064732        0.40686243819784       -1.50060768197776
H           -1.63947736705000       -1.83437847329956        0.32233428163175
H           -0.04172678916792       -2.53695682709885        0.60820215653870
H           -0.51853022441213       -2.05034780179832       -1.02955506894834
H            1.48272914314506       -0.46100016374207       -1.29475204490539
H            1.98634142005425       -1.20398535769710        0.23721938968860
H            2.11782561614429        0.96965554445419        1.06171898281642
