21
 energy: -499.335799053591 gnorm: 0.029719066936 xtb: 6.7.1 (edcfbbe)
C           -3.66830881682552       -0.38949703567260       -0.90436315330075
C           -3.00794694203290       -0.43095928789097        0.46561081940632
O           -1.58901854600414       -0.61412064317213        0.35196204955596
C           -0.82702763696648        0.46623798150660        0.19623090638696
O           -1.27471725766486        1.59953780200880        0.17016898487541
C            0.60995800107029        0.14473524946414        0.07308666023239
C            1.51604985457180        1.19401367622910       -0.07407952833283
C            2.86711909517050        0.93028060821223       -0.19215051238515
C            3.32071052657149       -0.37973544786827       -0.16476739577301
C            2.42275672137359       -1.42656926953215       -0.01943807940861
C            1.06958188647396       -1.17103066031891        0.09965717624416
H           -3.42690393731855       -1.28932301327133       -1.46374902434863
H           -4.74422404990229       -0.31926241544147       -0.78248132504674
H           -3.31808663917033        0.47768413291167       -1.46001633714697
H           -3.34945979338423       -1.28949453287141        1.04494908646304
H           -3.19853175961735        0.49755779232048        1.01278275524879
H            1.13560769670322        2.20436210027681       -0.09218204834085
H            3.56578963618010        1.74435673547297       -0.30543547983535
H            4.37596857383911       -0.58509105515927       -0.25712323511394
H            2.77954014853169       -2.44445948908320        0.00110532800049
H            0.36227306456053       -1.97688913737601        0.21314974069445
21
 energy: -499.336849017110 gnorm: 0.012962880431 xtb: 6.7.1 (edcfbbe)
C           -3.66487022982989       -0.38686653900981       -0.90383897986227
C           -3.02223108148168       -0.42804184132681        0.47037666874666
O           -1.59284019358826       -0.61655890444842        0.35512654258348
C           -0.82964261004437        0.47134807972186        0.19618854941708
O           -1.27555092690060        1.61007880532008        0.16226852840383
C            0.60910471843517        0.14441712330737        0.07268326780831
C            1.51591580728507        1.19789327158123       -0.07572641087605
C            2.87231447137231        0.93404938963429       -0.19328073672341
C            3.32992258279161       -0.38069811018247       -0.16548516120255
C            2.42980230701564       -1.43239380405555       -0.01935177177252
C            1.07154523961039       -1.17541327489124        0.10025743255127
H           -3.42985260332892       -1.29292498697473       -1.46698698859200
H           -4.74802925240775       -0.31851592171141       -0.78511199327048
H           -3.31994283524119        0.48258667722884       -1.46832347342709
H           -3.36443106935092       -1.29007251370268        1.04499821669252
H           -3.22080425540356        0.48736801036662        1.03402933495780
H            1.14090971461809        2.21433732339810       -0.09497606209797
H            3.57369969957062        1.75229873836267       -0.30703276920916
H            4.39017731969405       -0.58615457314616       -0.25817191424996
H            2.78837892449974       -2.45488338043207        0.00146756658272
H            0.36755403729735       -1.98951979982506        0.21380652249149
21
 energy: -499.337059407916 gnorm: 0.004999176762 xtb: 6.7.1 (edcfbbe)
C           -3.66782116958455       -0.38269737305477       -0.90242727538449
C           -3.03305185446486       -0.42725323477849        0.47030961883653
O           -1.59359862118049       -0.62106770933998        0.36390843081970
C           -0.83109135850568        0.47160160574659        0.19636611807116
O           -1.27708832037170        1.61077442029061        0.15651997815249
C            0.60974117758348        0.14359923100596        0.07329825754614
C            1.51702768874756        1.19877315256279       -0.07651367292866
C            2.87600313765952        0.93593303926197       -0.19440280533525
C            3.33677384805120       -0.38002849078445       -0.16597547521055
C            2.43596174010052       -1.43381927051882       -0.01897351372235
C            1.07523304082208       -1.17715758876457        0.10139771579654
H           -3.43702919874713       -1.29276894878589       -1.46485292402709
H           -4.75490243935064       -0.31307264371696       -0.79089487910189
H           -3.32267135857864        0.48542713548791       -1.47187402739376
H           -3.37657523881233       -1.29202337843720        1.04131581601627
H           -3.23194490695303        0.48153392815435        1.04357148073452
H            1.14740635950525        2.21856179113095       -0.09785788727308
H            3.57788802116636        1.75622553746281       -0.30883807653917
H            4.39921370558609       -0.58471371954599       -0.25876160527866
H            2.79546756622641       -2.45800578894232        0.00218792962788
H            0.37618773183115       -1.99748866269771        0.21541225728102
21
 energy: -499.337096262664 gnorm: 0.002096770970 xtb: 6.7.1 (edcfbbe)
C           -3.66761930179651       -0.37939514048386       -0.90196282753125
C           -3.03824350429314       -0.42732933171794        0.47123447947072
O           -1.59442068002595       -0.62461949429253        0.36983186462774
C           -0.83244199444537        0.46909945077220        0.19556620166722
O           -1.27913520401299        1.60707029554479        0.15055382318433
C            0.60974579860402        0.14205175664502        0.07319430139323
C            1.51673493787739        1.19761810548586       -0.07733358320817
C            2.87612463832125        0.93618420811668       -0.19509719653944
C            3.33876092754510       -0.37890457454095       -0.16602536625734
C            2.43869233584370       -1.43305422024559       -0.01828705829553
C            1.07751340850642       -1.17784249132729        0.10204612579942
H           -3.44025205793456       -1.29015397918422       -1.46454527086865
H           -4.75491169089963       -0.30693820530784       -0.79282387895734
H           -3.32055958012500        0.48750684413735       -1.47168849901343
H           -3.38241047906028       -1.29404179705555        1.03911195974621
H           -3.23389505865593        0.47985960354586        1.04789452657748
H            1.14904264973450        2.21794445468473       -0.09949653967796
H            3.57689511165720        1.75719623627280       -0.31009887066828
H            4.40130177514281       -0.58244737955909       -0.25891408928793
H            2.79867186397709       -2.45691676408407        0.00327028173956
H            0.38153536817183       -2.00055522731290        0.21648391336832
21
 energy: -499.337114075908 gnorm: 0.001122140831 xtb: 6.7.1 (edcfbbe)
C           -3.66649955174657       -0.37526860644556       -0.90143166504645
C           -3.04128674176254       -0.42819120065684        0.47253665157719
O           -1.59451700870373       -0.62858328494567        0.37587247345016
C           -0.83355493246201        0.46509013783066        0.19421555445980
O           -1.28155506535243        1.60160052534793        0.14237541111159
C            0.60953509017668        0.13967286194925        0.07287219887074
C            1.51531413535374        1.19584839824705       -0.07845027838292
C            2.87477626332203        0.93635860496687       -0.19598399495835
C            3.33947087432507       -0.37745606790613       -0.16595381676692
C            2.44086895605125       -1.43209854865095       -0.01728363915553
C            1.07953725671352       -1.17892791419738        0.10284286827814
H           -3.44235482996377       -1.28596874434704       -1.46455938979853
H           -4.75335521550632       -0.29853322971802       -0.79414526949416
H           -3.31541518038706        0.49073637230464       -1.46915720782733
H           -3.38697035951369       -1.29648604688401        1.03678783396588
H           -3.23399131412908        0.47816292732151        1.05131859639188
H            1.14780010698928        2.21588676240984       -0.10153415439455
H            3.57376299411542        1.75828850201048       -0.31159864766985
H            4.40191610460584       -0.57941548713411       -0.25876945765892
H            2.80167629319405       -2.45522094015243        0.00517216193368
H            0.38597097131645       -2.00316353300596        0.21778641575426
21
 energy: -499.337125491445 gnorm: 0.001966500990 xtb: 6.7.1 (edcfbbe)
C           -3.66343552639674       -0.36889415191643       -0.90041619902918
C           -3.04300912138492       -0.43008380772276        0.47535171393787
O           -1.59443027559225       -0.63372898468930        0.38373766389931
C           -0.83519458809220        0.45888292579176        0.19073152350505
O           -1.28501748762792        1.59379379106690        0.12806514950782
C            0.60868498793097        0.13568099620494        0.07209815423477
C            1.51199889012375        1.19331197206088       -0.08033444890309
C            2.87172883144866        0.93695691840092       -0.19723716677040
C            3.33947007069115       -0.37535120969006       -0.16551040456497
C            2.44330709112087       -1.43137590144219       -0.01546801876572
C            1.08159212348832       -1.18129863345008        0.10416335423404
H           -3.44366706550032       -1.27891078323962       -1.46556201264571
H           -4.74962712793236       -0.28522858128003       -0.79540164168742
H           -3.30532089490215        0.49660114072924       -1.46375404742121
H           -3.39163711873028       -1.30039601654848        1.03412417370408
H           -3.23341191965466        0.47478235356876        1.05705058285489
H            1.14263412377239        2.21235428038708       -0.10480953870013
H            3.56815426660161        1.76052581204949       -0.31375371617046
H            4.40208172715175       -0.57484301493754       -0.25815462607298
H            2.80596970493196       -2.45348228982396        0.00829814136372
H            0.39025748159552       -2.00696665870892        0.21969149781963
21
 energy: -499.337133367901 gnorm: 0.001145731331 xtb: 6.7.1 (edcfbbe)
C           -3.66070912251452       -0.36458167482037       -0.89954350932700
C           -3.04230167271010       -0.43185540510402        0.47747952556765
O           -1.59454501017885       -0.63610526496461        0.38821528057767
C           -0.83615278985883        0.45518515575586        0.18849882242926
O           -1.28707903725400        1.58958138852246        0.11801953894847
C            0.60772456343417        0.13311607922801        0.07098737656775
C            1.50936398278172        1.19205746208810       -0.08229917882480
C            2.86949615871602        0.93764183715352       -0.19819960047750
C            3.33896868311281       -0.37412584333144       -0.16491646433923
C            2.44439210394542       -1.43152644069666       -0.01407761361777
C            1.08217410167615       -1.18334953794854        0.10474243859923
H           -3.44329760963910       -1.27381562089021       -1.46695060958762
H           -4.74668298077738       -0.27632936452979       -0.79595622770181
H           -3.29759921610652        0.50118453343765       -1.45934294715958
H           -3.39317593915905       -1.30362992638369        1.03242416024294
H           -3.23350849336472        0.47108611281436        1.06205497294078
H            1.13735614394075        2.21020104634431       -0.10786513318248
H            3.56468745373689        1.76228752340461       -0.31518868232284
H            4.40198034988530       -0.57213834087131       -0.25704262661073
H            2.80878629932210       -2.45311002813575        0.01091101124304
H            0.39124972975901       -2.00944438745796        0.22095786564887
21
 energy: -499.337135132911 gnorm: 0.000629128433 xtb: 6.7.1 (edcfbbe)
C           -3.65897790589682       -0.36189569340095       -0.89862174878149
C           -3.04120309897599       -0.43325458039352        0.47880566841115
O           -1.59484146057831       -0.63691845830330        0.38989359980524
C           -0.83691065766741        0.45349644714967        0.18525620968207
O           -1.28810505291929        1.58781113396464        0.11347723819793
C            0.60698952629658        0.13197637578738        0.06976130488667
C            1.50794886693483        1.19166783524031       -0.08380216231724
C            2.86842892508743        0.93813047879053       -0.19889052221734
C            3.33866119800795       -0.37356319450518       -0.16411115433571
C            2.44476135593234       -1.43180768660727       -0.01293798295073
C            1.08213921949900       -1.18446538794325        0.10497817328200
H           -3.44293716072217       -1.27047410861626       -1.46793839033631
H           -4.74492693689901       -0.27130342235813       -0.79574138419560
H           -3.29345929189049        0.50417938956567       -1.45655088063699
H           -3.39330593394257       -1.30644915078757        1.03089350031238
H           -3.23430674819136        0.46755661061153        1.06624193761805
H            1.13419017298538        2.20927531763339       -0.11079688665171
H            3.56338792159971        1.76313883513900       -0.31630840986065
H            4.40205840292911       -0.57094701052046       -0.25529035077051
H            2.81036918742371       -2.45312660381168        0.01310155769081
H            0.39116689230510       -2.01069834252217        0.22148838234661
21
 energy: -499.337135132911 gnorm: 0.000629128433 xtb: 6.7.1 (edcfbbe)
C           -3.65897790589682       -0.36189569340095       -0.89862174878149
C           -3.04120309897599       -0.43325458039352        0.47880566841115
O           -1.59484146057831       -0.63691845830330        0.38989359980524
C           -0.83691065766741        0.45349644714967        0.18525620968207
O           -1.28810505291929        1.58781113396464        0.11347723819793
C            0.60698952629658        0.13197637578738        0.06976130488667
C            1.50794886693483        1.19166783524031       -0.08380216231724
C            2.86842892508743        0.93813047879053       -0.19889052221734
C            3.33866119800795       -0.37356319450518       -0.16411115433571
C            2.44476135593234       -1.43180768660727       -0.01293798295073
C            1.08213921949900       -1.18446538794325        0.10497817328200
H           -3.44293716072217       -1.27047410861626       -1.46793839033631
H           -4.74492693689901       -0.27130342235813       -0.79574138419560
H           -3.29345929189049        0.50417938956567       -1.45655088063699
H           -3.39330593394257       -1.30644915078757        1.03089350031238
H           -3.23430674819136        0.46755661061153        1.06624193761805
H            1.13419017298538        2.20927531763339       -0.11079688665171
H            3.56338792159971        1.76313883513900       -0.31630840986065
H            4.40205840292911       -0.57094701052046       -0.25529035077051
H            2.81036918742371       -2.45312660381168        0.01310155769081
H            0.39116689230510       -2.01069834252217        0.22148838234661
