27
 energy: -44.043127066986 gnorm: 0.040492543988 xtb: 6.7.1 (edcfbbe)
C           -2.75941238040921       -2.11420657766696        1.44793867076626
C           -3.41561974575826       -0.88464405460075        0.81266779884249
C           -2.78992565237219       -0.36021676219657       -0.48497646613102
H           -3.39657294342760        0.49273523752492       -0.79705002087375
C           -2.81385392829072       -1.34962845950402       -1.64467454235217
N           -1.44786291998812        0.26442443244225       -0.23281376875489
C           -0.25490166833375       -0.48590507296932       -0.30285473262133
O           -0.27215504955578       -1.69758091979629       -0.49931358382542
C            0.95656403369101        0.28730403554800       -0.13590624525967
C            0.94764579852345        1.61515041293105        0.15901566343366
N           -0.26979483963051        2.22197692429430        0.28344189078182
C           -1.48983387341821        1.60028553486681        0.13509245405036
O           -2.53198527647496        2.23163514550785        0.31476002121089
C            2.14905706082997        2.46163701992141        0.38323732816377
Br           2.59737348477360       -0.65309446273354       -0.28103731182406
H           -3.37226273837236       -2.45061194370000        2.28764211874706
H           -2.68605007713503       -2.95269752955355        0.74098129191142
H           -1.75254589427575       -1.89080318832504        1.82686218673766
H           -4.46597307743701       -1.11020965402841        0.57617604593717
H           -3.42834893179694       -0.06136267850174        1.54098911492256
H           -2.23786541770013       -0.97457290985164       -2.49799180076302
H           -2.44239442500075       -2.33978956450537       -1.38427747109843
H           -3.85732667431367       -1.44276011883626       -1.96416963143491
H           -0.31017488266730        3.20234608554706        0.53698889375985
H            2.84498731864249        2.36607849743966       -0.45364369866010
H            2.67278338722310        2.13229407801832        1.28701442878401
H            1.87386684375332        3.51120693691306        0.50061174948609
27
 energy: -44.045257858874 gnorm: 0.012650774568 xtb: 6.7.1 (edcfbbe)
C           -2.75573281079380       -2.10564310670051        1.44205065224025
C           -3.41463889919799       -0.88423526506653        0.81155832397629
C           -2.78909964103887       -0.34864851409500       -0.48224405855107
H           -3.39230397336084        0.51471974244464       -0.78432768228868
C           -2.80390046947793       -1.34005135267518       -1.63766725038235
N           -1.45233426399909        0.25958499479721       -0.23258235693351
C           -0.26783615809984       -0.48681620256048       -0.30459023283267
O           -0.27811383472718       -1.68861461747308       -0.50113451301930
C            0.94132294502730        0.28850572532304       -0.12668745114551
C            0.93522288027590        1.61407729229610        0.16738353728346
N           -0.28122626732650        2.21548935055275        0.28661064634661
C           -1.49234540972337        1.58872459167974        0.12942231687449
O           -2.52927430836495        2.21148960775109        0.29446640763990
C            2.14229130501665        2.45250199018563        0.38244065936846
Br           2.57366619132688       -0.66737155986158       -0.28570782034364
H           -3.35289056827612       -2.44120199104293        2.28848825354243
H           -2.68043530910318       -2.92900685407842        0.73355788705952
H           -1.75192944848039       -1.87855062649194        1.80039724851233
H           -4.45605010423145       -1.12396537811642        0.57803855103242
H           -3.42578249803205       -0.06630541035124        1.53900016232390
H           -2.22834074735507       -0.95949271057470       -2.48033291068574
H           -2.40499504283884       -2.31233401897420       -1.36508130960742
H           -3.83887695557378       -1.46020059921651       -1.95809064677928
H           -0.32722532898194        3.19789714846621        0.53724894817599
H            2.83447265272693        2.34661508202917       -0.45185160240641
H            2.66927379890854        2.12253392013659        1.27838266264683
H            1.87449979677969        3.49928920580174        0.49596196188901
27
 energy: -44.045725248002 gnorm: 0.005736851518 xtb: 6.7.1 (edcfbbe)
C           -2.74186916222387       -2.09571968431197        1.43433948410814
C           -3.41888951280250       -0.88184565646989        0.81189790259884
C           -2.79100390413137       -0.34209349052791       -0.48040136016210
H           -3.39899017549238        0.52102601066820       -0.77950319931224
C           -2.79344408583907       -1.33330734009478       -1.63524937843744
N           -1.46068116612871        0.25763845625107       -0.22686239578130
C           -0.28285997669244       -0.48982033902373       -0.29822634033003
O           -0.28458497500822       -1.68766672166018       -0.49906109778045
C            0.92665450242979        0.28831351677120       -0.11920010199043
C            0.92548097685173        1.61264392530905        0.17335024897151
N           -0.28970487841527        2.21326860779636        0.29212149201495
C           -1.49754776074563        1.58637126813544        0.12709107466564
O           -2.53257872632715        2.20980482436097        0.28051422762012
C            2.13881699328888        2.44196294181323        0.38228987279917
Br           2.55247278136147       -0.68073644848203       -0.28600131105766
H           -3.32398178644382       -2.43009988768976        2.28935415389575
H           -2.67207375146896       -2.91534604152000        0.72725327988778
H           -1.73681314547933       -1.86217909785460        1.77659845004469
H           -4.45333254491074       -1.13431763035055        0.57523647713811
H           -3.43624857591112       -0.06483259232764        1.53740130180332
H           -2.22537068468690       -0.94075008761577       -2.47443517974999
H           -2.36529805893137       -2.29034509313739       -1.35474387380336
H           -3.82315738254307       -1.48185413861376       -1.95151921273858
H           -0.33850139475420        3.19684293595590        0.53993785745014
H            2.82501913560129        2.32426057671491       -0.45395420265493
H            2.66723147022536        2.10885414128111        1.27403975095388
H            1.87867332025632        3.48891748880766        0.49244246378278
27
 energy: -44.045892620170 gnorm: 0.004215440742 xtb: 6.7.1 (edcfbbe)
C           -2.72946753370477       -2.08844600348184        1.43194493795420
C           -3.42286578687908       -0.88302065455763        0.81014448860829
C           -2.79502455450055       -0.33777495028812       -0.48135854200310
H           -3.40748677654780        0.52266984015067       -0.78086994053609
C           -2.78850085107738       -1.32898184391401       -1.63670156895989
N           -1.46825738563063        0.25856344592765       -0.22275436442755
C           -0.29379197355756       -0.49086600967553       -0.29377975493471
O           -0.28863010167577       -1.68902254937704       -0.49239795605023
C            0.91711756594402        0.28673196627552       -0.11131817504857
C            0.92007817822972        1.61075536888707        0.17920263583765
N           -0.29420366625427        2.21353873083222        0.29793129114002
C           -1.50186577046154        1.58921322533932        0.12555811984000
O           -2.53668624513074        2.21688624834314        0.26855416609908
C            2.13837696355680        2.43347687904589        0.38296061848133
Br           2.53913013432061       -0.68996304764466       -0.28040374500943
H           -3.29576396184980       -2.42258111839396        2.29782307290905
H           -2.66470291295226       -2.90986235326199        0.72696553239383
H           -1.72102000024736       -1.84426685118055        1.75745471785345
H           -4.45318741280833       -1.14802182971295        0.57223944538728
H           -3.44916525606599       -0.06554821298350        1.53440007460375
H           -2.23314415861580       -0.92262247725550       -2.47801322513860
H           -2.33605162219498       -2.27540963513014       -1.35751061815297
H           -3.81589086696934       -1.50102091643525       -1.94558715464824
H           -0.34400948844025        3.19786740253420        0.54270157381021
H            2.81972711571978        2.30643334528931       -0.45600133761804
H            2.66733857087995        2.09809074899913        1.27328184416023
H            1.88536532799202        3.48217169585362        0.49024424738535
27
 energy: -44.045995417017 gnorm: 0.003316196026 xtb: 6.7.1 (edcfbbe)
C           -2.71553144404817       -2.08064578726650        1.43128142859333
C           -3.42765142312192       -0.88634339163873        0.80735558834011
C           -2.80007343286658       -0.33577152910886       -0.48299483717684
H           -3.41540342778123        0.52229199611113       -0.78308500661504
C           -2.78739674424862       -1.32470173120853       -1.64102071452158
N           -1.47516598119234        0.25978938953836       -0.21914081549960
C           -0.30258452508385       -0.49167470491069       -0.28604456726165
O           -0.29130888268750       -1.69094105901689       -0.48276530176991
C            0.91016146632554        0.28426066039728       -0.10338661839392
C            0.91664680293511        1.60840118742119        0.18475231345583
N           -0.29702679781954        2.21414466994898        0.30369946201440
C           -1.50534019862110        1.59359802018038        0.12223948857117
O           -2.54015243914167        2.22608109428204        0.25382268738607
C            2.13915207656604        2.42549309253028        0.38485886022403
Br           2.52908825926690       -0.69791845747178       -0.27061541206553
H           -3.26447519256790       -2.41203081243460        2.30973158099018
H           -2.65523810973059       -2.90864518115600        0.73223093638432
H           -1.70373704711261       -1.82395866109768        1.73898342661863
H           -4.45383295503218       -1.16657923207384        0.56744374555640
H           -3.46718465943118       -0.06760887130913        1.53029213573883
H           -2.25270676899257       -0.90175799894134       -2.48913614446463
H           -2.30943428791529       -2.26095471423053       -1.37031226883774
H           -3.81417708277934       -1.52031061733310       -1.93678537125784
H           -0.34753829526998        3.19911965373410        0.54521216339044
H            2.81670381199196        2.29066065091882       -0.45631380039406
H            2.66823431070909        2.08860718263584        1.27491087997093
H            1.89339049872818        3.47638559568484        0.48949654496001
27
 energy: -44.046037154302 gnorm: 0.002590441319 xtb: 6.7.1 (edcfbbe)
C           -2.70803037068615       -2.07650449915659        1.43301896700127
C           -3.42912823800118       -0.88988137885102        0.80491329040380
C           -2.80286090279854       -0.33592290109179       -0.48440064343251
H           -3.41820699511373        0.52204332568488       -0.78352988769156
C           -2.79024508939942       -1.32222129952758       -1.64476744853582
N           -1.47731751799028        0.26041350459381       -0.21950362596702
C           -0.30482634683669       -0.49168009923413       -0.28365752273311
O           -0.29263128854028       -1.69199489320366       -0.47773020022139
C            0.90890965949402        0.28220707119837       -0.09926488636799
C            0.91641187249277        1.60670445638095        0.18750078823253
N           -0.29712401142459        2.21405357523221        0.30549041577518
C           -1.50594902345860        1.59583858362492        0.11874987356609
O           -2.54057310838208        2.23044137431534        0.24426131091937
C            2.13991868635418        2.42230125088385        0.38735143986349
Br           2.52659773965620       -0.70151965963690       -0.26231412365775
H           -3.24895122565159       -2.40419473096997        2.31756123951157
H           -2.64833094472345       -2.91007577812674        0.73944529535886
H           -1.69558445018890       -1.81302625586419        1.73243543884042
H           -4.45264522791945       -1.17941302501320        0.56298188613979
H           -3.47844869579001       -0.07034827164730        1.52692640584441
H           -2.27234350217855       -0.88973983690270       -2.49924870832579
H           -2.29772352314257       -2.25303273135753       -1.38306032313389
H           -3.81796193225605       -1.52988548071986       -1.92883887217395
H           -0.34780959897937        3.19937230442507        0.54511742484093
H            2.81728005238074        2.28541239945187       -0.45372524004901
H            2.66829812271059        2.08554983530752        1.27821400682959
H            1.89669339145162        3.47409360438935        0.49078408309885
27
 energy: -44.046065274323 gnorm: 0.001771693599 xtb: 6.7.1 (edcfbbe)
C           -2.70226570416911       -2.07309894582449        1.43580581389759
C           -3.42906388682203       -0.89326813240908        0.80251148028252
C           -2.80459748418542       -0.33674674890760       -0.48578815729939
H           -3.41895529784914        0.52235575574815       -0.78255467029340
C           -2.79511097212304       -1.32025383066871       -1.64828975744658
N           -1.47740294477252        0.26046776548125       -0.22174268804692
C           -0.30455752711704       -0.49195943576708       -0.28263112328357
O           -0.29417226523261       -1.69264026404609       -0.47672039406499
C            0.90975815701745        0.28008564543254       -0.09712756847213
C            0.91727848839401        1.60495710068080        0.18892672739853
N           -0.29619754349533        2.21326090483629        0.30469168860668
C           -1.50539277903872        1.59677860552448        0.11447645330210
O           -2.53954030524666        2.23260853961897        0.23555095083352
C            2.14031206351903        2.42069504714812        0.39121726650351
Br           2.52680768487353       -0.70407588455733       -0.25485454516570
H           -3.23938252989889       -2.39661695076548        2.32367049192283
H           -2.64083755098555       -2.91145695600467        0.74757895131356
H           -1.69036830699438       -1.80460933449852        1.73085481231111
H           -4.44991798617030       -1.19063713193424        0.55799409209739
H           -3.48739217914640       -0.07316887843159        1.52347631018269
H           -2.29458590342410       -0.88026841623331       -2.50927088093500
H           -2.28972366604089       -2.24629119298462       -1.39596576061010
H           -3.82451736133493       -1.53769535770395       -1.91922413772444
H           -0.34665578340563        3.19891749458104        0.54273162599702
H            2.81976176304860        2.28433179276013       -0.44821554186736
H            2.66704651366777        2.08467947124184        1.28354356997759
H            1.89709083801093        3.47263978186810        0.49406537451930
27
 energy: -44.046078955183 gnorm: 0.001367439427 xtb: 6.7.1 (edcfbbe)
C           -2.69748526295492       -2.07005896295184        1.43863009916514
C           -3.42773669881400       -0.89517583280791        0.80099615996871
C           -2.80522119433448       -0.33748530856375       -0.48697272447648
H           -3.41868749292808        0.52331623718865       -0.78043405478080
C           -2.80071227248256       -1.31900373416055       -1.65079844652689
N           -1.47626090071171        0.25996030241866       -0.22605276007717
C           -0.30296110696720       -0.49249375419025       -0.28564112607369
O           -0.29586329552718       -1.69300947440888       -0.48034139874394
C            0.91126202883646        0.27804622056990       -0.09645046561522
C            0.91820256500385        1.60310796738304        0.18961392582367
N           -0.29512679579666        2.21188732706141        0.30085354960522
C           -1.50448634356277        1.59629486932947        0.10925106457663
O           -2.53786226957589        2.23285558749736        0.22802525185272
C            2.13985171534625        2.41983306693342        0.39679761717967
Br           2.52821986232253       -0.70641525474276       -0.24870718188346
H           -3.23463611748953       -2.39107796556597        2.32712972267858
H           -2.63237032658241       -2.91067795623564        0.75383092183948
H           -1.68686452152807       -1.79768955275231        1.73327518642567
H           -4.44618406161556       -1.19845568808417        0.55437487049731
H           -3.49236110885175       -0.07470989432274        1.52068288740359
H           -2.31609045775767       -0.87366171581892       -2.51720300292973
H           -2.28415799444723       -2.24060041139034       -1.40617668049653
H           -3.83174965009283       -1.54492776865726       -1.90853938112338
H           -0.34484775117318        3.19792367217301        0.53764060320690
H            2.82344438885428        2.28539884690279       -0.43956518768542
H            2.66351602511927        2.08448604753083        1.29112334585642
H            1.89458656878962        3.47132357384969        0.49936758826940
27
 energy: -44.046085250458 gnorm: 0.000695596488 xtb: 6.7.1 (edcfbbe)
C           -2.69565949643150       -2.06887979782651        1.43890195756847
C           -3.42663983996453       -0.89416634825105        0.80141454559961
C           -2.80510293282936       -0.33714940460732       -0.48753095002636
H           -3.41920009573848        0.52359239282543       -0.78042852760732
C           -2.80214922256042       -1.31936957488223       -1.65080765711181
N           -1.47622479248613        0.25967346997862       -0.22778872291610
C           -0.30294691828251       -0.49303906414937       -0.28743800585977
O           -0.29616544103209       -1.69296045231608       -0.48449882092495
C            0.91090894385486        0.27774398745159       -0.09736247610901
C            0.91781656301419        1.60262831202348        0.18927385639470
N           -0.29533444044281        2.21162688137632        0.29791900018462
C           -1.50472737132679        1.59580414430178        0.10716845375522
O           -2.53777960985580        2.23282729544986        0.22619199698276
C            2.13913546392919        2.41906918660407        0.39973970623326
Br           2.52814328322470       -0.70725423881331       -0.24789958813846
H           -3.23426697234353       -2.39187956766797        2.32605230782452
H           -2.62809255684849       -2.90803179844086        0.75302206498933
H           -1.68592755642262       -1.79516962745968        1.73594591608128
H           -4.44483281741636       -1.19807595772972        0.55546990030185
H           -3.49073665608120       -0.07351572397559        1.52060413088685
H           -2.32093879344215       -0.87327783283634       -2.51819603743261
H           -2.28279839220118       -2.23950577931930       -1.40672345414781
H           -3.83313326587781       -1.54809965035558       -1.90518018148622
H           -0.34447686410624        3.19777272349469        0.53457428246197
H            2.82476413462613        2.28514558482748       -0.43503923353488
H            2.66063491028021        2.08312983206859        1.29497370511876
H            1.89314826783925        3.47035145241394        0.50235221484850
27
 energy: -44.046091254998 gnorm: 0.000797715422 xtb: 6.7.1 (edcfbbe)
C           -2.69215674239081       -2.06695345876814        1.43899079860329
C           -3.42489303221333       -0.89242284455939        0.80262528948462
C           -2.80532412328811       -0.33684116770945       -0.48834545142491
H           -3.42074513374545        0.52318632736943       -0.78100352201819
C           -2.80478227110529       -1.32035909274821       -1.65075922683534
N           -1.47667201742557        0.25981179170428       -0.23155296022070
C           -0.30324072453386       -0.49311592786485       -0.29266376484598
O           -0.29613642782346       -1.69274147735619       -0.49048195161459
C            0.91008601526589        0.27735258570097       -0.09818426159024
C            0.91712412724790        1.60205106277968        0.18908103633609
N           -0.29578081014777        2.21193331827266        0.29293682071799
C           -1.50530526519125        1.59573215415580        0.10307315439510
O           -2.53799624452122        2.23330794073291        0.22315067593937
C            2.13826382196482        2.41748603984705        0.40463210949649
Br           2.52771307530087       -0.70871525119358       -0.24449119993195
H           -3.23348533379127       -2.39497186489553        2.32284409757589
H           -2.61912669937193       -2.90321748759915        0.75033545474230
H           -1.68458231416060       -1.79065130952687        1.74159053520054
H           -4.44337217407942       -1.19670520824435        0.55895550430662
H           -3.48716849020888       -0.07116523876097        1.52112359466040
H           -2.32946770367453       -0.87300148426065       -2.52072582842999
H           -2.28058825104564       -2.23815809925969       -1.40797095209913
H           -3.83592409092591       -1.55373971398691       -1.89927296071401
H           -0.34412707641497        3.19815622461221        0.52954054529707
H            2.82719169503688        2.28365415626130       -0.42747894581799
H            2.65564243868931        2.08028584272430        1.30171191389674
H            1.89227128363215        3.46879262675823        0.50704987882689
27
 energy: -44.046094070647 gnorm: 0.000694537792 xtb: 6.7.1 (edcfbbe)
C           -2.68879667922030       -2.06525032386585        1.43914151714293
C           -3.42332205133823       -0.89170139255406        0.80304377415191
C           -2.80614811094826       -0.33662711030939       -0.48944214978151
H           -3.42230896054394        0.52285301232451       -0.78209854111104
C           -2.80733544714967       -1.32117706073999       -1.65109255224427
N           -1.47740280663450        0.26017836900496       -0.23385800102233
C           -0.30398922215939       -0.49312407292337       -0.29364160366058
O           -0.29625504953779       -1.69237026645403       -0.49409531255901
C            0.90929299110631        0.27709968340420       -0.09851457495828
C            0.91661719521536        1.60176410260220        0.18892075075278
N           -0.29616711125187        2.21253223428473        0.28995129847958
C           -1.50578434827479        1.59626722052624        0.10011376683240
O           -2.53846354142373        2.23424539561727        0.21947306205120
C            2.13792564778308        2.41593552748332        0.40821546702317
Br           2.52678310053528       -0.70987965642541       -0.24113424887490
H           -3.23139245268395       -2.39740397295076        2.32074051923609
H           -2.61084351738322       -2.89968399880010        0.74860506482180
H           -1.68294937746883       -1.78608806864999        1.74524452013776
H           -4.44220831083312       -1.19650413787663        0.56146984810288
H           -3.48476165116844       -0.06985215379967        1.52110004180253
H           -2.33719133349818       -0.87286419809649       -2.52352182769215
H           -2.27915295249551       -2.23709903106308       -1.41029207469534
H           -3.83869061043697       -1.55804459526514       -1.89505184644382
H           -0.34431662666239        3.19881235391014        0.52625342330606
H            2.82904977979049        2.28169635022561       -0.42197797048698
H            2.65231468645940        2.07777121413121        1.30672870975737
H            1.89291429130170        3.46750502044446        0.51042932386815
27
 energy: -44.046095596060 gnorm: 0.000397419319 xtb: 6.7.1 (edcfbbe)
C           -2.68630909730577       -2.06411774922569        1.43899149055941
C           -3.42238380199592       -0.89141957423518        0.80331992810620
C           -2.80687751702528       -0.33672439765130       -0.49002903030627
H           -3.42335289320728        0.52252323066038       -0.78246050222618
C           -2.80895109624077       -1.32161556649269       -1.65132044160711
N           -1.47789731225748        0.26060935572387       -0.23584265755474
C           -0.30466977085339       -0.49271862800975       -0.29515530150172
O           -0.29671818607451       -1.69204729029361       -0.49542803236472
C            0.90876126837086        0.27686444221311       -0.09797355084429
C            0.91626458560098        1.60155336174373        0.18935821368002
N           -0.29646309728959        2.21289519002599        0.28881512183362
C           -1.50601131272056        1.59685353338451        0.09795974815908
O           -2.53880547383196        2.23476295220270        0.21661261399317
C            2.13777439752205        2.41492682155472        0.41018102280642
Br           2.52578565825311       -0.71085696375343       -0.23835450874122
H           -3.22956228925435       -2.39879450383657        2.31917116906354
H           -2.60506184398091       -2.89751997796427        0.74751216416584
H           -1.68162165560722       -1.78304144014141        1.74719367553909
H           -4.44158816692115       -1.19663707198815        0.56318361303652
H           -3.48341625552141       -0.06919882605645        1.52113589222312
H           -2.34126910399778       -0.87316460457527       -2.52490934138604
H           -2.27910370198503       -2.23669984575101       -1.41164981696581
H           -3.84045286933553       -1.55976574395766       -1.89313911730906
H           -0.34490210925767        3.19916967464910        0.52498837527987
H            2.83000380782972        2.28002689440837       -0.41895649632955
H            2.65058758849014        2.07639472065807        1.30948585965298
H            1.89365777967519        3.46673245089276        0.51202029297425
27
 energy: -44.046096251738 gnorm: 0.000149019145 xtb: 6.7.1 (edcfbbe)
C           -2.68420687286141       -2.06320108884953        1.43902960620134
C           -3.42163558286087       -0.89147492213917        0.80332752577380
C           -2.80752688960244       -0.33674341368837       -0.49054422432534
H           -3.42424231585770        0.52239828551410       -0.78261460777520
C           -2.81005497668855       -1.32163878979252       -1.65174359995030
N           -1.47831201791710        0.26095470474391       -0.23718258158647
C           -0.30540113060886       -0.49249322835180       -0.29576175572951
O           -0.29740261926168       -1.69188034340730       -0.49606282998903
C            0.90828296130964        0.27655099444256       -0.09733325157464
C            0.91593768234406        1.60124678598636        0.18993906346272
N           -0.29672424464506        2.21295634226053        0.28864855834734
C           -1.50618024054647        1.59740449374379        0.09645162682420
O           -2.53902654900592        2.23544920685592        0.21373719383346
C            2.13763987426140        2.41409262201356        0.41144424583242
Br           2.52478317273657       -0.71182470067100       -0.23633435591290
H           -3.22756236389984       -2.39931435817343        2.31852016038771
H           -2.60073583588597       -2.89608972283550        0.74718846548811
H           -1.68036712053095       -1.78052798395211        1.74833271839168
H           -4.44083316033875       -1.19755495530466        0.56402737191888
H           -3.48294453608444       -0.06904700594166        1.52095736602522
H           -2.34376534138626       -0.87270216100083       -2.52600811254035
H           -2.27907149116606       -2.23633825539611       -1.41251767497090
H           -3.84185815047720       -1.56064556309435       -1.89231174743758
H           -0.34555522129429        3.19925740708719        0.52461973296434
H            2.83041361379518        2.27850521155009       -0.41711751956243
H            2.64963466198444        2.07557913315311        1.31124256443810
H            1.89413222556701        3.46607174943208        0.51277644540175
27
 energy: -44.046096560106 gnorm: 0.000311837923 xtb: 6.7.1 (edcfbbe)
C           -2.68283421002971       -2.06265984382944        1.43922226419551
C           -3.42111680756660       -0.89151396972467        0.80342778740857
C           -2.80781671422325       -0.33681312179196       -0.49077894274578
H           -3.42457151924939        0.52237635306114       -0.78254837593608
C           -2.81090474950640       -1.32163743693751       -1.65201648142472
N           -1.47844042164959        0.26106075663404       -0.23802406350842
C           -0.30568382227300       -0.49246620932646       -0.29623970685344
O           -0.29776834851729       -1.69184406732274       -0.49676482418218
C            0.90811003795954        0.27632179672670       -0.09716530672254
C            0.91576461323857        1.60098548973398        0.19023123494266
N           -0.29687082427695        2.21285055013685        0.28851048003739
C           -1.50627492330365        1.59765632330901        0.09540682245029
O           -2.53909850393381        2.23583399803638        0.21186999677919
C            2.13744738814859        2.41372005177049        0.41231421307909
Br           2.52441339136596       -0.71227093411291       -0.23544429269899
H           -3.22657423264555       -2.39976247128014        2.31807917737567
H           -2.59772661236175       -2.89518752344387        0.74713181001861
H           -1.67960317225961       -1.77895922846964        1.74956642756862
H           -4.44026026277907       -1.19815337707928        0.56460808352151
H           -3.48254976651763       -0.06895560510634        1.52090000518898
H           -2.34400172575899       -0.87341829999589       -2.52610505115740
H           -2.28123558669447       -2.23683659450445       -1.41284759731280
H           -3.84266797745245       -1.55949521380554       -1.89302997197797
H           -0.34590823222466        3.19915403116748        0.52445692002218
H            2.83069908615229        2.27784417565864       -0.41580098617603
H            2.64887838637068        2.07540771193660        1.31251792722630
H            1.89401304106666        3.46575310274439        0.51323283481820
27
 energy: -44.046096897520 gnorm: 0.000251125188 xtb: 6.7.1 (edcfbbe)
C           -2.68163502243548       -2.06212085134581        1.43953304339793
C           -3.42090287727001       -0.89171103902860        0.80342730953338
C           -2.80805245285907       -0.33676670146361       -0.49090011234943
H           -3.42498285740345        0.52241006448526       -0.78234312116076
C           -2.81145113328764       -1.32144610011843       -1.65227906006953
N           -1.47866251619387        0.26111950396023       -0.23846142375934
C           -0.30602640383602       -0.49254499581137       -0.29660662559859
O           -0.29825623750196       -1.69183420475374       -0.49754227523301
C            0.90785763900575        0.27604022822747       -0.09706739384459
C            0.91560696363057        1.60065715223049        0.19048763554607
N           -0.29697755060726        2.21268134337498        0.28842405386875
C           -1.50640605767326        1.59782592970376        0.09461205985238
O           -2.53909440203529        2.23632129623796        0.21027686088939
C            2.13727841876212        2.41333720816102        0.41300270089014
Br           2.52407577889937       -0.71273671427503       -0.23497049707925
H           -3.22548511703548       -2.39981838593944        2.31811402166615
H           -2.59527243939192       -2.89454130585211        0.74748281815260
H           -1.67883359575435       -1.77735254363346        1.75038824250034
H           -4.43975111912422       -1.19931263003834        0.56464729007975
H           -3.48300104514633       -0.06905263762790        1.52072221773838
H           -2.34392104101434       -0.87334139953676       -2.52612186190906
H           -2.28232072791804       -2.23708856928304       -1.41306548033628
H           -3.84335846928448       -1.55862538836111       -1.89367045623774
H           -0.34599346914152        3.19901424902185        0.52429198716870
H            2.83095297862730        2.27716875923608       -0.41471099569712
H            2.64820908021871        2.07529514470761        1.31357957079475
H            1.89382120684864        3.46541303190687        0.51345987513243
27
 energy: -44.046097431802 gnorm: 0.000147912078 xtb: 6.7.1 (edcfbbe)
C           -2.67950622629667       -2.06103181858122        1.44038031987213
C           -3.42061668440331       -0.89225326041048        0.80336528348372
C           -2.80836203645463       -0.33672016855478       -0.49106703380046
H           -3.42563099466701        0.52242610302603       -0.78193366725274
C           -2.81230144130791       -1.32100185883854       -1.65282317077315
N           -1.47907545696178        0.26111203430456       -0.23889961768895
C           -0.30651751920897       -0.49274836454876       -0.29742585476711
O           -0.29902902168387       -1.69181458328025       -0.49947620800246
C            0.90741147846439        0.27558183862475       -0.09712643819600
C            0.91532766880048        1.60010266428991        0.19079601008039
N           -0.29716046423164        2.21236999347815        0.28815028844923
C           -1.50668108741385        1.59793725049141        0.09351670557213
O           -2.53910261251620        2.23710518952669        0.20779680896643
C            2.13691614924308        2.41268429647625        0.41427335222478
Br           2.52353738831033       -0.71352955537282       -0.23476458475154
H           -3.22347844289955       -2.39968828343618        2.31854371787192
H           -2.59073698714361       -2.89334560477350        0.74854430933988
H           -1.67760405622649       -1.77409648456371        1.75216873449837
H           -4.43869515196576       -1.20195793812682        0.56426615043782
H           -3.48449519297909       -0.06948864646331        1.52034327368609
H           -2.34271522392044       -0.87342175805243       -2.52593767804975
H           -2.28528007633364       -2.23786635906906       -1.41313535806240
H           -3.84447847542786       -1.55608416729559       -1.89555749369553
H           -0.34591023349763        3.19877784117972        0.52379170607016
H            2.83155150749708        2.27593735936056       -0.41253682736953
H            2.64669815898589        2.07516831972937        1.31568018157352
H            1.89335256531713        3.46483640506489        0.51377747421947
27
 energy: -44.046097702820 gnorm: 0.000154747462 xtb: 6.7.1 (edcfbbe)
C           -2.67779244654998       -2.05998507925261        1.44100372030283
C           -3.42071068704384       -0.89272809142257        0.80321228295981
C           -2.80871808828732       -0.33668964947296       -0.49116797693619
H           -3.42617998350907        0.52242676682899       -0.78172404493303
C           -2.81282934591228       -1.32077603106517       -1.65312010381342
N           -1.47949023370564        0.26113928134215       -0.23915696911380
C           -0.30693262801964       -0.49280663371049       -0.29821326022703
O           -0.29961348620886       -1.69168804500990       -0.50122380136117
C            0.90700572972096        0.27530648783217       -0.09733443208467
C            0.91506762291069        1.59975777557786        0.19091824130152
N           -0.29733818662290        2.21222748873624        0.28789993490824
C           -1.50694103698688        1.59800172640659        0.09284619991838
O           -2.53920585911838        2.23744673344309        0.20680572276089
C            2.13667545936557        2.41207516366133        0.41520809190481
Br           2.52309464182967       -0.71400485129814       -0.23479558330036
H           -3.22173935734274       -2.39946086021166        2.31887709406272
H           -2.58692281303052       -2.89233798585494        0.74947454030492
H           -1.67663806233371       -1.77104192341439        1.75346524300722
H           -4.43815662019094       -1.20423160050274        0.56374428454485
H           -3.48621170617483       -0.06977788998184        1.51982207517131
H           -2.34143560204490       -0.87375226393067       -2.52554071942450
H           -2.28749283359196       -2.23857214707410       -1.41302148740878
H           -3.84509549210832       -1.55413794021772       -1.89722810070436
H           -0.34582385098963        3.19865934052351        0.52345650362911
H            2.83214267951577        2.27473992328654       -0.41079759859238
H            2.64539562526158        2.07485488085578        1.31732634821371
H            1.89330409224658        3.46434586811049        0.51397417884578
27
 energy: -44.046097747647 gnorm: 0.000259063651 xtb: 6.7.1 (edcfbbe)
C           -2.67607866680330       -2.05893833992400        1.44162712073352
C           -3.42080468968437       -0.89320292243465        0.80305928243591
C           -2.80907414012001       -0.33665913039115       -0.49126892007191
H           -3.42672897235113        0.52242743063195       -0.78151442261332
C           -2.81335725051665       -1.32055020329180       -1.65341703685368
N           -1.47990501044950        0.26116652837974       -0.23941432053864
C           -0.30734773683031       -0.49286490287223       -0.29900066568695
O           -0.30019795073384       -1.69156150673954       -0.50297139471987
C            0.90659998097752        0.27503113703959       -0.09754242597335
C            0.91480757702090        1.59941288686580        0.19104047252265
N           -0.29751590901416        2.21208498399432        0.28764958136726
C           -1.50720098655992        1.59806620232178        0.09217569426462
O           -2.53930910572056        2.23778827735949        0.20581463655535
C            2.13643476948807        2.41146603084641        0.41614283158483
Br           2.52265189534902       -0.71448014722346       -0.23482658184918
H           -3.22000027178593       -2.39923343698714        2.31921047025352
H           -2.58310863891743       -2.89133036693639        0.75040477126997
H           -1.67567206844093       -1.76798736226508        1.75476175151607
H           -4.43761808841612       -1.20650526287867        0.56322241865189
H           -3.48792821937058       -0.07006713350037        1.51930087665654
H           -2.34015598016937       -0.87408276980890       -2.52514376079924
H           -2.28970559085029       -2.23927793507914       -1.41290761675517
H           -3.84571250878877       -1.55219171313985       -1.89889870771320
H           -0.34573746848163        3.19854083986730        0.52312130118807
H            2.83273385153447        2.27354248721251       -0.40905836981524
H            2.64409309153727        2.07454144198219        1.31897251485390
H            1.89325561917604        3.46385533115610        0.51417088347209
27
 energy: -44.046097904290 gnorm: 0.000119426654 xtb: 6.7.1 (edcfbbe)
C           -2.67605303112069       -2.05868860453194        1.44169427414656
C           -3.42077853015031       -0.89314566645977        0.80296076500480
C           -2.80909748376163       -0.33672466806933       -0.49142000789296
H           -3.42666182671157        0.52239994360469       -0.78172262817511
C           -2.81335522748550       -1.32061630326643       -1.65355296266591
N           -1.47989322885922        0.26110312966629       -0.23940837852044
C           -0.30729524707508       -0.49283534540154       -0.29915665151986
O           -0.30004534599097       -1.69154184672021       -0.50311964525320
C            0.90661041677794        0.27506350828806       -0.09757218843528
C            0.91476147644709        1.59944978794813        0.19102268228190
N           -0.29758306217208        2.21208487778051        0.28770538504941
C           -1.50724552253527        1.59788543037397        0.09267158724015
O           -2.53948021578921        2.23745686451506        0.20655020466072
C            2.13643047422624        2.41142399577013        0.41612090153370
Br           2.52262645309638       -0.71443852499917       -0.23491316630068
H           -3.21994640973078       -2.39904265742889        2.31925533970511
H           -2.58283080887056       -2.89105887586009        0.75049465352808
H           -1.67575934689212       -1.76750566596888        1.75484933701867
H           -4.43751601186691       -1.20659961910156        0.56308153705028
H           -3.48813081942249       -0.07002438457261        1.51919589708290
H           -2.34012124959214       -0.87432009803056       -2.52534345962332
H           -2.28983689146056       -2.23928492559675       -1.41292093189554
H           -3.84569325215504       -1.55227880816414       -1.89901142213766
H           -0.34585991594449        3.19854971973549        0.52314507228740
H            2.83278902776297        2.27334886637522       -0.40900149020030
H            2.64396984055841        2.07448009188384        1.31901615355363
H            1.89341326979608        3.46385022241534        0.51408952641338
27
 energy: -44.046098078668 gnorm: 0.000095181821 xtb: 6.7.1 (edcfbbe)
C           -2.67584950882632       -2.05800355003749        1.44182545639858
C           -3.42096840052709       -0.89305119812563        0.80261306907368
C           -2.80918180184576       -0.33681296612320       -0.49174164304011
H           -3.42655775776393        0.52235164721441       -0.78228168404741
C           -2.81327277088094       -1.32083583218595       -1.65371977581087
N           -1.47988566595412        0.26101010403648       -0.23956540476492
C           -0.30724859910081       -0.49280247393354       -0.29951502705177
O           -0.29983585491340       -1.69151692791544       -0.50361456043081
C            0.90660808518733        0.27510971533123       -0.09779215683669
C            0.91466933088352        1.59947523890348        0.19096375032281
N           -0.29770023102317        2.21203683847082        0.28789577656561
C           -1.50732805160512        1.59757225144842        0.09347501407633
O           -2.53975914923220        2.23664189473518        0.20859739405304
C            2.13641307856032        2.41129975230564        0.41608306081147
Br           2.52255402921292       -0.71440386561946       -0.23511789993197
H           -3.21970872198049       -2.39845401743072        2.31932075699473
H           -2.58197906955458       -2.89046993544842        0.75082195438286
H           -1.67584861893505       -1.76622417468150        1.75516909442031
H           -4.43753786454455       -1.20695732379444        0.56262033525010
H           -3.48883683923839       -0.06977948589913        1.51862328734804
H           -2.34014174504124       -0.87469855614873       -2.52567818385776
H           -2.28980816603002       -2.23936502315249       -1.41293500982011
H           -3.84555624901391       -1.55262211429225       -1.89909563186646
H           -0.34609056469313        3.19842285402750        0.52362740158068
H            2.83289117760119        2.27290543743959       -0.40887624238229
H            2.64370234082499        2.07436547894519        1.31913923939659
H            1.89367511951240        3.46379667611530        0.51386801310278
27
 energy: -44.046098079615 gnorm: 0.000260295310 xtb: 6.7.1 (edcfbbe)
C           -2.67564598653195       -2.05731849554305        1.44195663865060
C           -3.42115827090387       -0.89295672979149        0.80226537314256
C           -2.80926611992989       -0.33690126417707       -0.49206327818725
H           -3.42645368881628        0.52230335082413       -0.78284073991972
C           -2.81319031427638       -1.32105536110547       -1.65388658895584
N           -1.47987810304902        0.26091707840666       -0.23972243100940
C           -0.30720195112654       -0.49276960246554       -0.29987340258367
O           -0.29962636383584       -1.69149200911066       -0.50410947560841
C            0.90660575359673        0.27515592237440       -0.09801212523810
C            0.91457718531995        1.59950068985883        0.19090481836372
N           -0.29781739987425        2.21198879916113        0.28808616808180
C           -1.50741058067497        1.59725907252287        0.09427844091251
O           -2.54003808267519        2.23582692495529        0.21064458344535
C            2.13639568289441        2.41117550884115        0.41604522008924
Br           2.52248160532945       -0.71436920623974       -0.23532263356325
H           -3.21947103423019       -2.39786537743255        2.31938617428434
H           -2.58112733023861       -2.88988099503676        0.75114925523764
H           -1.67593789097798       -1.76494268339412        1.75548885182195
H           -4.43755971722219       -1.20731502848731        0.56215913344992
H           -3.48954285905428       -0.06953458722564        1.51805067761318
H           -2.34016224049034       -0.87507701426689       -2.52601290809220
H           -2.28977944059947       -2.23944512070823       -1.41294908774468
H           -3.84541924587278       -1.55296542042037       -1.89917984159525
H           -0.34632121344178        3.19829598831951        0.52410973087395
H            2.83299332743941        2.27246200850395       -0.40875099456427
H            2.64343484109158        2.07425086600654        1.31926232523954
H            1.89393696922873        3.46374312981526        0.51364649979218
27
 energy: -44.046098188626 gnorm: 0.000078308139 xtb: 6.7.1 (edcfbbe)
C           -2.67556328966017       -2.05719129570117        1.44200050840637
C           -3.42125184020496       -0.89286899270480        0.80219777567229
C           -2.80922866294679       -0.33681878216088       -0.49210840123505
H           -3.42648492955916        0.52236576453794       -0.78286410629676
C           -2.81319850540924       -1.32113112785859       -1.65383964941774
N           -1.47989108599701        0.26088123376550       -0.23979342302025
C           -0.30728989032945       -0.49291044502808       -0.29986503029980
O           -0.29982337538669       -1.69155887413701       -0.50435717496588
C            0.90658042319728        0.27501813843090       -0.09812198219785
C            0.91459703413623        1.59931383972381        0.19097152920528
N           -0.29778751481801        2.21178365853640        0.28828045850644
C           -1.50740226502735        1.59719798094932        0.09426714868891
O           -2.53993225667000        2.23587881001688        0.21062994604929
C            2.13634244008065        2.41115842627793        0.41609738955042
Br           2.52263041682631       -0.71426626786307       -0.23574788722564
H           -3.21956590365278       -2.39771681713103        2.31940909611438
H           -2.58088714396730       -2.88986536211807        0.75132930172277
H           -1.67581727913703       -1.76463169068393        1.75561970082747
H           -4.43758355288605       -1.20741281373042        0.56199823790824
H           -3.48975270386547       -0.06927919510901        1.51779070970043
H           -2.34010679139702       -0.87504023126328       -2.52580860970466
H           -2.28948449293438       -2.23956350396493       -1.41293694928942
H           -3.84547548913686       -1.55305821202408       -1.89924120928819
H           -0.34625315255228        3.19803093156075        0.52458477027743
H            2.83295323124333        2.27256254510133       -0.40871428894393
H            2.64348211620857        2.07442614719054        1.31931897192217
H            1.89361199492408        3.46368657957189        0.51361355126972
27
 energy: -44.046098228062 gnorm: 0.000044732032 xtb: 6.7.1 (edcfbbe)
C           -2.67551278946743       -2.05698938333475        1.44216532604083
C           -3.42125901379281       -0.89281691346332        0.80214542010843
C           -2.80915948647370       -0.33684962520707       -0.49219786059598
H           -3.42641575392267        0.52233455634144       -0.78297759049076
C           -2.81324570626703       -1.32112093568617       -1.65398002338787
N           -1.47985589610483        0.26078995057003       -0.23989191566243
C           -0.30723854161263       -0.49299425005661       -0.30004577824970
O           -0.29975566033027       -1.69164325487622       -0.50444882975993
C            0.90661397517450        0.27494979446474       -0.09818809503746
C            0.91461735601789        1.59920289267919        0.19105874204864
N           -0.29779067548637        2.21160471631413        0.28851449207906
C           -1.50740599396536        1.59707129138658        0.09433021946723
O           -2.53990305019795        2.23580097840635        0.21064516879880
C            2.13628563620563        2.41118323107237        0.41614904532116
Br           2.52266212183550       -0.71433668096315       -0.23610900591791
H           -3.21957805626337       -2.39751904893589        2.31954221330632
H           -2.58064081194640       -2.88967735255943        0.75154987062175
H           -1.67584041788704       -1.76425439241322        1.75588751317552
H           -4.43750721322740       -1.20753705573934        0.56186950822289
H           -3.48991982846570       -0.06919230453139        1.51767282170447
H           -2.34011792009908       -0.87509000616128       -2.52595196634625
H           -2.28957197968004       -2.23959543583010       -1.41307557872110
H           -3.84552698322462       -1.55303388919407       -1.89933413374782
H           -0.34626655894438        3.19779342853511        0.52506804484342
H            2.83290995136321        2.27263872272964       -0.40866017849498
H            2.64347119067000        2.07459258349091        1.31938851949564
H            1.89336963717079        3.46367882714637        0.51358443511444
