19
 energy: -311.011824535468 gnorm: 0.037432216455 xtb: 6.7.1 (edcfbbe)
C            2.48995825040337        0.78735224784890        0.33307824314760
C            1.24468030665155       -0.08957477163969        0.23290073890320
C            1.41216316032577       -1.13591894580336       -0.86692375108416
C            0.00695549400308        0.77094487074163       -0.04002973821774
C           -1.29568512797415        0.03251857911441        0.14150344266270
O           -1.39746421571925       -0.97829530953351        0.80911254645854
C           -2.46998493809452        0.65223717378902       -0.56059820544842
H            2.64552882397230        1.33016948658943       -0.59659792806437
H            2.39283698486033        1.50646289366755        1.14291660870646
H            3.36765192549230        0.17499647687755        0.52339455103193
H            1.09181714018381       -0.60949743447008        1.18501505982511
H            1.54995325708683       -0.65492563499021       -1.83311817991230
H            0.53417275223671       -1.77647969058721       -0.91636375850606
H            2.27822309580954       -1.76180412598070       -0.66711709519562
H            0.04878451572162        1.19401475322910       -1.04422901446273
H           -0.01754087890777        1.60508675141126        0.66716806349564
H           -2.46406733629189        1.73054205176685       -0.43470604799263
H           -2.38621762535740        0.43485909769270       -1.62372386561952
H           -3.39943785030638        0.22992389710189       -0.18885059158368
19
 energy: -311.012921645746 gnorm: 0.010590538029 xtb: 6.7.1 (edcfbbe)
C            2.49644066608156        0.78918324358597        0.33489634783964
C            1.25432821229493       -0.09335276121385        0.23285508125283
C            1.41754095909157       -1.14558871928866       -0.86478906499625
C            0.01072927356717        0.75935900021336       -0.03011089261969
C           -1.30690755161751        0.04189965978232        0.13976646887988
O           -1.41461784129744       -0.97595670537264        0.81085240490222
C           -2.48667439311250        0.65381483042025       -0.55881441141696
H            2.65244188184574        1.33720004334437       -0.59951750364733
H            2.40142254962214        1.51697258560792        1.14559996389311
H            3.38568073425548        0.18172409192344        0.52376477002673
H            1.10959224641571       -0.60835150555884        1.18984613891111
H            1.55609726410987       -0.65943222450454       -1.83560638657793
H            0.53947138021832       -1.79410290637360       -0.92992746175583
H            2.28966970270244       -1.77572183350721       -0.67199772290178
H            0.04651218700137        1.19682375281534       -1.03401352369396
H           -0.02752609433399        1.60504494363112        0.67111313147581
H           -2.47594251297154        1.73970693041004       -0.44180893268822
H           -2.39249430044683        0.44002817760674       -1.62882736418548
H           -3.42343702338454        0.23336221458093       -0.19045066168474
19
 energy: -311.013037219983 gnorm: 0.001935651311 xtb: 6.7.1 (edcfbbe)
C            2.49386504961542        0.78877820477025        0.33171087417214
C            1.25339397531690       -0.09821123682405        0.23631168996858
C            1.42298230123157       -1.14931827839606       -0.86230284764245
C            0.01073672314075        0.75373139546050       -0.02702180196823
C           -1.31023265589869        0.04157164251018        0.13634662818564
O           -1.42249495091345       -0.97818521395107        0.81078799186220
C           -2.48988248892218        0.65701817689679       -0.55652201963708
H            2.65106879033535        1.33974228923088       -0.60380130259515
H            2.40053625950148        1.51998139768048        1.14222693551497
H            3.38926663694354        0.18618186517347        0.52003215134080
H            1.11700453723904       -0.61144147193009        1.19639500279498
H            1.56383662246791       -0.66261361131007       -1.83539552861155
H            0.54622094581866       -1.80171931747188       -0.93551027003321
H            2.29743507252664       -1.78044080534988       -0.67116635717514
H            0.04739273386562        1.20277845032520       -1.02866737955851
H           -0.03507478367449        1.60337206399951        0.67297948078266
H           -2.47924061048504        1.74617587869463       -0.44618550958281
H           -2.39635970293657        0.44673017732003       -1.62986202158964
H           -3.42812762471013        0.23848144418612       -0.18752603864437
19
 energy: -311.013052119917 gnorm: 0.001607764379 xtb: 6.7.1 (edcfbbe)
C            2.49214770466333        0.79033426337962        0.32953206690815
C            1.25340574036659       -0.09957160325832        0.23583772360650
C            1.42485008246536       -1.15211306182289       -0.86078533224594
C            0.00984241082250        0.74969912933662       -0.02631171963489
C           -1.31246919070367        0.04233044397619        0.13698270347004
O           -1.42620366385266       -0.98151413750937        0.80564601169700
C           -2.48980653122658        0.65970126391697       -0.55557660451752
H            2.64640979220270        1.34020901765196       -0.60701677558326
H            2.39895383438602        1.52258587728848        1.13904444054179
H            3.38932484712850        0.19034133047826        0.51695506284653
H            1.12076212221404       -0.61171147117703        1.19701226697518
H            1.56912209910545       -0.66602533628030       -1.83364181046925
H            0.54946308417213       -1.80580843764003       -0.93689366323274
H            2.29953154388708       -1.78173436962273       -0.66637128327101
H            0.04916222282377        1.20519119583426       -1.02519681141521
H           -0.03685449214823        1.59743168703459        0.67639729409835
H           -2.47927679669510        1.74886672846793       -0.44554859228951
H           -2.39784122653831        0.45249093913708       -1.62985347864323
H           -3.42819711923522        0.24190977467986       -0.18738239396333
19
 energy: -311.013063319602 gnorm: 0.001353911443 xtb: 6.7.1 (edcfbbe)
C            2.48967473280672        0.79262106211532        0.32646447326966
C            1.25313169723724       -0.10098929983916        0.23613670887108
C            1.42759401972424       -1.15516994448449       -0.85823181361321
C            0.00889222313804        0.74615461530052       -0.02584124738518
C           -1.31254096369797        0.03855465600608        0.13049110288188
O           -1.42865601014139       -0.98680731603684        0.79614957075774
C           -2.48942176879145        0.66358082585365       -0.55416601706405
H            2.63963028779415        1.34066584926784       -0.61148003327958
H            2.39569079980837        1.52580681064757        1.13460198609707
H            3.38848133915721        0.19549791463559        0.51291168631568
H            1.12321626730786       -0.61183063474851        1.19826944348195
H            1.57595419226386       -0.67064486990729       -1.83088498955359
H            0.55324620890998       -1.80931167224553       -0.93636119976068
H            2.30177059274677       -1.78351050798112       -0.65904099143979
H            0.05174085331016        1.20747528020904       -1.02157138478589
H           -0.04008951479712        1.59048122131964        0.68104393924063
H           -2.47540112507323        1.75221173137284       -0.44202078384867
H           -2.40255675150424        0.45942587288413       -1.62921507499845
H           -3.42803131561510        0.24840183948510       -0.18442703369090
19
 energy: -311.013070299551 gnorm: 0.000800266559 xtb: 6.7.1 (edcfbbe)
C            2.48806990491174        0.79407170458305        0.32376322812073
C            1.25292760612468       -0.10199812481866        0.23700834442782
C            1.42969947542362       -1.15729721449739       -0.85603337769524
C            0.00852972825011        0.74531380120715       -0.02539772805830
C           -1.31242952499747        0.03673327672493        0.12757355383726
O           -1.42838438364324       -0.99304509350504        0.78616640103825
C           -2.48928644795757        0.66631648621235       -0.55380080312672
H            2.63505329500830        1.34098646136067       -0.61526084438327
H            2.39292438583243        1.52815782474054        1.13084064824744
H            3.38825317323374        0.19908724898450        0.50987615315809
H            1.12355874363547       -0.61141098477121        1.19998346447963
H            1.58014617933834       -0.67459784491952       -1.82917238497592
H            0.55507653103136       -1.81082583547090       -0.93405848905552
H            2.30302381972683       -1.78589334169944       -0.65374890464079
H            0.05211540924812        1.20920866357104       -1.01960419423234
H           -0.04188336584145        1.58664958574487        0.68471345087867
H           -2.47171135847835        1.75430128593577       -0.43699791565130
H           -2.40496295115915        0.46474584275630       -1.62943577496859
H           -3.42839492707535        0.25210981652638       -0.18358705173103
19
 energy: -311.013075205582 gnorm: 0.000881238473 xtb: 6.7.1 (edcfbbe)
C            2.48656392220196        0.79742485416533        0.32007370289854
C            1.25393699766724       -0.10272007560003        0.23821338674548
C            1.43233377533067       -1.16177345671349       -0.85117326823581
C            0.00776035393597        0.74269614594228       -0.02475329366947
C           -1.31279932587029        0.03132542215604        0.12038447360610
O           -1.42844427894374       -1.00794657544891        0.76418204423342
C           -2.49009826219114        0.67188619278161       -0.55246747527035
H            2.62842877190695        1.34164984296736       -0.62143416479798
H            2.39031891112561        1.53437534534889        1.12459091166524
H            3.38976440666865        0.20667410476142        0.50561807071757
H            1.12595715696458       -0.60881591333199        1.20314821297927
H            1.58624473386247       -0.68250951572073       -1.82553771178527
H            0.55759711488952       -1.81528424026266       -0.92954190146419
H            2.30465161731314       -1.79049707090735       -0.64383941502690
H            0.05269816453390        1.21130019224406       -1.01663512317409
H           -0.04597452387998        1.58002681588395        0.68973717469579
H           -2.46569411020391        1.75889323562940       -0.42684609574715
H           -2.41095851247814        0.47634814542213       -1.62966392766656
H           -3.42996260995860        0.25956036059847       -0.18122894125188
19
 energy: -311.013075205582 gnorm: 0.000881238473 xtb: 6.7.1 (edcfbbe)
C            2.48656392220196        0.79742485416533        0.32007370289854
C            1.25393699766724       -0.10272007560003        0.23821338674548
C            1.43233377533067       -1.16177345671349       -0.85117326823581
C            0.00776035393597        0.74269614594228       -0.02475329366947
C           -1.31279932587029        0.03132542215604        0.12038447360610
O           -1.42844427894374       -1.00794657544891        0.76418204423342
C           -2.49009826219114        0.67188619278161       -0.55246747527035
H            2.62842877190695        1.34164984296736       -0.62143416479798
H            2.39031891112561        1.53437534534889        1.12459091166524
H            3.38976440666865        0.20667410476142        0.50561807071757
H            1.12595715696458       -0.60881591333199        1.20314821297927
H            1.58624473386247       -0.68250951572073       -1.82553771178527
H            0.55759711488952       -1.81528424026266       -0.92954190146419
H            2.30465161731314       -1.79049707090735       -0.64383941502690
H            0.05269816453390        1.21130019224406       -1.01663512317409
H           -0.04597452387998        1.58002681588395        0.68973717469579
H           -2.46569411020391        1.75889323562940       -0.42684609574715
H           -2.41095851247814        0.47634814542213       -1.62966392766656
H           -3.42996260995860        0.25956036059847       -0.18122894125188
