
         ______________________________________________________________
        |                                                              |
        |                                                              |
        |                   CENSO - Commandline ENSO                   |
        |                           v 2.1.2                            |
        |    energetic sorting of CREST Conformer Rotamer Ensembles    |
        |                    University of Bonn, MCTC                  |
        |                           Oct 2024                           |
        |                 based on ENSO version 2.0.1                  |
        |             L. M. Seidler, F. Bohle and S. Grimme            |
        |                                                              |
        |______________________________________________________________|

        Please cite:
        (TBA)
        S. Grimme, F. Bohle, A. Hansen, P. Pracht, S. Spicher, and M. Stahn
        J. Phys. Chem. A 2021, 125, 19, 4039-4054.
        DOI: https://doi.org/10.1021/acs.jpca.1c00971

        This program is distributed in the hope that it will be useful,
        but WITHOUT ANY WARRANTY; without even the implied warranty of
        MERCHANTABILITY or FITNESS FOR A PARTICULAR PURPOSE.

Reading configuration file from /home/z5358697/.censo2rc.
CALL: /srv/scratch/z5358697/.censo/bin/censo -i crest_conformers.xyz --maxcores 6 -O 1 --loglevel DEBUG
Read 6 conformers.
Number of atoms:              15
Charge:                       0
Unpaired electrons:           0


----------------------------------------------------------------------------------------------------
                                          GENERAL SETTINGS                                          
----------------------------------------------------------------------------------------------------
    
imagthr:                      -100.0
sthr:                         0.0
scale:                        1.0
temperature:                  298.15
solvent:                      h2o
sm_rrho:                      alpb
multitemp:                    False
evaluate_rrho:                False
consider_sym:                 False
bhess:                        False
rmsdbias:                     False
balance:                      False
gas-phase:                    False
copy_mo:                      True
retry_failed:                 True
trange:                       [273.15, 373.15, 5]



----------------------------------------------------------------------------------------------------
                                            PRESCREENING                                            
----------------------------------------------------------------------------------------------------
    
threshold:                    4.0
func:                         pbe-d4
basis:                        def2-sv(p)
prog:                         orca
gfnv:                         gfn2
run:                          True
template:                     False


Running xtb_gsolv calculation for CONF1.
Running xtb_gsolv calculation for CONF2.
Running xtb_gsolv calculation for CONF3.
Running xtb_gsolv calculation for CONF4.
Running xtb_gsolv calculation for CONF6.
Running xtb_gsolv calculation for CONF5.
Running sp calculation for CONF1.
Running sp calculation for CONF2.
Running sp calculation for CONF4.
Running sp calculation for CONF3.
Running sp calculation for CONF5.
Running sp calculation for CONF6.


No longer considering CONF5.

-------------------------------- PRESCREENING SINGLE-POINT RESULTS ---------------------------------

CONF#        E (xTB)          ΔE (xTB)          E (DFT)          ΔE (DFT)        ΔGsolv (xTB)          Gtot             ΔGtot          Boltzmann weight   
               [Eh]          [kcal/mol]          [Eh]           [kcal/mol]        [kcal/mol]           [Eh]           [kcal/mol]        % at 298.15 K     
CONF1       -17.718874          0.00          -233.083408          1.61           -0.382748         -233.084018          1.69                3.38         
CONF2       -17.718764          0.07          -233.085387          0.36           -0.440863         -233.086090          0.39               30.33         
CONF3       -17.718587          0.18          -233.085967          0.00           -0.464585         -233.086708          0.00               58.34         
CONF4       -17.718660          0.13          -233.084196          1.11           -0.370141         -233.084785          1.21                7.62         
CONF6       -17.715681          2.00          -233.081001          3.12           -0.410552         -233.081656          3.17                0.28         

Boltzmann averaged free energy/enthalpy of ensemble on input geometries (not DFT optimized):
temperature /K:   avE(T) /a.u.   avG(T) /a.u.
    298.15        -232.9578019    -232.9585143     <<==part0==
----------------------------------------------------------------------------------------------------

Number of conformers:         5
Highest ranked conformer:     CONF3


Ran prescreening in 7.35 seconds!

----------------------------------------------------------------------------------------------------
                                             SCREENING                                              
----------------------------------------------------------------------------------------------------
    
threshold:                    3.5
func:                         r2scan-3c
basis:                        def2-tzvp
prog:                         orca
sm:                           smd
gfnv:                         gfn2
run:                          True
implicit:                     False
template:                     False


Running gsolv calculation for CONF3.
Running gsolv calculation for CONF2.
Running gsolv calculation for CONF6.
Running gsolv calculation for CONF4.
Running gsolv calculation for CONF1.

----------------------------- SCREENING SINGLE-POINT (+ mRRHO) RESULTS -----------------------------

CONF#        G (xTB)          ΔG (xTB)          E (DFT)          ΔGsolv         GmRRHO          Gtot             ΔGtot          Boltzmann weight   
               [Eh]          [kcal/mol]          [Eh]             [Eh]           [Eh]           [Eh]           [kcal/mol]        % at 298.15 K     
CONF1       -17.719484          ---           -233.580853       -0.002162        ---         -233.583015          1.05                8.33         
CONF2       -17.719467          ---           -233.582831       -0.001858        ---         -233.584688          0.00               48.99         
CONF3       -17.719328          ---           -233.583058       -0.001238        ---         -233.584296          0.25               32.34         
CONF4       -17.719250          ---           -233.581454       -0.001747        ---         -233.583201          0.93               10.14         
CONF6       -17.716335          ---           -233.577495       -0.002020        ---         -233.579515          3.25                0.20         

Boltzmann averaged free energy/enthalpy of ensemble on input geometries (not DFT optimized):
temperature /K:   avE(T) /a.u.   avG(T) /a.u.
    298.15        -233.5825888    -233.5842608     <<==part1==
----------------------------------------------------------------------------------------------------


----------------------------------- SCREENING RANKING COMPARISON -----------------------------------

CONF#       ΔGtot prescreening       ΔGtot screening   
                [kcal/mol]             [kcal/mol]      
CONF1              1.69                   1.05         
CONF2              0.39                   0.00         
CONF3              0.00                   0.25         
CONF4              1.21                   0.93         
CONF6              3.17                   3.25         
----------------------------------------------------------------------------------------------------



Number of conformers:         5
Highest ranked conformer:     CONF2


Ran screening in 36.02 seconds!

----------------------------------------------------------------------------------------------------
                                            OPTIMIZATION                                            
----------------------------------------------------------------------------------------------------
    
optcycles:                    8
maxcyc:                       200
threshold:                    1.5
hlow:                         0.01
gradthr:                      0.01
func:                         r2scan-3c
basis:                        def2-tzvp
prog:                         orca
sm:                           smd
gfnv:                         gfn2
optlevel:                     normal
run:                          True
macrocycles:                  True
crestcheck:                   True
template:                     False
constrain:                    False
xtb_opt:                      True


Optimization using macrocycles, 8 microcycles per step.
Running xtb_opt calculation for CONF3.
Running xtb_opt calculation for CONF2.
Running xtb_opt calculation for CONF4.
Running xtb_opt calculation for CONF6.
Running xtb_opt calculation for CONF1.
Running xtb_rrho calculation for CONF2.
Running xtb_rrho calculation for CONF3.
Running xtb_rrho calculation for CONF4.
Running xtb_rrho calculation for CONF1.
Running xtb_rrho calculation for CONF6.
CONF2 converged after 5 steps.
CONF1 converged after 7 steps.

----------------------------------- OPTIMIZATION CYCLE 8 UPDATE ------------------------------------

CONF#          Gtot             ΔGtot          grad_norm       converged   
               [Eh]           [kcal/mol]        [Eh/a0]                    
CONF1       -233.480694          1.15          0.000514          True      
CONF2       -233.482534          0.00          0.000405          True      
CONF3       -233.482340          0.12          0.000767          False     
CONF4       -233.481223          0.82          0.001341          False     
CONF6       -233.478613          2.46          0.005528          False     
----------------------------------------------------------------------------------------------------
Running xtb_opt calculation for CONF3.
Running xtb_opt calculation for CONF4.
Running xtb_opt calculation for CONF6.
CONF3 converged after 17 steps.
CONF4 converged after 18 steps.

----------------------------------- OPTIMIZATION CYCLE 16 UPDATE -----------------------------------

CONF#          Gtot             ΔGtot          grad_norm       converged   
               [Eh]           [kcal/mol]        [Eh/a0]                    
CONF1       -233.480694          1.15          0.000514          True      
CONF2       -233.482534          0.00          0.000405          True      
CONF3       -233.482341          0.12          0.000259          True      
CONF4       -233.481233          0.82          0.000595          True      
CONF6       -233.479192          2.10          0.004720          False     
----------------------------------------------------------------------------------------------------
Running xtb_opt calculation for CONF6.
No longer considering CONF6 (gradient too small and ΔG = 1.99).

----------------------------------- OPTIMIZATION CYCLE 24 UPDATE -----------------------------------

CONF#          Gtot             ΔGtot          grad_norm       converged   
               [Eh]           [kcal/mol]        [Eh/a0]                    
CONF1       -233.480694          1.15          0.000514          True      
CONF2       -233.482534          0.00          0.000405          True      
CONF3       -233.482341          0.12          0.000259          True      
CONF4       -233.481233          0.82          0.000595          True      
----------------------------------------------------------------------------------------------------
Running xtb_opt calculation for CONF6.
CONF6 converged after 50 steps.

----------------------------------- OPTIMIZATION CYCLE 32 UPDATE -----------------------------------

CONF#          Gtot             ΔGtot          grad_norm       converged   
               [Eh]           [kcal/mol]        [Eh/a0]                    
CONF1       -233.480694          1.15          0.000514          True      
CONF2       -233.482534          0.00          0.000405          True      
CONF3       -233.482341          0.12          0.000259          True      
CONF4       -233.481233          0.82          0.000595          True      
----------------------------------------------------------------------------------------------------
Running xtb_rrho calculation for CONF2.
Running xtb_rrho calculation for CONF1.
Running xtb_rrho calculation for CONF3.
Running xtb_rrho calculation for CONF4.

--------------------------------------- OPTIMIZATION RESULTS ---------------------------------------

CONF#       E (DFT) (+ ΔGsolv)       ΔE (DFT) (+ δΔGsolv)       GmRRHO          Gtot             ΔGtot          Boltzmann weight   
                   [Eh]                   [kcal/mol]             [Eh]           [Eh]           [kcal/mol]        % at 298.15 K     
CONF1          -233.583923                   0.99                ---         -233.480694          1.15                6.35         
CONF2          -233.585494                   0.00                ---         -233.482534          0.00               44.60         
CONF3          -233.585476                   0.01                ---         -233.482341          0.12               36.36         
CONF4          -233.584674                   0.51                ---         -233.481347          0.74               12.69         

Boltzmann averaged free energy/enthalpy of ensemble on optimized geometries:
temperature /K:   avE(T) /a.u.   avG(T) /a.u.
    298.15        -233.5852836    -233.4821965     <<==part2==
----------------------------------------------------------------------------------------------------


--------------------------------------- OPTIMIZATION RESULTS ---------------------------------------

CONF#       E (DFT) (+ ΔGsolv)       ΔE (DFT) (+ δΔGsolv)       GmRRHO          Gtot             ΔGtot          Boltzmann weight   
                   [Eh]                   [kcal/mol]             [Eh]           [Eh]           [kcal/mol]        % at 298.15 K     
CONF1          -233.583923                   0.99                ---         -233.480694          1.15                6.35         
CONF2          -233.585494                   0.00                ---         -233.482534          0.00               44.60         
CONF3          -233.585476                   0.01                ---         -233.482341          0.12               36.36         
CONF4          -233.584674                   0.51                ---         -233.481347          0.74               12.69         

Boltzmann averaged free energy/enthalpy of ensemble on optimized geometries:
temperature /K:   avE(T) /a.u.   avG(T) /a.u.
    298.15        -233.5852836    -233.4821965     <<==part2==
----------------------------------------------------------------------------------------------------


--------------------------------- OPTIMIZATION RANKING COMPARISON ----------------------------------

CONF#       ΔGtot prescreening       ΔGtot screening       ΔGtot optimization   
                [kcal/mol]             [kcal/mol]              [kcal/mol]       
CONF1              1.69                   1.05                    1.15          
CONF2              0.39                   0.00                    0.00          
CONF3              0.00                   0.25                    0.12          
CONF4              1.21                   0.93                    0.74          
----------------------------------------------------------------------------------------------------



Number of conformers:         4
Highest ranked conformer:     CONF2


Ran optimization in 554.70 seconds!

Ran CENSO in 00:09:58

CENSO all done!
