18
 energy: -272.909433304882 gnorm: 0.001556074087 xtb: 6.7.1 (edcfbbe)
C           -2.07306222060403        0.54949862543888       -0.71775521060554
C           -1.39868598456685        0.32286355543825        0.63438520399775
C            0.03932093220195       -0.18084608699661        0.56309882128416
C            0.97069863983662        0.72677361586670       -0.23717443413693
C            2.43543181690401        0.30151642369632       -0.15861699488478
O           -0.00420074705378       -1.51367264887871       -0.00347444650808
H           -1.58681942971526        1.34959996880654       -1.28418780394673
H           -2.05849655976672       -0.35647929335847       -1.33216200105430
H           -3.11977810198726        0.83702778243608       -0.57656969621356
H           -1.39510540785589        1.25697382993012        1.20786738419805
H           -1.97906130154123       -0.40128425539072        1.21932425629322
H            0.42587873780796       -0.25317360163154        1.59265403553212
H            0.64376754636816        0.74525789050736       -1.28365425020721
H            0.86369150187093        1.74749043590003        0.15144053714883
H            2.59255636457070       -0.70132350603435       -0.57296030462431
H            3.07180938362931        0.98584787568018       -0.72811812759568
H            2.78870994395203        0.29722198673533        0.87890085144733
H            0.89382081040211       -1.86803242224042        0.01334515736630
18
 energy: -272.909440844358 gnorm: 0.000676774870 xtb: 6.7.1 (edcfbbe)
C           -2.07355095623839        0.54849363636445       -0.71792002053693
C           -1.39829587958243        0.32370378298979        0.63365638191649
C            0.03938923215566       -0.18028935055601        0.56260663171405
C            0.97119846025519        0.72675722152017       -0.23709793721135
C            2.43552574431326        0.30119659696312       -0.15855574340963
O           -0.00401667568463       -1.51440871540133       -0.00409418404825
H           -1.58958965454866        1.34971015379025       -1.28451750871989
H           -2.05828568271840       -0.35715999397359       -1.33223356267954
H           -3.12043702155318        0.83406233494619       -0.57494993437448
H           -1.39326751399718        1.25960479103244        1.20473840853898
H           -1.97882391444690       -0.39827844745242        1.22103187976043
H            0.42523881598713       -0.25376807265716        1.59217902851683
H            0.64407619989519        0.74552861105906       -1.28337364129379
H            0.86441293601680        1.74744491441131        0.15190133185503
H            2.59302772655676       -0.69955020463078       -0.57704891900352
H            3.07278193558843        0.98820991146326       -0.72379739650548
H            2.78717679011278        0.29266241423554        0.87911887865095
H            0.89391532805806       -1.86865929438749        0.01469922555041
18
 energy: -272.909449563067 gnorm: 0.001332670774 xtb: 6.7.1 (edcfbbe)
C           -2.07583869270649        0.54520324237192       -0.71835750318114
C           -1.39684432474768        0.32702140662713        0.63218831227510
C            0.03988444669339       -0.17822540639889        0.56240425338935
C            0.97246612039688        0.72723464910458       -0.23676019322804
C            2.43592173659609        0.29965762409701       -0.15870518548471
O           -0.00394582930711       -1.51425605768774       -0.00614540246638
H           -1.59830764136919        1.34894974885683       -1.28662812100493
H           -2.05660077139612       -0.36072480285411       -1.33172133234901
H           -3.12407916050982        0.82447624666070       -0.57322740675341
H           -1.38838418408449        1.26721126858840        1.19665092433264
H           -1.97738191050297       -0.38920772390433        1.22639735847011
H            0.42475007734861       -0.25487255286483        1.59182011434713
H            0.64495188539080        0.74832527802023       -1.28284338403828
H            0.86699862713558        1.74746543406236        0.15388920316934
H            2.59456252093423       -0.69442052961274       -0.59204350609409
H            3.07589040708577        0.99554092985328       -0.71014877298259
H            2.78294014990304        0.27534235407322        0.88027521283009
H            0.89349228608191       -1.86946034555360        0.01929816193128
18
 energy: -272.909452572533 gnorm: 0.001003080900 xtb: 6.7.1 (edcfbbe)
C           -2.07593709118324        0.54395108508207       -0.71857219857394
C           -1.39727520015767        0.32800616429125        0.63270210708979
C            0.03938612456989       -0.17736857949424        0.56170703154787
C            0.97292929224486        0.72836612624542       -0.23618554918292
C            2.43613408477810        0.29901562956414       -0.15937201691198
O           -0.00422886050010       -1.51327833298921       -0.00631104892593
H           -1.59945152529342        1.34775246649160       -1.28785025168346
H           -2.05506797196622       -0.36286355596280       -1.33088759133823
H           -3.12473200872028        0.82164079683840       -0.57399376092637
H           -1.38862639541505        1.26875677402790        1.19598521321747
H           -1.97741319064023       -0.38765900975492        1.22797834499036
H            0.42437726446811       -0.25373462098458        1.59108609658450
H            0.64499271877222        0.75063961556876       -1.28215510765857
H            0.86867665827453        1.74837075803847        0.15540158001839
H            2.59408178641404       -0.69316049379317       -0.59749871593511
H            3.07729018431509        0.99686998988872       -0.70678725160726
H            2.78238479289394        0.26895187128457        0.87984659006737
H            0.89295511157435       -1.86899570009326        0.02124922120377
18
 energy: -272.909457571882 gnorm: 0.000462602137 xtb: 6.7.1 (edcfbbe)
C           -2.07655772651042        0.54107578141819       -0.71936245365762
C           -1.39756302885357        0.33001930685356        0.63287063443874
C            0.03934691812064       -0.17540157371262        0.56216710997135
C            0.97359385056891        0.73123841041534       -0.23465544465971
C            2.43590758225222        0.29701126313332       -0.16128230581457
O           -0.00394457547715       -1.50987661138591       -0.00598110585280
H           -1.60143674823671        1.34438784038427       -1.29066250887759
H           -2.05203470206812       -0.36784519087905       -1.32878068081723
H           -3.12647107287450        0.81590601376629       -0.57690009068504
H           -1.38955086260034        1.27192390130621        1.19382302261375
H           -1.97692544781050       -0.38488552380752        1.22978405366379
H            0.42431800793511       -0.25099861345931        1.59172826489690
H            0.64465414388002        0.75747697058546       -1.28035469111405
H            0.87265605177566        1.75029859831357        0.16022740697429
H            2.59139862363148       -0.69067194247953       -0.61067885388379
H            3.07955387784565        0.99925093468342       -0.69989042506267
H            2.78122091657356        0.25372253702712        0.87802495192442
H            0.89231013117451       -1.86737056093229        0.02626574287424
18
 energy: -272.909457571882 gnorm: 0.000462602137 xtb: 6.7.1 (edcfbbe)
C           -2.07655772651042        0.54107578141819       -0.71936245365762
C           -1.39756302885357        0.33001930685356        0.63287063443874
C            0.03934691812064       -0.17540157371262        0.56216710997135
C            0.97359385056891        0.73123841041534       -0.23465544465971
C            2.43590758225222        0.29701126313332       -0.16128230581457
O           -0.00394457547715       -1.50987661138591       -0.00598110585280
H           -1.60143674823671        1.34438784038427       -1.29066250887759
H           -2.05203470206812       -0.36784519087905       -1.32878068081723
H           -3.12647107287450        0.81590601376629       -0.57690009068504
H           -1.38955086260034        1.27192390130621        1.19382302261375
H           -1.97692544781050       -0.38488552380752        1.22978405366379
H            0.42431800793511       -0.25099861345931        1.59172826489690
H            0.64465414388002        0.75747697058546       -1.28035469111405
H            0.87265605177566        1.75029859831357        0.16022740697429
H            2.59139862363148       -0.69067194247953       -0.61067885388379
H            3.07955387784565        0.99925093468342       -0.69989042506267
H            2.78122091657356        0.25372253702712        0.87802495192442
H            0.89231013117451       -1.86737056093229        0.02626574287424
