----------------------------------------------- 
  Element       SASA      Sigma Z        Total  
     Z         Ang**2 cal/Ang**2/mol   kcal/mol 
----------------------------------------------- 
      H        133.572      48.690       6.504
      C         24.770     129.740       3.214
      O         12.955       0.000       0.000

 Subtotal:     171.297                   9.717
 -----------------------------------------------

  Elements    COT*SASA   Sigma Z,Z'     Total   
    Z,Z'       Ang**2  cal/Ang**2/mol kcal/mol  
 ---------------------------------------------- 
  H   C         81.559     -60.770      -4.956
  H   O          8.903       0.000       0.000
  C   C         20.096     -72.950      -1.466
  O   C          0.008      68.690       0.001

 Subtotal:                              -6.422
 ---------------------------------------------- 

 NONAQUEOUS SOLVENT CONTRIBUTION (kcal/mol):
 (proportional to SASA, atomic number independent)
 ---------------------------------------------- 
 Subtotal:                               0.000
 ---------------------------------------------- 

 CDS TOTAL (kcal/mol):                   3.296
...............................................................................
