24
 energy: -25.308100142115 gnorm: 0.019916226940 xtb: 6.7.1 (edcfbbe)
C           -3.31946809594404       -0.27085268487627       -0.67871711064084
C           -2.10083131608701       -0.54670276416891        0.19850544580226
C           -0.95220191175439        0.42128365261296       -0.08470815506415
C            0.25440754887292        0.26237153188601        0.84867102896602
C            1.02013063184861       -1.05416981934463        0.63273981151870
C            1.86821193567904       -0.80434430120988       -0.63047063786158
C            2.12029460420649        0.72835165748559       -0.66214569248096
C            1.34729307598803        1.30213752106239        0.54684134444365
H           -3.70875877485276        0.73834471345810       -0.50275892654263
H           -3.06163241292880       -0.34676467725660       -1.74131354336512
H           -4.12843373530739       -0.98145588812123       -0.47944905298433
H           -2.38352525558287       -0.46888537341839        1.25704669339585
H           -1.76756245477829       -1.57962757317234        0.04103410609145
H           -0.63342730630384        0.30693338499503       -1.13038140018619
H           -1.32915483707913        1.44927204772937        0.00980328320990
H           -0.09743816710407        0.34966399838772        1.88491683324122
H            1.67693036802208       -1.22646537940823        1.49393046267576
H            0.36921076318415       -1.92870013140263        0.53875075923684
H            2.79988315865458       -1.37720225345816       -0.61047486964364
H            1.32137689650328       -1.11949243064192       -1.52471940669594
H            3.18586497011334        0.96870225992350       -0.60269279398198
H            1.75025829857486        1.15921879641219       -1.59769512053946
H            2.01534682966830        1.38206523008781        1.41240016385148
H            0.93762741467804        2.29951729515928        0.35345429974312
24
 energy: -25.308990759401 gnorm: 0.005988485682 xtb: 6.7.1 (edcfbbe)
C           -3.30883711465547       -0.26613443017924       -0.67539744051554
C           -2.09709269870027       -0.54482517096742        0.20416888192309
C           -0.95328265808903        0.42319558699331       -0.09079142397550
C            0.25052719301483        0.25726278424606        0.84140164971791
C            1.01801140665035       -1.05131906934261        0.62544770860142
C            1.86633629026063       -0.79873525452721       -0.62664776036395
C            2.11360404920020        0.72382244200227       -0.65680256476515
C            1.33946002636209        1.29479918949699        0.54107889239356
H           -3.69244839031211        0.73860120813680       -0.49790952507465
H           -3.04634705803415       -0.34754771962287       -1.73037487898238
H           -4.10774723359280       -0.97709380572877       -0.46819267940353
H           -2.38398631543239       -0.45960884709285        1.25731852801913
H           -1.76712740509759       -1.57373619092207        0.03829277434560
H           -0.63453186263427        0.29955764012950       -1.12933756025514
H           -1.32976586912541        1.44671816645201        0.01268915740124
H           -0.09872499235116        0.34280819597275        1.87577854403305
H            1.67060198577088       -1.22449865315246        1.48479071870483
H            0.36840562752751       -1.91904635161046        0.51880985907713
H            2.79910784125511       -1.36222013393967       -0.59583802046633
H            1.32309177744679       -1.11323062405087       -1.51899606775733
H            3.17570040839981        0.96005529461617       -0.58678183628834
H            1.74404006597691        1.15224238543983       -1.58941708801662
H            2.00443710378875        1.37730027806646        1.40392178505292
H            0.93097005064195        2.28483189230514        0.33535586878403
24
 energy: -25.309065696485 gnorm: 0.001331868016 xtb: 6.7.1 (edcfbbe)
C           -3.30817370985858       -0.26510991440519       -0.67368289917865
C           -2.09654366559772       -0.54402143870983        0.20698637575997
C           -0.95207272763901        0.42168570166964       -0.09199959599057
C            0.25179983821577        0.25600241019083        0.83909349016920
C            1.01539512984664       -1.05214154902799        0.62024007280292
C            1.86841111044250       -0.79706226138365       -0.62591530154763
C            2.11328802818824        0.72319578584475       -0.65476291268264
C            1.33728827986656        1.29517062723556        0.53901144272571
H           -3.68604505812871        0.73969828160994       -0.49791917587147
H           -3.04219685776241       -0.35021433317930       -1.72511435895872
H           -4.10600623312453       -0.97346855111741       -0.46348166799199
H           -2.38196885785349       -0.45265178595062        1.25797779652518
H           -1.76784984964403       -1.57167491464460        0.04222073407629
H           -0.63576009548367        0.29265389657694       -1.12776701907127
H           -1.32706567604442        1.44357253041161        0.01273145206855
H           -0.09810917772324        0.33957923456954        1.87245836836593
H            1.66181768697342       -1.22882348869736        1.48161862092566
H            0.36414979215669       -1.91589230691745        0.50614187167325
H            2.80098656743771       -1.35821421124130       -0.58931203784431
H            1.33024990328405       -1.11310028587861       -1.51939689194509
H            3.17368151463150        0.95997938048678       -0.58052432610109
H            1.74627491744967        1.15123297281999       -1.58718946070783
H            1.99770800758288        1.38195879238382        1.40319074928136
H            0.92514336105531        2.28084424007465        0.32796219570672
24
 energy: -25.309091873269 gnorm: 0.001496555621 xtb: 6.7.1 (edcfbbe)
C           -3.30949086853986       -0.26409614895618       -0.67162054352106
C           -2.09831628693520       -0.54258828476308        0.21175399295325
C           -0.95278144132910        0.42055422842719       -0.09399687982098
C            0.25129494701334        0.25395793721884        0.83696580035488
C            1.01410215542758       -1.05402524113529        0.61581711425824
C            1.87405532284128       -0.79601117259142       -0.62535192140843
C            2.11664670937201        0.72414222372175       -0.65309145866014
C            1.33490132090260        1.29509446380672        0.53758026139933
H           -3.68258105916002        0.74266194602773       -0.50013545789012
H           -3.04155037171336       -0.35543726952330       -1.72147378318565
H           -4.10866095448658       -0.96892694163255       -0.45760458978034
H           -2.38277863783627       -0.44441351961596        1.26169522959727
H           -1.77191223450142       -1.57103126428905        0.05142071132540
H           -0.63781862304170        0.28577507114734       -1.12860001485947
H           -1.32561753243226        1.44274140350836        0.00825666065328
H           -0.09902149950243        0.33575652535614        1.87020649551439
H            1.65471221594766       -1.23839389830822        1.47962039286047
H            0.36013561619567       -1.91418582856252        0.49277949483548
H            2.80742728383356       -1.35516665170292       -0.58276162201751
H            1.34289267525693       -1.11359874406519       -1.52238828548527
H            3.17627920976290        0.96253536744979       -0.57501495706564
H            1.75254957515764        1.15206869470969       -1.58655537290060
H            1.99178380232591        1.38834894468808        1.40337183114905
H            0.91815090371228        2.27743697180480        0.32169442388365
24
 energy: -25.309122519549 gnorm: 0.001600884195 xtb: 6.7.1 (edcfbbe)
C           -3.31369112194404       -0.26343301343558       -0.66856633435602
C           -2.10338933561579       -0.53908437355627        0.21829901481271
C           -0.95383033483314        0.41719767518573       -0.09587797782207
C            0.25187166870434        0.25138867142754        0.83363378107375
C            1.01288069787043       -1.05748263255806        0.60866906860165
C            1.88429542668251       -0.79493344730546       -0.62462505746410
C            2.12226755661607        0.72633398037490       -0.65019082795495
C            1.33268198001266        1.29659735111905        0.53639650871192
H           -3.68134202997034        0.74713737926732       -0.50637588960722
H           -3.04449130372438       -0.36580968044087       -1.71732776957543
H           -4.11668826917123       -0.96236091140229       -0.44880363110881
H           -2.38768086508584       -0.43019667685994        1.26726675119840
H           -1.78110092400024       -1.57033876092432        0.06751263004587
H           -0.64097519101256        0.27429096670817       -1.13027896816284
H           -1.32264401923979        1.44141560797723        0.00027616481115
H           -0.09766603374715        0.33047677846945        1.86747704279333
H            1.64528827545699       -1.25366476332953        1.47616671902979
H            0.35529454532198       -1.91341847594938        0.47228706974706
H            2.81955945464896       -1.35082873283359       -0.57237236368522
H            1.36399570317290       -1.11490293046571       -1.52762016343612
H            3.18110487988003        0.96749038994275       -0.56635259276838
H            1.76245062322383        1.15361945683337       -1.58594887875746
H            1.98575877067081        1.39801926631522        1.40427971328774
H            0.91045207435417        2.27568568816102        0.31464351277475
24
 energy: -25.309144724304 gnorm: 0.000950329397 xtb: 6.7.1 (edcfbbe)
C           -3.31763447292661       -0.26258179054385       -0.66541841830750
C           -2.10910363197407       -0.53436545674917        0.22434178424467
C           -0.95538931056220        0.41374358663759       -0.09853091892620
C            0.25113256216252        0.24790877374735        0.82991587509744
C            1.01293044751006       -1.06020599263352        0.60169749716639
C            1.89499007930733       -0.79310089850928       -0.62354968254788
C            2.12814012105090        0.72894256833012       -0.64794213645020
C            1.33040228920829        1.29559884720838        0.53496083065751
H           -3.68170756735338        0.75137873022375       -0.51442324428226
H           -3.04999392067598       -0.37728400551807       -1.71365840505409
H           -4.12425488280837       -0.95546383151467       -0.43844091003189
H           -2.39377722972555       -0.41386904519849        1.27237946182381
H           -1.79142880009520       -1.56915701162995        0.08505829310936
H           -0.64449016385367        0.26219094476382       -1.13292834662007
H           -1.31929798039041        1.44083311641896       -0.00976432348894
H           -0.09726734500225        0.32435155038308        1.86450768322121
H            1.63755103969302       -1.26529720439576        1.47280004150685
H            0.35356948545682       -1.91301044584495        0.45382213930399
H            2.83233883998038       -1.34475391951679       -0.56176668170036
H            1.38555592992609       -1.11531437257382       -1.53201892605405
H            3.18595013564096        0.97337134519467       -0.55872162614161
H            1.77153223612438        1.15505123265593       -1.58555502610440
H            1.97928118207110        1.40131053744430        1.40549975907182
H            0.90537318550703        2.27292155434112        0.31030280269593
24
 energy: -25.309162461882 gnorm: 0.000699571730 xtb: 6.7.1 (edcfbbe)
C           -3.32169177882430       -0.26201032662351       -0.66240374942566
C           -2.11418878571280       -0.52918875961341        0.22896868296202
C           -0.95615607423907        0.41015131810513       -0.10288655479342
C            0.25081243225238        0.24481805824478        0.82471532247524
C            1.01355958820256       -1.06278638870666        0.59527658373435
C            1.90446391339026       -0.79189439711092       -0.62256104511027
C            2.13152739434511        0.73113345506560       -0.64507361405359
C            1.32886594784666        1.29532855594509        0.53503346845897
H           -3.68197943054541        0.75499863881832       -0.52207105375593
H           -3.05627828887802       -0.38873479960816       -1.70996420482626
H           -4.13138933908719       -0.94899894814601       -0.42756214537622
H           -2.39844101750936       -0.39706156670315        1.27600041709288
H           -1.80075877478141       -1.56700022473450        0.10103210550568
H           -0.64739679557468        0.24995026592297       -1.13689026589352
H           -1.31495096053566        1.43983809071440       -0.02117629520720
H           -0.09789052737728        0.31876719696120        1.85933812955193
H            1.63167335420042       -1.27281479881278        1.46960749973774
H            0.35447424409488       -1.91411942570251        0.43839720775333
H            2.84351877827056       -1.33951885899549       -0.55230724570606
H            1.40445670675351       -1.11636101679875       -1.53528017059210
H            3.18800357993856        0.97952299714241       -0.55217291563398
H            1.77655906285717        1.15616065067058       -1.58368833010541
H            1.97444284745492        1.40070166069213        1.40802942136082
H            0.90316615172938        2.27231743599399        0.31020627403619
24
 energy: -25.309180604175 gnorm: 0.001136332042 xtb: 6.7.1 (edcfbbe)
C           -3.32673603906887       -0.26135823764013       -0.65903149973660
C           -2.11923530748487       -0.52324806796267        0.23310869587766
C           -0.95632417100755        0.40587261930023       -0.10965654470105
C            0.24931474405795        0.24128128071636        0.81951851763600
C            1.01430643903434       -1.06507788432495        0.58919746780507
C            1.91438848407583       -0.78960238403381       -0.62100563563674
C            2.13512006520873        0.73436383662864       -0.64278128048813
C            1.32784444852871        1.29313436246105        0.53625381980117
H           -3.68207264703025        0.75915012290778       -0.53075966898574
H           -3.06464127925582       -0.40231713824917       -1.70571477553661
H           -4.13972205419933       -0.94124202428199       -0.41414297947987
H           -2.40181131525941       -0.37702947225751        1.27893327583629
H           -1.81055306598443       -1.56421628738729        0.11833786609915
H           -0.64976433578496        0.23426086810196       -1.14271908476796
H           -1.30897730971733        1.43852721536562       -0.03734757678116
H           -0.10195591958833        0.31231667599433        1.85355859736143
H            1.62605000183400       -1.27808091771690        1.46716417168746
H            0.35665720863747       -1.91599920906168        0.42423694177925
H            2.85541177034476       -1.33259569247972       -0.54245385262608
H            1.42426588381369       -1.11628912215606       -1.53816514172546
H            3.19028575246573        0.98768008368077       -0.54835799134165
H            1.77917750905823        1.15783935083260       -1.58171683996642
H            1.97031588082628        1.39474955058125        1.41208772664766
H            0.90305748476666        2.27107928370204        0.31402331343192
24
 energy: -25.309198797944 gnorm: 0.001196924486 xtb: 6.7.1 (edcfbbe)
C           -3.33241687797056       -0.25977183288578       -0.65508385260995
C           -2.12463760484504       -0.51562504292028        0.23833616976545
C           -0.95570215052160        0.40049979831401       -0.11979181221636
C            0.24749178430190        0.23660058942455        0.81269744924082
C            1.01609531269347       -1.06784606340285        0.58237126037244
C            1.92615761393230       -0.78708700381309       -0.61933781860751
C            2.13705317514657        0.73835761221331       -0.63974373330494
C            1.32629606399822        1.29054379883034        0.53937390995882
H           -3.68060711710290        0.76508246702098       -0.54234014864817
H           -3.07510943129622       -0.41981521702693       -1.70028358796201
H           -4.14918593745802       -0.92993777036715       -0.39620520250288
H           -2.40449380253954       -0.35112451870140        1.28229857656143
H           -1.82264031471588       -1.56031456440983        0.13972381576639
H           -0.65083228016900        0.21189767374316       -1.15050830945504
H           -1.30046339228828        1.43685384137888       -0.06180029953104
H           -0.10843154556963        0.30429795349110        1.84535977469623
H            1.62076796655188       -1.28446950903075        1.46445248172089
H            0.36045064060276       -1.91847841149280        0.40794203470202
H            2.86992058271506       -1.32381776205641       -0.53040001859466
H            1.44801068642528       -1.11750668759895       -1.54150503463708
H            3.19047783396397        0.99901014272160       -0.54583179130182
H            1.77720663009780        1.16019764332256       -1.57791462492066
H            1.96593090667949        1.38523599902498        1.41817784034266
H            0.90306348563920        2.27041567694151        0.32258044335462
24
 energy: -25.309211531010 gnorm: 0.000941152977 xtb: 6.7.1 (edcfbbe)
C           -3.33751063511651       -0.25805855386977       -0.65215851531077
C           -2.12943187604877       -0.50830870099800        0.24273730816507
C           -0.95361293259224        0.39375438944698       -0.12885485620389
C            0.24659323619053        0.23234241912389        0.80805422091364
C            1.01709979269442       -1.07065422738530        0.57676000052317
C            1.93600491558533       -0.78365581955292       -0.61717216235389
C            2.13710837798404        0.74297807059081       -0.63808052395591
C            1.32558345683296        1.28789924855465        0.54331574354526
H           -3.67712860881005        0.77125423929037       -0.55530166573671
H           -3.08353774473965       -0.43731436955986       -1.69491434427223
H           -4.15858162863371       -0.91756126133784       -0.38008355149823
H           -2.40687330380068       -0.32610418909971        1.28423905346978
H           -1.83413531909002       -1.55609943943672        0.15958302844615
H           -0.64988702744690        0.18777601543199       -1.15637675932695
H           -1.29065597980566        1.43312996476222       -0.08585889362749
H           -0.11427123193286        0.29658762135236        1.83919695735553
H            1.61571452417882       -1.29098238115413        1.46197190955635
H            0.36298390478207       -1.92080707651715        0.39387293771769
H            2.88259541459568       -1.31369028817832       -0.51912935790872
H            1.46901271683233       -1.11837506479886       -1.54342648282035
H            3.18890332697376        1.01114652718924       -0.54751556169744
H            1.77067738509914        1.16271644420171       -1.57468275898727
H            1.96412005811391        1.37558490099289        1.42368436001383
H            0.90363140642532        2.26964034367219        0.33270743618303
24
 energy: -25.309219503274 gnorm: 0.000486254173 xtb: 6.7.1 (edcfbbe)
C           -3.33896829928590       -0.25616329004748       -0.65147679499734
C           -2.13222489225313       -0.50301422005752        0.24653279855674
C           -0.95198675530817        0.38932039578311       -0.13401872755511
C            0.24588385118677        0.22888395506421        0.80631546637914
C            1.01875527489349       -1.07254093794069        0.57358473250469
C            1.94225901949913       -0.78183134728247       -0.61624357780523
C            2.13431065439377        0.74599955358929       -0.63776485653365
C            1.32428724835965        1.28587578250391        0.54677035530877
H           -3.67197559900687        0.77630065280461       -0.56747790990994
H           -3.08672088570043       -0.45031449349317       -1.69180769357022
H           -4.16387636956946       -0.90675253894701       -0.37054638099540
H           -2.40897814840291       -0.30785426259923        1.28567395369934
H           -1.84205296115528       -1.55303992385968        0.17513608758575
H           -0.64827436213066        0.17011747205113       -1.15856712174721
H           -1.28327100964746        1.43077909805094       -0.10278816303246
H           -0.11800646207533        0.29093668963820        1.83649434087386
H            1.61383186194752       -1.29640205200404        1.46028784965882
H            0.36542324296706       -1.92200124309347        0.38492125147721
H            2.89148386619026       -1.30594002378212       -0.51193022080551
H            1.48292944833801       -1.12061495063767       -1.54481315725023
H            3.18488230681750        1.02070109343042       -0.55237711693073
H            1.76055132025118        1.16360069815226       -1.57248764376601
H            1.96359088211115        1.36817183894604        1.42712789404575
H            0.90254899585136        2.26898086645117        0.34202215699866
24
 energy: -25.309227283266 gnorm: 0.000464975223 xtb: 6.7.1 (edcfbbe)
C           -3.33820939560129       -0.25465291846829       -0.65288723877632
C           -2.13449454878688       -0.49839817749214        0.25036837384098
C           -0.95002897369413        0.38547599725015       -0.13623898085998
C            0.24625093685253        0.22572423779568        0.80646785337535
C            1.01988660316865       -1.07487051216708        0.57215425722631
C            1.94572076091597       -0.77981560207347       -0.61519276769126
C            2.12938666044749        0.74901564948558       -0.63938530822998
C            1.32380974297830        1.28398884280722        0.55004563606632
H           -3.66457045205398        0.78069027484151       -0.58138856748967
H           -3.08520807910701       -0.46255450436154       -1.69016982550497
H           -4.16737486351264       -0.89661336072223       -0.36568000534715
H           -2.41263634392763       -0.29264162595766        1.28682286564656
H           -1.84843127684576       -1.54995605497936        0.18901944687077
H           -0.64605619506316        0.15628873878092       -1.15808764362645
H           -1.27648368811022        1.42827342406571       -0.11388024967381
H           -0.11931407928991        0.28568024507122        1.83606468078692
H            1.61303286042229       -1.30203513377056        1.45925159408597
H            0.36645273618756       -1.92334224004526        0.37922689642274
H            2.89765949189697       -1.29786251408278       -0.50605944793410
H            1.49238117805766       -1.12330631383785       -1.54489973616786
H            3.17885261321715        1.03018377473953       -0.56157600383448
H            1.74608492283890        1.16413477943183       -1.57141875701597
H            1.96584908289480        1.36162543643087        1.42882028098840
H            0.90184253438563        2.26816636997874        0.35119016903137
24
 energy: -25.309235875412 gnorm: 0.000719446815 xtb: 6.7.1 (edcfbbe)
C           -3.33618045543834       -0.25360275413442       -0.65602303705846
C           -2.13739793655666       -0.49280523804154        0.25535249413202
C           -0.94797876684931        0.38202250276161       -0.13621699314521
C            0.24682108142355        0.22253230307913        0.80855888988249
C            1.02100891396601       -1.07697780297940        0.57001942646247
C            1.95002564465606       -0.77821870565782       -0.61465376282983
C            2.12204889011849        0.75192210406017       -0.64215711114779
C            1.32354969185887        1.28169908283306        0.55408343241274
H           -3.65441978387750        0.78538481853324       -0.60101966075094
H           -3.08017885383991       -0.47870910886451       -1.68903900931032
H           -4.17131416988956       -0.88495028225684       -0.36261886453172
H           -2.41908667689915       -0.27410187596684        1.28822260008546
H           -1.85539414777761       -1.54622947803354        0.20697256182594
H           -0.64431591620793        0.14278813735154       -1.15568142214977
H           -1.26890956038410        1.42645224827278       -0.12227797360030
H           -0.11967225610608        0.27993254049990        1.83795316714063
H            1.61187508536256       -1.30880758001980        1.45742966255689
H            0.36709318648979       -1.92399790279445        0.37196455622406
H            2.90579328763046       -1.28809205637648       -0.49947929457204
H            1.50403221336361       -1.12816433017257       -1.54561306252399
H            3.17011847390605        1.04119427115312       -0.57561176306216
H            1.72567599673936        1.16308737319145       -1.57056571273323
H            1.97000828533350        1.35364520921307        1.43012523724597
H            0.90120000124915        2.26719533706985        0.36284316163676
24
 energy: -25.309244573391 gnorm: 0.000892773860 xtb: 6.7.1 (edcfbbe)
C           -3.33245703866311       -0.25296746996295       -0.66156473919680
C           -2.14203215728442       -0.48421118742201        0.26308671422499
C           -0.94605456597537        0.37910097142166       -0.13420809387858
C            0.24818557799835        0.21748788902251        0.81106339346707
C            1.02273566224976       -1.08105807345014        0.56757380964527
C            1.95570574231268       -0.77599309007384       -0.61332649283994
C            2.11151443939883        0.75593760515032       -0.64722349200092
C            1.32380437489500        1.27818544819040        0.55899253879780
H           -3.64132221651938        0.78991686053815       -0.63010009069669
H           -3.07140780464120       -0.50126755821878       -1.68815729331607
H           -4.17567279332625       -0.87030265299964       -0.36167857510122
H           -2.43021472786904       -0.24822039261280        1.29055931513719
H           -1.86449042194993       -1.53980656045147        0.23338622721209
H           -0.64386123609566        0.12885891455715       -1.15154022925515
H           -1.25974523319061        1.42591187554296       -0.12937636022825
H           -0.11823758517254        0.27130670954287        1.84061402301934
H            1.61075313903377       -1.31961147217594        1.45515081233771
H            0.36809029694778       -1.92596687423063        0.36229860798116
H            2.91668185295912       -1.27409395529027       -0.48878921434540
H            1.52089847414439       -1.13586376824696       -1.54605558800151
H            3.15734245842750        1.05736777549409       -0.59759023906845
H            1.69560177591635        1.16084881691155       -1.57012306126995
H            1.97709516714789        1.34174377578296        1.43078201289061
H            0.90148904752740        2.26589522570152        0.37879353667539
24
 energy: -25.309250827822 gnorm: 0.000752458798 xtb: 6.7.1 (edcfbbe)
C           -3.32959679694157       -0.25407314442975       -0.66535570071150
C           -2.14462189749755       -0.47935496676477        0.26730391739653
C           -0.94596195121083        0.37951526158159       -0.13084985526192
C            0.24903972648428        0.21568484247917        0.81300889969055
C            1.02282622267862       -1.08269446779735        0.56564653369516
C            1.95865814407185       -0.77549882112205       -0.61282179769810
C            2.10562327946486        0.75697609640513       -0.65052583120607
C            1.32480446692332        1.27621056272523        0.56094533673407
H           -3.63535734342171        0.78950433765401       -0.64582045123709
H           -3.06420919660196       -0.51297933782816       -1.68778356525992
H           -4.17628484886215       -0.86565587772132       -0.36442268031133
H           -2.43783444847793       -0.23557337227104        1.29130229500024
H           -1.86791660268325       -1.53509966101787        0.24702932375976
H           -0.64581877960028        0.12801733678449       -1.14837062483404
H           -1.25661001767437        1.42705145213911       -0.12642694168390
H           -0.11574941644921        0.26760300211000        1.84326097681692
H            1.60892144179723       -1.32534222063319        1.45342049049042
H            0.36733098057651       -1.92600162802808        0.35642873348166
H            2.92219154427264       -1.26697057838259       -0.48240623942469
H            1.53049899057954       -1.14081979450677       -1.54635604734385
H            3.14983243000078        1.06448983017844       -0.61062694492839
H            1.67919383827480        1.15770760863668       -1.57020138828875
H            1.98236020037304        1.33539378854985        1.42978552915447
H            0.90308226219466        2.26510856397996        0.38640355415947
24
 energy: -25.309257016915 gnorm: 0.000537848941 xtb: 6.7.1 (edcfbbe)
C           -3.32596520327478       -0.25689024063222       -0.66969244287689
C           -2.14749641325699       -0.47269602828585        0.27296349714998
C           -0.94661194036364        0.38226520701058       -0.12680226637280
C            0.24989021261290        0.21373395356361        0.81414716780098
C            1.02129943671406       -1.08526824973564        0.56167582336132
C            1.96263719394383       -0.77488737375995       -0.61200507311162
C            2.09936126564499        0.75822943455846       -0.65446428214141
C            1.32656828311697        1.27361906471123        0.56303380248369
H           -3.62882268640754        0.78820579827046       -0.66685117739834
H           -3.05470067656591       -0.53132702230539       -1.68713588723932
H           -4.17636533613355       -0.86242471868436       -0.36531833265403
H           -2.44721879747657       -0.21744057956402        1.29255100020116
H           -1.87094780797457       -1.52890788738505        0.26614368895386
H           -0.64942616516583        0.13022849837220       -1.14542490320555
H           -1.25346745680973        1.43121610370728       -0.12100652680106
H           -0.11260319316558        0.26297184643284        1.84536301860092
H            1.60355518058886       -1.33411179518358        1.45027525221045
H            0.36431380723935       -1.92586536773230        0.34591801755333
H            2.92884018171487       -1.25833854510103       -0.47236637976110
H            1.54447910568474       -1.14701698122912       -1.54722394288185
H            3.14142488700902        1.07331334775073       -0.62574819230210
H            1.66044382328425        1.15401017705850       -1.57016050692295
H            1.98848447781734        1.32606517890756        1.42896264410722
H            0.90673004949485        2.26451499197574        0.39573352343582
24
 energy: -25.309261120429 gnorm: 0.000862404499 xtb: 6.7.1 (edcfbbe)
C           -3.32411709062816       -0.26145917933472       -0.67154830834965
C           -2.14754521733827       -0.46978449194181        0.27465850270452
C           -0.94828990702456        0.38826559056483       -0.12301499743548
C            0.25024274196880        0.21506024559677        0.81432823138354
C            1.01830903269238       -1.08556643691451        0.55920987363854
C            1.96311319582974       -0.77583302978499       -0.61175470738482
C            2.09866457217980        0.75708773334016       -0.65625670246531
C            1.32902129479591        1.27279163601004        0.56273532879530
H           -3.63154083890652        0.78140300411220       -0.67172502957418
H           -3.04954712805461       -0.53622041986411       -1.68702686393868
H           -4.17288856709501       -0.86975286049619       -0.36920917294079
H           -2.45076585663884       -0.21349548688836        1.29255422608440
H           -1.86710686656277       -1.52462605756651        0.27120980120430
H           -0.65312700954514        0.14253299790133       -1.14411325479907
H           -1.25606751248533        1.43716875700820       -0.11037854006616
H           -0.10997266119516        0.26377349161374        1.84636791479221
H            1.59796367222495       -1.33852976737631        1.44826877310345
H            0.35932821506149       -1.92360338136312        0.34016988410064
H            2.92905837768795       -1.25769127570277       -0.46731204262519
H            1.54934740765747       -1.14982341676288       -1.54782851869792
H            3.14018322478670        1.07312710638867       -0.63104111853744
H            1.65648726182015        1.15118563765732       -1.57074950508876
H            1.99223465842324        1.32232855202347        1.42772078192405
H            0.91141722861710        2.26485986450024        0.39730296636219
24
 energy: -25.309263198242 gnorm: 0.000381309400 xtb: 6.7.1 (edcfbbe)
C           -3.32306917036464       -0.26398695653091       -0.67285481239012
C           -2.14831390236277       -0.46632655598458        0.27716894401566
C           -0.94860746746510        0.39069917858623       -0.12208697547113
C            0.25031839182480        0.21540055805726        0.81439401579374
C            1.01630272115154       -1.08603684535887        0.55674368017376
C            1.96480804544052       -0.77589611363328       -0.61138992446388
C            2.09704504667630        0.75743012279336       -0.65756180890909
C            1.33068370938644        1.27171630731106        0.56413593371380
H           -3.63177717767123        0.77899462534320       -0.67987285745111
H           -3.04597022650276       -0.54488967194072       -1.68653062082693
H           -4.17173671104547       -0.87150490001828       -0.36819435416222
H           -2.45410963075557       -0.20575239589883        1.29335667153159
H           -1.86639311152970       -1.52091279307810        0.27925941096975
H           -0.65460362981786        0.14571543598842       -1.14355773664577
H           -1.25553915465113        1.43974488245865       -0.10851838067837
H           -0.10935968971730        0.26299732005357        1.84667906946359
H            1.59297927495268       -1.34368287403838        1.44644445319921
H            0.35554830221637       -1.92156186387406        0.33341195416761
H            2.93163240556537       -1.25507420750440       -0.46203837682039
H            1.55593223677749       -1.15246265821765       -1.54879021273360
H            3.13838123150414        1.07576049225927       -0.63707368806360
H            1.64978562633608        1.15021881376224       -1.57066681847885
H            1.99572679129181        1.31745478973381        1.42808777993027
H            0.91473831703131        2.26515412245169        0.40202217632580
24
 energy: -25.309264106688 gnorm: 0.000196716730 xtb: 6.7.1 (edcfbbe)
C           -3.32299015736032       -0.26501746761502       -0.67256762671774
C           -2.14773845390870       -0.46594943340853        0.27716236387883
C           -0.94856989620612        0.39182213311027       -0.12226314653753
C            0.25030030428215        0.21608299683899        0.81433316133541
C            1.01500439371049       -1.08604168285082        0.55611869231901
C            1.96458386026295       -0.77580978833092       -0.61121008375254
C            2.09731836959049        0.75746838002350       -0.65738167072498
C            1.33112521453982        1.27191321768588        0.56434637183005
H           -3.63301858372470        0.77769140999786       -0.67954851657320
H           -3.04540592660440       -0.54567451584339       -1.68619762380857
H           -4.17076773148683       -0.87360379753541       -0.36729497499140
H           -2.45374678213648       -0.20476102844017        1.29322043989317
H           -1.86536083380103       -1.52054807098340        0.27992112287262
H           -0.65451401781927        0.14585208057558       -1.14349308287965
H           -1.25533262455643        1.44094677567719       -0.10930104499423
H           -0.10950728156380        0.26373133179172        1.84655419625344
H            1.59068783443845       -1.34559863148559        1.44577649053187
H            0.35330766074679       -1.92037723529131        0.33128308975629
H            2.93123861232453       -1.25511989104882       -0.46119865295533
H            1.55649293824147       -1.15235398514943       -1.54894921663030
H            3.13887060792878        1.07531608403880       -0.63710286628515
H            1.65026228957235        1.15060099867517       -1.57046559075648
H            1.99623097158546        1.31689976986800        1.42826947593326
H            0.91593146021567        2.26572916242056        0.40255621519286
24
 energy: -25.309263939151 gnorm: 0.000454648491 xtb: 6.7.1 (edcfbbe)
C           -3.32291116883239       -0.26605028141001       -0.67227988789075
C           -2.14716219260889       -0.46557083699583        0.27715635803118
C           -0.94853233454418        0.39294742251087       -0.12243969435775
C            0.25028222837531        0.21676706114343        0.81427203652123
C            1.01370341913503       -1.08604625916225        0.55549219700449
C            1.96435947804757       -0.77572349083896       -0.61102993922402
C            2.09759250785990        0.75750648599960       -0.65720131224780
C            1.33156803873381        1.27211040765339        0.56455709753651
H           -3.63426443082371        0.77638437016664       -0.67922252520537
H           -3.04484057845082       -0.54645956410953       -1.68586405673775
H           -4.16979601686968       -0.87570857206655       -0.36639523185725
H           -2.45338311159364       -0.20376799042383        1.29308452508596
H           -1.86432592718331       -1.52018123690018        0.28058412460059
H           -0.65442437819233        0.14598990243175       -1.14342829331872
H           -1.25512609814665        1.44215076981094       -0.11008469849157
H           -0.10965491367212        0.26446707948057        1.84642904451684
H            1.58839119661588       -1.34751846940057        1.44510709894760
H            0.35106209271692       -1.91918943410346        0.32914927896322
H            2.93084412208911       -1.25516599755444       -0.46035660151481
H            1.55705530845147       -1.15224545500455       -1.54910862972530
H            3.13936108901716        1.07487071250223       -0.63713195790834
H            1.65074012848870        1.15098347139823       -1.57026410030028
H            1.99673646470794        1.31634355815074        1.42845150162175
H            0.91712730495024        2.26630515944246        0.40309118814000
24
 energy: -25.309264427789 gnorm: 0.000096637118 xtb: 6.7.1 (edcfbbe)
C           -3.32294695590294       -0.26584015246946       -0.67234598314329
C           -2.14736719974968       -0.46545585456286        0.27738311751868
C           -0.94852796322649        0.39267504636890       -0.12243197361552
C            0.25031761409601        0.21670461863675        0.81424322495255
C            1.01403354932590       -1.08591222293456        0.55560538119052
C            1.96434307084526       -0.77580855196765       -0.61119096144120
C            2.09761894846768        0.75739200713373       -0.65731050408734
C            1.33163874557670        1.27202004811127        0.56444183196612
H           -3.63453306607778        0.77640543557355       -0.67879827486815
H           -3.04505385893757       -0.54573166379739       -1.68608881487693
H           -4.16968629060192       -0.87591172108490       -0.36721150269348
H           -2.45326617197789       -0.20431895768170        1.29344661494202
H           -1.86430767303390       -1.51980419858665        0.28024601743304
H           -0.65435599976322        0.14628395904246       -1.14350707071115
H           -1.25537046500542        1.44169809144305       -0.10964621657979
H           -0.10953187296585        0.26446544544074        1.84644389653518
H            1.58879427942342       -1.34701173450413        1.44530220631504
H            0.35146806147249       -1.91915535160366        0.32958157028111
H            2.93074280898121       -1.25536830831875       -0.46051001760955
H            1.55678926009787       -1.15233845358221       -1.54914891157950
H            3.13923737708232        1.07488002478299       -0.63686107855681
H            1.65085299439788        1.15073617354913       -1.57038341242195
H            1.99661292437894        1.31656916191320        1.42848447820127
H            0.91690011136832        2.26602597181884        0.40282390503883
24
 energy: -25.309264492924 gnorm: 0.000043610363 xtb: 6.7.1 (edcfbbe)
C           -3.32300568585191       -0.26582529890585       -0.67223122137015
C           -2.14740230602493       -0.46539596360160        0.27738108392738
C           -0.94857077025516        0.39260391467050       -0.12251678706725
C            0.25029231640448        0.21670404194727        0.81413155121489
C            1.01404390224722       -1.08590724891749        0.55559432610140
C            1.96443554481761       -0.77584133906484       -0.61113192605243
C            2.09773168540589        0.75735857593067       -0.65726707228379
C            1.33166184007279        1.27201858122343        0.56439886621163
H           -3.63503976623692        0.77624557330784       -0.67828302347772
H           -3.04497878722911       -0.54509072140397       -1.68610334492554
H           -4.16958525655289       -0.87636963642149       -0.36752807917178
H           -2.45327869811481       -0.20425493221651        1.29340798820825
H           -1.86428576891547       -1.51970660186504        0.28030701314781
H           -0.65443267907141        0.14636161715993       -1.14354972018892
H           -1.25544306275420        1.44157848738606       -0.10977720717912
H           -0.10951949182357        0.26447050189719        1.84634595283718
H            1.58878658358131       -1.34699133299836        1.44530222735197
H            0.35149175779970       -1.91914563486474        0.32954822157977
H            2.93079602759518       -1.25544267636316       -0.46040097276872
H            1.55688122743269       -1.15230577461927       -1.54910672931802
H            3.13934502747842        1.07484124151050       -0.63677433081277
H            1.65090430383464        1.15067908722012       -1.57032538651170
H            1.99666421900837        1.31659629173641        1.42842265693685
H            0.91691006542339        2.26601805997309        0.40272343580051
