21
 energy: -648.603651984194 gnorm: 0.003314314967 xtb: 6.7.1 (edcfbbe)
C           -3.29043764085813        1.05403923572152       -0.73931155991954
C           -1.94770188756378        1.09126220569349       -0.10189416958768
O           -1.69002495416356        1.45787563228027        1.02350265154771
O           -0.98268075839221        0.61668615982514       -0.95871652536600
C            0.32111101150343        0.52591250593786       -0.46051035498938
C            1.14709297178019        1.62389574856444       -0.64528970526580
C            2.48053780529633        1.55457096338287       -0.26022027282369
C            2.98593246838745        0.38122155126367        0.29619734475506
C            2.15376982241376       -0.71287131780537        0.47119968364721
C            0.79920965685141       -0.66069221806545        0.11121713119057
C           -0.00712977223870       -1.88000988471195        0.35870585100706
O            0.48649721157713       -2.97832249841357        0.55890204944586
O           -1.33789810715489       -1.67650387859012        0.36987031753940
H           -3.94561210076144        1.78529650825800       -0.26152197228191
H           -3.70705295630130        0.04965031042365       -0.57911357616686
H           -3.22467482822517        1.22652370163772       -1.81634440468455
H            0.73443600684586        2.51960312015749       -1.09689863043374
H            3.12468762968084        2.41609699588797       -0.40109263400428
H            4.02779276499912        0.32089897136586        0.59086459931387
H            2.53659898944801       -1.62910104794602        0.90626851710781
H           -1.76933492410699       -2.53177571040728        0.54331370008161
21
 energy: -648.603666580465 gnorm: 0.001385470934 xtb: 6.7.1 (edcfbbe)
C           -3.29050711534239        1.05434271448257       -0.73808997741559
C           -1.94681014966120        1.09074275443029       -0.10210181759848
O           -1.68819533128227        1.45903192073611        1.02254878010200
O           -0.98290939437966        0.61588137990921       -0.95941089626637
C            0.32136114718318        0.52558878525103       -0.46144183211437
C            1.14725425008515        1.62347393274998       -0.64675666798011
C            2.48045591831298        1.55437058934556       -0.26075083158542
C            2.98527709825157        0.38179594077934        0.29758428861651
C            2.15290401503213       -0.71203222894427        0.47352980687384
C            0.79904993160692       -0.66064826264460        0.11111540669573
C           -0.00711130728344       -1.88114272321077        0.35494041726185
O            0.48759668260569       -2.97856424502043        0.55813809544815
O           -1.33755878892805       -1.67765397389116        0.36852651143810
H           -3.94475261786381        1.78347231834888       -0.25958993655856
H           -3.70672811128041        0.05170729090783       -0.57995546006596
H           -3.22744949583756        1.22852048367472       -1.81342919019168
H            0.73518515155087        2.51884098057738       -1.09954975559552
H            3.12476256901379        2.41564079571180       -0.40229748789334
H            4.02673234029688        0.32160087815088        0.59356247273171
H            2.53558804451728       -1.62803509209394        0.90916708844908
H           -1.76902586221069       -2.53267773740660        0.54339039552404
21
 energy: -648.603671781671 gnorm: 0.001905818568 xtb: 6.7.1 (edcfbbe)
C           -3.29058881242254        1.05483431267706       -0.73558161469219
C           -1.94493573092456        1.09117268608041       -0.10296841419768
O           -1.68467812783996        1.46097805786601        1.02087923622786
O           -0.98338559576016        0.61409876749837       -0.96067475593366
C            0.32172999933231        0.52455652877620       -0.46314296393009
C            1.14744953729424        1.62214430664761       -0.65030373221536
C            2.48018250231395        1.55392623598432       -0.26225836564192
C            2.98413760520738        0.38302059463408        0.30005796665894
C            2.15196540376580       -0.71096354739561        0.47643111805039
C            0.79880264381353       -0.66054458634195        0.11194969930342
C           -0.00724664058219       -1.88136476324286        0.35713169984747
O            0.48872479513975       -2.97936190122750        0.55457720432423
O           -1.33746865347056       -1.67949752808679        0.36611404358377
H           -3.94358985884375        1.78044251212756       -0.25345693351760
H           -3.70504758255360        0.05300638205819       -0.58136337685533
H           -3.23149245735199        1.23356687911793       -1.80902639298925
H            0.73627883975830        2.51675448576464       -1.10539654585506
H            3.12468329838335        2.41479124188425       -0.40532491778144
H            4.02476945558714        0.32357131978122        0.59897281197831
H            2.53407932082592       -1.62568863996758        0.91518232619809
H           -1.76924967808712       -2.53518807373240        0.53733385382084
21
 energy: -648.603681104928 gnorm: 0.001044833397 xtb: 6.7.1 (edcfbbe)
C           -3.29056702351781        1.05549336995151       -0.73371185945476
C           -1.94362520135290        1.09173937045280       -0.10365250156139
O           -1.68183647254052        1.46243078936752        1.01963967957903
O           -0.98380615668273        0.61320230791105       -0.96196398882758
C            0.32177372154568        0.52379731220163       -0.46483368205038
C            1.14759146147214        1.62099425554791       -0.65328551985764
C            2.47986790689540        1.55354477965971       -0.26333430332321
C            2.98296536761263        0.38400415745562        0.30248993764681
C            2.15080275779752       -0.71001268852439        0.47908569780604
C            0.79834066889399       -0.66062193666571        0.11191164860107
C           -0.00727676095744       -1.88249814931486        0.35428918754947
O            0.48975093514162       -2.97979341443103        0.55280180519029
O           -1.33731868104255       -1.68116496739713        0.36474193774887
H           -3.94333803407485        1.77897624048223       -0.24682497482422
H           -3.70307310058828        0.05176109158009       -0.58262957213509
H           -3.23323328151231        1.23895480096049       -1.80705891284131
H            0.73706814960352        2.51485635776603       -1.11041709131051
H            3.12449267709913        2.41417243941201       -0.40728776690494
H            4.02305168215710        0.32525501444311        0.60347824015389
H            2.53249650481945       -1.62385864611658        0.92004031824074
H           -1.76900580503255       -2.53697811136164        0.53565591546728
21
 energy: -648.603689320327 gnorm: 0.001100508781 xtb: 6.7.1 (edcfbbe)
C           -3.29009745527221        1.05737409930899       -0.72977925306504
C           -1.94113248482332        1.09115409296127       -0.10399845677664
O           -1.67538766607640        1.46522330629934        1.01750601413908
O           -0.98452509855399        0.61075515720007       -0.96423109526219
C            0.32189122180679        0.52178618798819       -0.46865623929731
C            1.14785593123029        1.61828411918759       -0.65975966106222
C            2.47913850425797        1.55279451864469       -0.26586951996495
C            2.98073247012288        0.38601914872294        0.30705436586279
C            2.14866761867194       -0.70799665269252        0.48458417947062
C            0.79755715737142       -0.66092409538057        0.11212795076392
C           -0.00742540817282       -1.88385694293075        0.35170927763382
O            0.49105371659694       -2.98076680493713        0.54905229008891
O           -1.33726869827698       -1.68394479205739        0.36220671764421
H           -3.94353712551546        1.77472060248887       -0.23281679610025
H           -3.69864118862376        0.04950518758228       -0.58745386469645
H           -3.23663277183932        1.25203067090121       -1.80233045298909
H            0.73832751505882        2.51026097238697       -1.12140116968360
H            3.12389655200668        2.41303134237322       -0.41161173394833
H            4.01955872123794        0.32943735701465        0.61291383441838
H            2.52967086496819       -1.62015869178447        0.92967724173930
H           -1.76857876053495       -2.54047620872591        0.53021511260572
21
 energy: -648.603692809651 gnorm: 0.001489753640 xtb: 6.7.1 (edcfbbe)
C           -3.28956192612539        1.05875779558734       -0.72609407352396
C           -1.93854023932615        1.09382466051938       -0.10508147229936
O           -1.66948721080912        1.46711760023749        1.01593655388630
O           -0.98493968019142        0.60936955344515       -0.96646983115287
C            0.32187441561087        0.52001698256992       -0.47185352122878
C            1.14833187537248        1.61556502642120       -0.66599337792349
C            2.47856819937384        1.55186233024665       -0.26840312504891
C            2.97858516119333        0.38769713762375        0.31123563294034
C            2.14671962947084       -0.70642052641467        0.48909776433441
C            0.79668610133706       -0.66114279836358        0.11259737930795
C           -0.00754606198689       -1.88493780265957        0.34995472291618
O            0.49190497488990       -2.98167099090946        0.54599691705100
O           -1.33748901227160       -1.68618198322415        0.36062310462910
H           -3.94514696840125        1.76722566227709       -0.21890354097741
H           -3.69261500992126        0.04674744441864       -0.59493015780377
H           -3.24015117528251        1.26611306383826       -1.79679608759887
H            0.73958255911773        2.50583059787698       -1.13166771168001
H            3.12349443666177        2.41170076402680       -0.41573965041540
H            4.01627771966265        0.33311603113814        0.62127011102218
H            2.52687838008303       -1.61680292958369        0.93855673982143
H           -1.76830029979684       -2.54353652646853        0.52580652386862
21
 energy: -648.603697176037 gnorm: 0.000864717088 xtb: 6.7.1 (edcfbbe)
C           -3.28918262472420        1.05960702545056       -0.72471716919030
C           -1.93798660241645        1.09308344874341       -0.10436111279694
O           -1.66688336808468        1.46789778060210        1.01549446417417
O           -0.98528371484576        0.60821518076732       -0.96722650558039
C            0.32172391677052        0.51914212869362       -0.47336289539363
C            1.14845467459678        1.61433813865329       -0.66866626494387
C            2.47821748151924        1.55145953330255       -0.26968903979593
C            2.97771188442136        0.38846502609272        0.31267197751355
C            2.14606062490731       -0.70565835099389        0.49097308419662
C            0.79638946644893       -0.66126085959222        0.11292200353453
C           -0.00749464555499       -1.88522125958156        0.35008523490145
O            0.49187884581631       -2.98208728364406        0.54535422301311
O           -1.33771027180569       -1.68661665880192        0.36045495529278
H           -3.94636154421783        1.76230047356134       -0.21218658387590
H           -3.68916734032790        0.04560705101644       -0.60170391170981
H           -3.24084786368170        1.27513736727845       -1.79371922493270
H            0.73981971085501        2.50369155531396       -1.13612888291031
H            3.12323912473597        2.41104523110654       -0.41781555744825
H            4.01493725269081        0.33481562192913        0.62421363901351
H            2.52584544476505       -1.61531947891407        0.94217380003976
H           -1.76823353192815       -2.54439098829133        0.52437826807250
21
 energy: -648.603697176037 gnorm: 0.000864717088 xtb: 6.7.1 (edcfbbe)
C           -3.28918262472420        1.05960702545056       -0.72471716919030
C           -1.93798660241645        1.09308344874341       -0.10436111279694
O           -1.66688336808468        1.46789778060210        1.01549446417417
O           -0.98528371484576        0.60821518076732       -0.96722650558039
C            0.32172391677052        0.51914212869362       -0.47336289539363
C            1.14845467459678        1.61433813865329       -0.66866626494387
C            2.47821748151924        1.55145953330255       -0.26968903979593
C            2.97771188442136        0.38846502609272        0.31267197751355
C            2.14606062490731       -0.70565835099389        0.49097308419662
C            0.79638946644893       -0.66126085959222        0.11292200353453
C           -0.00749464555499       -1.88522125958156        0.35008523490145
O            0.49187884581631       -2.98208728364406        0.54535422301311
O           -1.33771027180569       -1.68661665880192        0.36045495529278
H           -3.94636154421783        1.76230047356134       -0.21218658387590
H           -3.68916734032790        0.04560705101644       -0.60170391170981
H           -3.24084786368170        1.27513736727845       -1.79371922493270
H            0.73981971085501        2.50369155531396       -1.13612888291031
H            3.12323912473597        2.41104523110654       -0.41781555744825
H            4.01493725269081        0.33481562192913        0.62421363901351
H            2.52584544476505       -1.61531947891407        0.94217380003976
H           -1.76823353192815       -2.54439098829133        0.52437826807250
