18
 energy: -20.888415559842 gnorm: 0.029370950075 xtb: 6.7.1 (edcfbbe)
C           -1.46753946744767        1.27988271651477       -0.48113464350956
C           -1.33174401315143        0.26661953954960        0.65678585275027
C           -0.10065143646518       -0.65689242336389        0.60750110361435
H           -0.10818194497537       -1.22178899539176        1.55094547272397
C           -0.17287821305409       -1.66924917714117       -0.53604011003794
C            1.23750444056613        0.09033323032895        0.61589959790097
O            1.67425526688260        0.57169820843187       -0.67236945257987
H           -1.39429370418787        0.80738081116000       -1.46652037314310
H           -2.44011670435503        1.78042816818072       -0.43114237699933
H           -0.70969588796626        2.07025064135115       -0.41619422945148
H           -2.22546653631380       -0.37033120267202        0.67412857668816
H           -1.32120612209405        0.80936568054887        1.61042884725587
H           -0.20713704183122       -1.17820069559474       -1.51310918828930
H           -1.06989214753562       -2.28964310178125       -0.44131856391340
H            0.69984261661244       -2.33169760737888       -0.52980415274144
H            2.03041778209287       -0.59220081131965        0.93867266318958
H            1.19779904545917        0.92233478248830        1.33488969420397
H            1.01272481983026        1.19121536719969       -1.00271887012273
18
 energy: -20.889374395755 gnorm: 0.013563721197 xtb: 6.7.1 (edcfbbe)
C           -1.46497702295483        1.27737233997799       -0.47922503467231
C           -1.33304841425302        0.26725194855716        0.65498723838001
C           -0.10531971609702       -0.65813539699941        0.61033343678122
H           -0.12008114507598       -1.22593349706236        1.54991188455540
C           -0.17551410988311       -1.66180669398023       -0.53765531503805
C            1.23501749466788        0.09100205175334        0.60977736334568
O            1.67349858329812        0.55755965334443       -0.66392241972080
H           -1.38831069450654        0.79705539851034       -1.45349650783150
H           -2.43858053246223        1.76425998323795       -0.42451775667445
H           -0.70988236202139        2.06050880563592       -0.40376213384320
H           -2.22302299169004       -0.36882335394861        0.66259334566736
H           -1.31857997131727        0.81193036638805        1.60392645356325
H           -0.19335641636694       -1.16259877977857       -1.50477039975930
H           -1.07071202042903       -2.27603919245359       -0.44816362516838
H            0.69577193934238       -2.31534171653699       -0.51879583403327
H            2.03082940290913       -0.58678691308049        0.92911220241247
H            1.19519036575750        0.93127083143500        1.31588024777353
H            1.01481836314826        1.17675929611065       -1.00331329819869
18
 energy: -20.889572115683 gnorm: 0.003682682424 xtb: 6.7.1 (edcfbbe)
C           -1.46232796441013        1.27582145560761       -0.47739311714091
C           -1.33521214417319        0.26736868468544        0.65925204421809
C           -0.10782468537621       -0.65796830382760        0.61284249952604
H           -0.12274863419256       -1.22735742121722        1.54984069009334
C           -0.17412304103037       -1.65657590495916       -0.54051333354015
C            1.23353769254552        0.09457106641769        0.60531448257156
O            1.66839880804932        0.54276786467129       -0.66271708594915
H           -1.38176615499310        0.79180428334851       -1.44626988144684
H           -2.43608710797010        1.75681683058069       -0.42444196135803
H           -0.70987214588242        2.05623496946089       -0.39687837336158
H           -2.22236110564070       -0.36944332602361        0.66294613355777
H           -1.31952320112231        0.81112732265870        1.60686344544297
H           -0.17802703505605       -1.14961686284460       -1.50096765717863
H           -1.07156463091325       -2.26390115214113       -0.46076975595236
H            0.69381345335714       -2.30990245411575       -0.51381579056911
H            2.02673484648953       -0.58184760749259        0.93296635992358
H            1.18893903974499        0.93850172673887        1.30658357779537
H            1.01375476263973        1.16110395956252       -1.01394242909302
18
 energy: -20.889612765534 gnorm: 0.001501636324 xtb: 6.7.1 (edcfbbe)
C           -1.46234646528886        1.27548029044784       -0.47514042319132
C           -1.33642084664627        0.26580611861317        0.66186948380153
C           -0.10816288301634       -0.65853422934345        0.61440794478071
H           -0.12127155166393       -1.22930996409841        1.55022707014230
C           -0.17316824393726       -1.65451858656815       -0.54222379832144
C            1.23300290133870        0.09777710680655        0.60338414996630
O            1.66791847473835        0.53518401766982       -0.66449179046348
H           -1.37874553296731        0.79038764989265       -1.44317871802997
H           -2.43654537572113        1.75591420390128       -0.42500600724965
H           -0.71009338322926        2.05565337688000       -0.39194973848516
H           -2.22368678425567       -0.37061640000749        0.66525835524865
H           -1.32057697617796        0.80904582469668        1.60955548554898
H           -0.16668446536404       -1.14385502231959       -1.50076326225700
H           -1.07483659073117       -2.25657177739183       -0.47107413071515
H            0.69122606798391       -2.31243269401285       -0.51072650129145
H            2.02487138864564       -0.57600242640276        0.94137208613641
H            1.18358043050444        0.94462876775738        1.30197679036307
H            1.01568058785403        1.15146887458976       -1.02459714844439
18
 energy: -20.889639529364 gnorm: 0.002826276607 xtb: 6.7.1 (edcfbbe)
C           -1.46209938088011        1.27406902383354       -0.47023841487001
C           -1.33838616737922        0.26240994268004        0.66666978131180
C           -0.10862646856226       -0.65946983324829        0.61500358523366
H           -0.11748768823059       -1.23277565109098        1.54908672845814
C           -0.17174508513374       -1.65226693359620       -0.54528560218772
C            1.23107506311940        0.10386142543462        0.60142668156787
O            1.66973290878025        0.52504971551990       -0.66802774213087
H           -1.37535788160408        0.78942611259091       -1.43900440628099
H           -2.43647762748178        1.75579361524538       -0.42370393089033
H           -0.70883482075487        2.05398426803806       -0.38391178009309
H           -2.22654006997867       -0.37342341693678        0.67005789565034
H           -1.32256288921805        0.80428049953151        1.61555298204173
H           -0.14475198250629       -1.13841375867713       -1.50260091146825
H           -1.08341933322966       -2.24224656254325       -0.48971078063583
H            0.68335440642983       -2.32332967631623       -0.50442180421397
H            2.02275278125257       -0.56234689278189        0.95784589085734
H            1.17216623387055        0.95807638542072        1.29243828181343
H            1.02094875357260        1.13682686800664       -1.04227660662432
18
 energy: -20.889649215514 gnorm: 0.001941990712 xtb: 6.7.1 (edcfbbe)
C           -1.46228869693073        1.27381930760619       -0.46908576322063
C           -1.33837368169532        0.26150572569729        0.66671988949816
C           -0.10842459856200       -0.65977374306744        0.61457597734531
H           -0.11655120029542       -1.23364427271194        1.54843529000449
C           -0.17170545363398       -1.65214461668719       -0.54564204009630
C            1.23029349533449        0.10486393650990        0.60168082318664
O            1.67130773967950        0.52440965218647       -0.66845761570166
H           -1.37650740252719        0.78993565476679       -1.43836700989844
H           -2.43614828897676        1.75661504826147       -0.42178952988644
H           -0.70817696001729        2.05308282375756       -0.38304779764395
H           -2.22654809191073       -0.37445795094689        0.66998239693686
H           -1.32264333559968        0.80271914328525        1.61608406022642
H           -0.13969595837833       -1.13946877546605       -1.50333909531699
H           -1.08583549870563       -2.23843594112950       -0.49262299570639
H            0.68018029263643       -2.32708654981851       -0.50211453403517
H            2.02274191769435       -0.55882478017792        0.96018395581774
H            1.16940550220343        0.96114937487367        1.28965829011456
H            1.02271097175072        1.13524109417141       -1.04395445408525
18
 energy: -20.889660672787 gnorm: 0.001563448187 xtb: 6.7.1 (edcfbbe)
C           -1.46240416970713        1.27238247865072       -0.46432329835637
C           -1.33881310109596        0.25807858160422        0.66786910030015
C           -0.10757980719707       -0.66046567679759        0.61270789716183
H           -0.11365774556446       -1.23654857607738        1.54543739149090
C           -0.17082971352264       -1.65138849701437       -0.54744485046350
C            1.22732790846718        0.10909833672222        0.60237143686460
O            1.67618852191727        0.52052792651762       -0.67091689503700
H           -1.38281161903667        0.79060815899623       -1.43513000766960
H           -2.43346026218963        1.75998133811940       -0.41186191678994
H           -0.70390437500221        2.04758238902022       -0.38018954050896
H           -2.22639615760910       -0.37888302964855        0.66927366612370
H           -1.32386069749012        0.79639393477482        1.61909826254027
H           -0.11367100863056       -1.14161803277108       -1.50552492878228
H           -1.09697004629059       -2.21970571218902       -0.50753265795004
H            0.66639880366470       -2.34352600267797       -0.49018006333951
H            2.02269912960878       -0.54444116158281        0.96977524912605
H            1.15765410736134        0.97399464162792        1.27711877578612
H            1.02783098438272        1.12743403383596       -1.05164777295744
18
 energy: -20.889663897332 gnorm: 0.000331095596 xtb: 6.7.1 (edcfbbe)
C           -1.46269070480876        1.27282422617944       -0.46541714310287
C           -1.33874361991623        0.25880837065499        0.66773019438908
C           -0.10755488349879       -0.66041129307629        0.61370613342969
H           -0.11440506948282       -1.23589931013913        1.54669643296839
C           -0.17054425821004       -1.65142782139618       -0.54708561762557
C            1.22810648996695        0.10826656055935        0.60205227270737
O            1.67447665706197        0.52099988456985       -0.67069831087420
H           -1.38368453708334        0.78983893109691       -1.43557037767648
H           -2.43363727873860        1.76052719568620       -0.41277310336533
H           -0.70410184718952        2.04778846720607       -0.38194609707399
H           -2.22612899938313       -0.37816673798078        0.66918295877310
H           -1.32382908105503        0.79771371997059        1.61842411016150
H           -0.11574163535036       -1.14068238579300       -1.50435062148275
H           -1.09495903417005       -2.22171033847224       -0.50665355871661
H            0.66822859339588       -2.34100871386386       -0.49125731293734
H            2.02269468078047       -0.54762129232663        0.96747643420259
H            1.16057694914191        0.97100111689904        1.27963058166169
H            1.02567833060533        1.12866455133624       -1.05024712789932
18
 energy: -20.889664976592 gnorm: 0.000207290288 xtb: 6.7.1 (edcfbbe)
C           -1.46317081792962        1.27273536723038       -0.46574186314605
C           -1.33886021620535        0.25899028508175        0.66785583994660
C           -0.10744750919044       -0.66015779479149        0.61380222529351
H           -0.11465611391310       -1.23537691818260        1.54687867822721
C           -0.17011640117278       -1.65145170692005       -0.54703849739260
C            1.22859478810816        0.10802179806523        0.60184252453406
O            1.67384602543260        0.52129157695595       -0.67084155236833
H           -1.38624758556070        0.78908585854259       -1.43574438059080
H           -2.43355041180971        1.76144570104751       -0.41159968721881
H           -0.70369987660647        2.04695065779257       -0.38359428766436
H           -2.22610086776931       -0.37812485723730        0.66939186962445
H           -1.32391536441798        0.79816404856583        1.61835420339641
H           -0.11241306499140       -1.14006563031821       -1.50389179658475
H           -1.09572205267179       -2.22002116047792       -0.50842579633013
H            0.66761065907760       -2.34230691317149       -0.48934161864349
H            2.02300897437063       -0.54880946611322        0.96635076270042
H            1.16191721252517        0.97007124139236        1.28046348043359
H            1.02466337479037        1.12906304364867       -1.04982025667799
18
 energy: -20.889666027006 gnorm: 0.000295175885 xtb: 6.7.1 (edcfbbe)
C           -1.46423536610556        1.27245961657858       -0.46610708964541
C           -1.33864269266692        0.25922114441210        0.66789839970672
C           -0.10718528292810       -0.65998771597985        0.61398251497180
H           -0.11455805561708       -1.23491764227945        1.54723737659552
C           -0.16956018783740       -1.65135646306921       -0.54699562370572
C            1.22907181197062        0.10776695263797        0.60166571379851
O            1.67342217209233        0.52234907194127       -0.67087440896132
H           -1.39116600922119        0.78789227308796       -1.43596141305427
H           -2.43350907332228        1.76316744887297       -0.40927234481792
H           -0.70307656952871        2.04528966367149       -0.38670779981947
H           -2.22566515952833       -0.37816236383502        0.67006365288157
H           -1.32345866305047        0.79882915415527        1.61812509344207
H           -0.10576944884679       -1.14021315147999       -1.50355175713090
H           -1.09756831565079       -2.21611493906397       -0.51203715805928
H            0.66509844157104       -2.34561677543226       -0.48582225601238
H            2.02340112231434       -0.55011104972261        0.96468282901281
H            1.16352377527684        0.96893532026595        1.28158333388244
H            1.02361825314431        1.13007458634937       -1.04900921554582
18
 energy: -20.889666598725 gnorm: 0.000184536835 xtb: 6.7.1 (edcfbbe)
C           -1.46502616690114        1.27182913338751       -0.46647251852587
C           -1.33833978848053        0.25945653334206        0.66803574819269
C           -0.10693967806653       -0.65971470606083        0.61370260704073
H           -0.11436658376660       -1.23460671464731        1.54698840659084
C           -0.16949084610535       -1.65117717898098       -0.54704554289548
C            1.22957057002695        0.10751310611110        0.60168190042889
O            1.67344464140547        0.52373932955456       -0.67051674467713
H           -1.39438961989594        0.78651798144454       -1.43613006611638
H           -2.43370583448110        1.76350166311172       -0.40796927656495
H           -0.70306507638762        2.04409600831532       -0.38928919470893
H           -2.22540089169361       -0.37793904899345        0.67145783665359
H           -1.32237242050107        0.79973364311181        1.61790378762853
H           -0.10102470143278       -1.14052035074146       -1.50349084331136
H           -1.09951462824904       -2.21273036818404       -0.51470549914266
H            0.66247987870221       -2.34840674781288       -0.48332590762245
H            2.02396622373843       -0.55105991794622        0.96329368609496
H            1.16472602183004        0.96789858370525        1.28273705640021
H            1.02318965232409        1.13137418239388       -1.04795558792628
18
 energy: -20.889667062549 gnorm: 0.000105191691 xtb: 6.7.1 (edcfbbe)
C           -1.46582201393385        1.27107988272573       -0.46691244492853
C           -1.33771254167637        0.25987274702369        0.66833827830742
C           -0.10672835372330       -0.65970905562231        0.61362145561946
H           -0.11412846288053       -1.23475094560408        1.54686678314764
C           -0.16962535612165       -1.65081312527496       -0.54728199784299
C            1.22991166555167        0.10722838507515        0.60178001979760
O            1.67361599664476        0.52494817527003       -0.67007410518887
H           -1.39613872753498        0.78491894968478       -1.43620850491842
H           -2.43445261791429        1.76278216818992       -0.40786461940611
H           -0.70385404089879        2.04350561006389       -0.39134321008014
H           -2.22488437808852       -0.37740680673449        0.67348362801262
H           -1.32062000529801        0.80101197501337        1.61773699089743
H           -0.09747168256329       -1.14047777539988       -1.50369097634176
H           -1.10142755527581       -2.20961012136863       -0.51694700728940
H            0.66005205674905       -2.35065168348738       -0.48169888495838
H            2.02432651556881       -0.55194089643603        0.96219233384901
H            1.16555297835157        0.96689866441637        1.28388391813115
H            1.02314727510941        1.13261898357540       -1.04698180926880
18
 energy: -20.889667608698 gnorm: 0.000179765589 xtb: 6.7.1 (edcfbbe)
C           -1.46663277011604        1.27000605927389       -0.46765262419997
C           -1.33698007584014        0.26052807307293        0.66888442855683
C           -0.10647550386109       -0.65957299300354        0.61350417937499
H           -0.11395738529981       -1.23491737558090        1.54658964166312
C           -0.17007947015550       -1.65024875815723       -0.54762337903676
C            1.23052768675401        0.10666931158912        0.60204576333759
O            1.67373968072788        0.52635583125224       -0.66940791452628
H           -1.39674082912321        0.78262810821095       -1.43631164627135
H           -2.43578723905093        1.76070168913229       -0.40897139683635
H           -0.70551868643572        2.04344772691235       -0.39356586447235
H           -2.22442729654113       -0.37641690279706        0.67663438416638
H           -1.31803611205808        0.80307140716112        1.61747670502342
H           -0.09488699626264       -1.14018893613483       -1.50388708767122
H           -1.10340268700945       -2.20652698619136       -0.51901875873505
H            0.65741950921658       -2.35245685250561       -0.48088398531117
H            2.02493102940342       -0.55336213947586        0.96082851842537
H            1.16693676174932        0.96534993385162        1.28550937540699
H            1.02311113596841        1.13443793450045       -1.04525049135523
18
 energy: -20.889668085448 gnorm: 0.000177513288 xtb: 6.7.1 (edcfbbe)
C           -1.46763154200633        1.26867884429656       -0.46865515627443
C           -1.33598987996574        0.26146728639329        0.66970177813149
C           -0.10618240749551       -0.65951102699470        0.61356773896213
H           -0.11391295016059       -1.23529899918708        1.54637949986967
C           -0.17066916812050       -1.64951986498085       -0.54807682526187
C            1.23129138782149        0.10587928146983        0.60226292890236
O            1.67363315983714        0.52766910300692       -0.66878229733536
H           -1.39681797704158        0.77964954971377       -1.43640116485213
H           -2.43769311521520        1.75768955339198       -0.41090230812363
H           -0.70793944891556        2.04365504686262       -0.39602528535161
H           -2.22371899940355       -0.37503117842485        0.68057797924172
H           -1.31480137829678        0.80580700639001        1.61721932690181
H           -0.09196966352397       -1.13918908280705       -1.50397273545450
H           -1.10580381350357       -2.20290347582724       -0.52148512448486
H            0.65456513874955       -2.35428870121477       -0.48003209769453
H            2.02556256506139       -0.55532337962010        0.95913900959471
H            1.16885423859223        0.96334155415865        1.28733541200279
H            1.02296460565294        1.13673361448359       -1.04295083123481
18
 energy: -20.889668255494 gnorm: 0.000075408506 xtb: 6.7.1 (edcfbbe)
C           -1.46826376636859        1.26787377942206       -0.46940088397607
C           -1.33546231124211        0.26212122212705        0.67021271197325
C           -0.10602035234536       -0.65938634265861        0.61369773718999
H           -0.11399065072197       -1.23533582821866        1.54639227187969
C           -0.17101402586681       -1.64904683366907       -0.54831753354004
C            1.23189188070628        0.10519783931001        0.60236659022937
O            1.67336630531248        0.52833654207024       -0.66852826029806
H           -1.39681060049163        0.77769414078593       -1.43650865709732
H           -2.43896939926897        1.75568173300890       -0.41227634406661
H           -0.70958271509939        2.04393277968908       -0.39773190670691
H           -2.22334335717082       -0.37410330558634        0.68306995133476
H           -1.31284149230074        0.80768424217843        1.61696833214622
H           -0.09056883666325       -1.13851617435845       -1.50391451784826
H           -1.10701016215990       -2.20090892136144       -0.52277466719674
H            0.65304145566464       -2.35510916566693       -0.47973720750333
H            2.02599523625440       -0.55701927487010        0.95781094212592
H            1.17046529020897        0.96177186257723        1.28860489912724
H            1.02285825361863        1.13863683633124       -1.04103361023415
18
 energy: -20.889668287580 gnorm: 0.000027301986 xtb: 6.7.1 (edcfbbe)
C           -1.46848601744993        1.26761725836922       -0.46965429375412
C           -1.33527682149457        0.26232008575652        0.67035294263881
C           -0.10595951668801       -0.65937829270229        0.61374434429508
H           -0.11401421458925       -1.23537291066915        1.54639844084993
C           -0.17118380874181       -1.64899395458583       -0.54832964636674
C            1.23208588932965        0.10499114916954        0.60233174830325
O            1.67318998353887        0.52852151145089       -0.66851966885643
H           -1.39690995355046        0.77707852451924       -1.43655854535207
H           -2.43934029046521        1.75514255379774       -0.41266100007362
H           -0.71004428310377        2.04392115361833       -0.39831193475058
H           -2.22318719360403       -0.37382206584645        0.68375386717985
H           -1.31227346385125        0.80823606426589        1.61688162213041
H           -0.09003899870660       -1.13828691357675       -1.50378849696443
H           -1.10750210000607       -2.20035182112112       -0.52320943674995
H            0.65252377439867       -2.35544065755427       -0.47950867304847
H            2.02613209015768       -0.55755483419907        0.95729717263777
H            1.17109307061298        0.96128215164333        1.28892234758922
H            1.02293260627898        1.13959612877478       -1.04024094216895
