----------------------------------------------- 
  Element       SASA      Sigma Z        Total  
     Z         Ang**2 cal/Ang**2/mol   kcal/mol 
----------------------------------------------- 
      H        107.930      48.690       5.255
      C         18.406     129.740       2.388
      N         11.138       0.000       0.000
      O         13.567       0.000       0.000

 Subtotal:     151.042                   7.643
 -----------------------------------------------

  Elements    COT*SASA   Sigma Z,Z'     Total   
    Z,Z'       Ang**2  cal/Ang**2/mol kcal/mol  
 ---------------------------------------------- 
  H   C         54.376     -60.770      -3.304
  H   O          0.000       0.000       0.000
  C   C          4.890     -72.950      -0.357
  O   C          0.071      68.690       0.005
  C   N          1.641       0.000       0.000
  N   C         35.830     -48.220      -1.728
  N  C(3)        0.000      84.100       0.000
  O   N          0.000     121.980       0.000

 Subtotal:                              -5.384
 ---------------------------------------------- 

 NONAQUEOUS SOLVENT CONTRIBUTION (kcal/mol):
 (proportional to SASA, atomic number independent)
 ---------------------------------------------- 
 Subtotal:                               0.000
 ---------------------------------------------- 

 CDS TOTAL (kcal/mol):                   2.259
...............................................................................
