----------------------------------------------- 
  Element       SASA      Sigma Z        Total  
     Z         Ang**2 cal/Ang**2/mol   kcal/mol 
----------------------------------------------- 
      H        133.013      48.690       6.476
      C         23.750     129.740       3.081
      O         18.036       0.000       0.000

 Subtotal:     174.799                   9.558
 -----------------------------------------------

  Elements    COT*SASA   Sigma Z,Z'     Total   
    Z,Z'       Ang**2  cal/Ang**2/mol kcal/mol  
 ---------------------------------------------- 
  H   C         81.618     -60.770      -4.960
  H   O          8.189       0.000       0.000
  C   C         19.476     -72.950      -1.421
  O   C          0.000      68.690       0.000

 Subtotal:                              -6.381
 ---------------------------------------------- 

 NONAQUEOUS SOLVENT CONTRIBUTION (kcal/mol):
 (proportional to SASA, atomic number independent)
 ---------------------------------------------- 
 Subtotal:                               0.000
 ---------------------------------------------- 

 CDS TOTAL (kcal/mol):                   3.177
...............................................................................
