----------------------------------------------- 
  Element       SASA      Sigma Z        Total  
     Z         Ang**2 cal/Ang**2/mol   kcal/mol 
----------------------------------------------- 
      H        159.505      48.690       7.766
      C         34.600     129.740       4.489
      O          9.368       0.000       0.000

 Subtotal:     203.473                  12.255
 -----------------------------------------------

  Elements    COT*SASA   Sigma Z,Z'     Total   
    Z,Z'       Ang**2  cal/Ang**2/mol kcal/mol  
 ---------------------------------------------- 
  H   C        107.178     -60.770      -6.513
  H   O          0.000       0.000       0.000
  C   C         22.329     -72.950      -1.629
  O   C          0.000      68.690       0.000

 Subtotal:                              -8.142
 ---------------------------------------------- 

 NONAQUEOUS SOLVENT CONTRIBUTION (kcal/mol):
 (proportional to SASA, atomic number independent)
 ---------------------------------------------- 
 Subtotal:                               0.000
 ---------------------------------------------- 

 CDS TOTAL (kcal/mol):                   4.113
...............................................................................
