CONF#        E (DFT) (+ ΔGsolv)       ΔE (DFT) (+ δΔGsolv)       GmRRHO          Gtot             ΔGtot          Boltzmann weight   
                    [Eh]                   [kcal/mol]             [Eh]           [Eh]           [kcal/mol]        % at 298.15 K     
CONF1           -272.911005                   0.07                ---         -272.781086          0.47                8.43         
CONF2           -272.910458                   0.42                ---         -272.780700          0.71                5.60         
CONF3           -272.910421                   0.44                ---         -272.780436          0.88                4.23         
CONF4           -272.910052                   0.67                ---         -272.779903          1.21                2.41         
CONF6           -272.910808                   0.20                ---         -272.781249          0.37               10.02         
CONF7           -272.910401                   0.45                ---         -272.781148          0.43                8.99         
CONF8           -272.910051                   0.67                ---         -272.780432          0.88                4.21         
CONF9           -272.910613                   0.32                ---         -272.781190          0.40                9.41         
CONF10          -272.910233                   0.56                ---         -272.780813          0.64                6.31         
CONF11          -272.909607                   0.95                ---         -272.779741          1.31                2.03         
CONF14          -272.911123                   0.00                ---         -272.781833          0.00               18.59         
CONF15          -272.909847                   0.80                ---         -272.780230          1.01                3.40         
CONF16          -272.909849                   0.80                ---         -272.780181          1.04                3.23         
CONF18          -272.909874                   0.78                ---         -272.779988          1.16                2.63         
CONF20          -272.910664                   0.29                ---         -272.781294          0.34               10.51         

Boltzmann averaged free energy/enthalpy of ensemble on optimized geometries:
temperature /K:   avE(T) /a.u.   avG(T) /a.u.
    298.15        -272.9105781    -272.7810416     <<==part2==
----------------------------------------------------------------------------------------------------

