----------------------------------------------- 
  Element       SASA      Sigma Z        Total  
     Z         Ang**2 cal/Ang**2/mol   kcal/mol 
----------------------------------------------- 
      H        118.219      48.690       5.756
      C         72.053     129.740       9.348
      O         22.237       0.000       0.000

 Subtotal:     212.509                  15.104
 -----------------------------------------------

  Elements    COT*SASA   Sigma Z,Z'     Total   
    Z,Z'       Ang**2  cal/Ang**2/mol kcal/mol  
 ---------------------------------------------- 
  H   C         79.643     -60.770      -4.840
  H   O          0.000       0.000       0.000
  C   C         69.314     -72.950      -5.056
  O   C          3.210      68.690       0.220
  O   O          0.000       0.000       0.000

 Subtotal:                              -9.676
 ---------------------------------------------- 

 NONAQUEOUS SOLVENT CONTRIBUTION (kcal/mol):
 (proportional to SASA, atomic number independent)
 ---------------------------------------------- 
 Subtotal:                               0.000
 ---------------------------------------------- 

 CDS TOTAL (kcal/mol):                   5.428
...............................................................................
