12
 energy: -1150.119231669265 gnorm: 0.005272997431 xtb: 6.7.1 (edcfbbe)
C            0.16127589939071       -0.36018814647366       -0.28185887449162
H           -0.09793853588859       -0.46907520960320       -1.33906927898545
C            1.49692573531966        0.38534769944971       -0.16023134096863
F            2.46661880289091       -0.26247193531380       -0.82242530601721
F            1.87877095582168        0.53088485459988        1.11916714719584
F            1.37177912171652        1.61328972308261       -0.69879103071089
O           -0.76981299552886        0.36974613054862        0.44832805288570
C           -2.09843097391587        0.18317625861555        0.06631401978526
F           -2.31230577438741        0.77581689182195       -1.14265631212521
F           -2.83053414031265        0.84440560844741        0.98128190924957
Cl           0.37438307469237       -2.05074130173916        0.39056282449145
H           -2.39878255761635       -0.86778823814163        0.01334408149606
12
 energy: -1150.119258481605 gnorm: 0.002619221539 xtb: 6.7.1 (edcfbbe)
C            0.16254934204828       -0.36164084985760       -0.28208268994416
H           -0.09692313416051       -0.47099494042302       -1.33944638940812
C            1.49747506871727        0.38525480659206       -0.16060967958455
F            2.46871551262480       -0.26246898544839       -0.82187499060130
F            1.87932137716671        0.53226602023092        1.11910201962610
F            1.37130754134525        1.61296065456768       -0.70034149511621
O           -0.76881110725984        0.37109134115514        0.44828627403777
C           -2.09910168988094        0.18277474062650        0.06544879509342
F           -2.31509110428331        0.78039526693159       -1.14184924415917
F           -2.83013268137900        0.84152856826375        0.98427896501619
Cl           0.37272575707693       -2.05026479125501        0.39368007433737
H           -2.40008651036667       -0.86849937398072        0.00937411405847
12
 energy: -1150.119272369336 gnorm: 0.001247938840 xtb: 6.7.1 (edcfbbe)
C            0.16361704453462       -0.36327823242023       -0.28174574474053
H           -0.09598569349277       -0.47377011192098       -1.33908411864645
C            1.49800058691710        0.38459685947296       -0.16120177638043
F            2.47083561796905       -0.26404995759407       -0.82067364757955
F            1.87971936382565        0.53426606770885        1.11866089829525
F            1.37124136897343        1.61135401574023       -0.70351756704982
O           -0.76838217719620        0.37373595218109        0.44785938876825
C           -2.10001833294470        0.18312522293470        0.06439747528000
F           -2.31907400588887        0.78795402328037       -1.13976892431546
F           -2.83136629921689        0.83552637155041        0.98886224221854
Cl           0.37255028656623       -2.04844600229748        0.39799300642382
H           -2.39918982391458       -0.86861153346449        0.00218427585227
12
 energy: -1150.119280585695 gnorm: 0.002031110920 xtb: 6.7.1 (edcfbbe)
C            0.16440155094623       -0.36500616532274       -0.28055569920073
H           -0.09551559807468       -0.47759033104438       -1.33767385412826
C            1.49841800425260        0.38397547147126       -0.16222485812909
F            2.47236993873740       -0.26716954165362       -0.81856583021507
F            1.87958883591230        0.53831616920932        1.11741306851138
F            1.37177684431338        1.60859691738562       -0.70938653513257
O           -0.76820701831334        0.37686952326280        0.44681382612188
C           -2.09991985291028        0.18400002805861        0.06290239594914
F           -2.32353953685604        0.80024079108652       -1.13518127200728
F           -2.83326873620461        0.82416236089183        0.99517047103311
Cl           0.37074397376793       -2.04570835866616        0.40497297035443
H           -2.39490123559591       -0.86828381694402       -0.00971961204713
12
 energy: -1150.119287272833 gnorm: 0.001603021558 xtb: 6.7.1 (edcfbbe)
C            0.16437556535933       -0.36538779768077       -0.27969842429052
H           -0.09562734859605       -0.47943671168277       -1.33653284411084
C            1.49839421197958        0.38364512749292       -0.16282173044734
F            2.47225795524261       -0.26946692266018       -0.81721989636592
F            1.87915882738600        0.54096503581293        1.11647245663584
F            1.37248768624252        1.60675530626193       -0.71303334063581
O           -0.76846193838284        0.37815909528289        0.44586342242209
C           -2.09939973253822        0.18453394901854        0.06211813770151
F           -2.32525468442683        0.80749670181825       -1.13176663263399
F           -2.83431217110367        0.81697282811566        0.99833158772982
Cl           0.36969756131119       -2.04383993816515        0.40906675040417
H           -2.39136923260935       -0.86799340254942       -0.01681468535889
12
 energy: -1150.119295849854 gnorm: 0.001244423675 xtb: 6.7.1 (edcfbbe)
C            0.16384975201521       -0.36608989710361       -0.27688760465086
H           -0.09548546678065       -0.48502232951056       -1.33335353001419
C            1.49836599091559        0.38274724174606       -0.16440838835773
F            2.47160637454921       -0.27608895743407       -0.81323495825344
F            1.87764900934796        0.54895163926878        1.11390059913516
F            1.37416455675810        1.60153389270735       -0.72350816739570
O           -0.76909905787499        0.38155801732019        0.44335639820913
C           -2.09780538161361        0.18644611683394        0.06007225965455
F           -2.33020278993381        0.82803488756053       -1.12213055050626
F           -2.83708796931065        0.79706244670300        1.00698502912684
Cl           0.36815991154507       -2.04000386013175        0.41998841368103
H           -2.38216956086632       -0.86672529068204       -0.03681550321841
12
 energy: -1150.119298537983 gnorm: 0.000899913841 xtb: 6.7.1 (edcfbbe)
C            0.16405786162536       -0.36651857566756       -0.27652985555225
H           -0.09481353341864       -0.48787969804646       -1.33289072961326
C            1.49857847863052        0.38256071040341       -0.16493180910211
F            2.47230854573827       -0.27776398277999       -0.81144375835323
F            1.87712994284232        0.55228787246884        1.11320464227807
F            1.37443617295360        1.59996211457165       -0.72733606502834
O           -0.76894539567323        0.38199408625747        0.44252048601044
C           -2.09786770190394        0.18683687961631        0.05919764678273
F           -2.33256276717277        0.83594609388797       -1.11866970961755
F           -2.83718205986243        0.79049966552658        1.01055813101239
Cl           0.36773241897823       -2.03947655582271        0.42424303805825
H           -2.38092707703890       -0.86604446803825       -0.04395834137388
12
 energy: -1150.119298537983 gnorm: 0.000899913841 xtb: 6.7.1 (edcfbbe)
C            0.16405786162536       -0.36651857566756       -0.27652985555225
H           -0.09481353341864       -0.48787969804646       -1.33289072961326
C            1.49857847863052        0.38256071040341       -0.16493180910211
F            2.47230854573827       -0.27776398277999       -0.81144375835323
F            1.87712994284232        0.55228787246884        1.11320464227807
F            1.37443617295360        1.59996211457165       -0.72733606502834
O           -0.76894539567323        0.38199408625747        0.44252048601044
C           -2.09786770190394        0.18683687961631        0.05919764678273
F           -2.33256276717277        0.83594609388797       -1.11866970961755
F           -2.83718205986243        0.79049966552658        1.01055813101239
Cl           0.36773241897823       -2.03947655582271        0.42424303805825
H           -2.38092707703890       -0.86604446803825       -0.04395834137388
