----------------------------------------------- 
  Element       SASA      Sigma Z        Total  
     Z         Ang**2 cal/Ang**2/mol   kcal/mol 
----------------------------------------------- 
      H        119.106      48.690       5.799
      C         43.504     129.740       5.644
      O         59.600       0.000       0.000

 Subtotal:     222.211                  11.444
 -----------------------------------------------

  Elements    COT*SASA   Sigma Z,Z'     Total   
    Z,Z'       Ang**2  cal/Ang**2/mol kcal/mol  
 ---------------------------------------------- 
  H   C         80.392     -60.770      -4.885
  H   O          0.000       0.000       0.000
  C   C         27.249     -72.950      -1.988
  O   C         32.026      68.690       2.200
  O   O          0.000       0.000       0.000

 Subtotal:                              -4.673
 ---------------------------------------------- 

 NONAQUEOUS SOLVENT CONTRIBUTION (kcal/mol):
 (proportional to SASA, atomic number independent)
 ---------------------------------------------- 
 Subtotal:                               0.000
 ---------------------------------------------- 

 CDS TOTAL (kcal/mol):                   6.770
...............................................................................
