18
 energy: -20.892498120956 gnorm: 0.031340362580 xtb: 6.7.1 (edcfbbe)
C           -2.07655772651043        0.54107578141819       -0.71936245365762
C           -1.39756302885357        0.33001930685356        0.63287063443874
C            0.03934691812064       -0.17540157371262        0.56216710997135
C            0.97359385056891        0.73123841041534       -0.23465544465971
C            2.43590758225222        0.29701126313332       -0.16128230581457
O           -0.00394457547715       -1.50987661138591       -0.00598110585280
H           -1.60143674823671        1.34438784038427       -1.29066250887759
H           -2.05203470206812       -0.36784519087905       -1.32878068081723
H           -3.12647107287449        0.81590601376629       -0.57690009068504
H           -1.38955086260034        1.27192390130621        1.19382302261375
H           -1.97692544781050       -0.38488552380752        1.22978405366379
H            0.42431800793510       -0.25099861345931        1.59172826489691
H            0.64465414388003        0.75747697058546       -1.28035469111405
H            0.87265605177566        1.75029859831357        0.16022740697429
H            2.59139862363148       -0.69067194247953       -0.61067885388379
H            3.07955387784564        0.99925093468341       -0.69989042506267
H            2.78122091657356        0.25372253702712        0.87802495192442
H            0.89231013117451       -1.86737056093229        0.02626574287424
18
 energy: -20.893579163192 gnorm: 0.015376897291 xtb: 6.7.1 (edcfbbe)
C           -2.06852873085813        0.54259382096001       -0.71557434279518
C           -1.39553016050225        0.34164655896310        0.63519933121852
C            0.03909482368782       -0.18297090027177        0.55526975211276
C            0.97298002025871        0.73017491647734       -0.24173241458033
C            2.43302376287381        0.30139426025182       -0.15935588959335
O           -0.01673249608766       -1.50515815647870       -0.00307153574967
H           -1.59082222206328        1.34163041315918       -1.27990606454218
H           -2.02396419183271       -0.37456233070590       -1.30186825081455
H           -3.11513338657511        0.80802523486166       -0.57068094943939
H           -1.38926145161800        1.28471140618097        1.18904717655425
H           -1.97561900334393       -0.38214604300785        1.21453463342690
H            0.42240734193502       -0.26529526252891        1.58519054368356
H            0.65526417713036        0.74253563999869       -1.28686558457597
H            0.87248665739729        1.74439972220896        0.15468845325941
H            2.58457222776177       -0.67846038897232       -0.61223378210825
H            3.06385914611155        1.01061849515474       -0.69266535594116
H            2.76706244546900        0.25992665311856        0.87787529548523
H            0.87531697958218       -1.87380249813903        0.01849161133180
18
 energy: -20.893878265159 gnorm: 0.003682681571 xtb: 6.7.1 (edcfbbe)
C           -2.06072895308499        0.54282147479916       -0.71421405717263
C           -1.39472532073933        0.34865695781014        0.64192994692334
C            0.03862812492560       -0.19038986674307        0.55395151338096
C            0.97048510503195        0.72715400253975       -0.24703105441845
C            2.43361349891236        0.30652722140213       -0.15718939711173
O           -0.03442578555322       -1.49739518000239       -0.00293892306007
H           -1.58287270907119        1.33913251861238       -1.27621572478555
H           -2.00122163869739       -0.37903374227281       -1.28642609229206
H           -3.10660055830747        0.80080253361616       -0.57504187199973
H           -1.38037135370865        1.29107016027274        1.19125569025384
H           -1.97425363301587       -0.37619270139840        1.21656984465959
H            0.42650375894219       -0.27112254116608        1.58352583771596
H            0.65796894098957        0.72407032956288       -1.29126278182806
H            0.86152405607950        1.73912149862520        0.14502463205638
H            2.58895834713107       -0.66855206023945       -0.61096703641980
H            3.05716276034080        1.02213736439510       -0.68503527126498
H            2.75838788631557        0.26681390275033        0.87976619433426
H            0.85244341283594       -1.88036033133324        0.00064117796113
18
 energy: -20.893935491604 gnorm: 0.002170232269 xtb: 6.7.1 (edcfbbe)
C           -2.05837891206934        0.54256330220174       -0.71246355268327
C           -1.39341837919880        0.35148658058935        0.64592784587084
C            0.03841704128714       -0.19500202837689        0.55348837392601
C            0.96875144814623        0.72355138834370       -0.25061714163628
C            2.43472772320579        0.31024018672013       -0.15412187998655
O           -0.04365279295848       -1.49669427523572       -0.00372872302662
H           -1.58098294030666        1.33987109445566       -1.27369467585604
H           -1.99263335003904       -0.38014364166059       -1.28232853898250
H           -3.10587946755207        0.79660202050711       -0.57774381898097
H           -1.37346120198413        1.29483237121405        1.19247407789839
H           -1.97466509125327       -0.36929883010760        1.22336267663931
H            0.43094834442919       -0.27245456609183        1.58246871164823
H            0.65867084770526        0.71124637282876       -1.29547120074639
H            0.85318150779009        1.73720368045236        0.13445458485325
H            2.59685856505923       -0.66424450545487       -0.60720402074512
H            3.05686593273656        1.02959269210983       -0.67907580730639
H            2.75458821337017        0.27220300523819        0.88461120598360
H            0.84053845095858       -1.88629330650285       -0.01399548993711
18
 energy: -20.893970564093 gnorm: 0.002492334849 xtb: 6.7.1 (edcfbbe)
C           -2.05729641767816        0.54250169188090       -0.70968478972947
C           -1.39150612250414        0.35385843388952        0.64939054988512
C            0.03806849667435       -0.19904328172762        0.55258338997625
C            0.96739411713281        0.71812937659675       -0.25559743654254
C            2.43599170265352        0.31451699557732       -0.14948355862589
O           -0.05231333224212       -1.49797402886861       -0.00457907075077
H           -1.58249158399793        1.34261439762256       -1.27042291229378
H           -1.98660653063109       -0.37970197601346       -1.28027366822501
H           -3.10688521866009        0.79167618632920       -0.57784033860795
H           -1.36500073703354        1.29915976650024        1.19242817578169
H           -1.97514616958607       -0.36075837947324        1.23253549492072
H            0.43553792236586       -0.27491664975159        1.58051360543008
H            0.66107996147732        0.69517067910448       -1.30187646740354
H            0.84399052948745        1.73507620446911        0.11918044022920
H            2.60836306665888       -0.66026736284945       -0.59989484349365
H            3.05778758846377        1.03736944719979       -0.67130262456446
H            2.74983110959726        0.27963529180072        0.89188010829886
H            0.82967755714836       -1.89178525105608       -0.03121342735246
18
 energy: -20.893990618111 gnorm: 0.002060289816 xtb: 6.7.1 (edcfbbe)
C           -2.05754583827880        0.54289253876562       -0.70716909427291
C           -1.38956488243954        0.35559226090110        0.65092446032117
C            0.03787284509176       -0.20120703119422        0.55136297575833
C            0.96688045074897        0.71340175805978       -0.25997990288172
C            2.43667800751967        0.31747465498939       -0.14507533724702
O           -0.05742218587508       -1.50020160943986       -0.00512741449050
H           -1.58621236141252        1.34574976610769       -1.26771044914307
H           -1.98413800344465       -0.37822479392254       -1.27965374206271
H           -3.10839633077562        0.78792091896072       -0.57513969984940
H           -1.35844076173892        1.30253541318640        1.19137959169175
H           -1.97452078805640       -0.35452578951930        1.23878598274338
H            0.43833777873642       -0.27774522555699        1.57824755993776
H            0.66412545708037        0.68173649575750       -1.30742262106498
H            0.83761602979609        1.73325432452423        0.10576845331153
H            2.61750426636046       -0.65794499767432       -0.59181709508500
H            3.05839626316411        1.04213148753323       -0.66505756639792
H            2.74544006099891        0.28634719215435        0.89830716640918
H            0.82386593185122       -1.89392582240225       -0.04428064074546
18
 energy: -20.894006947627 gnorm: 0.001212283230 xtb: 6.7.1 (edcfbbe)
C           -2.05838539118198        0.54370984025609       -0.70489185721491
C           -1.38783106718245        0.35702258111709        0.65158992215473
C            0.03773368268615       -0.20222164299908        0.55003844352947
C            0.96685001983716        0.70912952063641       -0.26405015410365
C            2.43708303930176        0.31952375061142       -0.14090644043818
O           -0.06059928282832       -1.50264960531906       -0.00544249292566
H           -1.59068434923606        1.34887008575902       -1.26538096851764
H           -1.98328804092958       -0.37626395730051       -1.27925745137697
H           -3.10985820194914        0.78508784935542       -0.57094387750767
H           -1.35344670587046        1.30511649885739        1.19021737397292
H           -1.97324209080945       -0.35022930038239        1.24271721753828
H            0.43996083144285       -0.28056767540013        1.57591067331112
H            0.66752138291369        0.66956335773394       -1.31229685152934
H            0.83300450392638        1.73137033675217        0.09356764605189
H            2.62468544566610       -0.65680013563484       -0.58297573793498
H            3.05866475894714        1.04473634235329       -0.66021531529186
H            2.74108490937262        0.29301814876059        0.90404346998017
H            0.82122249522004       -1.89315445392628       -0.05538097276528
18
 energy: -20.894021640413 gnorm: 0.000919187953 xtb: 6.7.1 (edcfbbe)
C           -2.05999637476651        0.54545955311072       -0.70193582137596
C           -1.38590070602386        0.35866233747727        0.65233389368876
C            0.03769312534965       -0.20314188923900        0.54801336606324
C            0.96696011956600        0.70369078214303       -0.26986401744491
C            2.43764816170512        0.32161316844707       -0.13512675314295
O           -0.06381695984470       -1.50582932975709       -0.00575970822589
H           -1.59623965155091        1.35262409387662       -1.26239421690685
H           -1.98369666257779       -0.37338055627151       -1.27782465920872
H           -3.11155528688230        0.78319502471509       -0.56440843482254
H           -1.34820403014829        1.30740518823403        1.18963981849433
H           -1.97102527391256       -0.34681993681426        1.24567596062459
H            0.44173864545921       -0.28373032720206        1.57260632345536
H            0.67245508786193        0.65289745756065       -1.31889833188113
H            0.82757839316580        1.72872054528446        0.07707819489163
H            2.63301664389411       -0.65678883312406       -0.56854619930462
H            3.05884023245068        1.04599270972168       -0.65542691844535
H            2.73492175675666        0.30396429313918        0.91172998375100
H            0.82005871882422       -1.88927274007127       -0.07054985327755
18
 energy: -20.894028279393 gnorm: 0.000614696080 xtb: 6.7.1 (edcfbbe)
C           -2.06092622736992        0.54678494781583       -0.70065865940497
C           -1.38554724197914        0.35863632343945        0.65298224595546
C            0.03777420319681       -0.20398692357091        0.54684460900257
C            0.96689535755235        0.70130760328356       -0.27289756187488
C            2.43819723433526        0.32271980365021       -0.13237318939044
O           -0.06489066444240       -1.50702862576835       -0.00606016565925
H           -1.59699962943344        1.35365588211229       -1.26109209735782
H           -1.98586266233830       -0.37197038614875       -1.27652917847950
H           -3.11196447043973        0.78522058234770       -0.56158511821589
H           -1.34676877435490        1.30677771664644        1.19099931410879
H           -1.97020890398265       -0.34739137340272        1.24588025611037
H            0.44279566594689       -0.28429520610488        1.57103654248880
H            0.67501156662981        0.64478022977560       -1.32224235487578
H            0.82494182197757        1.72750817727924        0.06893209630154
H            2.63646958826034       -0.65787972591096       -0.55912859369382
H            3.05920640144310        1.04520051160306       -0.65534162538920
H            2.73229658746950        0.31209874841476        0.91534722034372
H            0.82005608685531       -1.88687674423101       -0.07777111303727
18
 energy: -20.894035806487 gnorm: 0.000497897290 xtb: 6.7.1 (edcfbbe)
C           -2.06162917806118        0.54860810490069       -0.69959061075082
C           -1.38545850594032        0.35733513688919        0.65344147193646
C            0.03809044003688       -0.20512133350678        0.54573922019305
C            0.96660377101109        0.69940408843536       -0.27567374187709
C            2.43850942157821        0.32414570821279       -0.12981458854095
O           -0.06501242115215       -1.50829989159948       -0.00624329516244
H           -1.59504398328532        1.35382229405859       -1.26007643309881
H           -1.99073225422431       -0.37028811603751       -1.27560897075221
H           -3.11152005580780        0.79114702685022       -0.55901682724396
H           -1.34658668728569        1.30404027415391        1.19375950708077
H           -1.96956814731227       -0.35053420053892        1.24454615824460
H            0.44399264864813       -0.28439810957706        1.56973263263450
H            0.67731372224123        0.63755647307193       -1.32531048567866
H            0.82210229743448        1.72665601992987        0.06138591276106
H            2.63877765389383       -0.66010999827672       -0.54705800941959
H            3.05909918627125        1.04274003509795       -0.65864232954253
H            2.73084973630745        0.32369776281417        0.91836094877997
H            0.82068829497294       -1.88513973364761       -0.08358793263090
18
 energy: -20.894044641275 gnorm: 0.000510008472 xtb: 6.7.1 (edcfbbe)
C           -2.06175691351217        0.55145651179839       -0.69799760923449
C           -1.38538825109574        0.35499687593200        0.65424035504935
C            0.03830291656948       -0.20725896000975        0.54431994555646
C            0.96595986083800        0.69627823220364       -0.27932502094215
C            2.43890462213866        0.32718953575457       -0.12642848719758
O           -0.06560009340398       -1.51053627010317       -0.00634728105014
H           -1.59008919893800        1.35353598327891       -1.25874102219493
H           -1.99826331227299       -0.36774490496992       -1.27446105789880
H           -3.10972892886373        0.80157448198003       -0.55580606341222
H           -1.34649085581386        1.29964069675692        1.19814477045032
H           -1.96929493223003       -0.35534970189274        1.24259739846175
H            0.44578678547300       -0.28528091168073        1.56789719386513
H            0.68017314746169        0.62697890010123       -1.32948866745289
H            0.81696060881798        1.72502909726345        0.05109131118962
H            2.64214051207682       -0.66292930597764       -0.52850614631889
H            3.05843378972376        1.03939250197969       -0.66532155306103
H            2.72979937613882        0.34307172862051        0.92210305569324
H            0.82062680621875       -1.88478294980481       -0.09162849457029
18
 energy: -20.894050624312 gnorm: 0.000476768969 xtb: 6.7.1 (edcfbbe)
C           -2.06157088643646        0.55442566179609       -0.69634922292439
C           -1.38454942806949        0.35269477029871        0.65472253737831
C            0.03881604280817       -0.21003540026350        0.54298418070548
C            0.96508187245074        0.69296303920147       -0.28294204693136
C            2.43892284283268        0.33089458504151       -0.12288956295817
O           -0.06680126322078       -1.51336167511408       -0.00681259798992
H           -1.58482596690395        1.35334388757566       -1.25740842649434
H           -2.00562666045321       -0.36489218491088       -1.27355612599116
H           -3.10762865516037        0.81219565214559       -0.55275015496223
H           -1.34501940734168        1.29537565581349        1.20206875696014
H           -1.96865872819195       -0.35930231058673        1.24092664325688
H            0.44795298731653       -0.28748309846265        1.56606889421149
H            0.68283711340906        0.61622726153901       -1.33364683248658
H            0.81087394743419        1.72320476632354        0.04058968448189
H            2.64611934105244       -0.66477110511809       -0.50932075928995
H            3.05669818157031        1.03680906346480       -0.67210624084854
H            2.72887983295916        0.36369446836321        0.92557091195075
H            0.81897477327107       -1.88672149587652       -0.09880701113584
18
 energy: -20.894053446658 gnorm: 0.000377612052 xtb: 6.7.1 (edcfbbe)
C           -2.06106613445808        0.55632409277821       -0.69503268752722
C           -1.38413792273546        0.35147687495649        0.65545799058317
C            0.03863969095586       -0.21214968312204        0.54163585545595
C            0.96465642451129        0.68999977994174       -0.28551971052595
C            2.43929250337785        0.33408537536957       -0.12057437685753
O           -0.06842632231441       -1.51546621010046       -0.00768084327022
H           -1.58161551267937        1.35352913063054       -1.25631156793174
H           -2.00956018523303       -0.36290235457163       -1.27289294277641
H           -3.10590758581783        0.81840650939981       -0.55037197782487
H           -1.34335653500104        1.29330607195082        1.20432138881550
H           -1.96884434026792       -0.36078234391402        1.24088605197242
H            0.44919129589709       -0.28981601549074        1.56410871690762
H            0.68500992920868        0.60808343436179       -1.33658278711035
H            0.80634981864676        1.72114585706327        0.03316591072752
H            2.64971265148401       -0.66475197854822       -0.49662036621850
H            3.05590956513012        1.03611983774725       -0.67599689203426
H            2.72793017430258        0.37794147214049        0.92776162571753
H            0.81669842431934       -1.88928830936226       -0.10341076117017
18
 energy: -20.894055011606 gnorm: 0.000238996900 xtb: 6.7.1 (edcfbbe)
C           -2.06098554016225        0.55750451375550       -0.69412372874278
C           -1.38316039018334        0.35113046361505        0.65559695684498
C            0.03896229237814       -0.21361768235646        0.54089582048737
C            0.96427346448145        0.68828261583842       -0.28733977598266
C            2.43920102846976        0.33593902922214       -0.11884905012973
O           -0.06978816009307       -1.51681079788651       -0.00875857697384
H           -1.58073942615494        1.35425501410726       -1.25534707253043
H           -2.01103209993244       -0.36145179373059       -1.27254669459626
H           -3.10539524460636        0.82095867576871       -0.54885342987917
H           -1.34118326221388        1.29263398554304        1.20496293952076
H           -1.96823337823188       -0.36075955284798        1.24109872213701
H            0.45045700051302       -0.29203522809917        1.56292606325346
H            0.68632570007458        0.60286181556791       -1.33865937226632
H            0.80326422100317        1.72004853410595        0.02811676544107
H            2.65229183240686       -0.66440979425331       -0.48907032873224
H            3.05485934750939        1.03625731011327       -0.67735928711060
H            2.72662211211746        0.38620699952733        0.92945812077919
H            0.81473644195081       -1.89173256675995       -0.10580544458733
18
 energy: -20.894056047854 gnorm: 0.000295041842 xtb: 6.7.1 (edcfbbe)
C           -2.06118057607282        0.55809213278628       -0.69349866569308
C           -1.38263344627760        0.35118765084285        0.65575001583407
C            0.03895453002534       -0.21438994665556        0.53987301568098
C            0.96430167407025        0.68719363423826       -0.28863449680337
C            2.43940791874582        0.33708302275325       -0.11773896247202
O           -0.07075946745745       -1.51749555809396       -0.01024006216467
H           -1.58142671598403        1.35525452136317       -1.25457968829348
H           -2.01136322862164       -0.36052844359730       -1.27246011844860
H           -3.10555151696760        0.82120706812800       -0.54747079171723
H           -1.33950221451716        1.29267342205460        1.20508938271461
H           -1.96782409394744       -0.36019099782078        1.24176028331009
H            0.45095635184290       -0.29365134961261        1.56154687009781
H            0.68751457939805        0.59974097094035       -1.34006427128904
H            0.80176933109938        1.71929977394207        0.02480846737397
H            2.65414276815897       -0.66393235946846       -0.48499332272805
H            3.05480789420487        1.03672309174222       -0.67735982704124
H            2.72553183776685        0.39044956044361        0.93071651144445
H            0.81333031385978       -1.89345465275538       -0.10616171287271
18
 energy: -20.894056860509 gnorm: 0.000162555196 xtb: 6.7.1 (edcfbbe)
C           -2.06167275461894        0.55852475161669       -0.69286902023516
C           -1.38218434539525        0.35142721249770        0.65588035077661
C            0.03897993378402       -0.21490861645080        0.53886417540654
C            0.96445073502937        0.68636788809214       -0.28989287108659
C            2.43968791093779        0.33793939170190       -0.11667348341328
O           -0.07166545059971       -1.51766726523739       -0.01208521553639
H           -1.58292937631789        1.35641004525191       -1.25376758021864
H           -2.01128582817441       -0.35974471323545       -1.27230060209821
H           -3.10618947882320        0.82056417483135       -0.54608077719908
H           -1.33796616295776        1.29301321923341        1.20493455688119
H           -1.96734822854720       -0.35947108101259        1.24248984776981
H            0.45152492904756       -0.29507210011724        1.56018930838892
H            0.68890485067292        0.59697857995162       -1.34150885339454
H            0.80066424884345        1.71880649429426        0.02174924934923
H            2.65572300984391       -0.66353439967579       -0.48186134062083
H            3.05520607109975        1.03716235351917       -0.67668037429377
H            2.72435293468644        0.39338832749843        0.93207055445804
H            0.81222294081560       -1.89492272152870       -0.10611529800136
18
 energy: -20.894057262512 gnorm: 0.000120261870 xtb: 6.7.1 (edcfbbe)
C           -2.06226093454326        0.55887736491149       -0.69239569365696
C           -1.38180963592320        0.35151965707405        0.65586404398251
C            0.03908390987839       -0.21529549550602        0.53775171897901
C            0.96464486138955        0.68598579110564       -0.29096140572719
C            2.43991386470834        0.33852863052969       -0.11577030756367
O           -0.07211368781998       -1.51778235280586       -0.01382121606376
H           -1.58423715102394        1.35723591174297       -1.25323005297240
H           -2.01183200691300       -0.35910806315086       -1.27224336216994
H           -3.10680412893493        0.82033523527995       -0.54476430315854
H           -1.33684066788484        1.29302978700055        1.20497253550830
H           -1.96670359129113       -0.35924341316111        1.24287838841969
H            0.45191587694350       -0.29600467937496        1.55887644537792
H            0.69010025506180        0.59521368150032       -1.34267982799707
H            0.79996504450378        1.71867055867170        0.01929386078415
H            2.65679972604004       -0.66339049711380       -0.47931235262766
H            3.05568195644793        1.03730703190567       -0.67608316516733
H            2.72344651679141        0.39557785470730        0.93321830591732
H            0.81152573189600       -1.89619546208609       -0.10525098493190
18
 energy: -20.894057390624 gnorm: 0.000043550865 xtb: 6.7.1 (edcfbbe)
C           -2.06262652963481        0.55912100520007       -0.69211306474604
C           -1.38166566116160        0.35143928632552        0.65584584707129
C            0.03916146943901       -0.21549541365445        0.53724561947352
C            0.96476195228456        0.68571008618835       -0.29158324175180
C            2.44007865877085        0.33894377090430       -0.11528094066358
O           -0.07234129659145       -1.51773759064451       -0.01473732797309
H           -1.58465546664197        1.35744526836910       -1.25303766473525
H           -2.01256063205306       -0.35881400791966       -1.27206021353932
H           -3.10706771841740        0.82073743162120       -0.54402883789007
H           -1.33634687952303        1.29286606228752        1.20504266365028
H           -1.96643967534599       -0.35933378822294        1.24296976596106
H            0.45222582470298       -0.29647186585017        1.55825682722605
H            0.69087277296016        0.59411844088442       -1.34340975052555
H            0.79954400714339        1.71851578326557        0.01790282986601
H            2.65738089329892       -0.66327316324685       -0.47773413124742
H            3.05602361409065        1.03735516669635       -0.67586668813071
H            2.72294338550830        0.39702961582212        0.93382772218133
H            0.81118722049695       -1.89689454679531       -0.10489678729420
18
 energy: -20.894057448281 gnorm: 0.000046747718 xtb: 6.7.1 (edcfbbe)
C           -2.06274167666685        0.55927668191025       -0.69196398831600
C           -1.38157827640877        0.35135347481427        0.65585215749178
C            0.03920358425422       -0.21567197714854        0.53692040505453
C            0.96477528628071        0.68558993023090       -0.29190842400815
C            2.44012213194095        0.33919832156026       -0.11499541666730
O           -0.07241409620310       -1.51785051726437       -0.01514836606519
H           -1.58450656205497        1.35733030288420       -1.25304414719245
H           -2.01330473863761       -0.35869910156573       -1.27190174838374
H           -3.10700579119730        0.82144337608916       -0.54360287345784
H           -1.33614379521394        1.29268278625295        1.20521600025774
H           -1.96627765050044       -0.35952038283881        1.24292976609492
H            0.45238700908312       -0.29668319198714        1.55787819644286
H            0.69121231964932        0.59348114609418       -1.34378181448161
H            0.79917828022523        1.71849003854650        0.01711492104089
H            2.65773201057074       -0.66323557155027       -0.47671369078550
H            3.05608241055228        1.03736203488699       -0.67587635926207
H            2.72269857402285        0.39805975299288        0.93415715469139
H            0.81105691963001       -1.89734556267705       -0.10478914552178
