----------------------------------------------- 
  Element       SASA      Sigma Z        Total  
     Z         Ang**2 cal/Ang**2/mol   kcal/mol 
----------------------------------------------- 
      H        147.240      48.690       7.169
      C         28.209     129.740       3.660
      O         14.819       0.000       0.000

 Subtotal:     190.268                  10.829
 -----------------------------------------------

  Elements    COT*SASA   Sigma Z,Z'     Total   
    Z,Z'       Ang**2  cal/Ang**2/mol kcal/mol  
 ---------------------------------------------- 
  H   C         93.521     -60.770      -5.683
  H   O          6.101       0.000       0.000
  C   C         21.082     -72.950      -1.538
  O   C          0.000      68.690       0.000

 Subtotal:                              -7.221
 ---------------------------------------------- 

 NONAQUEOUS SOLVENT CONTRIBUTION (kcal/mol):
 (proportional to SASA, atomic number independent)
 ---------------------------------------------- 
 Subtotal:                               0.000
 ---------------------------------------------- 

 CDS TOTAL (kcal/mol):                   3.608
...............................................................................
