14
 energy: -22.688809290145 gnorm: 0.040314198472 xtb: 6.7.1 (edcfbbe)
C           -1.29993483130679       -0.34160320290987       -0.47719043649972
C            0.02220961010637       -0.05947767585750        0.21160518628233
C            1.17412745846704       -0.58996860602944       -0.60923629901528
O            2.38011917469030       -0.46306207399609        0.16074599161370
O            0.21564298980336        1.35528529819260        0.38529005221236
O           -2.33976493365752        0.18078902038918        0.36625357848483
H           -1.42025258334157       -1.42453826458540       -0.61528117773096
H           -1.31922458247854        0.14870163262470       -1.45982185350228
H            0.02380654208004       -0.55526637929357        1.19565068976275
H            1.25164213860360       -0.01900871420290       -1.54492153688431
H            0.98094731731326       -1.64275795517969       -0.85442097652623
H            3.11046538879525       -0.74890651864833       -0.40154047724558
H           -0.55728118494751        1.68530851219957        0.86323455377834
H           -3.15792479876174        0.18055008702798       -0.14461223668568
14
 energy: -22.690202573111 gnorm: 0.019581947500 xtb: 6.7.1 (edcfbbe)
C           -1.31041473500426       -0.33486551382166       -0.47442175408400
C            0.02486295785643       -0.05610597368858        0.20904917172295
C            1.18821553427354       -0.59121504370954       -0.61038570445079
O            2.38042439890306       -0.48802714910397        0.15710632131579
O            0.20542927460161        1.34632545395917        0.37512087662294
O           -2.34314633801355        0.17949669386806        0.36055742641669
H           -1.43705198196419       -1.41561256898236       -0.60774936034455
H           -1.33025511084792        0.15960607703251       -1.45202852628349
H            0.03208567056678       -0.53697035067437        1.19814970119338
H            1.27626809928201       -0.00221305876934       -1.53112604989317
H            0.99830249394358       -1.64197053362093       -0.86226854926682
H            3.12089888639795       -0.75914676128325       -0.40175122594151
H           -0.56942406559893        1.67804337902770        0.85143908341268
H           -3.17161737903054        0.16870050949780       -0.13593635237582
14
 energy: -22.690702016185 gnorm: 0.003973654828 xtb: 6.7.1 (edcfbbe)
C           -1.31579083002111       -0.33566876882107       -0.47425417013889
C            0.02643683650304       -0.04726275132146        0.20856491291940
C            1.19520091387297       -0.58906447138229       -0.61339649344562
O            2.36988764590244       -0.51919858902103        0.16379800100750
O            0.20119707704609        1.34473532030901        0.36212176628597
O           -2.33490060414059        0.17767941283156        0.35893653237961
H           -1.43940738530520       -1.41643449535510       -0.60691453673565
H           -1.32818653209900        0.16191386450312       -1.44929040739479
H            0.03872233173884       -0.52612408349068        1.19804608456008
H            1.29177566974482        0.02301694536649       -1.51750304591988
H            0.98828812568561       -1.63189748214008       -0.88545953919704
H            3.12508158559395       -0.76981650105637       -0.38780037535576
H           -0.57499275122258        1.68435650978394        0.83304892999476
H           -3.17873437793371        0.14981024952518       -0.11414260091539
14
 energy: -22.690851425615 gnorm: 0.004767096020 xtb: 6.7.1 (edcfbbe)
C           -1.31699892868257       -0.33630453498892       -0.47262738311543
C            0.02773989371635       -0.03999474813174        0.20781337296421
C            1.19766057697225       -0.58442697663658       -0.61546408523853
O            2.36307206635291       -0.54692109425443        0.17393335013187
O            0.20007215573084        1.34945049002793        0.35242575624530
O           -2.33152317476937        0.17741962589157        0.36061167757826
H           -1.43354927401660       -1.41817529225023       -0.60448215191529
H           -1.32760198569159        0.15744676148447       -1.45043453803014
H            0.04239785291591       -0.52107968444596        1.19682056774667
H            1.30547472113196        0.04396744360911       -1.50782677534883
H            0.97266394337611       -1.61816923193919       -0.91229046267200
H            3.12608078190536       -0.78234843012798       -0.37419713290845
H           -0.57695928406393        1.69483958000757        0.81838545701892
H           -3.18395163951203        0.13034125148561       -0.09691259441228
14
 energy: -22.690980383858 gnorm: 0.006410500691 xtb: 6.7.1 (edcfbbe)
C           -1.31686207542016       -0.33815760052267       -0.46963872851154
C            0.02918874272555       -0.03125969739828        0.20595789184265
C            1.19863712885361       -0.57707641269311       -0.61835387615113
O            2.35375102334833       -0.58579501699850        0.18778079274963
O            0.19901699420922        1.35813749129066        0.34156632781172
O           -2.32880979935493        0.17971890964066        0.36215387960910
H           -1.42623446099880       -1.42195304271252       -0.59601435105776
H           -1.32943092150797        0.14662825911027       -1.45346421822286
H            0.04767251611023       -0.51296965884451        1.19556065914639
H            1.32738796237656        0.07297745883545       -1.49370681767671
H            0.95320774802956       -1.59737208928545       -0.95107373085855
H            3.12415389060894       -0.79986003176817       -0.35865800373446
H           -0.57871258435746        1.70884407179511        0.80228652858225
H           -3.18838845925709        0.10418251928227       -0.07864129548445
14
 energy: -22.691086812882 gnorm: 0.006678129176 xtb: 6.7.1 (edcfbbe)
C           -1.31621681736755       -0.33993904087234       -0.46633806545561
C            0.03056735597700       -0.02295760035218        0.20210830022363
C            1.19913256436864       -0.56875726165976       -0.62191942967780
O            2.34296656380272       -0.62865413750242        0.20129110896171
O            0.19703669704706        1.36814670668350        0.33027355837507
O           -2.32731553519812        0.18342614728073        0.36353331769524
H           -1.42049116481881       -1.42562285033573       -0.58331432328320
H           -1.33407364804204        0.13425318522705       -1.45669570297328
H            0.05435314126029       -0.50179175635783        1.19363042065436
H            1.35495391123946        0.10418012510992       -1.47653645896441
H            0.93675119077239       -1.57312323607972       -0.99235231230443
H            3.11981158318691       -0.82040586797609       -0.34365704282485
H           -0.58140369219616        1.72158069104676        0.78710205979523
H           -3.19149444466619        0.07571005551930       -0.06137037217737
14
 energy: -22.691189402478 gnorm: 0.005338350529 xtb: 6.7.1 (edcfbbe)
C           -1.31534590056172       -0.34116820048316       -0.46351725920348
C            0.03179077173598       -0.01549944038394        0.19632334128046
C            1.19971705615304       -0.56055571245111       -0.62600789602339
O            2.33074306347818       -0.67113451237272        0.21220837020411
O            0.19393078855647        1.37864887519650        0.31832659992801
O           -2.32681703558000        0.18667297405872        0.36538857085404
H           -1.41669306330960       -1.42811899250183       -0.56996307891874
H           -1.34102975952934        0.12394191167162       -1.45878469537347
H            0.06185289205278       -0.48797778069891        1.19088887308283
H            1.38554479732270        0.13364448912813       -1.45696977613707
H            0.92556648559189       -1.54713805075593       -1.03169837403750
H            3.11353472728435       -0.84360048849796       -0.32898397165809
H           -0.58546201365312        1.73177668405148        0.77296507723791
H           -3.19275510417598        0.04655340377032       -0.04442072319135
14
 energy: -22.691260611473 gnorm: 0.002856685814 xtb: 6.7.1 (edcfbbe)
C           -1.31488138746368       -0.34149384636913       -0.46230880396626
C            0.03254272404202       -0.01150382391448        0.19090890891664
C            1.20105148711127       -0.55570406090626       -0.62933479870442
O            2.32090297633213       -0.69897587115721        0.21697928655774
O            0.19099241119020        1.38534915033109        0.30886439079088
O           -2.32686232307234        0.18840828415847        0.36707287387392
H           -1.41648672589898       -1.42856921105556       -0.56077907966541
H           -1.34739681691582        0.11944335951017       -1.45869747351390
H            0.06707751124895       -0.47612613500380        1.18856405438031
H            1.40770849784527        0.15248165131854       -1.44058406942225
H            0.92294197660413       -1.52857492797311       -1.05701396912763
H            3.10860962835769       -0.86114003293900       -0.31874232598951
H           -0.58964619235212        1.73572241566892        0.76323399184801
H           -3.19197606166306        0.02672820806254       -0.03240792793383
14
 energy: -22.691284829262 gnorm: 0.004051286983 xtb: 6.7.1 (edcfbbe)
C           -1.31519043662841       -0.34259546526009       -0.46050353600661
C            0.03382742553756       -0.00535594373811        0.18485534431218
C            1.20440258803363       -0.54875714122502       -0.63416001439665
O            2.30869183475326       -0.73829874874603        0.22634112443691
O            0.18768278612034        1.39320227753367        0.29518334094699
O           -2.32516536903524        0.19165819292347        0.36904391661290
H           -1.41611947237630       -1.43034343693617       -0.54726055534778
H           -1.35457080841838        0.11117969883232       -1.45917286367811
H            0.07328645343535       -0.46133816950921        1.18581106027040
H            1.43557367695117        0.18318948276339       -1.41895929098169
H            0.91554452304842       -1.50468022178754       -1.09511638360105
H            3.10489133332654       -0.88434264178585       -0.30311510877063
H           -0.59515799902356        1.74206082920396        0.74737602244573
H           -3.19311883035872        0.00046644746239       -0.01456799819830
14
 energy: -22.691305334466 gnorm: 0.001552633752 xtb: 6.7.1 (edcfbbe)
C           -1.31539927798368       -0.34354288812225       -0.46026209600589
C            0.03385788694852       -0.00417302645340        0.18380388435889
C            1.20619847860650       -0.54650995497786       -0.63518527723964
O            2.30567472224346       -0.74416822601651        0.22541786066641
O            0.18547381952780        1.39496550814695        0.29145535392260
O           -2.32502322505857        0.19041317437521        0.37037508826202
H           -1.41579651745994       -1.43106773026535       -0.54562074229010
H           -1.35607331289074        0.11016277206876       -1.45808714136398
H            0.07426939920582       -0.45770820504331        1.18536902918277
H            1.44068129812071        0.18844483604124       -1.41258918701776
H            0.91740238673068       -1.49772778508365       -1.10213961853870
H            3.10340463229612       -0.89337282629360       -0.29971469945222
H           -0.59848877475627        1.74198575758264        0.74352745185102
H           -3.19160381016477       -0.00165624622770       -0.01059484829114
14
 energy: -22.691317023542 gnorm: 0.001646773920 xtb: 6.7.1 (edcfbbe)
C           -1.31527066558866       -0.34547868560016       -0.45869597472637
C            0.03454984673035        0.00114552440750        0.18147691408083
C            1.20868588567180       -0.53988401352901       -0.63776199684424
O            2.29794328927775       -0.76603346156162        0.22888427221186
O            0.18145033750915        1.40107223570483        0.28351029935061
O           -2.32375114583296        0.19041301980522        0.37232561358098
H           -1.41190876722175       -1.43374886169771       -0.53857085734791
H           -1.35929734311205        0.10305954516068       -1.45882896766152
H            0.07800073367193       -0.44993895788337        1.18390703874202
H            1.45724501368983        0.20685246743998       -1.39924047758561
H            0.91360564227392       -1.47943224647881       -1.12529432092465
H            3.09916481729317       -0.91473441917676       -0.29044647634198
H           -0.60407931109010        1.74697439338087        0.73388734437817
H           -3.19176062790672       -0.01422138024048        0.00060264713211
14
 energy: -22.691326977586 gnorm: 0.001136828681 xtb: 6.7.1 (edcfbbe)
C           -1.31450138868388       -0.34789511161884       -0.45655171768080
C            0.03556973146524        0.00675476755471        0.17981051828544
C            1.21063385463344       -0.53315180462716       -0.63972038154296
O            2.29003090945713       -0.78387218959215        0.23137549693658
O            0.17726664959452        1.40677932813083        0.27786756331518
O           -2.32266477754676        0.18851472594651        0.37391106029659
H           -1.40612119656697       -1.43711189660350       -0.53174168752043
H           -1.36193791965823        0.09492804670829       -1.45970943409196
H            0.08202478357255       -0.44358527555737        1.18270216988223
H            1.47212219302500        0.22306078916830       -1.38767242018169
H            0.90983050223057       -1.46118291493676       -1.14513508087337
H            3.09353667556414       -0.93678186169825       -0.28402868034457
H           -0.60963083472287        1.75220453252192        0.72610754619588
H           -3.19158147699823       -0.02261597566538        0.00854010536819
14
 energy: -22.691333857026 gnorm: 0.001157390309 xtb: 6.7.1 (edcfbbe)
C           -1.31321849724947       -0.34995467508190       -0.45439225753810
C            0.03653041599619        0.01187214031693        0.17844958329368
C            1.21234080364716       -0.52619503025860       -0.64097026678641
O            2.28467062268026       -0.79773857260568        0.23235401255528
O            0.17307018875671        1.41223356118490        0.27413281305929
O           -2.32218897952256        0.18640467361541        0.37454579201546
H           -1.40069228388628       -1.44001277645180       -0.52435268167315
H           -1.36381920045869        0.08775805047576       -1.45976643154110
H            0.08611590100164       -0.43679521595411        1.18227438236032
H            1.48402484898775        0.23730921332849       -1.37771596383256
H            0.90691529246739       -1.44415110420271       -1.16114695985598
H            3.08749517053273       -0.96036653497797       -0.28064169403152
H           -0.61521077503889        1.75626973204954        0.72089993312544
H           -3.19145580254827       -0.03058830170714        0.01208479689364
14
 energy: -22.691341219129 gnorm: 0.002065865197 xtb: 6.7.1 (edcfbbe)
C           -1.31105694322175       -0.35463842031854       -0.45004057246910
C            0.03786549445936        0.01799892962950        0.17765946397473
C            1.21452419451127       -0.51616275932469       -0.64275934510291
O            2.27655481048416       -0.81646584197351        0.23363476316096
O            0.16578661036664        1.41969052675913        0.26826788043049
O           -2.32187750901224        0.18164060404925        0.37636930521405
H           -1.39279841283179       -1.44567849575664       -0.51218207716990
H           -1.36548049575759        0.07581895520596       -1.45823919209908
H            0.09274856925323       -0.42669268600788        1.18336462249672
H            1.50100204243582        0.26030178220566       -1.36190238790165
H            0.90404532158034       -1.41944768083428       -1.18555219938444
H            3.07734855404193       -0.99556976928942       -0.27856367747509
H           -0.62500876673963        1.76135144640774        0.71245737522093
H           -3.18907576420408       -0.03610143102113        0.01324109914860
14
 energy: -22.691345013692 gnorm: 0.001795811273 xtb: 6.7.1 (edcfbbe)
C           -1.30972181646799       -0.35631277275837       -0.44837372843102
C            0.03839391018343        0.02019759121185        0.17830708463729
C            1.21542916810091       -0.51193282178801       -0.64278554281721
O            2.27497101284159       -0.81843817680673        0.23220160769462
O            0.16227384508930        1.42240272283320        0.26779072204365
O           -2.32177596341497        0.18002133582073        0.37660307142400
H           -1.38916081890265       -1.44763867430064       -0.50763695661692
H           -1.36461842318143        0.07126391186022       -1.45764914025629
H            0.09528496918289       -0.42316938581231        1.18438655913079
H            1.50477357047781        0.26692905857246       -1.35679308666438
H            0.90506126437308       -1.41057040213500       -1.19070623515780
H            3.07202203266631       -1.01216533038703       -0.28151435611808
H           -0.62950599897733        1.76198903566706        0.71182186064825
H           -3.18884904660526       -0.03653093224629        0.01010319852738
14
 energy: -22.691346629843 gnorm: 0.001228030394 xtb: 6.7.1 (edcfbbe)
C           -1.30865697502816       -0.35887877254932       -0.44578081696821
C            0.03937309128395        0.02481545906836        0.17687796511792
C            1.21781105731200       -0.50461948573130       -0.64443537366405
O            2.27060795615909       -0.83388015780576        0.23398973152528
O            0.15727160541675        1.42827866775990        0.26239833457584
O           -2.32175774276460        0.17811775324956        0.37810335456199
H           -1.38547698240721       -1.45062375846608       -0.49907499434089
H           -1.36655791061196        0.06400765518346       -1.45677470775167
H            0.10056611684514       -0.41428154382391        1.18420430154385
H            1.51790759537558        0.28411964547275       -1.34438771014073
H            0.90332990719765       -1.39308400257208       -1.20858887190649
H            3.06541724146851       -1.03795311457543       -0.27896619951486
H           -0.63638523578184        1.76470068493677        0.70568697865301
H           -3.18887201909923       -0.04467387041579        0.01250306635331
14
 energy: -22.691348967749 gnorm: 0.000754962931 xtb: 6.7.1 (edcfbbe)
C           -1.30931910483519       -0.35809300580513       -0.44691886309216
C            0.03881292682596        0.02201778453535        0.17791574071429
C            1.21702320182404       -0.50818356901296       -0.64343550196127
O            2.27498297456099       -0.82345621689388        0.23278451090270
O            0.15944677479612        1.42497914364034        0.26515184105309
O           -2.32218513342468        0.17765612477800        0.37804741159467
H           -1.38800101379104       -1.44940350907564       -0.50421798393166
H           -1.36558980798916        0.06850593069514       -1.45636386025621
H            0.09822715897092       -0.41873595791766        1.18446050679889
H            1.50975469763889        0.27473819038443       -1.35122415156753
H            0.90507377565366       -1.40321305895178       -1.19728894871002
H            3.06849327486452       -1.02532618740919       -0.28158325825431
H           -0.63341601889912        1.76207937841665        0.70930838006238
H           -3.18872600083022       -0.03751988765252        0.00911923469143
14
 energy: -22.691349539568 gnorm: 0.000406667500 xtb: 6.7.1 (edcfbbe)
C           -1.30922364528988       -0.35844367352529       -0.44671636672991
C            0.03881475770485        0.02198732901991        0.17801460224034
C            1.21695794539450       -0.50809978310644       -0.64365527761915
O            2.27444517391014       -0.82292079775665        0.23274021696751
O            0.15879216796556        1.42497703179681        0.26473544686216
O           -2.32173507947035        0.17729134885708        0.37861735076415
H           -1.38745738318277       -1.44987958197095       -0.50382221546009
H           -1.36574901486236        0.06804100244407       -1.45624106040267
H            0.09842738259520       -0.41863650791318        1.18469009230938
H            1.51054483875063        0.27574282174849       -1.35062995610735
H            0.90560633936554       -1.40289086674901       -1.19823741224362
H            3.06783586261335       -1.02684258435905       -0.28157500794790
H           -0.63407107083328        1.76200577326242        0.70895578080182
H           -3.18861056929545       -0.03628635201709        0.00887886460961
14
 energy: -22.691349947296 gnorm: 0.000284155660 xtb: 6.7.1 (edcfbbe)
C           -1.30931045176028       -0.35876371035602       -0.44653962860373
C            0.03881589927546        0.02197899934801        0.17787550879481
C            1.21706271796074       -0.50788878965394       -0.64380509726054
O            2.27473024597181       -0.82244976702924        0.23300870660422
O            0.15847389129381        1.42498177579102        0.26444066548160
O           -2.32168447340526        0.17643880096618        0.37931341176719
H           -1.38733721774316       -1.45021567994134       -0.50404488830385
H           -1.36619315634451        0.06801895203332       -1.45591395051833
H            0.09866811264726       -0.41859614767121        1.18456583241725
H            1.51037030566026        0.27591726411089       -1.35080652492833
H            0.90596330532977       -1.40291819331602       -1.19821841441304
H            3.06797770955003       -1.02747707539447       -0.28139785178115
H           -0.63431958202015        1.76184359849665        0.70892478614487
H           -3.18863960105011       -0.03482486765270        0.00835250264331
14
 energy: -22.691350314899 gnorm: 0.000236446512 xtb: 6.7.1 (edcfbbe)
C           -1.30972146919753       -0.35877750914814       -0.44676806372410
C            0.03862715755245        0.02103744420060        0.17777114431473
C            1.21686331162849       -0.50905825856083       -0.64368136309816
O            2.27629029915403       -0.81901637275585        0.23316045924047
O            0.15902044939015        1.42394260993197        0.26463957310830
O           -2.32167661309157        0.17522719181863        0.38040266565399
H           -1.38816346998904       -1.45013294339065       -0.50601363111775
H           -1.36690197648089        0.06957113010834       -1.45543759754267
H            0.09812142502060       -0.41981507412187        1.18434099376546
H            1.50805236950186        0.27341411698005       -1.35310804724923
H            0.90671801560212       -1.40651121835135       -1.19502527717330
H            3.06940986118840       -1.02357842505259       -0.28142616391401
H           -0.63322967403112        1.76098871762473        0.70996679478407
H           -3.18883198088226       -0.03124624955191        0.00693357099648
14
 energy: -22.691350437259 gnorm: 0.000192429369 xtb: 6.7.1 (edcfbbe)
C           -1.30979846473104       -0.35874824276670       -0.44687448454076
C            0.03854818392949        0.02055653687476        0.17792505626218
C            1.21666893846930       -0.50961231288798       -0.64354004331417
O            2.27700081168667       -0.81712910836807        0.23298464939005
O            0.15929293990854        1.42344439718904        0.26502581427129
O           -2.32173028867246        0.17464325391129        0.38072408257568
H           -1.38830954493375       -1.45009073677363       -0.50685833611680
H           -1.36697751992949        0.07030136802784       -1.45521998307156
H            0.09778481757210       -0.42043422403723        1.18446034837826
H            1.50646687178854        0.27180702310427       -1.35458793792341
H            0.90700609315038       -1.40826270787099       -1.19310342188262
H            3.07005719976375       -1.02157724718588       -0.28179142433765
H           -0.63260108547118        1.76060150782671        0.71088957935601
H           -3.18883124716518       -0.02945434731228        0.00572115899779
14
 energy: -22.691350506011 gnorm: 0.000064283478 xtb: 6.7.1 (edcfbbe)
C           -1.30974863973296       -0.35881625706201       -0.44678769976272
C            0.03856094885116        0.02058607943114        0.17800461173208
C            1.21662154553378       -0.50964237768995       -0.64349153762508
O            2.27684857571377       -0.81741026832229        0.23282728669187
O            0.15929461072545        1.42350144997414        0.26502868793383
O           -2.32179872833078        0.17446790515234        0.38074784669456
H           -1.38817495231694       -1.45015422939768       -0.50673772920400
H           -1.36689400643482        0.07020798668550       -1.45512576546879
H            0.09781933811829       -0.42031508235749        1.18455843212925
H            1.50651532897242        0.27172572515408       -1.35463890609477
H            0.90684562053513       -1.40816806751636       -1.19310918136008
H            3.07001559794029       -1.02131230040606       -0.28188191167600
H           -0.63252718525119        1.76068502176891        0.71100801519552
H           -3.18880034895793       -0.02931042568312        0.00535290885860
