----------------------------------------------- 
  Element       SASA      Sigma Z        Total  
     Z         Ang**2 cal/Ang**2/mol   kcal/mol 
----------------------------------------------- 
      H        131.249      48.690       6.391
      C         59.991     129.740       7.783
      N         26.880       0.000       0.000

 Subtotal:     218.119                  14.174
 -----------------------------------------------

  Elements    COT*SASA   Sigma Z,Z'     Total   
    Z,Z'       Ang**2  cal/Ang**2/mol kcal/mol  
 ---------------------------------------------- 
  H   C         88.586     -60.770      -5.383
  C   C         45.670     -72.950      -3.332
  C   N         19.498       0.000       0.000
  N   C         86.909     -48.220      -4.191
  N  C(3)        0.000      84.100       0.000

 Subtotal:                             -12.906
 ---------------------------------------------- 

 NONAQUEOUS SOLVENT CONTRIBUTION (kcal/mol):
 (proportional to SASA, atomic number independent)
 ---------------------------------------------- 
 Subtotal:                               0.000
 ---------------------------------------------- 

 CDS TOTAL (kcal/mol):                   1.268
...............................................................................
