----------------------------------------------- 
  Element       SASA      Sigma Z        Total  
     Z         Ang**2 cal/Ang**2/mol   kcal/mol 
----------------------------------------------- 
      H        152.392      48.690       7.420
      C         27.374     129.740       3.552
      O         16.149       0.000       0.000

 Subtotal:     195.915                  10.972
 -----------------------------------------------

  Elements    COT*SASA   Sigma Z,Z'     Total   
    Z,Z'       Ang**2  cal/Ang**2/mol kcal/mol  
 ---------------------------------------------- 
  H   C         95.003     -60.770      -5.773
  H   O          7.823       0.000       0.000
  C   C         19.817     -72.950      -1.446
  O   C          0.000      68.690       0.000

 Subtotal:                              -7.219
 ---------------------------------------------- 

 NONAQUEOUS SOLVENT CONTRIBUTION (kcal/mol):
 (proportional to SASA, atomic number independent)
 ---------------------------------------------- 
 Subtotal:                               0.000
 ---------------------------------------------- 

 CDS TOTAL (kcal/mol):                   3.753
...............................................................................
