14
 energy: -344.747439844737 gnorm: 0.001343029069 xtb: 6.7.1 (edcfbbe)
C           -1.43859689396096        0.09701397906842        0.63629140702947
C            0.06279807161279        0.29309295597536        0.54445269730280
C            0.78650114990565       -0.94493454059761        0.05412570005323
O            2.19581579278453       -0.64899091217817        0.07387046953996
O            0.29681424026937        1.40320538480695       -0.34309403178838
O           -2.03106351551479       -0.29339093269025       -0.61072863721680
H           -1.89578364946657        1.02591949948465        1.00491863295143
H           -1.65704667397459       -0.70021665974791        1.35276083525510
H            0.42947999163128        0.53935378929613        1.55438261073349
H            0.46505167251199       -1.19224350663408       -0.96463175396093
H            0.55663401577048       -1.78976000929986        0.71867834849763
H            2.64403205552862       -1.32556090231581       -0.44922169897593
H            1.24449348142575        1.40994165745650       -0.53700656270059
H           -1.81696540835976        0.39723683023381       -1.25245599248239
14
 energy: -344.747443671211 gnorm: 0.000350328780 xtb: 6.7.1 (edcfbbe)
C           -1.43817040759044        0.09717896575538        0.63566911169511
C            0.06301083853261        0.29293477243348        0.54459861232348
C            0.78640169332707       -0.94514455077864        0.05500556167522
O            2.19589036250788       -0.64983175725632        0.07329235403451
O            0.29823468019067        1.40397808025544       -0.34197115762461
O           -2.03154398965197       -0.29354591576762       -0.61126095335190
H           -1.89561160100393        1.02587751827223        1.00403045011473
H           -1.65660665438419       -0.70023758484282        1.35172925459109
H            0.42852775622444        0.53893084047668        1.55493892231036
H            0.46382470673046       -1.19467009499309       -0.96309493154534
H            0.55716157433095       -1.78890177757975        0.72107367630769
H            2.64295448540910       -1.32372215516643       -0.45262396940713
H            1.24601432255758        1.41127627812834       -0.53562016863251
H           -1.81792335341455        0.39654392891073       -1.25342471739998
14
 energy: -344.747443671211 gnorm: 0.000350328780 xtb: 6.7.1 (edcfbbe)
C           -1.43817040759044        0.09717896575538        0.63566911169511
C            0.06301083853261        0.29293477243348        0.54459861232348
C            0.78640169332707       -0.94514455077864        0.05500556167522
O            2.19589036250788       -0.64983175725632        0.07329235403451
O            0.29823468019067        1.40397808025544       -0.34197115762461
O           -2.03154398965197       -0.29354591576762       -0.61126095335190
H           -1.89561160100393        1.02587751827223        1.00403045011473
H           -1.65660665438419       -0.70023758484282        1.35172925459109
H            0.42852775622444        0.53893084047668        1.55493892231036
H            0.46382470673046       -1.19467009499309       -0.96309493154534
H            0.55716157433095       -1.78890177757975        0.72107367630769
H            2.64295448540910       -1.32372215516643       -0.45262396940713
H            1.24601432255758        1.41127627812834       -0.53562016863251
H           -1.81792335341455        0.39654392891073       -1.25342471739998
