17
 energy: -23.952997047667 gnorm: 0.029646323058 xtb: 6.7.1 (edcfbbe)
C           -3.11003996288770        0.75936290307381        0.05957696660950
C           -1.60044384068051        0.82566454550024       -0.15276879862258
C           -0.93707858059057       -0.50050588531124        0.21974030789917
C            0.54590883445528       -0.58977617723172       -0.00093233786905
O            1.14363199062106       -1.62685738977660       -0.24578390870566
O            1.16853249831598        0.59511519036428        0.13178675590128
C            2.61114857041060        0.57214771575773       -0.02016590931989
H           -3.58693483803938        1.70612456119220       -0.21134906965568
H           -3.55938028114348       -0.03133874678305       -0.55103639352510
H           -3.34847541049685        0.54944294799133        1.10815998292642
H           -1.17746297252653        1.63497187847882        0.45032292444518
H           -1.38048327741185        1.05841103668149       -1.20126098494778
H           -1.38902662324741       -1.33196625493807       -0.32978103874169
H           -1.09631422998362       -0.70988953079130        1.28748777658659
H            3.05930716833851       -0.07141591901912        0.74051805668106
H            2.93205833463192        1.60398820365956        0.11710504583042
H            2.88005942404670        0.21822311993027       -1.01808720298472
17
 energy: -23.953892166753 gnorm: 0.011226574815 xtb: 6.7.1 (edcfbbe)
C           -3.09726390358650        0.75998141151457        0.06023616334004
C           -1.59004574203324        0.82210014277482       -0.15225768814409
C           -0.94084410170154       -0.50896194401795        0.22140130929147
C            0.54320697066841       -0.58729905211735       -0.00082099928521
O            1.13898849038322       -1.61685455728137       -0.24629764272015
O            1.16422923219856        0.58780642414564        0.13000153411452
C            2.59589061232899        0.58064603070328       -0.01959743004443
H           -3.56083776240559        1.70636207138982       -0.21168816503885
H           -3.54177637492332       -0.02495035908959       -0.55071414396849
H           -3.33161307307452        0.55238198845807        1.10365991442383
H           -1.16268397015166        1.62315751701081        0.45379046760343
H           -1.37551241768291        1.04972315937114       -1.19941825066731
H           -1.39617823225739       -1.33446894717743       -0.33135245664460
H           -1.10151708890865       -0.70994996718643        1.28679600833454
H            3.04078441250739       -0.06903248651289        0.73406516046091
H            2.90890305879074        1.61207730112311        0.11851874477388
H            2.86127669366015        0.21898346567041       -1.01279035332204
17
 energy: -23.954074680047 gnorm: 0.003987524936 xtb: 6.7.1 (edcfbbe)
C           -3.08976353386389        0.76654348464164        0.06026345598336
C           -1.58164386834159        0.81663595821903       -0.15172543774774
C           -0.94247332883661       -0.51915984002107        0.22352644728662
C            0.54321452452302       -0.59186116050978        0.00261662655438
O            1.14169461377708       -1.61769638802320       -0.24834356372557
O            1.15611743006834        0.57974256782076        0.13234583704346
C            2.57977295042810        0.58786564144654       -0.01961313753566
H           -3.54313062636869        1.71493897752109       -0.21245577287267
H           -3.53350455701377       -0.01479057400751       -0.55103100791837
H           -3.32207707739771        0.56023126375128        1.10140928560596
H           -1.14713759838629        1.61086944616636        0.45552885238918
H           -1.36628317657003        1.04052277803826       -1.19762325049861
H           -1.39703689421033       -1.34000191599978       -0.33413036936528
H           -1.10714130522920       -0.71647827397405        1.28663012441870
H            3.03308587843343       -0.06187988574684        0.72873133826129
H            2.88318706912250        1.62015000931932        0.11912755816318
H            2.84812630367777        0.22607011013661       -1.01172481353476
17
 energy: -23.954119553917 gnorm: 0.001728935817 xtb: 6.7.1 (edcfbbe)
C           -3.08545368190877        0.77178890387384        0.06021096942047
C           -1.57631759252423        0.81233875258759       -0.15147546317713
C           -0.94401132242728       -0.52725425739928        0.22470352818743
C            0.54253948089636       -0.59761852567640        0.00338625186029
O            1.14351751261220       -1.62285926714661       -0.24911702593273
O            1.14986391701978        0.57405825612513        0.13546921728271
C            2.57073758835702        0.59304438265824       -0.01942142595714
H           -3.53151509669323        1.72333008008333       -0.21329724488879
H           -3.53317626300310       -0.00697919982151       -0.55136519629847
H           -3.31873592317602        0.56750010397241        1.10142944961491
H           -1.13666263416446        1.60364511979517        0.45567050009007
H           -1.35917325855079        1.03401106259540       -1.19730479511696
H           -1.39812164410611       -1.34613142720640       -0.33544135934246
H           -1.11133637012403       -0.72411757037576        1.28695793193534
H            3.03340055445843       -0.05473400155852        0.72594269031796
H            2.86759185257282        1.62699313198060        0.11993812166313
H            2.84185968457356        0.23468665429142       -1.01275397715119
17
 energy: -23.954145585848 gnorm: 0.002038231563 xtb: 6.7.1 (edcfbbe)
C           -3.08180454613006        0.77793791700582        0.05958557525126
C           -1.57188720082929        0.80717385687099       -0.15073937642274
C           -0.94539611630165       -0.53583330045192        0.22545865739054
C            0.54240935808831       -0.60600024504950        0.00708110318471
O            1.14489125771457       -1.63067768011742       -0.24953126813631
O            1.14467861014425        0.56741658691449        0.14112486727325
C            2.56410861009156        0.59847219160128       -0.01974579748982
H           -3.52028967033858        1.73354283937982       -0.21438816502947
H           -3.53604872342846        0.00243047520552       -0.55260653559440
H           -3.31808006319483        0.57564886052479        1.10126916006755
H           -1.12763773482083        1.59604168025270        0.45661363221110
H           -1.35188497379263        1.02767774000587       -1.19662313912013
H           -1.39926028734941       -1.35261540526410       -0.33788565665434
H           -1.11683532432171       -0.73468540709891        1.28676667832963
H            3.03842508670773       -0.04535305287948        0.72288282542295
H            2.85335594932228        1.63509376449673        0.11987249984482
H            2.83626257225091        0.24543137738197       -1.01560288802115
17
 energy: -23.954151934395 gnorm: 0.001321339659 xtb: 6.7.1 (edcfbbe)
C           -3.08033584649601        0.77968835237408        0.05959777637900
C           -1.57070874719629        0.80528600490235       -0.15066691423551
C           -0.94590551870530       -0.53842394270079        0.22531527266921
C            0.54195547039539       -0.60827733287721        0.00664590128857
O            1.14499407610131       -1.63262556430592       -0.24847520258782
O            1.14338174561413        0.56572851052061        0.14252893375967
C            2.56280001093843        0.60008199151477       -0.01965544065907
H           -3.51612620466351        1.73653509708312       -0.21450026121900
H           -3.53717965024472        0.00556222995745       -0.55246448540537
H           -3.31760251607610        0.57838772898123        1.10131811787963
H           -1.12501809157704        1.59351648735494        0.45653203757182
H           -1.35021081321789        1.02531989798577       -1.19664423688042
H           -1.39982448571669       -1.35486551644430       -0.33863313730773
H           -1.11806943104070       -0.73810126761446        1.28648915054540
H            3.03953514549869       -0.04233817579067        0.72229464618804
H            2.84920421362094        1.63762254502315        0.12001967477671
H            2.83411744657752        0.24860515281453       -1.01616966025567
17
 energy: -23.954157227893 gnorm: 0.000542160407 xtb: 6.7.1 (edcfbbe)
C           -3.07817279590626        0.78215789720635        0.05969590437695
C           -1.56914610172562        0.80263888446538       -0.15064763662874
C           -0.94670678763408       -0.54200759260084        0.22460350235617
C            0.54158510731561       -0.61172526488197        0.00890805270077
O            1.14558529988691       -1.63458392962658       -0.24670227947902
O            1.14163274340477        0.56378744277195        0.14504018251183
C            2.56118733516363        0.60234054845370       -0.01986975412718
H           -3.51007699961294        1.74068935312942       -0.21432580979558
H           -3.53864648688839        0.01015398073374       -0.55209310976292
H           -3.31645808080191        0.58214363033808        1.10136053685300
H           -1.12130392177377        1.58966344886493        0.45654776576612
H           -1.34807130076237        1.02227971809296       -1.19664223687595
H           -1.40018739923418       -1.35758935334460       -0.34128013076885
H           -1.12069473394184       -0.74379169376174        1.28520928305821
H            3.04071488538227       -0.03762013768111        0.72153069029530
H            2.84335190359814        1.64118052993162        0.11908694340066
H            2.83041413734220        0.25198473668740       -1.01688973137331
17
 energy: -23.954158777346 gnorm: 0.000413701545 xtb: 6.7.1 (edcfbbe)
C           -3.07736233460853        0.78333486436417        0.06019102640595
C           -1.56834667486141        0.80153407708877       -0.15097376834233
C           -0.94702372776577       -0.54366096330954        0.22410889132629
C            0.54134108877279       -0.61267210907498        0.00881312465849
O            1.14684603187497       -1.63500434177747       -0.24541780914539
O            1.14025457984612        0.56344311113328        0.14518894684425
C            2.55978980277627        0.60330280464551       -0.01971528486516
H           -3.50776208362261        1.74248270704917       -0.21391148592972
H           -3.53907339058813        0.01185223275060       -0.55120045167676
H           -3.31519181582329        0.58397295588906        1.10201931231471
H           -1.11896412136164        1.58797311231252        0.45580015269770
H           -1.34749459496169        1.02063124702219       -1.19708581916870
H           -1.40004152604880       -1.35882965404565       -0.34263906304643
H           -1.12182335516025       -0.74591332115679        1.28443416847702
H            3.04011763803574       -0.03578901113665        0.72191658353860
H            2.84056157308857        1.64251430522084        0.11851415897665
H            2.82917971421982        0.25253018180364       -1.01651051055770
17
 energy: -23.954159940084 gnorm: 0.000162544743 xtb: 6.7.1 (edcfbbe)
C           -3.07666056724364        0.78426540410751        0.06106614751084
C           -1.56770188910611        0.80072702261121       -0.15172694318805
C           -0.94728642715769       -0.54505854407493        0.22313009030863
C            0.54127265964442       -0.61334017660892        0.00933834970143
O            1.14816151362437       -1.63527207924593       -0.24371205409178
O            1.13908593119606        0.56339537426329        0.14465308458023
C            2.55855520118183        0.60414406055148       -0.01955439334385
H           -3.50606974175375        1.74382468115260       -0.21304785401231
H           -3.53976153537401        0.01300947675943       -0.54953306592865
H           -3.31346460934883        0.58572802327506        1.10326399075541
H           -1.11688102065364        1.58676392592871        0.45445283243325
H           -1.34766104794282        1.01929418770953       -1.19809548585795
H           -1.39972876838541       -1.35976948842059       -0.34466368982275
H           -1.12319674133121       -0.74789613392506        1.28309376921532
H            3.03895498783657       -0.03384053927166        0.72312587703477
H            2.83854943803672        1.64366679416715        0.11746802672871
H            2.82883942058928        0.25206020979979       -1.01572650951577
17
 energy: -23.954161125122 gnorm: 0.000235966715 xtb: 6.7.1 (edcfbbe)
C           -3.07589838883798        0.78557952482104        0.06263693519605
C           -1.56726733889531        0.79957214050432       -0.15307854249945
C           -0.94750712385156       -0.54670898496129        0.22123377554941
C            0.54131876943397       -0.61425394938666        0.00959718842000
O            1.14974394011228       -1.63611778280677       -0.24045440700782
O            1.13783911063748        0.56332766332379        0.14315770038635
C            2.55735019611319        0.60515889780093       -0.01918508800362
H           -3.50428691380558        1.74560123671865       -0.21152568864563
H           -3.54139686781759        0.01443646610080       -0.54629260078088
H           -3.31081682635739        0.58845218244450        1.10554334695092
H           -1.11424885789614        1.58524221235791        0.45190488675149
H           -1.34884663251723        1.01729619783411       -1.19994954438313
H           -1.39909844114032       -1.36085215555768       -0.34800343281860
H           -1.12503470222170       -0.75064134441380        1.28070779985090
H            3.03747977106992       -0.03065765843892        0.72565219282109
H            2.83617711280843        1.64527706950163        0.11577222220240
H            2.82949999697769        0.25099048293609       -1.01418457148202
17
 energy: -23.954162206196 gnorm: 0.000303670098 xtb: 6.7.1 (edcfbbe)
C           -3.07467732539801        0.78724767602584        0.06519719376464
C           -1.56673322336267        0.79820463176572       -0.15523502194118
C           -0.94800246356886       -0.54882755544678        0.21811965161710
C            0.54134658688222       -0.61560551674219        0.00999591239752
O            1.15144811997965       -1.63774185024745       -0.23496323699439
O            1.13623250989886        0.56315231909050        0.14052649323994
C            2.55595352008071        0.60653559138085       -0.01864686774100
H           -3.50186240557903        1.74776973145065       -0.20911356807352
H           -3.54377562984860        0.01618103593852       -0.54107460513081
H           -3.30679895559546        0.59232928789929        1.10917426905476
H           -1.11054736000127        1.58348310174835        0.44789249833828
H           -1.35098922257245        1.01482867122320       -1.20290064446386
H           -1.39820014411368       -1.36218668558678       -0.35338643973141
H           -1.12782755642374       -0.75480205948648        1.27684857771022
H            3.03546359666346       -0.02561524837601        0.72975468860598
H            2.83283417226228        1.64763912915189        0.11301228017192
H            2.83114258450872        0.24910993898955       -1.01166900831674
17
 energy: -23.954162690761 gnorm: 0.000191604527 xtb: 6.7.1 (edcfbbe)
C           -3.07438988980695        0.78798791251544        0.06658993209051
C           -1.56686178725733        0.79767338072996       -0.15634231045940
C           -0.94810556117951       -0.54943733970697        0.21627511122164
C            0.54157565197463       -0.61611731918283        0.01003970221452
O            1.15213989003263       -1.63871232259158       -0.23169662565224
O            1.13584091008700        0.56312723250039        0.13861382070957
C            2.55578487262980        0.60699618653884       -0.01837418950893
H           -3.50156058248077        1.74851996969582       -0.20778371369833
H           -3.54503916119511        0.01663388587856       -0.53808051809328
H           -3.30472823966614        0.59414385106702        1.11115495244476
H           -1.10921412095559        1.58285622356091        0.44578512626662
H           -1.35269808331757        1.01388392889363       -1.20440885578592
H           -1.39760391457651       -1.36238082920753       -0.35638383713596
H           -1.12906270812940       -0.75657839709311        1.27460356047676
H            3.03441868129337       -0.02306684336622        0.73228616817729
H            2.83173352071203        1.64860481647166        0.11139320046908
H            2.83277732564758        0.24756786207469       -1.01013935122924
17
 energy: -23.954163158346 gnorm: 0.000056722886 xtb: 6.7.1 (edcfbbe)
C           -3.07424480464816        0.78811168267005        0.06798571798426
C           -1.56714122237767        0.79776719891854       -0.15737644268526
C           -0.94826258558624       -0.54940522735543        0.21444282865522
C            0.54173866211436       -0.61617410145334        0.00992290332010
O            1.15238730783399       -1.63949917374089       -0.22826845740175
O            1.13573874104005        0.56339221106050        0.13625477509720
C            2.55606071975111        0.60707710511268       -0.01817361667077
H           -3.50191090929831        1.74838956391810       -0.20651665244026
H           -3.54598502902029        0.01627973171982       -0.53522741385130
H           -3.30300835670229        0.59519834938891        1.11308438434290
H           -1.10854657742529        1.58299658130277        0.44398677771333
H           -1.35455311853900        1.01389944699934       -1.20579302772538
H           -1.39707207802220       -1.36202096231492       -0.35927424424671
H           -1.13004017868934       -0.75781105843537        1.27242563993524
H            3.03332777245166       -0.02096575052045        0.73497172949030
H            2.83152169983829        1.64906665329980        0.10961050942613
H            2.83499676109148        0.24539994820855       -1.00852323843579
17
 energy: -23.954163465875 gnorm: 0.000124913217 xtb: 6.7.1 (edcfbbe)
C           -3.07444203330325        0.78808279732922        0.06929651036044
C           -1.56765892340402        0.79809759154233       -0.15819382709024
C           -0.94825138605461       -0.54901549362024        0.21258304992034
C            0.54203126159664       -0.61588954142891        0.00972162795389
O            1.15283061297399       -1.63999963467803       -0.22467306933059
O            1.13588031618200        0.56396753114965        0.13347505128144
C            2.55662189500674        0.60690678165622       -0.01806310241532
H           -3.50310382079025        1.74790623144073       -0.20525958631991
H           -3.54667939452987        0.01552328555777       -0.53258515105727
H           -3.30155628599713        0.59579918347539        1.11486863950794
H           -1.10844185476854        1.58338146351746        0.44263071035218
H           -1.35658366609199        1.01444402923905       -1.20686233055615
H           -1.39642221224244       -1.36125093056255       -0.36220028148259
H           -1.13080652623484       -0.75870013660935        1.27020922516721
H            3.03198305457198       -0.01916403533646        0.73789459603068
H            2.83202325520821        1.64919366730468        0.10747409761250
H            2.83758251168954        0.24241940880171       -1.00678398742710
17
 energy: -23.954163579457 gnorm: 0.000095188028 xtb: 6.7.1 (edcfbbe)
C           -3.07453921507076        0.78792362509219        0.06978399699902
C           -1.56782455297926        0.79839339186952       -0.15836718785348
C           -0.94825536789640       -0.54878831528158        0.21183747277564
C            0.54209917122330       -0.61562509620680        0.00970268513527
O            1.15312802567012       -1.64000175306514       -0.22298921769019
O            1.13589572419330        0.56438288848733        0.13218620542012
C            2.55679747662776        0.60677104179633       -0.01811336994915
H           -3.50360496068732        1.74757298433080       -0.20473084632233
H           -3.54680058657735        0.01512079235410       -0.53178478976059
H           -3.30114862207938        0.59573359534186        1.11548622945907
H           -1.10849459574423        1.58357227903268        0.44250956496041
H           -1.35720927239801        1.01506679468389       -1.20705506973958
H           -1.39612763821365       -1.36075623990829       -0.36355638601121
H           -1.13120219155974       -0.75917452963401        1.26926340288381
H            3.03126573301195       -0.01835450073584        0.73920704089758
H            2.83239852591903        1.64914019786317        0.10616214703367
H            2.83862915037279        0.24072504275846       -1.00600970573062
17
 energy: -23.954163695247 gnorm: 0.000036108912 xtb: 6.7.1 (edcfbbe)
C           -3.07466286781629        0.78774400248629        0.06986699319537
C           -1.56788450328640        0.79872476248052       -0.15809328560581
C           -0.94822620807282       -0.54859866569399        0.21151342425751
C            0.54212734198531       -0.61536814263948        0.00981469226794
O            1.15342653318969       -1.63984816521587       -0.22180471161439
O            1.13592798671413        0.56475635745128        0.13139322864315
C            2.55688433086768        0.60661824012202       -0.01831590141136
H           -3.50401806751656        1.74729370275580       -0.20450433938340
H           -3.54653393409231        0.01489526429766       -0.53194360932958
H           -3.30133244796118        0.59523171398267        1.11548994944819
H           -1.10881698535513        1.58368908716684        0.44325108745391
H           -1.35719007497136        1.01598082355572       -1.20663286974875
H           -1.39591812280304       -1.36027113595553       -0.36443189119135
H           -1.13147744189872       -0.75960449594028        1.26875652735396
H            3.03081057264281       -0.01786356609013        0.73990428334769
H            2.83280059982499        1.64901518939379        0.10490994684824
H            2.83909009236134        0.23930722662135       -1.00564135202388
17
 energy: -23.954163855270 gnorm: 0.000096726253 xtb: 6.7.1 (edcfbbe)
C           -3.07486188417254        0.78743249968730        0.06965566753577
C           -1.56789603434960        0.79924804161945       -0.15731392287320
C           -0.94818419507182       -0.54831554296260        0.21133852893625
C            0.54215019067430       -0.61506766672431        0.01011022761227
O            1.15372843818649       -1.63968857683838       -0.22026327785813
O            1.13601025093537        0.56519621771237        0.13053481824638
C            2.55699249084502        0.60639856973502       -0.01876894126211
H           -3.50448152012504        1.74696325088970       -0.20433687772070
H           -3.54593828433046        0.01475871765060       -0.53301328059147
H           -3.30211149689004        0.59408227208335        1.11499446988687
H           -1.10945216664866        1.58371919647112        0.44514437603037
H           -1.35658652743391        1.01764436993451       -1.20548325478801
H           -1.39570445441854       -1.35947725918213       -0.36545518048253
H           -1.13184536921691       -0.76029364037549        1.26830923750351
H            3.03045455182563       -0.01717510225493        0.74052774666536
H            2.83330179481169        1.64885422351849        0.10297719865785
H            2.83943101919118        0.23742262781459       -1.00542536299103
17
 energy: -23.954164040237 gnorm: 0.000151113896 xtb: 6.7.1 (edcfbbe)
C           -3.07501750089406        0.78718868141449        0.06938855416069
C           -1.56785245420840        0.79978820755536       -0.15634572393031
C           -0.94817772081309       -0.54811259587897        0.21111563123740
C            0.54219186714658       -0.61490693614890        0.01049876562398
O            1.15397058919957       -1.63978357901015       -0.21829756629536
O            1.13606308563111        0.56552932761989        0.12952427023026
C            2.55708858208449        0.60623771710116       -0.01933421514770
H           -3.50485359500582        1.74676714710050       -0.20407456045474
H           -3.54523002563122        0.01485443526532       -0.53438854991759
H           -3.30304567722555        0.59274382532391        1.11435605121420
H           -1.11015894069873        1.58366771965088        0.44744722401656
H           -1.35576566626853        1.01957232382711       -1.20406443574206
H           -1.39548342127758       -1.35866436805214       -0.36671402423552
H           -1.13233654117794       -0.76131617566293        1.26775270939810
H            3.03017114620292       -0.01609431030876        0.74124282569997
H            2.83359874955322        1.64884456863114        0.10063842693053
H            2.83984432719519        0.23538621035075       -1.00521321028095
17
 energy: -23.954164321276 gnorm: 0.000165097417 xtb: 6.7.1 (edcfbbe)
C           -3.07513269846785        0.78699057599308        0.06905765832118
C           -1.56773335026281        0.80035238753799       -0.15513701108539
C           -0.94820957819966       -0.54799417416645        0.21079520383703
C            0.54226045960953       -0.61489164098105        0.01104351932769
O            1.15420817545104       -1.64016222248026       -0.21560401359325
O            1.13605184160128        0.56578097882472        0.12820951478475
C            2.55714106011089        0.60615546381592       -0.02006931716563
H           -3.50505326022177        1.74675539990235       -0.20361677924752
H           -3.54447514926102        0.01524651886193       -0.53616355914953
H           -3.30415846032814        0.59113382895217        1.11355053994284
H           -1.11083813094613        1.58340428280417        0.45034355418356
H           -1.35463292114745        1.02186896405176       -1.20228734949044
H           -1.39523822364680       -1.35772623229691       -0.36841921608428
H           -1.13305416903708       -0.76283277093646        1.26698860692514
H            3.02987629387478       -0.01442775836850        0.74216230004596
H            2.83361919147723        1.64903362811961        0.09763765405697
H            2.84037572320614        0.23301496914459       -1.00495913310163
17
 energy: -23.954165014365 gnorm: 0.000181846043 xtb: 6.7.1 (edcfbbe)
C           -3.07527145587890        0.78671737256454        0.06842982123103
C           -1.56740293015887        0.80145834612744       -0.15255236510892
C           -0.94833179517943       -0.54792700045760        0.20994903399741
C            0.54242489802182       -0.61505710195856        0.01229037867689
O            1.15473652414391       -1.64126669483140       -0.20927348166698
O            1.13590055297490        0.56619359379543        0.12513581098306
C            2.55716023966908        0.60611469124329       -0.02169647563140
H           -3.50521586672202        1.74699913440648       -0.20240062465913
H           -3.54294119283375        0.01641793122656       -0.53995333365070
H           -3.30641790756318        0.58773957068057        1.11189168752505
H           -1.11210524467536        1.58264563978466        0.45656941517877
H           -1.35215274305670        1.02675079009782       -1.19847446624654
H           -1.39468929211952       -1.35580873635206       -0.37242761982757
H           -1.13478790821400       -0.76649169217067        1.26512423115571
H            3.02917810339768       -0.01035905136002        0.74433423085743
H            2.83327737180417        1.64967931344068        0.09090800120414
H            2.84164545020233        0.22789609254149       -1.00432207151079
17
 energy: -23.954042355865 gnorm: 0.011915551744 xtb: 6.7.1 (edcfbbe)
C           -3.07748690946220        0.78199698084264        0.05701809761517
C           -1.56098101990387        0.82142202420513       -0.10504243151477
C           -0.95067656602047       -0.54731186399997        0.19424811727340
C            0.54533824551362       -0.61829914672048        0.03552003654999
O            1.16497294160466       -1.66136426102009       -0.09204455258744
O            1.13250169295705        0.57377990633292        0.06806287937306
C            2.55688425812018        0.60570949371798       -0.05173659507769
H           -3.50717503741642        1.75224596815080       -0.17928963494618
H           -3.51493377495382        0.03899861131038       -0.60992222046978
H           -3.34756133951555        0.52520268249543        1.08134014646630
H           -1.13453644247035        1.56786468548146        0.57106935826328
H           -1.30623830337923        1.11612993982839       -1.12825077343492
H           -1.38446730459751       -1.32088590752687       -0.44668839097508
H           -1.16721884370547       -0.83459584770172        1.23047516975022
H            3.01555814932383        0.06551827195997        0.78464012292620
H            2.82618021110093        1.66186161669434       -0.03372298001433
H            2.86484684661674        0.13342904472839       -0.99214417668998
17
 energy: -23.954177803061 gnorm: 0.002407702953 xtb: 6.7.1 (edcfbbe)
C           -3.07612854459228        0.78392928693893        0.05665274844131
C           -1.56077207899456        0.81781656793532       -0.10458739074245
C           -0.95052596377485       -0.54950459206716        0.19477147854621
C            0.54472507958326       -0.61826319826498        0.03708554872919
O            1.16482222625107       -1.65654726190523       -0.09127407437392
O            1.13104989731929        0.57191658227826        0.06782937295839
C            2.55492804863941        0.60656214541081       -0.05213481203787
H           -3.50393904358188        1.75471176750589       -0.17779889453838
H           -3.51427587032503        0.04448226442592       -0.61018330330626
H           -3.34589591661889        0.52617532706457        1.07840147775466
H           -1.13378162728658        1.56163257404007        0.56979163811625
H           -1.30601310263948        1.11170263041738       -1.12498248249128
H           -1.38309046576261       -1.32117210600703       -0.44601977422857
H           -1.16827666798218       -0.83611408017952        1.22841392201404
H            3.01379785040994        0.06951317456892        0.78030736282967
H            2.82479873943179        1.65855166764834       -0.03485687878019
H            2.86358424373571        0.13630944896820       -0.98788376638335
17
 energy: -23.954186438436 gnorm: 0.000501789229 xtb: 6.7.1 (edcfbbe)
C           -3.07468658488116        0.78469504461069        0.05677620772246
C           -1.55949291753095        0.81659864066164       -0.10472614086127
C           -0.95100447502806       -0.55133038300158        0.19521310776764
C            0.54421604948019       -0.61908049574402        0.03715077976913
O            1.16577867861534       -1.65585009243519       -0.08993462608466
O            1.12933448349679        0.57096308195534        0.06736182654314
C            2.55312335848952        0.60748790621683       -0.05236564859196
H           -3.49987669332614        1.75688895288573       -0.17600970336906
H           -3.51440048841805        0.04814460634283       -0.61136559818390
H           -3.34487473775370        0.52620530641520        1.07760400796497
H           -1.13153613866147        1.55920951212112        0.56924595073941
H           -1.30466994236628        1.10921176053824       -1.12459992924575
H           -1.38253063042396       -1.32244979872927       -0.44600593617366
H           -1.16923124553640       -0.83755735422690        1.22803387709460
H            3.01169559992486        0.07176336895484        0.77958421177015
H            2.82148555425558        1.65885979675352       -0.03534414375395
H            2.86167693347603        0.13794234545967       -0.98708607059985
17
 energy: -23.954189318501 gnorm: 0.000609378503 xtb: 6.7.1 (edcfbbe)
C           -3.07352771362307        0.78632015179068        0.05675133933515
C           -1.55823664187705        0.81497890818707       -0.10483781611403
C           -0.95138343975033       -0.55383916441952        0.19543321879811
C            0.54420863689019       -0.62080128300871        0.03897887544589
O            1.16756066294036       -1.65657549415215       -0.08769315991289
O            1.12749497182465        0.56987529616461        0.06732919093915
C            2.55131201671504        0.60886389785242       -0.05291431853157
H           -3.49586579095275        1.76052283820218       -0.17322123629732
H           -3.51512730185357        0.05313612064224       -0.61359796375901
H           -3.34408436859986        0.52581905648801        1.07677773495583
H           -1.12901331314927        1.55656712840239        0.56909979512049
H           -1.30302417957582        1.10656529550855       -1.12461269622270
H           -1.38194387776905       -1.32425572219313       -0.44699953900515
H           -1.17090249519247       -0.84015627434354        1.22757674471521
H            3.01041066451030        0.07455465385457        0.77930886998712
H            2.81723577131235        1.66068942425089       -0.03649381913023
H            2.85989320196247        0.13943736555211       -0.98735304781659
17
 energy: -23.954191341954 gnorm: 0.000431728019 xtb: 6.7.1 (edcfbbe)
C           -3.07266639418812        0.78761647333490        0.05678309495607
C           -1.55727146808602        0.81373387026004       -0.10494710261369
C           -0.95176122465244       -0.55585165654011        0.19542960043672
C            0.54406377582745       -0.62228739716783        0.03945597922926
O            1.16876887535083       -1.65785933868773       -0.08400686938610
O            1.12603619172136        0.56908739355262        0.06653374783577
C            2.55002495857049        0.61009731814934       -0.05336202750424
H           -3.49263496318478        1.76374282927598       -0.16968413234593
H           -3.51611270969982        0.05784822703412       -0.61620963004996
H           -3.34367596364425        0.52417912014702        1.07603675166930
H           -1.12682189486572        1.55482952801931        0.56893554038378
H           -1.30174411127068        1.10473803040781       -1.12493623713525
H           -1.38191729330763       -1.32583929287180       -0.44790679096363
H           -1.17241053156069       -0.84247672005114        1.22731644882510
H            3.00990101149245        0.07706917368181        0.77952204864430
H            2.81388794594103        1.66268405570119       -0.03775419772863
H            2.85934059936866        0.14039058453318       -0.98767405174539
17
 energy: -23.954192571548 gnorm: 0.000344784143 xtb: 6.7.1 (edcfbbe)
C           -3.07171399780065        0.78892267567322        0.05675228952614
C           -1.55633144028581        0.81250959129692       -0.10494384867107
C           -0.95215741355204       -0.55777192861148        0.19491261288103
C            0.54402188339691       -0.62395452392430        0.04191507986154
O            1.16947768162034       -1.65943320649737       -0.07865711381525
O            1.12472083918174        0.56824666638380        0.06562151579928
C            2.54868894900725        0.61143550594155       -0.05424737852915
H           -3.48934147692669        1.76710861596526       -0.16506240666822
H           -3.51712842602111        0.06326975109904       -0.61952105809521
H           -3.34330368755249        0.52140158954463        1.07492265642871
H           -1.12477458073983        1.55295131492121        0.56916881803990
H           -1.30020685080158        1.10366829756623       -1.12493097542579
H           -1.38170216101466       -1.32699717221823       -0.44995404986648
H           -1.17467069544115       -0.84574563086766        1.22618646421134
H            3.00971681854101        0.08049982710160        0.77955106566251
H            2.81057339558760        1.66469947492352       -0.04020523908721
H            2.85913796661326        0.14089135048074       -0.98797625974461
17
 energy: -23.954193313040 gnorm: 0.000157924899 xtb: 6.7.1 (edcfbbe)
C           -3.07119579181688        0.78955868227628        0.05681776907333
C           -1.55589866671740        0.81197866123927       -0.10472591345150
C           -0.95229555902762       -0.55856642348565        0.19437674420409
C            0.54397886814774       -0.62472289947154        0.04261340764354
O            1.16987002695086       -1.66031248546125       -0.07386187527976
O            1.12406673003819        0.56783208958222        0.06391455694639
C            2.54792188250944        0.61203626856678       -0.05489596417046
H           -3.48773555989052        1.76885367826032       -0.16192179411276
H           -3.51743139630549        0.06650858688430       -0.62160961797705
H           -3.34305465419788        0.51919088042251        1.07413676729742
H           -1.12388407349517        1.55181910114822        0.56970840230876
H           -1.29946866714963        1.10359932540366       -1.12447957514826
H           -1.38125281582779       -1.32719451006639       -0.45155282226315
H           -1.17593842569619       -0.84776632458679        1.22508596882582
H            3.00898235739797        0.08283111649876        0.77987249650400
H            2.80888314529951        1.66547068679652       -0.04223525977198
H            2.85945940359298        0.14058576477146       -0.98771111812097
17
 energy: -23.954194444570 gnorm: 0.000236476832 xtb: 6.7.1 (edcfbbe)
C           -3.07085606215718        0.78972265844610        0.05694933415349
C           -1.55556804991245        0.81213532115870       -0.10407438757636
C           -0.95245814758096       -0.55880585577399        0.19338383244077
C            0.54402509744587       -0.62509984880617        0.04396738189846
O            1.17025600668814       -1.66105948504844       -0.06681836465423
O            1.12366751640592        0.56776651849324        0.06092191492805
C            2.54740623144247        0.61229382290375       -0.05602361362492
H           -3.48694146111363        1.76986449071074       -0.15855793068667
H           -3.51724516747035        0.06917903970340       -0.62394605720312
H           -3.34311052565268        0.51607244717892        1.07326097242035
H           -1.12365796931752        1.55100582185810        0.57147507212462
H           -1.29868677263274        1.10516717676017       -1.12329024649841
H           -1.38039478769693       -1.32632814193741       -0.45455194454930
H           -1.17771900909814       -0.85030229473710        1.22312291572423
H            3.00775025637094        0.08534743908994        0.78051227483738
H            2.80800641034319        1.66580241479939       -0.04550466794994
H            2.86053323774818        0.13894067397936       -0.98729431327696
17
 energy: -23.954197694730 gnorm: 0.000592717294 xtb: 6.7.1 (edcfbbe)
C           -3.07068232521112        0.78970080982211        0.05718531770563
C           -1.55519889079979        0.81324330032215       -0.10155076808406
C           -0.95268907286218       -0.55875654000540        0.19059978274448
C            0.54440756299822       -0.62528331875060        0.04779889490614
O            1.17161885420763       -1.66230239041413       -0.04714436194066
O            1.12315598687173        0.56821409435731        0.05201563019667
C            2.54689562470306        0.61237061000506       -0.05942870138386
H           -3.48674705635474        1.77132958201330       -0.15127834372819
H           -3.51606862408701        0.07426860337186       -0.62963002686043
H           -3.34412149149635        0.50822610359975        1.07103241946514
H           -1.12451054853189        1.54921123405192        0.57792189733158
H           -1.29682209949490        1.11113211470831       -1.11893018348235
H           -1.37770855434148       -1.32268422779573       -0.46358510532288
H           -1.18260097453796       -0.85715256277790        1.21740383654204
H            3.00435226248768        0.09090397812102        0.78210493001203
H            2.80753467255090        1.66588217114558       -0.05458948000684
H            2.86419147771034        0.13339863700409       -0.98639356558698
17
 energy: -23.954202961425 gnorm: 0.001969507165 xtb: 6.7.1 (edcfbbe)
C           -3.07027305735127        0.78933191134758        0.05749555849516
C           -1.55400133353503        0.81637035184266       -0.09410624275297
C           -0.95344155007977       -0.55897399733289        0.18386557409405
C            0.54521854979471       -0.62529151390131        0.05792924057198
O            1.17542265935142       -1.66434932764969        0.00285253652897
O            1.12155058929463        0.56960277407155        0.02902555409909
C            2.54591850605444        0.61246152162064       -0.06856767342554
H           -3.48602199959495        1.77444554832421       -0.13490779191164
H           -3.51249614395125        0.08607021109337       -0.64403801116897
H           -3.34799714543357        0.48942142234310        1.06511556259570
H           -1.12706175274302        1.54421704615642        0.59663944491133
H           -1.29090747136246        1.12748409046059       -1.10637120256239
H           -1.37075511908748       -1.31302991814009       -0.48719735537923
H           -1.19551035533344       -0.87550134816923        1.20279684505855
H            2.99543956864520        0.10445717460238        0.78573228072008
H            2.80668665564350        1.66602689113799       -0.07807030172253
H            2.87323620350047        0.11895936097141       -0.98466184564416
17
 energy: -23.954207967972 gnorm: 0.001405736499 xtb: 6.7.1 (edcfbbe)
C           -3.07069920590897        0.78884684548891        0.05713484859532
C           -1.55385005412728        0.81800018706017       -0.08967739056244
C           -0.95349952999887       -0.55873158826645        0.18161815954676
C            0.54560211304965       -0.62443272720753        0.06205992855111
O            1.17678093121842       -1.66322532243021        0.02171407403696
O            1.12139300455920        0.57014812962973        0.01977007223475
C            2.54630928130017        0.61187461499363       -0.07259488279195
H           -3.48714081834360        1.77428689795492       -0.13150695638376
H           -3.50996671760833        0.08865392633494       -0.64917608296569
H           -3.35111834665619        0.48352022087280        1.06227124514838
H           -1.12956594446217        1.54190440128164        0.60692337729931
H           -1.28789410776931        1.13562600195126       -1.09918094466509
H           -1.36741849793789       -1.30784811367047       -0.49714091015091
H           -1.20057409817212       -0.88336700460777        1.19672552265542
H            2.99201700419775        0.10922049173222        0.78691921898898
H            2.80767399549544        1.66529441050105       -0.08828650060433
H            2.87695779497622        0.11193082715984       -0.98404060642537
17
 energy: -23.954217032828 gnorm: 0.000921128819 xtb: 6.7.1 (edcfbbe)
C           -3.07113421353550        0.78856271435367        0.05569000309279
C           -1.55302895235309        0.82067234776324       -0.07901309577286
C           -0.95387999029935       -0.55965253368596        0.17714935342036
C            0.54634813672556       -0.62368027668993        0.07163185313737
O            1.18071746102078       -1.66130194474167        0.06265401830250
O            1.12003349083978        0.57028623707648        0.00117425972718
C            2.54637136019275        0.61131012519188       -0.08181450550546
H           -3.48692714683141        1.77574384114290       -0.12570695539171
H           -3.50405143921496        0.09552046730269       -0.66177036181202
H           -3.35900596150519        0.47213703615196        1.05533511519442
H           -1.13471753510954        1.53470276631182        0.63145203970427
H           -1.27924593116951        1.15315306352630       -1.08162457895511
H           -1.36020457299051       -1.29735792666786       -0.51871619482301
H           -1.21195840364316       -0.90190313169238        1.18341557273991
H            2.98537006856252        0.12067122580543        0.78791681597635
H            2.80731965226825        1.66449690653473       -0.11060544423895
H            2.88300078085469        0.09834128109538       -0.98363572228857
17
 energy: -23.954222564521 gnorm: 0.001387308178 xtb: 6.7.1 (edcfbbe)
C           -3.07079317199107        0.78885976526055        0.05323905854696
C           -1.55157377919944        0.82193947040731       -0.06925049022238
C           -0.95428678815116       -0.56143371948163        0.17554133675604
C            0.54647315311173       -0.62356633475889        0.07853419367555
O            1.18290195862131       -1.65889829022248        0.08702826335733
O            1.11851556562974        0.56912161812989       -0.00879975537885
C            2.54583856526083        0.61120706054960       -0.08858279845339
H           -3.48544939109290        1.77652722142815       -0.12756196116264
H           -3.49791673430785        0.09888113417371       -0.67031007154567
H           -3.36674556868870        0.46850227036612        1.04899498376708
H           -1.13872627222394        1.52740747529455        0.65280286002916
H           -1.26994975681041        1.16596611038798       -1.06560403739553
H           -1.35511871819848       -1.28972958226813       -0.53303295945470
H           -1.21984378280644       -0.91666672729483        1.17476583774109
H            2.98222491720290        0.12876020314911        0.78667223860975
H            2.80508066172044        1.66441496404086       -0.12614273287978
H            2.88437594573554        0.09040955961681       -0.98476179348256
17
 energy: -23.954204442589 gnorm: 0.006566852397 xtb: 6.7.1 (edcfbbe)
C           -3.06942574714973        0.79003760966500        0.04962957128578
C           -1.54787040916810        0.82574505186566       -0.04674781735769
C           -0.95562435282839       -0.56559050901542        0.16657160137761
C            0.54739447960567       -0.62442172071985        0.09851056202615
O            1.19009283706333       -1.65759663275084        0.17191088084715
O            1.11396704958936        0.56758764373303       -0.04572518548008
C            2.54335483978978        0.61177886130317       -0.10770871080062
H           -3.48103412765610        1.78196283799082       -0.11608243835007
H           -3.48498478240499        0.11611373501494       -0.69648931259660
H           -3.38239679466383        0.44751400888717        1.03357718460491
H           -1.14673004165392        1.50948960525055        0.70410363123678
H           -1.24899855078979        1.20018214401321       -1.02810455561666
H           -1.34068906111626       -1.26945495289663       -0.57764299505956
H           -1.24428209235899       -0.95810541309216        1.14705343017255
H            2.96900814879909        0.15558044776003        0.78815223874795
H            2.79854265665454        1.66540128245230       -0.17259689394036
H            2.89468275210043        0.06547819931772       -0.98487901858978
17
 energy: -23.954228871552 gnorm: 0.001628079724 xtb: 6.7.1 (edcfbbe)
C           -3.06983108188193        0.78989429436016        0.05088383662359
C           -1.54946590240975        0.82340249486400       -0.05702324619738
C           -0.95501023175094       -0.56401033278808        0.17135583527484
C            0.54689548088166       -0.62463282930254        0.08911072566861
O            1.18640136215661       -1.65877364003660        0.13016874618730
O            1.11590863175409        0.56773599660498       -0.02658446104222
C            2.54396007247608        0.61184772839264       -0.09857877622735
H           -3.48208873141051        1.78020328615691       -0.12218845384266
H           -3.49060946318764        0.10860328200148       -0.68499819543123
H           -3.37541148897977        0.45791193217810        1.04029281933793
H           -1.14288793741343        1.51723591260316        0.68009102335648
H           -1.25812827218061        1.18311874108546       -1.04517961903889
H           -1.34772225851070       -1.27949496678370       -0.55539291155202
H           -1.23251173203041       -0.93839739382438        1.16067303542128
H            2.97629664968389        0.14284431652352        0.78638092902117
H            2.80049837731132        1.66536515139038       -0.14990047039916
H            2.88871332930415        0.07884822535321       -0.98557864465286
17
 energy: -23.954231567601 gnorm: 0.000717659884 xtb: 6.7.1 (edcfbbe)
C           -3.06941336058245        0.79017764788066        0.04987230281807
C           -1.54896719220195        0.82322389836291       -0.05481023707889
C           -0.95516419749404       -0.56455399490126        0.17171610960105
C            0.54676739392444       -0.62526412509264        0.09048260456073
O            1.18605875730695       -1.65889968837718        0.13321043994541
O            1.11551709285978        0.56678418204317       -0.02657302971390
C            2.54307951901479        0.61212523283749       -0.09976611310486
H           -3.48067186917669        1.78094998383351       -0.12297404034936
H           -3.48876767459438        0.10997793117554       -0.68778596231829
H           -3.37725856363073        0.45726215813519        1.03821578681910
H           -1.14369575727447        1.51527861983233        0.68438414365567
H           -1.25544661183645        1.18481766014575       -1.04142220829417
H           -1.34697762604919       -1.27835862956644       -0.55673977186267
H           -1.23377242934997       -0.94091786372962        1.15961407518136
H            2.97698885427422        0.14429050603941        0.78477772835511
H            2.79891751411782        1.66562670719699       -0.15205313463998
H            2.88781295450443        0.07918197296288       -0.98661652106693
17
 energy: -23.954233896995 gnorm: 0.000236964718 xtb: 6.7.1 (edcfbbe)
C           -3.06864698378884        0.79065095237096        0.04817602657665
C           -1.54791197696379        0.82338611312433       -0.05023073635335
C           -0.95543258117864       -0.56551612535854        0.17143005316801
C            0.54670793073763       -0.62616132869547        0.09385832179109
O            1.18613024097508       -1.65908539698002        0.14472233764728
O            1.11475036655921        0.56545303959894       -0.02997842022455
C            2.54170400393825        0.61248353967844       -0.10290548278751
H           -3.47880179578341        1.78224662462123       -0.12204367845459
H           -3.48546324578128        0.11389879349258       -0.69381289606608
H           -3.38069302528932        0.45378565721775        1.03372850785525
H           -1.14534849908532        1.51141852057549        0.69402359831301
H           -1.25035118788511        1.19001418411887       -1.03362699093234
H           -1.34481133010276       -1.27522728443908       -0.56217846015453
H           -1.23730427287094       -0.94751455942842        1.15605611026193
H            2.97660643683303        0.14859587486685        0.78317226810950
H            2.79626777091953        1.66604701897127       -0.15898591848059
H            2.88760495257879        0.07722657504351       -0.98787246776174
17
 energy: -23.954236101058 gnorm: 0.000385056199 xtb: 6.7.1 (edcfbbe)
C           -3.06785718941552        0.79114735810324        0.04597979755041
C           -1.54662781158365        0.82390606523080       -0.04327222084287
C           -0.95583692790283       -0.56678640744037        0.17044799612877
C            0.54671783794199       -0.62707432819514        0.09940380316018
O            1.18684618909213       -1.65885889456913        0.16502630967992
O            1.11358588014445        0.56390217873852       -0.03707534434539
C            2.54010155119297        0.61283912829876       -0.10811401592202
H           -3.47629289974841        1.78446004671575       -0.11855271639384
H           -3.48061354616174        0.12075622998241       -0.70418913014994
H           -3.38598623249932        0.44636060077018        1.02698325786987
H           -1.14811033432372        1.50570610589947        0.70894787004836
H           -1.24302981314843        1.19852075198701       -1.02182285197300
H           -1.34126441327495       -1.27007343555650       -0.57158015226745
H           -1.24322739210205       -0.95781351477784        1.14995833822029
H            2.97505563963562        0.15575326760273        0.78151721260009
H            2.79307049005809        1.66644970457879       -0.17100583670173
H            2.88847577590747        0.07250734141002       -0.98912014415419
17
 energy: -23.954237238621 gnorm: 0.001325615839 xtb: 6.7.1 (edcfbbe)
C           -3.06716659492112        0.79152134428384        0.04261917616694
C           -1.54517618853509        0.82507352994294       -0.03286591694843
C           -0.95621420507396       -0.56813341562917        0.16897629253060
C            0.54686636941202       -0.62762601968095        0.10732061352176
O            1.18824285722661       -1.65752219875703        0.19492598899696
O            1.11222378386838        0.56211270185313       -0.04837228746947
C            2.53855707598342        0.61279478280141       -0.11586709372618
H           -3.47407407444938        1.78682573957692       -0.11317748365854
H           -3.47354655936998        0.13046510153051       -0.71923498049397
H           -3.39401125470946        0.43475490136394        1.01651518758277
H           -1.15311287531267        1.49776093897171        0.73121876188892
H           -1.23296387771533        1.21182941735412       -1.00413557203968
H           -1.33586065103372       -1.26194818580884       -0.58535800498183
H           -1.25134276088492       -0.97237730612404        1.14098562442208
H            2.97230461912844        0.16578181849084        0.77966558562494
H            2.78980088414029        1.66625386168211       -0.18915683349535
H            2.89048025605855        0.06413518692726       -0.99052688541407
17
 energy: -23.954238568559 gnorm: 0.000634938944 xtb: 6.7.1 (edcfbbe)
C           -3.06745189528510        0.79121911905656        0.04257954310461
C           -1.54556455923456        0.82514540494615       -0.03345658655993
C           -0.95608462602265       -0.56765549106619        0.16948174758990
C            0.54688308866934       -0.62710374465631        0.10674030911831
O            1.18810307819281       -1.65689486955311        0.19222988604787
O            1.11259109814083        0.56244122211101       -0.04748817018263
C            2.53907997276299        0.61246961218324       -0.11539229456194
H           -3.47476048937855        1.78642775148227       -0.11256196918724
H           -3.47376503125006        0.13051714230857       -0.71944617883486
H           -3.39382353465251        0.43385337900078        1.01626340180179
H           -1.15353019597011        1.49851781017397        0.72978218428698
H           -1.23389872806259        1.21102301412781       -1.00503916229586
H           -1.33626754178065       -1.26229052543325       -0.58356595486458
H           -1.25026830954552       -0.97051331746971        1.14215369555317
H            2.97260584388501        0.16469232286036        0.77976856304203
H            2.79080335375587        1.66579320574404       -0.18814158832628
H            2.89035527958753        0.06406016296252       -0.99037525322390
17
 energy: -23.954240470012 gnorm: 0.000292043832 xtb: 6.7.1 (edcfbbe)
C           -3.06776195574932        0.79064184517972        0.04029102958311
C           -1.54553501824930        0.82616141941847       -0.02798492657242
C           -0.95606219616619       -0.56742167221431        0.16965767161269
C            0.54702594145933       -0.62607156135146        0.11099657605230
O            1.18886050227622       -1.65425977943163        0.20670780053297
O            1.11248988671605        0.56207575440982       -0.05330139460797
C            2.53936020899070        0.61165701275398       -0.11959924031743
H           -3.47476876763171        1.78730373531666       -0.10657449921399
H           -3.46987087478693        0.13773118851343       -0.73070364156014
H           -3.39873756349337        0.42297804053528        1.00858293342981
H           -1.15777851900641        1.49500261783439        0.74126652731476
H           -1.22939029302281        1.21807221321446       -0.99552773903715
H           -1.33343778010146       -1.25760479212275       -0.58878252782426
H           -1.25337357832921       -0.97599949923972        1.13878782817423
H            2.97128028963584        0.16902668439571        0.77875591627506
H            2.79123507470656        1.66446707989475       -0.19828329131774
H            2.89147144656409        0.05794191167190       -0.99075685001637
17
 energy: -23.954241440314 gnorm: 0.000248896362 xtb: 6.7.1 (edcfbbe)
C           -3.06820963188269        0.79004613607455        0.03809056830265
C           -1.54561878209852        0.82748818841687       -0.02198838508317
C           -0.95596881856391       -0.56702707457513        0.16912847368138
C            0.54730732666391       -0.62495304206455        0.11549437331025
O            1.18977041993180       -1.65171658047423        0.22389768551735
O            1.11248079004216        0.56165359484964       -0.06050658832281
C            2.53972772482281        0.61065288010172       -0.12423401141154
H           -3.47551295610223        1.78761626172059       -0.10085493850002
H           -3.46575317296624        0.14452379151977       -0.74124903897004
H           -3.40375339340007        0.41251154399052        1.00086353961099
H           -1.16255716740125        1.49139431684191        0.75400618888024
H           -1.22475065093503        1.22642310280688       -0.98515435461951
H           -1.32997615682631       -1.25212582817063       -0.59571040323274
H           -1.25702513510669       -0.98255083214140        1.13411548225263
H            2.96956023476883        0.17404534359801        0.77807814885888
H            2.79186230432717        1.66286073143055       -0.20958540766513
H            2.89342386853834        0.05085966485364       -0.99085916010195
17
 energy: -23.954241648163 gnorm: 0.000224731051 xtb: 6.7.1 (edcfbbe)
C           -3.06844229011947        0.78960722103801        0.03729668409764
C           -1.54573547974376        0.82817065556947       -0.01979542720056
C           -0.95593241196115       -0.56658831998717        0.16899830525232
C            0.54743462600729       -0.62429412846730        0.11741714956829
O            1.18982175009564       -1.65056537741295        0.23069042765198
O            1.11270870286222        0.56151696105018       -0.06335533484389
C            2.54003148757492        0.61013557669625       -0.12600630340357
H           -3.47605052760912        1.78757523257748       -0.09795744819690
H           -3.46418716905123        0.14736283354957       -0.74568771121495
H           -3.40552091820352        0.40753008530463        0.99776921917340
H           -1.16442377076115        1.49027538573745        0.75860338725884
H           -1.22335939946932        1.22977936403538       -0.98134835479117
H           -1.32851888724402       -1.24967765428501       -0.59846965340110
H           -1.25857973820423       -0.98495847344511        1.13234056365469
H            2.96899923190441        0.17613159575448        0.77799037524183
H            2.79246571568490        1.66204651641792       -0.21432370867400
H            2.89429588204968        0.04765472464544       -0.99062999766540
17
 energy: -23.954241755327 gnorm: 0.000086825766 xtb: 6.7.1 (edcfbbe)
C           -3.06849384157111        0.78960831972256        0.03756035024655
C           -1.54583060251068        0.82816823408713       -0.02003216061765
C           -0.95589111750644       -0.56648465045048        0.16867392607420
C            0.54744841249493       -0.62428157684039        0.11716902528381
O            1.18966493314456       -1.65046032858415        0.23107557324064
O            1.11282978446529        0.56138272414325       -0.06365843016184
C            2.54008827963949        0.61006754611687       -0.12589369927426
H           -3.47627987896129        1.78747116448396       -0.09766205430993
H           -3.46440607519111        0.14726840810919       -0.74519151731289
H           -3.40523854574077        0.40759416710243        0.99812045568266
H           -1.16432626854716        1.49038505333414        0.75815286206212
H           -1.22374637475417        1.22965908360166       -0.98170272224749
H           -1.32840855418866       -1.24962186653437       -0.59865606912441
H           -1.25852787513019       -0.98476356873212        1.13193733778991
H            2.96887619103794        0.17644122636351        0.77828811383516
H            2.79256208444133        1.66188984228551       -0.21447539500094
H            2.89468625269012        0.04737842056998       -0.99017342365820
17
 energy: -23.954241825998 gnorm: 0.000111669514 xtb: 6.7.1 (edcfbbe)
C           -3.06851137049245        0.78955265602656        0.03785160723073
C           -1.54587516740485        0.82823262727185       -0.02034335760078
C           -0.95590742606647       -0.56639962064612        0.16830955959890
C            0.54745676730600       -0.62420592073629        0.11730744208404
O            1.18953980194796       -1.65041697307368        0.23153686166796
O            1.11291642365359        0.56131640487478       -0.06392427205834
C            2.54013575987430        0.61000827655212       -0.12581479615208
H           -3.47643177919155        1.78736295971033       -0.09727300563742
H           -3.46469934226964        0.14712166110055       -0.74467601853053
H           -3.40482633221466        0.40759781777621        0.99857739442082
H           -1.16412224943720        1.49051918757399        0.75765954130620
H           -1.22416951154013        1.22968514408246       -0.98215542096071
H           -1.32823246517475       -1.24946545250961       -0.59914123078804
H           -1.25868072284931       -0.98477454272231        1.13145569573144
H            2.96871456356883        0.17689326265640        0.77870151429277
H            2.79264301775479        1.66177570314616       -0.21485901808874
H            2.89505683634763        0.04689900769532       -0.98968032400877
