----------------------------------------------- 
  Element       SASA      Sigma Z        Total  
     Z         Ang**2 cal/Ang**2/mol   kcal/mol 
----------------------------------------------- 
      H        133.791      48.690       6.514
      C         23.732     129.740       3.079
      O         17.539       0.000       0.000

 Subtotal:     175.062                   9.593
 -----------------------------------------------

  Elements    COT*SASA   Sigma Z,Z'     Total   
    Z,Z'       Ang**2  cal/Ang**2/mol kcal/mol  
 ---------------------------------------------- 
  H   C         81.733     -60.770      -4.967
  H   O          8.618       0.000       0.000
  C   C         19.487     -72.950      -1.422
  O   C          0.000      68.690       0.000

 Subtotal:                              -6.388
 ---------------------------------------------- 

 NONAQUEOUS SOLVENT CONTRIBUTION (kcal/mol):
 (proportional to SASA, atomic number independent)
 ---------------------------------------------- 
 Subtotal:                               0.000
 ---------------------------------------------- 

 CDS TOTAL (kcal/mol):                   3.205
...............................................................................
