----------------------------------------------- 
  Element       SASA      Sigma Z        Total  
     Z         Ang**2 cal/Ang**2/mol   kcal/mol 
----------------------------------------------- 
      H        120.567      48.690       5.870
      C         27.117     129.740       3.518
      O         11.684       0.000       0.000

 Subtotal:     159.367                   9.389
 -----------------------------------------------

  Elements    COT*SASA   Sigma Z,Z'     Total   
    Z,Z'       Ang**2  cal/Ang**2/mol kcal/mol  
 ---------------------------------------------- 
  H   C         80.932     -60.770      -4.918
  H   O          0.000       0.000       0.000
  C   C         12.662     -72.950      -0.924
  O   C          0.000      68.690       0.000

 Subtotal:                              -5.842
 ---------------------------------------------- 

 NONAQUEOUS SOLVENT CONTRIBUTION (kcal/mol):
 (proportional to SASA, atomic number independent)
 ---------------------------------------------- 
 Subtotal:                               0.000
 ---------------------------------------------- 

 CDS TOTAL (kcal/mol):                   3.547
...............................................................................
