27
 energy: -44.039934572964 gnorm: 0.040940005039 xtb: 6.7.1 (edcfbbe)
C           -2.64502031428954       -1.79585386938821        1.71139130643374
C           -3.39797104914784       -0.78177096433916        0.85584095885045
C           -2.76712082455867       -0.42454146502628       -0.49602840669705
H           -3.38033521770344        0.36893726944818       -0.92716816843936
C           -2.76373999677079       -1.56504199500613       -1.50891163576654
N           -1.43642216885738        0.24881161304164       -0.30791501091107
C           -0.23536447990841       -0.49111350082094       -0.24000745807153
O           -0.23492831522226       -1.71743936628617       -0.31335691609462
C            0.96209183547209        0.30477436656266       -0.08239666487307
C            0.93286103433975        1.65482940431632        0.07734244808916
N           -0.29107649952068        2.26101907446893        0.05811389624466
C           -1.49939684597193        1.62076098549433       -0.10753684627410
O           -2.55048516838194        2.26317154878220       -0.08206148644283
C            2.11787165446886        2.52740404044746        0.29207744980306
Br           2.61085868602576       -0.62908126779904       -0.04061065592326
H           -2.50579960847796       -2.74849803781666        1.19272034269936
H           -1.65995770856513       -1.42118805215615        2.00610920269778
H           -3.20906690891885       -1.99489207039058        2.62815327040242
H           -4.40369958043704       -1.15914446207445        0.63315186224946
H           -3.53159951992490        0.14490347392503        1.42616140428792
H           -2.42002136264751       -2.51249443004715       -1.09713690834526
H           -3.79662432662622       -1.69262730681860       -1.84842019146492
H           -2.15424811122446       -1.32190877664662       -2.38336468988801
H           -0.34861543325120        3.26292417110871        0.19547855004582
H            2.86097836386877        2.35942133845585       -0.49196288760150
H            2.59123083619540        2.28430926990879        1.24921642890594
H            1.83751442729628        3.58210553235886        0.29787790239182
27
 energy: -44.041981217529 gnorm: 0.013123145036 xtb: 6.7.1 (edcfbbe)
C           -2.64130577565277       -1.79050364412205        1.70438142631112
C           -3.39733674363340       -0.77788013437116        0.85515320866516
C           -2.76458065071118       -0.41124037789238       -0.49356260837115
H           -3.37335265920520        0.39387841902543       -0.91877457636529
C           -2.75208052912805       -1.55460904534949       -1.49968168298052
N           -1.43964753085896        0.24329266115037       -0.30257360989505
C           -0.24778021112147       -0.49318429895726       -0.24061002633649
O           -0.23977291030497       -1.70870975216238       -0.31973723306760
C            0.94678317279992        0.30701624932099       -0.07779661995635
C            0.91970478524259        1.65515146931108        0.08114065960069
N           -0.30301426793046        2.25524065081489        0.05913601215544
C           -1.50133148812371        1.60703438435449       -0.10809355777527
O           -2.54613563705191        2.23817785313549       -0.09093485675998
C            2.11012047354230        2.51872968601251        0.28961473622776
Br           2.58715757413377       -0.64652824756537       -0.04356281448163
H           -2.50030083637935       -2.73103416132516        1.17624626678518
H           -1.65925723808708       -1.41580247585286        1.99101064150631
H           -3.20295941315870       -1.99214434919140        2.61593921159604
H           -4.39619222981509       -1.16485265946784        0.63706448236663
H           -3.52296336958091        0.14646519846893        1.42682212917371
H           -2.38046259599638       -2.48295907541571       -1.07635773867308
H           -3.77661265554670       -1.70835677370472       -1.83906661959164
H           -2.14117928451627       -1.30433308433917       -2.36482908757558
H           -0.36623620739358        3.25911769024589        0.19364046311596
H            2.84959951398861        2.34258918044616       -0.49079995434997
H            2.58581496559692        2.27352731356766        1.23986540618575
H            1.83523514615281        3.56969384756585        0.29312343879830
27
 energy: -44.042398442435 gnorm: 0.005550561398 xtb: 6.7.1 (edcfbbe)
C           -2.63362559468707       -1.78431588572676        1.69697516553036
C           -3.40058996096325       -0.77251034439541        0.85578792027761
C           -2.76445029307679       -0.40355924224748       -0.49181325114384
H           -3.37682741845875        0.40123366770722       -0.91699199655994
C           -2.73892775679540       -1.54794361819834       -1.49505155275624
N           -1.44660749132027        0.24153015581424       -0.29438723654617
C           -0.26160796310617       -0.49599048934321       -0.23825703947277
O           -0.24418759472196       -1.70761004198246       -0.32248558245953
C            0.93264155241828        0.30800531251750       -0.07290265765088
C            0.90994878679059        1.65493053512155        0.08410278324900
N           -0.31150374672832        2.25415696149908        0.06206960085406
C           -1.50589013922372        1.60309860833878       -0.10635147201966
O           -2.54844214518211        2.23263994001196       -0.09402357817335
C            2.10643571013858        2.50942805229056        0.28730959706840
Br           2.56737218204177       -0.65968432904925       -0.04286856333730
H           -2.48981591535105       -2.71761039961531        1.16108487833243
H           -1.65379314814798       -1.40594185683460        1.97970139299289
H           -3.19135154314908       -1.99217165009093        2.60622151786327
H           -4.39391459397681       -1.16710668582923        0.63861866553927
H           -3.52612554193356        0.15013821291374        1.42824121314005
H           -2.33826811899299       -2.46005104291457       -1.06383019799996
H           -3.75838789753174       -1.72889475026664       -1.82795482819553
H           -2.13373781300614       -1.28600413818447       -2.35882572991741
H           -0.37753212570265        3.25892771668397        0.19395921610263
H            2.84035297247207        2.32255602436090       -0.49404621335932
H            2.58289430576824        2.26057741104423        1.23423100133310
H            1.83785468968710        3.55994840007767        0.28824404361731
27
 energy: -44.042495283052 gnorm: 0.003319122175 xtb: 6.7.1 (edcfbbe)
C           -2.62903714114199       -1.78052729885005        1.69438076256198
C           -3.40389431875992       -0.77204414113623        0.85518787057872
C           -2.76643915185365       -0.40053300335027       -0.49206478769797
H           -3.38206003657705        0.40131011679732       -0.91918399850399
C           -2.73314005623519       -1.54576306275332       -1.49453506031401
N           -1.45164571838014        0.24237097327320       -0.28928381286462
C           -0.26900959281356       -0.49646817828816       -0.23532003365447
O           -0.24492697808498       -1.70802254050051       -0.32068567542119
C            0.92589656792759        0.30805860418546       -0.06798581714816
C            0.90618119352371        1.65465058478862        0.08676749484283
N           -0.31471944078636        2.25557232446267        0.06523357065238
C           -1.50881094951316        1.60470850899965       -0.10439458177523
O           -2.55136012770320        2.23596117528912       -0.09575731991215
C            2.10673192255014        2.50397572068783        0.28577095927913
Br           2.55839029984393       -0.66492342230242       -0.03910661165000
H           -2.48037747226379       -2.71062286554555        1.15435396930134
H           -1.65109390727423       -1.39553202661526        1.97495985033800
H           -3.18274368123964       -1.99474109503091        2.60432477308840
H           -4.39496341980677       -1.17132186750063        0.63913644836941
H           -3.53214275396800        0.14996630213254        1.42758948473843
H           -2.31261617225188       -2.44966282529104       -1.06508279062247
H           -3.75104731267537       -1.74495123405549       -1.81916034176785
H           -2.13777594188763       -1.27305243642993       -2.36218482301389
H           -0.38158379733502        3.26056827739540        0.19483477674908
H            2.83673962737980        2.30961087209502       -0.49752709560165
H            2.58375921334129        2.25343011967163        1.23188452963882
H            1.84360254324593        3.55575894157405        0.28460535611761
27
 energy: -44.042557980089 gnorm: 0.002410600962 xtb: 6.7.1 (edcfbbe)
C           -2.62416097265857       -1.77631738200959        1.69266292015418
C           -3.40825155580931       -0.77361304606930        0.85424964703338
C           -2.76934742521902       -0.39940442234538       -0.49237152800121
H           -3.38700801807570        0.39981338728520       -0.92141533973612
C           -2.72984357315512       -1.54372554797929       -1.49637065660394
N           -1.45622561014855        0.24325205628875       -0.28471860492100
C           -0.27488985760651       -0.49631736735707       -0.23025805237008
O           -0.24423621865443       -1.70845544162365       -0.31505595578808
C            0.92103045873166        0.30760813151622       -0.06155303054973
C            0.90398434558303        1.65420022593011        0.08984534763295
N           -0.31669029808360        2.25725696801326        0.06896513457594
C           -1.51095835174964        1.60714754602921       -0.10327201149352
O           -2.55388836623084        2.23995646139590       -0.09862860926256
C            2.10841118657752        2.49904969481326        0.28406274639756
Br           2.55154486228551       -0.66879246014421       -0.03174852375299
H           -2.46656951440306       -2.70397246474333        1.15024425694829
H           -1.64979586389579       -1.38119865513821        1.97330792979382
H           -3.17433785032040       -1.99821089247078        2.60316875207804
H           -4.39683631473105       -1.17915376223730        0.63854596700800
H           -3.54245275158086        0.14801454041850        1.42607324140531
H           -2.28554123360157       -2.43971200713736       -1.07470310702753
H           -3.74795276294471       -1.76272032281802       -1.80629763770498
H           -2.15216862443525       -1.25707897105121       -2.37269291943683
H           -0.38449491805271        3.26235780431902        0.19596150995260
H            2.83460255332270        2.29718527044870       -0.50128595772375
H            2.58645569874783        2.24801688447824        1.22983747105330
H            1.85153437336929        3.55259029589104        0.28020410664747
27
 energy: -44.042594203781 gnorm: 0.002595709977 xtb: 6.7.1 (edcfbbe)
C           -2.62079694757215       -1.77329869964242        1.69278123168630
C           -3.41068981449772       -0.77653717812401        0.85291499525906
C           -2.77143787345745       -0.39947373358304       -0.49285780387865
H           -3.38912555338884        0.39940647145041       -0.92196323437260
C           -2.73022829288245       -1.54174960304391       -1.49927444379252
N           -1.45813135733463        0.24343883210663       -0.28279172760267
C           -0.27724588193866       -0.49621098778715       -0.22561707484361
O           -0.24394459459380       -1.70890832973018       -0.30847146774200
C            0.91950209509072        0.30669059834975       -0.05625704305448
C            0.90380117478309        1.65357354811482        0.09203495618148
N           -0.31685487029335        2.25780226001219        0.07119110725259
C           -1.51128963290347        1.60841572164312       -0.10331868822127
O           -2.55436906105999        2.24175060754503       -0.10202568836141
C            2.11005948243945        2.49659047932351        0.28295885360943
Br           2.54864697501819       -0.67096729201336       -0.02403166666089
H           -2.45348153317803       -2.69926349154741        1.14983087286907
H           -1.65062125707856       -1.36930836815402        1.97640694068357
H           -3.17056284496774       -2.00121574145581        2.60233205664392
H           -4.39687757919640       -1.18792302801441        0.63620238409566
H           -3.55176634065717        0.14475443638641        1.42397518954817
H           -2.26623102227176       -2.43210218870428       -1.08731722130802
H           -3.74986637266490       -1.77512837384829       -1.79351359049494
H           -2.17125496892552       -1.24388824431920       -2.38480996294591
H           -0.38532644120988        3.26301264537037        0.19602069497318
H            2.83437932999102        2.29058157624375       -0.50321424938767
H            2.58899555279096        2.24665235530168        1.22881041402470
H            1.85663102721993        3.55108225182251        0.27676126214802
27
 energy: -44.042631191606 gnorm: 0.002658795493 xtb: 6.7.1 (edcfbbe)
C           -2.61680748931371       -1.76980929833027        1.69410447717049
C           -3.41247059586316       -0.78112258884859        0.85089814676746
C           -2.77324814949856       -0.39997805241423       -0.49339802361905
H           -3.38986560882953        0.40036322060632       -0.92059894606798
C           -2.73311555310049       -1.53850761268847       -1.50383553505366
N           -1.45867180672783        0.24302983887912       -0.28209404825553
C           -0.27818973228491       -0.49663956702962       -0.21961263827576
O           -0.24483925255317       -1.70992170962920       -0.29909860291970
C            0.91947378339570        0.30485354118809       -0.05012547272213
C            0.90472648471480        1.65228701167796        0.09420279612660
N           -0.31584415807408        2.25729789619205        0.07240289619943
C           -1.51044221479135        1.60894910598689       -0.10462805943227
O           -2.55328635936598        2.24254309904159       -0.10714572802264
C            2.11179287835800        2.49486083799830        0.28204229919031
Br           2.54707579818952       -0.67362579668996       -0.01332739666072
H           -2.43469592953963       -2.69325659393313        1.15109222605614
H           -1.65332565224620       -1.35455602681901        1.98507124683416
H           -3.16936476246440       -2.00550639531527        2.60022541997907
H           -4.39486231604812       -1.20093955283689        0.63147349414462
H           -3.56388544359562        0.13946528109853        1.42093401008406
H           -2.24440297048821       -2.42197380053107       -1.10617928291479
H           -3.75538928249101       -1.78854694032498       -1.77548080380752
H           -2.20073383008345       -1.22743190383534       -2.40180889259175
H           -0.38473921718640        3.26273707741901        0.19461044207570
H            2.83530697666420        2.28575909812522       -0.50406462666255
H            2.59154047019331        2.24765272852423        1.22835774351650
H            1.86017733029114        3.54979362619140        0.27273995517003
27
 energy: -44.042653331730 gnorm: 0.001998666732 xtb: 6.7.1 (edcfbbe)
C           -2.61395703051343       -1.76766000044366        1.69592186206521
C           -3.41252325178772       -0.78463824323423        0.84943294689641
C           -2.77371815470813       -0.40014514099499       -0.49366477835265
H           -3.38932686623459        0.40245586406321       -0.91788049984466
C           -2.73655197624022       -1.53548621076341       -1.50742323168267
N           -1.45786488805933        0.24234348135617       -0.28277736988940
C           -0.27767544729115       -0.49763355020496       -0.21577516060845
O           -0.24694795147187       -1.71115686350760       -0.29221190182087
C            0.92041681885895        0.30296931398034       -0.04670415812055
C            0.90589114511583        1.65084025602714        0.09499705939781
N           -0.31439626351734        2.25597425055080        0.07126005417141
C           -1.50918932483019        1.60847861508817       -0.10653357170072
O           -2.55135551334291        2.24244374628942       -0.11117074831458
C            2.11235938646161        2.49446689687842        0.28193923861658
Br           2.54725821321413       -0.67582164490964       -0.00554575445909
H           -2.41931519606103       -2.68833933154562        1.15255754238742
H           -1.65644760107312       -1.34450941676998        1.99504774091887
H           -3.17116918324742       -2.00981948249241        2.59754099112488
H           -4.39155220963553       -1.21108547988461        0.62727781294680
H           -3.57192337638872        0.13503491336370        1.41886567278049
H           -2.23219844483198       -2.41423350501244       -1.12044794945836
H           -3.76025513358076       -1.79564310435433       -1.76285751097864
H           -2.22327154605181       -1.21666328283979       -2.41307061551430
H           -0.38285237802735        3.26169066897795        0.19176307072124
H            2.83676751693522        2.28482171875248       -0.50309207388161
H            2.59199441638432        2.25001807226619        1.22898177904546
H            1.85971763718546        3.54907398306635        0.27032664986248
27
 energy: -44.042665398520 gnorm: 0.001100294375 xtb: 6.7.1 (edcfbbe)
C           -2.61067638444063       -1.76588779326111        1.69801526926890
C           -3.41173569377263       -0.78748413971339        0.84859712920906
C           -2.77360999345861       -0.39951070520341       -0.49356690115165
H           -3.38935117545127        0.40532842402507       -0.91373632488361
C           -2.73973945573431       -1.53186759929988       -1.51060010746740
N           -1.45702076324305        0.24175977906754       -0.28420978618649
C           -0.27735368251290       -0.49932607056509       -0.21317033129194
O           -0.25091253654419       -1.71280538753966       -0.28641059317471
C            0.92089573135345        0.30065226041676       -0.04486932316750
C            0.90667066965633        1.64884765561129        0.09470024842993
N           -0.31287112103489        2.25417570235690        0.06720816510025
C           -1.50814821343502        1.60764074194163       -0.10968100128579
O           -2.54900443636527        2.24285362602185       -0.11539889703459
C            2.11196300569643        2.49392455863350        0.28272682046023
Br           2.54737938851700       -0.67895483360805        0.00150300250549
H           -2.40184326264670       -2.68200356786899        1.15273340564895
H           -1.66032968843723       -1.33485443345528        2.00781336960436
H           -3.17445435268989       -2.01667358225652        2.59306630203150
H           -4.38702580683850       -1.22051635853832        0.62382937003216
H           -3.57822644574047        0.13087101799197        1.41772075261939
H           -2.22115232374848       -2.40578593575872       -1.13254344989198
H           -3.76403443583032       -1.80170017477687       -1.75146102308751
H           -2.24336278463099       -1.20582009503305       -2.42160914234054
H           -0.37967155396733        3.26028918175660        0.18634784528730
H            2.83879084200377        2.28458167020568       -0.50004523051621
H            2.58994732591929        2.25221989181085        1.23108305906126
H            1.85679054463733        3.54782269074138        0.26871446852969
27
 energy: -44.042669044162 gnorm: 0.000454635331 xtb: 6.7.1 (edcfbbe)
C           -2.60959968509439       -1.76589245682977        1.69818674523994
C           -3.41157083517883       -0.78739749597493        0.84928796470993
C           -2.77372274468580       -0.39905815844436       -0.49317639303597
H           -3.39053123838052        0.40527743423833       -0.91294425509553
C           -2.73954166862340       -1.53123131984797       -1.51071268753933
N           -1.45766164927055        0.24204085009352       -0.28428488737103
C           -0.27802587673798       -0.49962339056917       -0.21335067653122
O           -0.25165415161924       -1.71307019161099       -0.28587089272389
C            0.92006933611027        0.30039927479521       -0.04527217726457
C            0.90621753621705        1.64856188411756        0.09398402486745
N           -0.31298401621587        2.25436900248871        0.06470963586643
C           -1.50862962210331        1.60785653476109       -0.11090912071143
O           -2.54917824103136        2.24387487756227       -0.11646291797855
C            2.11160349791034        2.49320748966834        0.28343034137136
Br           2.54660547643865       -0.67983754015363        0.00240089710518
H           -2.39748800476165       -2.67995907072373        1.15103801549402
H           -1.66108385862004       -1.33302243598708        2.01067636312582
H           -3.17438975160617       -2.02027567552594        2.59143819820246
H           -4.38659767717190       -1.22074739979234        0.62485053467796
H           -3.57785643863326        0.13073473684700        1.41860186708884
H           -2.22013871374853       -2.40469660415743       -1.13287937261811
H           -3.76334556924849       -1.80229477409525       -1.75114955602193
H           -2.24371433514901       -1.20394583278003       -2.42155562304024
H           -0.37888420187168        3.26057504377463        0.18362952000251
H            2.83945837850652        2.28339122580467       -0.49830885384382
H            2.58794725941202        2.25136307817352        1.23254923063957
H            1.85661019241803        3.54717743787042        0.26885117169271
27
 energy: -44.042672159066 gnorm: 0.000532226321 xtb: 6.7.1 (edcfbbe)
C           -2.60721316453598       -1.76597222574906        1.69845248618260
C           -3.41116988866246       -0.78797514170952        0.85045637114318
C           -2.77450625417603       -0.39850175578654       -0.49253574062353
H           -3.39273845118852        0.40522403522726       -0.91146117538332
C           -2.74028001529713       -1.53009930340057       -1.51109191808618
N           -1.45885757348873        0.24274433165651       -0.28468531202375
C           -0.27922894381278       -0.49972057661317       -0.21313047044062
O           -0.25308558195412       -1.71323395205863       -0.28437777150667
C            0.91882930105154        0.30001737982013       -0.04538502952134
C            0.90569904804897        1.64828369811986        0.09277202685281
N           -0.31295115123468        2.25508837391560        0.06011363246510
C           -1.50921647881842        1.60860958730346       -0.11359949823077
O           -2.54935655051459        2.24558505149640       -0.11924220808677
C            2.11139365930609        2.49196205772233        0.28471613159572
Br           2.54513078209706       -0.68109253747855        0.00568626504841
H           -2.38739081806257       -2.67609877278405        1.14769454602797
H           -1.66262698038110       -1.32869053068683        2.01702064389048
H           -3.17428828502920       -2.02794264263049        2.58808273652173
H           -4.38596728690797       -1.22206973983046        0.62663192702322
H           -3.57766213079826        0.12988513599270        1.42015171162977
H           -2.21852828509579       -2.40295069266096       -1.13468894117354
H           -3.76382794497405       -1.80313486293356       -1.75020563686389
H           -2.24609494487641       -1.20077317868310       -2.42229074260317
H           -0.37751038597637        3.26144750760364        0.17821932388418
H            2.84129347561980        2.28083682150666       -0.49479545392439
H            2.58453310796759        2.25011541497434        1.23549210475681
H            1.85753513895502        3.54623304136927        0.26875708775448
27
 energy: -44.042673474843 gnorm: 0.000781717001 xtb: 6.7.1 (edcfbbe)
C           -2.60575282389596       -1.76645702710453        1.69838933024658
C           -3.41041239427740       -0.78817536380415        0.85144446406190
C           -2.77499848806788       -0.39836886207242       -0.49206947279873
H           -3.39378233411156        0.40521569755053       -0.91039614208221
C           -2.74108929909280       -1.52973263315486       -1.51093779800137
N           -1.45936937350496        0.24323140561220       -0.28530748745245
C           -0.27975854619331       -0.49944457020822       -0.21361948931271
O           -0.25385508803091       -1.71296875345528       -0.28456746313980
C            0.91826722400918        0.30006845896035       -0.04541218169110
C            0.90538829569204        1.64843200124558        0.09205520523359
N           -0.31296607566427        2.25573050514545        0.05718120874086
C           -1.50945811978434        1.60915545834731       -0.11546489998038
O           -2.54953369783524        2.24631939955505       -0.12139061702264
C            2.11121711438114        2.49151949299935        0.28566037130463
Br           2.54424213617740       -0.68150762983991        0.00792154250319
H           -2.38192996550531       -2.67414878402355        1.14561059126023
H           -1.66329346811248       -1.32754254196320        2.02055797211593
H           -3.17394709897280       -2.03291883318742        2.58583384615197
H           -4.38555482422070       -1.22194096540575        0.62840917155123
H           -3.57627611821923        0.12952290307012        1.42162720147644
H           -2.22226591639395       -2.40363000880954       -1.13416065640781
H           -3.76435151285319       -1.80050819440043       -1.75226669576398
H           -2.24456917039710       -1.20148972027752       -2.42098552596104
H           -0.37702543139106        3.26219139578108        0.17453031560538
H            2.84262504696786        2.27944476370039       -0.49217150617614
H            2.58213619301275        2.24980147493552        1.23760965599864
H            1.85822713354501        3.54597745450651        0.26867615584833
27
 energy: -44.042674986273 gnorm: 0.000436663141 xtb: 6.7.1 (edcfbbe)
C           -2.60308224130537       -1.76640331972061        1.69827129262214
C           -3.40966127842211       -0.78902345270664        0.85224523760554
C           -2.77597447520562       -0.39805637641188       -0.49167150599288
H           -3.39541485527920        0.40554402536240       -0.90889814689231
C           -2.74239102036859       -1.52880850687308       -1.51112843284555
N           -1.46017358308513        0.24385743196935       -0.28600635046225
C           -0.28099008289952       -0.49909965865370       -0.21349531262012
O           -0.25529883077256       -1.71260884543894       -0.28472103378012
C            0.91728798217264        0.29985941017683       -0.04415391263240
C            0.90495981913917        1.64839243212298        0.09187127454154
N           -0.31297926492705        2.25639820396408        0.05433974319820
C           -1.50961034646297        1.61004077446338       -0.11796772593701
O           -2.54954007605206        2.24740368227584       -0.12521360322995
C            2.11122965933310        2.49051556989090        0.28669959271905
Br           2.54236128151943       -0.68276914051600        0.01261505684866
H           -2.37217449392764       -2.67070784307425        1.14286959567025
H           -1.66414278698035       -1.32371524821068        2.02571252059138
H           -3.17307972180322       -2.03945932033842        2.58252682369508
H           -4.38452295246962       -1.22394056138091        0.62978146777400
H           -3.57644479601860        0.12831392190722        1.42289183952711
H           -2.22266910499453       -2.40301958828078       -1.13499956265840
H           -3.76624666745034       -1.79964995522824       -1.75198720035702
H           -2.24630033733723       -1.19953861785431       -2.42156930332483
H           -0.37680064521100        3.26305031838228        0.17011450636185
H            2.84417707009415        2.27633172322984       -0.48908359678007
H            2.57970352577316        2.24961803101712        1.24008786076362
H            1.85969162020197        3.54525143362884        0.26762597190304
27
 energy: -44.042676011303 gnorm: 0.000198450672 xtb: 6.7.1 (edcfbbe)
C           -2.60153342203615       -1.76633046720541        1.69826434826785
C           -3.40916663441127       -0.78964817823569        0.85243846343516
C           -2.77635333049856       -0.39794877694598       -0.49157169850887
H           -3.39567589774619        0.40602971335072       -0.90816100660151
C           -2.74370288507798       -1.52832809930630       -1.51134450899641
N           -1.46023695295807        0.24395250063609       -0.28627433499784
C           -0.28132919105146       -0.49902086084098       -0.21329100336375
O           -0.25572467832928       -1.71251384946009       -0.28556785072110
C            0.91713084384507        0.29965795095126       -0.04296298145742
C            0.90491894791997        1.64827314413940        0.09226412244597
N           -0.31291270582147        2.25643652020673        0.05391430624988
C           -1.50946711635127        1.61039644273412       -0.11905041217768
O           -2.54931957159457        2.24777788026728       -0.12745313201123
C            2.11121779550912        2.49034954974614        0.28708290901092
Br           2.54175391193405       -0.68326665548586        0.01559727589580
H           -2.36794331614484       -2.66947917766595        1.14199265225321
H           -1.66388276651323       -1.32199784915142        2.02739814966196
H           -3.17208201991520       -2.04164226453064        2.58147804243111
H           -4.38367545398642       -1.22549325085101        0.63004010039797
H           -3.57676725098592        0.12741848057609        1.42330031669143
H           -2.22594720380763       -2.40356682714414       -1.13510457073479
H           -3.76777910413887       -1.79726977685960       -1.75340946930035
H           -2.24621538637772       -1.19996838096202       -2.42118846559051
H           -0.37700649353249        3.26320191240202        0.16865287858999
H            2.84469574856477        2.27499659131999       -0.48784414446911
H            2.57896027632515        2.25065004299054        1.24112643687204
H            1.85995725444137        3.54511020902733        0.26643067303582
27
 energy: -44.042676787600 gnorm: 0.000328397219 xtb: 6.7.1 (edcfbbe)
C           -2.59942100752711       -1.76581955194859        1.69838894939129
C           -3.40876341577853       -0.79047950352550        0.85260185358579
C           -2.77681142746054       -0.39781300404644       -0.49146558184094
H           -3.39610588933876        0.40662117128069       -0.90713542254422
C           -2.74496968274395       -1.52757649814564       -1.51191367014033
N           -1.46044989219987        0.24395883531450       -0.28661112749365
C           -0.28185620424733       -0.49912194472067       -0.21361128261151
O           -0.25649654709175       -1.71255891560922       -0.28716158924916
C            0.91679348429758        0.29910410885158       -0.04109874755039
C            0.90483478179230        1.64781917699141        0.09314470781874
N           -0.31286908748930        2.25620345600080        0.05392093005246
C           -1.50938182912265        1.61067877349460       -0.12012810976375
O           -2.54898821705732        2.24833431498188       -0.13022539776079
C            2.11109967486106        2.49010181545182        0.28750678114535
Br           2.54096520201048       -0.68418974028165        0.01940510343765
H           -2.36324215246239       -2.66804683852332        1.14185018575900
H           -1.66308611261814       -1.31962730792487        2.02857147966267
H           -3.16995151785821       -2.04302969857982        2.58094687354608
H           -4.38242807801588       -1.22817604292150        0.63018200681886
H           -3.57803326010058        0.12614761346771        1.42365060520032
H           -2.22962107624223       -2.40421549716152       -1.13559952604512
H           -3.76937319620286       -1.79413804490866       -1.75527662011470
H           -2.24587556416760       -1.19993608520708       -2.42107783050881
H           -0.37721518453402        3.26311727012079        0.16735111998926
H            2.84523916240369        2.27314440857501       -0.48633995516120
H            2.57802497402154        2.25244094964062        1.24244214862403
H            1.85989546013330        3.54483330303570        0.26443921206161
27
 energy: -44.042677234084 gnorm: 0.000315702142 xtb: 6.7.1 (edcfbbe)
C           -2.59778644820212       -1.76520810219612        1.69863540012816
C           -3.40856883876166       -0.79121018586280        0.85262591439910
C           -2.77709352953385       -0.39767144959695       -0.49144577968386
H           -3.39657852831955        0.40691872182536       -0.90652781808936
C           -2.74580249343818       -1.52698986419813       -1.51243995011164
N           -1.46075649242945        0.24395853462068       -0.28651999629399
C           -0.28231175730322       -0.49931786434770       -0.21328906760285
O           -0.25700791830695       -1.71264458804209       -0.28848775490903
C            0.91641427374811        0.29869867407681       -0.04019138326764
C            0.90471290482738        1.64744004276614        0.09353165425789
N           -0.31288566278428        2.25602278287584        0.05377607087141
C           -1.50946185388414        1.61079774876031       -0.12078344807249
O           -2.54883288739192        2.24879520918368       -0.13186224228731
C            2.11092713466000        2.48979336427292        0.28794225470157
Br           2.54031097235556       -0.68502446971718        0.02136496281809
H           -2.35988105050423       -2.66699144568308        1.14206092023146
H           -1.66231869688259       -1.31732295770640        2.02905067555563
H           -3.16808634164806       -2.04341815797672        2.58105108150963
H           -4.38145035195163       -1.23051262626187        0.63013475224421
H           -3.57929008781810        0.12513493379858        1.42363751002008
H           -2.23198682146220       -2.40448731443968       -1.13600057573242
H           -3.77027411931806       -1.79217214902560       -1.75697643866241
H           -2.24536316874643       -1.19954877850178       -2.42085480740577
H           -0.37714240494634        3.26301640944737        0.16652734882193
H            2.84577035696233        2.27160307967128       -0.48488732515411
H            2.57692243521963        2.25362595616505        1.24369318044565
H            1.85973477312088        3.54449101979470        0.26299195757665
27
 energy: -44.042677720707 gnorm: 0.000185441964 xtb: 6.7.1 (edcfbbe)
C           -2.59605445800597       -1.76436132267717        1.69902776884698
C           -3.40853038819375       -0.79201080230656        0.85269223629856
C           -2.77742491040906       -0.39756621156097       -0.49136805804272
H           -3.39722693863285        0.40708400833620       -0.90587490894004
C           -2.74641983211069       -1.52638690526262       -1.51301074817626
N           -1.46119961328294        0.24398870176670       -0.28661194805327
C           -0.28273424503707       -0.49950392709759       -0.21386083320956
O           -0.25757275721616       -1.71276903975965       -0.28977064616448
C            0.91592274382209        0.29827975684024       -0.03958271194428
C            0.90448798776609        1.64702803135907        0.09382626806618
N           -0.31297956150503        2.25585493375166        0.05337670176117
C           -1.50968496831305        1.61082939573333       -0.12144777309478
O           -2.54883060687797        2.24920127379235       -0.13301923934786
C            2.11067420368457        2.48934005777217        0.28856270225653
Br           2.53966208214317       -0.68582078136048        0.02279873770837
H           -2.35660061699711       -2.66593183414651        1.14266608358021
H           -1.66136410889445       -1.31463222593133        2.02929029867205
H           -3.16590404228855       -2.04321366334569        2.58157275338870
H           -4.38053310305697       -1.23311623881478        0.63009054140364
H           -3.58089148055228        0.12411919438416        1.42351700394624
H           -2.23395644536311       -2.40466274255567       -1.13644978400888
H           -3.77089977853673       -1.79036682124658       -1.75883047026940
H           -2.24458663669306       -1.19894002298314       -2.42064312189997
H           -0.37691131747448        3.26289933549717        0.16576390535011
H            2.84656798998453        2.26972518351610       -0.48286508641942
H            2.57521686614231        2.25466123345260        1.24538205559778
H            1.85968733315946        3.54404795654960        0.26152536900296
27
 energy: -44.042678207349 gnorm: 0.000161715804 xtb: 6.7.1 (edcfbbe)
C           -2.59400434924608       -1.76299139595732        1.69958716103717
C           -3.40859152540100       -0.79288722271748        0.85268145203298
C           -2.77793731842202       -0.39752268648706       -0.49141143087117
H           -3.39813348960070        0.40715116096859       -0.90530240268796
C           -2.74672471895777       -1.52577593708660       -1.51379085107907
N           -1.46187029049250        0.24401464371497       -0.28667381661311
C           -0.28333654289279       -0.49974482912785       -0.21443133317792
O           -0.25836833348476       -1.71292462817064       -0.29136220427875
C            0.91525759355360        0.29781835753802       -0.03953816893969
C            0.90409284639476        1.64657645931325        0.09388795486666
N           -0.31321462211858        2.25568419425661        0.05281366193961
C           -1.51011978112779        1.61076574867635       -0.12181200974965
O           -2.54906221581745        2.24953805111667       -0.13363251164116
C            2.11031405786883        2.48864326432391        0.28940993564126
Br           2.53888759177669       -0.68663837244686        0.02355477668714
H           -2.35301336153981       -2.66461531407925        1.14404356555131
H           -1.66009395250750       -1.31124650092559        2.02917913817615
H           -3.16293019827225       -2.04215402035609        2.58260978523857
H           -4.37945561697864       -1.23638005929126        0.62995189562937
H           -3.58321306285544        0.12302021286226        1.42318313099587
H           -2.23559686332840       -2.40482267511819       -1.13715047265095
H           -3.77117467003725       -1.78856070810683       -1.76100921067762
H           -2.24349193418419       -1.19812922353988       -2.42068275170909
H           -0.37662168637157        3.26276212514585        0.16511082335179
H            2.84777277733487        2.26709206469944       -0.47996846393086
H            2.57261513433941        2.25566626645269        1.24774205572206
H            1.85992792962928        3.54343754804490        0.25976738744563
27
 energy: -44.042678541648 gnorm: 0.000235551643 xtb: 6.7.1 (edcfbbe)
C           -2.59217710877396       -1.76158459514659        1.70006716048584
C           -3.40863073633022       -0.79369599179955        0.85246842947912
C           -2.77835068255405       -0.39756234046840       -0.49159964454848
H           -3.39880816466759        0.40713024319752       -0.90504228542767
C           -2.74720193615852       -1.52539418272082       -1.51443355105384
N           -1.46232634114497        0.24406360404137       -0.28699537753049
C           -0.28377308908102       -0.49985578246858       -0.21521511996199
O           -0.25896492574388       -1.71299410571195       -0.29253928832089
C            0.91478552355065        0.29750803367987       -0.03975394751664
C            0.90373616415862        1.64625638218129        0.09394397645472
N           -0.31344173335668        2.25557185538080        0.05246031918592
C           -1.51045713047707        1.61072869717170       -0.12205210496617
O           -2.54934854751744        2.24961102633327       -0.13350995951347
C            2.11003563910859        2.48800183736785        0.29024165114963
Br           2.53821376017032       -0.68732888591157        0.02373527683440
H           -2.34950386381203       -2.66323915476781        1.14521461952739
H           -1.65907808281516       -1.30771066842311        2.02916851654032
H           -3.16046491331458       -2.04105805520928        2.58343800275065
H           -4.37847291758523       -1.23938791920829        0.62971232291192
H           -3.58533692640519        0.12206544960080        1.42254477486797
H           -2.23692291607129       -2.40491537211577       -1.13769936184218
H           -3.77162086010600       -1.78742001702558       -1.76273679651756
H           -2.24290046581593       -1.19763467321301       -2.42070944799754
H           -0.37652597139311        3.26263863451808        0.16499008007961
H            2.84903904277435        2.26445885014993       -0.47707053310173
H            2.57004546745963        2.25663179544860        1.25008566980017
H            1.86036511316272        3.54289185882185        0.25804371453957
27
 energy: -44.042678935589 gnorm: 0.000232191839 xtb: 6.7.1 (edcfbbe)
C           -2.58983433065064       -1.75949683671084        1.70066699562220
C           -3.40870164332679       -0.79453687984263        0.85206917121540
C           -2.77892651866020       -0.39764627579754       -0.49200742806047
H           -3.39953191671490        0.40717132744979       -0.90496662567671
C           -2.74769408929751       -1.52505640465727       -1.51529715172149
N           -1.46285406889842        0.24399959244644       -0.28753088022954
C           -0.28435050318895       -0.50006467883260       -0.21616322062182
O           -0.25968611238986       -1.71317034733682       -0.29408538296724
C            0.91426286170909        0.29707805443007       -0.04028923625292
C            0.90328588218140        1.64578079443157        0.09400286781189
N           -0.31378345069284        2.25528826405573        0.05238319355554
C           -1.51090849988201        1.61054941357559       -0.12190900939871
O           -2.54981780283518        2.24942458069537       -0.13277774386318
C            2.10967843867605        2.48715843459466        0.29129386311938
Br           2.53745687437066       -0.68807665313890        0.02343911717810
H           -2.34468091772095       -2.66110190863031        1.14672875905803
H           -1.65795073413900       -1.30282330995055        2.02947764876074
H           -3.15749408864841       -2.03954871055913        2.58428982362398
H           -4.37719352941402       -1.24309918001491        0.62917916324910
H           -3.58816985726061        0.12109895630931        1.42149418455309
H           -2.23822681930143       -2.40503979958212       -1.13856645383428
H           -3.77210352409502       -1.78633238422135       -1.76446946780259
H           -2.24258805657965       -1.19725920648923       -2.42114443748600
H           -0.37664999708995        3.26231627631890        0.16541370551615
H            2.85077218895893        2.26083911452167       -0.47315292663757
H            2.56661056596405        2.25816021031444        1.25320266543555
H            1.86099304618709        3.54216408032327        0.25547590216197
27
 energy: -44.042679431089 gnorm: 0.000180528675 xtb: 6.7.1 (edcfbbe)
C           -2.58695528120452       -1.75657280312592        1.70136841979052
C           -3.40871005216990       -0.79534697907433        0.85136561143768
C           -2.77954314464980       -0.39782372292130       -0.49279002829142
H           -3.40026374362397        0.40709498022727       -0.90533226838171
C           -2.74851123881294       -1.52494470813100       -1.51634814497317
N           -1.46335623567883        0.24383346220823       -0.28851589206781
C           -0.28497602341113       -0.50034179911341       -0.21765163733084
O           -0.26036697166825       -1.71340765171393       -0.29632562019175
C            0.91376027224170        0.29654303286646       -0.04125392922730
C            0.90279515467726        1.64515264612278        0.09414060221785
N           -0.31419918265842        2.25482194458731        0.05276263987404
C           -1.51138992797828        1.61024296540877       -0.12147812990736
O           -2.55040365717200        2.24893206015908       -0.13111626495559
C            2.10921720993488        2.48617985711903        0.29268871989887
Br           2.53660254581364       -0.68908019800445        0.02243220640770
H           -2.33814079235386       -2.65781475026416        1.14848249859108
H           -1.65692937321758       -1.29622220712814        2.03032391128871
H           -3.15405605129137       -2.03781335803533        2.58496012714103
H           -4.37556968691352       -1.24743376434293        0.62852085874248
H           -3.59149387606706        0.12021071886181        1.41984863000842
H           -2.23985008876869       -2.40533798721092       -1.13949692826557
H           -3.77294383812260       -1.78547652475799       -1.76628514997765
H           -2.24261324207855       -1.19730964907081       -2.42179990732017
H           -0.37703290431100        3.26173689148919        0.16683880948963
H            2.85319845685985        2.25599201500390       -0.46776524724386
H            2.56190273305357        2.26067453046956        1.25746928857220
H            1.86174233683231        3.54128752207384        0.25171392098257
27
 energy: -44.042679662546 gnorm: 0.000141876571 xtb: 6.7.1 (edcfbbe)
C           -2.58711065409502       -1.75642485347547        1.70132220916336
C           -3.40867614832291       -0.79504872838690        0.85129721731124
C           -2.77943647165822       -0.39785327453690       -0.49292907912620
H           -3.40003949518064        0.40709149147823       -0.90562446418010
C           -2.74858246867048       -1.52521303145003       -1.51624536748829
N           -1.46321961390793        0.24370008148552       -0.28864368542467
C           -0.28482299747638       -0.50044124588194       -0.21783316663471
O           -0.26013138603609       -1.71348091649603       -0.29685379945612
C            0.91391363057237        0.29648607878465       -0.04141417108896
C            0.90289681310546        1.64507413927147        0.09422889579703
N           -0.31417425579105        2.25464032828266        0.05323105128719
C           -1.51131436866236        1.61006707101008       -0.12123420418480
O           -2.55034556284505        2.24874008113742       -0.13083142269316
C            2.10918843737018        2.48630969130449        0.29273573097901
Br           2.53684654476156       -0.68901565685916        0.02178326584014
H           -2.33795557823470       -2.65742190078224        1.14826517808267
H           -1.65730020517921       -1.29604197773006        2.03075393126347
H           -3.15449231357901       -2.03801519055313        2.58458699993407
H           -4.37564413109011       -1.24691784397103        0.62849301889467
H           -3.59121199184288        0.12061591623450        1.41969258705016
H           -2.24001361098166       -2.40560738421519       -1.13933241270539
H           -3.77304800281012       -1.78571118057492       -1.76588273940397
H           -2.24285560557943       -1.19791040585637       -2.42187737441386
H           -0.37717635333319        3.26151649095282        0.16756182765092
H            2.85330888447942        2.25605164558770       -0.46751340915179
H            2.56179393410707        2.26125005062538        1.25762171080083
H            1.86151636814132        3.54133704831705        0.25139876820585
27
 energy: -44.042680192476 gnorm: 0.000120696751 xtb: 6.7.1 (edcfbbe)
C           -2.58774072882267       -1.75564433911460        1.70109567059669
C           -3.40857884133246       -0.79373567050311        0.85089905197442
C           -2.77895621120608       -0.39808179110676       -0.49361765719747
H           -3.39910742053898        0.40676266890131       -0.90722203380158
C           -2.74898715320023       -1.52656275978012       -1.51570985906890
N           -1.46259252450808        0.24312790683831       -0.28943508315377
C           -0.28407014647152       -0.50073986374223       -0.21932718584855
O           -0.25905116331315       -1.71372440623783       -0.29916793554485
C            0.91459441899924        0.29636590489789       -0.04231614821861
C            0.90331830057910        1.64477301939528        0.09469222182836
N           -0.31410133941940        2.25388367382887        0.05546008298440
C           -1.51098783960952        1.60933359757700       -0.12019927014182
O           -2.55013992140291        2.24782702975952       -0.12914469575731
C            2.10909053970998        2.48684115198137        0.29299924680115
Br           2.53784486933420       -0.68871226147007        0.01865893060527
H           -2.33699078057877       -2.65561274038473        1.14719718485705
H           -1.65887264424053       -1.29495316208306        2.03270431649387
H           -3.15646033625858       -2.03886783331882        2.58292593733249
H           -4.37611789061112       -1.24455334045014        0.62849410191780
H           -3.58990443617803        0.12246643525112        1.41879267926359
H           -2.24043945762608       -2.40670144217503       -1.13820898223002
H           -3.77372477614568       -1.78703678289763       -1.76412246334313
H           -2.24387516052438       -1.20050850268009       -2.42207140301136
H           -0.37782669052233        3.26056332831484        0.17119579653162
H            2.85401609883791        2.25581903249964       -0.46616646665399
H            2.56090343132367        2.26383786843307        1.25868682466375
H            1.86067120098733        3.54160980196863        0.24966423442950
27
 energy: -44.042680315991 gnorm: 0.000093377971 xtb: 6.7.1 (edcfbbe)
C           -2.58784747055338       -1.75530172861614        1.70105929776414
C           -3.40858059724189       -0.79337241595835        0.85077026738955
C           -2.77894365013398       -0.39814257322546       -0.49385092125420
H           -3.39897298388919        0.40664516875772       -0.90774056984252
C           -2.74889098597886       -1.52693020765559       -1.51560560345402
N           -1.46256364527076        0.24299890410471       -0.28947777183084
C           -0.28401937665222       -0.50078359395801       -0.21946469559819
O           -0.25887692265674       -1.71374066874986       -0.29973213381928
C            0.91468027106304        0.29641651838953       -0.04296947294834
C            0.90330340648793        1.64476411477273        0.09461554265541
N           -0.31419440510800        2.25375028569775        0.05601219288178
C           -1.51104726843416        1.60916317381666       -0.11972537298715
O           -2.55025663189492        2.24754164690173       -0.12843679205899
C            2.10903072511614        2.48684063926390        0.29311208437364
Br           2.53802629573041       -0.68858968387120        0.01730911593881
H           -2.33668553483530       -2.65513067125880        1.14706842625977
H           -1.65917231526398       -1.29446327513351        2.03305567074598
H           -3.15676889300839       -2.03887139378980        2.58266569977341
H           -4.37621930840337       -1.24403289689836        0.62851780633683
H           -3.58970807013567        0.12296284866958        1.41851175770296
H           -2.24021715734815       -2.40691601448589       -1.13789222450706
H           -3.77364457062873       -1.78756272296980       -1.76388626169157
H           -2.24388998333144       -1.20110647701300       -2.42213218611107
H           -0.37799210943471        3.26036893775149        0.17222350420962
H            2.85439013217962        2.25522627233045       -0.46546478088813
H            2.56021956145806        2.26442079330348        1.25925447402024
H            1.86075488542957        3.54162154352669        0.24896004324779
27
 energy: -44.042680322277 gnorm: 0.000196346436 xtb: 6.7.1 (edcfbbe)
C           -2.58795421228409       -1.75495911811769        1.70102292493159
C           -3.40858235315132       -0.79300916141358        0.85064148280468
C           -2.77893108906189       -0.39820335534415       -0.49408418531093
H           -3.39883854723940        0.40652766861414       -0.90825910588345
C           -2.74879481875749       -1.52729765553106       -1.51550134783913
N           -1.46253476603343        0.24286990137110       -0.28952046050791
C           -0.28396860683292       -0.50082732417380       -0.21960220534783
O           -0.25870268200033       -1.71375693126190       -0.30029633209371
C            0.91476612312683        0.29646713188117       -0.04362279767808
C            0.90328851239676        1.64475521015018        0.09453886348245
N           -0.31428747079659        2.25361689756662        0.05656430277915
C           -1.51110669725879        1.60899275005632       -0.11925147583247
O           -2.55037334238693        2.24725626404395       -0.12772888836068
C            2.10897091052230        2.48684012654643        0.29322492194614
Br           2.53820772212662       -0.68846710627234        0.01595930127235
H           -2.33638028909183       -2.65464860213287        1.14693966766249
H           -1.65947198628743       -1.29397338818396        2.03340702499810
H           -3.15707744975820       -2.03887495426079        2.58240546221432
H           -4.37632072619563       -1.24351245334659        0.62854151075586
H           -3.58951170409331        0.12345926208803        1.41823083614232
H           -2.23999485707022       -2.40713058679676       -1.13757546678409
H           -3.77356436511177       -1.78808866304198       -1.76365006004000
H           -2.24390480613851       -1.20170445134590       -2.42219296921077
H           -0.37815752834710        3.26017454718814        0.17325121188763
H            2.85476416552134        2.25463351216126       -0.46476309512227
H            2.55953569159246        2.26500371817389        1.25982212337673
H            1.86083856987181        3.54163328508474        0.24825585206609
