22
 energy: -574.539228922499 gnorm: 0.030039961160 xtb: 6.7.1 (edcfbbe)
C           -4.27558557339462        0.80041723445469        0.00087999910039
O           -3.46930396013734       -0.36696832486261       -0.00113275450050
C           -2.12524311884175       -0.23934218300606       -0.00016821290007
C           -1.40002276702039       -1.43801078253722       -0.00390233810173
C           -0.02706067391199       -1.41806066282838       -0.00366650700162
C            0.66338960779397       -0.20212191448957        0.00028227740013
C           -0.05885906172608        0.98953089683849        0.00436499700193
C           -1.43874416663755        0.97581982203241        0.00398417680177
C            2.13196678554473       -0.22004380779751       -0.00085935380038
O            2.81040311914536       -1.23408956424686       -0.00374120800166
O            2.67551227018559        1.00101396334358        0.00241273520107
C            4.10074867831715        1.07479662187627        0.00163691830073
H           -4.09896022551636        1.39780162141940        0.89793715849790
H           -5.30052345314880        0.43728923729377       -0.00211366060094
H           -4.09559215981487        1.40328570982183       -0.89181217189519
H           -1.94777203386311       -2.36632708674858       -0.00721175050320
H            0.54309596234066       -2.33437558953442       -0.00662046480293
H            0.47133202870886        1.92832363335449        0.00755747980335
H           -1.97229087187397        1.91178666174716        0.00681317060302
H            4.50007056009410        0.58728154236024       -0.88897020469393
H            4.50173473429484        0.57714676115575        0.88579066239252
H            4.33815944392235        2.13391336894559        0.00728798520323
22
 energy: -574.540348406649 gnorm: 0.012809924711 xtb: 6.7.1 (edcfbbe)
C           -4.27540936676124        0.80419535326289        0.00094192834259
O           -3.47365391098386       -0.37943772418575       -0.00121218418828
C           -2.12689824266351       -0.24736737458799       -0.00031277157996
C           -1.40184972319520       -1.44816356452345       -0.00402369564112
C           -0.02485237157711       -1.42208566701659       -0.00383360968227
C            0.66369781768484       -0.20049831713713        0.00021732592157
C           -0.06603713889210        0.99212439064722        0.00417190352729
C           -1.45178933419962        0.97778677550635        0.00394779945069
C            2.13400671023957       -0.22040494468429       -0.00025618362273
O            2.81526507506831       -1.23911163586812       -0.00390668863747
O            2.67433837451044        1.00867750326048        0.00264189649485
C            4.11031165516000        1.07214556705780        0.00159256853846
H           -4.09399474370819        1.40296741563544        0.89971220559149
H           -5.30826939080936        0.45646177321946       -0.00189304110758
H           -4.09088231509059        1.40830803806083       -0.89359937953128
H           -1.94742405746792       -2.38442634380540       -0.00718640811127
H            0.54182709722814       -2.34543680110374       -0.00683605167216
H            0.45670680209722        1.93990064185570        0.00747605806523
H           -1.99257944208650        1.91525835361204        0.00699532711940
H            4.51394573794830        0.59266034179175       -0.89400834679115
H            4.51574145443842        0.58291418713881        0.89105217732239
H            4.35425410528972        2.13259857312394        0.00706813622520
22
 energy: -574.540566615937 gnorm: 0.004757933228 xtb: 6.7.1 (edcfbbe)
C           -4.27596630620608        0.80882740891039        0.00102255083048
O           -3.48005351091324       -0.38762059333511       -0.00121547728829
C           -2.12960436509740       -0.25369065542662       -0.00031364311875
C           -1.40333881554690       -1.45429030331791       -0.00396859889167
C           -0.02410856730046       -1.42313936554160       -0.00373358254662
C            0.66363493582214       -0.19877305043619        0.00006857087815
C           -0.07196299216500        0.99233607295523        0.00407500180729
C           -1.46043251608853        0.97609179393445        0.00391137007000
C            2.13514637681489       -0.21799973461879       -0.00106678630387
O            2.81645473599240       -1.23776004761134       -0.00404120468606
O            2.67617817041918        1.01613652987275        0.00257794540416
C            4.12015778118192        1.07121575684786        0.00180627371265
H           -4.08584259779135        1.40425799788147        0.90116801614669
H           -5.31298481905283        0.47070144295858       -0.00157734451197
H           -4.08305862067504        1.40940582733992       -0.89509433490278
H           -1.94490679408814       -2.39514140464818       -0.00714009724032
H            0.53870135068968       -2.35064439562912       -0.00687237527606
H            0.44265170952151        1.94647036857671        0.00726006028855
H           -2.00513242955129        1.91262495603096        0.00697288530234
H            4.52026882671546        0.59368367562459       -0.89676977012756
H            4.52186345287249        0.58410791449308        0.89447810726202
H            4.36878939166098        2.13226580834842        0.00720130834159
22
 energy: -574.540589785897 gnorm: 0.001759644961 xtb: 6.7.1 (edcfbbe)
C           -4.27617505822212        0.81061958339730        0.00108295847998
O           -3.48252580205877       -0.38983703698972       -0.00121741408679
C           -2.13062110441454       -0.25558500182368       -0.00036798429009
C           -1.40335030312255       -1.45525923187618       -0.00410877189905
C           -0.02391776127403       -1.42243782746411       -0.00404925053736
C            0.66336182786742       -0.19780705979822       -0.00001660632322
C           -0.07375090205769        0.99199639512513        0.00393229029423
C           -1.46219476184926        0.97432837127721        0.00381639953290
C            2.13511156580954       -0.21622541699654       -0.00027135976183
O            2.81613614661304       -1.23527732251485       -0.00425740336358
O            2.67670754433593        1.01922519753888        0.00288065171655
C            4.12321475429220        1.07096102833823        0.00178944581333
H           -4.08274421363185        1.40399202897116        0.90133521831596
H           -5.31352697969649        0.47470935229764       -0.00132725667919
H           -4.08023483154780        1.40902208165091       -0.89528238385371
H           -1.94247190314215       -2.39720517323215       -0.00714906772201
H            0.53754525822315       -2.35057107839877       -0.00698314526473
H            0.43753576510404        1.94773680876739        0.00718896886950
H           -2.00729869666469        1.91005895684606        0.00694244242221
H            4.52029402370447        0.59202627311713       -0.89688098410358
H            4.52200564266627        0.58294219323615        0.89477719310491
H            4.37335397337953        2.13165273319878        0.00691498803033
22
 energy: -574.540593473027 gnorm: 0.001055601041 xtb: 6.7.1 (edcfbbe)
C           -4.27621546325730        0.81167423924504        0.00121736212643
O           -3.48395083626789       -0.39096547048699       -0.00116006098353
C           -2.13119918727759       -0.25659577051770       -0.00037069175436
C           -1.40289848605523       -1.45516878468525       -0.00393747485181
C           -0.02363787884520       -1.42119788183391       -0.00366953177086
C            0.66295346952756       -0.19665801263263       -0.00022160157609
C           -0.07484815495156        0.99194920048467        0.00382580024844
C           -1.46275287864836        0.97267709552051        0.00374583345687
C            2.13469977784805       -0.21436058038325       -0.00199040660987
O            2.81559319499584       -1.23255768696854       -0.00425470240343
O            2.67669351949502        1.02158867420929        0.00254563127556
C            4.12468358678991        1.07051268534162        0.00217220586300
H           -4.08071209404545        1.40346254780608        0.90130691413217
H           -5.31329033281396        0.47654561294763       -0.00092682808588
H           -4.07858060300380        1.40832571480703       -0.89518696923374
H           -1.93951512587149       -2.39788446451393       -0.00711762795161
H            0.53732377367593       -2.34916923527411       -0.00699162401383
H            0.43399771790026        1.94843351683003        0.00685912095200
H           -2.00764601652631        1.90782266663455        0.00673151429962
H            4.51924702192551        0.58958846445692       -0.89604814811932
H            4.52040946983186        0.58055203446142        0.89494356979564
H            4.37609949774074        2.13049120696536        0.00727639872280
22
 energy: -574.540594279915 gnorm: 0.000554838659 xtb: 6.7.1 (edcfbbe)
C           -4.27609485960269        0.81121010306445        0.00122619717132
O           -3.48347629422445       -0.39070691591401       -0.00118369439414
C           -2.13108482351092       -0.25632276739964       -0.00044747083043
C           -1.40279880842223       -1.45495953054212       -0.00426370864955
C           -0.02356956809848       -1.42107933581876       -0.00434726875515
C            0.66293401872747       -0.19652335295316       -0.00014139801757
C           -0.07467725712246        0.99228677325153        0.00372724076427
C           -1.46260091834780        0.97301026164591        0.00362459911085
C            2.13463586359262       -0.21447389333631        0.00020850682573
O            2.81555342928191       -1.23284950394829       -0.00460945079382
O            2.67656535037308        1.02118939935406        0.00317419162083
C            4.12411717798272        1.07030702473302        0.00191593495993
H           -4.08109789148549        1.40345999468993        0.90126101551096
H           -5.31319941389398        0.47580538518852       -0.00082946629836
H           -4.07911615885734        1.40829283400947       -0.89517293916584
H           -1.93952299142677       -2.39770098295533       -0.00717865140785
H            0.53785805011302       -2.34881909537618       -0.00711723991719
H            0.43463138240950        1.94857841588717        0.00697441408992
H           -2.00748806661934        1.90833791567556        0.00674282097347
H            4.51879119592693        0.58905710044198       -0.89618434668371
H            4.52048161099075        0.58071639751767        0.89473680838173
H            4.37561291905787        2.13024959441262        0.00663278433381
22
 energy: -574.540594279915 gnorm: 0.000554838659 xtb: 6.7.1 (edcfbbe)
C           -4.27609485960269        0.81121010306445        0.00122619717132
O           -3.48347629422445       -0.39070691591401       -0.00118369439414
C           -2.13108482351092       -0.25632276739964       -0.00044747083043
C           -1.40279880842223       -1.45495953054212       -0.00426370864955
C           -0.02356956809848       -1.42107933581876       -0.00434726875515
C            0.66293401872747       -0.19652335295316       -0.00014139801757
C           -0.07467725712246        0.99228677325153        0.00372724076427
C           -1.46260091834780        0.97301026164591        0.00362459911085
C            2.13463586359262       -0.21447389333631        0.00020850682573
O            2.81555342928191       -1.23284950394829       -0.00460945079382
O            2.67656535037308        1.02118939935406        0.00317419162083
C            4.12411717798272        1.07030702473302        0.00191593495993
H           -4.08109789148549        1.40345999468993        0.90126101551096
H           -5.31319941389398        0.47580538518852       -0.00082946629836
H           -4.07911615885734        1.40829283400947       -0.89517293916584
H           -1.93952299142677       -2.39770098295533       -0.00717865140785
H            0.53785805011302       -2.34881909537618       -0.00711723991719
H            0.43463138240950        1.94857841588717        0.00697441408992
H           -2.00748806661934        1.90833791567556        0.00674282097347
H            4.51879119592693        0.58905710044198       -0.89618434668371
H            4.52048161099075        0.58071639751767        0.89473680838173
H            4.37561291905787        2.13024959441262        0.00663278433381
