
         ______________________________________________________________
        |                                                              |
        |                                                              |
        |                   CENSO - Commandline ENSO                   |
        |                           v 2.1.2                            |
        |    energetic sorting of CREST Conformer Rotamer Ensembles    |
        |                    University of Bonn, MCTC                  |
        |                           Oct 2024                           |
        |                 based on ENSO version 2.0.1                  |
        |             L. M. Seidler, F. Bohle and S. Grimme            |
        |                                                              |
        |______________________________________________________________|

        Please cite:
        (TBA)
        S. Grimme, F. Bohle, A. Hansen, P. Pracht, S. Spicher, and M. Stahn
        J. Phys. Chem. A 2021, 125, 19, 4039-4054.
        DOI: https://doi.org/10.1021/acs.jpca.1c00971

        This program is distributed in the hope that it will be useful,
        but WITHOUT ANY WARRANTY; without even the implied warranty of
        MERCHANTABILITY or FITNESS FOR A PARTICULAR PURPOSE.

Reading configuration file from /home/z5358697/.censo2rc.
CALL: /srv/scratch/z5358697/.censo/bin/censo -i crest_conformers.xyz --maxcores 16 -O 1
Read 31 conformers.
Number of atoms:              25
Charge:                       0
Unpaired electrons:           0


----------------------------------------------------------------------------------------------------
                                          GENERAL SETTINGS                                          
----------------------------------------------------------------------------------------------------
    
imagthr:                      -100.0
sthr:                         0.0
scale:                        1.0
temperature:                  298.15
solvent:                      h2o
sm_rrho:                      alpb
multitemp:                    False
evaluate_rrho:                False
consider_sym:                 False
bhess:                        False
rmsdbias:                     False
balance:                      False
gas-phase:                    False
copy_mo:                      True
retry_failed:                 True
trange:                       [273.15, 373.15, 5]



----------------------------------------------------------------------------------------------------
                                            PRESCREENING                                            
----------------------------------------------------------------------------------------------------
    
threshold:                    4.0
func:                         pbe-d4
basis:                        def2-sv(p)
prog:                         orca
gfnv:                         gfn2
run:                          True
template:                     False


Running xtb_gsolv calculation for CONF1.
Running xtb_gsolv calculation for CONF12.
Running xtb_gsolv calculation for CONF10.
Running xtb_gsolv calculation for CONF2.
Running xtb_gsolv calculation for CONF9.
Running xtb_gsolv calculation for CONF8.
Running xtb_gsolv calculation for CONF11.
Running xtb_gsolv calculation for CONF4.
Running xtb_gsolv calculation for CONF14.
Running xtb_gsolv calculation for CONF6.
Running xtb_gsolv calculation for CONF5.
Running xtb_gsolv calculation for CONF16.
Running xtb_gsolv calculation for CONF3.
Running xtb_gsolv calculation for CONF13.
Running xtb_gsolv calculation for CONF7.
Running xtb_gsolv calculation for CONF15.
Running xtb_gsolv calculation for CONF18.
Running xtb_gsolv calculation for CONF22.
Running xtb_gsolv calculation for CONF25.
Running xtb_gsolv calculation for CONF17.
Running xtb_gsolv calculation for CONF21.
Running xtb_gsolv calculation for CONF23.
Running xtb_gsolv calculation for CONF20.
Running xtb_gsolv calculation for CONF24.
Running xtb_gsolv calculation for CONF26.
Running xtb_gsolv calculation for CONF19.
Running xtb_gsolv calculation for CONF30.
Running xtb_gsolv calculation for CONF27.
Running xtb_gsolv calculation for CONF29.
Running xtb_gsolv calculation for CONF28.
Running xtb_gsolv calculation for CONF31.
Running sp calculation for CONF1.
Running sp calculation for CONF2.
Running sp calculation for CONF3.
Running sp calculation for CONF4.
Running sp calculation for CONF5.
Running sp calculation for CONF7.
Running sp calculation for CONF6.
Running sp calculation for CONF8.
Running sp calculation for CONF9.
Running sp calculation for CONF10.
Running sp calculation for CONF11.
Running sp calculation for CONF12.
Running sp calculation for CONF13.
Running sp calculation for CONF14.
Running sp calculation for CONF15.
Running sp calculation for CONF16.
Running sp calculation for CONF17.
Running sp calculation for CONF18.
Running sp calculation for CONF19.
Running sp calculation for CONF20.
Running sp calculation for CONF21.
Running sp calculation for CONF22.
Running sp calculation for CONF24.
Running sp calculation for CONF25.
Running sp calculation for CONF23.
Running sp calculation for CONF26.
Running sp calculation for CONF27.
Running sp calculation for CONF28.
Running sp calculation for CONF29.
Running sp calculation for CONF30.
Running sp calculation for CONF31.


No longer considering CONF12.
No longer considering CONF13.
No longer considering CONF14.
No longer considering CONF15.
No longer considering CONF16.
No longer considering CONF17.
No longer considering CONF18.
No longer considering CONF19.
No longer considering CONF20.
No longer considering CONF21.
No longer considering CONF22.
No longer considering CONF23.
No longer considering CONF24.
No longer considering CONF25.
No longer considering CONF27.
No longer considering CONF28.
No longer considering CONF29.
No longer considering CONF30.
No longer considering CONF31.

-------------------------------- PRESCREENING SINGLE-POINT RESULTS ---------------------------------

CONF#         E (xTB)          ΔE (xTB)          E (DFT)          ΔE (DFT)        ΔGsolv (xTB)          Gtot             ΔGtot          Boltzmann weight   
                [Eh]          [kcal/mol]          [Eh]           [kcal/mol]        [kcal/mol]           [Eh]           [kcal/mol]        % at 298.15 K     
CONF1        -32.568818          0.09          -463.629511          0.36           -2.865230         -463.634077          0.26               24.46         
CONF2        -32.568954          0.00          -463.630078          0.00           -2.765176         -463.634484          0.00               37.66         
CONF3        -32.568706          0.16          -463.629268          0.51           -2.835896         -463.633788          0.44               18.01         
CONF4        -32.568698          0.16          -463.628736          0.84           -2.734294         -463.633094          0.87                8.63         
CONF5        -32.568352          0.38          -463.625169          3.08           -2.899786         -463.629790          2.95                0.26         
CONF6        -32.568599          0.22          -463.628882          0.75           -2.715475         -463.633210          0.80                9.76         
CONF7        -32.568345          0.38          -463.625313          2.99           -2.790545         -463.629760          2.96                0.25         
CONF8        -32.568114          0.53          -463.624801          3.31           -2.830998         -463.629312          3.25                0.16         
CONF9        -32.568082          0.55          -463.624035          3.79           -2.752400         -463.628421          3.80                0.06         
CONF10       -32.567972          0.62          -463.624661          3.40           -2.725232         -463.629004          3.44                0.11         
CONF11       -32.566751          1.38          -463.625761          2.71           -2.847181         -463.630298          2.63                0.45         
CONF26       -32.562740          3.90          -463.624671          3.39           -2.818687         -463.629163          3.34                0.13         

Boltzmann averaged free energy/enthalpy of ensemble on input geometries (not DFT optimized):
temperature /K:   avE(T) /a.u.   avG(T) /a.u.
    298.15        -463.4241638    -463.4286172     <<==part0==
----------------------------------------------------------------------------------------------------

Number of conformers:         12
Highest ranked conformer:     CONF2


Ran prescreening in 39.55 seconds!

----------------------------------------------------------------------------------------------------
                                             SCREENING                                              
----------------------------------------------------------------------------------------------------
    
threshold:                    3.5
func:                         r2scan-3c
basis:                        def2-tzvp
prog:                         orca
sm:                           smd
gfnv:                         gfn2
run:                          True
implicit:                     False
template:                     False


Running gsolv calculation for CONF1.
Running gsolv calculation for CONF2.
Running gsolv calculation for CONF3.
Running gsolv calculation for CONF6.
Running gsolv calculation for CONF7.
Running gsolv calculation for CONF8.
Running gsolv calculation for CONF26.
Running gsolv calculation for CONF10.
Running gsolv calculation for CONF4.
Running gsolv calculation for CONF11.
Running gsolv calculation for CONF5.
Running gsolv calculation for CONF9.

----------------------------- SCREENING SINGLE-POINT (+ mRRHO) RESULTS -----------------------------

CONF#         G (xTB)          ΔG (xTB)          E (DFT)          ΔGsolv         GmRRHO          Gtot             ΔGtot          Boltzmann weight   
                [Eh]          [kcal/mol]          [Eh]             [Eh]           [Eh]           [Eh]           [kcal/mol]        % at 298.15 K     
CONF1        -32.573384          ---           -464.556355       -0.006939        ---         -464.563294          0.73               13.01         
CONF2        -32.573361          ---           -464.557424       -0.007031        ---         -464.564455          0.00               44.47         
CONF3        -32.573225          ---           -464.556913       -0.007050        ---         -464.563964          0.31               26.42         
CONF4        -32.573055          ---           -464.555608       -0.007019        ---         -464.562627          1.15                6.42         
CONF5        -32.572973          ---           -464.550977       -0.006451        ---         -464.557428          4.41                0.03         
CONF6        -32.572927          ---           -464.555973       -0.006977        ---         -464.562950          0.94                9.03         
CONF7        -32.572792          ---           -464.551781       -0.006809        ---         -464.558590          3.68                0.09         
CONF8        -32.572626          ---           -464.551276       -0.006743        ---         -464.558019          4.04                0.05         
CONF9        -32.572468          ---           -464.549927       -0.006742        ---         -464.556669          4.89                0.01         
CONF10       -32.572315          ---           -464.550711       -0.006675        ---         -464.557386          4.44                0.02         
CONF11       -32.571289          ---           -464.552871       -0.007089        ---         -464.559960          2.82                0.38         
CONF26       -32.567232          ---           -464.550679       -0.007707        ---         -464.558386          3.81                0.07         

Boltzmann averaged free energy/enthalpy of ensemble on input geometries (not DFT optimized):
temperature /K:   avE(T) /a.u.   avG(T) /a.u.
    298.15        -464.5568681    -464.5638867     <<==part1==
----------------------------------------------------------------------------------------------------


----------------------------------- SCREENING RANKING COMPARISON -----------------------------------

CONF#        ΔGtot prescreening       ΔGtot screening   
                 [kcal/mol]             [kcal/mol]      
CONF1               0.26                   0.73         
CONF2               0.00                   0.00         
CONF3               0.44                   0.31         
CONF4               0.87                   1.15         
CONF5               2.95                   4.41         
CONF6               0.80                   0.94         
CONF7               2.96                   3.68         
CONF8               3.25                   4.04         
CONF9               3.80                   4.89         
CONF10              3.44                   4.44         
CONF11              2.63                   2.82         
CONF26              3.34                   3.81         
----------------------------------------------------------------------------------------------------



Number of conformers:         12
Highest ranked conformer:     CONF2


Ran screening in 131.32 seconds!

----------------------------------------------------------------------------------------------------
                                            OPTIMIZATION                                            
----------------------------------------------------------------------------------------------------
    
optcycles:                    8
maxcyc:                       200
threshold:                    1.5
hlow:                         0.01
gradthr:                      0.01
func:                         r2scan-3c
basis:                        def2-tzvp
prog:                         orca
sm:                           smd
gfnv:                         gfn2
optlevel:                     normal
run:                          True
macrocycles:                  True
crestcheck:                   True
template:                     False
constrain:                    False
xtb_opt:                      True


Optimization using macrocycles, 8 microcycles per step.
Running xtb_opt calculation for CONF4.
Running xtb_opt calculation for CONF2.
Running xtb_opt calculation for CONF1.
Running xtb_opt calculation for CONF6.
Running xtb_opt calculation for CONF3.
Running xtb_opt calculation for CONF7.
Running xtb_opt calculation for CONF10.
Running xtb_opt calculation for CONF26.
Running xtb_opt calculation for CONF11.
Running xtb_opt calculation for CONF9.
Running xtb_opt calculation for CONF5.
Running xtb_opt calculation for CONF8.
Running xtb_rrho calculation for CONF2.
Running xtb_rrho calculation for CONF3.
Running xtb_rrho calculation for CONF10.
Running xtb_rrho calculation for CONF1.
Running xtb_rrho calculation for CONF9.
Running xtb_rrho calculation for CONF6.
Running xtb_rrho calculation for CONF4.
Running xtb_rrho calculation for CONF26.
Running xtb_rrho calculation for CONF11.
Running xtb_rrho calculation for CONF7.
Running xtb_rrho calculation for CONF5.
Running xtb_rrho calculation for CONF8.
CONF2 converged after 8 steps.
CONF7 converged after 7 steps.

----------------------------------- OPTIMIZATION CYCLE 8 UPDATE ------------------------------------

CONF#           Gtot             ΔGtot          grad_norm       converged   
                [Eh]           [kcal/mol]        [Eh/a0]                    
CONF1        -464.391384          0.61          0.003556          False     
CONF2        -464.392363          0.00          0.000660          True      
CONF3        -464.392134          0.14          0.001267          False     
CONF4        -464.391129          0.77          0.001920          False     
CONF5        -464.385096          4.56          0.002461          False     
CONF6        -464.391764          0.38          0.006971          False     
CONF7        -464.386099          3.93          0.000433          True      
CONF8        -464.385916          4.05          0.001051          False     
CONF9        -464.384821          4.73          0.000705          False     
CONF10       -464.385669          4.20          0.002819          False     
CONF11       -464.387698          2.93          0.008886          False     
CONF26       -464.387326          3.16          0.006820          False     
----------------------------------------------------------------------------------------------------
Running xtb_opt calculation for CONF3.
Running xtb_opt calculation for CONF1.
Running xtb_opt calculation for CONF6.
Running xtb_opt calculation for CONF4.
Running xtb_opt calculation for CONF11.
Running xtb_opt calculation for CONF26.
Running xtb_opt calculation for CONF8.
Running xtb_opt calculation for CONF5.
Running xtb_opt calculation for CONF10.
Running xtb_opt calculation for CONF9.
No longer considering CONF7 (gradient too small and ΔG = 3.93).
No longer considering CONF8 (gradient too small and ΔG = 3.98).
No longer considering CONF5 (gradient too small and ΔG = 4.40).
No longer considering CONF10 (gradient too small and ΔG = 4.04).

----------------------------------- OPTIMIZATION CYCLE 16 UPDATE -----------------------------------

CONF#           Gtot             ΔGtot          grad_norm       converged   
                [Eh]           [kcal/mol]        [Eh/a0]                    
CONF1        -464.391622          0.46          0.004774          False     
CONF2        -464.392363          0.00          0.000660          True      
CONF3        -464.392252          0.07          0.001726          False     
CONF4        -464.391270          0.69          0.002913          False     
CONF6        -464.392236          0.08          0.004268          False     
CONF9        -464.384950          4.65          0.002817          False     
CONF11       -464.388082          2.69          0.003249          False     
CONF26       -464.388007          2.73          0.016615          False     
----------------------------------------------------------------------------------------------------
Running xtb_opt calculation for CONF3.
Running xtb_opt calculation for CONF1.
Running xtb_opt calculation for CONF6.
Running xtb_opt calculation for CONF4.
Running xtb_opt calculation for CONF11.
Running xtb_opt calculation for CONF26.
Running xtb_opt calculation for CONF8.
Running xtb_opt calculation for CONF5.
Running xtb_opt calculation for CONF10.
Running xtb_opt calculation for CONF9.
CONF3 converged after 36 steps.
CONF11 converged after 37 steps.
No longer considering CONF11 (gradient too small and ΔG = 2.66).
No longer considering CONF9 (gradient too small and ΔG = 4.49).

----------------------------------- OPTIMIZATION CYCLE 24 UPDATE -----------------------------------

CONF#           Gtot             ΔGtot          grad_norm       converged   
                [Eh]           [kcal/mol]        [Eh/a0]                    
CONF1        -464.391777          0.39          0.001313          False     
CONF2        -464.392363          0.02          0.000660          True      
CONF3        -464.392269          0.08          0.000706          True      
CONF4        -464.391472          0.58          0.006965          False     
CONF6        -464.392397          0.00          0.004081          False     
CONF26       -464.388632          2.36          0.000837          False     
----------------------------------------------------------------------------------------------------
Running xtb_opt calculation for CONF1.
Running xtb_opt calculation for CONF6.
Running xtb_opt calculation for CONF4.
Running xtb_opt calculation for CONF26.
Running xtb_opt calculation for CONF8.
Running xtb_opt calculation for CONF5.
Running xtb_opt calculation for CONF10.
Running xtb_opt calculation for CONF9.
CONF1 converged after 51 steps.
CONF26 converged after 51 steps.
CONF5 converged after 49 steps.
No longer considering CONF26 (gradient too small and ΔG = 2.43).

----------------------------------- OPTIMIZATION CYCLE 32 UPDATE -----------------------------------

CONF#          Gtot             ΔGtot          grad_norm       converged   
               [Eh]           [kcal/mol]        [Eh/a0]                    
CONF1       -464.391793          0.44          0.000789          True      
CONF2       -464.392363          0.09          0.000660          True      
CONF3       -464.392269          0.14          0.000706          True      
CONF4       -464.391757          0.47          0.006106          False     
CONF6       -464.392499          0.00          0.001809          False     
----------------------------------------------------------------------------------------------------
Running xtb_opt calculation for CONF6.
Running xtb_opt calculation for CONF4.
Running xtb_opt calculation for CONF8.
Running xtb_opt calculation for CONF10.
Running xtb_opt calculation for CONF9.
CONF8 converged after 65 steps.
CONF10 converged after 67 steps.

----------------------------------- OPTIMIZATION CYCLE 40 UPDATE -----------------------------------

CONF#          Gtot             ΔGtot          grad_norm       converged   
               [Eh]           [kcal/mol]        [Eh/a0]                    
CONF1       -464.391793          0.47          0.000789          True      
CONF2       -464.392363          0.11          0.000660          True      
CONF3       -464.392269          0.17          0.000706          True      
CONF4       -464.392060          0.30          0.001386          False     
CONF6       -464.392542          0.00          0.001256          False     
----------------------------------------------------------------------------------------------------
Running xtb_opt calculation for CONF6.
Running xtb_opt calculation for CONF4.
Running xtb_opt calculation for CONF9.
CONF6 converged after 84 steps.
CONF4 converged after 85 steps.
CONF9 converged after 81 steps.

----------------------------------- OPTIMIZATION CYCLE 48 UPDATE -----------------------------------

CONF#          Gtot             ΔGtot          grad_norm       converged   
               [Eh]           [kcal/mol]        [Eh/a0]                    
CONF1       -464.391793          0.48          0.000789          True      
CONF2       -464.392363          0.12          0.000660          True      
CONF3       -464.392269          0.18          0.000706          True      
CONF4       -464.392086          0.29          0.000305          True      
CONF6       -464.392555          0.00          0.000782          True      
----------------------------------------------------------------------------------------------------
Running xtb_rrho calculation for CONF4.
Running xtb_rrho calculation for CONF3.
Running xtb_rrho calculation for CONF6.
Running xtb_rrho calculation for CONF1.
Running xtb_rrho calculation for CONF2.

--------------------------------------- OPTIMIZATION RESULTS ---------------------------------------

CONF#       E (DFT) (+ ΔGsolv)       ΔE (DFT) (+ δΔGsolv)       GmRRHO          Gtot             ΔGtot          Boltzmann weight   
                   [Eh]                   [kcal/mol]             [Eh]           [Eh]           [kcal/mol]        % at 298.15 K     
CONF1          -464.566142                   0.05                ---         -464.391779          0.59               11.11         
CONF2          -464.566216                   0.00                ---         -464.392363          0.23               20.60         
CONF3          -464.565919                   0.19                ---         -464.392489          0.15               23.55         
CONF4          -464.565418                   0.50                ---         -464.392035          0.43               14.56         
CONF6          -464.565833                   0.24                ---         -464.392723          0.00               30.18         

Boltzmann averaged free energy/enthalpy of ensemble on optimized geometries:
temperature /K:   avE(T) /a.u.   avG(T) /a.u.
    298.15        -464.5659059    -464.3923888     <<==part2==
----------------------------------------------------------------------------------------------------


--------------------------------------- OPTIMIZATION RESULTS ---------------------------------------

CONF#       E (DFT) (+ ΔGsolv)       ΔE (DFT) (+ δΔGsolv)       GmRRHO          Gtot             ΔGtot          Boltzmann weight   
                   [Eh]                   [kcal/mol]             [Eh]           [Eh]           [kcal/mol]        % at 298.15 K     
CONF1          -464.566142                   0.05                ---         -464.391779          0.59               11.11         
CONF2          -464.566216                   0.00                ---         -464.392363          0.23               20.60         
CONF3          -464.565919                   0.19                ---         -464.392489          0.15               23.55         
CONF4          -464.565418                   0.50                ---         -464.392035          0.43               14.56         
CONF6          -464.565833                   0.24                ---         -464.392723          0.00               30.18         

Boltzmann averaged free energy/enthalpy of ensemble on optimized geometries:
temperature /K:   avE(T) /a.u.   avG(T) /a.u.
    298.15        -464.5659059    -464.3923888     <<==part2==
----------------------------------------------------------------------------------------------------


--------------------------------- OPTIMIZATION RANKING COMPARISON ----------------------------------

CONF#       ΔGtot prescreening       ΔGtot screening       ΔGtot optimization   
                [kcal/mol]             [kcal/mol]              [kcal/mol]       
CONF1              0.26                   0.73                    0.59          
CONF2              0.00                   0.00                    0.23          
CONF3              0.44                   0.31                    0.15          
CONF4              0.87                   1.15                    0.43          
CONF6              0.80                   0.94                    0.00          
----------------------------------------------------------------------------------------------------



Number of conformers:         5
Highest ranked conformer:     CONF6


Ran optimization in 3057.89 seconds!

Ran CENSO in 00:53:48

CENSO all done!
