----------------------------------------------- 
  Element       SASA      Sigma Z        Total  
     Z         Ang**2 cal/Ang**2/mol   kcal/mol 
----------------------------------------------- 
      H        120.083      48.690       5.847
      C         32.582     129.740       4.227
      O         34.026       0.000       0.000

 Subtotal:     186.691                  10.074
 -----------------------------------------------

  Elements    COT*SASA   Sigma Z,Z'     Total   
    Z,Z'       Ang**2  cal/Ang**2/mol kcal/mol  
 ---------------------------------------------- 
  H   C         80.755     -60.770      -4.908
  H   O          0.000       0.000       0.000
  C   C         18.104     -72.950      -1.321
  O   C         17.402      68.690       1.195
  O   O          0.000       0.000       0.000

 Subtotal:                              -5.033
 ---------------------------------------------- 

 NONAQUEOUS SOLVENT CONTRIBUTION (kcal/mol):
 (proportional to SASA, atomic number independent)
 ---------------------------------------------- 
 Subtotal:                               0.000
 ---------------------------------------------- 

 CDS TOTAL (kcal/mol):                   5.041
...............................................................................
