17
 energy: -346.937425410403 gnorm: 0.002563768460 xtb: 6.7.1 (edcfbbe)
C           -3.12351997779003        0.61645698076993        0.15859535014201
C           -1.71291449777510        0.14412806270774        0.48891027202048
C           -0.79377855236892        0.22328282919785       -0.74395231013177
C            0.58034251078378       -0.27771220568753       -0.41567247892007
O            0.99467143324970       -1.40061447702123       -0.65747459618894
O            1.30922584776777        0.64826592749535        0.23493343368808
C            2.64228747440381        0.24855881270261        0.64482496080026
H           -3.11570974803422        1.65259272319931       -0.19690820220131
H           -3.57450051903758       -0.00454728101878       -0.62282440950775
H           -3.76773122451958        0.56758696064664        1.04207675477258
H           -1.73706795404684       -0.88989659817799        0.85255371882664
H           -1.29024629641158        0.75889366105304        1.29136918111507
H           -0.73311069032884        1.26092008597756       -1.08777547755494
H           -1.19378621234575       -0.39565026584761       -1.55127436270025
H            3.29567834948891        0.19278965234850       -0.22883978581804
H            2.61484287998566       -0.71500682491593        1.15679109685091
H            2.98275850253103        1.02996768483065        1.32230698887490
17
 energy: -346.937473867246 gnorm: 0.001910082728 xtb: 6.7.1 (edcfbbe)
C           -3.12376758101467        0.61543051610231        0.15871738308496
C           -1.71283022687161        0.14355041877076        0.48957531521461
C           -0.79391290998662        0.22472262133859       -0.74320003595801
C            0.58038887598949       -0.27665962569886       -0.41579747393897
O            0.99877009777143       -1.39629070861928       -0.66619310024975
O            1.30957978860674        0.65030423554858        0.23504492420322
C            2.64156897951566        0.24791122777494        0.64589740618871
H           -3.11604988487153        1.65181166525024       -0.19574385318785
H           -3.57307418366684       -0.00526263931075       -0.62382477202023
H           -3.76860967096998        0.56507519500876        1.04153367646411
H           -1.73660642148097       -0.89096701616703        0.85158233262607
H           -1.29089685837208        0.75773366369167        1.29272316878941
H           -0.73335775759405        1.26284146212728       -1.08529734728606
H           -1.19424247228294       -0.39328835236685       -1.55102327115492
H            3.29285419426122        0.17746111048879       -0.22908835152277
H            2.60885860996932       -0.70985265172554        1.16899668459328
H            2.98876841718498        1.03549441996002        1.31373777096386
17
 energy: -346.937459279577 gnorm: 0.012471340667 xtb: 6.7.1 (edcfbbe)
C           -3.12456103467439        0.60579592096725        0.16201822640033
C           -1.70974147264175        0.13988302334787        0.49421975721685
C           -0.79472694211371        0.23701674330725       -0.74001047129415
C            0.58844908328313       -0.25798364154001       -0.43857210284056
O            1.02845105735480       -1.36050004074012       -0.72937338141294
O            1.31143747263336        0.66647608131883        0.23599906437068
C            2.63342583748745        0.24041671783927        0.65726269693129
H           -3.11999742701675        1.64462229639987       -0.18361562150892
H           -3.56192465897524       -0.01178452638991       -0.62941508991787
H           -3.77410950647306        0.54255135650245        1.03997480853880
H           -1.72891582844835       -0.89836738511322        0.84461783500629
H           -1.29328794067027        0.74984533923980        1.30263047254858
H           -0.73919647470953        1.27835786939926       -1.07140135298957
H           -1.20002997767720       -0.37549699621032       -1.54923756449253
H            3.26901017351208        0.05066247341101       -0.22463258209445
H            2.55900757622696       -0.66845237439532        1.27199598620216
H            3.03414864971405        1.07697076146531        1.24518165024587
17
 energy: -346.937623629902 gnorm: 0.004188366332 xtb: 6.7.1 (edcfbbe)
C           -3.12363349478128        0.60845778038868        0.16113308813210
C           -1.70982078251437        0.14140667355905        0.49233417952853
C           -0.79470881470506        0.23348163898519       -0.74234585210182
C            0.58530736860723       -0.26342274581402       -0.43189508374988
O            1.01825881244758       -1.37073335880806       -0.70993434546436
O            1.30939255981111        0.65979820870712        0.23841631674480
C            2.63542881789541        0.24225043359199        0.65404385683659
H           -3.11911240568420        1.64659281279326       -0.18729870950945
H           -3.56525763609266       -0.01027658853071       -0.62709450615006
H           -3.77116172014817        0.54898275118286        1.04104204244053
H           -1.72986806930612       -0.89540115825506        0.84727208080496
H           -1.29154221561072        0.75321635113694        1.29873052073487
H           -0.73791959025859        1.27384376893337       -1.07738107189278
H           -1.19848607398714       -0.38065411718729       -1.55123541694408
H            3.27392748236196        0.09007817042697       -0.22358120409769
H            2.57672862421206       -0.67929037258593        1.24053371591866
H            3.01990650795524        1.06168387760660        1.26490200681359
17
 energy: -346.937654588767 gnorm: 0.002202527886 xtb: 6.7.1 (edcfbbe)
C           -3.12299583977176        0.60738810938275        0.16169572480704
C           -1.70867885288405        0.14168736713606        0.49074990563320
C           -0.79440244443818        0.23511805019283       -0.74451391493024
C            0.58459936728346       -0.26220003608888       -0.43159216410935
O            1.01686256615983       -1.36922166983964       -0.70952618277392
O            1.30777563733156        0.65789351318558        0.24222519502576
C            2.63475386460491        0.24121601204972        0.65475474985055
H           -3.12045075997781        1.64609828970658       -0.18553470208831
H           -3.56562355264811       -0.01079048449123       -0.62649714208708
H           -3.76937383483020        0.54630498242898        1.04250529556637
H           -1.72724003097759       -0.89515966696356        0.84600541900186
H           -1.29011508230827        0.75348911093501        1.29716666123776
H           -0.73841068786527        1.27586989986389       -1.07916598258875
H           -1.19749173531997       -0.37824143929117       -1.55440437689962
H            3.26933829292490        0.08410691377519       -0.22232116713276
H            2.57761622757047       -0.67569483833140        1.24667608402777
H            3.02127611838529        1.06214983445795        1.25941822981897
17
 energy: -346.937687126451 gnorm: 0.001368271922 xtb: 6.7.1 (edcfbbe)
C           -3.12254788270519        0.60440452522299        0.16331891211693
C           -1.70660472215738        0.14220077664958        0.48748159561447
C           -0.79336813639540        0.23979838655316       -0.74827658883106
C            0.58458987300301       -0.25810056077029       -0.43371949523174
O            1.01661893701776       -1.36424678768551       -0.71401297818684
O            1.30492606611641        0.65568226957774        0.24927834398958
C            2.63268832257756        0.23859945019846        0.65776035545008
H           -3.12454014052515        1.64449149521058       -0.18033105446326
H           -3.56598934462249       -0.01228372398102       -0.62569120890609
H           -3.76658958952763        0.53842978162345        1.04569845615567
H           -1.72116872456537       -0.89523110630027        0.84171948378273
H           -1.28774768891929        0.75351141065349        1.29428800507177
H           -0.73903277396870        1.28155999150338       -1.08081322939158
H           -1.19532973645653       -0.37163910060732       -1.56021464419588
H            3.25757524110389        0.05991559183646       -0.22000814313314
H            2.57510421526635       -0.66485562731544        1.26879945846917
H            3.02885484268522        1.06777664169162        1.24236461674813
17
 energy: -346.937700627848 gnorm: 0.001411227345 xtb: 6.7.1 (edcfbbe)
C           -3.12258212854888        0.59983859644710        0.16510289841920
C           -1.70438908188465        0.14235502459294        0.48425298271263
C           -0.79221972930290        0.24717207485523       -0.75187468788351
C            0.58514995634621       -0.25197607310714       -0.43734055872115
O            1.01804582400159       -1.35638539378090       -0.72444776126549
O            1.30238454426149        0.65502569347019        0.25636652998298
C            2.62998723385723        0.23511516402180        0.66218425751379
H           -3.13054017065853        1.64187151231335       -0.17274016457948
H           -3.56561270760598       -0.01460812311775       -0.62594837816976
H           -3.76392433725240        0.52608113194100        1.04893484493566
H           -1.71388597258119       -0.89639688664875        0.83513081633518
H           -1.28614632392090        0.75240077279250        1.29240284524483
H           -0.73872292814795        1.29051125986173       -1.07990016311967
H           -1.19297227384701       -0.36107437517422       -1.56684062025065
H            3.24212658347610        0.01798870041745       -0.21710354629036
H            2.56753609584243       -0.64721191660165        1.30507505584743
H            3.04320324625408        1.07930549579120        1.21438823567264
17
 energy: -346.937704679059 gnorm: 0.000397312392 xtb: 6.7.1 (edcfbbe)
C           -3.12347250699736        0.60014474551414        0.16473352097606
C           -1.70533649117095        0.14242670901071        0.48476016907856
C           -0.79211886415353        0.24700536812629       -0.75055650052984
C            0.58548751048321       -0.25282142391749       -0.43694752548484
O            1.01721226191161       -1.35850450957505       -0.72285370947616
O            1.30395148242213        0.65578229803568        0.25330533738383
C            2.63100321344655        0.23570783076981        0.66149741442736
H           -3.13083652735672        1.64190979084658       -0.17328778397196
H           -3.56569827321993       -0.01452102071571       -0.62651710732046
H           -3.76528156338266        0.52660592803165        1.04806349853337
H           -1.71538269054052       -0.89639911593896        0.83501526216880
H           -1.28757931898169        0.75232417547120        1.29313400852487
H           -0.73752712058785        1.29021409368526       -1.07811814020702
H           -1.19315458762044       -0.36118977256950       -1.56534035715488
H            3.24494806445790        0.02076884015419       -0.21651067611743
H            2.56837925402807       -0.64767037622140        1.30140639567241
H            3.04284396564343        1.07822922090919        1.21585893608783
17
 energy: -346.937704679059 gnorm: 0.000397312392 xtb: 6.7.1 (edcfbbe)
C           -3.12347250699736        0.60014474551414        0.16473352097606
C           -1.70533649117095        0.14242670901071        0.48476016907856
C           -0.79211886415353        0.24700536812629       -0.75055650052984
C            0.58548751048321       -0.25282142391749       -0.43694752548484
O            1.01721226191161       -1.35850450957505       -0.72285370947616
O            1.30395148242213        0.65578229803568        0.25330533738383
C            2.63100321344655        0.23570783076981        0.66149741442736
H           -3.13083652735672        1.64190979084658       -0.17328778397196
H           -3.56569827321993       -0.01452102071571       -0.62651710732046
H           -3.76528156338266        0.52660592803165        1.04806349853337
H           -1.71538269054052       -0.89639911593896        0.83501526216880
H           -1.28757931898169        0.75232417547120        1.29313400852487
H           -0.73752712058785        1.29021409368526       -1.07811814020702
H           -1.19315458762044       -0.36118977256950       -1.56534035715488
H            3.24494806445790        0.02076884015419       -0.21651067611743
H            2.56837925402807       -0.64767037622140        1.30140639567241
H            3.04284396564343        1.07822922090919        1.21585893608783
