CONF#         G (xTB)          ΔG (xTB)          E (DFT)          ΔGsolv        GmRRHO          Gtot             ΔGtot          Boltzmann weight   
                [Eh]          [kcal/mol]          [Eh]             [Eh]          [Eh]           [Eh]           [kcal/mol]        % at 298.15 K     
CONF1        -23.159368          ---           -276.289598       0.003858        ---         -276.285741          0.00               25.95         
CONF2        -23.159353          ---           -276.289417       0.003862        ---         -276.285555          0.12               21.33         
CONF3        -23.159324          ---           -276.289210       0.003864        ---         -276.285346          0.25               17.09         
CONF4        -23.159289          ---           -276.289008       0.003859        ---         -276.285149          0.37               13.87         
CONF5        -23.159243          ---           -276.288761       0.003860        ---         -276.284901          0.53               10.66         
CONF6        -23.159208          ---           -276.288606       0.003851        ---         -276.284755          0.62                9.14         
CONF7        -23.157421          ---           -276.286096       0.003909        ---         -276.282187          2.23                0.60         
CONF8        -23.157265          ---           -276.285689       0.003964        ---         -276.281725          2.52                0.37         
CONF9        -23.156283          ---           -276.285111       0.003847        ---         -276.281265          2.81                0.23         
CONF10       -23.156162          ---           -276.284810       0.003805        ---         -276.281006          2.97                0.17         
CONF11       -23.155002          ---           -276.284652       0.003628        ---         -276.281024          2.96                0.18         
CONF12       -23.154979          ---           -276.284534       0.003626        ---         -276.280908          3.03                0.16         
CONF13       -23.154948          ---           -276.284273       0.003617        ---         -276.280656          3.19                0.12         
CONF14       -23.154942          ---           -276.284410       0.003615        ---         -276.280794          3.10                0.14         

Boltzmann averaged free energy/enthalpy of ensemble on input geometries (not DFT optimized):
temperature /K:   avE(T) /a.u.   avG(T) /a.u.
    298.15        -276.2891477    -276.2852891     <<==part1==
----------------------------------------------------------------------------------------------------

