23
 energy: -23.155904409953 gnorm: 0.022303669346 xtb: 6.7.1 (edcfbbe)
C           -1.45431674774005        1.00203151301142        0.65859170152434
C           -1.16569513777170       -0.35842427735300        0.01968849215479
C           -2.35729228746661       -0.78507910722245       -0.84250639626739
C            0.10575358994307       -0.38583539826590       -0.84423964163766
C            1.47143357732802       -0.09699286289545       -0.18728955529850
C            1.77422845220191        1.39174332241632        0.01418600269438
C            1.66840695555951       -0.87503497331362        1.11467972237833
H           -2.44708285468567        1.00250312505879        1.12328479012164
H           -0.72924824596097        1.25787355846326        1.43499961228597
H           -1.43815025032639        1.79694481819312       -0.09752437966532
H           -1.05298502179155       -1.09723849612527        0.82498999742920
H           -2.51921211761371       -0.06418642859097       -1.65337024188817
H           -2.19198791297777       -1.76822434467178       -1.29642366427074
H           -3.27720837350914       -0.83466831328260       -0.24997564242271
H           -0.03355726272533        0.31174136179039       -1.68311820673227
H            0.16392441862523       -1.38902864108556       -1.28809608725044
H            2.21970351513670       -0.46707900987237       -0.90273930464302
H            1.18271399796395        1.82947081546983        0.82275855639006
H            2.83042087217120        1.53207329807329        0.27043109067897
H            1.57335850191435        1.96359236615429       -0.89846074218238
H            1.48337382117598       -1.94579350450647        0.97380801360543
H            2.69271484495134       -0.75648279092747        1.48447451736541
H            0.99139463325642       -0.51640543369256        1.89804643864794
23
 energy: -23.156660238632 gnorm: 0.006814576273 xtb: 6.7.1 (edcfbbe)
C           -1.45768343170132        1.00142326815577        0.65305047005882
C           -1.16138142057381       -0.35828141693517        0.02634745575182
C           -2.34974229771943       -0.77995679611959       -0.83944022533318
C            0.10478967975992       -0.37734647461926       -0.84278165053051
C            1.47107444324194       -0.09967485747634       -0.18797992716450
C            1.77018212231818        1.38546659552378        0.01512628021953
C            1.66329343208611       -0.87054916136245        1.11536185543080
H           -2.44693497663540        0.99411010647736        1.11128952974249
H           -0.73748855942552        1.24758587821053        1.42912948476930
H           -1.43782733005284        1.78829254957260       -0.10149302102932
H           -1.05020487764666       -1.09633551455931        0.82914789911565
H           -2.51027123269235       -0.06289950718636       -1.64550564234139
H           -2.18043170840069       -1.75944984450588       -1.28545201004472
H           -3.26123436369172       -0.83120845338879       -0.24502792710113
H           -0.02943378542855        0.32658949962069       -1.67143519073464
H            0.16299264266065       -1.37793777705319       -1.28463825199717
H            2.21826486012525       -0.47003499145273       -0.90305512729598
H            1.17929418009409        1.81674448553598        0.81926081687484
H            2.82225423914864        1.51835365595735        0.26838896681223
H            1.56930442192172        1.94725918633067       -0.89646384172020
H            1.47593440733078       -1.93342801826890        0.96545078232538
H            2.68530457875193       -0.75296905838411        1.47501161551325
H            0.99063594418785       -0.50825275724743        1.89190273169645
23
 energy: -23.156737020932 gnorm: 0.001336943782 xtb: 6.7.1 (edcfbbe)
C           -1.45853957032639        1.00295145076637        0.65336398141479
C           -1.15925894158822       -0.35605284145454        0.02744015161876
C           -2.34677307151835       -0.78283195705328       -0.83764445009467
C            0.10463124600537       -0.37402305143511       -0.84378444292988
C            1.47083482474824       -0.10023457461260       -0.18799018950685
C            1.77098674674632        1.38452973540021        0.01420424226662
C            1.65989853834050       -0.87135573490323        1.11547078179587
H           -2.44814806929631        0.99272470099061        1.10583014869394
H           -0.74241017366627        1.24849958301056        1.43101800760491
H           -1.43624802269889        1.78435193189471       -0.10240993294404
H           -1.04570288539027       -1.09301897710294        0.82879941799975
H           -2.50541892492200       -0.06603757197939       -1.64060904097731
H           -2.17442141739869       -1.76073917000540       -1.28129162867462
H           -3.25483653335596       -0.83408898337633       -0.24157308544906
H           -0.02950603275223        0.33716895785302       -1.66317041966934
H            0.16012818784483       -1.37103452925965       -1.29100438652236
H            2.21718993779634       -0.47284050341292       -0.90202857940913
H            1.17784306513150        1.81104203584564        0.81592091860065
H            2.82081360146688        1.51537405018651        0.26898275173073
H            1.57077419013585        1.94296931024990       -0.89699889845092
H            1.46789972799170       -1.93106862708844        0.96453416999275
H            2.68114583069290       -0.75566577605355        1.47151220177745
H            0.98980871367194       -0.50311886163494        1.88762335414981
23
 energy: -23.156759816475 gnorm: 0.001388976495 xtb: 6.7.1 (edcfbbe)
C           -1.45994577218550        1.00383559298553        0.65260646756533
C           -1.15694158513475       -0.35624409576039        0.02886246808497
C           -2.34557753491549       -0.78674867426457       -0.83461422166466
C            0.10457535255043       -0.36866025590845       -0.84611776944489
C            1.47193520069233       -0.10112175343777       -0.18965810191144
C            1.77353605526334        1.38384742606770        0.01370423071772
C            1.65692165752383       -0.87210764934284        1.11548850354804
H           -2.45136088131495        0.99236374185782        1.10063991393006
H           -0.74757499492840        1.25029864863816        1.43331830656685
H           -1.43491430415788        1.78399960157148       -0.10387507569065
H           -1.03929352818179       -1.09191978754844        0.83048235313273
H           -2.50557007130576       -0.07112948736168       -1.63790376705530
H           -2.16981400798391       -1.76455787907150       -1.27634011028605
H           -3.25231389975311       -0.83957395736439       -0.23700915505213
H           -0.03058355224511        0.34934080708369       -1.65876038572236
H            0.15777000372630       -1.36189531445236       -1.30085261302706
H            2.21789068599241       -0.47626566369059       -0.90272738471725
H            1.17725050726105        1.80916729552848        0.81347095559524
H            2.82239178345410        1.51353954236648        0.27169384831376
H            1.57617461367407        1.94151121236740       -0.89827220069890
H            1.45787359684790       -1.93031054640016        0.96530895187387
H            2.67897245168313       -0.76203421619375        1.47031717461014
H            0.98928919109653       -0.49783399084464        1.88643268434985
23
 energy: -23.156784859396 gnorm: 0.001232040334 xtb: 6.7.1 (edcfbbe)
C           -1.46258281431753        1.00520157408933        0.65139374470125
C           -1.15442280656451       -0.35533409219114        0.02921572488490
C           -2.34415979000102       -0.79513763498075       -0.82923677441340
C            0.10427641879633       -0.36038015795670       -0.84994851569987
C            1.47277851012247       -0.10148519078137       -0.19175342195160
C            1.77892983266572        1.38281833935539        0.01344126973824
C            1.65225356607788       -0.87331963505986        1.11441246065416
H           -2.45733856900880        0.99403240654933        1.09290585417222
H           -0.75534363317743        1.25321485427520        1.43701401657565
H           -1.43249731430338        1.78529129070150       -0.10561561633750
H           -1.02953492523712       -1.08850712321625        0.83187895665351
H           -2.50981008862668       -0.08277239329954       -1.63472102260271
H           -2.16465531041142       -1.77392454541288       -1.26802250604508
H           -3.24907345446945       -0.85038761629255       -0.22865429817889
H           -0.03233619394304        0.36876098806155       -1.65266174228303
H            0.15476266295343       -1.34742934378565       -1.31866773173964
H            2.21884228375743       -0.47977814806626       -0.90286860574967
H            1.17684369187015        1.80912272334275        0.80892721305677
H            2.82639485134467        1.51035380512594        0.27928145598302
H            1.58941328602653        1.94126541259372       -0.90020526668210
H            1.44076907417866       -1.92987450894541        0.96653788448465
H            2.67664536807892       -0.77450943886470        1.46703370734362
H            0.99053632184695       -0.48972096841647        1.88650828645333
23
 energy: -23.156797425948 gnorm: 0.000681724262 xtb: 6.7.1 (edcfbbe)
C           -1.46485899353445        1.00602828957735        0.64922598251630
C           -1.15341496121448       -0.35441046480498        0.02902232560131
C           -2.34310132786361       -0.80154816821365       -0.82484987992719
C            0.10362987991443       -0.35332558052528       -0.85222373731302
C            1.47268846630164       -0.10066596007883       -0.19278241150313
C            1.78301826386426        1.38215137595256        0.01432380351525
C            1.64888533853697       -0.87390910568116        1.11261499820052
H           -2.46103343611249        0.99498705721348        1.08736216773626
H           -0.76034385173103        1.25460921194472        1.43720224761579
H           -1.43254229772822        1.78667419392409       -0.10732219041792
H           -1.02314077270161       -1.08554994595665        0.83273699729910
H           -2.51464213190295       -0.09316514605640       -1.63282485043156
H           -2.16096299735087       -1.78127918408096       -1.26066138004157
H           -3.24627413256545       -0.85878556090703       -0.22169546051824
H           -0.03337697702954        0.38197450613432       -1.64934918736885
H            0.15293384646823       -1.33649103572193       -1.32902539756583
H            2.21827427632943       -0.48071163186228       -0.90339850499634
H            1.17663049605447        1.81155110113969        0.80504917628509
H            2.82903709317044        1.50568455067036        0.28804645973685
H            1.60299209201719        1.94155447782110       -0.90086387670472
H            1.42763151232623       -1.92871651271010        0.96594371504043
H            2.67522434114287       -0.78461846863220        1.46237764363339
H            0.99343724126729       -0.48453740232108        1.88728643262596
23
 energy: -23.156804833067 gnorm: 0.000345731878 xtb: 6.7.1 (edcfbbe)
C           -1.46753521884170        1.00726968821984        0.64788504085291
C           -1.15316974756976       -0.35270922645907        0.02870657860683
C           -2.34221603490624       -0.80635731648070       -0.82170832342772
C            0.10296557087801       -0.34912809162123       -0.85369107944410
C            1.47228524727246       -0.09934140603581       -0.19356734066113
C            1.78654613867373        1.38201948707756        0.01574227359926
C            1.64687189023482       -0.87457494562997        1.11046582290325
H           -2.46387939816723        0.99553894142794        1.08557291662736
H           -0.76343518643617        1.25735365481135        1.43572024478091
H           -1.43589098542579        1.78747870682337       -0.10916936577662
H           -1.01907948632423       -1.08213713742104        0.83334181005908
H           -2.51827793451717       -0.10139205307232       -1.63171529982576
H           -2.15776175107092       -1.78693570188122       -1.25487362363015
H           -3.24413065850170       -0.86506823923850       -0.21670857584874
H           -0.03425229996056        0.38944826479486       -1.64767118709733
H            0.15199788285210       -1.33030417006946       -1.33452048338343
H            2.21727992417507       -0.47973035968678       -0.90464864917835
H            1.17557555923223        1.81447820644198        0.80134011116032
H            2.83091563786888        1.50144700182933        0.29791869237183
H            1.61632470124901        1.94204306016667       -0.90100839414566
H            1.41807368934515       -1.92773131162058        0.96377664388307
H            2.67481334086244       -0.79274784077367        1.45730693850687
H            0.99667008673629       -0.48141861477740        1.88770032208517
23
 energy: -23.156810066162 gnorm: 0.000554233492 xtb: 6.7.1 (edcfbbe)
C           -1.47049029351587        1.00890095004450        0.64614230107911
C           -1.15322024454734       -0.35113755700280        0.02892596815202
C           -2.34159943872417       -0.81067445390580       -0.81879125824292
C            0.10239785139830       -0.34464732137277       -0.85429656318999
C            1.47244454692906       -0.09796133349099       -0.19426657078358
C            1.78966329354688        1.38221545867622        0.01720735318820
C            1.64600664168019       -0.87607999897967        1.10801175663229
H           -2.46586679622934        0.99467370492464        1.08591713786418
H           -0.76553547198259        1.26244469800597        1.43213663380285
H           -1.44310530831544        1.78830141289818       -0.11203043819971
H           -1.01589013913458       -1.07872103932408        0.83476150537269
H           -2.52138958709149       -0.10883078958011       -1.63071252821763
H           -2.15463279727280       -1.79192780818961       -1.24949961993495
H           -3.24268994744007       -0.87081893909322       -0.21261745862880
H           -0.03505023096003        0.39549339104493       -1.64682699565597
H            0.15118373160381       -1.32485716451194       -1.33701024870568
H            2.21663870715009       -0.47813768530668       -0.90637882570206
H            1.17304559113801        1.81789952416216        0.79666636379689
H            2.83181204706405        1.49724860661986        0.30953810140581
H            1.63093699160114        1.94273959401431       -0.90140378252449
H            1.40982128543458       -1.92755942367980        0.96090518067540
H            2.67541804682357       -0.80150924266524        1.45205681085712
H            1.00079248850277       -0.47955398646294        1.88776024997706
23
 energy: -23.156813302958 gnorm: 0.000408158694 xtb: 6.7.1 (edcfbbe)
C           -1.47418146130412        1.01068881074800        0.64470378137276
C           -1.15276853535786       -0.34935082283412        0.02964659418419
C           -2.34052532122161       -0.81385906227652       -0.81625372698251
C            0.10205818609448       -0.34160899629838       -0.85482316322929
C            1.47272954732741       -0.09708968977408       -0.19521863304000
C            1.79250730177542        1.38209142204923        0.01889636054792
C            1.64573144703934       -0.87754078049357        1.10575579877869
H           -2.46777360280086        0.99303827456336        1.08842284674775
H           -0.76730842451954        1.26931371578346        1.42726293070341
H           -1.45324151379752        1.78823855091830       -0.11554930168587
H           -1.01296660546494       -1.07498344442241        0.83673487484385
H           -2.52287379764526       -0.11452374273678       -1.62967742309483
H           -2.15110576072531       -1.79561304726455       -1.24462235730626
H           -3.24088201957591       -0.87513979509672       -0.20917080204846
H           -0.03566819383877        0.40034581922481       -1.64564822496274
H            0.15012681488998       -1.32096575958901       -1.33957778302693
H            2.21604452576283       -0.47694637145780       -0.90843348424726
H            1.16957387365382        1.82033754815537        0.79177263111125
H            2.83208049871764        1.49406269674332        0.32124985013319
H            1.64448343881008        1.94215946482433       -0.90164561497203
H            1.40347399505619       -1.92737640219998        0.95764580553317
H            2.67640775987969       -0.80921016286051        1.44703383495557
H            1.00476881490354       -0.47856762888065        1.88769027870229
23
 energy: -23.156814688184 gnorm: 0.000209294576 xtb: 6.7.1 (edcfbbe)
C           -1.47584736825871        1.01173442036227        0.64404585600992
C           -1.15273510564900       -0.34842574794990        0.03012110536549
C           -2.34015350433364       -0.81494147201839       -0.81549199346675
C            0.10205710579605       -0.34018553977161       -0.85441852981448
C            1.47321573237842       -0.09706672931951       -0.19534086460455
C            1.79325196078934        1.38201685946742        0.01933229620215
C            1.64639510224704       -0.87888261920102        1.10494500517920
H           -2.46776071832092        0.99127317786904        1.09142898428365
H           -0.76708254542457        1.27439966968885        1.42357490275410
H           -1.46051014661480        1.78770851943225       -0.11793609611612
H           -1.01223016272056       -1.07308690037104        0.83786273409634
H           -2.52259612394300       -0.11617164519134       -1.62927628967526
H           -2.14981344900021       -1.79679657519343       -1.24311741451461
H           -3.24049166440318       -0.87629707093792       -0.20845393379216
H           -0.03567797278918        0.40222028360398       -1.64475010848342
H            0.14954750416145       -1.31926013587014       -1.33971197672740
H            2.21612102398475       -0.47665263825544       -0.90910967908612
H            1.16727506701483        1.82083681095238        0.78920954598237
H            2.83141926795788        1.49305734886194        0.32627641503297
H            1.64970385055969        1.94172350499086       -0.90200353655415
H            1.40247478064235       -1.92821267960385        0.95630148752936
H            2.67742523025943       -0.81215495242211        1.44517237268602
H            1.00670310332526       -0.47933529229820        1.88753479073132
23
 energy: -23.156815259466 gnorm: 0.000132905036 xtb: 6.7.1 (edcfbbe)
C           -1.47663021663123        1.01202711889306        0.64365524427757
C           -1.15263387184780       -0.34835768092117        0.03055154044554
C           -2.34000250539003       -0.81458315651125       -0.81549969499879
C            0.10210183555842       -0.34021452819750       -0.85415827189853
C            1.47340853898788       -0.09735021111854       -0.19532596062873
C            1.79330463815793        1.38183070335330        0.01961865042699
C            1.64713710113481       -0.87936813947133        1.10488464405564
H           -2.46707887854155        0.99001265605769        1.09424063831617
H           -0.76611144949581        1.27724021080407        1.42067489524506
H           -1.46534366236392        1.78709448160775       -0.11935036967492
H           -1.01231131184042       -1.07275118414950        0.83859608543293
H           -2.52182592682652       -0.11583830420546       -1.62951432758845
H           -2.14968401683504       -1.79653031681306       -1.24285248157540
H           -3.24061965484580       -0.87556400095198       -0.20884177430122
H           -0.03551310754242        0.40237857097908       -1.64434993853119
H            0.14918313827612       -1.31923146107721       -1.33959494593552
H            2.21614531274089       -0.47684024180714       -0.90932437929762
H            1.16634352161524        1.82064235941591        0.78865606742084
H            2.83106916504586        1.49316899508871        0.32762406279003
H            1.65051779157127        1.94116161410600       -0.90201353031407
H            1.40397138380685       -1.92882647343867        0.95583641852602
H            2.67815991494212       -0.81204158758609        1.44510170219562
H            1.00710322798188       -0.48055882723157        1.88758079862990
23
 energy: -23.156815004444 gnorm: 0.000365037890 xtb: 6.7.1 (edcfbbe)
C           -1.47746476865650        1.01233685335265        0.64325385363566
C           -1.15254664832926       -0.34826436535884        0.03098360003482
C           -2.33985076412374       -0.81423635736176       -0.81551288164655
C            0.10214734712488       -0.34021774945002       -0.85387570539567
C            1.47361539404637       -0.09764495462737       -0.19530251927735
C            1.79338639158843        1.38163077161738        0.01991455838504
C            1.64790535258082       -0.87988213978600        1.10482165766671
H           -2.46634237106269        0.98866044573591        1.09727047540591
H           -0.76505560880825        1.28026543104067        1.41757972707253
H           -1.47051388650416        1.78642985196929       -0.12084611652221
H           -1.01240772714858       -1.07237351292763        0.83934493110507
H           -2.52101245472918       -0.11553838174939       -1.62978616059409
H           -2.14957098978797       -1.79629639942139       -1.24255285580023
H           -3.24076567269878       -0.87479298436849       -0.20926003597610
H           -0.03533708217426        0.40259009670102       -1.64390221387575
H            0.14880111986440       -1.31916145434627       -1.33948932333313
H            2.21617156484490       -0.47703955021014       -0.90954325659922
H            1.16542166286992        1.82044260529290        0.78808918489151
H            2.83073925044299        1.49325088767718        0.32901892617541
H            1.65139904153156        1.94058611249981       -0.90202297910650
H            1.40556494814347       -1.92948468986423        0.95534569891774
H            2.67891354317168       -0.81189669134350        1.44504348244784
H            1.00749332547267       -0.48186322824669        1.88762302540643
23
 energy: -23.156815455747 gnorm: 0.000101448436 xtb: 6.7.1 (edcfbbe)
C           -1.47669359427061        1.01198356626481        0.64369340549617
C           -1.15270957778053       -0.34834317685049        0.03051325698884
C           -2.34006575091555       -0.81436571982327       -0.81572472653133
C            0.10214948305291       -0.34029672326234       -0.85401703835728
C            1.47350098017996       -0.09758024946090       -0.19521252307719
C            1.79323669902809        1.38167955761756        0.01956716659995
C            1.64732369296988       -0.87941736811420        1.10510725101060
H           -2.46649060784645        0.98946938149224        1.09565497684601
H           -0.76526925413403        1.27802998925007        1.41956458338937
H           -1.46698451335276        1.78661906793951       -0.11971395068380
H           -1.01258742559360       -1.07276800848538        0.83853870609807
H           -2.52126888574111       -0.11556953545538       -1.62982690002931
H           -2.15010679626676       -1.79644522343144       -1.24293092867420
H           -3.24087859018278       -0.87478764609954       -0.20931743544186
H           -0.03538011905869        0.40251405631180       -1.64400062417572
H            0.14911633747466       -1.31919422224074       -1.33969850431834
H            2.21624413156429       -0.47713311631356       -0.90916908042920
H            1.16665861757599        1.82026699583447        0.78904836715950
H            2.83119125837414        1.49326503144167        0.32689302389295
H            1.64965215092935        1.94100181499478       -0.90198295136311
H            1.40531036975925       -1.92915460890824        0.95594110077239
H            2.67817733961772       -0.81102585428354        1.44571540912359
H            1.00656502227533       -0.48124741159283        1.88755248872177
23
 energy: -23.156815223036 gnorm: 0.000290380168 xtb: 6.7.1 (edcfbbe)
C           -1.47590720627995        1.01161890787463        0.64413958416080
C           -1.15287097058097       -0.34843191788126        0.03003841764917
C           -2.34028151688676       -0.81449096163551       -0.81594133143319
C            0.10214951736241       -0.34037895417768       -0.85416689822633
C            1.47337912007152       -0.09751379386868       -0.19512054150040
C            1.79308868994328        1.38172850311827        0.01921314440370
C            1.64672559144398       -0.87893910577156        1.10540126325993
H           -2.46663988391030        0.99028742910360        1.09401190116378
H           -0.76548315406677        1.27574446657283        1.42158431042203
H           -1.46339095791442        1.78681406545768       -0.11855810120338
H           -1.01276483091129       -1.07318220829424        0.83771946224817
H           -2.52152515811331       -0.11559864279265       -1.62987479404159
H           -2.15064949666529       -1.79659248932829       -1.24331183948930
H           -3.24099176160451       -0.87477236008452       -0.20937753108963
H           -0.03542601862382        0.40243697729295       -1.64410538526578
H            0.14943468811060       -1.31922819488975       -1.33991933669214
H            2.21631211944089       -0.47723332978771       -0.90878491030204
H            1.16794108769180        1.82008601130703        0.79004074093861
H            2.83166326466830        1.49328210118587        0.32470105605919
H            1.64785282098246        1.94142626975728       -0.90193622370732
H            1.40505342759979       -1.92881534296776        0.95655104348182
H            2.67741821182975       -0.81012685627741        1.44641381431970
H            1.00560338407134       -0.48061997708800        1.88747722786206
23
 energy: -23.156815564951 gnorm: 0.000045613251 xtb: 6.7.1 (edcfbbe)
C           -1.47654649080481        1.01182626597350        0.64375459350047
C           -1.15277435864555       -0.34845213716827        0.03039652177672
C           -2.34011985616244       -0.81441063564070       -0.81581397026897
C            0.10208880696582       -0.34021102118299       -0.85410255357278
C            1.47338109663760       -0.09752908794286       -0.19511996280345
C            1.79339997136893        1.38167071110519        0.01947689919272
C            1.64707966696204       -0.87927559417854        1.10522075098926
H           -2.46632751646601        0.98942193386253        1.09575270858254
H           -0.76501143253013        1.27760735414807        1.41961820836725
H           -1.46672299154291        1.78659221885762       -0.11953547470244
H           -1.01261167245284       -1.07301371645781        0.83830863844595
H           -2.52121972986861       -0.11583268039335       -1.63013058111500
H           -2.15038606558617       -1.79666198076179       -1.24274606192535
H           -3.24096474447444       -0.87449552408770       -0.20941010683894
H           -0.03541913339450        0.40273837523776       -1.64394603691462
H            0.14912980304440       -1.31899544793639       -1.33998403735943
H            2.21613384321302       -0.47723144072688       -0.90897758289013
H            1.16758500760420        1.82023696582924        0.78961312459635
H            2.83166268333876        1.49315603777030        0.32591118503653
H            1.64907352607995        1.94122891102481       -0.90184450240079
H            1.40557349070670       -1.92914864963048        0.95610105084005
H            2.67778083804046       -0.81039785697439        1.44621947310223
H            1.00590622562526       -0.48132240390180        1.88743278937969
23
 energy: -23.156815631993 gnorm: 0.000050217264 xtb: 6.7.1 (edcfbbe)
C           -1.47678140539370        1.01184698304856        0.64370529003816
C           -1.15277023993183       -0.34839946275905        0.03040505649665
C           -2.34009432996792       -0.81449307124190       -0.81577341877390
C            0.10208351099066       -0.34002847129044       -0.85411937299052
C            1.47344159631728       -0.09756043747901       -0.19517469138910
C            1.79363451874275        1.38159165360442        0.01956744016088
C            1.64703874825136       -0.87928064662570        1.10520751010999
H           -2.46617109615487        0.98903814523412        1.09656545551501
H           -0.76471996840247        1.27822011636324        1.41888426737412
H           -1.46801715348843        1.78644599689656       -0.11978065258164
H           -1.01254444418786       -1.07291214840630        0.83834828522581
H           -2.52103355824613       -0.11615762929186       -1.63034282717413
H           -2.15036889326829       -1.79689097707527       -1.24237370181793
H           -3.24103220190080       -0.87432273578741       -0.20947202591672
H           -0.03541508993279        0.40309179912699       -1.64381159503397
H            0.14905487617145       -1.31871839701893       -1.34019620261542
H            2.21613696907141       -0.47735108384186       -0.90905689756975
H            1.16795142553638        1.82023636392035        0.78978239433485
H            2.83194116835991        1.49295111521804        0.32586482380853
H            1.64926136647547        1.94116248156921       -0.90172124765654
H            1.40578251796552       -1.92919182984667        0.95594351920951
H            2.67767960218236       -0.81023086187877        1.44638567045173
H            1.00563304846927       -0.48154630561323        1.88735799381225
