23
 energy: -23.154967997836 gnorm: 0.022848634586 xtb: 6.7.1 (edcfbbe)
C            2.09337675271637        1.37874178459903       -0.06089193494119
C            1.27567993042825        0.25235918341342        0.57509966602533
C            0.35661339364392       -0.48556623557398       -0.42683011744513
H            0.67734849471018       -0.19592352633296       -1.43889341467776
C            0.53393835708377       -2.00326201282462       -0.31453278556829
C           -1.13321537593593       -0.08333954879096       -0.32180451817083
C           -1.80161476184603       -0.54933799363718        0.97496774614665
C           -1.33347982454585        1.42330903891811       -0.50200758836726
H            1.44927490387574        2.13053378763529       -0.52911572763448
H            2.71761009314380        1.88706235631440        0.68206707322860
H            2.75617612338211        0.98086783290911       -0.83859002224899
H            0.68327858549543        0.65525578946589        1.40615352484678
H            1.97026078942907       -0.46746340555390        1.02723737326194
H            1.55845874756079       -2.28843245607484       -0.57822812619162
H            0.34937559844956       -2.35000576725696        0.70844758282223
H           -0.14959029683862       -2.53922863349648       -0.98394851626323
H           -1.64548223928739       -0.58782909238521       -1.15397821832880
H           -1.78376562082145       -1.63892449191272        1.07842236872916
H           -2.85076170146701       -0.23335544959229        0.99434185278636
H           -1.31223158300033       -0.11790012797879        1.85651447226061
H           -2.40101846712698        1.66935042127944       -0.52601387215198
H           -0.88309146641825        1.77962128035684       -1.43526032657971
H           -0.88553084639035        1.98415613062542        0.32675051881686
23
 energy: -23.155815160038 gnorm: 0.007077265493 xtb: 6.7.1 (edcfbbe)
C            2.08913650535112        1.36934350130402       -0.06154114050648
C            1.27531814477351        0.24963407074013        0.57794636230486
C            0.35861986360054       -0.47674420987761       -0.42738163502569
H            0.67861920799428       -0.19016162466094       -1.43769740690572
C            0.53627097037485       -1.99126424117679       -0.31174471856675
C           -1.13273518686195       -0.08592437039628       -0.31912482103681
C           -1.79752481357037       -0.54318395916994        0.97814465491480
C           -1.33422648723888        1.41722372667191       -0.50052558698021
H            1.44328125203514        2.11759552518129       -0.51822748796615
H            2.70764189659229        1.86571780395708        0.68581114025838
H            2.74658042215769        0.97098533362660       -0.83493426613133
H            0.68507976216363        0.65817959294860        1.40140831034638
H            1.97052747496216       -0.47127114702588        1.01759926747294
H            1.55429613915346       -2.27216787858498       -0.58067355332306
H            0.35132462332094       -2.33458949939825        0.70545647402547
H           -0.14677763375064       -2.51474338841670       -0.98086723196244
H           -1.64697337432042       -0.59060549129813       -1.14781978321603
H           -1.77708602829888       -1.62699579715248        1.07150461520378
H           -2.84038976996622       -0.22656821880497        0.99148583585683
H           -1.30600101048768       -0.11365440081035        1.85075574365991
H           -2.39756870623194        1.65415160218832       -0.52937140514131
H           -0.88589630496936        1.75981862776180       -1.43268182430458
H           -0.88990736054244        1.97591330649961        0.32238546737848
23
 energy: -23.155891961266 gnorm: 0.001610540411 xtb: 6.7.1 (edcfbbe)
C            2.08969443110031        1.36834055525058       -0.05797484292613
C            1.27328037146797        0.24946640284169        0.57935310710755
C            0.35778537513658       -0.47569706453674       -0.42564138677825
H            0.67579834997445       -0.18699669916376       -1.43458212942628
C            0.53629055969158       -1.99061078526902       -0.31494912368162
C           -1.13280272793177       -0.08573028395211       -0.31695864543653
C           -1.79296393402283       -0.54158330490049        0.98274539151148
C           -1.33686700786382        1.41652379485270       -0.50532648325420
H            1.44374280435977        2.11593295062820       -0.50981334457470
H            2.70942088522777        1.85893832223717        0.68962797889934
H            2.74201801096991        0.96840465982360       -0.83141546621074
H            0.68450434232453        0.65907232590001        1.40029283592170
H            1.96631228732736       -0.47301327316769        1.01495872560029
H            1.55264820181598       -2.26751843705053       -0.58602541203223
H            0.35305981264527       -2.33072530900563        0.70081907222070
H           -0.14754977110574       -2.50938308515754       -0.98354950202474
H           -1.64668187882602       -0.59411502978325       -1.14267420199815
H           -1.77285615428683       -1.62336265200302        1.07474337668122
H           -2.83274977916291       -0.22254831849078        0.99506128900324
H           -1.29833037217807       -0.11099909518473        1.84961125263407
H           -2.39913123529748        1.64879011565614       -0.53679485623394
H           -0.88775316511842        1.75258891630482       -1.43714976050384
H           -0.89525982000678        1.97491415827645        0.31554913585704
23
 energy: -23.155762809615 gnorm: 0.010193039330 xtb: 6.7.1 (edcfbbe)
C            2.09053608588367        1.36683140394799       -0.05260964668669
C            1.27021808711274        0.24920878084123        0.58147297865855
C            0.35653263436421       -0.47411713011891       -0.42303551304778
H            0.67156338809932       -0.18222695820548       -1.42990968371517
C            0.53632234458273       -1.98962549526069       -0.31977342104644
C           -1.13290713808143       -0.08544581986038       -0.31370628877902
C           -1.78610930616095       -0.53916902111058        0.98966834843652
C           -1.34084221805302        1.41546554468449       -0.51255117434690
H            1.44444329496621        2.11344633317032       -0.49715646270666
H            2.71210419731735        1.84874091714306        0.69537346189253
H            2.73516498100519        0.96452940696042       -0.82613031059191
H            0.68363461037672        0.66040901704436        1.39862299432145
H            1.95997571744146       -0.47563770168983        1.01100651917141
H            1.55017603254828       -2.26052956986010       -0.59408191614199
H            0.35567191582730       -2.32492834775192        0.69384242003507
H           -0.14870969501290       -2.50132574532278       -0.98759158040544
H           -1.64625128421101       -0.59940504473483       -1.13493792877463
H           -1.76649991600701       -1.61789700542632        1.07962759445118
H           -2.82127197425147       -0.21649762971141        1.00045965289800
H           -1.28679012161899       -0.10699848422518        1.84789883921510
H           -2.40149042739419        1.64072477097666       -0.54796783488983
H           -0.89054784906475        1.74171474477199       -1.44387780592318
H           -0.90331377342862        1.97342189784397        0.30526376833110
23
 energy: -23.155894068284 gnorm: 0.004049213216 xtb: 6.7.1 (edcfbbe)
C            2.09081708151607        1.36719221315107       -0.05374429442322
C            1.27142560009135        0.24839725277333        0.58163087815581
C            0.35723310526353       -0.47374502947704       -0.42564987300592
H            0.67392848440089       -0.18181787052613       -1.43335007137628
C            0.53668416938688       -1.98958642542020       -0.31935693205064
C           -1.13338901614328       -0.08672631626112       -0.31553730369293
C           -1.78874293348076       -0.53873508493559        0.98843122455451
C           -1.34048197978145        1.41491621691846       -0.51141072597455
H            1.44536315074938        2.11655174263355       -0.50016831403676
H            2.71290116538804        1.85136236124372        0.69467113222051
H            2.73846192569783        0.96655678593775       -0.82878410618603
H            0.68312099017560        0.65904930288379        1.40049309665697
H            1.96209751869043       -0.47568014354898        1.01535752076518
H            1.55194803902353       -2.26309749391149       -0.59318885312306
H            0.35540346441405       -2.32900330492343        0.69539707251872
H           -0.14825084464862       -2.50440740550896       -0.98787637649696
H           -1.64766424962397       -0.59999234571120       -1.13750199755373
H           -1.76910270177355       -1.61926151868155        1.08061557446435
H           -2.82647595978026       -0.21732566839075        1.00258737480130
H           -1.28919583004164       -0.10690924167574        1.84989298692410
H           -2.40250181447427        1.64267100664230       -0.54641858588336
H           -0.89010520690956        1.74461058912373       -1.44358151234168
H           -0.90186457189938        1.97566924177055        0.30739909543895
23
 energy: -23.155923789990 gnorm: 0.000431927621 xtb: 6.7.1 (edcfbbe)
C            2.09195517828506        1.36705167726569       -0.05243037689619
C            1.27154767644516        0.24790704317483        0.58216872644954
C            0.35710708266950       -0.47351435587613       -0.42677445217173
H            0.67456913067488       -0.18010189635114       -1.43457097583011
C            0.53747537989504       -1.98965903263630       -0.32166105344392
C           -1.13414355999564       -0.08779025258907       -0.31591681493416
C           -1.78893983875398       -0.53707819794972        0.98984124002617
C           -1.34220185842448        1.41363816050560       -0.51350200649121
H            1.44752404925406        2.11976812238513       -0.49819716887104
H            2.71575390675749        1.85051214583155        0.69652699664085
H            2.74019033522442        0.96774162271360       -0.82967574963897
H            0.68188345547832        0.65879561764501        1.40165795846819
H            1.96202412599263       -0.47611521049846        1.01904058523594
H            1.55362350873156       -2.26415857583092       -0.59599558332794
H            0.35634288849190       -2.33305715021684        0.69341962781680
H           -0.14755158325482       -2.50599065124486       -0.99086683342687
H           -1.64948900052114       -0.60270829914310       -1.13666889144745
H           -1.76992947854931       -1.61870032598669        1.08487170620512
H           -2.82799806201994       -0.21564995506113        1.00730029366190
H           -1.28782237424726       -0.10472918064566        1.85213438872629
H           -2.40520154732777        1.64224596854252       -0.54947563872686
H           -0.89124342998819        1.74420661698735       -1.44644218675296
H           -0.90386639857666        1.97807497308477        0.30512321908390
23
 energy: -23.155934151565 gnorm: 0.000748237618 xtb: 6.7.1 (edcfbbe)
C            2.09331620334542        1.36591745696316       -0.04962716809612
C            1.27060851708662        0.24747972779756        0.58344085434737
C            0.35670647621999       -0.47249326545630       -0.42733141004878
H            0.67380199607031       -0.17646566435282       -1.43468021238476
C            0.53838183931759       -1.98878634801076       -0.32549097517470
C           -1.13495060233068       -0.08894692452033       -0.31506038080765
C           -1.78711862970694       -0.53450325439114        0.99340595267210
C           -1.34501132427707        1.41155594394168       -0.51761412853614
H            1.45051262765663        2.12218274328491       -0.49258885629523
H            2.71963679845749        1.84569784298323        0.69991287864290
H            2.73976309335847        0.96717228766567       -0.82907094929198
H            0.68012858837863        0.65948240274291        1.40217376141975
H            1.95940724331169       -0.47745172432263        1.02207567579857
H            1.55476667424344       -2.26214005713401       -0.60104750976139
H            0.35791697704151       -2.33551358924285        0.68898418097176
H           -0.14656866372411       -2.50450346830636       -0.99567998562733
H           -1.65110808826189       -0.60741829696906       -1.13316312813465
H           -1.76870911402381       -1.61622517613779        1.09108170915595
H           -2.82617625306631       -0.21225624985013        1.01338804112428
H           -1.28353713729057       -0.10087855466738        1.85404617870463
H           -2.40848426326700        1.63876009900691       -0.55576628366995
H           -0.89329913463307        1.74009550220102       -1.45121751747086
H           -0.90837423766548        1.97992743088056        0.29973628281756
23
 energy: -23.155945687941 gnorm: 0.000415983389 xtb: 6.7.1 (edcfbbe)
C            2.09590021982924        1.36365504309659       -0.04600773858316
C            1.26888608784079        0.24760941163768        0.58525358942089
C            0.35578501652940       -0.47107007663136       -0.42704024786179
H            0.67177761619120       -0.17116849475669       -1.43350726127816
C            0.53998464288032       -1.98731667774873       -0.33084020605810
C           -1.13623731472924       -0.09015317489445       -0.31334612867663
C           -1.78446582804850       -0.53134990557221        0.99834287668840
C           -1.34931656925490        1.40885221015290       -0.52300673776285
H            1.45565591096512        2.12433760909191       -0.48490388436306
H            2.72616796652867        1.83780357154244        0.70370205846080
H            2.73857614756242        0.96434519975577       -0.82810944250392
H            0.67749736962277        0.66233128435546        1.40182048232111
H            1.95445969620352       -0.47873304407725        1.02637145459285
H            1.55667381235103       -2.25812524007256       -0.60737284899319
H            0.35985331988560       -2.33774978510713        0.68230694072158
H           -0.14425253993456       -2.50154468062986       -1.00277271272069
H           -1.65299718668330       -0.61361947389925       -1.12781401643706
H           -1.76656701534747       -1.61277335576354        1.09896003930091
H           -2.82301494173480       -0.20803744254213        1.02050541068211
H           -1.27809504187505       -0.09588868836538        1.85619917292438
H           -2.41306233065509        1.63366714225282       -0.56451605607701
H           -0.89612776313927        1.73403060789167       -1.45695972675735
H           -0.91547168874699        1.98158682438936        0.29264199331522
23
 energy: -23.155952095621 gnorm: 0.000186515003 xtb: 6.7.1 (edcfbbe)
C            2.09860389385479        1.36088968370206       -0.04266643417675
C            1.26687030959051        0.24775936451270        0.58725572930330
C            0.35496600627718       -0.46938122060237       -0.42725149327158
H            0.66961200728973       -0.16563279515893       -1.43293376210083
C            0.54174407405722       -1.98551686954739       -0.33626117554021
C           -1.13761708675010       -0.09149156969650       -0.31160176731701
C           -1.78206247872488       -0.52820890211935        1.00341803414831
C           -1.35343209937113        1.40612436889872       -0.52796284406866
H            1.46128595325881        2.12579344484104       -0.47820602756628
H            2.73245694593239        1.82975504460697        0.70717501366516
H            2.73775709632162        0.96039686538985       -0.82680430027698
H            0.67436570783447        0.66566608700138        1.40116715173216
H            1.94866747189552       -0.48008118806765        1.03148663408466
H            1.55922944486372       -2.25319145946239       -0.61236461704356
H            0.36062692390677       -2.34005809459962        0.67512587828529
H           -0.14046311995131       -2.49825411527104       -1.01122278284862
H           -1.65493528842203       -0.61957342201252       -1.12266417852493
H           -1.76310902222141       -1.60913401994819        1.10788038814732
H           -2.82054705421513       -0.20528042615366        1.02715348644969
H           -1.27373559496868       -0.08942197674197        1.85820320141272
H           -2.41742020042540        1.62858912021937       -0.57180952015398
H           -0.89971236213097        1.72786682726313       -1.46272997182762
H           -0.92154194166077        1.98307411705241        0.28552036784371
23
 energy: -23.155954937236 gnorm: 0.000240769593 xtb: 6.7.1 (edcfbbe)
C            2.10095175859393        1.35877574959815       -0.04050408047691
C            1.26553470522542        0.24796493654830        0.58850531626656
C            0.35409558182554       -0.46850451052667       -0.42692667849232
H            0.66792186850667       -0.16197077419993       -1.43196939387547
C            0.54322411917822       -1.98455278971479       -0.34030129856272
C           -1.13881831199210       -0.09225513011854       -0.31047099943687
C           -1.78061029689419       -0.52595636839329        1.00676032910989
C           -1.35660250478758        1.40446128290450       -0.53102492242061
H            1.46580318855475        2.12619571874761       -0.47487924587524
H            2.73667009663205        1.82479901723550        0.70954516382003
H            2.73839852515099        0.95703819530955       -0.82539898882821
H            0.67208075429373        0.66839324175898        1.40040939798586
H            1.94460146428411       -0.48081448985815        1.03539144316485
H            1.56184197607945       -2.24990264643174       -0.61470623900444
H            0.36006430617918       -2.34243854440693        0.66954997793618
H           -0.13658471446524       -2.49636966612066       -1.01846986563266
H           -1.65667681319182       -0.62340988060134       -1.11916327224687
H           -1.75919789868668       -1.60652533396780        1.11492148369692
H           -2.81972995244820       -0.20505905375709        1.03064532138367
H           -1.27228797758796       -0.08320472480187        1.85954149004597
H           -2.42082833962688        1.62582060040267       -0.57500369954423
H           -0.90356517882163        1.72389669021625       -1.46695544975116
H           -0.92467676976082        1.98430734428332        0.28041122109313
23
 energy: -23.155957604653 gnorm: 0.000169877354 xtb: 6.7.1 (edcfbbe)
C            2.10306996102703        1.35640357523293       -0.03877256857291
C            1.26410088337618        0.24809424107161        0.58983578993334
C            0.35353990542525       -0.46728923293214       -0.42718770381587
H            0.66653099147481       -0.15818088735252       -1.43171243018415
C            0.54443602923636       -1.98325813980780       -0.34408549265578
C           -1.13972353792991       -0.09302808159844       -0.30914934843257
C           -1.77952886927914       -0.52392863303682        1.00993803140058
C           -1.35912826349468        1.40288446820232       -0.53351577649232
H            1.47022552618559        2.12552722600456       -0.47343471699003
H            2.73954809527703        1.82056766868929        0.71168867538601
H            2.73984908433052        0.95301036880367       -0.82326865315838
H            0.66990958000373        0.67110454605966        1.39978721789703
H            1.94038783125160       -0.48166929763603        1.03921823890321
H            1.56438920156932       -2.24611080118648       -0.61578413084716
H            0.35837268302929       -2.34461484163671        0.66397635756232
H           -0.13217171942507       -2.49403643859413       -1.02620356657980
H           -1.65799784869796       -0.62680527929286       -1.11577770393766
H           -1.75379872345898       -1.60393025839512        1.12251953203140
H           -2.81985182220857       -0.20696568438157        1.03284440985225
H           -1.27279448834086       -0.07570126965673        1.86073953200330
H           -2.42357614974784        1.62325625214292       -0.57582512689900
H           -0.90829328973716        1.72009098578397       -1.47125644409291
H           -0.92588547362559        1.98526837762248        0.27533288804443
23
 energy: -23.155960934044 gnorm: 0.000175721488 xtb: 6.7.1 (edcfbbe)
C            2.10590439826048        1.35347611731007       -0.03716436008308
C            1.26271261321836        0.24824106176224        0.59123648035023
C            0.35267583087399       -0.46602996850661       -0.42709326284327
H            0.66476580563752       -0.15414422165565       -1.43102698918287
C            0.54590804500289       -1.98188324813504       -0.34826879152118
C           -1.14097099324268       -0.09370890178832       -0.30799539212617
C           -1.77865624751684       -0.52175698932671        1.01302557340970
C           -1.36205301334511        1.40148688591406       -0.53547676414296
H            1.47571862068334        2.12334461486448       -0.47445419604940
H            2.74178877766723        1.81735370668298        0.71394815989146
H            2.74343168415243        0.94734132745428       -0.81964275850941
H            0.66766826903471        0.67434958485634        1.39888987809714
H            1.93580112984873       -0.48254053547052        1.04373064578789
H            1.56768436819827       -2.24195204165450       -0.61588879780584
H            0.35554311126611       -2.34727656758477        0.65753725180486
H           -0.12642637654719       -2.49139537943006       -1.03556106687776
H           -1.65970338656345       -0.63004054713796       -1.11262833417710
H           -1.74547030082317       -1.60093774142249        1.13167960010017
H           -2.82125928927136       -0.21200638547904        1.03324076516986
H           -1.27596059980631       -0.06520368021651        1.86187921636524
H           -2.42676699476574        1.62139936323112       -0.57362221079787
H           -0.91546214051533        1.71617271059178       -1.47611462524477
H           -0.92526372520590        1.98639969924686        0.26967698874047
23
 energy: -23.155963830361 gnorm: 0.000223195245 xtb: 6.7.1 (edcfbbe)
C            2.10905446843737        1.35026324574555       -0.03609008136425
C            1.26124846361286        0.24869420430971        0.59260630690746
C            0.35200145930640       -0.46471383924318       -0.42703892236427
H            0.66339994666405       -0.15015361221670       -1.43038123624972
C            0.54721368862876       -1.98051289951670       -0.35217440730080
C           -1.14193065759186       -0.09398772432927       -0.30657397147214
C           -1.77842580401962       -0.52024467242964        1.01554245801334
C           -1.36470165309087        1.40058913448287       -0.53671187750059
H            1.48170809996839        2.11960914214001       -0.47856520544621
H            2.74272072720778        1.81572152497555        0.71597111236689
H            2.74902830532325        0.94039405253926       -0.81469632555110
H            0.66536265639887        0.67814808963890        1.39789415160456
H            1.93103826973927       -0.48311526385796        1.04831546230292
H            1.57067889126828       -2.23801769080349       -0.61583973959538
H            0.35286381137682       -2.34967274995601        0.65149643230010
H           -0.12106409954056       -2.48887668895147       -1.04424794665462
H           -1.66090298955195       -0.63229257443518       -1.10969598533405
H           -1.73572047272242       -1.59838526111057        1.14080807023511
H           -2.82391072744505       -0.21982818218404        1.03193335615084
H           -1.28161804867211       -0.05394501547172        1.86261454451072
H           -2.42968383744126        1.62043211398404       -0.56880896825209
H           -0.92378078888337        1.71311277819313       -1.48078856244329
H           -0.92297012273204        1.98747075260295        0.26433834549191
23
 energy: -23.155964364412 gnorm: 0.000534833795 xtb: 6.7.1 (edcfbbe)
C            2.11220453861426        1.34705037418103       -0.03501580264542
C            1.25978431400736        0.24914734685717        0.59397613346470
C            0.35132708773881       -0.46339770997975       -0.42698458188527
H            0.66203408769059       -0.14616300277775       -1.42973548331657
C            0.54851933225464       -1.97914255089836       -0.35608002308041
C           -1.14289032194105       -0.09426654687022       -0.30515255081811
C           -1.77819536052240       -0.51873235553257        1.01805934261699
C           -1.36735029283663        1.39969138305168       -0.53794699085823
H            1.48769757925345        2.11587366941554       -0.48267621484302
H            2.74365267674832        1.81408934326811        0.71799406484232
H            2.75462492649408        0.93344677762424       -0.80974989259279
H            0.66305704376303        0.68194659442147        1.39689842511197
H            1.92627540962982       -0.48368999224540        1.05290027881795
H            1.57367341433829       -2.23408333995248       -0.61579068138493
H            0.35018451148752       -2.35206893232725        0.64545561279533
H           -0.11570182253392       -2.48635799847288       -1.05293482643148
H           -1.66210259254045       -0.63454460173240       -1.10676363649100
H           -1.72597064462167       -1.59583278079865        1.14993654037006
H           -2.82656216561873       -0.22764997888904        1.03062594713181
H           -1.28727549753790       -0.04268635072693        1.86334987265620
H           -2.43260068011679        1.61946486473697       -0.56399572570632
H           -0.93209943725142        1.71005284579448       -1.48546249964181
H           -0.92067652025818        1.98854180595903        0.25899970224335
23
 energy: -23.155965406983 gnorm: 0.000197469734 xtb: 6.7.1 (edcfbbe)
C            2.11251388462427        1.34677653041886       -0.03513728029488
C            1.25986396329350        0.24918027152749        0.59402789127923
C            0.35114766547869       -0.46310403683252       -0.42695946101099
H            0.66184748492663       -0.14607207470012       -1.42973092915802
C            0.54841592316950       -1.97879787018977       -0.35567578993211
C           -1.14322419891796       -0.09441520120757       -0.30585028133147
C           -1.77814568049469       -0.51894912453156        1.01762862341119
C           -1.36732392872063        1.39975627464425       -0.53741472512058
H            1.48838174353765        2.11490390010660       -0.48436357525431
H            2.74303793572670        1.81486716068434        0.71794894792342
H            2.75580236284065        0.93245654513773       -0.80862983270811
H            0.66307104993261        0.68251167585914        1.39651429992715
H            1.92601673817184       -0.48354934184183        1.05355679244764
H            1.57307780199970       -2.23390621746695       -0.61683120521678
H            0.35152413683074       -2.35135844168838        0.64619212656401
H           -0.11683088533334       -2.48600668407962       -1.05136992316276
H           -1.66232919667057       -0.63442513255625       -1.10780188515280
H           -1.72559960671407       -1.59575292776634        1.14914814494026
H           -2.82643417215081       -0.22854569527707        1.03007982015986
H           -1.28789038258344       -0.04315667040988        1.86313675702759
H           -2.43245193921689        1.61958499505329       -0.56315224923051
H           -0.93240269740532        1.71025093888427       -1.48486828301778
H           -0.92045841608374        1.98843999033792        0.25945902726610
23
 energy: -23.155966204474 gnorm: 0.000218712948 xtb: 6.7.1 (edcfbbe)
C            2.11305700914684        1.34630609809700       -0.03527289789351
C            1.25953809692413        0.24957924408214        0.59411745360819
C            0.35105940197724       -0.46293188623715       -0.42691993263600
H            0.66180640839691       -0.14595928499526       -1.42967627634073
C            0.54849544999802       -1.97858432793790       -0.35548284613110
C           -1.14330030052578       -0.09421837519363       -0.30597930937433
C           -1.77827592705828       -0.51942697827930        1.01724528099264
C           -1.36751638035364        1.39999049168620       -0.53706468573354
H            1.48951483195104        2.11382334997043       -0.48628588441913
H            2.74254877162315        1.81544600604180        0.71801838057381
H            2.75737001561569        0.93101934655104       -0.80733540339238
H            0.66247431744084        0.68372421332339        1.39594291633672
H            1.92501539945407       -0.48318531217471        1.05453021183220
H            1.57249243216252       -2.23391031458099       -0.61897446096703
H            0.35392915271365       -2.35062294020945        0.64702339179591
H           -0.11848114473791       -2.48601999570004       -1.04932544241750
H           -1.66222036450575       -0.63395279067723       -1.10822253653551
H           -1.72538106770900       -1.59614978996172        1.14828775587229
H           -2.82652082300388       -0.22932701382433        1.02969567625624
H           -1.28815528246898       -0.04383507187099        1.86279043102872
H           -2.43259694673988        1.61980112748159       -0.56275492634674
H           -0.93258802562543        1.71071373607481       -1.48438031857713
H           -0.92065543843452        1.98840933244032        0.25993043282324
23
 energy: -23.155967281889 gnorm: 0.000180647916 xtb: 6.7.1 (edcfbbe)
C            2.11449415814472        1.34524772085532       -0.03550194751840
C            1.25870404441544        0.25068020327526        0.59434210421012
C            0.35084585448765       -0.46240416834041       -0.42684177895662
H            0.66171669539199       -0.14529661165036       -1.42949964497261
C            0.54853885970658       -1.97801229802447       -0.35526417363727
C           -1.14357392192347       -0.09396787699206       -0.30616270466703
C           -1.77857587241948       -0.52059509938711        1.01658067451753
C           -1.36785282237933        1.40033926530297       -0.53649882594129
H            1.49237671137148        2.11164878360351       -0.49041108100344
H            2.74192894934042        1.81632689160120        0.71832902974663
H            2.76087098164052        0.92757463967116       -0.80452760921797
H            0.66090380707376        0.68699356147134        1.39442248064968
H            1.92246439211474       -0.48217951280420        1.05703798712841
H            1.57110203174204       -2.23352083766153       -0.62412102702421
H            0.35949237435228       -2.34907269727680        0.64870936033873
H           -0.12225868668238       -2.48623316761273       -1.04495002881321
H           -1.66215618283245       -0.63319191363605       -1.10896746221853
H           -1.72508342803015       -1.59746282158829        1.14662288765482
H           -2.82691455816095       -0.23081743790922        1.02910413727052
H           -1.28850738037813       -0.04539371114712        1.86240580092274
H           -2.43294278436314        1.61997373730783       -0.56232157181000
H           -0.93268116738765        1.71169969964025       -1.48351438826151
H           -0.92128246898348        1.98835251540751        0.26093479195831
23
 energy: -23.155967571730 gnorm: 0.000107390757 xtb: 6.7.1 (edcfbbe)
C            2.11541998897750        1.34446727078690       -0.03567387289283
C            1.25820418369138        0.25113712315021        0.59452689328578
C            0.35075046059663       -0.46209019965761       -0.42694340044342
H            0.66161427336257       -0.14480888904136       -1.42956086275212
C            0.54896042887725       -1.97764918483279       -0.35531045008209
C           -1.14369516730562       -0.09379119944020       -0.30613635038996
C           -1.77877559353910       -0.52091845749294        1.01637932075310
C           -1.36845607908805        1.40049482129325       -0.53626658023230
H            1.49427574540715        2.11067135630797       -0.49232102432819
H            2.74211593548804        1.81616330561702        0.71837556996707
H            2.76263030431052        0.92560062398652       -0.80338502927866
H            0.66001594051621        0.68870223445819        1.39366164728635
H            1.92097497396334       -0.48179534675852        1.05853901488457
H            1.57107318790887       -2.23318191172366       -0.62586757306677
H            0.36160479671121       -2.34853152711087        0.64906173990950
H           -0.12300030519077       -2.48612012354261       -1.04368492601882
H           -1.66216960000852       -0.63293382752976       -1.10905240292230
H           -1.72502890909574       -1.59787014051257        1.14609328200654
H           -2.82728560051025       -0.23146804191856        1.02912489421676
H           -1.28884534572200       -0.04598762874320        1.86249871022599
H           -2.43361150410467        1.62005219838278       -0.56218497192213
H           -0.93320312511547        1.71203983463671       -1.48322651360632
H           -0.92195940388943        1.98850657379112        0.26125989575561
23
 energy: -23.155967808724 gnorm: 0.000081580890 xtb: 6.7.1 (edcfbbe)
C            2.11612945847693        1.34402762786280       -0.03577840756758
C            1.25796693628860        0.25152716433353        0.59463469066519
C            0.35062233996533       -0.46179834211388       -0.42689351371273
H            0.66142068863986       -0.14438556979463       -1.42949757841484
C            0.54908383120933       -1.97735115148449       -0.35542860004384
C           -1.14390867714072       -0.09385199459702       -0.30608283467485
C           -1.77890955587318       -0.52116815904473        1.01638560533554
C           -1.36878563520699        1.40043176837954       -0.53621292888242
H            1.49557032526447        2.11030447610721       -0.49315111156979
H            2.74273667664535        1.81580711506389        0.71830585626730
H            2.76346116589496        0.92433049711351       -0.80297504051603
H            0.65959359394800        0.68995198544242        1.39317688734506
H            1.92009708191179       -0.48146206748623        1.05948718634594
H            1.57125741089373       -2.23257742833066       -0.62608484736875
H            0.36191965079666       -2.34837527057929        0.64894716933105
H           -0.12277228952507       -2.48599414870568       -1.04380876221889
H           -1.66233530056559       -0.63301951972633       -1.10901611583211
H           -1.72521515628204       -1.59818844556135        1.14596186693863
H           -2.82744760092806       -0.23166654732455        1.02928655363728
H           -1.28890021249596       -0.04638694870461        1.86261548155763
H           -2.43399407820228        1.61983429098265       -0.56215538816460
H           -0.93355569382368        1.71214675213712       -1.48316310401060
H           -0.92242537365039        1.98855278013680        0.26135394590876
23
 energy: -23.155968232246 gnorm: 0.000142666806 xtb: 6.7.1 (edcfbbe)
C            2.11709810654177        1.34332253106689       -0.03606557018670
C            1.25758455321788        0.25211102108069        0.59478127605497
C            0.35043333723313       -0.46137933359696       -0.42681541686427
H            0.66112466059900       -0.14371613225935       -1.42938138444044
C            0.54938120734151       -1.97689545407275       -0.35555731434843
C           -1.14421729794932       -0.09395677078949       -0.30599371736957
C           -1.77907560633780       -0.52147070892329        1.01646931418566
C           -1.36937126671193        1.40030927080571       -0.53606177747722
H            1.49744064733175        2.10997707898182       -0.49408139350722
H            2.74401614191441        1.81486631119103        0.71791706499957
H            2.76418447257719        0.92242779431287       -0.80283678105375
H            0.65899366266785        0.69189517130895        1.39242444734964
H            1.91873466787937       -0.48097343621536        1.06088442598126
H            1.57200443740734       -2.23153923716913       -0.62511103428379
H            0.36125116217836       -2.34831165223746        0.64850840427923
H           -0.12144250871291       -2.48565598590630       -1.04488522669090
H           -1.66250965517133       -0.63319501949271       -1.10897269983116
H           -1.72590205696701       -1.59862880596907        1.14558833994229
H           -2.82751621034742       -0.23144473781842        1.02974556641449
H           -1.28860513697385       -0.04728554818922        1.86285006570434
H           -2.43465278698200        1.61944788878377       -0.56214061646188
H           -0.93407579449732        1.71221770280104       -1.48294809425513
H           -0.92326914999760        1.98856691641271        0.26158913221434
23
 energy: -23.155968918777 gnorm: 0.000167674703 xtb: 6.7.1 (edcfbbe)
C            2.11890780735509        1.34193208044207       -0.03665726453442
C            1.25682497886363        0.25326751148729        0.59510560771504
C            0.35009871479933       -0.46061141336108       -0.42664249151561
H            0.66056268593617       -0.14259646141389       -1.42916625087775
C            0.54998328484270       -1.97600262675650       -0.35577973328419
C           -1.14476529188328       -0.09409595051173       -0.30581816690879
C           -1.77940244258588       -0.52213563939226        1.01658436070343
C           -1.37042679181619        1.40013560432874       -0.53573090918274
H            1.50090240235115        2.10916902483976       -0.49597283791194
H            2.74634249698084        1.81326166983419        0.71701886001273
H            2.76556082661095        0.91878663037735       -0.80257482170450
H            0.65774889490426        0.69566952162816        1.39095139450313
H            1.91608473370319       -0.47991827783383        1.06372948640847
H            1.57343165233749       -2.22968695222723       -0.62313206990549
H            0.35984701268897       -2.34811676668792        0.64765165515994
H           -0.11885853845204       -2.48489672239012       -1.04693267357175
H           -1.66282015118321       -0.63343505664850       -1.10888652403308
H           -1.72740390658666       -1.59948871252421        1.14468091203278
H           -2.82751871508780       -0.23096157461109        1.03073401649691
H           -1.28791110376072       -0.04934652023658        1.86315625396746
H           -2.43578829712260        1.61883145670154       -0.56204973773381
H           -0.93501257574633        1.71240140100489       -1.48244951507986
H           -0.92477809090803        1.98852663805692        0.26208745959940
23
 energy: -23.155969070744 gnorm: 0.000074954225 xtb: 6.7.1 (edcfbbe)
C            2.11922594447243        1.34155696371550       -0.03669226786925
C            1.25664909631038        0.25344308604094        0.59516903435974
C            0.35003788529942       -0.46051281521295       -0.42659449824946
H            0.66050886258371       -0.14239615622431       -1.42906164199241
C            0.55016616374845       -1.97581888730220       -0.35577299218322
C           -1.14481762628227       -0.09396884180342       -0.30584873185118
C           -1.77930642757538       -0.52216578662155        1.01659608901124
C           -1.37088269105178        1.40018737022366       -0.53565188332193
H            1.50165714522863        2.10881849572055       -0.49645758102628
H            2.74663975309644        1.81295158722779        0.71694392964767
H            2.76592386917746        0.91793198831941       -0.80221170661215
H            0.65752103027543        0.69626660397057        1.39067473281579
H            1.91547705209740       -0.47984618698154        1.06416032909210
H            1.57362235291715       -2.22947960373994       -0.62299606318005
H            0.35985102674819       -2.34798360573546        0.64755381854470
H           -0.11858959535161       -2.48457050737823       -1.04703848075648
H           -1.66272745287039       -0.63339080305760       -1.10894201308611
H           -1.72720892863721       -1.59943903988718        1.14446982256422
H           -2.82734971152332       -0.23109824799207        1.03075920010074
H           -1.28779927653918       -0.04947973285600        1.86307148661712
H           -2.43622528356883        1.61874159182441       -0.56194824713795
H           -0.93552988549960        1.71236698277043       -1.48235195954544
H           -0.92523371681449        1.98857440908516        0.26207663441393
23
 energy: -23.155969225389 gnorm: 0.000122550735 xtb: 6.7.1 (edcfbbe)
C            2.11970691189330        1.34113022180743       -0.03678652738986
C            1.25642710738819        0.25376937521309        0.59530652719430
C            0.34997755965498       -0.46025262902640       -0.42656703111233
H            0.66043389998533       -0.14202262040423       -1.42899920749272
C            0.55022377262631       -1.97552316091433       -0.35584818178626
C           -1.14494309971617       -0.09398895165774       -0.30582736882334
C           -1.77932448991737       -0.52236604385616        1.01663633765271
C           -1.37115797971578        1.40014466834108       -0.53558214352717
H            1.50263148322902        2.10837603961277       -0.49721978663685
H            2.74701672926387        1.81270435680742        0.71682006123859
H            2.76652244122938        0.91680442232905       -0.80178903756334
H            0.65715140078956        0.69728962370285        1.39028408203931
H            1.91467934867232       -0.47958518184335        1.06497692985182
H            1.57375755720887       -2.22902241337324       -0.62286122199812
H            0.35974532902219       -2.34781364805008        0.64738403693217
H           -0.11831340789795       -2.48426401033764       -1.04731206284616
H           -1.66275135086218       -0.63344578204244       -1.10895993387348
H           -1.72717475410992       -1.59962370931455        1.14429453520223
H           -2.82732423212229       -0.23129327402453        1.03091377057129
H           -1.28767301724928       -0.04978863137713        1.86302841434930
H           -2.43651794525251        1.61850604426052       -0.56178175060370
H           -0.93594372335094        1.71238230472605       -1.48230508552589
H           -0.92553995452790        1.98857186352754        0.26210165450285
23
 energy: -23.155969488428 gnorm: 0.000119423863 xtb: 6.7.1 (edcfbbe)
C            2.12046159020010        1.34046224683151       -0.03700653087141
C            1.25599147463024        0.25430723437167        0.59551696071232
C            0.34984099583492       -0.45993119947663       -0.42650186963542
H            0.66022735611476       -0.14145814565759       -1.42887629167894
C            0.55044984731154       -1.97516417234927       -0.35602605026174
C           -1.14516246208966       -0.09403600315609       -0.30576200103911
C           -1.77942663802317       -0.52269400593821        1.01668466313574
C           -1.37150169604761        1.40010828320154       -0.53541153994771
H            1.50412275591409        2.10760900811275       -0.49863689781666
H            2.74751055179471        1.81245930801172        0.71655940405149
H            2.76755588826474        0.91497377075335       -0.80114219400166
H            0.65638346919532        0.69911690745187        1.38952741578944
H            1.91327833826385       -0.47907252587864        1.06650806745800
H            1.57417038574171       -2.22834026942324       -0.62264953401278
H            0.35965333587261       -2.34770580820958        0.64705933956655
H           -0.11766862779506       -2.48395066681396       -1.04787185479052
H           -1.66287647488796       -0.63347780270555       -1.10896211800976
H           -1.72739853546575       -1.60000901237188        1.14396913651502
H           -2.82737720093012       -0.23144601622862        1.03123063899473
H           -1.28747109311885       -0.05043835789770        1.86308682011715
H           -2.43689193920332        1.61836434326456       -0.56142620296231
H           -0.93645373236604        1.71245265643368       -1.48218465123083
H           -0.92580800297001        1.98855909178029        0.26222230027376
23
 energy: -23.155969971112 gnorm: 0.000071352477 xtb: 6.7.1 (edcfbbe)
C            2.12202616202498        1.33910355429634       -0.03747531254367
C            1.25510995989451        0.25534754786735        0.59586533400795
C            0.34952414969243       -0.45929530834991       -0.42640613649556
H            0.65975121005470       -0.14039320977822       -1.42869692099860
C            0.55103610181841       -1.97442339662979       -0.35633689358285
C           -1.14564253865821       -0.09413258155486       -0.30562562720945
C           -1.77970091612896       -0.52329377505776        1.01674413469579
C           -1.37226021455701        1.40002710756856       -0.53503457189695
H            1.50720808960746        2.10605369754276       -0.50154492235647
H            2.74850070809432        1.81188156871630        0.71607550175440
H            2.76972911619077        0.91131471797252       -0.79983738506733
H            0.65487232090825        0.70272736755860        1.38798735345519
H            1.91049498063463       -0.47806111453600        1.06946914050483
H            1.57515984207233       -2.22679610602746       -0.62221404001439
H            0.35963243451100       -2.34755227802293        0.64643635502279
H           -0.11615475628410       -2.48337494231229       -1.04898145751812
H           -1.66322273831052       -0.63353142457966       -1.10893833339678
H           -1.72814452522337       -1.60074964111096        1.14332172980590
H           -2.82754275510368       -0.23158301913528        1.03188807837333
H           -1.28721564127524       -0.05186969725164        1.86334624994132
H           -2.43768361088403        1.61821468801134       -0.56069286651966
H           -0.93751064915082        1.71253796010688       -1.48191318207095
H           -0.92635714368683        1.98853714881211        0.26247078246463
23
 energy: -23.155970493058 gnorm: 0.000063780699 xtb: 6.7.1 (edcfbbe)
C            2.12410343852098        1.33740818661606       -0.03798390126363
C            1.25404764900776        0.25666429654214        0.59627078289688
C            0.34908244495568       -0.45849564250058       -0.42621493640863
H            0.65905119275100       -0.13903971010709       -1.42840538214641
C            0.55178388336059       -1.97349189131799       -0.35678331275388
C           -1.14627243728167       -0.09419572837157       -0.30539738428758
C           -1.78003538139493       -0.52402031773376        1.01685732288223
C           -1.37339439140992        1.39993265778202       -0.53466327987972
H            1.51131763591700        2.10420484548270       -0.50507511025227
H            2.74990773038386        1.81102633367619        0.71559353954796
H            2.77253481155373        0.90669480934740       -0.79811043250585
H            0.65313062425854        0.70716501405516        1.38613403440704
H            1.90707070610319       -0.47685069361888        1.07297010505361
H            1.57642113526470       -2.22481926703975       -0.62173782855294
H            0.35967769988567       -2.34728946600225        0.64561484030182
H           -0.11426518955105       -2.48270955827017       -1.05036272461862
H           -1.66362874052823       -0.63365515243700       -1.10880965634328
H           -1.72908205831778       -1.60165618069062        1.14257319897488
H           -2.82774077109021       -0.23170572892102        1.03269427963008
H           -1.28688123463352       -0.05359563294802        1.86367885117029
H           -2.43888509179413        1.61790266056735       -0.55989864120336
H           -0.93904002029154        1.71262719385268       -1.48169122816458
H           -0.92729404942870        1.98858783614298        0.26265387387130
23
 energy: -23.155970828817 gnorm: 0.000065165014 xtb: 6.7.1 (edcfbbe)
C            2.12554207777534        1.33620102876458       -0.03825616510148
C            1.25337411752587        0.25746996344481        0.59654234319189
C            0.34880787985464       -0.45788806251291       -0.42617113080902
H            0.65861910288416       -0.13803747012255       -1.42828795856738
C            0.55231881337356       -1.97278253215147       -0.35705826926021
C           -1.14669756447079       -0.09424430112304       -0.30528803970374
C           -1.78021155330336       -0.52439709665035        1.01696647654885
C           -1.37433079256386        1.39982757683363       -0.53446263578579
H            1.51418672513047        2.10297383342074       -0.50728786185349
H            2.75093595329923        1.81025751633245        0.71538012077427
H            2.77443180927731        0.90358142122566       -0.79690831872142
H            0.65204130489325        0.70998998626889        1.38494082304352
H            1.90482346847094       -0.47616106069782        1.07521029559540
H            1.57726221984175       -2.22343682070931       -0.62147600724069
H            0.35976848160722       -2.34705993783705        0.64508307933907
H           -0.11301002680730       -2.48210899483221       -1.05124569744552
H           -1.66388655429141       -0.63382237640041       -1.10873216627680
H           -1.72958419403440       -1.60211746243078        1.14215345723485
H           -2.82783619712431       -0.23178869009247        1.03328640150154
H           -1.28665446570872       -0.05458791921497        1.86390509190387
H           -2.43987772171742        1.61755762668799       -0.55944729812684
H           -0.94027214971158        1.71258300063092       -1.48160563349157
H           -0.92814114795955        1.98867963527163        0.26266610360604
23
 energy: -23.155971022438 gnorm: 0.000048186610 xtb: 6.7.1 (edcfbbe)
C            2.12635402369975        1.33557441078702       -0.03828457540527
C            1.25305432375954        0.25788213190539        0.59669039102658
C            0.34865835778592       -0.45755279445374       -0.42612469105592
H            0.65837772715327       -0.13746528393392       -1.42819006005640
C            0.55255755403013       -1.97239908868273       -0.35729131808265
C           -1.14692612053255       -0.09426364134661       -0.30520939409815
C           -1.78023578247492       -0.52454753403056        1.01709420067978
C           -1.37492955834717        1.39973624596833       -0.53449276312666
H            1.51577852947688        2.10240333193594       -0.50822160020954
H            2.75159748239085        1.80974353882082        0.71540356115287
H            2.77541816293052        0.90200126320302       -0.79622269214438
H            0.65155787769510        0.71138058747182        1.38438169676415
H            1.90367919084539       -0.47585480266926        1.07628119870250
H            1.57763551897071       -2.22270982762377       -0.62149283175806
H            0.35985291907259       -2.34691300843645        0.64472544331489
H           -0.11245447341296       -2.48177331832258       -1.05174083172348
H           -1.66401688058634       -0.63400775321246       -1.10860438429823
H           -1.72967719583989       -1.60228490308559        1.14213488190233
H           -2.82782968795863       -0.23186593907159        1.03363558462244
H           -1.28650244325411       -0.05490196112930        1.86400705970627
H           -2.44052241892316        1.61723251044638       -0.55935639911570
H           -0.94106073219185        1.71250089176786       -1.48171637773197
H           -0.92875678804803        1.98877380779797        0.26250091128998
23
 energy: -23.155971171022 gnorm: 0.000031104887 xtb: 6.7.1 (edcfbbe)
C            2.12689060214641        1.33512314442149       -0.03822432279270
C            1.25284426665667        0.25810007953320        0.59682609586006
C            0.34857211079006       -0.45729209909646       -0.42613214072080
H            0.65823274468169       -0.13698843589342       -1.42814515194418
C            0.55272085623456       -1.97210606099280       -0.35751660068793
C           -1.14707319141538       -0.09429087590215       -0.30515066913302
C           -1.78018609402834       -0.52454932974233        1.01725770319120
C           -1.37540834755178        1.39962761989639       -0.53459919543699
H            1.51686904136665        2.10207904226991       -0.50866491911844
H            2.75207923983488        1.80925926980727        0.71552822124053
H            2.77603860246440        0.90096306252260       -0.79573922208025
H            0.65123198996504        0.71221598004964        1.38405898900070
H            1.90290289194736       -0.47575673205189        1.07698963875882
H            1.57786041507105       -2.22220755903773       -0.62165384751422
H            0.35996120987881       -2.34682149531842        0.64440845895129
H           -0.11213966848284       -2.48145263568253       -1.05211842940639
H           -1.66409606744307       -0.63423927846396       -1.10845062192093
H           -1.72951275794429       -1.60226554171916        1.14231167503215
H           -2.82779127825406       -0.23195925343239        1.03391683466274
H           -1.28636985249856       -0.05484275183545        1.86406761303215
H           -2.44104450634361        1.61688599420423       -0.55939602208035
H           -0.94170284691021        1.71232423492723       -1.48190935271030
H           -0.92926977392440        1.98888248564270        0.26224227617221
23
 energy: -23.155971304747 gnorm: 0.000028511432 xtb: 6.7.1 (edcfbbe)
C            2.12737550105470        1.33473507793741       -0.03811528293400
C            1.25264578115887        0.25829628481709        0.59695842419030
C            0.34848160402743       -0.45707569023944       -0.42611848898972
H            0.65807751876935       -0.13653923523565       -1.42807409958956
C            0.55285390590698       -1.97186819902168       -0.35779738075619
C           -1.14721743983601       -0.09433486864476       -0.30508084693382
C           -1.78011665444221       -0.52452624518317        1.01745515315928
C           -1.37582277863197        1.39950624193792       -0.53475880252566
H            1.51781620654777        2.10181040903067       -0.50896069983053
H            2.75253366379647        1.80882739534066        0.71569280081669
H            2.77656838917024        0.90007617807749       -0.79529937345266
H            0.65092351248382        0.71296544217572        1.38377916967914
H            1.90219577734794       -0.47566070588452        1.07764789104920
H            1.57804760561072       -2.22176523752782       -0.62190440141765
H            0.36007748169050       -2.34679671123329        0.64404104401118
H           -0.11188231443727       -2.48118491190623       -1.05253629605218
H           -1.66420415970959       -0.63449917787170       -1.10825805509095
H           -1.72925714541467       -1.60221416865373        1.14262773954859
H           -2.82775467958489       -0.23208691275620        1.03419350901373
H           -1.28626626570192       -0.05463997127834        1.86413343946207
H           -2.44149716671506        1.61656832516473       -0.55947629245423
H           -0.94227342795936        1.71211797341511       -1.48216501084904
H           -0.92969532889082        1.98897757164571        0.26192287030136
23
 energy: -23.155971461093 gnorm: 0.000027329173 xtb: 6.7.1 (edcfbbe)
C            2.12790849338080        1.33427731519936       -0.03796524015430
C            1.25241071425821        0.25847668851476        0.59712822689415
C            0.34838098552479       -0.45682688202963       -0.42612432155877
H            0.65790356552797       -0.13599959965452       -1.42800899931278
C            0.55303413296560       -1.97159467355250       -0.35816258246034
C           -1.14738012761366       -0.09439127837759       -0.30498513791282
C           -1.78002762344192       -0.52444376544744        1.01771927184938
C           -1.37630545894030        1.39935384582056       -0.53497377410213
H            1.51887162278316        2.10152322343022       -0.50922675352301
H            2.75305016673611        1.80827524940755        0.71591648236945
H            2.77714165055990        0.89908515847799       -0.79481054116589
H            0.65054456921421        0.71376674473255        1.38348021835525
H            1.90137598180386       -0.47560213563311        1.07842288638307
H            1.57828869398047       -2.22124117843292       -0.62226884944243
H            0.36024976609821       -2.34681948192945        0.64356562489246
H           -0.11156699819103       -2.48084891457967       -1.05307738763100
H           -1.66434794551300       -0.63483080094779       -1.10798758593906
H           -1.72880745988668       -1.60208529696514        1.14314993637050
H           -2.82775499798858       -0.23232965119784        1.03450042638167
H           -1.28623211284077       -0.05419876430329        1.86422979251784
H           -2.44202311383640        1.61621767384773       -0.55958044709123
H           -0.94295574393101        1.71182031990046       -1.48252009048062
H           -0.93014917440890        1.98910506782567        0.26148585511595
23
 energy: -23.155971635268 gnorm: 0.000026821948 xtb: 6.7.1 (edcfbbe)
C            2.12849826145951        1.33377136772378       -0.03777853703347
C            1.25213463104372        0.25868287651512        0.59732078654022
C            0.34824949046777       -0.45656835166423       -0.42610569237264
H            0.65766674095891       -0.13538629182545       -1.42790753115868
C            0.55324062861428       -1.97131218680727       -0.35862445424990
C           -1.14757783212330       -0.09446672679027       -0.30486307560699
C           -1.77992901610494       -0.52432787551640        1.01804189791224
C           -1.37681352205941        1.39917691173531       -0.53522336841129
H            1.52002660617265        2.10120181124325       -0.50948496920506
H            2.75363474631418        1.80765849514220        0.71617866109530
H            2.77775025871812        0.89798335989728       -0.79426675526153
H            0.65011523253335        0.71467370350360        1.38314892053237
H            1.90044744744290       -0.47552650819112        1.07929226543416
H            1.57857927597138       -2.22063737136369       -0.62271325048380
H            0.36044610076143       -2.34691112104978        0.64296315957223
H           -0.11118121407249       -2.48050200143320       -1.05376285088318
H           -1.66453684685865       -0.63522581538890       -1.10765648734669
H           -1.72816794820081       -1.60190063210326        1.14387409057354
H           -2.82779784859986       -0.23271422965601        1.03477746394874
H           -1.28631808548356       -0.05352688526320        1.86435431869056
H           -2.44257359025122        1.61585414499656       -0.55966094126433
H           -0.94371382225922        1.71144497435936       -1.48295299041649
H           -0.93057010820372        1.98924721604230        0.26095634975001
23
 energy: -23.155971850009 gnorm: 0.000027085745 xtb: 6.7.1 (edcfbbe)
C            2.12920894182871        1.33311481235851       -0.03756220574870
C            1.25178743330523        0.25891301259890        0.59757211738446
C            0.34809330193404       -0.45624394766034       -0.42609630828388
H            0.65737374780318       -0.13461034581792       -1.42779545941165
C            0.55352603441279       -1.97095169219939       -0.35921680184149
C           -1.14781262510418       -0.09455140139145       -0.30467682837009
C           -1.77983817043419       -0.52416708320503        1.01845810936074
C           -1.37742943528231        1.39896062198880       -0.53552630636594
H            1.52144831446981        2.10077613236449       -0.50982607591660
H            2.75433708218600        1.80686919233440        0.71648404383211
H            2.77848876130532        0.89659051403553       -0.79359946293341
H            0.64957277060247        0.71576884810693        1.38274324091530
H            1.89928218647220       -0.47546018536115        1.08038679168819
H            1.57898493202293       -2.21985103140836       -0.62324139233176
H            0.36067354130114       -2.34705230583970        0.64217400018506
H           -0.11062801212244       -2.48004441138149       -1.05468385167325
H           -1.66476737218673       -0.63569961778702       -1.10720645444753
H           -1.72723986091217       -1.60163129086816        1.14489496843307
H           -2.82793123683238       -0.23334393830960        1.03504403922183
H           -1.28658458428340       -0.05251441025103        1.86450389602538
H           -2.44323512353546        1.61543930448590       -0.55968193453313
H           -0.94469187760683        1.71096346539083       -1.48351177080958
H           -0.93100916310270        1.98941462192232        0.26027065597623
23
 energy: -23.155972094372 gnorm: 0.000028381402 xtb: 6.7.1 (edcfbbe)
C            2.13005291338484        1.33233606356560       -0.03733165041552
C            1.25138989409357        0.25918425436738        0.59785713358379
C            0.34789865130840       -0.45586504185241       -0.42607672646834
H            0.65701844959715       -0.13371674096437       -1.42765800310630
C            0.55385753202316       -1.97052552688276       -0.35987580417171
C           -1.14810626212098       -0.09466174968817       -0.30451001486652
C           -1.77973626977400       -0.52397017712120        1.01890849066318
C           -1.37814906611591        1.39871802736337       -0.53581271106681
H            1.52312380377612        2.10023699671282       -0.51029874180112
H            2.75515417516216        1.80597810775540        0.71680743863094
H            2.77938479727025        0.89491620635870       -0.79280777440377
H            0.64894987386871        0.71705609914493        1.38226181006383
H            1.89793839286039       -0.47537412173075        1.08165590375560
H            1.57947733125970       -2.21891356610083       -0.62375652454202
H            0.36086918045642       -2.34722340657769        0.64126638761702
H           -0.10992443078965       -2.47950395516469       -1.05578117571428
H           -1.66504964922097       -0.63624404758618       -1.10675625913242
H           -1.72606580429983       -1.60129437835623        1.14607366673481
H           -2.82812018042596       -0.23418429544110        1.03525328870413
H           -1.28700154042284       -0.05126131914963        1.86466977831007
H           -2.44400442397497        1.61498343425277       -0.55957873386265
H           -0.94588744438998        1.71040763698425       -1.48411649097967
H           -0.93146033728479        1.98961036421676        0.25951372282309
23
 energy: -23.155972332437 gnorm: 0.000026125150 xtb: 6.7.1 (edcfbbe)
C            2.13089851722256        1.33154320464551       -0.03712638636103
C            1.25097487625432        0.25947617771105        0.59814195221717
C            0.34771426711210       -0.45548780259495       -0.42606325919473
H            0.65667574944219       -0.13282361027352       -1.42752746011897
C            0.55419301311151       -1.97010294959340       -0.36054616384831
C           -1.14837703399291       -0.09474304026929       -0.30428962527470
C           -1.77966959335949       -0.52381758838914        1.01936029993814
C           -1.37884339949726        1.39849617395551       -0.53609622569403
H            1.52481855773557        2.09965273837617       -0.51086414014514
H            2.75593855767875        1.80511922805725        0.71710371267547
H            2.78031200920183        0.89319297156187       -0.79199170738565
H            0.64831537599212        0.71839149975117        1.38176417235277
H            1.89655182738202       -0.47526867946639        1.08294920754180
H            1.57999202957564       -2.21798020561808       -0.62421195332776
H            0.36101365080374       -2.34739211685784        0.64033806255384
H           -0.10917734510180       -2.47897469157248       -1.05692331036634
H           -1.66530007046032       -0.63673620824040       -1.10626704802014
H           -1.72486676824669       -1.60099594701485        1.14728857467042
H           -2.82836129076922       -0.23512458660691        1.03542382924976
H           -1.28749789134442       -0.04999179564707        1.86482317621410
H           -2.44474720646657        1.61456195105269       -0.55939661056187
H           -0.94710970691135        1.70990345848171       -1.48473601506163
H           -0.93183853912131        1.98979068265735        0.25875392830216
23
 energy: -23.155972589338 gnorm: 0.000025475800 xtb: 6.7.1 (edcfbbe)
C            2.13187518731527        1.33065135078312       -0.03692088292376
C            1.25053535918343        0.25981395238639        0.59844988867708
C            0.34749894366877       -0.45505681309455       -0.42603074760601
H            0.65628573882451       -0.13184798138720       -1.42737149187986
C            0.55455386445436       -1.96961862547092       -0.36124780317694
C           -1.14870101009183       -0.09484318740303       -0.30410063713553
C           -1.77959665512465       -0.52366003592969        1.01981594823213
C           -1.37963497739839        1.39825713466643       -0.53635598467055
H            1.52674681738646        2.09895261350984       -0.51158711057739
H            2.75680872635271        1.80420707214093        0.71740923378530
H            2.78141700049722        0.89122802287191       -0.79105228198639
H            0.64762660695922        0.71990261987549        1.38118832471841
H            1.89502892649844       -0.47512604068690        1.08439677163546
H            1.58056162522488       -2.21692742125304       -0.62463362783768
H            0.36112194410909       -2.34755755201039        0.63934374268886
H           -0.10832676434548       -2.47837820152733       -1.05817381283516
H           -1.66560010240445       -0.63726802097676       -1.10579982669426
H           -1.72353351813408       -1.60067769195747        1.14855148385636
H           -2.82862934391653       -0.23618855414843        1.03556617960727
H           -1.28806861932631       -0.04862341751896        1.86497407690098
H           -2.44559406752393        1.61410221423365       -0.55910135670582
H           -0.94851428948995        1.70936196816439       -1.48537476332225
H           -0.93225180647775        1.98998545883850        0.25796168760509
23
 energy: -23.155972809633 gnorm: 0.000025078605 xtb: 6.7.1 (edcfbbe)
C            2.13273269951577        1.32984633374694       -0.03676261983762
C            1.25011851376904        0.26013037670190        0.59871945613941
C            0.34731318563876       -0.45467982067537       -0.42601631709074
H            0.65594714651676       -0.13098171789710       -1.42724546485660
C            0.55488542825265       -1.96919279988747       -0.36186709204540
C           -1.14897475861479       -0.09492140971682       -0.30391020929192
C           -1.77955091903868       -0.52354672116919        1.02021632545304
C           -1.38031045699133        1.39805831553748       -0.53656431404533
H            1.52846682880592        2.09828273889870       -0.51232729914912
H            2.75752802239877        1.80344017402120        0.71765694109623
H            2.78242850694481        0.88943714042716       -0.79018378711650
H            0.64698736105985        0.72129954724824        1.38064607946142
H            1.89362533254421       -0.47497811089431        1.08571182636331
H            1.58108732010743       -2.21599859726294       -0.62496645256482
H            0.36119755929515       -2.34770166811884        0.63846113049064
H           -0.10753913318890       -2.47785472033653       -1.05929807383342
H           -1.66583998994263       -0.63770911150566       -1.10538300689728
H           -1.72238750932911       -1.60042213623446        1.14964635594159
H           -2.82888128674799       -0.23714658562185        1.03569157710943
H           -1.28858686521387       -0.04746357036348        1.86511220048184
H           -2.44631431114162        1.61372493931954       -0.55877825822568
H           -0.94976291783075        1.70891246400906       -1.48592614508807
H           -0.93256017056844        1.99015380387978        0.25727415786094
23
 energy: -23.155973043123 gnorm: 0.000025134272 xtb: 6.7.1 (edcfbbe)
C            2.13369262185526        1.32897254353204       -0.03661072704551
C            1.24968284158467        0.26049197455642        0.59900301923864
C            0.34710855423967       -0.45425975814170       -0.42598785121247
H            0.65558438216741       -0.13006522117549       -1.42710351380514
C            0.55523130372873       -1.96871824156231       -0.36249544678567
C           -1.14928140058980       -0.09500100555572       -0.30373240747668
C           -1.77950508709475       -0.52345544208327        1.02061182129521
C           -1.38106085672109        1.39785446732485       -0.53676223476660
H            1.53037033937932        2.09752529163436       -0.51320685233468
H            2.75830658158993        1.80264548869726        0.71790846042711
H            2.78358723955619        0.88746476371542       -0.78921722691995
H            0.64630951900006        0.72283776811818        1.38004420469680
H            1.89211983004818       -0.47479191700559        1.08713638546655
H            1.58164171713368       -2.21498825530202       -0.62528142996827
H            0.36126682531299       -2.34781914659006        0.63755577740604
H           -0.10670060751347       -2.47728895694371       -1.06046086539651
H           -1.66610907852719       -0.63815967112368       -1.10497637584082
H           -1.72122909480563       -1.60018904881748        1.15071656538929
H           -2.82913437504263       -0.23813990108087        1.03582936521465
H           -1.28910338833477       -0.04633531136909        1.86524834156447
H           -2.44711538681815        1.61331887486152       -0.55840395144681
H           -0.95112873746828        1.70845983851225       -1.48648493704986
H           -0.93292415643932        1.99032972990467        0.25657688970554
23
 energy: -23.155973225928 gnorm: 0.000025465824 xtb: 6.7.1 (edcfbbe)
C            2.13445112876645        1.32826885610796       -0.03650731389618
C            1.24931692583103        0.26079709874517        0.59922687136304
C            0.34694612379215       -0.45392797066548       -0.42597007960201
H            0.65529310475614       -0.12933392587250       -1.42699493446555
C            0.55551515219845       -1.96834175427239       -0.36298928030154
C           -1.14952224814361       -0.09506477311938       -0.30358560817983
C           -1.77947896548995       -0.52340193172291        1.02091933587411
C           -1.38163715682374        1.39769712812137       -0.53689938841299
H            1.53189174212431        2.09688386747768       -0.51398252045431
H            2.75888598036158        1.80204973385023        0.71809123006304
H            2.78453350644782        0.88585902824335       -0.78841880030306
H            0.64574431976701        0.72411766892423        1.37953189333519
H            1.89087966023813       -0.47461588539093        1.08830773699850
H            1.58209341025782       -2.21418353357038       -0.62551800023162
H            0.36132681783723       -2.34790905171785        0.63684238991462
H           -0.10601947194314       -2.47684646283147       -1.06137921114936
H           -1.66631531506726       -0.63850262371858       -1.10466075070217
H           -1.72038187103664       -1.60003077799582        1.15150994825764
H           -2.82932756629886       -0.23888602689940        1.03596197317303
H           -1.28947977438898       -0.04552785226536        1.86536148361231
H           -2.44772831618043        1.61301546208680       -0.55807713649478
H           -0.95219641106963        1.70811107229707       -1.48690741790903
H           -0.93318118969488        1.99046151829456        0.25604458986630
23
 energy: -23.155973426547 gnorm: 0.000025792110 xtb: 6.7.1 (edcfbbe)
C            2.13530317612640        1.32750368753587       -0.03641136154274
C            1.24892843854758        0.26114710979805        0.59946083591220
C            0.34676941753262       -0.45355514534461       -0.42594713782217
H            0.65498892113905       -0.12855926066722       -1.42687946662815
C            0.55581413022324       -1.96791853446718       -0.36348177898877
C           -1.14978788929636       -0.09512432061345       -0.30344440205984
C           -1.77945459320771       -0.52337775946752        1.02122138494900
C           -1.38228637319337        1.39753778989283       -0.53703310450311
H            1.53358790058575        2.09617510714010       -0.51487807673912
H            2.75952849995970        1.80141796345969        0.71827575509748
H            2.78560812350450        0.88408920204167       -0.78753811522355
H            0.64514166909752        0.72552959874287        1.37896615199151
H            1.88953978026339       -0.47440609010943        1.08957177527921
H            1.58256644229128       -2.21330961501271       -0.62574976710069
H            0.36140369027510       -2.34795868762879        0.63612761888445
H           -0.10530888737611       -2.47636655403873       -1.06230256684452
H           -1.66653480339530       -0.63885023135096       -1.10435216729271
H           -1.71957565433240       -1.59990983907176        1.15224702848191
H           -2.82951003164241       -0.23962169900098        1.03613275078885
H           -1.28981546873427       -0.04480932396273        1.86547715468468
H           -2.44842065910131        1.61267918709429       -0.55773602800730
H           -0.95335587390723        1.70777283143844       -1.48733038179384
H           -0.93352036911864        1.99060344769822        0.25551090883256
23
 energy: -23.155973588460 gnorm: 0.000025753896 xtb: 6.7.1 (edcfbbe)
C            2.13597793262879        1.32690058880829       -0.03636118351830
C            1.24861256670163        0.26144954438450        0.59963635680377
C            0.34663180319317       -0.45326053188044       -0.42592992681455
H            0.65475245014308       -0.12796149442134       -1.42679292202489
C            0.55605146706076       -1.96758278375989       -0.36383438513202
C           -1.14999447010017       -0.09516819581320       -0.30334221300997
C           -1.77944572616064       -0.52339484518082        1.02143155561970
C           -1.38278842720135        1.39742166814426       -0.53711045036643
H            1.53494312660803        2.09559435069730       -0.51565649453829
H            2.76001597173584        1.80095207529257        0.71839340126483
H            2.78647662844201        0.88266453240207       -0.78683060862163
H            0.64465507693967        0.72670417306516        1.37848524519793
H            1.88845783242476       -0.47420207037094        1.09059239982325
H            1.58293306078206       -2.21263025066501       -0.62591390135771
H            0.36148827649280       -2.34796307687629        0.63561568079414
H           -0.10476641399222       -2.47600471021323       -1.06296173116601
H           -1.66669392237740       -0.63909694968443       -1.10414132482024
H           -1.71910656574354       -1.59987245147702        1.15268014790500
H           -2.82961986130165       -0.24008250956741        1.03631459446771
H           -1.28998118159727       -0.04444684239342        1.86556988919901
H           -2.44895550311130        1.61242208869001       -0.55747679425347
H           -0.95422375824706        1.70754061112802       -1.48760997506597
H           -0.93381077707898        1.99070594379721        0.25514964996950
23
 energy: -23.155973738724 gnorm: 0.000025916949 xtb: 6.7.1 (edcfbbe)
C            2.13659212655541        1.32635618701517       -0.03634391714713
C            1.24831693883387        0.26174985741914        0.59979109839415
C            0.34650671549677       -0.45299154366703       -0.42591026305469
H            0.65454287970531       -0.12743618896164       -1.42671464365526
C            0.55626391756094       -1.96727544027622       -0.36412011223956
C           -1.15018362396475       -0.09520851541988       -0.30325706988186
C           -1.77944924230844       -0.52345300791795        1.02159622090747
C           -1.38322113250968        1.39732506632495       -0.53715878199419
H            1.53617553851709        2.09505251677597       -0.51642018335579
H            2.76044620491966        1.80056167096519        0.71846519287197
H            2.78727808711033        0.88135643720802       -0.78619622374524
H            0.64419160492057        0.72782494201257        1.37801650096437
H            1.88745412188866       -0.47397633754548        1.09155108002876
H            1.58325841220153       -2.21201734674820       -0.62604173563697
H            0.36158109104236       -2.34793765092174        0.63520017955413
H           -0.10428948001376       -2.47569365667821       -1.06350071173438
H           -1.66683824945444       -0.63929377812035       -1.10397748699014
H           -1.71884094946911       -1.59990530797350        1.15293978247273
H           -2.82969091279585       -0.24039269794465        1.03652316384777
H           -1.29003642032765       -0.04431179386768        1.86565441947289
H           -2.44941623403544        1.61220408345268       -0.55725314034796
H           -0.95495080831672        1.70736880151226       -1.48781659958109
H           -0.93408099931563        1.99078256746254        0.25488024120538
23
 energy: -23.155973926739 gnorm: 0.000025845355 xtb: 6.7.1 (edcfbbe)
C            2.13736419148751        1.32569942210175       -0.03633390627869
C            1.24797182139404        0.26212599016145        0.59996689779919
C            0.34635869792653       -0.45265593311580       -0.42588858352183
H            0.65430457756066       -0.12682055044595       -1.42662821367964
C            0.55651630967230       -1.96689214985813       -0.36442106690576
C           -1.15041117582465       -0.09524436868644       -0.30317129182485
C           -1.77945734084071       -0.52354471246154        1.02176596880225
C           -1.38378454172136        1.39721903562074       -0.53720422932782
H            1.53771382505053        2.09441725829023       -0.51735209837175
H            2.76101798628078        1.80006654476894        0.71853888628082
H            2.78826264671830        0.87975526612743       -0.78544252131422
H            0.64365341448288        0.72919121119183        1.37744976819856
H            1.88625665139762       -0.47369766261815        1.09268645746269
H            1.58363851055567       -2.21128271846919       -0.62617071967681
H            0.36170723319618       -2.34786057894431        0.63475869590685
H           -0.10374016205494       -2.47531648135694       -1.06407803829377
H           -1.66699691357809       -0.63951078936480       -1.10381190504205
H           -1.71861182813664       -1.59998112907370        1.15314363461380
H           -2.82975664809195       -0.24070228846067        1.03679554906595
H           -1.29004340917619       -0.04427787284353        1.86575114752625
H           -2.45001988200075        1.61192027250099       -0.55702516514256
H           -0.95582866294152        1.70719924898909       -1.48802485893451
H           -0.93450571511520        1.99088185005265        0.25460260301326
23
 energy: -23.155973927721 gnorm: 0.000025425958 xtb: 6.7.1 (edcfbbe)
C            2.13736770615735        1.32569612083269       -0.03633450425667
C            1.24797206755082        0.26212819619217        0.59996825086179
C            0.34635848399348       -0.45265358951150       -0.42588853197743
H            0.65430381532596       -0.12681802574378       -1.42662808383450
C            0.55651689294317       -1.96689048717097       -0.36442153724806
C           -1.15041246077698       -0.09524431662420       -0.30317122040077
C           -1.77945721680290       -0.52354516634595        1.02176636411204
C           -1.38378849184094        1.39721861330665       -0.53720476760884
H            1.53772262978193        2.09441466809142       -0.51735404088773
H            2.76102218986246        1.80006326056218        0.71853929551999
H            2.78826580564352        0.87974944734312       -0.78543879818240
H            0.64365376007460        0.72919604009869        1.37744669552247
H            1.88625177371903       -0.47369583477497        1.09268927524522
H            1.58363897400755       -2.21127989719901       -0.62617121189312
H            0.36170797196839       -2.34785864750289        0.63475831639468
H           -0.10373951774591       -2.47531484930212       -1.06407833274865
H           -1.66699643048608       -0.63951210114434       -1.10381193003033
H           -1.71861262819474       -1.59998245676186        1.15314238571198
H           -2.82975641394399       -0.24070197194245        1.03679742973155
H           -1.29004143607996       -0.04428017164427        1.86575153450671
H           -2.45002406861501        1.61191741615837       -0.55702675154794
H           -0.95583228910487        1.70719959828667       -1.48802517172189
H           -0.93451153119586        1.99088301890229        0.25460234508725
