26
 energy: -53.613155645662 gnorm: 0.034976655371 xtb: 6.7.1 (edcfbbe)
C            0.52845164469932        1.91764345161286        0.35847871631241
C            1.88172709286631        2.18182823127648        0.42346576098235
C            2.81905997855570        1.16924839028504        0.19533357881132
C            2.36483998522312       -0.13560907496431       -0.10596708845048
C            0.98321979227960       -0.37509191357280       -0.16449610820865
C            0.05082493970539        0.62827068597150        0.06246380075395
C           -1.40034205455966        0.37952306548863       -0.03555358668910
C           -2.24944445156401        1.28840518599008       -0.68289997851148
C           -3.62004602632668        1.08196563793063       -0.77933736701147
C           -4.14597387408235       -0.06473780120117       -0.21026369052885
C           -3.36900487136085       -1.00118125671062        0.44851793680683
C           -2.01027598846699       -0.74849883436265        0.51703911529369
F           -1.25067160342623       -1.64449873577018        1.19352183640906
F           -5.47972872830570       -0.28753775259285       -0.29585215070612
C            3.24154269979704       -1.28512866961283       -0.38217804052877
O            2.85589399971477       -2.41152714856519       -0.64717379817152
O            4.56629859227481       -0.98390600505625       -0.31859253784395
O            4.12303099546882        1.53313825297451        0.28474677953890
H           -0.17719176269108        2.71947112013035        0.55286472428256
H            2.24325756787593        3.17716728806286        0.65970626495165
H            0.65746111587950       -1.37635830293600       -0.42019589884058
H           -1.81591102910820        2.17311368096445       -1.13762893262874
H           -4.26513273781423        1.78711452174053       -1.29075663681455
H           -3.80064067679048       -1.88578754975589        0.90226165199202
H            5.08698429418540       -1.78077885595812       -0.51772534221904
H            4.68501132520499        0.75911280953731        0.09932912701599
26
 energy: -53.614582242353 gnorm: 0.017657959140 xtb: 6.7.1 (edcfbbe)
C            0.52173594900136        1.91751965729215        0.35296661710643
C            1.87069724576862        2.17662094482444        0.42449263183044
C            2.81250294879108        1.17019561173299        0.19611862349202
C            2.35809992536430       -0.12834602116106       -0.10735786798847
C            0.97951935733582       -0.36810782926072       -0.16865908683713
C            0.04949218322527        0.63285852270499        0.05438090197533
C           -1.39868948489484        0.38229875416331       -0.03482657637342
C           -2.24281567529623        1.28811248344705       -0.68155537791926
C           -3.60714265392905        1.07757746411972       -0.77885623064975
C           -4.13785590319290       -0.06466136596296       -0.21061217195596
C           -3.35790372409168       -0.99536452376763        0.44917452938615
C           -2.00026312231455       -0.74662875948009        0.51953327650389
F           -1.23945682838149       -1.64744662157882        1.19261718118110
F           -5.47413958587297       -0.28677722927471       -0.29598583775687
C            3.23582358973580       -1.27482013581719       -0.38044419025874
O            2.84663893771732       -2.39384581313261       -0.64731972052690
O            4.55589535853669       -0.99786956662851       -0.32029651793285
O            4.10739781822377        1.53051510156289        0.28587804985600
H           -0.18221657621417        2.71267940510650        0.55044964588200
H            2.23444155260226        3.16524982059662        0.65879797391514
H            0.66106691547833       -1.37167876063231       -0.41323279133561
H           -1.81176218921068        2.16865803072849       -1.13370138250173
H           -4.25033614745469        1.78015080320953       -1.28423711491652
H           -3.78684828869170       -1.87738962366267        0.89703732439758
H            5.07913772490708       -1.79647725159564       -0.51803794566624
H            4.68022089209147        0.76233732337261        0.10278419309081
26
 energy: -53.614897652001 gnorm: 0.006522571242 xtb: 6.7.1 (edcfbbe)
C            0.51734142774543        1.92007880893790        0.35123488515540
C            1.86430823710553        2.17688006016264        0.42472524008131
C            2.81020164747280        1.17307010084967        0.19544837295044
C            2.35349309352014       -0.12234739427135       -0.10900838177982
C            0.97687065422379       -0.36438062074322       -0.16902733935406
C            0.04913619882113        0.63596002068342        0.05211227366146
C           -1.39697214685826        0.38275271632292       -0.03554112329934
C           -2.23800930541966        1.28825014945955       -0.68179721487264
C           -3.59980634093976        1.07559323412104       -0.77748025071307
C           -4.13261132084181       -0.06528930484704       -0.20959535409626
C           -3.34947369639707       -0.99321679578243        0.44920183558610
C           -1.99204828350159       -0.74763141509749        0.51954274377117
F           -1.23118563738188       -1.64998108762648        1.19315378222335
F           -5.47004074648342       -0.28860899718364       -0.29551607541352
C            3.22973196750891       -1.26906736291561       -0.38261631465512
O            2.83299627881086       -2.38596856612785       -0.64989265431732
O            4.54502826129483       -1.01045441080612       -0.32122273027094
O            4.09801256104798        1.52942218468313        0.28609181535701
H           -0.18701869552803        2.71175358565949        0.54745642923875
H            2.23117148225635        3.16127825845222        0.66187003232383
H            0.66438863495042       -1.36865947098919       -0.41307361451338
H           -1.80735992137513        2.16643387946521       -1.13272984676968
H           -4.24300606667753        1.77527557640111       -1.28237239036325
H           -3.77662586057561       -1.87433455374312        0.89536348278551
H            5.07272334765964       -1.80915506187808       -0.51491124893329
H            4.68199444879617        0.76770688771970        0.10769178221480
26
 energy: -53.614942814952 gnorm: 0.002602392471 xtb: 6.7.1 (edcfbbe)
C            0.51745573822663        1.92253114067834        0.35083117151059
C            1.86438969867895        2.17850156469778        0.42522620261672
C            2.81125860988024        1.17416817028790        0.19598507950391
C            2.35251103228961       -0.12064323944481       -0.10971085408518
C            0.97595182071255       -0.36280128118599       -0.17049203093703
C            0.04930171367488        0.63791047701049        0.05134466921571
C           -1.39666817172183        0.38355325367370       -0.03557447087897
C           -2.23802325984902        1.28865658455195       -0.68230007350392
C           -3.59973088760576        1.07439062346656       -0.77777637239182
C           -4.13142206332900       -0.06717572990671       -0.20959873067514
C           -3.34689801602416       -0.99402475246983        0.44915364198127
C           -1.98955606204250       -0.74768660339139        0.51978314220678
F           -1.22829683844017       -1.64985223379703        1.19324918568925
F           -5.46873733593018       -0.29162458252513       -0.29462356491490
C            3.22697176993772       -1.26931378091655       -0.38228913193279
O            2.82438316755860       -2.38475607734108       -0.65419269112293
O            4.54054367084285       -1.01615801970733       -0.31993883868153
O            4.09746805212783        1.52931577866704        0.28689532694148
H           -0.18758798994601        2.71381763197317        0.54686463640468
H            2.23294807326158        3.16247684887805        0.66349140562249
H            0.66479403500917       -1.36750474492119       -0.41437079680870
H           -1.80720561686845        2.16676032766442       -1.13343452642199
H           -4.24425793767299        1.77335541671639       -1.28281614483755
H           -3.77313486980721       -1.87585738242264        0.89579498730914
H            5.07029908985832       -1.81384013734963       -0.51327262815906
H            4.68648279641260        0.77116116801987        0.11087954234691
26
 energy: -53.614961496444 gnorm: 0.001691443465 xtb: 6.7.1 (edcfbbe)
C            0.51886853552171        1.92513576169797        0.35100548978617
C            1.86604903164578        2.18003772381694        0.42566516931127
C            2.81281505979492        1.17453248516855        0.19638089406453
C            2.35201745635893       -0.11970561568985       -0.11080038561412
C            0.97507442670913       -0.36101746667246       -0.17156756256920
C            0.04943840421746        0.64036248546033        0.05116275631251
C           -1.39672085538348        0.38513698820997       -0.03552657458211
C           -2.23955225840720        1.28916825059340       -0.68281045484088
C           -3.60134427519336        1.07290245487719       -0.77818529273688
C           -4.13085148483017       -0.06970336154282       -0.20942170620659
C           -3.34496963636388       -0.99545992469744        0.44928161546968
C           -1.98782519137779       -0.74701655886954        0.52000578128662
F           -1.22576114136713       -1.64796340758751        1.19364822789912
F           -5.46759268503986       -0.29625173234647       -0.29402043507962
C            3.22450117922729       -1.26993225656032       -0.38578488825574
O            2.81612482909820       -2.38388237673134       -0.66041544004848
O            4.53687807621294       -1.02156707767757       -0.31670303972013
O            4.09859351392744        1.52915291612657        0.28791837943199
H           -0.18644386990002        2.71682540488911        0.54692283098709
H            2.23617634498773        3.16393898844459        0.66476735790553
H            0.66402249216342       -1.36542755702164       -0.41708246972072
H           -1.80901094619387        2.16778343558978       -1.13422288709187
H           -4.24751314251368        1.77079551754460       -1.28382271434603
H           -3.76990166211357       -1.87838005570386        0.89652090996697
H            5.06820505666837       -1.81851630047770       -0.50839548807686
H            4.69196296138491        0.77441170006584        0.11458806246518
26
 energy: -53.614966665318 gnorm: 0.001448805695 xtb: 6.7.1 (edcfbbe)
C            0.52048424264396        1.92697962450440        0.35105578845012
C            1.86796670414434        2.18059438890793        0.42566098068586
C            2.81364226881149        1.17398016503781        0.19630702512658
C            2.35178175533909       -0.11967936933760       -0.11171303556924
C            0.97439520998615       -0.35900305435567       -0.17355528266108
C            0.04937499097726        0.64277456335900        0.05064604752849
C           -1.39696074962662        0.38720039684446       -0.03552494179818
C           -2.24162233110947        1.28981582120297       -0.68285793438429
C           -3.60324319174334        1.07151143317799       -0.77836109553553
C           -4.13058485795997       -0.07205589424146       -0.20935458353408
C           -3.34361967361993       -0.99662666974744        0.44962241960562
C           -1.98681912849777       -0.74560873011483        0.52029551202263
F           -1.22360496385626       -1.64487026318943        1.19435218678532
F           -5.46672809153862       -0.30088890137003       -0.29414033268828
C            3.22299688181609       -1.27183866669637       -0.38519206420378
O            2.81178358338915       -2.38297388617167       -0.66718998876730
O            4.53499643349509       -1.02498207725649       -0.31272564555986
O            4.09988869459906        1.52861134154481        0.28933089055703
H           -0.18426541718097        2.71950972918046        0.54698875669293
H            2.23900549035959        3.16429576732228        0.66508868961041
H            0.66234747579740       -1.36293053339790       -0.42014002838771
H           -1.81211950447019        2.16918704325553       -1.13438198061375
H           -4.25062172286851        1.76820946288403       -1.28441558996463
H           -3.76711509789178       -1.88032079913657        0.89712006262966
H            5.06665284619026       -1.82115832862731       -0.50572111982636
H            4.69522837204872        0.77562785732741        0.11791339979686
26
 energy: -53.614970564416 gnorm: 0.000637890710 xtb: 6.7.1 (edcfbbe)
C            0.52121000180430        1.92798431825176        0.35076867159009
C            1.86889679352654        2.18055528456434        0.42546927243419
C            2.81361314804230        1.17329485351314        0.19646410221778
C            2.35151120932939       -0.11971643322359       -0.11261683379212
C            0.97396334999071       -0.35766681196819       -0.17463246809245
C            0.04923645381852        0.64436437429114        0.05013194166405
C           -1.39704719022948        0.38869032159391       -0.03561652540531
C           -2.24281051486825        1.29027332735604       -0.68274911007117
C           -3.60412463638525        1.07052113798566       -0.77827952318358
C           -4.13024323431069       -0.07357875386670       -0.20934254489827
C           -3.34251234618979       -0.99710186312745        0.45011296177871
C           -1.98604085601897       -0.74436514253587        0.52072245032940
F           -1.22184555544844       -1.64237476648001        1.19526783269649
F           -5.46610770440249       -0.30398388978705       -0.29449522856750
C            3.22213979652261       -1.27206599825341       -0.38840981924760
O            2.81058837760488       -2.38190618085397       -0.67287170488504
O            4.53425029145965       -1.02688174580341       -0.30880131242964
O            4.10026964233481        1.52805349375271        0.29019351827247
H           -0.18277012755545        2.72100934835208        0.54721416613355
H            2.24034998713605        3.16389826139371        0.66492248089321
H            0.66094996570383       -1.36102866990337       -0.42238826559319
H           -1.81448437846750        2.17023182490364       -1.13415381031041
H           -4.25213892958620        1.76640319793554       -1.28429301363016
H           -3.76495133323977       -1.88104302981197        0.89767859038425
H            5.06557422338531       -1.82337692823536       -0.50121758917358
H            4.69576378527762        0.77517089086299        0.12002989688325
26
 energy: -53.614973319179 gnorm: 0.000687306729 xtb: 6.7.1 (edcfbbe)
C            0.52137277449054        1.92898992834978        0.35026465992789
C            1.86925562737097        2.18067894586490        0.42525309035622
C            2.81336402654100        1.17304108417076        0.19648974592148
C            2.35106945202688       -0.11940213156828       -0.11353246899849
C            0.97356032050354       -0.35638047039801       -0.17623358621169
C            0.04914785330591        0.64581630626253        0.04919881569306
C           -1.39695301335357        0.38991853911015       -0.03586061697550
C           -2.24343868380013        1.29075948893704       -0.68265268601071
C           -3.60443782163017        1.06959656346317       -0.77800241422298
C           -4.12964333225684       -0.07490325571263       -0.20917253198456
C           -3.34101810051898       -0.99734128318600        0.45076351609838
C           -1.98487375566879       -0.74334117586118        0.52117948258897
F           -1.21968961084751       -1.64021583738126        1.19639645654063
F           -5.46535257271344       -0.30682161220437       -0.29481935369429
C            3.22117043246384       -1.27209879703275       -0.38970049132471
O            2.80989784988448       -2.38030588298975       -0.67969404214237
O            4.53350669221236       -1.02874300706010       -0.30444934287110
O            4.10020385012197        1.52723029972654        0.29121385433740
H           -0.18191516295255        2.72239989839456        0.54678256752935
H            2.24113040632996        3.16355830522849        0.66498330029790
H            0.65979222777287       -1.35933361168378       -0.42467960994670
H           -1.81635490282265        2.17116947120639       -1.13401363422488
H           -4.25306374581748        1.76475130657062       -1.28387184790468
H           -3.76249856222220       -1.88139198998824        0.89852601309766
H            5.06408181037337       -1.82568686449372       -0.49744956514857
H            4.69492616044081        0.77341620318146        0.12218882526971
26
 energy: -53.614976245534 gnorm: 0.000586413474 xtb: 6.7.1 (edcfbbe)
C            0.52182248353501        1.93079781114428        0.34937616741319
C            1.86998207435809        2.18139190871205        0.42500625324837
C            2.81352978378264        1.17309392877986        0.19674052027361
C            2.35048216929227       -0.11864920889512       -0.11507103619964
C            0.97294847259092       -0.35458187681045       -0.17871877273120
C            0.04916787526664        0.64797891702315        0.04780434203769
C           -1.39684109883340        0.39158818226378       -0.03622454278377
C           -2.24447609641518        1.29134928449460       -0.68281704983441
C           -3.60522936495317        1.06814042194639       -0.77767208253681
C           -4.12882427907290       -0.07700025728741       -0.20867637098474
C           -3.33880965198831       -0.99790685328178        0.45183036220992
C           -1.98309293577474       -0.74201758562527        0.52190252508132
F           -1.21647032100897       -1.63729832326455        1.19788158382961
F           -5.46422856347394       -0.31105544497744       -0.29450630136715
C            3.21960805658488       -1.27169410587961       -0.39240457952256
O            2.80794146719935       -2.37733489274380       -0.69181628540319
O            4.53211318588569       -1.03212010205730       -0.29688664949794
O            4.10058908668432        1.52587907944984        0.29279024730218
H           -0.18084700426336        2.72467114640338        0.54601636057240
H            2.24262581102944        3.16381386856455        0.66540468147939
H            0.65831425749339       -1.35694349095390       -0.42846455959118
H           -1.81891371212975        2.17231757948428       -1.13444303629934
H           -4.25504054428013        1.76229007867340       -1.28346496526791
H           -3.75895011075395       -1.88227421357397        0.90026289231098
H            5.06163757934179       -1.82967519298788       -0.49055574507276
H            4.69420159913762        0.77059976230523        0.12581417733140
26
 energy: -53.614977861951 gnorm: 0.000272229358 xtb: 6.7.1 (edcfbbe)
C            0.52259822074430        1.93261485137504        0.34861668942229
C            1.87092332674944        2.18227773459882        0.42482229162327
C            2.81398837126914        1.17333921606862        0.19687672568630
C            2.34994448127413       -0.11776349572698       -0.11676997643059
C            0.97230028248881       -0.35272309891510       -0.18136246587116
C            0.04923499041272        0.65017328276361        0.04641970421872
C           -1.39683594947834        0.39327306509016       -0.03654275809984
C           -2.24578201635469        1.29180754469750       -0.68311125078812
C           -3.60633384977757        1.06663980358450       -0.77740086215459
C           -4.12815103164156       -0.07902726995197       -0.20782539560121
C           -3.33676145663849       -0.99851744794093        0.45302011518072
C           -1.98140715222273       -0.74074015535231        0.52255118754579
F           -1.21335821070399       -1.63450708844142        1.19893786737308
F           -5.46314899712251       -0.31517712614571       -0.29351153853174
C            3.21817503378863       -1.27099081992800       -0.39509393972053
O            2.80591022795741       -2.37372641167696       -0.70472793572844
O            4.53059371207220       -1.03564654964362       -0.28885929655387
O            4.10130668148266        1.52420286081194        0.29445185953079
H           -0.17970376337422        2.72689629878297        0.54513951009701
H            2.24427435839925        3.16436877582244        0.66591809383675
H            0.65705327144402       -1.35453754613897       -0.43240907098919
H           -1.82146434237441        2.17314813618546       -1.13525100035725
H           -4.25734235012340        1.75963069468674       -1.28339009786682
H           -3.75557086042941       -1.88330228393195        0.90207756429358
H            5.05910384648621       -1.83369489739984       -0.48321859236617
H            4.69369339490664        0.76734234763227        0.12975070824864
26
 energy: -53.614978056065 gnorm: 0.000095939245 xtb: 6.7.1 (edcfbbe)
C            0.52285841602320        1.93304359805385        0.34826097251358
C            1.87119474989934        2.18254486015402        0.42474845075776
C            2.81415339441936        1.17339828688927        0.19708579628896
C            2.34985654838940       -0.11752667139665       -0.11716460417427
C            0.97217417220381       -0.35226746849106       -0.18210596848695
C            0.04924852652281        0.65066931312206        0.04598280326745
C           -1.39685509173669        0.39363583304090       -0.03670806215001
C           -2.24617994062991        1.29179750384819       -0.68335678919037
C           -3.60670342757972        1.06625917608026       -0.77740655309859
C           -4.12806119876886       -0.07946705659253       -0.20747559344675
C           -3.33634579534809       -0.99863139593954        0.45341616890920
C           -1.98103097896348       -0.74044069750976        0.52268198507623
F           -1.21265319243837       -1.63391168920358        1.19895874731772
F           -5.46297851269639       -0.31593919020658       -0.29271345202109
C            3.21793621057120       -1.27075282630152       -0.39588289012456
O            2.80544588789757       -2.37262131325240       -0.70835509666284
O            4.53017287425536       -1.03658328478515       -0.28662837984180
O            4.10156224872393        1.52373166106956        0.29493640245103
H           -0.17948609646474        2.72728841365675        0.54501930558450
H            2.24460520972141        3.16459010647871        0.66610078452225
H            0.65696318165567       -1.35398817898078       -0.43356950427899
H           -1.82203752154718        2.17317272708426       -1.13567632977747
H           -4.25799851591460        1.75895854077261       -1.28346217397070
H           -3.75485795661318       -1.88347352167401        0.90268981712960
H            5.05857733881536       -1.83464027326880       -0.48114217579604
H            4.69367968883702        0.76651396825820        0.13087447519960
26
 energy: -53.614978015952 gnorm: 0.000184441507 xtb: 6.7.1 (edcfbbe)
C            0.52308223891399        1.93341804103963        0.34795277305377
C            1.87143044969431        2.18277787313371        0.42467503743707
C            2.81429907771991        1.17344292433626        0.19728651345572
C            2.34978206534385       -0.11734201094971       -0.11744034513727
C            0.97206436450539       -0.35189726891902       -0.18265675539982
C            0.04926151405169        0.65108515176226        0.04566259591997
C           -1.39687434839192        0.39394681845598       -0.03679978176118
C           -2.24650023083406        1.29180168705487       -0.68353331449138
C           -3.60699895690087        1.06594635707056       -0.77743145386722
C           -4.12798233351317       -0.07985079856820       -0.20725425475890
C           -3.33601234827305       -0.99874415743285        0.45369845711975
C           -1.98073742012844       -0.74018836319033        0.52280965044414
F           -1.21210009880923       -1.63342891182564        1.19899087313296
F           -5.46282869561404       -0.31659166060047       -0.29215612226435
C            3.21772675579562       -1.27057411626236       -0.39645746367838
O            2.80504698470076       -2.37178980555298       -0.71105041463427
O            4.52982451793201       -1.03730733252376       -0.28499098751917
O            4.10178144672433        1.52334379437481        0.29529719208873
H           -0.17929362718037        2.72762124175274        0.54497977881396
H            2.24490392562969        3.16478197153430        0.66624609651403
H            0.65687324865426       -1.35354404859860       -0.43443680424801
H           -1.82249944204222        2.17322288144441       -1.13596966672674
H           -4.25852443413225        1.75841885285137       -1.28353638239470
H           -3.75428480664740       -1.88364697323433        0.90312470287725
H            5.05812623413078       -1.83538500583315       -0.47960791312466
H            4.69367413790466        0.76584327958678        0.13170612514614
26
 energy: -53.614978112230 gnorm: 0.000062902470 xtb: 6.7.1 (edcfbbe)
C            0.52290502074694        1.93303200798457        0.34827844829733
C            1.87122346373962        2.18257312455272        0.42481305559784
C            2.81418531378707        1.17345184317704        0.19703648949513
C            2.34986664614032       -0.11743146853741       -0.11740385290044
C            0.97218435261030       -0.35217626614476       -0.18245546159145
C            0.04925122802361        0.65071438622047        0.04576758814316
C           -1.39685399004309        0.39364072946078       -0.03690016688602
C           -2.24630123813484        1.29172489475745       -0.68352695704865
C           -3.60683825346913        1.06619436991367       -0.77736001704847
C           -4.12809478152703       -0.07943925325179       -0.20713105876792
C           -3.33627920866035       -0.99858140785019        0.45365059412972
C           -1.98092840570847       -0.74042725788950        0.52260964713021
F           -1.21247132426219       -1.63382406001979        1.19882772063411
F           -5.46300849664963       -0.31592020667466       -0.29209298871110
C            3.21797172771435       -1.27062103159818       -0.39628688532083
O            2.80541327974068       -2.37212514611155       -0.70996762508664
O            4.53010359015863       -1.03689746224426       -0.28557717728004
O            4.10162843767527        1.52361107908803        0.29518830846444
H           -0.17951105901670        2.72729387682579        0.54478249798350
H            2.24455965675428        3.16465277858198        0.66618233443430
H            0.65707190026709       -1.35388483569587       -0.43408818213684
H           -1.82214364476519        2.17301131966421       -1.13603389537374
H           -4.25819868902512        1.75878337902547       -1.28349027723644
H           -3.75473904218358       -1.88338492053050        0.90306781095956
H            5.05856917344990       -1.83488442793518       -0.48018902090688
H            4.69367456187146        0.76627437613776        0.13140720702359
