23
 energy: -23.154752565428 gnorm: 0.022313462706 xtb: 6.7.1 (edcfbbe)
C            1.65764660398145        1.49648617088873        0.45067058661698
C            1.47124178941777       -0.01781089118604        0.36862191672918
C            0.36566209806896       -0.52711721697763       -0.57091156926153
H            0.58342555592277       -0.13733711150572       -1.57666433405406
C            0.44197302077180       -2.05687363974693       -0.63802633537643
C           -1.08083744737830       -0.08577116444354       -0.22093170015938
C           -1.39482929516020       -0.17978777537082        1.27397970253909
C           -1.44979187585035        1.29817624405615       -0.76511020034911
H            2.57741102853465        1.73782338473709        0.99465807966404
H            1.73573670879923        1.94007503398776       -0.54859305906475
H            0.83325872077112        1.98869203828239        0.97304983977464
H            1.30227953496971       -0.42243394235881        1.37539710022268
H            2.41339029302028       -0.46214704703828        0.02279086974192
H            1.44922632686703       -2.39105944304530       -0.90909435294088
H            0.19495677156642       -2.50333698782963        0.33254722014279
H           -0.25819273144199       -2.45711483695987       -1.37888887643665
H           -1.73900618516869       -0.80176331473268       -0.73426516505576
H           -1.13574542304586       -1.16162546826148        1.68408208441246
H           -2.46426795469390       -0.01885548402587        1.44901199575612
H           -0.84979833925499        0.58004927404294        1.84495916504011
H           -2.52014302291652        1.48852910726575       -0.62487877606993
H           -1.23575312669479        1.36954089002978       -1.83742697692899
H           -0.90557398070195        2.10032171819923       -0.25942213417297
23
 energy: -23.155560578080 gnorm: 0.007168011012 xtb: 6.7.1 (edcfbbe)
C            1.65756007847866        1.48871449466567        0.44637375970143
C            1.46968014803161       -0.02107451138354        0.37634880568703
C            0.36420081440468       -0.51573120442085       -0.56849095595498
H            0.58191462572192       -0.12745414093917       -1.57222427679463
C            0.44195682744003       -2.04330739059457       -0.63672263227861
C           -1.08341284903791       -0.09173037828863       -0.21808218012614
C           -1.39574474981793       -0.17347189205648        1.27425278616153
C           -1.44697267121903        1.29007403100659       -0.76153650605503
H            2.57615175871398        1.72098643256946        0.98541613947663
H            1.73237839480933        1.91920052035168       -0.55236730835771
H            0.83740443173887        1.97420868823475        0.97073765224575
H            1.29531450657052       -0.41406312355202        1.38197950348093
H            2.40998797331969       -0.45836674017384        0.02462664374224
H            1.44465297118723       -2.36820059496679       -0.91251802558907
H            0.19965033669436       -2.48857936763711        0.32829472873086
H           -0.25510288330806       -2.43619653789876       -1.37597821824401
H           -1.74007473355756       -0.80773472014728       -0.73021259105818
H           -1.13646916851268       -1.15218530375593        1.67492910656173
H           -2.46102001931636       -0.01456936486197        1.44071640606128
H           -0.85220198938421        0.58426961713674        1.83671169043925
H           -2.51262761112991        1.47323647244538       -0.62189348978181
H           -1.23132422737368        1.35371699690409       -1.82787429740214
H           -0.90363289406992        2.08491755536978       -0.25693165987679
23
 energy: -23.155648144715 gnorm: 0.001712076784 xtb: 6.7.1 (edcfbbe)
C            1.66018747325822        1.48782456515842        0.44606347700268
C            1.46641682500880       -0.02196888055227        0.38191494732096
C            0.36310459520601       -0.51496084418651       -0.56476899733477
H            0.58242060679242       -0.12142775857544       -1.56462011974162
C            0.44413789092228       -2.04234727577271       -0.64154752751719
C           -1.08280388531833       -0.09160803567432       -0.21518367964370
C           -1.39567760642380       -0.17091518190764        1.27670835743111
C           -1.44966405076555        1.28772196958799       -0.76279928555332
H            2.57976313715370        1.71771752510813        0.98049311478980
H            1.73249441310268        1.90881611004484       -0.55409289907001
H            0.84330933021086        1.97480102098456        0.96998079832878
H            1.28625828422417       -0.40931700599345        1.38589851527887
H            2.40375839295939       -0.46295115001071        0.03131960506861
H            1.44571178446881       -2.36085376499623       -0.92107890593591
H            0.20546595238040       -2.48684728663820        0.32167622418445
H           -0.25375453769749       -2.43027485961759       -1.37975597535325
H           -1.73748101185536       -0.81005953711626       -0.72450224993003
H           -1.13699740037488       -1.14769770019006        1.67681267923013
H           -2.45940264087106       -0.01122130142467        1.43832013012586
H           -0.85319453452828        0.58789917489899        1.83320012274674
H           -2.51349595698273        1.46872426810482       -0.62289766371289
H           -1.23285156710594        1.34689171342467       -1.82694714933394
H           -0.90543642338069        2.07871377335082       -0.25863843761181
23
 energy: -23.155680648281 gnorm: 0.001852839187 xtb: 6.7.1 (edcfbbe)
C            1.66365549998728        1.48691342499467        0.44505600031562
C            1.46378800345201       -0.02400380069101        0.38913232477661
C            0.36287921488957       -0.51275295422512       -0.56297668262224
H            0.58446567507534       -0.11274765786687       -1.55961094454294
C            0.44639306703624       -2.04060195621151       -0.64790415281996
C           -1.08391090352718       -0.09430426629436       -0.21353662248889
C           -1.39647283783821       -0.16794931293864        1.27980604512373
C           -1.45236111303380        1.28438563991333       -0.76447830031754
H            2.58533650189686        1.71532707128256        0.97565689297924
H            1.73488189209668        1.90029317506317       -0.55779478429304
H            0.84984202233131        1.97946280412909        0.96806742394492
H            1.27573164438681       -0.40505394898877        1.39326181342496
H            2.40017692731960       -0.47141118059690        0.04557316690761
H            1.44762107622818       -2.35346505547589       -0.93365413352142
H            0.21261126443887       -2.48963849271121        0.31397208107434
H           -0.25357602583294       -2.42431814170698       -1.38582854073306
H           -1.73772160314676       -0.81575387105946       -0.71961972080641
H           -1.13757636953385       -1.14312801386452        1.68279525965386
H           -2.46003575155194       -0.00757688915164        1.43977644594673
H           -0.85421252338072        0.59345292282785        1.83215717371927
H           -2.51584335201316        1.46417426026160       -0.62397719516859
H           -1.23606439177616        1.33987948284033       -1.82854998513159
H           -0.90733884712041        2.07547629847741       -0.26176848465165
23
 energy: -23.155709437966 gnorm: 0.001672819244 xtb: 6.7.1 (edcfbbe)
C            1.66938608724965        1.48508111829604        0.44363335105760
C            1.45928552680154       -0.02578774057332        0.39954626212628
C            0.36294457962687       -0.51149570438227       -0.55978231640643
H            0.58746829298529       -0.10286968833768       -1.55245986277227
C            0.45049269681097       -2.03898456616070       -0.65871683209566
C           -1.08512001179869       -0.09668412322559       -0.21072113554833
C           -1.39736151801164       -0.16363381944585        1.28378177325638
C           -1.45715867744545        1.27960490780798       -0.76712476690335
H            2.59393005616179        1.71292559590679        0.97021495811752
H            1.74028567833357        1.88985601732403       -0.56323900572961
H            0.85895370642318        1.98691096880949        0.96423187391559
H            1.25898502768514       -0.39669909508439        1.40546412396383
H            2.39606989995129       -0.48299370013732        0.06948033186609
H            1.45094280180968       -2.34670996361395       -0.95430374417027
H            0.22417416734029       -2.49717352296102        0.30125656356328
H           -0.25356826024518       -2.41841862185307       -1.39553667230072
H           -1.73847862358706       -0.82175691353349       -0.71216127078459
H           -1.13749870805598       -1.13694363574801        1.69217167165050
H           -2.46150404046899       -0.00316883188923        1.44323366750314
H           -0.85562126234687        0.60170751639601        1.83239939719814
H           -2.52067721181847        1.46006631830434       -0.62475630216254
H           -1.24335855157255        1.33081590449208       -1.83238418759406
H           -0.91030258544473        2.07301111761626       -0.26867279698097
23
 energy: -23.155717577215 gnorm: 0.000672325134 xtb: 6.7.1 (edcfbbe)
C            1.67236881145538        1.48325013449110        0.44269123673893
C            1.45721545824242       -0.02637531441948        0.40423895744673
C            0.36328943569655       -0.51020568472748       -0.55832638796340
H            0.58861529406256       -0.09770301187109       -1.54925215956653
C            0.45196864619625       -2.03649174845396       -0.66307462213860
C           -1.08583082304738       -0.09772462050735       -0.20912831581328
C           -1.39765840005235       -0.16177027410012        1.28506014539206
C           -1.45909215336868        1.27654677758144       -0.76812933098688
H            2.59704901493013        1.71043746077467        0.96928213904008
H            1.74602357939473        1.88471220734600       -0.56538539387583
H            0.86321663456585        1.99073966086746        0.96006412516113
H            1.25039196859492       -0.39219553705723        1.41074981343478
H            2.39367510155277       -0.48958645979968        0.08146237552585
H            1.45160106824075       -2.34190142165763       -0.96393223960006
H            0.22992743370113       -2.50021100974945        0.29541567625766
H           -0.25405469690422       -2.41410234229132       -1.39911844929987
H           -1.73824625882949       -0.82482527162679       -0.70882551429648
H           -1.13597019106425       -1.13364518867983        1.69592048960374
H           -2.46210465412088       -0.00307921841550        1.44461311045993
H           -0.85786666890343        0.60585987173998        1.83262347552713
H           -2.52228211039413        1.45753881009070       -0.62326748684665
H           -1.24882107872448        1.32536634414995       -1.83430914814274
H           -0.91114634084050        2.07202537432271       -0.27381741528815
23
 energy: -23.155720866145 gnorm: 0.000257058679 xtb: 6.7.1 (edcfbbe)
C            1.67472996722920        1.48227147159934        0.44237604853660
C            1.45618389451481       -0.02637174316927        0.40634707039350
C            0.36331608503773       -0.50978960187786       -0.55749573628689
H            0.58863642271802       -0.09555804445857       -1.54764366357283
C            0.45287546428708       -2.03533029253075       -0.66496287401036
C           -1.08635255760365       -0.09764389615286       -0.20849087927838
C           -1.39797535143860       -0.16116952695868        1.28536291227546
C           -1.46082451056541        1.27543054242946       -0.76850962918400
H            2.59821748263276        1.70890836967822        0.97143577591423
H            1.75229135241086        1.88184767190902       -0.56629066266714
H            0.86493793531609        1.99245772631620        0.95606423307867
H            1.24669374538021       -0.38997708839515        1.41301989002474
H            2.39225220519962       -0.49214337469973        0.08646008377980
H            1.45210935180965       -2.34002942852466       -0.96789491215709
H            0.23259622820018       -2.50064104346649        0.29305902455155
H           -0.25418992151523       -2.41246243346732       -1.40031597690484
H           -1.73804787089868       -0.82566579441148       -0.70773529091787
H           -1.13384618936458       -1.13203083759777        1.69710702775583
H           -2.46287088857215       -0.00517453033546        1.44487889917712
H           -0.86028007982529        0.60834877534120        1.83243856142799
H           -2.52353010954054        1.45748839851651       -0.62074936088802
H           -1.25379921800219        1.32232630055138       -1.83543810642962
H           -0.91085436702621        2.07156791771178       -0.27746735384891
23
 energy: -23.155723792960 gnorm: 0.000681003788 xtb: 6.7.1 (edcfbbe)
C            1.67695665902078        1.48166219890574        0.44220275169600
C            1.45570217520595       -0.02629130884183        0.40749341187819
C            0.36329532661826       -0.50896576200451       -0.55728925937603
H            0.58864174770564       -0.09348771180689       -1.54691906496363
C            0.45314452738567       -2.03413071491045       -0.66596573614740
C           -1.08694989934521       -0.09770550713693       -0.20813893947979
C           -1.39844212287598       -0.16130316544907        1.28555683373028
C           -1.46217240356473        1.27463791392446       -0.76884072135475
H            2.59794071518058        1.70737503966759        0.97616394439039
H            1.76130932440866        1.87953015882847       -0.56670564357104
H            0.86534463843725        1.99472832099764        0.95025938233727
H            1.24393081118121       -0.38823786400358        1.41431862416543
H            2.39136920583240       -0.49437657877267        0.08968498823446
H            1.45213352737600       -2.33837974716096       -0.97022911548265
H            0.23415378869921       -2.50048500079412        0.29190231454453
H           -0.25446821434532       -2.41129314378140       -1.40084446206623
H           -1.73801813704245       -0.82636025737863       -0.70731248040728
H           -1.13065976809746       -1.13084204316077        1.69818249871396
H           -2.46395638669256       -0.00926130032484        1.44517337375217
H           -0.86368924118095        0.61073386917425        1.83210930315383
H           -2.52404579776076        1.45825034467879       -0.61657536376769
H           -1.26006689985851        1.31964011598469       -1.83684947998825
H           -0.90918450590403        2.07122168137210       -0.28182207922222
23
 energy: -23.155726331122 gnorm: 0.000570363009 xtb: 6.7.1 (edcfbbe)
C            1.67973294493780        1.48120847237809        0.44202549953095
C            1.45489528595855       -0.02626855509933        0.40886688740691
C            0.36301119990798       -0.50803700639923       -0.55709097679884
H            0.58852164825347       -0.09136934245542       -1.54613936641697
C            0.45354968036897       -2.03312256544812       -0.66724419949144
C           -1.08758592065782       -0.09791896720811       -0.20803820899135
C           -1.39875377265183       -0.16123266216479        1.28577505367916
C           -1.46412034982160        1.27395142593855       -0.76903200171705
H            2.59671200488860        1.70553764700864        0.98347324617649
H            1.77382430900241        1.87669172812810       -0.56698517950688
H            0.86515908836999        1.99734325078584        0.94206608980251
H            1.24094495798043       -0.38645129357179        1.41583237916150
H            2.39015283070859       -0.49647815455916        0.09301892332037
H            1.45243049726306       -2.33677417911067       -0.97242959500491
H            0.23536185177096       -2.50008201423502        0.29049047356120
H           -0.25445762790119       -2.40997612068293       -1.40185377899310
H           -1.73812299415028       -0.82725841077618       -0.70689376758567
H           -1.12598757084019       -1.12893459374002        1.69933126399339
H           -2.46504834729946       -0.01473472644714        1.44515523265755
H           -0.86805251307954        0.61419003249448        1.83145350246408
H           -2.52465949608400        1.45974593014482       -0.61030416363652
H           -1.26879514129308        1.31604045460133       -1.83839121347648
H           -0.90644349524817        2.07058918842513       -0.28753101936535
23
 energy: -23.155726932383 gnorm: 0.000211839077 xtb: 6.7.1 (edcfbbe)
C            1.68088264570777        1.48111980030658        0.44224560341166
C            1.45466008513507       -0.02632843366973        0.40934227491524
C            0.36286780988465       -0.50743912568997       -0.55709450852222
H            0.58862217366401       -0.09019885512283       -1.54585109109849
C            0.45357981218830       -2.03270664090452       -0.66806036777866
C           -1.08770846645767       -0.09807736105932       -0.20778430317229
C           -1.39879134928082       -0.16118066695570        1.28624916889900
C           -1.46505098431103        1.27348103062514       -0.76950206108250
H            2.59579312194195        1.70473370375254        0.98739040443132
H            1.77977037367614        1.87513220923562       -0.56678010208633
H            0.86476660153669        1.99860379759819        0.93822959702276
H            1.23970845273684       -0.38569004577322        1.41633604781117
H            2.38975384257713       -0.49743174966573        0.09433610739908
H            1.45258526099068       -2.33588411712756       -0.97319608226951
H            0.23526122266290       -2.50007006683919        0.28944263001457
H           -0.25423030105129       -2.40912523830594       -1.40303967851493
H           -1.73819380257859       -0.82777742186397       -0.70613540406580
H           -1.12367325653298       -1.12786809230114        1.70060221864035
H           -2.46539243359638       -0.01699682532601        1.44546439918139
H           -0.86980079789766        0.61603516853141        1.83094798584089
H           -2.52484464826692        1.46016627186224       -0.60735622298678
H           -1.27320199502131        1.31410530612012       -1.83951775189771
H           -0.90509429732381        2.07005689058006       -0.29071378332267
23
 energy: -23.155726523306 gnorm: 0.000332083688 xtb: 6.7.1 (edcfbbe)
C            1.68199532443358        1.48104331160521        0.44245664756126
C            1.45444104722084       -0.02637658603819        0.40978387670981
C            0.36272940252992       -0.50685796515981       -0.55710275492113
H            0.58872518966598       -0.08907933043242       -1.54558265477577
C            0.45359879434299       -2.03230607392537       -0.66882736808902
C           -1.08782135599475       -0.09821852874782       -0.20753379326501
C           -1.39884836230062       -0.16116775077805        1.28670555543920
C           -1.46593251111330        1.27303887908526       -0.76996355684750
H            2.59493102960689        1.70396474452730        0.99113446686211
H            1.78547761168471        1.87362527273636       -0.56659035627164
H            0.86440527598855        1.99983098881999        0.93455039321599
H            1.23852104123126       -0.38493526366431        1.41680788545849
H            2.38937538893099       -0.49834990076628        0.09559191982356
H            1.45271875726140       -2.33502562111498       -0.97393269330515
H            0.23518259052631       -2.50004278759602        0.28846699295623
H           -0.25403648429958       -2.40832087189737       -1.40414045831764
H           -1.73825858436921       -0.82825211682103       -0.70541369939879
H           -1.12146747012727       -1.12688154222163        1.70182500590000
H           -2.46574456200710       -0.01920160306908        1.44575389379605
H           -0.87150279677463        0.61777329645225        1.83045800069685
H           -2.52501110252381        1.46056995877509       -0.60453816718937
H           -1.27740916510254        1.31228922851943       -1.84060736355758
H           -0.90379998842694        2.06953979971852       -0.29374669171140
23
 energy: -23.155727082228 gnorm: 0.000071347682 xtb: 6.7.1 (edcfbbe)
C            1.68087244671022        1.48112701747720        0.44241394595901
C            1.45467126372744       -0.02646164226739        0.40937630808368
C            0.36283201548080       -0.50738381771447       -0.55712719247060
H            0.58859359844283       -0.09005301961438       -1.54584863820309
C            0.45357251071376       -2.03274448295469       -0.66829709446384
C           -1.08771665213469       -0.09825553132865       -0.20783571839009
C           -1.39850163196723       -0.16078518166562        1.28638922043952
C           -1.46532705614427        1.27333386798548       -0.76954463019332
H            2.59524717323988        1.70463971409057        0.98842570076356
H            1.78071510014884        1.87514816116715       -0.56645315188359
H            0.86436285689185        1.99856989781482        0.93768503810889
H            1.23985471567050       -0.38607272440463        1.41630505900256
H            2.38977494466239       -0.49736220642390        0.09415301020846
H            1.45277592840295       -2.33588152721807       -0.97280411934717
H            0.23450954642231       -2.50020920877021        0.28898852741951
H           -0.25377898518654       -2.40887318733415       -1.40385281103152
H           -1.73824749412726       -0.82814709145053       -0.70588613833572
H           -1.12310530279548       -1.12729087448410        1.70090239765512
H           -2.46511593545653       -0.01690405562940        1.44565032544937
H           -0.86966174927438        0.61667798509893        1.83087212450391
H           -2.52497728249769        1.46014243582236       -0.60681636578369
H           -1.27415027761119        1.31340797743143       -1.83966178258277
H           -0.90493066293488        2.07003703237932       -0.29147893413866
23
 energy: -23.155727167163 gnorm: 0.000035426062 xtb: 6.7.1 (edcfbbe)
C            1.68047152980506        1.48111304618051        0.44259684414938
C            1.45476301341074       -0.02651890654265        0.40921784819529
C            0.36286732735160       -0.50747583369628       -0.55719063949043
H            0.58857174753219       -0.09018391837828       -1.54594081463517
C            0.45352217387759       -2.03282039265607       -0.66834296833672
C           -1.08760890943768       -0.09821279581355       -0.20772009793785
C           -1.39827290574052       -0.16057972059575        1.28650930713913
C           -1.46521234552229        1.27325406172565       -0.76968495951710
H            2.59515632737806        1.70478360344911        0.98804072652271
H            1.77944077287357        1.87548148197516       -0.56623910063552
H            0.86408400302549        1.99806224595460        0.93860881567288
H            1.24030477267248       -0.38647222729712        1.41610298893536
H            2.38994610657170       -0.49702050979535        0.09364090679475
H            1.45284298128950       -2.33607980795319       -0.97234305087328
H            0.23390556571626       -2.50029299312908        0.28880489678255
H           -0.25349570633908       -2.40883824356572       -1.40427290143321
H           -1.73821739343458       -0.82814939826837       -0.70557816632801
H           -1.12340189949230       -1.12723668113116        1.70103308691957
H           -2.46477938290132       -0.01601958522912        1.44588223305469
H           -0.86890156742541        0.61658422684698        1.83088316073701
H           -2.52497802949368        1.45984849372956       -0.60741749807433
H           -1.27355062581352        1.31340000514061       -1.83972502936829
H           -0.90518848552020        2.07003338705657       -0.29131050750383
