17
 energy: -346.936807021624 gnorm: 0.019156899869 xtb: 6.7.1 (edcfbbe)
C           -3.11896356338651        0.71866292902602        0.08879833875156
C           -1.61578002175483        0.75021467193669        0.36440940043692
C           -0.91014929924078       -0.31267099940262       -0.47534867758446
C            0.56181075809943       -0.50248063398969       -0.25112227707394
O            1.16225594058592       -1.54145105160039       -0.51078833423756
O            1.17655934399181        0.60380782409860        0.22215221656751
C            2.61034245054297        0.49387938038429        0.37111516678221
H           -3.32090787658875        0.89085798302955       -0.97227110427352
H           -3.53136283995699       -0.25863957273250        0.35549342772448
H           -3.64609689065777        1.47962921737042        0.66574810271533
H           -1.43060740412628        0.56643377759305        1.42757092703864
H           -1.21349723944178        1.73868122069415        0.12719974017448
H           -1.01651626116386       -0.06196120940597       -1.53871051678299
H           -1.37598245421304       -1.29167310893607       -0.33658020210998
H            2.92248337753347        1.40629439983573        0.89750965091119
H            3.08579868309400        0.44083653575055       -0.62170716574393
H            2.86653879826611       -0.39915782251861        0.96204826684387
17
 energy: -346.937185002832 gnorm: 0.005146838184 xtb: 6.7.1 (edcfbbe)
C           -3.11880795508344        0.72099513882911        0.09253262019336
C           -1.61521803401384        0.74553776716080        0.36212454607353
C           -0.91048794772796       -0.31724938931323       -0.47977503490796
C            0.56250694299507       -0.50331002953488       -0.26359481638629
O            1.16319935584548       -1.53690161203144       -0.51872077429660
O            1.17483834967998        0.59761360620741        0.21574887903283
C            2.61110601988984        0.49598144420920        0.37646969134997
H           -3.32624269157103        0.89944451261881       -0.96791548289065
H           -3.54313498914068       -0.25335421832857        0.35693792504309
H           -3.64014022856117        1.48634934646911        0.67356314618920
H           -1.42434737920367        0.56103068899747        1.42505589886445
H           -1.21055601664500        1.73497153739440        0.12831548882045
H           -1.02104194045268       -0.07360129735363       -1.54590046512187
H           -1.37518389668421       -1.29774465827514       -0.33862658306658
H            2.91643774664128        1.40876346201915        0.89003989653903
H            3.09216640629637        0.43470209004117       -0.60496948966941
H            2.87083253602842       -0.38196521858676        0.97423398915305
17
 energy: -346.937282455736 gnorm: 0.003360009002 xtb: 6.7.1 (edcfbbe)
C           -3.11718457247941        0.72498606235212        0.09607325592661
C           -1.61334195767315        0.73952563709326        0.35920166537736
C           -0.90999109240681       -0.32266616831585       -0.48493151392417
C            0.56327977878511       -0.50736279972790       -0.26701259198628
O            1.16864804695340       -1.53328130187765       -0.53295873832369
O            1.17162899288898        0.59291800237537        0.21253803844871
C            2.60973049396057        0.49870695121387        0.38061864901885
H           -3.33045886909741        0.91081023006782       -0.96275856957722
H           -3.55176375139749       -0.24620562126801        0.35842596987171
H           -3.63038505713134        1.49341856895329        0.68281538001240
H           -1.41812675420489        0.55214157843767        1.42141537243368
H           -1.20561118139175        1.72917895437580        0.12903672882790
H           -1.02420398601714       -0.08364720974666       -1.55264098247409
H           -1.37311630876387       -1.30446486221440       -0.34247914578581
H            2.90491298678428        1.41938570160114        0.88029885421396
H            3.09417382725833        0.42426226838979       -0.59518587683491
H            2.86773649333483       -0.36644347603877        0.99306599712495
17
 energy: -346.937356450054 gnorm: 0.004394190933 xtb: 6.7.1 (edcfbbe)
C           -3.11402363993277        0.73018919848129        0.10102416173611
C           -1.60965184777059        0.73201598565879        0.35572904058552
C           -0.91054023862576       -0.33011650621175       -0.49201062414360
C            0.56579663747409       -0.50788927632796       -0.28286469571540
O            1.17619180916043       -1.52985805062654       -0.55183850464681
O            1.16626755173331        0.58989302339915        0.20748825961185
C            2.60541029943914        0.50222089420045        0.38776722997529
H           -3.33398542940464        0.92518292904278       -0.95525981838312
H           -3.55875288679064       -0.23738413115021        0.36103798185517
H           -3.61618438195342        1.50122838959394        0.69535853827336
H           -1.40937215345164        0.54078544438334        1.41669758018962
H           -1.19783942952982        1.72091022686810        0.12824246838772
H           -1.03221307222472       -0.09728205958103       -1.56068638415782
H           -1.36984300783558       -1.31347503134003       -0.34388856897124
H            2.89007600486560        1.43529003215773        0.86964181312286
H            3.09618024777253        0.40826746021948       -0.58262060936655
H            2.85841187298750       -0.34871647687765        1.02170921399197
17
 energy: -346.937408497478 gnorm: 0.003150894840 xtb: 6.7.1 (edcfbbe)
C           -3.10931226279060        0.73591444036335        0.10611560407230
C           -1.60421013924751        0.72391562308595        0.35215244803481
C           -0.91238174094756       -0.33879042802950       -0.50041261224553
C            0.56663549975710       -0.50893163263663       -0.29608207556510
O            1.18501444560627       -1.52394073305237       -0.57927297274132
O            1.15790552694486        0.58761077455730        0.20547741682070
C            2.59742127695268        0.50678847131836        0.39577323631099
H           -3.33501374056215        0.94161289147576       -0.94680345027662
H           -3.56231992927969       -0.22838630627354        0.36287007677809
H           -3.59884904713085        1.50782564185294        0.70973359611903
H           -1.40034134454970        0.52710132211385        1.41140945970404
H           -1.18651801179586        1.71076111085014        0.12703438480617
H           -1.04211475311131       -0.11024207931662       -1.56888119449723
H           -1.36654002368811       -1.32373722346054       -0.34585036523896
H            2.87616602772894        1.45565267514644        0.85282318255681
H            3.09572951090753        0.38424869732606       -0.56902322633009
H            2.84465836030899       -0.32614163842730        1.05846922924109
17
 energy: -346.937425394405 gnorm: 0.001825626216 xtb: 6.7.1 (edcfbbe)
C           -3.10835946843555        0.73679302409327        0.10662846569114
C           -1.60302020598282        0.72311149554218        0.35172425432217
C           -0.91298742897153       -0.33994311382674       -0.50143184106570
C            0.56675437643185       -0.50758466697616       -0.29955541842367
O            1.18677010470605       -1.52081668885006       -0.58811695251787
O            1.15608611675577        0.58777587709064        0.20830509813499
C            2.59443720445798        0.50723520923083        0.39776036573573
H           -3.33346086217242        0.94427360335332       -0.94545870882730
H           -3.55989198186905       -0.22791274593414        0.36220549724146
H           -3.59642284667265        1.50700084562969        0.71205854206334
H           -1.39952515904959        0.52532542068105        1.41053404371943
H           -1.18385416923787        1.70871333620664        0.12576445048827
H           -1.04556176135686       -0.11170589496218       -1.56910562917994
H           -1.36509103332579       -1.32506597729136       -0.34397407848518
H            2.87664112084802        1.45884962650429        0.84731683175629
H            3.09312273687412        0.37616701650924       -0.56592896854792
H            2.84029307461908       -0.32095461428215        1.06680800420970
17
 energy: -346.937436773235 gnorm: 0.001898674499 xtb: 6.7.1 (edcfbbe)
C           -3.10802631962767        0.73622420073980        0.10579212792776
C           -1.60240277684691        0.72460933910282        0.35239302458352
C           -0.91346390247221       -0.33897306401186       -0.50056247247647
C            0.56665384614305       -0.50440912423188       -0.30255698847910
O            1.18770316643789       -1.51432864280672       -0.60076990748385
O            1.15570301643534        0.58793286594381        0.21479185128877
C            2.59169500474606        0.50571515910433        0.39963397372424
H           -3.33113580634918        0.94549348136790       -0.94571398188334
H           -3.55513538468126       -0.23089042110481        0.35838082736192
H           -3.59764146322215        1.50246941212294        0.71315781889164
H           -1.40036718856916        0.52691910906236        1.41106320826260
H           -1.18282138637982        1.70913388749063        0.12477676406605
H           -1.05008358790646       -0.11175543352890       -1.56732247262790
H           -1.36276312483965       -1.32421871040765       -0.33885711405182
H            2.88150974559955        1.45986666001457        0.83896332301784
H            3.08837482660870        0.36359695965168       -0.56327994791237
H            2.83813101913006       -0.31612340277607        1.07564493070923
17
 energy: -346.937442253941 gnorm: 0.001016549547 xtb: 6.7.1 (edcfbbe)
C           -3.10852754395835        0.73598075671608        0.10567578847445
C           -1.60283790393691        0.72526505928278        0.35261104682003
C           -0.91315757100682       -0.33831679851872       -0.49984351638225
C            0.56715401284071       -0.50366786295750       -0.30422078191905
O            1.18871121263722       -1.51132957915587       -0.60712325675756
O            1.15644449173639        0.58696856162132        0.21674704937413
C            2.59251616288718        0.50468983236501        0.40052327300033
H           -3.33177493718620        0.94694154130635       -0.94578869700186
H           -3.55524730895593       -0.23224216683686        0.35603424467319
H           -3.59972005337951        1.50088419165539        0.71426502994076
H           -1.40062610846996        0.52820021373511        1.41152705606564
H           -1.18400829788170        1.71039010860484        0.12521465353203
H           -1.05153639636676       -0.11308178250055       -1.56704125841718
H           -1.36185534961574       -1.32378994107200       -0.33672456751774
H            2.88274187545688        1.46091513724570        0.83504164580676
H            3.08823133705581        0.35733398871879       -0.56207537435828
H            2.83942198729173       -0.31387876246498        1.08071314499487
17
 energy: -346.937445174454 gnorm: 0.000683001232 xtb: 6.7.1 (edcfbbe)
C           -3.10955064556074        0.73440175819475        0.10450396294916
C           -1.60416074386572        0.72770230510435        0.35346478082901
C           -0.91286991440204       -0.33609336147214       -0.49748409948041
C            0.56724438977636       -0.50253673842176       -0.30323798249406
O            1.18812690449161       -1.50892099598636       -0.61020309939190
O            1.15815738521094        0.58596444408797        0.22033005529355
C            2.59532286166619        0.50283512351638        0.40021217037448
H           -3.33230405004196        0.94568725663804       -0.94725107352905
H           -3.55470086738084       -0.23530207762978        0.35290644400264
H           -3.60477563459520        1.49752029105822        0.71278901859549
H           -1.40246821365117        0.53268153169332        1.41302574582273
H           -1.18760812031145        1.71398760616165        0.12569394071894
H           -1.05129527574653       -0.11311444383292       -1.56536547879811
H           -1.36212953085164       -1.32145708798334       -0.33389383589106
H            2.88683710872720        1.45844146660668        0.83381783903898
H            3.08834836104620        0.35501511823525       -0.56316775400903
H            2.84375528446956       -0.31554937120995        1.07939434292367
17
 energy: -346.937445174454 gnorm: 0.000683001232 xtb: 6.7.1 (edcfbbe)
C           -3.10955064556074        0.73440175819475        0.10450396294916
C           -1.60416074386572        0.72770230510435        0.35346478082901
C           -0.91286991440204       -0.33609336147214       -0.49748409948041
C            0.56724438977636       -0.50253673842176       -0.30323798249406
O            1.18812690449161       -1.50892099598636       -0.61020309939190
O            1.15815738521094        0.58596444408797        0.22033005529355
C            2.59532286166619        0.50283512351638        0.40021217037448
H           -3.33230405004196        0.94568725663804       -0.94725107352905
H           -3.55470086738084       -0.23530207762978        0.35290644400264
H           -3.60477563459520        1.49752029105822        0.71278901859549
H           -1.40246821365117        0.53268153169332        1.41302574582273
H           -1.18760812031145        1.71398760616165        0.12569394071894
H           -1.05129527574653       -0.11311444383292       -1.56536547879811
H           -1.36212953085164       -1.32145708798334       -0.33389383589106
H            2.88683710872720        1.45844146660668        0.83381783903898
H            3.08834836104620        0.35501511823525       -0.56316775400903
H            2.84375528446956       -0.31554937120995        1.07939434292367
