----------------------------------------------- 
  Element       SASA      Sigma Z        Total  
     Z         Ang**2 cal/Ang**2/mol   kcal/mol 
----------------------------------------------- 
      H        132.978      48.690       6.475
      C         22.703     129.740       2.945
      O         18.887       0.000       0.000

 Subtotal:     174.568                   9.420
 -----------------------------------------------

  Elements    COT*SASA   Sigma Z,Z'     Total   
    Z,Z'       Ang**2  cal/Ang**2/mol kcal/mol  
 ---------------------------------------------- 
  H   C         81.028     -60.770      -4.924
  H   O          9.046       0.000       0.000
  C   C         16.663     -72.950      -1.216
  O   C          0.024      68.690       0.002

 Subtotal:                              -6.138
 ---------------------------------------------- 

 NONAQUEOUS SOLVENT CONTRIBUTION (kcal/mol):
 (proportional to SASA, atomic number independent)
 ---------------------------------------------- 
 Subtotal:                               0.000
 ---------------------------------------------- 

 CDS TOTAL (kcal/mol):                   3.282
...............................................................................
