----------------------------------------------- 
  Element       SASA      Sigma Z        Total  
     Z         Ang**2 cal/Ang**2/mol   kcal/mol 
----------------------------------------------- 
      H        147.799      48.690       7.196
      C         62.417     129.740       8.098
      O         24.461       0.000       0.000

 Subtotal:     234.678                  15.294
 -----------------------------------------------

  Elements    COT*SASA   Sigma Z,Z'     Total   
    Z,Z'       Ang**2  cal/Ang**2/mol kcal/mol  
 ---------------------------------------------- 
  H   C         99.306     -60.770      -6.035
  H   O          0.000       0.000       0.000
  C   C         64.236     -72.950      -4.686
  O   C         14.742      68.690       1.013

 Subtotal:                              -9.708
 ---------------------------------------------- 

 NONAQUEOUS SOLVENT CONTRIBUTION (kcal/mol):
 (proportional to SASA, atomic number independent)
 ---------------------------------------------- 
 Subtotal:                               0.000
 ---------------------------------------------- 

 CDS TOTAL (kcal/mol):                   5.586
...............................................................................
