17
 energy: -346.938804786634 gnorm: 0.002703191711 xtb: 6.7.1 (edcfbbe)
C           -3.26668962078261        0.42853655909384        0.13830066415554
C           -1.92459961230705        0.22730065196380       -0.55798126523350
C           -0.77123303384355        0.25328125261396        0.43753849890443
C            0.57600865072601        0.07956244384528       -0.19921563533837
O            0.78386942009152       -0.14403150516239       -1.37949658724134
O            1.57095833286330        0.20068215789466        0.70954887749633
C            2.91666286281339        0.03506393536016        0.19560100957557
H           -3.45013729499205       -0.35988295622883        0.87684015478723
H           -3.29845670138130        1.39110431997739        0.66097387937911
H           -4.08913057198863        0.41111044062021       -0.58355255428275
H           -1.77238403140106        1.01068623744020       -1.30909526880224
H           -1.92088283355800       -0.72873368326232       -1.09313390768468
H           -0.88205596201638       -0.54241781508302        1.18635517841741
H           -0.75713714762747        1.19359948176247        1.00253902026667
H            3.13113294104686        0.79748803647141       -0.55781187173836
H            3.03832377812336       -0.96238474405731       -0.23438054891956
H            3.57255672763802        0.15877572312743        1.05705982454789
17
 energy: -346.938809709671 gnorm: 0.001840747874 xtb: 6.7.1 (edcfbbe)
C           -3.26669524617820        0.42785092520359        0.13835472019334
C           -1.92455984093187        0.22720674770810       -0.55796073877722
C           -0.77120987533117        0.25436765548069        0.43735863763821
C            0.57650531306370        0.08250166460537       -0.19940930569163
O            0.78360345224823       -0.14270161307670       -1.37943575054275
O            1.57062432993628        0.19988864252455        0.70895005236675
C            2.91677599631208        0.03397139703962        0.19562526096672
H           -3.44923622932181       -0.36035523985266        0.87704195963941
H           -3.29897010804840        1.39033027430606        0.66075998560138
H           -4.08934304352439        0.40971650227135       -0.58298587054113
H           -1.77292746659271        1.01064744421922       -1.30909902413562
H           -1.92011991150037       -0.72877220072342       -1.09315350113711
H           -0.88177368648640       -0.54074108365242        1.18679326184436
H           -0.75782568550310        1.19504491803215        1.00165774327521
H            3.13150726092621        0.79670640429131       -0.55692758303613
H            3.03837951398997       -0.96305987420299       -0.23475138467208
H            3.57207113943745        0.15713844564575        1.05727096764452
17
 energy: -346.938814175106 gnorm: 0.001000142410 xtb: 6.7.1 (edcfbbe)
C           -3.26654082668932        0.42631981709753        0.13852549523673
C           -1.92428608041748        0.22785702471180       -0.55813220170497
C           -0.77115891656458        0.25711457072455        0.43705720951169
C            0.57737669739917        0.08350027097058       -0.19873252787390
O            0.78288323855375       -0.13781558174585       -1.38000461146047
O            1.56974178092610        0.19681093313354        0.70786870720998
C            2.91698104845330        0.03198857413230        0.19558301625347
H           -3.44675634272040       -0.36152405811829        0.87773594893463
H           -3.30034606709180        1.38878009999413        0.66021258000878
H           -4.08963192203242        0.40596881008645       -0.58184639536878
H           -1.77404931319728        1.01118152487611       -1.30961077998528
H           -1.91833178051412       -0.72822552515282       -1.09309378740693
H           -0.88207449343716       -0.53642923051573        1.18793305214133
H           -0.75843335486760        1.19878069818083        0.99966041563307
H            3.13158434889747        0.79527390248241       -0.55568944660113
H            3.03896915157124       -0.96446039182500       -0.23520604488274
H            3.57087876400027        0.15462050901938        1.05782872156831
17
 energy: -346.938816115700 gnorm: 0.000585316092 xtb: 6.7.1 (edcfbbe)
C           -3.26644136259279        0.42550337584499        0.13871270547811
C           -1.92415000474531        0.22806276011354       -0.55824810808344
C           -0.77106372020997        0.25831123915236        0.43703017473548
C            0.57737598609067        0.08439588625324       -0.19907695631400
O            0.78275716060698       -0.13541163325876       -1.38096544479643
O            1.56966303213799        0.19587134735101        0.70817154910834
C            2.91689723094813        0.03101297764308        0.19574317378719
H           -3.44591501662337       -0.36246001353347        0.87835070513984
H           -3.30108672969921        1.38836208505618        0.66014377092575
H           -4.08957405881283        0.40409686755492       -0.58189614864795
H           -1.77469883618344        1.01141193258418       -1.30991797002138
H           -1.91752680029693       -0.72818097582662       -1.09296486055846
H           -0.88179103447493       -0.53442610723444        1.18886085858770
H           -0.75827125570429        1.20070707141373        0.99858115932970
H            3.13162064914514        0.79494047530998       -0.55531468700971
H            3.03840653306535       -0.96544692091080       -0.23570662302251
H            3.57060417874842        0.15299207620246        1.05858602132170
17
 energy: -346.938816115700 gnorm: 0.000585316092 xtb: 6.7.1 (edcfbbe)
C           -3.26644136259279        0.42550337584499        0.13871270547811
C           -1.92415000474531        0.22806276011354       -0.55824810808344
C           -0.77106372020997        0.25831123915236        0.43703017473548
C            0.57737598609067        0.08439588625324       -0.19907695631400
O            0.78275716060698       -0.13541163325876       -1.38096544479643
O            1.56966303213799        0.19587134735101        0.70817154910834
C            2.91689723094813        0.03101297764308        0.19574317378719
H           -3.44591501662337       -0.36246001353347        0.87835070513984
H           -3.30108672969921        1.38836208505618        0.66014377092575
H           -4.08957405881283        0.40409686755492       -0.58189614864795
H           -1.77469883618344        1.01141193258418       -1.30991797002138
H           -1.91752680029693       -0.72818097582662       -1.09296486055846
H           -0.88179103447493       -0.53442610723444        1.18886085858770
H           -0.75827125570429        1.20070707141373        0.99858115932970
H            3.13162064914514        0.79494047530998       -0.55531468700971
H            3.03840653306535       -0.96544692091080       -0.23570662302251
H            3.57060417874842        0.15299207620246        1.05858602132170
