----------------------------------------------- 
  Element       SASA      Sigma Z        Total  
     Z         Ang**2 cal/Ang**2/mol   kcal/mol 
----------------------------------------------- 
      H        116.744      48.690       5.684
      C         76.446     129.740       9.918
      O         46.166       0.000       0.000

 Subtotal:     239.356                  15.602
 -----------------------------------------------

  Elements    COT*SASA   Sigma Z,Z'     Total   
    Z,Z'       Ang**2  cal/Ang**2/mol kcal/mol  
 ---------------------------------------------- 
  H   C         70.587     -60.770      -4.290
  H   O          8.736       0.000       0.000
  C   C         89.838     -72.950      -6.554
  O   C         20.784      68.690       1.428
  O   O          0.000       0.000       0.000

 Subtotal:                              -9.416
 ---------------------------------------------- 

 NONAQUEOUS SOLVENT CONTRIBUTION (kcal/mol):
 (proportional to SASA, atomic number independent)
 ---------------------------------------------- 
 Subtotal:                               0.000
 ---------------------------------------------- 

 CDS TOTAL (kcal/mol):                   6.187
...............................................................................
