----------------------------------------------- 
  Element       SASA      Sigma Z        Total  
     Z         Ang**2 cal/Ang**2/mol   kcal/mol 
----------------------------------------------- 
      H        121.020      48.690       5.892
      C         33.587     129.740       4.358
      O         30.466       0.000       0.000

 Subtotal:     185.074                  10.250
 -----------------------------------------------

  Elements    COT*SASA   Sigma Z,Z'     Total   
    Z,Z'       Ang**2  cal/Ang**2/mol kcal/mol  
 ---------------------------------------------- 
  H   C         81.382     -60.770      -4.946
  H   O          0.000       0.000       0.000
  C   C         23.247     -72.950      -1.696
  O   C         15.192      68.690       1.044
  O   O          0.000       0.000       0.000

 Subtotal:                              -5.598
 ---------------------------------------------- 

 NONAQUEOUS SOLVENT CONTRIBUTION (kcal/mol):
 (proportional to SASA, atomic number independent)
 ---------------------------------------------- 
 Subtotal:                               0.000
 ---------------------------------------------- 

 CDS TOTAL (kcal/mol):                   4.652
...............................................................................
