----------------------------------------------- 
  Element       SASA      Sigma Z        Total  
     Z         Ang**2 cal/Ang**2/mol   kcal/mol 
----------------------------------------------- 
      H        118.260      48.690       5.758
      C         34.044     129.740       4.417
      O         33.034       0.000       0.000

 Subtotal:     185.339                  10.175
 -----------------------------------------------

  Elements    COT*SASA   Sigma Z,Z'     Total   
    Z,Z'       Ang**2  cal/Ang**2/mol kcal/mol  
 ---------------------------------------------- 
  H   C         79.729     -60.770      -4.845
  H   O          0.000       0.000       0.000
  C   C         18.653     -72.950      -1.361
  O   C         17.859      68.690       1.227
  O   O          0.000       0.000       0.000

 Subtotal:                              -4.979
 ---------------------------------------------- 

 NONAQUEOUS SOLVENT CONTRIBUTION (kcal/mol):
 (proportional to SASA, atomic number independent)
 ---------------------------------------------- 
 Subtotal:                               0.000
 ---------------------------------------------- 

 CDS TOTAL (kcal/mol):                   5.196
...............................................................................
