23
 energy: -276.279014071156 gnorm: 0.023695962034 xtb: 6.7.1 (edcfbbe)
C            1.75233798417651        0.83134373276839        0.95983084352533
C            1.36200423070354        0.59092961326186       -0.49470241311922
C            0.24620555260910       -0.43266565769173       -0.77087437324159
H            0.12471535565526       -0.42498540258832       -1.86330751192568
C            0.69045323680596       -1.84516373051764       -0.38880126117229
C           -1.15733104571284       -0.10651366894720       -0.20891363609258
C           -1.35667412690118       -0.40249314197836        1.27749330706609
C           -1.56396924679304        1.33530891569171       -0.51328477572745
H            0.98559767683674        1.38892318621547        1.49006454336029
H            1.93027189905535       -0.10405193584611        1.48240844355689
H            2.66956623558296        1.41629168402760        0.99477675024081
H            2.24770778699602        0.23499251640413       -1.02875836865587
H            1.08430181098048        1.54584519358501       -0.94410837071836
H           -0.08970511933975       -2.56444324273637       -0.62834468067844
H            1.58639252710297       -2.11596462093764       -0.94330520921800
H            0.91303714490459       -1.92021051685090        0.67121521189743
H           -1.84956621281959       -0.76291942883807       -0.75355964763392
H           -0.70666873331314        0.20222548398961        1.90004383294196
H           -1.17232237651949       -1.44999602404253        1.49651410966315
H           -2.38684712515768       -0.18054493598000        1.55023546278695
H           -2.61718904235975        1.48185124395665       -0.28358787292567
H           -1.40959185212463        1.56488144579344       -1.56537982109366
H           -0.98826164943792        2.03672033620252        0.08454295653746
23
 energy: -276.279785422752 gnorm: 0.006563760212 xtb: 6.7.1 (edcfbbe)
C            1.75295418325442        0.83515191091347        0.95970175996416
C            1.36029636031755        0.59243092405167       -0.49835651406434
C            0.24680295930177       -0.43686824354143       -0.77307495045594
H            0.12136191725760       -0.42792019252982       -1.86606811345073
C            0.69098125581639       -1.85160595482251       -0.39292027414901
C           -1.15608416890147       -0.10150963590202       -0.20972844165138
C           -1.35739794566501       -0.40688381306283        1.27796152106217
C           -1.56628969531446        1.33968699233378       -0.51868390140861
H            0.98577571451186        1.39303666602468        1.49976403733317
H            1.93428639077646       -0.10039045229744        1.49467580686444
H            2.67419519060618        1.42311116418075        1.00372311685576
H            2.24680953743992        0.24115652272613       -1.04065219437150
H            1.08662496645787        1.55012136228354       -0.95369911688661
H           -0.08966674394982       -2.58081610617585       -0.62911277221691
H            1.59277541155252       -2.12929671679377       -0.94620355316359
H            0.91493666162796       -1.93520000985967        0.67292614146813
H           -1.84756018041544       -0.76053419541410       -0.75504575801091
H           -0.70930785663161        0.20040593533819        1.91169130783600
H           -1.17034437269061       -1.45843170319352        1.50676519405407
H           -2.39237481605804       -0.18805537444203        1.55769996253826
H           -2.62390351719319        1.49394556475305       -0.28632732132059
H           -1.41279299348112        1.57927052973183       -1.57513684048822
H           -0.98761348849451        2.04855594700723        0.08029852528569
23
 energy: -276.279850654075 gnorm: 0.001290697416 xtb: 6.7.1 (edcfbbe)
C            1.75495249174598        0.83760308621004        0.95853993084013
C            1.36260416796015        0.59137291008753       -0.49974314452450
C            0.24712336494128       -0.43727908874518       -0.77377893804797
H            0.12076580674827       -0.42845556941117       -1.86701633209764
C            0.69057741960567       -1.85250069965162       -0.39492684825052
C           -1.15777346112231       -0.10268954228335       -0.21020275307231
C           -1.36065569285367       -0.40705751475359        1.27844327964915
C           -1.56558565460611        1.33938035051502       -0.51830475651322
H            0.98666347203320        1.39534752769278        1.50097715645476
H            1.93728287335847       -0.09702248260948        1.49947162334684
H            2.67700744642315        1.42751247229658        1.00610500958792
H            2.25073743971129        0.24429122585641       -1.04474277254307
H            1.08835486700802        1.54951076158228       -0.95719166185723
H           -0.08951841894169       -2.58551293644455       -0.63132150893945
H            1.59401775633539       -2.13316260549169       -0.94801096114381
H            0.91517727006291       -1.94287296851403        0.67262816928669
H           -1.85005704511617       -0.76153566727845       -0.75584660573428
H           -0.71563794665765        0.20137943497170        1.91843670895127
H           -1.16951137304205       -1.45944063537213        1.50948525106347
H           -2.39810465212119       -0.19338161357225        1.56081053221084
H           -2.62442538547748        1.49838298584024       -0.28574945076231
H           -1.41329633998722        1.58204416413063       -1.57635659871700
H           -0.98623382107067        2.05344753185184        0.07849244715960
23
 energy: -276.279855942848 gnorm: 0.000649140588 xtb: 6.7.1 (edcfbbe)
C            1.75541093892364        0.83862310076965        0.95814916976781
C            1.36267351520975        0.59121559874224       -0.49917372483205
C            0.24793520430746       -0.43844424783936       -0.77254230636376
H            0.12075025800456       -0.42894237086880       -1.86566179138803
C            0.69053709594168       -1.85396189565446       -0.39575355092241
C           -1.15700352743136       -0.10099218565463       -0.20869164979222
C           -1.36153768745992       -0.40744218022582        1.27904272762741
C           -1.56515779011244        1.34017685076587       -0.51824012590931
H            0.98660802983151        1.39622892098716        1.49998793167991
H            1.93851625248797       -0.09516272863562        1.50026293406887
H            2.67696402364417        1.42933457150343        1.00484108215953
H            2.25066951123988        0.24404516915776       -1.04439593156920
H            1.08810159943763        1.54894606746379       -0.95758121326317
H           -0.08961075480630       -2.58657308051137       -0.63338908792413
H            1.59376475789548       -2.13471883771316       -0.94911942521547
H            0.91510245937075       -1.94652013385632        0.67159796472959
H           -1.84899213735137       -0.75957951466266       -0.75493018093903
H           -0.72024922635630        0.20304551200042        1.92075537847772
H           -1.16712417429864       -1.45921697922612        1.51024894530102
H           -2.40040116123483       -0.19801299442951        1.55938066002524
H           -2.62365685310919        1.50041233203250       -0.28514383542433
H           -1.41374564706523        1.58219802338657       -1.57657364686673
H           -0.98509016831161        2.05470213255425        0.07712748282296
23
 energy: -276.279859717652 gnorm: 0.000639981816 xtb: 6.7.1 (edcfbbe)
C            1.75553282341264        0.83943565827339        0.95773070094527
C            1.36371106760733        0.59050643028240       -0.49906233489565
C            0.24840802971454       -0.43860882016000       -0.77185304883573
H            0.12037262152680       -0.42858288939096       -1.86482592699269
C            0.68986872350623       -1.85433246886190       -0.39628175769956
C           -1.15694287924025       -0.10063818056122       -0.20748520378745
C           -1.36257945536634       -0.40745797870155        1.27974181867856
C           -1.56358048496688        1.34043764734626       -0.51745699188793
H            0.98585288383167        1.39648357605048        1.49874549098276
H            1.93980760778168       -0.09340782045474        1.50077265900519
H            2.67612095583435        1.43147144042898        1.00386812732867
H            2.25171190084875        0.24301955278785       -1.04403925784582
H            1.08870247835716        1.54760516630927       -0.95842871937903
H           -0.09041140251461       -2.58607959792600       -0.63572851823718
H            1.59271643432000       -2.13489519492592       -0.95015464363669
H            0.91442589825544       -1.94954595747140        0.67070741753387
H           -1.84893497498880       -0.75874908416799       -0.75428936107995
H           -0.72714171482096        0.20722300597277        1.92317531226244
H           -1.16208780747273       -1.45789115724050        1.51139297700481
H           -2.40353815380553       -0.20505593390280        1.55722074207876
H           -2.62143049647086        1.50198874039313       -0.28300495110012
H           -1.41392469401128        1.58095720340392       -1.57624431466152
H           -0.98219484243267        2.05547779459962        0.07569756834422
23
 energy: -276.279859717652 gnorm: 0.000639981816 xtb: 6.7.1 (edcfbbe)
C            1.75553282341264        0.83943565827339        0.95773070094527
C            1.36371106760733        0.59050643028240       -0.49906233489565
C            0.24840802971454       -0.43860882016000       -0.77185304883573
H            0.12037262152680       -0.42858288939096       -1.86482592699269
C            0.68986872350623       -1.85433246886190       -0.39628175769956
C           -1.15694287924025       -0.10063818056122       -0.20748520378745
C           -1.36257945536634       -0.40745797870155        1.27974181867856
C           -1.56358048496688        1.34043764734626       -0.51745699188793
H            0.98585288383167        1.39648357605048        1.49874549098276
H            1.93980760778168       -0.09340782045474        1.50077265900519
H            2.67612095583435        1.43147144042898        1.00386812732867
H            2.25171190084875        0.24301955278785       -1.04403925784582
H            1.08870247835716        1.54760516630927       -0.95842871937903
H           -0.09041140251461       -2.58607959792600       -0.63572851823718
H            1.59271643432000       -2.13489519492592       -0.95015464363669
H            0.91442589825544       -1.94954595747140        0.67070741753387
H           -1.84893497498880       -0.75874908416799       -0.75428936107995
H           -0.72714171482096        0.20722300597277        1.92317531226244
H           -1.16208780747273       -1.45789115724050        1.51139297700481
H           -2.40353815380553       -0.20505593390280        1.55722074207876
H           -2.62143049647086        1.50198874039313       -0.28300495110012
H           -1.41392469401128        1.58095720340392       -1.57624431466152
H           -0.98219484243267        2.05547779459962        0.07569756834422
