19
 energy: -311.012275442008 gnorm: 0.000619648817 xtb: 6.7.1 (edcfbbe)
C            1.43915933491237       -0.97993150420161        0.71360858659059
C            1.08842155005006       -0.23401044166494       -0.57309519077084
C            2.32404597618041        0.43283118132321       -1.17408433472061
C            0.00349952923971        0.83724638252851       -0.31399552546740
C           -1.23994553218433        0.26648947327744        0.31389588492385
O           -1.55088248250411        0.53701071373664        1.47258990798597
C           -2.07067075654206       -0.66267104441258       -0.51995650212156
H            2.25118526905883       -1.69242939901504        0.53724781296727
H            1.76726545320989       -0.27695687243932        1.48838118966517
H            0.58394305485958       -1.54006963454678        1.10737459172513
H            0.69423686348917       -0.95372632992582       -1.30178910786016
H            2.74977474788391        1.15955490366306       -0.47190279656996
H            2.08068612888838        0.96020135306661       -2.10261297859519
H            3.09518356441778       -0.31241094629191       -1.39690445455530
H           -0.26841543959470        1.30068456743283       -1.27043668236014
H            0.40732038518681        1.60727490012395        0.35210368647626
H           -2.31034155187542       -0.19298925432662       -1.48020195159818
H           -1.48920231992118       -1.56366101346277       -0.75023749627922
H           -2.98450906535922       -0.94524915958250        0.00473603343759
19
 energy: -311.012279416138 gnorm: 0.000447566493 xtb: 6.7.1 (edcfbbe)
C            1.43839460429953       -0.97999341743909        0.71304693326966
C            1.08782578694498       -0.23322054940329       -0.57297209225014
C            2.32366513721925        0.43279489847937       -1.17411759560777
C            0.00330365392519        0.83845643298637       -0.31333985121986
C           -1.24061558595566        0.26771924582550        0.31336501007779
O           -1.55265816320412        0.53831489821068        1.47168880247871
C           -2.06874634537569       -0.66374255711264       -0.51982646342776
H            2.24815066580062       -1.69525062957547        0.53536502825371
H            1.76973141161206       -0.27737349905035        1.48722219248058
H            0.58151426422804       -1.53720627221264        1.10834551679349
H            0.69279210230579       -0.95241212040433       -1.30160041140862
H            2.75088074624317        1.15824214087968       -0.47183156022772
H            2.08048470004963        0.96085076037864       -2.10204051304318
H            3.09340450061352       -0.31327253371924       -1.39799429882307
H           -0.26799991471758        1.30277528502817       -1.26944232557637
H            0.40716893170193        1.60769534600204        0.35359991023429
H           -2.30789826299468       -0.19609571757453       -1.48077000377691
H           -1.48598275806875       -1.56421264470923       -0.74828241498810
H           -2.98266062312682       -0.94688132383652        0.00430498524884
19
 energy: -311.012279416138 gnorm: 0.000447566493 xtb: 6.7.1 (edcfbbe)
C            1.43839460429953       -0.97999341743909        0.71304693326966
C            1.08782578694498       -0.23322054940329       -0.57297209225014
C            2.32366513721925        0.43279489847937       -1.17411759560777
C            0.00330365392519        0.83845643298637       -0.31333985121986
C           -1.24061558595566        0.26771924582550        0.31336501007779
O           -1.55265816320412        0.53831489821068        1.47168880247871
C           -2.06874634537569       -0.66374255711264       -0.51982646342776
H            2.24815066580062       -1.69525062957547        0.53536502825371
H            1.76973141161206       -0.27737349905035        1.48722219248058
H            0.58151426422804       -1.53720627221264        1.10834551679349
H            0.69279210230579       -0.95241212040433       -1.30160041140862
H            2.75088074624317        1.15824214087968       -0.47183156022772
H            2.08048470004963        0.96085076037864       -2.10204051304318
H            3.09340450061352       -0.31327253371924       -1.39799429882307
H           -0.26799991471758        1.30277528502817       -1.26944232557637
H            0.40716893170193        1.60769534600204        0.35359991023429
H           -2.30789826299468       -0.19609571757453       -1.48077000377691
H           -1.48598275806875       -1.56421264470923       -0.74828241498810
H           -2.98266062312682       -0.94688132383652        0.00430498524884
