----------------------------------------------- 
  Element       SASA      Sigma Z        Total  
     Z         Ang**2 cal/Ang**2/mol   kcal/mol 
----------------------------------------------- 
      H        133.885      48.690       6.519
      C         24.543     129.740       3.184
      O         16.772       0.000       0.000

 Subtotal:     175.200                   9.703
 -----------------------------------------------

  Elements    COT*SASA   Sigma Z,Z'     Total   
    Z,Z'       Ang**2  cal/Ang**2/mol kcal/mol  
 ---------------------------------------------- 
  H   C         81.582     -60.770      -4.958
  H   O          9.101       0.000       0.000
  C   C         17.704     -72.950      -1.292
  O   C          0.075      68.690       0.005

 Subtotal:                              -6.244
 ---------------------------------------------- 

 NONAQUEOUS SOLVENT CONTRIBUTION (kcal/mol):
 (proportional to SASA, atomic number independent)
 ---------------------------------------------- 
 Subtotal:                               0.000
 ---------------------------------------------- 

 CDS TOTAL (kcal/mol):                   3.459
...............................................................................
