24
 energy: -314.380264953874 gnorm: 0.024487057332 xtb: 6.7.1 (edcfbbe)
C           -3.59705923429395        0.02083277180923       -0.24337523190785
C           -2.23930001699229        0.32553435274425        0.37876914606784
C           -1.13213281770168       -0.53114522083536       -0.23244451730300
C            0.23843334950566       -0.25134410861138        0.37989562926834
C            1.31791544918400       -1.22157599184131       -0.11392156345048
C            2.61678457145957       -0.46660734140677        0.14186133856286
C            2.28085415351071        0.95493073082316       -0.30915223723699
C            0.79536692875245        1.14763485040855        0.04330167381919
H           -3.57922746728605        0.22055171809773       -1.31248049778159
H           -3.85750600060936       -1.02494561265418       -0.09555023404234
H           -4.37176844493725        0.63556995888164        0.20830750829231
H           -2.00412715188808        1.38180789021232        0.23525422320425
H           -2.28339674011183        0.14013235126210        1.45445482294451
H           -1.37654529930998       -1.58590982100276       -0.08161727843617
H           -1.08918334798265       -0.35332794865657       -1.30991194908046
H            0.15670903776944       -0.35060918095536        1.46742521315025
H            1.27701241696588       -2.18136497356662        0.39916622707688
H            1.19524466962964       -1.39595372881858       -1.18448143902488
H            2.84661821426141       -0.47902215481227        1.20857025953555
H            3.46409123823503       -0.88580166649252       -0.39872752477669
H            2.91627925889228        1.69828016525255        0.17005822937536
H            2.42342496397388        1.03696860165951       -1.38733939731477
H            0.67822164400054        1.82185132510731        0.89102736769484
H            0.25715619611395        1.58084503090051       -0.79963041055434
24
 energy: -314.381175255331 gnorm: 0.006109629491 xtb: 6.7.1 (edcfbbe)
C           -3.61181731816537        0.02566797878827       -0.24265568454969
C           -2.24921616184441        0.32345710321534        0.37747091065368
C           -1.13614145034602       -0.53348126887796       -0.22219009565263
C            0.24094837325613       -0.25722047125457        0.37430265645832
C            1.32848162358100       -1.22550153566704       -0.11239302730031
C            2.63059909467799       -0.46791921028235        0.14087496472082
C            2.29223699627364        0.95973193534672       -0.30835472538976
C            0.79838784674798        1.15148465758990        0.04537019163496
H           -3.59662995459674        0.22226285715721       -1.31861064605504
H           -3.87871206763615       -1.02526284248259       -0.09746176676289
H           -4.39835583739048        0.63992656718371        0.20328794918402
H           -2.00745764002228        1.38358266492435        0.23940209183703
H           -2.28898203052679        0.14568378763708        1.45867450913847
H           -1.38739615044031       -1.59243043724776       -0.07896308844677
H           -1.08850696108768       -0.36020812683851       -1.30538705693943
H            0.16273847173069       -0.35926793200977        1.46473966098289
H            1.28077317064284       -2.19387583294361        0.39420216407666
H            1.20406154302488       -1.39851870544866       -1.18858691393193
H            2.85842824418929       -0.48246473202944        1.21256759887221
H            3.48710448091961       -0.88882376418794       -0.39297347581158
H            2.93354577126362        1.71012390947923        0.16127539532083
H            2.43370418839180        1.04044814695636       -1.39058788696888
H            0.67353224340173        1.83150207942335        0.89220734892418
H            0.25253922208486        1.58843474477167       -0.79675113876939
24
 energy: -314.381270130855 gnorm: 0.001288132687 xtb: 6.7.1 (edcfbbe)
C           -3.61336927926817        0.02646367061517       -0.24222232382772
C           -2.25026441360312        0.32338616310349        0.37846321000930
C           -1.13745932881064       -0.53609368088261       -0.21999244075172
C            0.24009783841396       -0.25944725294147        0.37611052252907
C            1.32985251541110       -1.22539713207094       -0.11629507583188
C            2.63266501917979       -0.46795946389715        0.14397779953989
C            2.29572358828068        0.96127986106297       -0.30856664978885
C            0.79860923063018        1.15288005808987        0.04585034741095
H           -3.60262484311985        0.22177617260795       -1.32080017263007
H           -3.88786715935238       -1.02513379639319       -0.09812535509950
H           -4.40274698675447        0.64219068696727        0.20168159636806
H           -2.00750797991613        1.38536040856221        0.24185884954561
H           -2.29152169876834        0.15107007045748        1.46242551249929
H           -1.39128585437280       -1.59642560365200       -0.07702917469543
H           -1.09039728014580       -0.36881255593965       -1.30666371833918
H            0.16830585683556       -0.36216573675462        1.46851496559480
H            1.28167966886244       -2.19863521100349        0.38425138942701
H            1.20911458673868       -1.39623279125013       -1.19573749697576
H            2.85909982804231       -0.48273113817624        1.21788147818094
H            3.49418518826391       -0.88893060536675       -0.38494057283016
H            2.93985772770257        1.71451660471171        0.15598720862299
H            2.43650843976269        1.03980667103167       -1.39261378845294
H            0.67107673230511        1.83463513913391        0.89255932343971
H            0.25213431497618        1.59193072488761       -0.79711495957797
24
 energy: -314.381284386301 gnorm: 0.000890240347 xtb: 6.7.1 (edcfbbe)
C           -3.61461302398664        0.02759627401464       -0.24168273880622
C           -2.25135323914636        0.32310629007428        0.37788142082206
C           -1.13798413104466       -0.53763097169320       -0.21802767982992
C            0.24093385457136       -0.26083105379098        0.37463870873931
C            1.33180658137085       -1.22518677138696       -0.11951349321405
C            2.63335699376987       -0.46760298765243        0.14605234150455
C            2.29608273180457        0.96106866913542       -0.30788067651951
C            0.79847698992779        1.15338565223699        0.04541995505112
H           -3.60480303722552        0.22177769127333       -1.32048395200995
H           -3.89177802001791       -1.02314950505200       -0.09649986832347
H           -4.40284370992251        0.64519030547438        0.20175087594023
H           -2.00825660175365        1.38489429533266        0.24001148662208
H           -2.29359305040361        0.15329151977530        1.46231758740782
H           -1.39212196252760       -1.59759269107282       -0.07189954950684
H           -1.09265773393646       -0.37447986334510       -1.30544031285703
H            0.17331235952622       -0.36405522753966        1.46721177679674
H            1.28367321432228       -2.20086604993021        0.37613271425438
H            1.21364324385762       -1.39114049409795       -1.20001186924819
H            2.85542807001862       -0.48188612548310        1.22095131661336
H            3.49760005342455       -0.88779927856630       -0.37892417982455
H            2.93986560132989        1.71541728560174        0.15502938500618
H            2.43635266489748        1.03731457277916       -1.39219105448325
H            0.67036538401112        1.83421927008669        0.89272311452116
H            0.25297256965773        1.59229003629712       -0.79810426699073
24
 energy: -314.381297089250 gnorm: 0.001144467230 xtb: 6.7.1 (edcfbbe)
C           -3.61453546291565        0.02984373243193       -0.24018560816145
C           -2.25074757926655        0.32346972964719        0.37766551212258
C           -1.13962911102428       -0.54294809158042       -0.21489088233764
C            0.24126854099718       -0.26373969177061        0.37137128896266
C            1.33401291018652       -1.22363783285549       -0.12760979908467
C            2.63236131689217       -0.46552946815791        0.15082325850729
C            2.29644044400451        0.96179658499080       -0.30631538033772
C            0.79781957146250        1.15233339477440        0.04363323188216
H           -3.60587445492118        0.22057856114688       -1.31930266832462
H           -3.89674274126647       -1.01866112917501       -0.09102417458420
H           -4.39906255498280        0.65248241923900        0.20222810873329
H           -2.00572661635398        1.38397902359604        0.23504905546010
H           -2.29434258603817        0.15869640557538        1.46267330222261
H           -1.39450147953922       -1.60140746964015       -0.05972646269552
H           -1.09827414777693       -0.38832494235372       -1.30345568509986
H            0.18096816671286       -0.36889601796636        1.46400315240470
H            1.28494263191547       -2.20437519177534        0.35731914114016
H            1.22226953888935       -1.37759433317272       -1.21034982342830
H            2.84262953315496       -0.47960975599487        1.22802394900346
H            3.50265527268582       -0.88397843142388       -0.36507467049851
H            2.93894367071673        1.71812323416398        0.15432459577298
H            2.43709096062558        1.03299188579384       -1.39075513107410
H            0.66741690679984        1.83095584349406        0.89200369696638
H            0.25448329660730        1.59078126392111       -0.80096551121842
24
 energy: -314.381301112042 gnorm: 0.000639231870 xtb: 6.7.1 (edcfbbe)
C           -3.61394377964863        0.03065313032996       -0.23924358320621
C           -2.24914226794607        0.32406868166170        0.37759448099467
C           -1.13921188660260       -0.54350202155419       -0.21534867940274
C            0.24179894776800       -0.26443313371208        0.37044031102557
C            1.33432045499679       -1.22373953703350       -0.12899633903754
C            2.63206924368997       -0.46557119250764        0.15149567952466
C            2.29507911462662        0.96145065176216       -0.30555158747486
C            0.79625943737885        1.15163682443147        0.04279372018071
H           -3.60458192870350        0.21993191755084       -1.31863039061231
H           -3.89569181869155       -1.01774719954230       -0.08850518837041
H           -4.39825028519598        0.65413604563102        0.20246419598328
H           -2.00273161991592        1.38398544417083        0.23351399427417
H           -2.29148190818140        0.15987366256866        1.46264911464217
H           -1.39416655498908       -1.60149808348239       -0.05820792700461
H           -1.09857297726782       -0.38990533741703       -1.30398277836907
H            0.18070424762933       -0.36999826418348        1.46295051250227
H            1.28469419984252       -2.20490555331354        0.35482806906717
H            1.22260633861402       -1.37582769693832       -1.21195605900286
H            2.83997871120795       -0.47955734358998        1.22907990227555
H            3.50335466646367       -0.88349624400779       -0.36301870971239
H            2.93642417236007        1.71815544926121        0.15622229635366
H            2.43713034525726        1.03348831960042       -1.38972333043034
H            0.66441390810764        1.83060266619806        0.89071706238836
H            0.25280737434490        1.58952820775933       -0.80212188444999
24
 energy: -314.381301112042 gnorm: 0.000639231870 xtb: 6.7.1 (edcfbbe)
C           -3.61394377964863        0.03065313032996       -0.23924358320621
C           -2.24914226794607        0.32406868166170        0.37759448099467
C           -1.13921188660260       -0.54350202155419       -0.21534867940274
C            0.24179894776800       -0.26443313371208        0.37044031102557
C            1.33432045499679       -1.22373953703350       -0.12899633903754
C            2.63206924368997       -0.46557119250764        0.15149567952466
C            2.29507911462662        0.96145065176216       -0.30555158747486
C            0.79625943737885        1.15163682443147        0.04279372018071
H           -3.60458192870350        0.21993191755084       -1.31863039061231
H           -3.89569181869155       -1.01774719954230       -0.08850518837041
H           -4.39825028519598        0.65413604563102        0.20246419598328
H           -2.00273161991592        1.38398544417083        0.23351399427417
H           -2.29148190818140        0.15987366256866        1.46264911464217
H           -1.39416655498908       -1.60149808348239       -0.05820792700461
H           -1.09857297726782       -0.38990533741703       -1.30398277836907
H            0.18070424762933       -0.36999826418348        1.46295051250227
H            1.28469419984252       -2.20490555331354        0.35482806906717
H            1.22260633861402       -1.37582769693832       -1.21195605900286
H            2.83997871120795       -0.47955734358998        1.22907990227555
H            3.50335466646367       -0.88349624400779       -0.36301870971239
H            2.93642417236007        1.71815544926121        0.15622229635366
H            2.43713034525726        1.03348831960042       -1.38972333043034
H            0.66441390810764        1.83060266619806        0.89071706238836
H            0.25280737434490        1.58952820775933       -0.80212188444999
