----------------------------------------------- 
  Element       SASA      Sigma Z        Total  
     Z         Ang**2 cal/Ang**2/mol   kcal/mol 
----------------------------------------------- 
      H         46.944      48.690       2.286
      C         12.415     129.740       1.611
      O         10.360       0.000       0.000
      F         38.047      38.180       1.453
      Cl        71.711       9.820       0.704

 Subtotal:     179.477                   6.053
 -----------------------------------------------

  Elements    COT*SASA   Sigma Z,Z'     Total   
    Z,Z'       Ang**2  cal/Ang**2/mol kcal/mol  
 ---------------------------------------------- 
  H   C         31.653     -60.770      -1.924
  H   O          0.000       0.000       0.000
  C   C          0.908     -72.950      -0.066
  O   C          4.117      68.690       0.283

 Subtotal:                              -1.707
 ---------------------------------------------- 

 NONAQUEOUS SOLVENT CONTRIBUTION (kcal/mol):
 (proportional to SASA, atomic number independent)
 ---------------------------------------------- 
 Subtotal:                               0.000
 ---------------------------------------------- 

 CDS TOTAL (kcal/mol):                   4.346
...............................................................................
