14
 energy: -344.743992417539 gnorm: 0.047024708068 xtb: 6.7.1 (edcfbbe)
C           -1.03492977385860       -0.52439225973237       -0.27372003032129
C            0.00187584510083        0.25098321321122        0.55100921104417
C            1.31170583188125       -0.54419417504115        0.64395299148535
O            1.77173967948510       -0.78937627684979       -0.66941829159664
O            0.23638543560475        1.53799165528152        0.03377247011497
O           -2.30057477191945        0.07032669513116       -0.09050056864010
H           -1.04699833126395       -1.56625150319405        0.07173817073179
H           -0.73641535582633       -0.50269429412276       -1.32859945018874
H           -0.40269820877845        0.41197901618256        1.55490229488902
H            1.12998357500073       -1.48423052735770        1.17782031782192
H            2.03856480290334        0.05590496802477        1.20430050453366
H            2.62212368636193       -1.24710648135263       -0.63170390637992
H            0.66034069879261        1.44095663523853       -0.83283150726905
H           -2.94319018080421       -0.36526657826186       -0.66687026279551
14
 energy: -344.745531286511 gnorm: 0.019562146067 xtb: 6.7.1 (edcfbbe)
C           -1.03284597165640       -0.52850521252601       -0.27199716929537
C            0.00610164620095        0.24132348281444        0.54240028045339
C            1.30965143681125       -0.54602960068063        0.64910910477136
O            1.78013039663752       -0.78901179885508       -0.67536771207337
O            0.22481186489834        1.54849347442554        0.01741422868263
O           -2.30379280723897        0.08856100189106       -0.08502334842561
H           -1.04586326941325       -1.57350392338635        0.07008187209138
H           -0.74086520625767       -0.51267985260068       -1.33095697287720
H           -0.38600673048028        0.38532560195602        1.55591588488092
H            1.12765425537659       -1.48651028068063        1.18682048131602
H            2.03356129950483        0.05171804363649        1.21948376700255
H            2.63212499922262       -1.23870109044560       -0.62278489711675
H            0.64552871082958        1.45120941697637       -0.84842540788665
H           -2.94227709013609       -0.34705889629138       -0.66281871761189
14
 energy: -344.745960490387 gnorm: 0.004825214419 xtb: 6.7.1 (edcfbbe)
C           -1.03231045461925       -0.53073607004777       -0.27110813249197
C            0.00594836303628        0.22908593720447        0.53987734632279
C            1.30910559368194       -0.54261033908429        0.64591111939981
O            1.79900371443355       -0.79078594027530       -0.68123689889051
O            0.21434342419661        1.54906567638545        0.01196416073514
O           -2.30374514617317        0.10559752002676       -0.08014156905365
H           -1.06050367260991       -1.57560505331445        0.07224210809831
H           -0.75230322946505       -0.52299499562996       -1.33413588766665
H           -0.37693428432133        0.36948711143549        1.55849500117662
H            1.12747263007530       -1.48502924869369        1.18212834729052
H            2.03212914893459        0.05095933686325        1.22268354707277
H            2.65495283745991       -1.23017275997197       -0.60549651514415
H            0.62946480833800        1.44768193828562       -0.85568372988216
H           -2.93870961554880       -0.32931234597585       -0.66164802288876
14
 energy: -344.746017649027 gnorm: 0.001571329409 xtb: 6.7.1 (edcfbbe)
C           -1.03367524062721       -0.53247976325878       -0.26935389262553
C            0.00685490575181        0.22308147478376        0.53768275764276
C            1.30988851606455       -0.54379517915600        0.64484832913395
O            1.80738731801328       -0.79067338988997       -0.68263948659926
O            0.21214161377769        1.54831618056241        0.01115002553564
O           -2.30378758129208        0.11343016044658       -0.07904757336630
H           -1.07322309960939       -1.57564978187131        0.07726362564462
H           -0.75740414526394       -0.52900274754058       -1.33276903153541
H           -0.37418017047406        0.36488248969841        1.55640355392174
H            1.13123859100339       -1.48904830334977        1.17684869375926
H            2.03056027394921        0.05091410519454        1.22202588955381
H            2.66781698561884       -1.22010458356167       -0.59618434963655
H            0.62190174837881        1.44479186413670       -0.85909982664189
H           -2.93760532190226       -0.32003145715969       -0.66327797179172
14
 energy: -344.746037578525 gnorm: 0.001991538139 xtb: 6.7.1 (edcfbbe)
C           -1.03586726737754       -0.53405622044235       -0.26756168718789
C            0.00684740834463        0.21867577846180        0.53814174281729
C            1.31086532434321       -0.54649710887215        0.64376831652390
O            1.81251834441299       -0.78908875096559       -0.68367459084210
O            0.21383125572362        1.54459749852500        0.01130261481670
O           -2.30331857628591        0.11998990695601       -0.08057375154482
H           -1.08424812191749       -1.57418046847171        0.08508560432382
H           -0.76044565943848       -0.53664185572953       -1.33058016808414
H           -0.37346661897472        0.36377740716747        1.55629093316928
H            1.13491746830843       -1.49402965507334        1.17157088220162
H            2.02866871282441        0.04986288870320        1.22144845172281
H            2.67882995534538       -1.20527306597172       -0.59169231117720
H            0.61582011319688        1.43854785671201       -0.86266704604048
H           -2.93703771877146       -0.31105281132765       -0.66700809097730
14
 energy: -344.746055226803 gnorm: 0.001420831614 xtb: 6.7.1 (edcfbbe)
C           -1.03826980773257       -0.53572694073257       -0.26476234338380
C            0.00696300084563        0.21675474590272        0.53884890519073
C            1.31129095973818       -0.54985012777198        0.64348945685404
O            1.81390351701220       -0.78638959707150       -0.68410587538356
O            0.21692663551956        1.54072264485265        0.01043451358515
O           -2.30242911149265        0.12541065510244       -0.08394899376191
H           -1.09229753844426       -1.57310805954317        0.09438426112033
H           -0.76082512401231       -0.54568861690584       -1.32707703374165
H           -0.37247387798734        0.36379476581072        1.55697420947046
H            1.13634507097309       -1.49945089837159        1.16750161321496
H            2.02744469187917        0.04598200042246        1.22345296559183
H            2.68711513089104       -1.18763912409949       -0.59237576941313
H            0.61084541617557        1.43259351812551       -0.86699032633543
H           -2.93662414030571       -0.30277321861158       -0.67197431364020
14
 energy: -344.746074604107 gnorm: 0.002634545899 xtb: 6.7.1 (edcfbbe)
C           -1.04379528249386       -0.54000887877760       -0.25601231220496
C            0.00744110763429        0.21194440602791        0.54113254073436
C            1.31092200815827       -0.55866343641029        0.64216729547415
O            1.81778993117096       -0.77963388953957       -0.68620171589250
O            0.22252728188807        1.53091711557529        0.00613975646140
O           -2.29922770573755        0.14181359960853       -0.09400636276875
H           -1.11306521464035       -1.57018509963874        0.12222523846426
H           -0.76056745383917       -0.57375126931316       -1.31689798749664
H           -0.36786075079959        0.36360698362971        1.56033971919746
H            1.13514499712539       -1.51393022760135        1.15603447046960
H            2.02446874621922        0.03137780448088        1.23131563075537
H            2.71196886201756       -1.13617612704766       -0.59696142985908
H            0.59636819832195        1.41676832981128       -0.87937456294510
H           -2.93419927354959       -0.27944652509946       -0.68604788556717
14
 energy: -344.746080748988 gnorm: 0.000876106942 xtb: 6.7.1 (edcfbbe)
C           -1.04327020260284       -0.53984151809096       -0.25568939512107
C            0.00762893571449        0.21312467782337        0.54104783068279
C            1.31068018635675       -0.55810196761654        0.64248569683485
O            1.81643936532143       -0.77950315608834       -0.68597294712890
O            0.22197138935482        1.53186931080159        0.00587839444617
O           -2.29908972846924        0.14032969144477       -0.09451865556871
H           -1.11124929789024       -1.56998293441903        0.12234861381936
H           -0.75955156136941       -0.57368413037889       -1.31627828949111
H           -0.36752087038656        0.36454524956220        1.56034019808830
H            1.13290152510534       -1.51319715231426        1.15617913288356
H            2.02556390289365        0.03001311908870        1.23196153057562
H            2.70878997400644       -1.13721733258770       -0.59915838602497
H            0.59817803688556        1.41800462943498       -0.87828897027046
H           -2.93355625077132       -0.28172572823322       -0.68648227480551
14
 energy: -344.746084700998 gnorm: 0.000797466991 xtb: 6.7.1 (edcfbbe)
C           -1.04266655847466       -0.53974512739956       -0.25488150545768
C            0.00765946550342        0.21456015853335        0.54099155760346
C            1.30945307127118       -0.55785678401690        0.64273751996547
O            1.81319155375167       -0.78128506747140       -0.68606326927515
O            0.22068728120445        1.53336041337528        0.00520364926602
O           -2.29905571867188        0.13869720729197       -0.09539701592469
H           -1.10916291111950       -1.56965560918039        0.12359790957016
H           -0.75811905419537       -0.57435821051692       -1.31504668385899
H           -0.36670196601066        0.36610277403783        1.56054515643392
H            1.12891364900375       -1.51252008519520        1.15651519013481
H            2.02689432103995        0.02749424021033        1.23170176793483
H            2.70669081547610       -1.13507719913971       -0.60236653879592
H            0.60260247152655        1.41965150415224       -0.87623751071274
H           -2.93247110637946       -0.28473547275223       -0.68744761526769
14
 energy: -344.746084700998 gnorm: 0.000797466991 xtb: 6.7.1 (edcfbbe)
C           -1.04266655847466       -0.53974512739956       -0.25488150545768
C            0.00765946550342        0.21456015853335        0.54099155760346
C            1.30945307127118       -0.55785678401690        0.64273751996547
O            1.81319155375167       -0.78128506747140       -0.68606326927515
O            0.22068728120445        1.53336041337528        0.00520364926602
O           -2.29905571867188        0.13869720729197       -0.09539701592469
H           -1.10916291111950       -1.56965560918039        0.12359790957016
H           -0.75811905419537       -0.57435821051692       -1.31504668385899
H           -0.36670196601066        0.36610277403783        1.56054515643392
H            1.12891364900375       -1.51252008519520        1.15651519013481
H            2.02689432103995        0.02749424021033        1.23170176793483
H            2.70669081547610       -1.13507719913971       -0.60236653879592
H            0.60260247152655        1.41965150415224       -0.87623751071274
H           -2.93247110637946       -0.28473547275223       -0.68744761526769
