----------------------------------------------- 
  Element       SASA      Sigma Z        Total  
     Z         Ang**2 cal/Ang**2/mol   kcal/mol 
----------------------------------------------- 
      H        149.657      48.690       7.287
      C         35.110     129.740       4.555
      O         21.163       0.000       0.000

 Subtotal:     205.930                  11.842
 -----------------------------------------------

  Elements    COT*SASA   Sigma Z,Z'     Total   
    Z,Z'       Ang**2  cal/Ang**2/mol kcal/mol  
 ---------------------------------------------- 
  H   C        100.607     -60.770      -6.114
  H   O          0.000       0.000       0.000
  C   C         25.945     -72.950      -1.893
  O   C         12.868      68.690       0.884

 Subtotal:                              -7.123
 ---------------------------------------------- 

 NONAQUEOUS SOLVENT CONTRIBUTION (kcal/mol):
 (proportional to SASA, atomic number independent)
 ---------------------------------------------- 
 Subtotal:                               0.000
 ---------------------------------------------- 

 CDS TOTAL (kcal/mol):                   4.719
...............................................................................
