
         ______________________________________________________________
        |                                                              |
        |                                                              |
        |                   CENSO - Commandline ENSO                   |
        |                           v 2.1.2                            |
        |    energetic sorting of CREST Conformer Rotamer Ensembles    |
        |                    University of Bonn, MCTC                  |
        |                           Oct 2024                           |
        |                 based on ENSO version 2.0.1                  |
        |             L. M. Seidler, F. Bohle and S. Grimme            |
        |                                                              |
        |______________________________________________________________|

        Please cite:
        (TBA)
        S. Grimme, F. Bohle, A. Hansen, P. Pracht, S. Spicher, and M. Stahn
        J. Phys. Chem. A 2021, 125, 19, 4039-4054.
        DOI: https://doi.org/10.1021/acs.jpca.1c00971

        This program is distributed in the hope that it will be useful,
        but WITHOUT ANY WARRANTY; without even the implied warranty of
        MERCHANTABILITY or FITNESS FOR A PARTICULAR PURPOSE.

Reading configuration file from /home/z5358697/.censo2rc.
CALL: /srv/scratch/z5358697/.censo/bin/censo -i crest_conformers.xyz --maxcores 4 -O 1 --loglevel DEBUG
Read 4 conformers.
Number of atoms:              23
Charge:                       0
Unpaired electrons:           0


----------------------------------------------------------------------------------------------------
                                          GENERAL SETTINGS                                          
----------------------------------------------------------------------------------------------------
    
imagthr:                      -100.0
sthr:                         0.0
scale:                        1.0
temperature:                  298.15
solvent:                      h2o
sm_rrho:                      alpb
multitemp:                    False
evaluate_rrho:                False
consider_sym:                 False
bhess:                        False
rmsdbias:                     False
balance:                      False
gas-phase:                    False
copy_mo:                      True
retry_failed:                 True
trange:                       [273.15, 373.15, 5]



----------------------------------------------------------------------------------------------------
                                            PRESCREENING                                            
----------------------------------------------------------------------------------------------------
    
threshold:                    4.0
func:                         pbe-d4
basis:                        def2-sv(p)
prog:                         orca
gfnv:                         gfn2
run:                          True
template:                     False


Running xtb_gsolv calculation for CONF2.
Running xtb_gsolv calculation for CONF3.
Running xtb_gsolv calculation for CONF1.
Running xtb_gsolv calculation for CONF4.
Running sp calculation for CONF1.
Running sp calculation for CONF2.
Running sp calculation for CONF3.
Running sp calculation for CONF4.



-------------------------------- PRESCREENING SINGLE-POINT RESULTS ---------------------------------

CONF#        E (xTB)          ΔE (xTB)          E (DFT)          ΔE (DFT)        ΔGsolv (xTB)          Gtot             ΔGtot          Boltzmann weight   
               [Eh]          [kcal/mol]          [Eh]           [kcal/mol]        [kcal/mol]           [Eh]           [kcal/mol]        % at 298.15 K     
CONF1       -23.159198          0.00          -275.661358          0.00            0.883625         -275.659950          0.00               53.67         
CONF2       -23.158771          0.27          -275.660391          0.61            0.870344         -275.659004          0.59               19.72         
CONF3       -23.158393          0.51          -275.660637          0.45            0.865849         -275.659257          0.43               25.76         
CONF4       -23.156142          1.92          -275.657439          2.46            0.882970         -275.656032          2.46                0.85         

Boltzmann averaged free energy/enthalpy of ensemble on input geometries (not DFT optimized):
temperature /K:   avE(T) /a.u.   avG(T) /a.u.
    298.15        -275.6609482    -275.6595515     <<==part0==
----------------------------------------------------------------------------------------------------

Number of conformers:         4
Highest ranked conformer:     CONF1


Ran prescreening in 10.94 seconds!

----------------------------------------------------------------------------------------------------
                                             SCREENING                                              
----------------------------------------------------------------------------------------------------
    
threshold:                    3.5
func:                         r2scan-3c
basis:                        def2-tzvp
prog:                         orca
sm:                           smd
gfnv:                         gfn2
run:                          True
implicit:                     False
template:                     False


Running gsolv calculation for CONF1.
Running gsolv calculation for CONF2.
Running gsolv calculation for CONF3.
Running gsolv calculation for CONF4.

----------------------------- SCREENING SINGLE-POINT (+ mRRHO) RESULTS -----------------------------

CONF#        G (xTB)          ΔG (xTB)          E (DFT)          ΔGsolv        GmRRHO          Gtot             ΔGtot          Boltzmann weight   
               [Eh]          [kcal/mol]          [Eh]             [Eh]          [Eh]           [Eh]           [kcal/mol]        % at 298.15 K     
CONF1       -23.157790          ---           -276.288766       0.003707        ---         -276.285060          0.00               58.96         
CONF2       -23.157384          ---           -276.287793       0.003705        ---         -276.284088          0.61               21.07         
CONF3       -23.157013          ---           -276.287668       0.003665        ---         -276.284003          0.66               19.25         
CONF4       -23.154734          ---           -276.284530       0.003635        ---         -276.280895          2.61                0.72         

Boltzmann averaged free energy/enthalpy of ensemble on input geometries (not DFT optimized):
temperature /K:   avE(T) /a.u.   avG(T) /a.u.
    298.15        -276.2883192    -276.2846216     <<==part1==
----------------------------------------------------------------------------------------------------


----------------------------------- SCREENING RANKING COMPARISON -----------------------------------

CONF#       ΔGtot prescreening       ΔGtot screening   
                [kcal/mol]             [kcal/mol]      
CONF1              0.00                   0.00         
CONF2              0.59                   0.61         
CONF3              0.43                   0.66         
CONF4              2.46                   2.61         
----------------------------------------------------------------------------------------------------



Number of conformers:         4
Highest ranked conformer:     CONF1


Ran screening in 50.07 seconds!

----------------------------------------------------------------------------------------------------
                                            OPTIMIZATION                                            
----------------------------------------------------------------------------------------------------
    
optcycles:                    8
maxcyc:                       200
threshold:                    1.5
hlow:                         0.01
gradthr:                      0.01
func:                         r2scan-3c
basis:                        def2-tzvp
prog:                         orca
sm:                           smd
gfnv:                         gfn2
optlevel:                     normal
run:                          True
macrocycles:                  True
crestcheck:                   True
template:                     False
constrain:                    False
xtb_opt:                      True


Optimization using macrocycles, 8 microcycles per step.
Running xtb_opt calculation for CONF2.
Running xtb_opt calculation for CONF1.
Running xtb_opt calculation for CONF4.
Running xtb_opt calculation for CONF3.
Running xtb_rrho calculation for CONF2.
Running xtb_rrho calculation for CONF1.
Running xtb_rrho calculation for CONF4.
Running xtb_rrho calculation for CONF3.
CONF1 converged after 6 steps.
CONF2 converged after 5 steps.
CONF3 converged after 3 steps.
CONF4 converged after 6 steps.

----------------------------------- OPTIMIZATION CYCLE 8 UPDATE ------------------------------------

CONF#          Gtot             ΔGtot          grad_norm       converged   
               [Eh]           [kcal/mol]        [Eh/a0]                    
CONF1       -276.103849          0.19          0.000690          True      
CONF2       -276.104158          0.00          0.000588          True      
CONF3       -276.103570          0.37          0.000474          True      
CONF4       -276.099557          2.89          0.000252          True      
----------------------------------------------------------------------------------------------------
Running xtb_rrho calculation for CONF1.
Running xtb_rrho calculation for CONF2.
Running xtb_rrho calculation for CONF3.
Running xtb_rrho calculation for CONF4.

--------------------------------------- OPTIMIZATION RESULTS ---------------------------------------

CONF#       E (DFT) (+ ΔGsolv)       ΔE (DFT) (+ δΔGsolv)       GmRRHO          Gtot             ΔGtot          Boltzmann weight   
                   [Eh]                   [kcal/mol]             [Eh]           [Eh]           [kcal/mol]        % at 298.15 K     
CONF1          -276.285912                   0.00                ---         -276.103849          0.19               31.83         
CONF2          -276.284988                   0.58                ---         -276.104158          0.00               44.14         
CONF3          -276.284873                   0.65                ---         -276.103570          0.37               23.69         
CONF4          -276.281829                   2.56                ---         -276.099557          2.89                0.34         

Boltzmann averaged free energy/enthalpy of ensemble on optimized geometries:
temperature /K:   avE(T) /a.u.   avG(T) /a.u.
    298.15        -276.2852443    -276.1039047     <<==part2==
----------------------------------------------------------------------------------------------------


--------------------------------------- OPTIMIZATION RESULTS ---------------------------------------

CONF#       E (DFT) (+ ΔGsolv)       ΔE (DFT) (+ δΔGsolv)       GmRRHO          Gtot             ΔGtot          Boltzmann weight   
                   [Eh]                   [kcal/mol]             [Eh]           [Eh]           [kcal/mol]        % at 298.15 K     
CONF1          -276.285912                   0.00                ---         -276.103849          0.19               31.83         
CONF2          -276.284988                   0.58                ---         -276.104158          0.00               44.14         
CONF3          -276.284873                   0.65                ---         -276.103570          0.37               23.69         
CONF4          -276.281829                   2.56                ---         -276.099557          2.89                0.34         

Boltzmann averaged free energy/enthalpy of ensemble on optimized geometries:
temperature /K:   avE(T) /a.u.   avG(T) /a.u.
    298.15        -276.2852443    -276.1039047     <<==part2==
----------------------------------------------------------------------------------------------------


--------------------------------- OPTIMIZATION RANKING COMPARISON ----------------------------------

CONF#       ΔGtot prescreening       ΔGtot screening       ΔGtot optimization   
                [kcal/mol]             [kcal/mol]              [kcal/mol]       
CONF1              0.00                   0.00                    0.19          
CONF2              0.59                   0.61                    0.00          
CONF3              0.43                   0.66                    0.37          
CONF4              2.46                   2.61                    2.89          
----------------------------------------------------------------------------------------------------



Number of conformers:         4
Highest ranked conformer:     CONF2


Ran optimization in 232.60 seconds!

Ran CENSO in 00:04:53

CENSO all done!
