----------------------------------------------- 
  Element       SASA      Sigma Z        Total  
     Z         Ang**2 cal/Ang**2/mol   kcal/mol 
----------------------------------------------- 
      H        150.049      48.690       7.306
      C         25.349     129.740       3.289
      O         17.379       0.000       0.000

 Subtotal:     192.777                  10.595
 -----------------------------------------------

  Elements    COT*SASA   Sigma Z,Z'     Total   
    Z,Z'       Ang**2  cal/Ang**2/mol kcal/mol  
 ---------------------------------------------- 
  H   C         92.765     -60.770      -5.637
  H   O          8.496       0.000       0.000
  C   C         18.489     -72.950      -1.349
  O   C          0.000      68.690       0.000

 Subtotal:                              -6.986
 ---------------------------------------------- 

 NONAQUEOUS SOLVENT CONTRIBUTION (kcal/mol):
 (proportional to SASA, atomic number independent)
 ---------------------------------------------- 
 Subtotal:                               0.000
 ---------------------------------------------- 

 CDS TOTAL (kcal/mol):                   3.609
...............................................................................
