----------------------------------------------- 
  Element       SASA      Sigma Z        Total  
     Z         Ang**2 cal/Ang**2/mol   kcal/mol 
----------------------------------------------- 
      H        134.588      48.690       6.553
      C         24.816     129.740       3.220
      O         15.170       0.000       0.000

 Subtotal:     174.575                   9.773
 -----------------------------------------------

  Elements    COT*SASA   Sigma Z,Z'     Total   
    Z,Z'       Ang**2  cal/Ang**2/mol kcal/mol  
 ---------------------------------------------- 
  H   C         83.667     -60.770      -5.084
  H   O          7.421       0.000       0.000
  C   C         19.680     -72.950      -1.436
  O   C          0.002      68.690       0.000

 Subtotal:                              -6.520
 ---------------------------------------------- 

 NONAQUEOUS SOLVENT CONTRIBUTION (kcal/mol):
 (proportional to SASA, atomic number independent)
 ---------------------------------------------- 
 Subtotal:                               0.000
 ---------------------------------------------- 

 CDS TOTAL (kcal/mol):                   3.253
...............................................................................
