----------------------------------------------- 
  Element       SASA      Sigma Z        Total  
     Z         Ang**2 cal/Ang**2/mol   kcal/mol 
----------------------------------------------- 
      H        111.361      48.690       5.422
      C         77.087     129.740      10.001
      O         35.328       0.000       0.000

 Subtotal:     223.776                  15.423
 -----------------------------------------------

  Elements    COT*SASA   Sigma Z,Z'     Total   
    Z,Z'       Ang**2  cal/Ang**2/mol kcal/mol  
 ---------------------------------------------- 
  H   C         75.042     -60.770      -4.560
  H   O          0.000       0.000       0.000
  C   C         86.867     -72.950      -6.337
  O   C         16.689      68.690       1.146
  O   O          0.000       0.000       0.000

 Subtotal:                              -9.751
 ---------------------------------------------- 

 NONAQUEOUS SOLVENT CONTRIBUTION (kcal/mol):
 (proportional to SASA, atomic number independent)
 ---------------------------------------------- 
 Subtotal:                               0.000
 ---------------------------------------------- 

 CDS TOTAL (kcal/mol):                   5.673
...............................................................................
