17
 energy: -23.956983709774 gnorm: 0.033259900773 xtb: 6.7.1 (edcfbbe)
C           -2.20527658412383        0.98732010649648        0.86545205152940
C           -1.90519151715554       -0.05764227715212       -0.20653213969320
C           -0.45144967675870       -0.40671582307075       -0.37066000891661
O           -0.04201719837630       -1.52295208210179       -0.65173800853382
O            0.35328025464537        0.65820436757147       -0.21048993601787
C            1.79304935417680        0.43720639623750       -0.35347292863873
C            2.38680731808317       -0.07508710605772        0.93839387667932
H           -3.28694870994273        1.11316868233762        0.96200960732708
H           -1.81184529557649        0.67510427290301        1.83754191456193
H           -1.77265075336779        1.95845954678083        0.61511641234891
H           -2.24508320604453        0.30008510195501       -1.18812919014562
H           -2.43447686515558       -0.99319685755269       -0.01025768615341
H            1.96390291834649       -0.24790662721449       -1.18744679692536
H            2.18542350436781        1.42287361078791       -0.61075510453704
H            2.19491192275120        0.62427039152575        1.75737833589189
H            1.97984249837014       -1.05462629742770        1.20323605065925
H            3.47035363037978       -0.17396606468432        0.81834633294894
17
 energy: -23.958036056347 gnorm: 0.014241687612 xtb: 6.7.1 (edcfbbe)
C           -2.19576349837738        0.98432691899248        0.86195712676348
C           -1.90604277301549       -0.06043105989842       -0.20824541202737
C           -0.44898214548090       -0.40244032285408       -0.36602557310447
O           -0.04098777238255       -1.51092756242471       -0.64966692275843
O            0.35161769567187        0.65226587158921       -0.20714863874826
C            1.78057820118771        0.44308561333735       -0.34716883556840
C            2.38993996923212       -0.07254770849866        0.93997496294213
H           -3.27194745952699        1.11729900157887        0.95481909237657
H           -1.80365967982599        0.66684712447818        1.82646916597365
H           -1.74687466800284        1.94095653873072        0.60486188689914
H           -2.24448346274771        0.30527111049738       -1.18347614758101
H           -2.43765449614689       -0.99222330281016       -0.00553701226670
H            1.94417574618356       -0.25586507049236       -1.17167713937421
H            2.16810798775038        1.42928548190970       -0.60712724037563
H            2.19047100835246        0.61968341635380        1.75588075516832
H            1.97733700161359       -1.04777460219209        1.19364079921531
H            3.46679994013434       -0.17221210696321        0.81646191485095
17
 energy: -23.958279032729 gnorm: 0.004531666080 xtb: 6.7.1 (edcfbbe)
C           -2.18507135265685        0.98393290603359        0.86046903035788
C           -1.90688497616548       -0.06384020171220       -0.21116679387196
C           -0.44728410044505       -0.40279996663312       -0.36871210153818
O           -0.03891986321258       -1.51065118997206       -0.65037347311863
O            0.34804546396957        0.64495525131122       -0.20186814224906
C            1.76745071311713        0.44765581392088       -0.34415899884005
C            2.38697737937062       -0.06921740067827        0.94291765183333
H           -3.25697127286577        1.13151393577817        0.95174348396572
H           -1.79676645410761        0.65982190718477        1.82154985499648
H           -1.71877935715266        1.92930220707128        0.60052686267626
H           -2.24608102070325        0.30484361522745       -1.18243790671547
H           -2.43716532389412       -0.99421098462254       -0.00357057150613
H            1.93441628706171       -0.25826765207031       -1.16321076004449
H            2.15161005400895        1.43417240636106       -0.60436981123794
H            2.18333317606153        0.61709278530980        1.75963629185451
H            1.97508974208273       -1.04522020526105        1.18785211553126
H            3.45963250015041       -0.16448388591468        0.81316605029154
17
 energy: -23.958321643847 gnorm: 0.001691031736 xtb: 6.7.1 (edcfbbe)
C           -2.17894194525876        0.98406969511792        0.86012544402749
C           -1.90851238208146       -0.06616711212485       -0.21244872327290
C           -0.44825267629939       -0.40640518487325       -0.36888422326870
O           -0.04078489781473       -1.51461047296995       -0.65565900863943
O            0.34495796995364        0.64035217841310       -0.19897191161380
C            1.76165120166528        0.44929519488620       -0.34350066969698
C            2.38500458004985       -0.06667461439296        0.94437451947118
H           -3.24929777710514        1.14411688917961        0.94901206365700
H           -1.79580202503376        0.65416987282308        1.82161534128167
H           -1.70073315050915        1.92402354200899        0.60128239857385
H           -2.24843691465175        0.30325923313647       -1.18284114631597
H           -2.43946004447384       -0.99541003130518       -0.00318251961370
H            1.93453192065489       -0.25720077891395       -1.16122280145571
H            2.14467603492854        1.43609512448281       -0.60369669670604
H            2.17830360792177        0.61761895199642        1.76208910543709
H            1.97606838022137       -1.04471903115395        1.18696367580572
H            3.45765971245193       -0.15721411497652        0.81293793471431
17
 energy: -23.958346088646 gnorm: 0.003301074938 xtb: 6.7.1 (edcfbbe)
C           -2.16953728867089        0.98439414534076        0.86015553439404
C           -1.91136927832879       -0.07001549271759       -0.21267597363099
C           -0.45165650220165       -0.41241469346763       -0.37706011912511
O           -0.04645096052475       -1.52164808260920       -0.66940409649981
O            0.34045007222401        0.63297770431709       -0.19816472866354
C            1.75553942584686        0.44989040878542       -0.34257263966829
C            2.38213166714019       -0.06234405961824        0.94719489504890
H           -3.23746384047670        1.16682515676083        0.94382640799749
H           -1.79787393532225        0.64504883263538        1.82387444486334
H           -1.67119223906843        1.91560515473345        0.60506375599729
H           -2.25603051778952        0.29816756075795       -1.18193737050018
H           -2.44397401309480       -0.99699655978762        0.00146650995604
H            1.93811552230258       -0.25505985611766       -1.15986088605198
H            2.13614171933778        1.43787941255247       -0.60252503024169
H            2.16893233118658        0.61997353428045        1.76568998545296
H            1.98059668565010       -1.04437809571501        1.18849468517758
H            3.45627274640897       -0.14330572879682        0.81642740787903
17
 energy: -23.958357012472 gnorm: 0.002230111727 xtb: 6.7.1 (edcfbbe)
C           -2.16864879463910        0.98433965052160        0.86045071916975
C           -1.91161893433659       -0.07016648216598       -0.21193167226985
C           -0.45239055321388       -0.41362804077137       -0.37739093556733
O           -0.04817976396331       -1.52148410298917       -0.67507965459391
O            0.34048767994941        0.63180700664579       -0.19842359630462
C            1.75629579748919        0.44881372871017       -0.34291494472619
C            2.38193847672043       -0.06141164854872        0.94749130305497
H           -3.23596826313712        1.17048638161642        0.94135174017145
H           -1.80115424401513        0.64339866321096        1.82517717112993
H           -1.66665198605896        1.91392995507845        0.60757044931298
H           -2.25752892326884        0.29733943768438       -1.18125860734137
H           -2.44463719488921       -0.99679096899962        0.00305429744809
H            1.93878658787137       -0.25607161275584       -1.16016596690233
H            2.13601999230594        1.43716782840889       -0.60347327432321
H            2.16685774485108        0.62122372913936        1.76530383011954
H            1.98246664102673       -1.04400287594260        1.18981893965479
H            3.45655733192727       -0.14035130750873        0.81841298435240
17
 energy: -23.958371291740 gnorm: 0.000778014992 xtb: 6.7.1 (edcfbbe)
C           -2.16644062596798        0.98438965590125        0.86144043283432
C           -1.91220574265009       -0.07075286568431       -0.20959058088141
C           -0.45424568491587       -0.41496205821308       -0.38249177615959
O           -0.05171576033392       -1.51965159138765       -0.69035155669413
O            0.34063879452579        0.62940521920380       -0.19943294569966
C            1.75796650317757        0.44584979608915       -0.34320094189097
C            2.38175034919154       -0.05901707474144        0.94866268901975
H           -3.23214329299122        1.18028342144330        0.93488258653219
H           -1.80970526217434        0.63921580986730        1.82844469602275
H           -1.65412680652734        1.90920639972652        0.61381177390512
H           -2.26260478768882        0.29426403050366       -1.17857876902738
H           -2.44488715472259       -0.99700409903047        0.00884323716850
H            1.93914985631009       -0.26007693910084       -1.15958197331923
H            2.13574391699116        1.43463062173304       -0.60600019793960
H            2.16095116703791        0.62443250173538        1.76420797878828
H            1.98718627630335       -1.04290393985784        1.19296007786921
H            3.45731984905402       -0.13270954685376        0.82396805185691
17
 energy: -23.958375361986 gnorm: 0.000869002325 xtb: 6.7.1 (edcfbbe)
C           -2.16484205099606        0.98450526578592        0.86218231543702
C           -1.91277153400811       -0.07152974132070       -0.20837845320072
C           -0.45516275402404       -0.41494291213454       -0.38583488006506
O           -0.05325242234082       -1.51747559389404       -0.70165485157980
O            0.34048258979012        0.62789422239526       -0.19782735857191
C            1.75783023247453        0.44419351391855       -0.34313600018455
C            2.38187630773831       -0.05712049365947        0.94979112261193
H           -3.22944515171463        1.18827006249226        0.92998620087973
H           -1.81572054086271        0.63573445141209        1.83056223469765
H           -1.64396518592228        1.90543651642584        0.61788498847927
H           -2.26599097286874        0.29204249371652       -1.17680331554245
H           -2.44412026314631       -0.99804518207843        0.01233956503551
H            1.93752375732766       -0.26412699816231       -1.15775507227702
H            2.13508567599847        1.43233360667897       -0.60876239169898
H            2.15709347505839        0.62650382656619        1.76395342637297
H            1.99029799100480       -1.04198568213773        1.19464146970382
H            3.45771244111069       -0.12708801467040        0.82680378228768
17
 energy: -23.958377503339 gnorm: 0.000288131755 xtb: 6.7.1 (edcfbbe)
C           -2.16528099273412        0.98463103979248        0.86250639881719
C           -1.91303583339825       -0.07162218712586       -0.20821018340653
C           -0.45534496084391       -0.41356116857928       -0.38756425490376
O           -0.05361755022190       -1.51531795251722       -0.70722676329751
O            0.34073380934498        0.62777745826732       -0.19515491260673
C            1.75758654659740        0.44327639163329       -0.34278432230964
C            2.38299508634055       -0.05646963852649        0.95049908505323
H           -3.22944398053359        1.19044963409748        0.92825592571091
H           -1.81871213516203        0.63502103927119        1.83132006912466
H           -1.64231632697708        1.90445026121965        0.61936680491720
H           -2.26753340051938        0.29125583188675       -1.17627756890072
H           -2.44281322687052       -0.99879570164948        0.01325773679483
H            1.93545241671831       -0.26721201270448       -1.15591186759162
H            2.13563727114369        1.43021634451346       -0.61105372810658
H            2.15727573798794        0.62732964035633        1.76418129374045
H            1.99229583830891       -1.04163168373186        1.19568565762153
H            3.45875329543827       -0.12519795486928        0.82710341172818
17
 energy: -23.958378553727 gnorm: 0.000301051580 xtb: 6.7.1 (edcfbbe)
C           -2.16646391718885        0.98479670914855        0.86254489757537
C           -1.91337601706311       -0.07130877836519       -0.20820251367503
C           -0.45568271565839       -0.41259089683635       -0.38827009551803
O           -0.05466725822157       -1.51363580987363       -0.71202762054292
O            0.34110456092179        0.62738695461143       -0.19223672571326
C            1.75761289787541        0.44224163680016       -0.34213922978072
C            2.38478886381795       -0.05606931252746        0.95103129441995
H           -3.23072251217882        1.19094375071985        0.92711693900478
H           -1.82098587232962        0.63455146013193        1.83159518502482
H           -1.64274197337335        1.90452600760085        0.62014153543201
H           -2.26855972206122        0.29122076008320       -1.17615180213902
H           -2.44234743604486       -0.99891331017740        0.01331427905402
H            1.93376751691217       -0.26972652131534       -1.15431192762209
H            2.13613322922233        1.42837280835295       -0.61267454184966
H            2.15932735290379        0.62823354024149        1.76438004467372
H            1.99493843130348       -1.04133543734133        1.19727726598382
H            3.46050616578215       -0.12409421991971        0.82660579805733
17
 energy: -23.958379525562 gnorm: 0.000346679085 xtb: 6.7.1 (edcfbbe)
C           -2.16798287542064        0.98501580733183        0.86235129680649
C           -1.91389936388471       -0.07073033397110       -0.20850084653970
C           -0.45628649049391       -0.41172738801046       -0.38926588787614
O           -0.05631611829982       -1.51194226126086       -0.71725601937457
O            0.34147786738592        0.62654210908990       -0.18863937940217
C            1.75768393491725        0.44092549324884       -0.34093093881851
C            2.38732753306828       -0.05582469334236        0.95165552952294
H           -3.23248978809057        1.18975899902486        0.92697530336454
H           -1.82217825406632        0.63529489807702        1.83143353231524
H           -1.64565284280858        1.90554302447711        0.62019367263658
H           -2.26947735178182        0.29141930103797       -1.17650746419024
H           -2.44235179001657       -0.99870454481718        0.01284024828692
H            1.93203698310318       -0.27220397935776       -1.15245871194714
H            2.13623714780154        1.42649854216072       -0.61359890341700
H            2.16326246456622        0.62928521158773        1.76472269083427
H            1.99837421051458       -1.04097960290744        1.19972983298477
H            3.46286632812523       -0.12357124103481        0.82524882719879
17
 energy: -23.958380371200 gnorm: 0.000318540176 xtb: 6.7.1 (edcfbbe)
C           -2.16893779047517        0.98527198697576        0.86191349390082
C           -1.91457813189462       -0.07035835215885       -0.20880924034061
C           -0.45707183847372       -0.41180025907647       -0.38996896601550
O           -0.05811923481621       -1.51099766075092       -0.72271100876192
O            0.34140252882171        0.62498307835318       -0.18493768995674
C            1.75737070501764        0.43988143077897       -0.33944809914758
C            2.38966755708643       -0.05551973976891        0.95231466383822
H           -3.23375172343937        1.18871091531570        0.92746206722939
H           -1.82178865181105        0.63613432993491        1.83075662950337
H           -1.64794301551112        1.90652624463615        0.61914620328665
H           -2.27015338792734        0.29168741105005       -1.17690060472510
H           -2.44323054015116       -0.99829200458537        0.01232766438012
H            1.93070200647679       -0.27374087315603       -1.15078355414119
H            2.13519627334678        1.42540506577246       -0.61350455465306
H            2.16744460924041        0.63042384453699        1.76520019417681
H            2.00146582101098       -1.04045737227527        1.20238847174030
H            3.46495640811830       -0.12325870424834        0.82354711207109
17
 energy: -23.958380962316 gnorm: 0.000107212107 xtb: 6.7.1 (edcfbbe)
C           -2.16874014682546        0.98546261576722        0.86152622594308
C           -1.91507760648825       -0.07045094148053       -0.20894026927735
C           -0.45770940985321       -0.41231082705814       -0.39080670545802
O           -0.05915912747897       -1.51068712583997       -0.72636399175482
O            0.34102376183186        0.62373877236635       -0.18296106693112
C            1.75703547264143        0.43949819449562       -0.33843730482916
C            2.39062153547960       -0.05531879353463        0.95278379377045
H           -3.23362261949899        1.18808530145732        0.92834994022280
H           -1.82011410090415        0.63716054907139        1.83014757104905
H           -1.64886744551381        1.90706008116382        0.61772219364361
H           -2.27077395973931        0.29129813759327       -1.17714057953852
H           -2.44407938292411       -0.99813788480619        0.01251583567663
H            1.93022253317553       -0.27388946763299       -1.15001918802433
H            2.13393108734580        1.42535352405851       -0.61271037672134
H            2.16967305068612        0.63117928461164        1.76555725823580
H            2.00253202607421       -1.03998941989730        1.20403949763755
H            3.46573592661096       -0.12345265900137        0.82272994874076
17
 energy: -23.958381500232 gnorm: 0.000108629264 xtb: 6.7.1 (edcfbbe)
C           -2.16814119363151        0.98579018688945        0.86098100301504
C           -1.91566622791032       -0.07087362693795       -0.20889936702693
C           -0.45846760199824       -0.41290127316312       -0.39222938889746
O           -0.06023004923624       -1.50999648957873       -0.73221695304061
O            0.34043449001808        0.62224452127026       -0.18048908521833
C            1.75648353431628        0.43915934217733       -0.33715340146477
C            2.39146333739985       -0.05502953221281        0.95353364530121
H           -3.23300845726748        1.18773698514434        0.92974614100752
H           -1.81728333232669        0.63872790022884        1.82920252458562
H           -1.64939300261443        1.90749371005038        0.61534367756448
H           -2.27221089188776        0.29011723170619       -1.17709054526481
H           -2.44468873970148       -0.99830916069558        0.01358732641681
H            1.92955148767096       -0.27399550975928       -1.14898440694714
H            2.13223875009254        1.42541170901941       -0.61162373175014
H            2.17194812418021        0.63214856652917        1.76610561578495
H            2.00324411083798       -1.03931418756297        1.20607003965560
H            3.46635725667753       -0.12381103177094        0.82210968866404
17
 energy: -23.958381929978 gnorm: 0.000164577232 xtb: 6.7.1 (edcfbbe)
C           -2.16745462696021        0.98623625079239        0.86040752789371
C           -1.91622079687081       -0.07143004940787       -0.20872686079185
C           -0.45916544833492       -0.41299718655314       -0.39402144120460
O           -0.06119034551369       -1.50869944408860       -0.73865913696443
O            0.33995484575059        0.62111315982922       -0.17807900399659
C            1.75601750295252        0.43891691063280       -0.33589403100893
C            2.39210303755653       -0.05488509937731        0.95436960730432
H           -3.23238283512613        1.18696346949034        0.93134387871779
H           -1.81390756639662        0.64078736818653        1.82824905869078
H           -1.65035948817563        1.90823096707538        0.61243621768364
H           -2.27433465387382        0.28821441855515       -1.17685119921179
H           -2.44460922940109       -0.99884622799195        0.01539732145890
H            1.92885309382100       -0.27409217597504       -1.14789596584620
H            2.13101830847760        1.42539718450441       -0.61056169140680
H            2.17398794583166        0.63293248914425        1.76677270114184
H            2.00352945422109       -1.03876220826680        1.20797472745778
H            3.46679239666121       -0.12448048521576        0.82173107246750
17
 energy: -23.958382422437 gnorm: 0.000158802348 xtb: 6.7.1 (edcfbbe)
C           -2.16686727819931        0.98691478356468        0.85969461999980
C           -1.91673963343289       -0.07215202251696       -0.20825222490349
C           -0.45985025045236       -0.41267257418718       -0.39657698418720
O           -0.06228119239300       -1.50646808019255       -0.74791222917784
O            0.33961266775775        0.61998970173944       -0.17508726468086
C            1.75562156914657        0.43850806518084       -0.33439627079832
C            2.39286465826757       -0.05481467946126        0.95548655762611
H           -3.23191929869601        1.18592751334603        0.93339059910274
H           -1.80984490122993        0.64383976675396        1.82708860299072
H           -1.65209698158782        1.90935498825573        0.60869190075563
H           -2.27760927410267        0.28522002610443       -1.17620734826635
H           -2.44362557759993       -0.99980456976954        0.01847348635616
H            1.92793737198394       -0.27454257057079       -1.14646054189822
H            2.13005965445106        1.42508085087619       -0.60949277726136
H            2.17618898675004        0.63375401441923        1.76762749034870
H            2.00383346091997       -1.03820939173430        1.21026599314064
H            3.46734761303627       -0.12532648047396        0.82165917323821
17
 energy: -23.958382883330 gnorm: 0.000096184063 xtb: 6.7.1 (edcfbbe)
C           -2.16636549562307        0.98763906709932        0.85904173691558
C           -1.91703727045139       -0.07286945375045       -0.20762944574875
C           -0.46022498022626       -0.41192330383951       -0.39882216828408
O           -0.06302266481344       -1.50407438571971       -0.75571160938178
O            0.33950882264512        0.61947097300757       -0.17290720439499
C            1.75541290124753        0.43835160892099       -0.33327393315662
C            2.39319503787869       -0.05502901310546        0.95638829834897
H           -3.23164815597957        1.18454954219854        0.93522440694191
H           -1.80599633908159        0.64700712428622        1.82608123818881
H           -1.65415813064880        1.91072485294879        0.60503376633202
H           -2.28085363073772        0.28196085798569       -1.17541311660427
H           -2.44199228401361       -1.00095486932676        0.02187954747962
H            1.92735642399812       -0.27467790794502       -1.14542207624470
H            2.12981466580666        1.42489642737757       -0.60850770022064
H            2.17740246965418        0.63389344508877        1.76845607051362
H            2.00368654646220       -1.03811899820552        1.21164140607191
H            3.46755367850225       -0.12624662568703        0.82193356562843
17
 energy: -23.958383221195 gnorm: 0.000057284517 xtb: 6.7.1 (edcfbbe)
C           -2.16616447071933        0.98821154197281        0.85862147955362
C           -1.91700075882630       -0.07339077458912       -0.20695272582040
C           -0.46020358595338       -0.41129009592799       -0.40015520270596
O           -0.06320561381270       -1.50250798401674       -0.76028066060827
O            0.33961316104817        0.61949034626974       -0.17201915654296
C            1.75546604788493        0.43842091056804       -0.33278468606576
C            2.39311291690750       -0.05542520010697        0.95679968464442
H           -3.23161294689496        1.18376254869603        0.93620191151654
H           -1.80383079699631        0.64946108622710        1.82556667629835
H           -1.65569089700274        1.91170399544598        0.60261789128486
H           -2.28301084200337        0.27938506147574       -1.17465473186166
H           -2.44036101680419       -1.00185523017610        0.02469796841441
H            1.92727411583069       -0.27437870923290       -1.14515213533885
H            2.13006965347327        1.42497188986092       -0.60775127502998
H            2.17717576979629        0.63325554070783        1.76903594528549
H            2.00349797617927       -1.03857556450965        1.21166825762136
H            3.46750288251242       -0.12664002133072        0.82253354173987
17
 energy: -23.958383474443 gnorm: 0.000068965934 xtb: 6.7.1 (edcfbbe)
C           -2.16610358014162        0.98862941995882        0.85830988552405
C           -1.91686789460214       -0.07375266340589       -0.20645077088956
C           -0.46001106810005       -0.41092270902105       -0.40045018273383
O           -0.06301255821685       -1.50182895329580       -0.76152608742874
O            0.33969600242713        0.61978173753472       -0.17187044844879
C            1.75552832262336        0.43876099875370       -0.33265824448252
C            2.39287519871648       -0.05592802684016        0.95678424508834
H           -3.23168434902253        1.18335978644296        0.93640963108813
H           -1.80287189809863        0.65103203382650        1.82532359829012
H           -1.65656870341579        1.91235995445821        0.60117733358669
H           -2.28392767106446        0.27772747091505       -1.17420878054213
H           -2.43930498822129       -1.00242353411454        0.02645683755999
H            1.92742424621920       -0.27357971957607       -1.14541248653885
H            2.13032074462658        1.42542054339372       -0.60699790634778
H            2.17634296902255        0.63204687423165        1.76946082202912
H            2.00344878329837       -1.03940030706753        1.21070223545943
H            3.46734803856894       -0.12668356486029        0.82294310117141
17
 energy: -23.958383724292 gnorm: 0.000075691478 xtb: 6.7.1 (edcfbbe)
C           -2.16617282288069        0.98902557519243        0.85797734534621
C           -1.91673790786646       -0.07407256305488       -0.20599053753840
C           -0.45981273587234       -0.41077949333914       -0.40038201911348
O           -0.06271089560878       -1.50153848527420       -0.76187282650762
O            0.33971914685429        0.62002738303394       -0.17167715803137
C            1.75556537818666        0.43918533539288       -0.33252870151355
C            2.39275916565978       -0.05649016032652        0.95661278835925
H           -3.23183793023574        1.18332208744670        0.93619893803882
H           -1.80253963507937        0.65239067136703        1.82517752778234
H           -1.65716274215103        1.91281693648347        0.59998854106042
H           -2.28439136370691        0.27634475007115       -1.17391136855210
H           -2.43860237843261       -1.00282070742214        0.02789623667855
H            1.92756462295579       -0.27250469448544       -1.14583416223912
H            2.13035797155301        1.42607241070017       -0.60606801744566
H            2.17547487878413        0.63051493004175        1.76991531585671
H            2.00382807000500       -1.04046172222669        1.20935971692006
H            3.46733077245456       -0.12643291226653        0.82313116328403
17
 energy: -23.958384035081 gnorm: 0.000083004735 xtb: 6.7.1 (edcfbbe)
C           -2.16629015964883        0.98952225351829        0.85748546560338
C           -1.91665814605703       -0.07447529475230       -0.20551603748047
C           -0.45964494050518       -0.41075838415245       -0.40007609535958
O           -0.06231662899077       -1.50135476237730       -0.76182013283865
O            0.33962501283354        0.62021419593032       -0.17125485282934
C            1.75549894572020        0.43976640307291       -0.33225986924949
C            2.39277892633263       -0.05720721613283        0.95633983655142
H           -3.23202775671281        1.18343147998985        0.93578196324331
H           -1.80228179631943        0.65395434734321        1.82491674043716
H           -1.65773915148620        1.91331085205938        0.59855002374598
H           -2.28473404000920        0.27480206766808       -1.17369399386840
H           -2.43805998934258       -1.00322811882021        0.02938105004841
H            1.92765273459047       -0.27099228381475       -1.14635532662717
H            2.13010352310785        1.42702932363815       -0.60470548226678
H            2.17466456473911        0.62846920024473        1.77054413705786
H            2.00461301295492       -1.04186011043665        1.20759302301654
H            3.46744748341260       -0.12602461164442        0.82308233320089
17
 energy: -23.958384187028 gnorm: 0.000051402412 xtb: 6.7.1 (edcfbbe)
C           -2.16617203492980        0.98968269780986        0.85723208199497
C           -1.91670280926078       -0.07471253616763       -0.20540352160416
C           -0.45967039780525       -0.41090748186528       -0.39995507267154
O           -0.06209103450557       -1.50144453708395       -0.76155878072704
O            0.33943485952270        0.62017591401323       -0.17096674883226
C            1.75535960020374        0.44010164108705       -0.33204450830649
C            2.39276510594888       -0.05746874581347        0.95622967385747
H           -3.23186837141377        1.18360098581089        0.93567165301964
H           -1.80191695180244        0.65456878790588        1.82472184963182
H           -1.65770370234680        1.91332957669500        0.59775339502676
H           -2.28482636261321        0.27426525730243       -1.17368203576742
H           -2.43809879176442       -1.00339033714384        0.02983283727479
H            1.92763687723356       -0.27016003635087       -1.14655071731161
H            2.12967587671894        1.42762194881032       -0.60392616347070
H            2.17456738816831        0.62768120255448        1.77084714605773
H            2.00481802756105       -1.04234048150799        1.20693237066749
H            3.46742431570414       -0.12600451472212        0.82285932354563
17
 energy: -23.958384441609 gnorm: 0.000068624471 xtb: 6.7.1 (edcfbbe)
C           -2.16610090246224        0.99010033015494        0.85663843980744
C           -1.91677459577891       -0.07518442158409       -0.20514250240527
C           -0.45968411742476       -0.41130691281711       -0.39934750546791
O           -0.06164060979225       -1.50158828296486       -0.76114930688962
O            0.33906267488929        0.62007035334202       -0.17023445139434
C            1.75507366805528        0.44079299148580       -0.33158287563804
C            2.39288001154251       -0.05808676922933        0.95595258774984
H           -3.23176984135609        1.18394601531530        0.93532918289712
H           -1.80137239042256        0.65589685379004        1.82426122389297
H           -1.65781449135039        1.91353753933152        0.59612175578379
H           -2.28492640846967        0.27304312875702       -1.17369314560224
H           -2.43818180646343       -1.00367284210712        0.03079934900311
H            1.92761595662423       -0.26834382621180       -1.14701633580430
H            2.12877372424637        1.42888106876958       -0.60221782934817
H            2.17450872594377        0.62591932726038        1.77148548182412
H            2.00543775612371       -1.04345581172123        1.20547632324311
H            3.46754424071439       -0.12594940023706        0.82231239073347
17
 energy: -23.958384721302 gnorm: 0.000105430069 xtb: 6.7.1 (edcfbbe)
C           -2.16622198347073        0.99068322812066        0.85591757847217
C           -1.91678231815336       -0.07574646937235       -0.20469837956557
C           -0.45962915489146       -0.41149196810909       -0.39900899760403
O           -0.06108558257263       -1.50161860068111       -0.76068066661702
O            0.33874747679791        0.62012418042773       -0.16949959543973
C            1.75483172325176        0.44163183859016       -0.33102871485956
C            2.39307208981322       -0.05898293681493        0.95561353021848
H           -3.23194318848646        1.18414895711061        0.93484815192301
H           -1.80090147680033        0.65777925240038        1.82376871695104
H           -1.65844064538810        1.91404297915677        0.59410863942510
H           -2.28520076799811        0.27123195493818       -1.17359452716447
H           -2.43794203767233       -1.00408670368811        0.03236295692298
H            1.92768400137686       -0.26608273689268       -1.14763097877435
H            2.12798090935614        1.43036257110036       -0.60007510455417
H            2.17447856051682        0.62360018751677        1.77228781399751
H            2.00622392850101       -1.04497311684570        1.20361801601742
H            3.46776006043907       -0.12602327562365        0.82168434303627
17
 energy: -23.958385071227 gnorm: 0.000119915451 xtb: 6.7.1 (edcfbbe)
C           -2.16652723433892        0.99140222331652        0.85504869597263
C           -1.91671308485912       -0.07639496497656       -0.20407598277536
C           -0.45942000032880       -0.41153356559925       -0.39830837712997
O           -0.06039057097258       -1.50137385596873       -0.76027245569124
O            0.33853541259531        0.62035973353438       -0.16847834004364
C            1.75465457217408        0.44267654911071       -0.33043517959164
C            2.39329129415568       -0.06015400471375        0.95514682669949
H           -3.23236033110633        1.18415374631632        0.93406980052909
H           -1.80057082640146        0.66027923213429        1.82327028750053
H           -1.65960233964349        1.91477355409930        0.59166163075207
H           -2.28556412057303        0.26890957285736       -1.17342259483787
H           -2.43730587614074       -1.00469197898776        0.03443589165584
H            1.92773617653339       -0.26341189510602       -1.14839844839046
H            2.12735243950132        1.43209064988254       -0.59761187133793
H            2.17444632678172        0.62067251186528        1.77322030398711
H            2.00707942157920       -1.04686600205588        1.20124376014808
H            3.46799033566303       -0.12629216437473        0.82089883493834
17
 energy: -23.958385718291 gnorm: 0.000107998624 xtb: 6.7.1 (edcfbbe)
C           -2.16739830427849        0.99282477115998        0.85342766536240
C           -1.91647605192386       -0.07757977852639       -0.20275225730003
C           -0.45887764068562       -0.41129845206333       -0.39711784838076
O           -0.05898455660737       -1.50057297143836       -0.75987563404457
O            0.33828922628092        0.62105009499606       -0.16662470686779
C            1.75444574785818        0.44456932896723       -0.32934514454676
C            2.39379506132187       -0.06241402642287        0.95426724260303
H           -3.23351571982553        1.18398495841820        0.93261663361345
H           -1.80020584780146        0.66512309918713        1.82233821587052
H           -1.66223468043875        1.91631928112927        0.58708480206701
H           -2.28643387305874        0.26434305625540       -1.17289263046171
H           -2.43560268550186       -1.00598089947895        0.03859451437399
H            1.92776731999529       -0.25860140391012       -1.14977926301019
H            2.12655103336549        1.43510279626693       -0.59317367327665
H            2.17446993866293        0.61519125631782        1.77488882592274
H            2.00850982163249       -1.05038116098425        1.19675590580774
H            3.46853280562377       -0.12708060853975        0.81958013465268
17
 energy: -23.958386715192 gnorm: 0.000104671868 xtb: 6.7.1 (edcfbbe)
C           -2.16918610494984        0.99566982156397        0.85021594410951
C           -1.91596706026881       -0.07997295499902       -0.20001990907214
C           -0.45772547905607       -0.41053299034679       -0.39489496123481
O           -0.05618758698682       -1.49857213230010       -0.75963820502099
O            0.33792900461559        0.62259230529153       -0.16279723638113
C            1.75416235481730        0.44835040771956       -0.32718985913909
C            2.39474059462533       -0.06699029010836        0.95254454213745
H           -3.23591187896770        1.18345596402010        0.92960998619859
H           -1.79960565510849        0.67503826324346        1.82061329731610
H           -1.66772372560118        1.91948685930002        0.57787967586335
H           -2.28839862203527        0.25480538522798       -1.17175519150795
H           -2.43184106276799       -1.00867106966804        0.04725133920401
H            1.92774856112235       -0.24906966621264       -1.15251108448395
H            2.12524278543926        1.44101671326799       -0.58443939081035
H            2.17468498557814        0.60429937171282        1.77819491903807
H            2.01114330021381       -1.05736033972785        1.18796714614982
H            3.46952718394965       -0.12894630665064        0.81696177001860
17
 energy: -23.958387306559 gnorm: 0.000100762993 xtb: 6.7.1 (edcfbbe)
C           -2.17077397647171        0.99823680198271        0.84726336197863
C           -1.91549649522400       -0.08216849780885       -0.19745086445790
C           -0.45671690420564       -0.40976107818303       -0.39321031526879
O           -0.05374644722197       -1.49652047441315       -0.76032033876622
O            0.33759063680299        0.62394498831179       -0.15928442875192
C            1.75391298861114        0.45166764116894       -0.32512960286551
C            2.39560960335434       -0.07101759361341        0.95105348436197
H           -3.23801011078831        1.18302726912447        0.92705731534645
H           -1.79887347382592        0.68401078761195        1.81885029281680
H           -1.67265392170528        1.92222877462089        0.56942030633655
H           -2.29051746774621        0.24598817487689       -1.17047402817369
H           -2.42820914533671       -1.01113332629251        0.05544928479441
H            1.92771740426105       -0.24062067946431       -1.15471849336991
H            2.12414277017438        1.44614612763102       -0.57649840814637
H            2.17498885230967        0.59471945747465        1.78103444479968
H            2.01323588676521       -1.06331737966146        1.18020922971112
H            3.47043139486626       -0.13083165203260        0.81474154203976
17
 energy: -23.958387631060 gnorm: 0.000066057141 xtb: 6.7.1 (edcfbbe)
C           -2.17146886484662        0.99972320438307        0.84554191619021
C           -1.91525581196552       -0.08352142777080       -0.19591502000240
C           -0.45619526718666       -0.40925604593483       -0.39260185645437
O           -0.05246630765603       -1.49506255894246       -0.76175552613593
O            0.33738146186422        0.62462500474638       -0.15709715684106
C            1.75375542571401        0.45354500824689       -0.32385540528780
C            2.39599498732456       -0.07327417181404        0.95033354246168
H           -3.23897709045872        1.18277558571905        0.92575763181055
H           -1.79808400619709        0.68937325835413        1.81777710503110
H           -1.67536213955208        1.92375905778851        0.56429246930513
H           -2.29210433380806        0.24051037111883       -1.16959113486757
H           -2.42592273312952       -1.01262996634729        0.06053212096990
H            1.92762032728869       -0.23580075498225       -1.15584181455727
H            2.12343674442948        1.44902238218208       -0.57192998566381
H            2.17528027495920        0.58942712708615        1.78267617039529
H            2.01418971796812       -1.06654433468481        1.17610286292741
H            3.47080920987128       -0.13207239781466        0.81356686310401
17
 energy: -23.958388024517 gnorm: 0.000071471223 xtb: 6.7.1 (edcfbbe)
C           -2.17175571666611        1.00089862179043        0.84416269840587
C           -1.91514191897050       -0.08468874882487       -0.19464976410264
C           -0.45591627500914       -0.40882913356174       -0.39269339022381
O           -0.05169180072152       -1.49358190213910       -0.76446092555619
O            0.33715044096017        0.62495582838407       -0.15518084090264
C            1.75357766149966        0.45488560446526       -0.32270616288966
C            2.39625082252352       -0.07487167782248        0.94998988202666
H           -3.23943711820564        1.18262386319184        0.92508725276682
H           -1.79683856388171        0.69370868303260        1.81677406936769
H           -1.67731805211946        1.92489107356710        0.55994007875469
H           -2.29393269244168        0.23585665640803       -1.16869642173919
H           -2.42395350521887       -1.01391839691763        0.06499669504118
H            1.92751360155421       -0.23228651296898       -1.15643227085441
H            2.12280305737967        1.45110351854046       -0.56834095845710
H            2.17564657024271        0.58575980737790        1.78396140918890
H            2.01463193133924       -1.06871061127212        1.17340869370038
H            3.47104315235473       -0.13319733191680        0.81283273785854
17
 energy: -23.958388849814 gnorm: 0.000120437466 xtb: 6.7.1 (edcfbbe)
C           -2.17165148719001        1.00264844450952        0.84214595170051
C           -1.91510093163356       -0.08656597194735       -0.19275619117400
C           -0.45572781552198       -0.40817286703252       -0.39382209921572
O           -0.05097730399589       -1.49088309514008       -0.77107958948303
O            0.33672487849419        0.62506363717864       -0.15208654668825
C            1.75322704527470        0.45662104610083       -0.32084785722923
C            2.39646660005941       -0.07693550225572        0.94993472551175
H           -3.23953997891470        1.18236579766927        0.92484677079703
H           -1.79375590984364        0.70032751666911        1.81510825432772
H           -1.67992869950502        1.92656844330542        0.55304338300906
H           -2.29759173388408        0.22847228295156       -1.16714374661618
H           -2.42081539737690       -1.01601211064063        0.07217858157475
H            1.92726725113901       -0.22763788608190       -1.15690443585638
H            2.12166855257539        1.45388117159516       -0.56329517315739
H            2.17631394360919        0.58120904866953        1.78595091733221
H            2.01486167571178       -1.07137842408786        1.17056809491711
H            3.47119090562138       -0.13497219012901        0.81215174263511
17
 energy: -23.958390394964 gnorm: 0.001206621121 xtb: 6.7.1 (edcfbbe)
C           -2.17126141106040        1.01191583978792        0.83146791218451
C           -1.91507799001077       -0.09628043225770       -0.18301953205004
C           -0.45503141514318       -0.40491385336919       -0.39981698253225
O           -0.04773191516499       -1.47668658745486       -0.80637451144816
O            0.33437015009049        0.62513812047650       -0.13537280850314
C            1.75119877658426        0.46542225523003       -0.31081899646354
C            2.39819711823654       -0.08770816277606        0.94980667934048
H           -3.24026056989925        1.18055896445836        0.92421526491350
H           -1.77672224220857        0.73537820910964        1.80601570662912
H           -1.69448061317565        1.93572841161988        0.51635247814362
H           -2.31693313919131        0.19007356115579       -1.15920352460777
H           -2.40485511491416       -1.02674296129041        0.10955307089954
H            1.92604241678028       -0.20369504905952       -1.15912564742656
H            2.11545193800649        1.46829873616954       -0.53661831537385
H            2.17992278087567        0.55732592468520        1.79669358946855
H            2.01720393999733       -1.08569589153090        1.15577301160351
H            3.47259888481651       -0.14351774362027        0.80846538760754
17
 energy: -23.958391491923 gnorm: 0.000120220991 xtb: 6.7.1 (edcfbbe)
C           -2.17126124204803        1.00948972342497        0.83404757206264
C           -1.91516211325130       -0.09368947046861       -0.18560731048365
C           -0.45551634356598       -0.40574614259485       -0.39888060061263
O           -0.04927067177124       -1.47970530668162       -0.79905237254042
O            0.33494387301728        0.62446557929268       -0.13916554628424
C            1.75159638988872        0.46277375102195       -0.31310357478385
C            2.39800494880851       -0.08472741628148        0.95014238291835
H           -3.23984807108392        1.18076407691801        0.92519850838402
H           -1.78015409084455        0.72654862562082        1.80759207898438
H           -1.69120514622810        1.93321665663209        0.52534145191045
H           -2.31240364213933        0.19981729166654       -1.16084523543948
H           -2.40888664345912       -1.02354471023372        0.10003265067005
H            1.92621776676598       -0.21042775186750       -1.15799163921051
H            2.11677013063501        1.46410020494111       -0.54359795027434
H            2.17926547637256        0.56391262625315        1.79398523439864
H            2.01708270965882       -1.08174688829439        1.16038983037167
H            3.47245826386398       -0.14090150801518        0.80950730231401
17
 energy: -23.958392373210 gnorm: 0.000107127778 xtb: 6.7.1 (edcfbbe)
C           -2.17119566775069        1.01228243240726        0.83069931241101
C           -1.91531389930337       -0.09640677651431       -0.18286489476859
C           -0.45563426167957       -0.40477997168436       -0.40107224013726
O           -0.04897274937677       -1.47495237980193       -0.81108575935097
O            0.33421571955389        0.62383014455687       -0.13339288256326
C            1.75083802702431        0.46495960698610       -0.30971982503639
C            2.39899415114414       -0.08782848612389        0.95034894764626
H           -3.24006740594454        1.17965643655132        0.92581582141385
H           -1.77417271914969        0.73746374320092        1.80419744711849
H           -1.69653142947916        1.93606628069006        0.51378722262687
H           -2.31838366747160        0.18845552232401       -1.15829129473360
H           -2.40420270450669       -1.02629592493943        0.11105373211434
H            1.92553619858039       -0.20386673527317       -1.15806467810384
H            2.11458202876382        1.46785172370647       -0.53565685849095
H            2.18074040467047        0.55688899956373        1.79731898253881
H            2.01887990805760       -1.08599789689272        1.15658200389940
H            3.47331966148674       -0.14272737742298        0.80833774580091
17
 energy: -23.958393223986 gnorm: 0.000936416880 xtb: 6.7.1 (edcfbbe)
C           -2.17145761756392        1.01916185230991        0.82245167664673
C           -1.91593919386251       -0.10270519121896       -0.17648505916184
C           -0.45614172303244       -0.40230150684034       -0.40634198904688
O           -0.04861276901546       -1.46310756326422       -0.84052696297567
O            0.33247896576285        0.62193603531626       -0.11856399045209
C            1.74898159324172        0.46984351288897       -0.30114579358839
C            2.40211547921212       -0.09540637987289        0.95093644566616
H           -3.24107176528161        1.17615971625447        0.92790229569259
H           -1.75925962543526        0.76448432454128        1.79550813049102
H           -1.71101079580055        1.94340511012722        0.48522743570776
H           -2.33282097039776        0.16138386585780       -1.15238239626946
H           -2.39314010164194       -1.03267563838704        0.13738382335662
H            1.92345718864683       -0.18855519502213       -1.15780020030645
H            2.10918426013893        1.47648717510515       -0.51632839349630
H            2.18476751693040        0.53944500184460        1.80567478009730
H            2.02494043381985       -1.09676157918351        1.14723989461796
H            3.47616071889802       -0.14619419912265        0.80524308540603
17
 energy: -23.958394069463 gnorm: 0.000134017054 xtb: 6.7.1 (edcfbbe)
C           -2.17158750423527        1.01738857273909        0.82449870212404
C           -1.91606898795603       -0.10073375559731       -0.17848533527607
C           -0.45642289123039       -0.40292623851954       -0.40531760248138
O           -0.04950191586951       -1.46565427348410       -0.83431311235338
O            0.33291473749355        0.62162956682599       -0.12136711674201
C            1.74933203726513        0.46790227585689       -0.30293001157819
C            2.40205412468565       -0.09324147792623        0.95107749038425
H           -3.24094815585805        1.17631353841257        0.92835824553768
H           -1.76229389255911        0.75782551795697        1.79706438490241
H           -1.70860782038286        1.94170794142397        0.49218712164705
H           -2.32913868497536        0.16901218423208       -1.15398693681512
H           -2.39637007969166       -1.03049652258657        0.12995015182603
H            1.92347813610301       -0.19359968332950       -1.15710987809943
H            2.11026037426337        1.47342620805077       -0.52162195103515
H            2.18428498188882        0.54417656497059        1.80365078763727
H            2.02508916932193       -1.09398460140603        1.15038328382197
H            3.47615796635604       -0.14414647628572        0.80595455888511
17
 energy: -23.958394527617 gnorm: 0.000166138781 xtb: 6.7.1 (edcfbbe)
C           -2.17204664179062        1.01857266440287        0.82301832646838
C           -1.91644711943649       -0.10142779153229       -0.17772246232493
C           -0.45686640472875       -0.40246540640308       -0.40638624218824
O           -0.05019573845689       -1.46314250974915       -0.84054667823141
O            0.33266366432682        0.62053555249909       -0.11766254763162
C            1.74897816020623        0.46803853732362       -0.30105717324092
C            2.40346951582613       -0.09435689566363        0.95144516555602
H           -3.24149351077547        1.17497233773687        0.92961577960224
H           -1.75918213981777        0.76269010820101        1.79494394774129
H           -1.71253074717907        1.94318278015341        0.48699924952835
H           -2.33153817007102        0.16522730227133       -1.15312935069846
H           -2.39503034489987       -1.03104743497005        0.13359810701680
H            1.92252938227927       -0.19219093297114       -1.15631690257044
H            2.10909289340064        1.47405775789135       -0.51880022882540
H            2.18560689306520        0.54136856121158        1.80522972010051
H            2.02810278764359       -1.09593002008721        1.14948293017307
H            3.47751911502736       -0.14348526898067        0.80528114190985
17
 energy: -23.958394852704 gnorm: 0.000070410231 xtb: 6.7.1 (edcfbbe)
C           -2.17259148358952        1.02008306208306        0.82119092903795
C           -1.91686031416883       -0.10240078704273       -0.17667671230000
C           -0.45729778936793       -0.40182449676828       -0.40753371515230
O           -0.05080684909609       -1.46013879812694       -0.84767487291080
O            0.33231408267441        0.61949266091741       -0.11334434194123
C            1.74857049750754        0.46842816154688       -0.29882591441157
C            2.40510941873428       -0.09585340118171        0.95177433513230
H           -3.24217461091407        1.17349711169854        0.93073898058336
H           -1.75571360695277        0.76876559021180        1.79262588004090
H           -1.71705844061056        1.94506825504483        0.48068484348710
H           -2.33451424216862        0.16021902831947       -1.15220177315250
H           -2.39325865849530       -1.03199801660185        0.13835335310107
H            1.92145844184518       -0.19004898449407       -1.15561159909221
H            2.10775382946334        1.47514021809805       -0.51510552970367
H            2.18709306908592        0.53760581187356        1.80724390660875
H            2.03150415158727       -1.09848323075457        1.14789361253193
H            3.47910409908503       -0.14295284348951        0.80446140052601
17
 energy: -23.958394926657 gnorm: 0.000067613471 xtb: 6.7.1 (edcfbbe)
C           -2.17292939973981        1.02093108543158        0.82018286801594
C           -1.91703043443362       -0.10297027321327       -0.17601824847436
C           -0.45747641944766       -0.40152377012956       -0.40811589287947
O           -0.05108061998747       -1.45854274880540       -0.85163925024338
O            0.33214972578606        0.61889704781913       -0.11094535744618
C            1.74836530233846        0.46869717395704       -0.29763418768880
C            2.40595758134596       -0.09670548500834        0.95191957426232
H           -3.24257428655685        1.17290505815451        0.93114867557319
H           -1.75407336968802        0.77204406744187        1.79141555727595
H           -1.71935405598505        1.94603577860671        0.47730265588430
H           -2.33607816335901        0.15740836587604       -1.15160157038187
H           -2.39225021022454       -1.03253999755454        0.14105192368561
H            1.92091219969181       -0.18877134141793       -1.15528973714518
H            2.10699399409498        1.47582283801609       -0.51305956107522
H            2.18786971825504        0.53550287636205        1.80830805920696
H            2.03332163803061       -1.09990842869472        1.14699946270755
H            3.47990839449839       -0.14268290550734        0.80396781110773
