2025-04-11 12:23:48,554 -   censo.qm_processor   -   INFO   - worker462077:Running xtb_gsolv calculation in /srv/scratch/z5358697/.automated/5998/0_PRESCREENING/CONF1/xtb_gsolv.
2025-04-11 12:23:48,565 -   censo.qm_processor   -   INFO   - worker462080:Running xtb_gsolv calculation in /srv/scratch/z5358697/.automated/5998/0_PRESCREENING/CONF3/xtb_gsolv.
2025-04-11 12:23:48,566 -   censo.qm_processor   -   INFO   - worker462078:Running xtb_gsolv calculation in /srv/scratch/z5358697/.automated/5998/0_PRESCREENING/CONF2/xtb_gsolv.
2025-04-11 12:23:48,905 -   censo.qm_processor   -   INFO   - worker462098:Running xtb_gsolv calculation in /srv/scratch/z5358697/.automated/5998/0_PRESCREENING/CONF9/xtb_gsolv.
2025-04-11 12:23:49,005 -   censo.qm_processor   -   INFO   - worker462104:Running xtb_gsolv calculation in /srv/scratch/z5358697/.automated/5998/0_PRESCREENING/CONF11/xtb_gsolv.
2025-04-11 12:23:49,023 -   censo.qm_processor   -   INFO   - worker462086:Running xtb_gsolv calculation in /srv/scratch/z5358697/.automated/5998/0_PRESCREENING/CONF5/xtb_gsolv.
2025-04-11 12:23:49,034 -   censo.qm_processor   -   INFO   - worker462095:Running xtb_gsolv calculation in /srv/scratch/z5358697/.automated/5998/0_PRESCREENING/CONF7/xtb_gsolv.
2025-04-11 12:23:49,046 -   censo.qm_processor   -   INFO   - worker462083:Running xtb_gsolv calculation in /srv/scratch/z5358697/.automated/5998/0_PRESCREENING/CONF4/xtb_gsolv.
2025-04-11 12:23:49,050 -   censo.qm_processor   -   INFO   - worker462092:Running xtb_gsolv calculation in /srv/scratch/z5358697/.automated/5998/0_PRESCREENING/CONF8/xtb_gsolv.
2025-04-11 12:23:49,069 -   censo.qm_processor   -   INFO   - worker462078:Running xtb_gsolv calculation in /srv/scratch/z5358697/.automated/5998/0_PRESCREENING/CONF18/xtb_gsolv.
2025-04-11 12:23:49,087 -   censo.qm_processor   -   INFO   - worker462077:Running xtb_gsolv calculation in /srv/scratch/z5358697/.automated/5998/0_PRESCREENING/CONF19/xtb_gsolv.
2025-04-11 12:23:49,092 -   censo.qm_processor   -   INFO   - worker462101:Running xtb_gsolv calculation in /srv/scratch/z5358697/.automated/5998/0_PRESCREENING/CONF10/xtb_gsolv.
2025-04-11 12:23:49,105 -   censo.qm_processor   -   INFO   - worker462110:Running xtb_gsolv calculation in /srv/scratch/z5358697/.automated/5998/0_PRESCREENING/CONF13/xtb_gsolv.
2025-04-11 12:23:49,251 -   censo.qm_processor   -   INFO   - worker462113:Running xtb_gsolv calculation in /srv/scratch/z5358697/.automated/5998/0_PRESCREENING/CONF14/xtb_gsolv.
2025-04-11 12:23:49,258 -   censo.qm_processor   -   INFO   - worker462089:Running xtb_gsolv calculation in /srv/scratch/z5358697/.automated/5998/0_PRESCREENING/CONF6/xtb_gsolv.
2025-04-11 12:23:49,282 -   censo.qm_processor   -   INFO   - worker462119:Running xtb_gsolv calculation in /srv/scratch/z5358697/.automated/5998/0_PRESCREENING/CONF16/xtb_gsolv.
2025-04-11 12:23:49,302 -   censo.qm_processor   -   INFO   - worker462107:Running xtb_gsolv calculation in /srv/scratch/z5358697/.automated/5998/0_PRESCREENING/CONF12/xtb_gsolv.
2025-04-11 12:23:49,306 -   censo.qm_processor   -   INFO   - worker462080:Running xtb_gsolv calculation in /srv/scratch/z5358697/.automated/5998/0_PRESCREENING/CONF17/xtb_gsolv.
2025-04-11 12:23:49,327 -   censo.qm_processor   -   INFO   - worker462116:Running xtb_gsolv calculation in /srv/scratch/z5358697/.automated/5998/0_PRESCREENING/CONF15/xtb_gsolv.
2025-04-11 12:23:50,129 -     censo.parallel     -   INFO   - All jobs executed successfully.
2025-04-11 12:23:50,153 -   censo.qm_processor   -   INFO   - worker462217:Running sp calculation in /srv/scratch/z5358697/.automated/5998/0_PRESCREENING/CONF1/sp.
2025-04-11 12:23:50,155 -   censo.qm_processor   -   INFO   - worker462218:Running sp calculation in /srv/scratch/z5358697/.automated/5998/0_PRESCREENING/CONF2/sp.
2025-04-11 12:23:50,157 -   censo.qm_processor   -   INFO   - worker462220:Running sp calculation in /srv/scratch/z5358697/.automated/5998/0_PRESCREENING/CONF3/sp.
2025-04-11 12:23:50,158 -   censo.qm_processor   -   INFO   - worker462247:Running sp calculation in /srv/scratch/z5358697/.automated/5998/0_PRESCREENING/CONF12/sp.
2025-04-11 12:23:50,166 -   censo.qm_processor   -   INFO   - worker462223:Running sp calculation in /srv/scratch/z5358697/.automated/5998/0_PRESCREENING/CONF4/sp.
2025-04-11 12:23:50,166 -   censo.qm_processor   -   INFO   - worker462250:Running sp calculation in /srv/scratch/z5358697/.automated/5998/0_PRESCREENING/CONF13/sp.
2025-04-11 12:23:50,173 -   censo.qm_processor   -   INFO   - worker462253:Running sp calculation in /srv/scratch/z5358697/.automated/5998/0_PRESCREENING/CONF14/sp.
2025-04-11 12:23:50,175 -   censo.qm_processor   -   INFO   - worker462229:Running sp calculation in /srv/scratch/z5358697/.automated/5998/0_PRESCREENING/CONF6/sp.
2025-04-11 12:23:50,178 -   censo.qm_processor   -   INFO   - worker462226:Running sp calculation in /srv/scratch/z5358697/.automated/5998/0_PRESCREENING/CONF5/sp.
2025-04-11 12:23:50,183 -   censo.qm_processor   -   INFO   - worker462256:Running sp calculation in /srv/scratch/z5358697/.automated/5998/0_PRESCREENING/CONF15/sp.
2025-04-11 12:23:50,190 -   censo.qm_processor   -   INFO   - worker462232:Running sp calculation in /srv/scratch/z5358697/.automated/5998/0_PRESCREENING/CONF8/sp.
2025-04-11 12:23:50,190 -   censo.qm_processor   -   INFO   - worker462259:Running sp calculation in /srv/scratch/z5358697/.automated/5998/0_PRESCREENING/CONF16/sp.
2025-04-11 12:23:50,198 -   censo.qm_processor   -   INFO   - worker462235:Running sp calculation in /srv/scratch/z5358697/.automated/5998/0_PRESCREENING/CONF7/sp.
2025-04-11 12:23:50,200 -   censo.qm_processor   -   INFO   - worker462238:Running sp calculation in /srv/scratch/z5358697/.automated/5998/0_PRESCREENING/CONF9/sp.
2025-04-11 12:23:50,206 -   censo.qm_processor   -   INFO   - worker462244:Running sp calculation in /srv/scratch/z5358697/.automated/5998/0_PRESCREENING/CONF11/sp.
2025-04-11 12:23:50,214 -   censo.qm_processor   -   INFO   - worker462241:Running sp calculation in /srv/scratch/z5358697/.automated/5998/0_PRESCREENING/CONF10/sp.
2025-04-11 12:24:01,396 -   censo.qm_processor   -   INFO   - worker462253:Running sp calculation in /srv/scratch/z5358697/.automated/5998/0_PRESCREENING/CONF17/sp.
2025-04-11 12:24:01,403 -   censo.qm_processor   -   INFO   - worker462256:Running sp calculation in /srv/scratch/z5358697/.automated/5998/0_PRESCREENING/CONF18/sp.
2025-04-11 12:24:01,468 -   censo.qm_processor   -   INFO   - worker462259:Running sp calculation in /srv/scratch/z5358697/.automated/5998/0_PRESCREENING/CONF19/sp.
2025-04-11 12:24:14,570 -     censo.parallel     -   INFO   - All jobs executed successfully.
2025-04-11 12:24:14,685 -   censo.qm_processor   -   INFO   - worker462920:Running gsolv calculation in /srv/scratch/z5358697/.automated/5998/1_SCREENING/CONF11/gsolv.
2025-04-11 12:24:14,699 -   censo.qm_processor   -   INFO   - worker462913:Running gsolv calculation in /srv/scratch/z5358697/.automated/5998/1_SCREENING/CONF1/gsolv.
2025-04-11 12:24:14,722 -   censo.qm_processor   -   INFO   - worker462932:Running gsolv calculation in /srv/scratch/z5358697/.automated/5998/1_SCREENING/CONF14/gsolv.
2025-04-11 12:24:14,727 -   censo.qm_processor   -   INFO   - worker462911:Running gsolv calculation in /srv/scratch/z5358697/.automated/5998/1_SCREENING/CONF8/gsolv.
2025-04-11 12:24:14,730 -   censo.qm_processor   -   INFO   - worker462912:Running gsolv calculation in /srv/scratch/z5358697/.automated/5998/1_SCREENING/CONF7/gsolv.
2025-04-11 12:24:14,778 -   censo.qm_processor   -   INFO   - worker462917:Running gsolv calculation in /srv/scratch/z5358697/.automated/5998/1_SCREENING/CONF10/gsolv.
2025-04-11 12:24:14,784 -   censo.qm_processor   -   INFO   - worker462923:Running gsolv calculation in /srv/scratch/z5358697/.automated/5998/1_SCREENING/CONF2/gsolv.
2025-04-11 12:24:14,790 -   censo.qm_processor   -   INFO   - worker462926:Running gsolv calculation in /srv/scratch/z5358697/.automated/5998/1_SCREENING/CONF9/gsolv.
2025-04-11 12:24:14,801 -   censo.qm_processor   -   INFO   - worker462929:Running gsolv calculation in /srv/scratch/z5358697/.automated/5998/1_SCREENING/CONF15/gsolv.
2025-04-11 12:24:14,814 -   censo.qm_processor   -   INFO   - worker462947:Running gsolv calculation in /srv/scratch/z5358697/.automated/5998/1_SCREENING/CONF16/gsolv.
2025-04-11 12:24:14,820 -   censo.qm_processor   -   INFO   - worker462941:Running gsolv calculation in /srv/scratch/z5358697/.automated/5998/1_SCREENING/CONF5/gsolv.
2025-04-11 12:24:14,846 -   censo.qm_processor   -   INFO   - worker462938:Running gsolv calculation in /srv/scratch/z5358697/.automated/5998/1_SCREENING/CONF6/gsolv.
2025-04-11 12:24:14,849 -   censo.qm_processor   -   INFO   - worker462935:Running gsolv calculation in /srv/scratch/z5358697/.automated/5998/1_SCREENING/CONF17/gsolv.
2025-04-11 12:24:14,863 -   censo.qm_processor   -   INFO   - worker462944:Running gsolv calculation in /srv/scratch/z5358697/.automated/5998/1_SCREENING/CONF4/gsolv.
2025-04-11 12:24:14,903 -   censo.qm_processor   -   INFO   - worker462953:Running gsolv calculation in /srv/scratch/z5358697/.automated/5998/1_SCREENING/CONF13/gsolv.
2025-04-11 12:24:15,301 -   censo.qm_processor   -   INFO   - worker462950:Running gsolv calculation in /srv/scratch/z5358697/.automated/5998/1_SCREENING/CONF3/gsolv.
2025-04-11 12:25:21,585 -   censo.qm_processor   -   INFO   - worker462911:Running gsolv calculation in /srv/scratch/z5358697/.automated/5998/1_SCREENING/CONF12/gsolv.
2025-04-11 12:26:18,579 -     censo.parallel     -   INFO   - All jobs executed successfully.
2025-04-11 12:26:18,656 -   censo.qm_processor   -   INFO   - worker464062:Running xtb_opt calculation in /srv/scratch/z5358697/.automated/5998/2_OPTIMIZATION/CONF11/xtb_opt.
2025-04-11 12:26:18,668 -   censo.qm_processor   -   INFO   - worker464056:Running xtb_opt calculation in /srv/scratch/z5358697/.automated/5998/2_OPTIMIZATION/CONF7/xtb_opt.
2025-04-11 12:26:18,682 -   censo.qm_processor   -   INFO   - worker464059:Running xtb_opt calculation in /srv/scratch/z5358697/.automated/5998/2_OPTIMIZATION/CONF8/xtb_opt.
2025-04-11 12:26:18,686 -   censo.qm_processor   -   INFO   - worker464068:Running xtb_opt calculation in /srv/scratch/z5358697/.automated/5998/2_OPTIMIZATION/CONF15/xtb_opt.
2025-04-11 12:26:18,709 -   censo.qm_processor   -   INFO   - worker464057:Running xtb_opt calculation in /srv/scratch/z5358697/.automated/5998/2_OPTIMIZATION/CONF10/xtb_opt.
2025-04-11 12:26:18,718 -   censo.qm_processor   -   INFO   - worker464074:Running xtb_opt calculation in /srv/scratch/z5358697/.automated/5998/2_OPTIMIZATION/CONF9/xtb_opt.
2025-04-11 12:26:18,747 -   censo.qm_processor   -   INFO   - worker464080:Running xtb_opt calculation in /srv/scratch/z5358697/.automated/5998/2_OPTIMIZATION/CONF14/xtb_opt.
2025-04-11 12:26:18,754 -   censo.qm_processor   -   INFO   - worker464086:Running xtb_opt calculation in /srv/scratch/z5358697/.automated/5998/2_OPTIMIZATION/CONF3/xtb_opt.
2025-04-11 12:26:18,854 -   censo.qm_processor   -   INFO   - worker464065:Running xtb_opt calculation in /srv/scratch/z5358697/.automated/5998/2_OPTIMIZATION/CONF2/xtb_opt.
2025-04-11 12:26:19,055 -   censo.qm_processor   -   INFO   - worker464071:Running xtb_opt calculation in /srv/scratch/z5358697/.automated/5998/2_OPTIMIZATION/CONF1/xtb_opt.
2025-04-11 12:26:19,186 -   censo.qm_processor   -   INFO   - worker464098:Running xtb_opt calculation in /srv/scratch/z5358697/.automated/5998/2_OPTIMIZATION/CONF12/xtb_opt.
2025-04-11 12:26:19,202 -   censo.qm_processor   -   INFO   - worker464083:Running xtb_opt calculation in /srv/scratch/z5358697/.automated/5998/2_OPTIMIZATION/CONF4/xtb_opt.
2025-04-11 12:26:19,202 -   censo.qm_processor   -   INFO   - worker464077:Running xtb_opt calculation in /srv/scratch/z5358697/.automated/5998/2_OPTIMIZATION/CONF5/xtb_opt.
2025-04-11 12:26:19,246 -   censo.qm_processor   -   INFO   - worker464095:Running xtb_opt calculation in /srv/scratch/z5358697/.automated/5998/2_OPTIMIZATION/CONF6/xtb_opt.
2025-04-11 12:26:19,273 -   censo.qm_processor   -   INFO   - worker464092:Running xtb_opt calculation in /srv/scratch/z5358697/.automated/5998/2_OPTIMIZATION/CONF13/xtb_opt.
2025-04-11 12:26:19,281 -   censo.qm_processor   -   INFO   - worker464089:Running xtb_opt calculation in /srv/scratch/z5358697/.automated/5998/2_OPTIMIZATION/CONF17/xtb_opt.
2025-04-11 12:31:59,559 -   censo.qm_processor   -   INFO   - worker464059:Running xtb_opt calculation in /srv/scratch/z5358697/.automated/5998/2_OPTIMIZATION/CONF16/xtb_opt.
2025-04-11 12:37:04,661 -     censo.parallel     -   INFO   - All jobs executed successfully.
2025-04-11 12:37:04,686 -   censo.qm_processor   -   INFO   - worker469882:Running xtb_rrho calculation in /srv/scratch/z5358697/.automated/5998/2_OPTIMIZATION/CONF7/xtb_rrho.
2025-04-11 12:37:04,694 -   censo.qm_processor   -   INFO   - worker469883:Running xtb_rrho calculation in /srv/scratch/z5358697/.automated/5998/2_OPTIMIZATION/CONF10/xtb_rrho.
2025-04-11 12:37:04,702 -   censo.qm_processor   -   INFO   - worker469888:Running xtb_rrho calculation in /srv/scratch/z5358697/.automated/5998/2_OPTIMIZATION/CONF11/xtb_rrho.
2025-04-11 12:37:04,710 -   censo.qm_processor   -   INFO   - worker469885:Running xtb_rrho calculation in /srv/scratch/z5358697/.automated/5998/2_OPTIMIZATION/CONF8/xtb_rrho.
2025-04-11 12:37:04,719 -   censo.qm_processor   -   INFO   - worker469891:Running xtb_rrho calculation in /srv/scratch/z5358697/.automated/5998/2_OPTIMIZATION/CONF2/xtb_rrho.
2025-04-11 12:37:04,726 -   censo.qm_processor   -   INFO   - worker469900:Running xtb_rrho calculation in /srv/scratch/z5358697/.automated/5998/2_OPTIMIZATION/CONF9/xtb_rrho.
2025-04-11 12:37:04,735 -   censo.qm_processor   -   INFO   - worker469894:Running xtb_rrho calculation in /srv/scratch/z5358697/.automated/5998/2_OPTIMIZATION/CONF15/xtb_rrho.
2025-04-11 12:37:04,747 -   censo.qm_processor   -   INFO   - worker469906:Running xtb_rrho calculation in /srv/scratch/z5358697/.automated/5998/2_OPTIMIZATION/CONF14/xtb_rrho.
2025-04-11 12:37:04,754 -   censo.qm_processor   -   INFO   - worker469903:Running xtb_rrho calculation in /srv/scratch/z5358697/.automated/5998/2_OPTIMIZATION/CONF5/xtb_rrho.
2025-04-11 12:37:04,762 -   censo.qm_processor   -   INFO   - worker469909:Running xtb_rrho calculation in /srv/scratch/z5358697/.automated/5998/2_OPTIMIZATION/CONF4/xtb_rrho.
2025-04-11 12:37:04,774 -   censo.qm_processor   -   INFO   - worker469912:Running xtb_rrho calculation in /srv/scratch/z5358697/.automated/5998/2_OPTIMIZATION/CONF3/xtb_rrho.
2025-04-11 12:37:04,782 -   censo.qm_processor   -   INFO   - worker469915:Running xtb_rrho calculation in /srv/scratch/z5358697/.automated/5998/2_OPTIMIZATION/CONF17/xtb_rrho.
2025-04-11 12:37:04,787 -   censo.qm_processor   -   INFO   - worker469918:Running xtb_rrho calculation in /srv/scratch/z5358697/.automated/5998/2_OPTIMIZATION/CONF13/xtb_rrho.
2025-04-11 12:37:04,795 -   censo.qm_processor   -   INFO   - worker469921:Running xtb_rrho calculation in /srv/scratch/z5358697/.automated/5998/2_OPTIMIZATION/CONF6/xtb_rrho.
2025-04-11 12:37:04,802 -   censo.qm_processor   -   INFO   - worker469924:Running xtb_rrho calculation in /srv/scratch/z5358697/.automated/5998/2_OPTIMIZATION/CONF12/xtb_rrho.
2025-04-11 12:37:04,810 -   censo.qm_processor   -   INFO   - worker469897:Running xtb_rrho calculation in /srv/scratch/z5358697/.automated/5998/2_OPTIMIZATION/CONF1/xtb_rrho.
2025-04-11 12:37:06,388 -   censo.qm_processor   -   INFO   - worker469882:Running xtb_rrho calculation in /srv/scratch/z5358697/.automated/5998/2_OPTIMIZATION/CONF16/xtb_rrho.
2025-04-11 12:37:09,857 -     censo.parallel     -   INFO   - All jobs executed successfully.
2025-04-11 12:37:09,857 -censo.ensembleopt.optimization-   INFO   - Threshold: 2.82 kcal/mol
2025-04-11 12:37:09,879 -   censo.qm_processor   -   INFO   - worker469998:Running xtb_opt calculation in /srv/scratch/z5358697/.automated/5998/2_OPTIMIZATION/CONF7/xtb_opt.
2025-04-11 12:37:09,879 -   censo.qm_processor   -   INFO   - worker469999:Running xtb_opt calculation in /srv/scratch/z5358697/.automated/5998/2_OPTIMIZATION/CONF10/xtb_opt.
2025-04-11 12:37:09,880 -   censo.qm_processor   -   INFO   - worker470001:Running xtb_opt calculation in /srv/scratch/z5358697/.automated/5998/2_OPTIMIZATION/CONF8/xtb_opt.
2025-04-11 12:37:09,880 -   censo.qm_processor   -   INFO   - worker470004:Running xtb_opt calculation in /srv/scratch/z5358697/.automated/5998/2_OPTIMIZATION/CONF11/xtb_opt.
2025-04-11 12:37:09,880 -   censo.qm_processor   -   INFO   - worker470007:Running xtb_opt calculation in /srv/scratch/z5358697/.automated/5998/2_OPTIMIZATION/CONF2/xtb_opt.
2025-04-11 12:37:09,881 -   censo.qm_processor   -   INFO   - worker470010:Running xtb_opt calculation in /srv/scratch/z5358697/.automated/5998/2_OPTIMIZATION/CONF9/xtb_opt.
2025-04-11 12:37:09,881 -   censo.qm_processor   -   INFO   - worker470013:Running xtb_opt calculation in /srv/scratch/z5358697/.automated/5998/2_OPTIMIZATION/CONF5/xtb_opt.
2025-04-11 12:37:09,881 -   censo.qm_processor   -   INFO   - worker470016:Running xtb_opt calculation in /srv/scratch/z5358697/.automated/5998/2_OPTIMIZATION/CONF14/xtb_opt.
2025-04-11 12:37:09,882 -   censo.qm_processor   -   INFO   - worker470019:Running xtb_opt calculation in /srv/scratch/z5358697/.automated/5998/2_OPTIMIZATION/CONF4/xtb_opt.
2025-04-11 12:37:09,882 -   censo.qm_processor   -   INFO   - worker470022:Running xtb_opt calculation in /srv/scratch/z5358697/.automated/5998/2_OPTIMIZATION/CONF3/xtb_opt.
2025-04-11 12:37:09,883 -   censo.qm_processor   -   INFO   - worker470025:Running xtb_opt calculation in /srv/scratch/z5358697/.automated/5998/2_OPTIMIZATION/CONF17/xtb_opt.
2025-04-11 12:37:09,883 -   censo.qm_processor   -   INFO   - worker470028:Running xtb_opt calculation in /srv/scratch/z5358697/.automated/5998/2_OPTIMIZATION/CONF13/xtb_opt.
2025-04-11 12:37:09,884 -   censo.qm_processor   -   INFO   - worker470031:Running xtb_opt calculation in /srv/scratch/z5358697/.automated/5998/2_OPTIMIZATION/CONF6/xtb_opt.
2025-04-11 12:37:09,884 -   censo.qm_processor   -   INFO   - worker470034:Running xtb_opt calculation in /srv/scratch/z5358697/.automated/5998/2_OPTIMIZATION/CONF12/xtb_opt.
2025-04-11 12:37:09,884 -   censo.qm_processor   -   INFO   - worker470037:Running xtb_opt calculation in /srv/scratch/z5358697/.automated/5998/2_OPTIMIZATION/CONF16/xtb_opt.
2025-04-11 12:42:12,260 -     censo.parallel     -   INFO   - All jobs executed successfully.
2025-04-11 12:42:12,261 -censo.ensembleopt.optimization-   INFO   - Threshold: 1.76 kcal/mol
2025-04-11 12:42:12,284 -   censo.qm_processor   -   INFO   - worker471912:Running xtb_opt calculation in /srv/scratch/z5358697/.automated/5998/2_OPTIMIZATION/CONF9/xtb_opt.
2025-04-11 12:42:12,284 -   censo.qm_processor   -   INFO   - worker471913:Running xtb_opt calculation in /srv/scratch/z5358697/.automated/5998/2_OPTIMIZATION/CONF6/xtb_opt.
2025-04-11 12:42:12,284 -   censo.qm_processor   -   INFO   - worker471915:Running xtb_opt calculation in /srv/scratch/z5358697/.automated/5998/2_OPTIMIZATION/CONF16/xtb_opt.
2025-04-11 12:44:30,644 -     censo.parallel     -   INFO   - All jobs executed successfully.
2025-04-11 12:44:30,645 -censo.ensembleopt.optimization-   INFO   - Threshold: 1.50 kcal/mol
2025-04-11 12:44:30,667 -   censo.qm_processor   -   INFO   - worker472378:Running xtb_rrho calculation in /srv/scratch/z5358697/.automated/5998/2_OPTIMIZATION/CONF7/xtb_rrho.
2025-04-11 12:44:30,668 -   censo.qm_processor   -   INFO   - worker472379:Running xtb_rrho calculation in /srv/scratch/z5358697/.automated/5998/2_OPTIMIZATION/CONF10/xtb_rrho.
2025-04-11 12:44:30,668 -   censo.qm_processor   -   INFO   - worker472381:Running xtb_rrho calculation in /srv/scratch/z5358697/.automated/5998/2_OPTIMIZATION/CONF8/xtb_rrho.
2025-04-11 12:44:30,669 -   censo.qm_processor   -   INFO   - worker472384:Running xtb_rrho calculation in /srv/scratch/z5358697/.automated/5998/2_OPTIMIZATION/CONF11/xtb_rrho.
2025-04-11 12:44:30,669 -   censo.qm_processor   -   INFO   - worker472390:Running xtb_rrho calculation in /srv/scratch/z5358697/.automated/5998/2_OPTIMIZATION/CONF15/xtb_rrho.
2025-04-11 12:44:30,669 -   censo.qm_processor   -   INFO   - worker472387:Running xtb_rrho calculation in /srv/scratch/z5358697/.automated/5998/2_OPTIMIZATION/CONF2/xtb_rrho.
2025-04-11 12:44:30,670 -   censo.qm_processor   -   INFO   - worker472396:Running xtb_rrho calculation in /srv/scratch/z5358697/.automated/5998/2_OPTIMIZATION/CONF9/xtb_rrho.
2025-04-11 12:44:30,670 -   censo.qm_processor   -   INFO   - worker472399:Running xtb_rrho calculation in /srv/scratch/z5358697/.automated/5998/2_OPTIMIZATION/CONF5/xtb_rrho.
2025-04-11 12:44:30,671 -   censo.qm_processor   -   INFO   - worker472393:Running xtb_rrho calculation in /srv/scratch/z5358697/.automated/5998/2_OPTIMIZATION/CONF1/xtb_rrho.
2025-04-11 12:44:30,671 -   censo.qm_processor   -   INFO   - worker472402:Running xtb_rrho calculation in /srv/scratch/z5358697/.automated/5998/2_OPTIMIZATION/CONF14/xtb_rrho.
2025-04-11 12:44:30,671 -   censo.qm_processor   -   INFO   - worker472405:Running xtb_rrho calculation in /srv/scratch/z5358697/.automated/5998/2_OPTIMIZATION/CONF4/xtb_rrho.
2025-04-11 12:44:30,672 -   censo.qm_processor   -   INFO   - worker472408:Running xtb_rrho calculation in /srv/scratch/z5358697/.automated/5998/2_OPTIMIZATION/CONF3/xtb_rrho.
2025-04-11 12:44:30,672 -   censo.qm_processor   -   INFO   - worker472411:Running xtb_rrho calculation in /srv/scratch/z5358697/.automated/5998/2_OPTIMIZATION/CONF17/xtb_rrho.
2025-04-11 12:44:30,672 -   censo.qm_processor   -   INFO   - worker472415:Running xtb_rrho calculation in /srv/scratch/z5358697/.automated/5998/2_OPTIMIZATION/CONF13/xtb_rrho.
2025-04-11 12:44:30,672 -   censo.qm_processor   -   INFO   - worker472418:Running xtb_rrho calculation in /srv/scratch/z5358697/.automated/5998/2_OPTIMIZATION/CONF6/xtb_rrho.
2025-04-11 12:44:30,719 -   censo.qm_processor   -   INFO   - worker472421:Running xtb_rrho calculation in /srv/scratch/z5358697/.automated/5998/2_OPTIMIZATION/CONF12/xtb_rrho.
2025-04-11 12:44:32,290 -   censo.qm_processor   -   INFO   - worker472408:Running xtb_rrho calculation in /srv/scratch/z5358697/.automated/5998/2_OPTIMIZATION/CONF16/xtb_rrho.
2025-04-11 12:44:34,086 -     censo.parallel     -   INFO   - All jobs executed successfully.
