----------------------------------------------- 
  Element       SASA      Sigma Z        Total  
     Z         Ang**2 cal/Ang**2/mol   kcal/mol 
----------------------------------------------- 
      H        119.274      48.690       5.807
      C         34.550     129.740       4.483
      O         30.292       0.000       0.000

 Subtotal:     184.116                  10.290
 -----------------------------------------------

  Elements    COT*SASA   Sigma Z,Z'     Total   
    Z,Z'       Ang**2  cal/Ang**2/mol kcal/mol  
 ---------------------------------------------- 
  H   C         80.441     -60.770      -4.888
  H   O          0.000       0.000       0.000
  C   C         24.095     -72.950      -1.758
  O   C         16.835      68.690       1.156
  O   O          0.000       0.000       0.000

 Subtotal:                              -5.490
 ---------------------------------------------- 

 NONAQUEOUS SOLVENT CONTRIBUTION (kcal/mol):
 (proportional to SASA, atomic number independent)
 ---------------------------------------------- 
 Subtotal:                               0.000
 ---------------------------------------------- 

 CDS TOTAL (kcal/mol):                   4.800
...............................................................................
