18
 energy: -272.909842757657 gnorm: 0.001836396699 xtb: 6.7.1 (edcfbbe)
C            2.23450287560943       -0.34929418285961       -0.74004661705129
C            1.51988533420142       -0.56174428869401        0.59362680872647
C            0.33047501137729        0.37698584222808        0.81382306559695
C           -0.76027166468201        0.28583345943526       -0.24620691363185
H           -0.35377557115372        0.59012474659214       -1.22119969017861
C           -1.36979947096108       -1.10145005460725       -0.36845461200630
O           -1.77269337688877        1.25125774614402        0.14479126059248
H            3.13960132331409       -0.96168624655849       -0.80006457198308
H            2.52880955904353        0.69911868291650       -0.86302288282527
H            1.59790516388994       -0.61888553965601       -1.58850788293036
H            1.19092043132580       -1.60457162208666        0.67365435939501
H            2.23102083791290       -0.40135593104673        1.41200864155996
H           -0.12792900517041        0.16367996116678        1.78839340845693
H            0.69005825425146        1.41356275938004        0.84448180238037
H           -2.21881306201951       -1.08536840064847       -1.05969162748108
H           -0.63735357689784       -1.81483221788649       -0.75779511419644
H           -1.71831892909442       -1.45718621478760        0.60715192682052
H           -2.45749017786519        1.23782057433781       -0.53560326958969
18
 energy: -272.909847172483 gnorm: 0.000357915761 xtb: 6.7.1 (edcfbbe)
C            2.23397234110296       -0.34982226187139       -0.74025023733803
C            1.51916485357486       -0.56167258947935        0.59318943839756
C            0.33035122494420        0.37788036021316        0.81363427157573
C           -0.76026089845622        0.28674592160989       -0.24601302395257
H           -0.35301248351150        0.59157926374801       -1.22108394104857
C           -1.36850586758482       -1.10054193186366       -0.36820406021416
O           -1.77391437867873        1.25010989300002        0.14580819902081
H            3.13973692765330       -0.96201053942075       -0.79966671505203
H            2.52917402907133        0.69864112507912       -0.86407305071561
H            1.59898586601748       -0.61955157944446       -1.59044567215680
H            1.18921461362727       -1.60461077622397        0.67357292320901
H            2.23053756342610       -0.40317401352780        1.41221171247991
H           -0.12751441941185        0.16492097792123        1.78888611489650
H            0.69065668388268        1.41451973215423        0.84483472366846
H           -2.21652149540662       -1.08481590128781       -1.06164209654040
H           -0.63607463873141       -1.81558345601888       -0.75619869810562
H           -1.71928001192409       -1.45631370472206        0.60728203180523
H           -2.45997596992306        1.23570848202860       -0.53450364838726
18
 energy: -272.909847172483 gnorm: 0.000357915761 xtb: 6.7.1 (edcfbbe)
C            2.23397234110296       -0.34982226187139       -0.74025023733803
C            1.51916485357486       -0.56167258947935        0.59318943839756
C            0.33035122494420        0.37788036021316        0.81363427157573
C           -0.76026089845622        0.28674592160989       -0.24601302395257
H           -0.35301248351150        0.59157926374801       -1.22108394104857
C           -1.36850586758482       -1.10054193186366       -0.36820406021416
O           -1.77391437867873        1.25010989300002        0.14580819902081
H            3.13973692765330       -0.96201053942075       -0.79966671505203
H            2.52917402907133        0.69864112507912       -0.86407305071561
H            1.59898586601748       -0.61955157944446       -1.59044567215680
H            1.18921461362727       -1.60461077622397        0.67357292320901
H            2.23053756342610       -0.40317401352780        1.41221171247991
H           -0.12751441941185        0.16492097792123        1.78888611489650
H            0.69065668388268        1.41451973215423        0.84483472366846
H           -2.21652149540662       -1.08481590128781       -1.06164209654040
H           -0.63607463873141       -1.81558345601888       -0.75619869810562
H           -1.71928001192409       -1.45631370472206        0.60728203180523
H           -2.45997596992306        1.23570848202860       -0.53450364838726
