----------------------------------------------- 
  Element       SASA      Sigma Z        Total  
     Z         Ang**2 cal/Ang**2/mol   kcal/mol 
----------------------------------------------- 
      H        119.945      48.690       5.840
      C         63.577     129.740       8.249
      O         17.588       0.000       0.000

 Subtotal:     201.110                  14.089
 -----------------------------------------------

  Elements    COT*SASA   Sigma Z,Z'     Total   
    Z,Z'       Ang**2  cal/Ang**2/mol kcal/mol  
 ---------------------------------------------- 
  H   C         72.742     -60.770      -4.421
  H   O          8.513       0.000       0.000
  C   C         83.734     -72.950      -6.108
  O   C          0.000      68.690       0.000

 Subtotal:                             -10.529
 ---------------------------------------------- 

 NONAQUEOUS SOLVENT CONTRIBUTION (kcal/mol):
 (proportional to SASA, atomic number independent)
 ---------------------------------------------- 
 Subtotal:                               0.000
 ---------------------------------------------- 

 CDS TOTAL (kcal/mol):                   3.560
...............................................................................
