----------------------------------------------- 
  Element       SASA      Sigma Z        Total  
     Z         Ang**2 cal/Ang**2/mol   kcal/mol 
----------------------------------------------- 
      H         94.784      48.690       4.615
      C         10.458     129.740       1.357
      O         48.333       0.000       0.000

 Subtotal:     153.575                   5.972
 -----------------------------------------------

  Elements    COT*SASA   Sigma Z,Z'     Total   
    Z,Z'       Ang**2  cal/Ang**2/mol kcal/mol  
 ---------------------------------------------- 
  H   C         38.536     -60.770      -2.342
  H   O         26.619       0.000       0.000
  C   C          7.160     -72.950      -0.522
  O   C          0.430      68.690       0.030
  O   O          0.000       0.000       0.000

 Subtotal:                              -2.835
 ---------------------------------------------- 

 NONAQUEOUS SOLVENT CONTRIBUTION (kcal/mol):
 (proportional to SASA, atomic number independent)
 ---------------------------------------------- 
 Subtotal:                               0.000
 ---------------------------------------------- 

 CDS TOTAL (kcal/mol):                   3.137
...............................................................................
