----------------------------------------------- 
  Element       SASA      Sigma Z        Total  
     Z         Ang**2 cal/Ang**2/mol   kcal/mol 
----------------------------------------------- 
      H        148.050      48.690       7.209
      C         26.485     129.740       3.436
      O         15.832       0.000       0.000

 Subtotal:     190.366                  10.645
 -----------------------------------------------

  Elements    COT*SASA   Sigma Z,Z'     Total   
    Z,Z'       Ang**2  cal/Ang**2/mol kcal/mol  
 ---------------------------------------------- 
  H   C         91.534     -60.770      -5.563
  H   O          8.391       0.000       0.000
  C   C         19.256     -72.950      -1.405
  O   C          0.000      68.690       0.000

 Subtotal:                              -6.967
 ---------------------------------------------- 

 NONAQUEOUS SOLVENT CONTRIBUTION (kcal/mol):
 (proportional to SASA, atomic number independent)
 ---------------------------------------------- 
 Subtotal:                               0.000
 ---------------------------------------------- 

 CDS TOTAL (kcal/mol):                   3.677
...............................................................................
