19
 energy: -386.001085272688 gnorm: 0.001775393067 xtb: 6.7.1 (edcfbbe)
C           -2.57224552104096        0.14991220069584       -0.47601603759997
C           -2.03298599189978       -1.11725498953075       -0.25948271276398
C           -0.73515471428977       -1.25031169313748        0.22591101433685
C            0.04450320732597       -0.12288536188482        0.50608480300704
C           -0.50337190377689        1.14194886359155        0.27649136551892
C           -1.80144240974594        1.27928076600995       -0.21046438555110
C            1.45212230207207       -0.27699465892945        1.02045360566568
C            2.47104266727988       -0.51671672847038       -0.08620707348665
O            2.50241403923933        0.64020549830793       -0.94351880832815
H           -3.58780974720314        0.25598072068949       -0.84393909580257
H           -2.62747000117917       -2.00352129987772       -0.46140055643107
H           -0.32201878410695       -2.24096251506304        0.39990244919471
H            0.09093380136168        2.02672527017481        0.48854487711745
H           -2.21276280148237        2.27029746025797       -0.37737197925407
H            1.74467227138395        0.61655770419085        1.58404681743849
H            1.50541279811991       -1.13420629019127        1.70154614044484
H            3.46020071697300       -0.68181850007482        0.36012117265047
H            2.19588028435297       -1.41031452134652       -0.66457158232500
H            3.12249856690732        0.45221333691295       -1.65824124376774
19
 energy: -386.001108780495 gnorm: 0.000540260699 xtb: 6.7.1 (edcfbbe)
C           -2.57060575235136        0.14936573563243       -0.48036673618815
C           -2.03107841599614       -1.11688143834292       -0.26052473490926
C           -0.73434889408682       -1.24910634254466        0.22948631586182
C            0.04459237714039       -0.12167243751871        0.51122729761758
C           -0.50589327206793        1.14270154052647        0.28279757411894
C           -1.80234408529438        1.27923201346877       -0.20964222914285
C            1.45396850670755       -0.27510642059268        1.02078295426497
C            2.46846661839492       -0.51815121592144       -0.08790530654286
O            2.50046260229318        0.63858044198888       -0.94487470484784
H           -3.58389587550879        0.25432927654475       -0.85577401520435
H           -2.62453150298704       -2.00315950061547       -0.46423788854311
H           -0.32096023351095       -2.23927113570764        0.40424556720844
H            0.08588282208378        2.02782861105943        0.49954308984707
H           -2.21413310314606        2.26998799368846       -0.37748256788068
H            1.75013088241230        0.61802240782016        1.58213527089806
H            1.51022338001322       -1.12987253840587        1.70382802184357
H            3.45957860984389       -0.68807267337263        0.35497210416279
H            2.18869721024993       -1.41032339121846       -0.66581602818046
H            3.12020694285177        0.44970486840144       -1.66050476112404
19
 energy: -386.001129727874 gnorm: 0.001309297456 xtb: 6.7.1 (edcfbbe)
C           -2.56519776530381        0.14810726166272       -0.48789237261745
C           -2.02518329790299       -1.11699640853149       -0.26369306946487
C           -0.73106674391067       -1.24724005761047        0.23424594232889
C            0.04499673750543       -0.11876655306021        0.51996708585785
C           -0.50910848013803        1.14497432675293        0.29432695916379
C           -1.80246623932463        1.27938907807968       -0.20687852833208
C            1.45626526410866       -0.27118993259552        1.02408337992301
C            2.46068895974602       -0.52108373686205       -0.09155171684016
O            2.49599014978397        0.63504505248473       -0.94883034825930
H           -3.57450274330886        0.25094683763578       -0.87496035936517
H           -2.61570807175212       -2.00411981055047       -0.47201145922416
H           -0.31712416191410       -2.23686367481715        0.41061026725584
H            0.07844336959433        2.03117816575800        0.51830872707127
H           -2.21537927268285        2.26956058541504       -0.37548527835645
H            1.75814721970361        0.62424227536900        1.57873188252728
H            1.51621728843340       -1.12222797443480        1.71154518031243
H            3.45401712268593       -0.69914362406584        0.34451133854038
H            2.17132496373228       -1.41150681206927       -0.66767762964884
H            3.11406464092112        0.44383193336863       -1.66545975021939
19
 energy: -386.001138953535 gnorm: 0.000902344965 xtb: 6.7.1 (edcfbbe)
C           -2.56076906084255        0.14733193184276       -0.49225185430838
C           -2.01929213890538       -1.11718148308449       -0.26807123696197
C           -0.72767543183672       -1.24555182759074        0.23624778762531
C            0.04464653599072       -0.11577536934049        0.52704490647941
C           -0.51108564099889        1.14722661916877        0.30248201319317
C           -1.80225143765444        1.27970213961390       -0.20462228725034
C            1.45735878942662       -0.26734748548340        1.02704659598299
C            2.45583385578093       -0.52471495720743       -0.09276145639213
O            2.49053203114529        0.63050175419913       -0.95125486985038
H           -3.56767931853220        0.24869828625453       -0.88525350441831
H           -2.60658594048076       -2.00537726621183       -0.48127214765239
H           -0.31198399298925       -2.23468517486359        0.41178795586530
H            0.07370118181870        2.03423399751147        0.53078948605352
H           -2.21670136765529        2.26932150414531       -0.37242421453519
H            1.76332992342735        0.63095825969592        1.57496022345169
H            1.51944110523328       -1.11522639497907        1.71829327704335
H            3.45076948791974       -0.70744497777411        0.33677056093011
H            2.15688050703215       -1.41393573959349       -0.66614272845422
H            3.10595014794418        0.43740412941553       -1.66947719753718
19
 energy: -386.001144414740 gnorm: 0.000365418523 xtb: 6.7.1 (edcfbbe)
C           -2.55784747798020        0.14696124797692       -0.49409011078047
C           -2.01431102510334       -1.11725418120853       -0.27201476882458
C           -0.72386655804689       -1.24406186796011        0.23484530675044
C            0.04531813210116       -0.11333760661840        0.52988660246853
C           -0.51215569586992        1.14894178926515        0.30804770120634
C           -1.80266618734002        1.28010203851044       -0.20108699282568
C            1.45779321951220       -0.26401906367058        1.03050468032948
C            2.45159652701090       -0.52743186220966       -0.09271192381256
O            2.48624989227023        0.62537350483618       -0.95482707417683
H           -3.56378316717825        0.24744461178633       -0.88950743827046
H           -2.59853505567781       -2.00623080841666       -0.49051611444569
H           -0.30603869505162       -2.23262652912242        0.40833073814029
H            0.07081893591335        2.03648679576542        0.53859552810710
H           -2.21858490379202        2.26924254236561       -0.36823879768534
H            1.76634496973830        0.63698654281566        1.57245057356970
H            1.52036651098056       -1.10874866526743        1.72558233428589
H            3.44734928591033       -0.71177210669062        0.33284644935284
H            2.14703829091363       -1.41721961572864       -0.66207321183505
H            3.09933273442039        0.42930204023210       -1.67413108219846
19
 energy: -386.001149027765 gnorm: 0.000478149616 xtb: 6.7.1 (edcfbbe)
C           -2.55741155644571        0.14712216789685       -0.49343353997395
C           -2.01161160944075       -1.11699517587466       -0.27552449283755
C           -0.72122395218858       -1.24297472709017        0.23109691602336
C            0.04555658364670       -0.11156289544174        0.53007394955606
C           -0.51298011226006        1.15030041284662        0.31004985214965
C           -1.80374812056256        1.28065075383003       -0.19867082148695
C            1.45775140593818       -0.26163327653812        1.03160510503249
C            2.45095196627550       -0.52953326504479       -0.09134563527364
O            2.48439178620715        0.62024713879213       -0.95784650928467
H           -3.56387740901619        0.24716648377376       -0.88744041426611
H           -2.59420408751875       -2.00638120090997       -0.49657559718781
H           -0.30139812066144       -2.23122505746657        0.40189070813436
H            0.06908736551076        2.03815682845531        0.54186572529749
H           -2.22134442736712        2.26950079590604       -0.36320979511836
H            1.76642433420385        0.64123432439477        1.57034607714235
H            1.51940700774280       -1.10418754152810        1.72953164738697
H            3.44695959492629       -0.71163823782670        0.33384278733825
H            2.14580296331767       -1.42148527525334       -0.65679562430638
H            3.09588673178556        0.42137706668692       -1.67756705106406
19
 energy: -386.001149027765 gnorm: 0.000478149616 xtb: 6.7.1 (edcfbbe)
C           -2.55741155644571        0.14712216789685       -0.49343353997395
C           -2.01161160944075       -1.11699517587466       -0.27552449283755
C           -0.72122395218858       -1.24297472709017        0.23109691602336
C            0.04555658364670       -0.11156289544174        0.53007394955606
C           -0.51298011226006        1.15030041284662        0.31004985214965
C           -1.80374812056256        1.28065075383003       -0.19867082148695
C            1.45775140593818       -0.26163327653812        1.03160510503249
C            2.45095196627550       -0.52953326504479       -0.09134563527364
O            2.48439178620715        0.62024713879213       -0.95784650928467
H           -3.56387740901619        0.24716648377376       -0.88744041426611
H           -2.59420408751875       -2.00638120090997       -0.49657559718781
H           -0.30139812066144       -2.23122505746657        0.40189070813436
H            0.06908736551076        2.03815682845531        0.54186572529749
H           -2.22134442736712        2.26950079590604       -0.36320979511836
H            1.76642433420385        0.64123432439477        1.57034607714235
H            1.51940700774280       -1.10418754152810        1.72953164738697
H            3.44695959492629       -0.71163823782670        0.33384278733825
H            2.14580296331767       -1.42148527525334       -0.65679562430638
H            3.09588673178556        0.42137706668692       -1.67756705106406
