----------------------------------------------- 
  Element       SASA      Sigma Z        Total  
     Z         Ang**2 cal/Ang**2/mol   kcal/mol 
----------------------------------------------- 
      H        120.594      48.690       5.872
      C         33.747     129.740       4.378
      O         30.461       0.000       0.000

 Subtotal:     184.802                  10.250
 -----------------------------------------------

  Elements    COT*SASA   Sigma Z,Z'     Total   
    Z,Z'       Ang**2  cal/Ang**2/mol kcal/mol  
 ---------------------------------------------- 
  H   C         81.106     -60.770      -4.929
  H   O          0.000       0.000       0.000
  C   C         23.561     -72.950      -1.719
  O   C         15.935      68.690       1.095
  O   O          0.000       0.000       0.000

 Subtotal:                              -5.553
 ---------------------------------------------- 

 NONAQUEOUS SOLVENT CONTRIBUTION (kcal/mol):
 (proportional to SASA, atomic number independent)
 ---------------------------------------------- 
 Subtotal:                               0.000
 ---------------------------------------------- 

 CDS TOTAL (kcal/mol):                   4.697
...............................................................................
