14
 energy: -344.743991049827 gnorm: 0.044729523762 xtb: 6.7.1 (edcfbbe)
C           -1.01404005484935       -0.46395495610559       -0.31536740613975
C            0.14453208136405        0.34908060935469        0.27613181502236
C            1.47815978815501       -0.07372557233267       -0.34208438005159
O            1.73966598987089       -1.40865250802421        0.02390677791059
O           -0.02850909241263        1.72911257866622        0.04027834721785
O           -2.24927406599671       -0.10646396484718        0.26326165041666
H           -0.80129421735507       -1.53062749737826       -0.19484512748634
H           -1.10562064428993       -0.23490049530409       -1.38004683701154
H            0.19608484328689        0.16145566577155        1.36189240520349
H            2.25465794669910        0.60423685436775        0.03222953271428
H            1.41207033702573        0.03490561691547       -1.43196433933454
H            2.59340301004921       -1.67698165414311       -0.34342202495218
H           -0.97373230633149        1.92869435375466        0.13049392095783
H           -2.28660602751326       -0.43624180819331        1.17183427021927
14
 energy: -344.745267657911 gnorm: 0.018393549192 xtb: 6.7.1 (edcfbbe)
C           -1.01495951893897       -0.46753771128902       -0.31373461816951
C            0.14244566970451        0.33377462148791        0.27750265324166
C            1.47688010712372       -0.06550850984272       -0.34572554669195
O            1.74629173121019       -1.41071238792960        0.03057180511056
O           -0.02325992307844        1.72676659822650        0.03323799471130
O           -2.26364576733286       -0.09743066803572        0.26478478895042
H           -0.81518637329454       -1.53889793412710       -0.19199046368703
H           -1.09220435532824       -0.24275316289898       -1.38337337104896
H            0.18782325089206        0.13981726146531        1.36338194392079
H            2.25588428824735        0.61613745361852        0.02378764299758
H            1.41386178421220        0.04167556375092       -1.43889934967360
H            2.59881628033778       -1.66680555588298       -0.34173032590633
H           -0.96390512677316        1.92895526944629        0.13993374568720
H           -2.28934478944825       -0.42154335348717        1.17455235749285
14
 energy: -344.745686710159 gnorm: 0.004535263452 xtb: 6.7.1 (edcfbbe)
C           -1.01273842116228       -0.47100318550759       -0.31869039549501
C            0.13928434670339        0.32190799082729        0.27767466805658
C            1.47154033946670       -0.06483133967376       -0.34555392218150
O            1.76105933871040       -1.41492772483905        0.03612786294149
O           -0.02478579974236        1.72499675489822        0.03075192068066
O           -2.26905610844144       -0.08384293295240        0.25763685702909
H           -0.83369899587452       -1.54610559768620       -0.18713422590081
H           -1.08550177322429       -0.25514987200336       -1.39153046140367
H            0.18268983083196        0.12999871279453        1.36366934330198
H            2.24890164437158        0.62194052422445        0.01932503444329
H            1.40980911842148        0.03468919467416       -1.44037865843274
H            2.61462719766254       -1.65179926425211       -0.34578855551272
H           -0.96141435796143        1.92808710733993        0.16467666678433
H           -2.28121959687538       -0.39802263346934        1.17151406815116
14
 energy: -344.745781915110 gnorm: 0.003300248736 xtb: 6.7.1 (edcfbbe)
C           -1.01283437139873       -0.47386201367337       -0.32228127304594
C            0.13865360808463        0.31365377846835        0.27474561829841
C            1.47156590174342       -0.06466746948122       -0.34675262255140
O            1.77242321961098       -1.41541085486808        0.03912697830269
O           -0.02889831402143        1.72081303470187        0.02984736929792
O           -2.27250197512152       -0.07310909534309        0.24934885149498
H           -0.84668418860338       -1.54972250425215       -0.18166472990158
H           -1.08279902922922       -0.26455605131508       -1.39606412339952
H            0.18010739395465        0.12498133340562        1.36061545300103
H            2.24519709435056        0.62598105710742        0.01657165667231
H            1.40900283111333        0.02660488921415       -1.44160111083142
H            2.62707670144709       -1.64119939061040       -0.34808529929167
H           -0.96280983461335        1.92160993969718        0.19072953245545
H           -2.27800267983544       -0.37517863663712        1.16776477428886
14
 energy: -344.745820323592 gnorm: 0.003889522137 xtb: 6.7.1 (edcfbbe)
C           -1.01276417148515       -0.47703477580657       -0.32501082518542
C            0.13841522243209        0.30993235585369        0.27276304449781
C            1.47201806907726       -0.06497007671483       -0.34858086939122
O            1.77851777661314       -1.41418493397709        0.04036397768990
O           -0.03369174291491        1.71762000813441        0.03007078061051
O           -2.27223424485768       -0.06578155584164        0.24210873034397
H           -0.85348550385369       -1.55247737983994       -0.17733654195414
H           -1.08041279218399       -0.27237061982494       -1.39921876136290
H            0.17977063883013        0.12175538220244        1.35834243413927
H            2.24224126857669        0.62873085837065        0.01415859824947
H            1.40907457735233        0.02154171230359       -1.44309617759717
H            2.63364827362491       -1.63554743772707       -0.34853620566376
H           -0.96492923100496        1.91512342916688        0.21188411309985
H           -2.27667209277918       -0.35639874692590        1.16438941671762
14
 energy: -344.745852018308 gnorm: 0.002884593976 xtb: 6.7.1 (edcfbbe)
C           -1.01346335064027       -0.48108006824006       -0.32721672193214
C            0.13848336865431        0.30663256413575        0.27045492227216
C            1.47342669912130       -0.06492161867179       -0.35107861690644
O            1.78459040124580       -1.41113952897772        0.04088734955495
O           -0.03991530282189        1.71312463911959        0.03088693636033
O           -2.27174953182488       -0.05812143670048        0.23234650159984
H           -0.86052062013844       -1.55564954836106       -0.17058347170162
H           -1.07692951713753       -0.28305742339159       -1.40244592593298
H            0.18088206370550        0.11692643247570        1.35556046741404
H            2.24024283445577        0.63258592912327        0.01030466601083
H            1.40965203189911        0.01769966760541       -1.44526495359429
H            2.63986583743001       -1.63054890069363       -0.34861892993656
H           -0.96686744103263        1.90639753570867        0.23750507762082
H           -2.27820181531082       -0.33290977304936        1.15956519149522
14
 energy: -344.745862466220 gnorm: 0.001164862345 xtb: 6.7.1 (edcfbbe)
C           -1.01387475386167       -0.48297888386610       -0.32707705272025
C            0.13850988528558        0.30615663011970        0.27029744961636
C            1.47370004337329       -0.06466772254847       -0.35216765752966
O            1.78597781413366       -1.40927427575588        0.04023387366891
O           -0.04177825214090        1.71137146136915        0.03179531190814
O           -2.27158353752416       -0.05627847346340        0.22774128981093
H           -0.86221099120097       -1.55714429221630       -0.16640203324203
H           -1.07434132483600       -0.28880969838019       -1.40327753710932
H            0.18217728368605        0.11436998157713        1.35518742446183
H            2.23971588629755        0.63457930142215        0.00814007619766
H            1.40938494744330        0.01828369521351       -1.44644347998845
H            2.64105898289609       -1.62980163096874       -0.34897958783544
H           -0.96604682223358        1.90428977660001        0.24651399558348
H           -2.28119367989483       -0.32415733060536        1.15674070536315
14
 energy: -344.745866271473 gnorm: 0.000823377889 xtb: 6.7.1 (edcfbbe)
C           -1.01404049918310       -0.48415781989650       -0.32573240363285
C            0.13855385192898        0.30646905064568        0.27094849575849
C            1.47338162651386       -0.06423891639919       -0.35269199883138
O            1.78572338663176       -1.40819248703686        0.03888892458393
O           -0.04170761143077        1.71057398899464        0.03189841661504
O           -2.27227890155732       -0.05664024835336        0.22428679487960
H           -0.86155604579776       -1.55809497565042       -0.16202618224781
H           -1.07111586416681       -0.29387114905008       -1.40318127204443
H            0.18365983034638        0.11304451206450        1.35583548059574
H            2.23981633185566        0.63589211095852        0.00651910734113
H            1.40817925989942        0.02080440399945       -1.44730785453083
H            2.64043384458858       -1.63059047844923       -0.35004283895047
H           -0.96386577045496        1.90597552933359        0.25101241640305
H           -2.28568808745395       -0.32103500647551        1.15389581838461
14
 energy: -344.745866271473 gnorm: 0.000823377889 xtb: 6.7.1 (edcfbbe)
C           -1.01404049918310       -0.48415781989650       -0.32573240363285
C            0.13855385192898        0.30646905064568        0.27094849575849
C            1.47338162651386       -0.06423891639919       -0.35269199883138
O            1.78572338663176       -1.40819248703686        0.03888892458393
O           -0.04170761143077        1.71057398899464        0.03189841661504
O           -2.27227890155732       -0.05664024835336        0.22428679487960
H           -0.86155604579776       -1.55809497565042       -0.16202618224781
H           -1.07111586416681       -0.29387114905008       -1.40318127204443
H            0.18365983034638        0.11304451206450        1.35583548059574
H            2.23981633185566        0.63589211095852        0.00651910734113
H            1.40817925989942        0.02080440399945       -1.44730785453083
H            2.64043384458858       -1.63059047844923       -0.35004283895047
H           -0.96386577045496        1.90597552933359        0.25101241640305
H           -2.28568808745395       -0.32103500647551        1.15389581838461
